This file contains any messages produced by compilers while
running configure, to aid debugging if configure makes a mistake.

It was created by configure, which was
generated by GNU Autoconf 2.57.  Invocation command line was

  $ ./configure --host=mipsel-linux CC=mipsel-linux-uclibc-gcc CFLAGS=-Os -funit-at-a-time -mips32 -mtune=mips32 -pipe --libdir=/opt/openwrt/lib/ --includedir=/opt/openwrt/include/ --disable-libutil --disable-shared --disable-threads

## --------- ##
## Platform. ##
## --------- ##

hostname = colinux
uname -m = i686
uname -r = 2.6.10-co-0.6.2
uname -s = Linux
uname -v = #5 Sat Feb 5 10:19:16 IST 2005

/usr/bin/uname -p = unknown
/bin/uname -X     = unknown

/bin/arch              = i686
/usr/bin/arch -k       = unknown
/usr/convex/getsysinfo = unknown
hostinfo               = unknown
/bin/machine           = unknown
/usr/bin/oslevel       = unknown
/bin/universe          = unknown

PATH: /home/openwrt/workspace/toolchains/4.1.0-uclibc-0.9.28/bin/
PATH: /usr/local/sbin
PATH: /usr/local/bin
PATH: /usr/sbin
PATH: /usr/bin
PATH: /sbin
PATH: /bin
PATH: /usr/bin/X11


## ----------- ##
## Core tests. ##
## ----------- ##

configure:1304: checking for a BSD-compatible install
configure:1358: result: /usr/bin/install -c
configure:1369: checking whether build environment is sane
configure:1412: result: yes
configure:1445: checking for gawk
configure:1474: result: no
configure:1445: checking for mawk
configure:1461: found /usr/bin/mawk
configure:1471: result: mawk
configure:1481: checking whether make sets $(MAKE)
configure:1501: result: yes
configure:1561: checking for mipsel-linux-strip
configure:1577: found /home/openwrt/workspace/toolchains/4.1.0-uclibc-0.9.28/bin//mipsel-linux-strip
configure:1587: result: mipsel-linux-strip
configure:1663: checking for mipsel-linux-gcc
configure:1689: result: mipsel-linux-uclibc-gcc
configure:1971: checking for C compiler version
configure:1974: mipsel-linux-uclibc-gcc --version </dev/null >&5
mipsel-linux-uclibc-gcc (GCC) 4.1.0
Copyright (C) 2006 Free Software Foundation, Inc.
This is free software; see the source for copying conditions.  There is NO
warranty; not even for MERCHANTABILITY or FITNESS FOR A PARTICULAR PURPOSE.

configure:1977: $? = 0
configure:1979: mipsel-linux-uclibc-gcc -v </dev/null >&5
Using built-in specs.
Target: mipsel-linux-uclibc
Configured with: /home/openwrt/trunk/openwrt/toolchain_build_mipsel/gcc-4.1.0/configure --prefix=/home/openwrt/trunk/openwrt/staging_dir_mipsel --build=i386-pc-linux-gnu --host=i386-pc-linux-gnu --target=mipsel-linux-uclibc --enable-languages=c,c++ --enable-shared --disable-__cxa_atexit --enable-target-optspace --with-gnu-ld --disable-nls
Thread model: posix
gcc version 4.1.0
configure:1982: $? = 0
configure:1984: mipsel-linux-uclibc-gcc -V </dev/null >&5
mipsel-linux-uclibc-gcc: '-V' option must have argument
configure:1987: $? = 1
configure:2011: checking for C compiler default output
configure:2014: mipsel-linux-uclibc-gcc -O3   conftest.c  >&5
configure:2017: $? = 0
configure:2063: result: a.out
configure:2068: checking whether the C compiler works
configure:2074: ./a.out
./configure: line 2075: ./a.out: cannot execute binary file
configure:2077: $? = 126
configure:2094: result: yes
configure:2101: checking whether we are cross compiling
configure:2103: result: yes
configure:2106: checking for suffix of executables
configure:2108: mipsel-linux-uclibc-gcc -o conftest -O3   conftest.c  >&5
configure:2111: $? = 0
configure:2136: result: 
configure:2142: checking for suffix of object files
configure:2164: mipsel-linux-uclibc-gcc -c -O3  conftest.c >&5
configure:2167: $? = 0
configure:2189: result: o
configure:2193: checking whether we are using the GNU C compiler
configure:2218: mipsel-linux-uclibc-gcc -c -O3  conftest.c >&5
configure:2221: $? = 0
configure:2224: test -s conftest.o
configure:2227: $? = 0
configure:2240: result: yes
configure:2246: checking whether mipsel-linux-uclibc-gcc accepts -g
configure:2268: mipsel-linux-uclibc-gcc -c -g  conftest.c >&5
configure:2271: $? = 0
configure:2274: test -s conftest.o
configure:2277: $? = 0
configure:2288: result: yes
configure:2305: checking for mipsel-linux-uclibc-gcc option to accept ANSI C
configure:2366: mipsel-linux-uclibc-gcc  -c -O3  conftest.c >&5
configure:2369: $? = 0
configure:2372: test -s conftest.o
configure:2375: $? = 0
configure:2393: result: none needed
configure:2411: mipsel-linux-uclibc-gcc -c -O3  conftest.c >&5
conftest.c:2: error: expected '=', ',', ';', 'asm' or '__attribute__' before 'me'
configure:2414: $? = 1
configure: failed program was:
| #ifndef __cplusplus
|   choke me
| #endif
configure:2542: checking for style of include used by make
configure:2570: result: GNU
configure:2598: checking dependency style of mipsel-linux-uclibc-gcc
configure:2660: result: gcc3
configure:2673: checking how to run the C preprocessor
configure:2709: mipsel-linux-uclibc-gcc -E  conftest.c
configure:2715: $? = 0
configure:2747: mipsel-linux-uclibc-gcc -E  conftest.c
configure:2748:28: error: ac_nonexistent.h: No such file or directory
configure:2753: $? = 1
configure: failed program was:
| #line 2738 "configure"
| /* confdefs.h.  */
| 
| #define PACKAGE_NAME ""
| #define PACKAGE_TARNAME ""
| #define PACKAGE_VERSION ""
| #define PACKAGE_STRING ""
| #define PACKAGE_BUGREPORT ""
| #define PACKAGE "frottle"
| #define VERSION "0.2.1"
| /* end confdefs.h.  */
| #include <ac_nonexistent.h>
configure:2791: result: mipsel-linux-uclibc-gcc -E
configure:2816: mipsel-linux-uclibc-gcc -E  conftest.c
configure:2822: $? = 0
configure:2854: mipsel-linux-uclibc-gcc -E  conftest.c
configure:2855:28: error: ac_nonexistent.h: No such file or directory
configure:2860: $? = 1
configure: failed program was:
| #line 2845 "configure"
| /* confdefs.h.  */
| 
| #define PACKAGE_NAME ""
| #define PACKAGE_TARNAME ""
| #define PACKAGE_VERSION ""
| #define PACKAGE_STRING ""
| #define PACKAGE_BUGREPORT ""
| #define PACKAGE "frottle"
| #define VERSION "0.2.1"
| /* end confdefs.h.  */
| #include <ac_nonexistent.h>
configure:2903: checking for egrep
configure:2913: result: grep -E
configure:2918: checking for ANSI C header files
configure:2944: mipsel-linux-uclibc-gcc -c -O3  conftest.c >&5
configure:2947: $? = 0
configure:2950: test -s conftest.o
configure:2953: $? = 0
configure:3068: result: yes
configure:3092: checking for sys/types.h
configure:3109: mipsel-linux-uclibc-gcc -c -O3  conftest.c >&5
configure:3112: $? = 0
configure:3115: test -s conftest.o
configure:3118: $? = 0
configure:3129: result: yes
configure:3092: checking for sys/stat.h
configure:3109: mipsel-linux-uclibc-gcc -c -O3  conftest.c >&5
configure:3112: $? = 0
configure:3115: test -s conftest.o
configure:3118: $? = 0
configure:3129: result: yes
configure:3092: checking for stdlib.h
configure:3109: mipsel-linux-uclibc-gcc -c -O3  conftest.c >&5
configure:3112: $? = 0
configure:3115: test -s conftest.o
configure:3118: $? = 0
configure:3129: result: yes
configure:3092: checking for string.h
configure:3109: mipsel-linux-uclibc-gcc -c -O3  conftest.c >&5
configure:3112: $? = 0
configure:3115: test -s conftest.o
configure:3118: $? = 0
configure:3129: result: yes
configure:3092: checking for memory.h
configure:3109: mipsel-linux-uclibc-gcc -c -O3  conftest.c >&5
configure:3112: $? = 0
configure:3115: test -s conftest.o
configure:3118: $? = 0
configure:3129: result: yes
configure:3092: checking for strings.h
configure:3109: mipsel-linux-uclibc-gcc -c -O3  conftest.c >&5
configure:3112: $? = 0
configure:3115: test -s conftest.o
configure:3118: $? = 0
configure:3129: result: yes
configure:3092: checking for inttypes.h
configure:3109: mipsel-linux-uclibc-gcc -c -O3  conftest.c >&5
configure:3112: $? = 0
configure:3115: test -s conftest.o
configure:3118: $? = 0
configure:3129: result: yes
configure:3092: checking for stdint.h
configure:3109: mipsel-linux-uclibc-gcc -c -O3  conftest.c >&5
configure:3112: $? = 0
configure:3115: test -s conftest.o
configure:3118: $? = 0
configure:3129: result: yes
configure:3092: checking for unistd.h
configure:3109: mipsel-linux-uclibc-gcc -c -O3  conftest.c >&5
configure:3112: $? = 0
configure:3115: test -s conftest.o
configure:3118: $? = 0
configure:3129: result: yes
configure:3156: checking pthread.h usability
configure:3169: mipsel-linux-uclibc-gcc -c -O3  conftest.c >&5
configure:3172: $? = 0
configure:3175: test -s conftest.o
configure:3178: $? = 0
configure:3188: result: yes
configure:3192: checking pthread.h presence
configure:3203: mipsel-linux-uclibc-gcc -E  conftest.c
configure:3209: $? = 0
configure:3228: result: yes
configure:3264: checking for pthread.h
configure:3271: result: yes
configure:3156: checking linux/netfilter.h usability
configure:3169: mipsel-linux-uclibc-gcc -c -O3  conftest.c >&5
configure:3172: $? = 0
configure:3175: test -s conftest.o
configure:3178: $? = 0
configure:3188: result: yes
configure:3192: checking linux/netfilter.h presence
configure:3203: mipsel-linux-uclibc-gcc -E  conftest.c
configure:3209: $? = 0
configure:3228: result: yes
configure:3264: checking for linux/netfilter.h
configure:3271: result: yes
configure:3287: checking for pthread_create in -lpthread
configure:3318: mipsel-linux-uclibc-gcc -o conftest -O3   conftest.c -lpthread   >&5
configure:3321: $? = 0
configure:3324: test -s conftest
configure:3327: $? = 0
configure:3339: result: yes
configure:3351: checking for ipq_create_handle in -lipq
configure:3382: mipsel-linux-uclibc-gcc -o conftest -O3   conftest.c -lipq  -lpthread  >&5
/home/openwrt/workspace/toolchains/4.1.0-uclibc-0.9.28/bin/../lib/gcc/mipsel-linux-uclibc/4.1.0/../../../../mipsel-linux-uclibc/bin/ld: cannot find -lipq
collect2: ld returned 1 exit status
configure:3385: $? = 1
configure: failed program was:
| #line 3358 "configure"
| /* confdefs.h.  */
| 
| #define PACKAGE_NAME ""
| #define PACKAGE_TARNAME ""
| #define PACKAGE_VERSION ""
| #define PACKAGE_STRING ""
| #define PACKAGE_BUGREPORT ""
| #define PACKAGE "frottle"
| #define VERSION "0.2.1"
| #define STDC_HEADERS 1
| #define HAVE_SYS_TYPES_H 1
| #define HAVE_SYS_STAT_H 1
| #define HAVE_STDLIB_H 1
| #define HAVE_STRING_H 1
| #define HAVE_MEMORY_H 1
| #define HAVE_STRINGS_H 1
| #define HAVE_INTTYPES_H 1
| #define HAVE_STDINT_H 1
| #define HAVE_UNISTD_H 1
| #define HAVE_PTHREAD_H 1
| #define HAVE_LINUX_NETFILTER_H 1
| #define HAVE_LIBPTHREAD 1
| /* end confdefs.h.  */
| 
| /* Override any gcc2 internal prototype to avoid an error.  */
| #ifdef __cplusplus
| extern "C"
| #endif
| /* We use char because int might match the return type of a gcc2
|    builtin and then its argument prototype would still apply.  */
| char ipq_create_handle ();
| int
| main ()
| {
| ipq_create_handle ();
|   ;
|   return 0;
| }
configure:3403: result: no
configure:3428: checking for a BSD-compatible install
configure:3482: result: /usr/bin/install -c
configure:3629: creating ./config.status

## ---------------------- ##
## Running config.status. ##
## ---------------------- ##

This file was extended by config.status, which was
generated by GNU Autoconf 2.57.  Invocation command line was

  CONFIG_FILES    = 
  CONFIG_HEADERS  = 
  CONFIG_LINKS    = 
  CONFIG_COMMANDS = 
  $ ./config.status 

on colinux

config.status:640: creating Makefile
config.status:765: executing depfiles commands

## ---------------- ##
## Cache variables. ##
## ---------------- ##

ac_cv_c_compiler_gnu=yes
ac_cv_env_CC_set=set
ac_cv_env_CC_value=mipsel-linux-uclibc-gcc
ac_cv_env_CFLAGS_set=set
ac_cv_env_CFLAGS_value='-Os -funit-at-a-time -mips32 -mtune=mips32 -pipe'
ac_cv_env_CPPFLAGS_set=
ac_cv_env_CPPFLAGS_value=
ac_cv_env_CPP_set=
ac_cv_env_CPP_value=
ac_cv_env_LDFLAGS_set=
ac_cv_env_LDFLAGS_value=
ac_cv_env_build_alias_set=
ac_cv_env_build_alias_value=
ac_cv_env_host_alias_set=set
ac_cv_env_host_alias_value=mipsel-linux
ac_cv_env_target_alias_set=
ac_cv_env_target_alias_value=
ac_cv_exeext=
ac_cv_header_inttypes_h=yes
ac_cv_header_linux_netfilter_h=yes
ac_cv_header_memory_h=yes
ac_cv_header_pthread_h=yes
ac_cv_header_stdc=yes
ac_cv_header_stdint_h=yes
ac_cv_header_stdlib_h=yes
ac_cv_header_string_h=yes
ac_cv_header_strings_h=yes
ac_cv_header_sys_stat_h=yes
ac_cv_header_sys_types_h=yes
ac_cv_header_unistd_h=yes
ac_cv_lib_ipq_ipq_create_handle=no
ac_cv_lib_pthread_pthread_create=yes
ac_cv_objext=o
ac_cv_path_install='/usr/bin/install -c'
ac_cv_prog_AWK=mawk
ac_cv_prog_CC=mipsel-linux-uclibc-gcc
ac_cv_prog_CPP='mipsel-linux-uclibc-gcc -E'
ac_cv_prog_STRIP=mipsel-linux-strip
ac_cv_prog_cc_g=yes
ac_cv_prog_cc_stdc=
ac_cv_prog_egrep='grep -E'
ac_cv_prog_make_make_set=yes
am_cv_CC_dependencies_compiler_type=gcc3

## ----------------- ##
## Output variables. ##
## ----------------- ##

ACLOCAL='${SHELL} /home/openwrt/workspace/DD-WRT/src/router/frottle/missing --run aclocal-1.6'
AMDEPBACKSLASH='\'
AMDEP_FALSE='#'
AMDEP_TRUE=''
AMTAR='${SHELL} /home/openwrt/workspace/DD-WRT/src/router/frottle/missing --run tar'
AUTOCONF='${SHELL} /home/openwrt/workspace/DD-WRT/src/router/frottle/missing --run autoconf'
AUTOHEADER='${SHELL} /home/openwrt/workspace/DD-WRT/src/router/frottle/missing --run autoheader'
AUTOMAKE='${SHELL} /home/openwrt/workspace/DD-WRT/src/router/frottle/missing --run automake-1.6'
AWK='mawk'
CC='mipsel-linux-uclibc-gcc'
CCDEPMODE='depmode=gcc3'
CFLAGS='-O3'
CPP='mipsel-linux-uclibc-gcc -E'
CPPFLAGS=''
DEFS='-DPACKAGE_NAME=\"\" -DPACKAGE_TARNAME=\"\" -DPACKAGE_VERSION=\"\" -DPACKAGE_STRING=\"\" -DPACKAGE_BUGREPORT=\"\" -DPACKAGE=\"frottle\" -DVERSION=\"0.2.1\" -DSTDC_HEADERS=1 -DHAVE_SYS_TYPES_H=1 -DHAVE_SYS_STAT_H=1 -DHAVE_STDLIB_H=1 -DHAVE_STRING_H=1 -DHAVE_MEMORY_H=1 -DHAVE_STRINGS_H=1 -DHAVE_INTTYPES_H=1 -DHAVE_STDINT_H=1 -DHAVE_UNISTD_H=1 -DHAVE_PTHREAD_H=1 -DHAVE_LINUX_NETFILTER_H=1 -DHAVE_LIBPTHREAD=1 '
DEPDIR='.deps'
ECHO_C=''
ECHO_N='-n'
ECHO_T=''
EGREP='grep -E'
EXEEXT=''
INSTALL_DATA='${INSTALL} -m 644'
INSTALL_PROGRAM='${INSTALL}'
INSTALL_SCRIPT='${INSTALL}'
INSTALL_STRIP_PROGRAM='${SHELL} $(install_sh) -c -s'
LDFLAGS=''
LIBOBJS=''
LIBS='-lpthread '
LTLIBOBJS=''
MAKEINFO='${SHELL} /home/openwrt/workspace/DD-WRT/src/router/frottle/missing --run makeinfo'
OBJEXT='o'
PACKAGE='frottle'
PACKAGE_BUGREPORT=''
PACKAGE_NAME=''
PACKAGE_STRING=''
PACKAGE_TARNAME=''
PACKAGE_VERSION=''
PATH_SEPARATOR=':'
SET_MAKE=''
SHELL='/bin/sh'
STRIP='mipsel-linux-strip'
VERSION='0.2.1'
ac_ct_CC=''
ac_ct_STRIP=''
am__include='include'
am__quote=''
bindir='${exec_prefix}/bin'
build_alias=''
datadir='${prefix}/share'
exec_prefix='${prefix}'
host_alias='mipsel-linux'
includedir='/opt/openwrt/include/'
infodir='${prefix}/info'
install_sh='/home/openwrt/workspace/DD-WRT/src/router/frottle/install-sh'
libdir='/opt/openwrt/lib/'
libexecdir='${exec_prefix}/libexec'
localstatedir='${prefix}/var'
mandir='${prefix}/man'
oldincludedir='/usr/include'
prefix='/usr/local'
program_transform_name='s,x,x,'
sbindir='${exec_prefix}/sbin'
sharedstatedir='${prefix}/com'
sysconfdir='${prefix}/etc'
target_alias=''

## ----------- ##
## confdefs.h. ##
## ----------- ##

#define HAVE_INTTYPES_H 1
#define HAVE_LIBPTHREAD 1
#define HAVE_LINUX_NETFILTER_H 1
#define HAVE_MEMORY_H 1
#define HAVE_PTHREAD_H 1
#define HAVE_STDINT_H 1
#define HAVE_STDLIB_H 1
#define HAVE_STRINGS_H 1
#define HAVE_STRING_H 1
#define HAVE_SYS_STAT_H 1
#define HAVE_SYS_TYPES_H 1
#define HAVE_UNISTD_H 1
#define PACKAGE "frottle"
#define PACKAGE_BUGREPORT ""
#define PACKAGE_NAME ""
#define PACKAGE_STRING ""
#define PACKAGE_TARNAME ""
#define PACKAGE_VERSION ""
#define STDC_HEADERS 1
#define VERSION "0.2.1"

configure: exit 0
