This is TeX, Version 3.14159 (Web2C 7.3.7) (format=cslatex 2003.11.29)  21 FEB 2005 11:17
(/usr/share/texmf/web2c/il2-cs.tcx)
**bird.tex
(./bird.tex
LaTeX2e <2001/06/01>
Loading CZ hyphenation patterns: Pavel Sevecek, v3, 1995
Loading SK hyphenation patterns: Jana Chlebikova, 1992
(/usr/share/texmf/tex/latex/base/book.cls
Document Class: book 2001/04/21 v1.4e Standard LaTeX document class
(/usr/share/texmf/tex/latex/base/bk10.clo
File: bk10.clo 2001/04/21 v1.4e Standard LaTeX file (size option)
)
\c@part=\count79
\c@chapter=\count80
\c@section=\count81
\c@subsection=\count82
\c@subsubsection=\count83
\c@paragraph=\count84
\c@subparagraph=\count85
\c@figure=\count86
\c@table=\count87
\abovecaptionskip=\skip41
\belowcaptionskip=\skip42
\bibindent=\dimen102
)

! LaTeX Error: File `birddoc.sty' not found.

Type X to quit or <RETURN> to proceed,
or enter new name. (Default extension: sty)

Enter file name: 
(/usr/share/texmf/tex/latex/misc/qwertz.sty
\c@definition=\count88
\c@proposition=\count89
\c@lemma=\count90
\c@corollary=\count91
\c@theorem=\count92
)
(/usr/share/texmf/tex/latex/latex2html/url.sty
Package: url 1999/03/02  ver 1.4  Verb mode for urls, email addresses, and file
 names
)
(/usr/share/texmf/tex/latex/base/inputenc.sty
Package: inputenc 2001/07/10 v0.99a Input encoding file 

(/usr/share/texmf/tex/latex/base/latin1.def
File: latin1.def 2001/07/10 v0.99a Input encoding file 
))
(/usr/share/texmf/tex/latex/graphics/epsfig.sty
Package: epsfig 1999/02/16 v1.7a (e)psfig emulation (SPQR)

(/usr/share/texmf/tex/latex/graphics/graphicx.sty
Package: graphicx 1999/02/16 v1.0f Enhanced LaTeX Graphics (DPC,SPQR)

(/usr/share/texmf/tex/latex/graphics/keyval.sty
Package: keyval 1999/03/16 v1.13 key=value parser (DPC)
\KV@toks@=\toks16
)
(/usr/share/texmf/tex/latex/graphics/graphics.sty
Package: graphics 2001/07/07 v1.0n Standard LaTeX Graphics (DPC,SPQR)

(/usr/share/texmf/tex/latex/graphics/trig.sty
Package: trig 1999/03/16 v1.09 sin cos tan (DPC)
)
(/usr/share/texmf/tex/latex/config/graphics.cfg
File: graphics.cfg 2001/08/31 v1.1 graphics configuration of teTeX/TeXLive
)
Package graphics Info: Driver file: dvips.def on input line 80.

(/usr/share/texmf/tex/latex/graphics/dvips.def
File: dvips.def 1999/02/16 v3.0i Driver-dependant file (DPC,SPQR)
))
\Gin@req@height=\dimen103
\Gin@req@width=\dimen104
)
\epsfxsize=\dimen105
\epsfysize=\dimen106
)
(/usr/share/texmf/tex/latex/misc/null.sty)
! Undefined control sequence.
l.14 \abstract
              {This document contains user documentation for the BIRD Intern...

? 

! LaTeX Error: Missing \begin{document}.

See the LaTeX manual or LaTeX Companion for explanation.
Type  H <return>  for immediate help.
 ...                                              
                                                  
l.14 \abstract{T
                his document contains user documentation for the BIRD Intern...

? 
(./bird.aux)
\openout1 = `bird.aux'.

LaTeX Font Info:    Checking defaults for OML/cmm/m/it on input line 17.
LaTeX Font Info:    ... okay on input line 17.
LaTeX Font Info:    Checking defaults for T1/cmr/m/n on input line 17.
LaTeX Font Info:    ... okay on input line 17.
LaTeX Font Info:    Checking defaults for OT1/cmr/m/n on input line 17.
LaTeX Font Info:    ... okay on input line 17.
LaTeX Font Info:    Checking defaults for IL2/cmr/m/n on input line 17.
LaTeX Font Info:    ... okay on input line 17.
LaTeX Font Info:    Checking defaults for OMS/cmsy/m/n on input line 17.
LaTeX Font Info:    ... okay on input line 17.
LaTeX Font Info:    Checking defaults for OMX/cmex/m/n on input line 17.
LaTeX Font Info:    ... okay on input line 17.
LaTeX Font Info:    Checking defaults for U/cmr/m/n on input line 17.
LaTeX Font Info:    ... okay on input line 17.
 [1

] [2

]
LaTeX Font Info:    External font `cmex10' loaded for size
(Font)              <12> on input line 18.
LaTeX Font Info:    External font `cmex10' loaded for size
(Font)              <8> on input line 18.
LaTeX Font Info:    External font `cmex10' loaded for size
(Font)              <6> on input line 18.

Overfull \hbox (161.61433pt too wide) in paragraph at lines 18--18
 [][] 
 []

[1] (./bird.toc
LaTeX Font Info:    External font `cmex10' loaded for size
(Font)              <7> on input line 2.
LaTeX Font Info:    External font `cmex10' loaded for size
(Font)              <5> on input line 2.
 [2

])
\tf@toc=\write3
\openout3 = `bird.toc'.

 [3]
Chapter 1.
! Undefined control sequence.
l.55 ...mons: routed (RIP only), GateD\onlynameurl
                                                  {}
? 
! Undefined control sequence.
l.56 (non-free), Zebra\onlynameurl
                                  {} and MRTD\onlynameurl{}, but their capab...

? 
! Undefined control sequence.
l.56 ..., Zebra\onlynameurl{} and MRTD\onlynameurl
                                                  {}, but their capabilities...

? 
[4

]
LaTeX Font Info:    Try loading font information for OMS+cmr on input line 67.
 (/usr/share/texmf/tex/latex/base/omscmr.fd
File: omscmr.fd 1999/05/25 v2.5h Standard LaTeX font definitions
)
LaTeX Font Info:    Font shape `OMS/cmr/m/n' in size <10> not available
(Font)              Font shape `OMS/cmsy/m/n' tried instead on input line 67.

! Undefined control sequence.
l.104 \goodbreak{\birdnarrow
                            
? 
LaTeX Font Info:    Font shape `OT1/cmtt/bx/n' in size <10> not available
(Font)              Font shape `OT1/cmtt/m/n' tried instead on input line 132.
[5] [6]
Chapter 2.
[7

]
Chapter 3.
! Undefined control sequence.
l.229 \goodbreak{\birdnarrow
                            
? 

Overfull \hbox (22.4968pt too wide) in paragraph at lines 245--245
[]        \OT1/cmtt/m/n/10 persist;                # Don't remove routes on BIR
D shutdown[] 
 []


Overfull \hbox (53.99652pt too wide) in paragraph at lines 245--245
[]        \OT1/cmtt/m/n/10 scan time 20;           # Scan kernel routing table 
every 20 seconds[] 
 []


Overfull \hbox (1.49698pt too wide) in paragraph at lines 245--245
[]        \OT1/cmtt/m/n/10 scan time 10;           # Scan interfaces every 10 s
econds[] 
 []

[8

]
Overfull \hbox (74.55212pt too wide) in paragraph at lines 270--272
[]
 []


Underfull \hbox (badness 10000) in paragraph at lines 270--272

 []

[9]
Overfull \hbox (22.05258pt too wide) in paragraph at lines 356--367
[]
 []


Underfull \hbox (badness 10000) in paragraph at lines 356--367

 []


Overfull \hbox (75.86964pt too wide) in paragraph at lines 370--372
[]
 []


Underfull \hbox (badness 10000) in paragraph at lines 370--372

 []


Overfull \hbox (67.42928pt too wide) in paragraph at lines 393--397
[]
 []


Underfull \hbox (badness 10000) in paragraph at lines 393--397

 []

[10] [11]
Chapter 4.

Overfull \hbox (17.91374pt too wide) in paragraph at lines 436--438
[]
 []


Underfull \hbox (badness 10000) in paragraph at lines 436--438

 []

[12

]
Overfull \hbox (128.1134pt too wide) in paragraph at lines 471--475
[]
 []


Underfull \hbox (badness 10000) in paragraph at lines 471--475

 []


Overfull \hbox (62.91963pt too wide) in paragraph at lines 516--518
[]
 []


Underfull \hbox (badness 10000) in paragraph at lines 516--518

 []

[13]
Chapter 5.
! Undefined control sequence.
l.543 \goodbreak{\birdnarrow
                            
? 
[14

]
! Undefined control sequence.
l.579 \goodbreak{\birdnarrow
                            
? 
! Undefined control sequence.
l.617 \goodbreak{\birdnarrow
                            
? 
[15] [16]
! Undefined control sequence.
l.772 \goodbreak{\birdnarrow
                            
? 

Overfull \hbox (1.49698pt too wide) in paragraph at lines 784--784
[]        \OT1/cmtt/m/n/10 2: print "two"; print "I can do more commands withou
t {}";[] 
 []

[17]
Underfull \hbox (badness 2790) in paragraph at lines 824--826
\OT1/cmr/m/n/10 what pro-to-col has told me about this route. Pos-si-ble val-ue
s:
 []


Underfull \hbox (badness 10000) in paragraph at lines 829--831
\OT1/cmr/m/n/10 Route type (\OT1/cmtt/m/n/10 RTC[]UNICAST \OT1/cmr/m/n/10 for n
or-mal routes, \OT1/cmtt/m/n/10 RTC[]BROADCAST\OT1/cmr/m/n/10 ,
 []


Underfull \hbox (badness 1902) in paragraph at lines 829--831
\OT1/cmtt/m/n/10 RTC[]MULTICAST\OT1/cmr/m/n/10 , \OT1/cmtt/m/n/10 RTC[]ANYCAST 
\OT1/cmr/m/n/10 for broad-cast, mul-ti-cast and any-cast
 []

[18] [19]
Chapter 6.
! Undefined control sequence.
l.913 RFC 1771\onlynameurl
                          {}
? 
! Undefined control sequence.
l.915 latest draft\onlynameurl
                              {}.
? 
! Undefined control sequence.
l.917 RFC 1997\onlynameurl
                          {},
? 
! Undefined control sequence.
l.919 RFC 2842\onlynameurl
                          {}.
? 
! Undefined control sequence.
l.921 RFC 2283\onlynameurl
                          {}
? 
! Undefined control sequence.
l.923 latest draft\onlynameurl
                              {}
? 
! Undefined control sequence.
l.925 RFC 2545\onlynameurl
                          {}.
? 
[20

] [21] [22]
! Undefined control sequence.
l.1155 \goodbreak{\birdnarrow
                             
? 

Overfull \hbox (22.4968pt too wide) in paragraph at lines 1176--1176
[]        \OT1/cmtt/m/n/10 local as 65000;                      # Use a private
 AS number[] 
 []


Overfull \hbox (74.99634pt too wide) in paragraph at lines 1176--1176
[]        \OT1/cmtt/m/n/10 multihop 20 via 62.168.0.13;         # ... which is 
connected indirectly[] 
 []


Overfull \hbox (64.49643pt too wide) in paragraph at lines 1176--1176
[]        \OT1/cmtt/m/n/10 export filter {                      # We use non-tr
ivial export rules[] 
 []


Overfull \hbox (38.24666pt too wide) in paragraph at lines 1176--1176
[]                \OT1/cmtt/m/n/10 if source = RTS_STATIC then { # Export only 
static routes[] 
 []

[23]
Overfull \hbox (48.74657pt too wide) in paragraph at lines 1176--1176
[]        \OT1/cmtt/m/n/10 source address 62.168.0.1;      # Use a non-standard
 source address[] 
 []

! Undefined control sequence.
l.1220 \goodbreak{\birdnarrow
                             
? 
! Undefined control sequence.
l.1274 \goodbreak{\birdnarrow
                             
? 
[24]
! Undefined control sequence.
l.1342 \goodbreak{\birdnarrow
                             
? 
! Undefined control sequence.
l.1359 \goodbreak{\birdnarrow
                             
? 

Overfull \hbox (11.99689pt too wide) in paragraph at lines 1374--1374
[]        \OT1/cmtt/m/n/10 learn;                  # Learn alien routes from th
e kernel[] 
 []


Overfull \hbox (22.4968pt too wide) in paragraph at lines 1374--1374
[]        \OT1/cmtt/m/n/10 persist;                # Don't remove routes on bir
d shutdown[] 
 []


Overfull \hbox (53.99652pt too wide) in paragraph at lines 1374--1374
[]        \OT1/cmtt/m/n/10 scan time 10;           # Scan kernel routing table 
every 10 seconds[] 
 []

[25]
! Undefined control sequence.
l.1387 ...PFv2) is defined in RFC 2328\onlynameurl
                                                  {}. It's a link
? 
[26]
! Undefined control sequence.
l.1437 \goodbreak{\birdnarrow
                             
? 

Overfull \hbox (1.49698pt too wide) in paragraph at lines 1489--1489
[]                        \OT1/cmtt/m/n/10 type [broadcast|nonbroadcast|pointop
oint];[] 
 []

[27]
! Undefined control sequence.
l.1496 calculation with RFC 1583\onlynameurl
                                            {}. Default
? 
[28] [29]
! Undefined control sequence.
l.1711 \goodbreak{\birdnarrow
                             
? 
[30]
Overfull \hbox (32.9967pt too wide) in paragraph at lines 1775--1775
[]                                        \OT1/cmtt/m/n/10 generate to 22-04-20
03 11:00:06;[] 
 []


Overfull \hbox (32.9967pt too wide) in paragraph at lines 1775--1775
[]                                        \OT1/cmtt/m/n/10 accept from 17-01-20
01 12:01:05;[] 
 []


Overfull \hbox (32.9967pt too wide) in paragraph at lines 1775--1775
[]                                        \OT1/cmtt/m/n/10 generate to 22-07-20
05 17:03:21;[] 
 []


Overfull \hbox (32.9967pt too wide) in paragraph at lines 1775--1775
[]                                        \OT1/cmtt/m/n/10 accept from 22-02-20
01 11:34:06;[] 
 []


Underfull \vbox (badness 10000) has occurred while \output is active []

 [31]
! Undefined control sequence.
l.1849 \goodbreak{\birdnarrow
                             
? 

Overfull \hbox (43.49661pt too wide) in paragraph at lines 1900--1900
[]\OT1/cmtt/m/n/10 protocol kernel kern1 {                 # Synchronize them w
ith the kernel[] 
 []

[32]
Overfull \hbox (6.74693pt too wide) in paragraph at lines 1900--1900
[]                \OT1/cmtt/m/n/10 if net ~ [ 1.0.0.0/8+] then {   # Only AS1 n
etworks[] 
 []


Overfull \hbox (38.24666pt too wide) in paragraph at lines 1900--1900
[]                        \OT1/cmtt/m/n/10 if preference>10 then preference = p
reference-10;[] 
 []


Overfull \hbox (6.74693pt too wide) in paragraph at lines 1900--1900
[]                        \OT1/cmtt/m/n/10 if source=RTS_BGP then bgp_path.prep
end(1);[] 
 []


Overfull \hbox (6.74693pt too wide) in paragraph at lines 1900--1900
[]                \OT1/cmtt/m/n/10 if net ~ [ 2.0.0.0/8+] then {   # Only AS2 n
etworks[] 
 []


Overfull \hbox (38.24666pt too wide) in paragraph at lines 1900--1900
[]                        \OT1/cmtt/m/n/10 if preference>10 then preference = p
reference-10;[] 
 []


Overfull \hbox (6.74693pt too wide) in paragraph at lines 1900--1900
[]                        \OT1/cmtt/m/n/10 if source=RTS_BGP then bgp_path.prep
end(2);[] 
 []

! Undefined control sequence.
l.1919 ... can read more about RIP at \onlynameurl
                                                  {http://www.ietf.org/html....

? 
! Undefined control sequence.
l.1920 (RFC 1723\onlynameurl
                            {})
? 
! Undefined control sequence.
l.1921 and IPv6 (RFC 2080\onlynameurl
                                     {}) versions of RIP are supported by BI...

? 
! Undefined control sequence.
l.1921 ..., historical RIPv1 (RFC 1058\onlynameurl
                                                  {})is
? 
! Undefined control sequence.
l.1922 ...md5 authentication (RFC 2082\onlynameurl
                                                  {}) is supported.
? 

Underfull \vbox (badness 10000) has occurred while \output is active []

 [33]
Underfull \hbox (badness 10000) in paragraph at lines 1960--1967
[]\OT1/cmr/m/n/10 There are two op-tions that can be spec-i-fied per-
 []


Underfull \hbox (badness 5681) in paragraph at lines 1960--1967
\OT1/cmr/m/n/10 interface. First is \OT1/cmtt/m/n/10 metric\OT1/cmr/m/n/10 , wi
th de-fault one. Sec-ond is \OT1/cmtt/m/n/10 mode
 []


Underfull \hbox (badness 3029) in paragraph at lines 1960--1967
\OT1/cmtt/m/n/10 multicast$\OMS/cmsy/m/n/10 j$\OT1/cmtt/m/n/10 broadcast$\OMS/c
msy/m/n/10 j$\OT1/cmtt/m/n/10 quiet$\OMS/cmsy/m/n/10 j$\OT1/cmtt/m/n/10 noliste
n$\OMS/cmsy/m/n/10 j$\OT1/cmtt/m/n/10 version1\OT1/cmr/m/n/10 , it se-lects mod
e for rip
 []

[34]
! Undefined control sequence.
l.2035 \goodbreak{\birdnarrow
                             
? 
[35]
! Undefined control sequence.
l.2114 \goodbreak{\birdnarrow
                             
? 

Overfull \hbox (80.24629pt too wide) in paragraph at lines 2122--2122
[]        \OT1/cmtt/m/n/10 table testable;                  # Connect to a non-
default routing table[] 
 []

[36]
Chapter 7.
! Undefined control sequence.
l.2155 (\onlynameurl
                    {bird-users@bird.network.cz})
? 
! Undefined control sequence.
l.2159 (\onlynameurl
                    {majordomo@bird.network.cz}).
? 
! Undefined control sequence.
l.2160 ...age of BIRD can be found at \onlynameurl
                                                  {http://bird.network.cz/}.
? 
! Undefined control sequence.
l.2167 ...atest version (available at \onlynameurl
                                                  {bird.network.cz:/pub/bird...

? 
! Undefined control sequence.
l.2173 ...ding. You can get them from \onlynameurl
                                                  {ftp.rfc-editor.org} (or a...

? 
! Undefined control sequence.
l.2173 ... nicely sorted version from \onlynameurl
                                                  {atrey.karlin.mff.cuni.cz:...

? 
[37

] [38] (./bird.aux)

LaTeX Warning: Label(s) may have changed. Rerun to get cross-references right.

 ) 
Here is how much of TeX's memory you used:
 762 strings out of 10719
 8986 string characters out of 69487
 62424 words of memory out of 263001
 3835 multiletter control sequences out of 10000+0
 10321 words of font info for 36 fonts, out of 400000 for 1000
 24 hyphenation exceptions out of 1000
 32i,7n,21p,425b,335s stack positions out of 300i,100n,500p,50000b,4000s

Output written on bird.dvi (40 pages, 99796 bytes).
