This is TeX, Version 3.14159 (Web2C 7.3.7) (format=cslatex 2003.11.29)  21 FEB 2005 11:13
(/usr/share/texmf/web2c/il2-cs.tcx)
**prog.tex
(./prog.tex
LaTeX2e <2001/06/01>
Loading CZ hyphenation patterns: Pavel Sevecek, v3, 1995
Loading SK hyphenation patterns: Jana Chlebikova, 1992
(/usr/share/texmf/tex/latex/base/book.cls
Document Class: book 2001/04/21 v1.4e Standard LaTeX document class
(/usr/share/texmf/tex/latex/base/bk10.clo
File: bk10.clo 2001/04/21 v1.4e Standard LaTeX file (size option)
)
\c@part=\count79
\c@chapter=\count80
\c@section=\count81
\c@subsection=\count82
\c@subsubsection=\count83
\c@paragraph=\count84
\c@subparagraph=\count85
\c@figure=\count86
\c@table=\count87
\abovecaptionskip=\skip41
\belowcaptionskip=\skip42
\bibindent=\dimen102
)

! LaTeX Error: File `birddoc.sty' not found.

Type X to quit or <RETURN> to proceed,
or enter new name. (Default extension: sty)

Enter file name: /home/feela/src/bird/doc/tex/birddoc.sty
(/home/feela/src/bird/doc/tex/birddoc.sty
Package: birddoc 
)
(/usr/share/texmf/tex/latex/misc/qwertz.sty
\c@definition=\count88
\c@proposition=\count89
\c@lemma=\count90
\c@corollary=\count91
\c@theorem=\count92
)
(/usr/share/texmf/tex/latex/latex2html/url.sty
Package: url 1999/03/02  ver 1.4  Verb mode for urls, email addresses, and file
 names
)
(/usr/share/texmf/tex/latex/base/inputenc.sty
Package: inputenc 2001/07/10 v0.99a Input encoding file 

(/usr/share/texmf/tex/latex/base/latin1.def
File: latin1.def 2001/07/10 v0.99a Input encoding file 
))
(/usr/share/texmf/tex/latex/graphics/epsfig.sty
Package: epsfig 1999/02/16 v1.7a (e)psfig emulation (SPQR)

(/usr/share/texmf/tex/latex/graphics/graphicx.sty
Package: graphicx 1999/02/16 v1.0f Enhanced LaTeX Graphics (DPC,SPQR)

(/usr/share/texmf/tex/latex/graphics/keyval.sty
Package: keyval 1999/03/16 v1.13 key=value parser (DPC)
\KV@toks@=\toks16
)
(/usr/share/texmf/tex/latex/graphics/graphics.sty
Package: graphics 2001/07/07 v1.0n Standard LaTeX Graphics (DPC,SPQR)

(/usr/share/texmf/tex/latex/graphics/trig.sty
Package: trig 1999/03/16 v1.09 sin cos tan (DPC)
)
(/usr/share/texmf/tex/latex/config/graphics.cfg
File: graphics.cfg 2001/08/31 v1.1 graphics configuration of teTeX/TeXLive
)
Package graphics Info: Driver file: dvips.def on input line 80.

(/usr/share/texmf/tex/latex/graphics/dvips.def
File: dvips.def 1999/02/16 v3.0i Driver-dependant file (DPC,SPQR)
))
\Gin@req@height=\dimen103
\Gin@req@width=\dimen104
)
\epsfxsize=\dimen105
\epsfysize=\dimen106
)
(/usr/share/texmf/tex/latex/misc/null.sty) (./prog.aux)
\openout1 = `prog.aux'.

LaTeX Font Info:    Checking defaults for OML/cmm/m/it on input line 18.
LaTeX Font Info:    ... okay on input line 18.
LaTeX Font Info:    Checking defaults for T1/cmr/m/n on input line 18.
LaTeX Font Info:    ... okay on input line 18.
LaTeX Font Info:    Checking defaults for OT1/cmr/m/n on input line 18.
LaTeX Font Info:    ... okay on input line 18.
LaTeX Font Info:    Checking defaults for IL2/cmr/m/n on input line 18.
LaTeX Font Info:    ... okay on input line 18.
LaTeX Font Info:    Checking defaults for OMS/cmsy/m/n on input line 18.
LaTeX Font Info:    ... okay on input line 18.
LaTeX Font Info:    Checking defaults for OMX/cmex/m/n on input line 18.
LaTeX Font Info:    ... okay on input line 18.
LaTeX Font Info:    Checking defaults for U/cmr/m/n on input line 18.
LaTeX Font Info:    ... okay on input line 18.
LaTeX Font Info:    External font `cmex10' loaded for size
(Font)              <7> on input line 19.
LaTeX Font Info:    External font `cmex10' loaded for size
(Font)              <5> on input line 19.

Underfull \hbox (badness 10000) in paragraph at lines 19--19

 []

[1

] (./prog.toc [2

])
\tf@toc=\write3
\openout3 = `prog.toc'.

 [3]
Chapter 1.
LaTeX Font Info:    Try loading font information for OMS+cmr on input line 56.
(/usr/share/texmf/tex/latex/base/omscmr.fd
File: omscmr.fd 1999/05/25 v2.5h Standard LaTeX font definitions
)
LaTeX Font Info:    Font shape `OMS/cmr/m/n' in size <10> not available
(Font)              Font shape `OMS/cmsy/m/n' tried instead on input line 56.
 [4

] [5] [6]
Chapter 2.
[7

] [8] [9] [10] [11] [12] [13] [14] [15] [16] [17]
LaTeX Font Info:    Font shape `OT1/cmtt/bx/n' in size <10> not available
(Font)              Font shape `OT1/cmtt/m/n' tried instead on input line 1451.

 [18] [19] [20] [21]
[22] [23] [24] [25] [26] [27] [28] [29] [30] [31] [32] [33]
Chapter 3.
[34

] [35] [36] [37]
Chapter 4.
[38

] [39] [40]
Chapter 5.
[41

] [42] [43] [44] [45] [46] [47] [48] [49] [50] [51]
Chapter 6.
[52

] [53]
Chapter 7.
[54

] [55] [56] [57] [58] [59] [60] [61] [62] [63]
Chapter 8.
[64

] [65] [66] [67] [68] [69] [70] [71] [72] [73] (./prog.aux) ) 
Here is how much of TeX's memory you used:
 763 strings out of 10719
 8969 string characters out of 69487
 60652 words of memory out of 263001
 3841 multiletter control sequences out of 10000+0
 6889 words of font info for 25 fonts, out of 400000 for 1000
 24 hyphenation exceptions out of 1000
 32i,6n,21p,252b,273s stack positions out of 300i,100n,500p,50000b,4000s

Output written on prog.dvi (73 pages, 222872 bytes).
