This file contains any messages produced by compilers while
running configure, to aid debugging if configure makes a mistake.

It was created by GD configure 2.1.0, which was
generated by GNU Autoconf 2.67.  Invocation command line was

  $ ./configure --host=mipsel-linux-uclibc --without-xpm --without-x --without-tiff --without-freetype --without-fontconfig --without-x --disable-shared --enable-static --with-zlib CC=mipsel-linux-uclibc-gcc CFLAGS=-fPIC -DNEED_PRINTF -Os -pipe -mips32r2 -mtune=74kc -mdspr2 -fno-caller-saves  -msoft-float  -mno-branch-likely -minterlink-mips16 -mips16 -I/home/bluebat/DEV/src/router/zlib LDFLAGS=-L/home/bluebat/DEV/src/router/zlib -L/home/bluebat/DEV/src/router/libgd/libpng/.libs

## --------- ##
## Platform. ##
## --------- ##

hostname = linux-vm-os64.site
uname -m = x86_64
uname -r = 3.7.10-1.16-desktop
uname -s = Linux
uname -v = #1 SMP PREEMPT Fri May 31 20:21:23 UTC 2013 (97c14ba)

/usr/bin/uname -p = x86_64
/bin/uname -X     = unknown

/bin/arch              = x86_64
/usr/bin/arch -k       = unknown
/usr/convex/getsysinfo = unknown
/usr/bin/hostinfo      = unknown
/bin/machine           = unknown
/usr/bin/oslevel       = unknown
/bin/universe          = unknown

PATH: /home/bluebat/Dev/Toolchain/toolchain-mipsel_r2_gcc-4.7-linaro_uClibc-0.9.33.2/bin
PATH: /usr/local/bin
PATH: /usr/bin
PATH: /bin
PATH: /usr/bin/X11
PATH: /usr/X11R6/bin
PATH: /usr/games


## ----------- ##
## Core tests. ##
## ----------- ##

configure:2326: loading site script /usr/share/site/x86_64-unknown-linux-gnu
| #!/bin/sh
| # Site script for configure. It is resourced via $CONFIG_SITE environment varaible.
| 
| # If user did not specify libdir, guess the correct target:
| # Use lib64 for 64 bit bi-arch targets, keep the default for the rest.
| if test "$libdir" = '${exec_prefix}/lib' ; then
| 
| 	ac_config_site_64bit_host=NONE
| 
| 	case "$host" in
| 	"" )
| 		# User did not specify host target.
| 		# The native platform x86_64 is a bi-arch platform.
| 		# Try to detect cross-compilation to inferior architecture.
| 
| 		# We are trying to guess 32-bit target compilation. It's not as easy as
| 		# it sounds, as there is possible several intermediate combinations.
| 		ac_config_site_cross_to_32bit_host=NONE
| 
| 		# User defined -m32 in CFLAGS or CXXFLAGS:
| 		# (It's sufficient for 32-bit, but alone may cause mis-behavior of some checks.)
| 		case "$CFLAGS" in
| 		*-m32*)
| 			ac_config_site_cross_to_32bit_host=YES
| 			;;
| 		esac
| 		case "$CXXFLAGS" in
| 		*-m32*)
| 			ac_config_site_cross_to_32bit_host=YES
| 			;;
| 		esac
| 
| 		# Running with linux32:
| 		# (Changes detected platform, but not the toolchain target.)
| 		case "`/bin/uname -i`" in
| 		x86_64 | ppc64 | s390x )
| 			;;
| 		* )
| 			ac_config_site_cross_to_32bit_host=YES
| 			;;
| 		esac
| 
| 		if test "x$ac_config_site_cross_to_32bit_host" = xNONE; then
| 			ac_config_site_64bit_host=YES
| 		fi
| 
| 		;;
| 	*x86_64* | *ppc64* | *s390x* )
| 		ac_config_site_64bit_host=YES
| 		;;
| 	esac
| 
| 	if test "x$ac_config_site_64bit_host" = xYES; then
| 		libdir='${exec_prefix}/lib64'
| 	fi
| fi
| 
| # If user did not specify libexecdir, set the correct target:
| # Nor FHS nor openSUSE allow prefix/libexec. Let's default to prefix/lib.
| 
| if test "$libexecdir" = '${exec_prefix}/libexec' ; then
| 	libexecdir='${exec_prefix}/lib'
| fi
| 
| # Continue with the standard behavior of configure defined in AC_SITE_LOAD:
| if test "x$prefix" != xNONE; then
| 	ac_site_file1=$prefix/share/config.site
| 	ac_site_file2=$prefix/etc/config.site
| else
| 	ac_site_file1=$ac_default_prefix/share/config.site
| 	ac_site_file2=$ac_default_prefix/etc/config.site
| fi
| for ac_site_file in "$ac_site_file1" "$ac_site_file2"
| do
| 	test "x$ac_site_file" = xNONE && continue
| 	if test /dev/null != "$ac_site_file" && test -r "$ac_site_file"; then
| 		{ $as_echo "/usr/share/site/x86_64-unknown-linux-gnu:${as_lineno-$LINENO}: loading site script $ac_site_file" >&5
| $as_echo "/usr/share/site/x86_64-unknown-linux-gnu: loading site script $ac_site_file" >&6;}
| 		sed 's/^/| /' "$ac_site_file" >&5
| 		. "$ac_site_file" \
| 			|| { { $as_echo "/usr/share/site/x86_64-unknown-linux-gnu:${as_lineno-$LINENO}: error: in \`$ac_pwd':" >&5
| $as_echo "/usr/share/site/x86_64-unknown-linux-gnu: error: in \`$ac_pwd':" >&2;}
| as_fn_error $? "failed to load site script $ac_site_file
| See \`config.log' for more details" "$LINENO" 5; }
| 	fi
| done
configure:2457: checking build system type
configure:2471: result: x86_64-unknown-linux-gnu
configure:2491: checking host system type
configure:2504: result: mipsel-unknown-linux-uclibc
configure:2566: checking for a BSD-compatible install
configure:2634: result: /usr/bin/install -c
configure:2645: checking whether build environment is sane
configure:2695: result: yes
configure:2744: checking for mipsel-linux-uclibc-strip
configure:2771: result: @true
configure:2836: checking for a thread-safe mkdir -p
configure:2875: result: /usr/bin/mkdir -p
configure:2888: checking for gawk
configure:2904: found /usr/bin/gawk
configure:2915: result: gawk
configure:2926: checking whether make sets $(MAKE)
configure:2948: result: yes
configure:3046: checking for style of include used by make
configure:3074: result: GNU
configure:3104: checking for mipsel-linux-uclibc-gcc
configure:3131: result: mipsel-linux-uclibc-gcc
configure:3400: checking for C compiler version
configure:3409: mipsel-linux-uclibc-gcc --version >&5
mipsel-linux-uclibc-gcc (Linaro GCC 4.7-2012.10) 4.7.3 20121001 (prerelease)
Copyright (C) 2012 Free Software Foundation, Inc.
This is free software; see the source for copying conditions.  There is NO
warranty; not even for MERCHANTABILITY or FITNESS FOR A PARTICULAR PURPOSE.

configure:3420: $? = 0
configure:3409: mipsel-linux-uclibc-gcc -v >&5
Using built-in specs.
COLLECT_GCC=mipsel-linux-uclibc-gcc
COLLECT_LTO_WRAPPER=/home/bluebat/Dev/Toolchain/toolchain-mipsel_r2_gcc-4.7-linaro_uClibc-0.9.33.2/bin/../lib/gcc/mipsel-openwrt-linux-uclibc/4.7.3/lto-wrapper
Target: mipsel-openwrt-linux-uclibc
Configured with: /home/xfs/openwrt/trunk2/trunk/build_dir/toolchain-mipsel_r2_gcc-4.7-linaro_uClibc-0.9.33.2/gcc-linaro-4.7-2012.10/configure --prefix=/home/xfs/openwrt/trunk2/trunk/staging_dir/toolchain-mipsel_r2_gcc-4.7-linaro_uClibc-0.9.33.2 --build=x86_64-suse-linux --host=x86_64-suse-linux --target=mipsel-openwrt-linux-uclibc --with-gnu-ld --enable-target-optspace --disable-libgomp --disable-libmudflap --disable-multilib --disable-nls --with-host-libstdcxx=-lstdc++ --with-float=soft --with-gmp=/home/xfs/openwrt/trunk2/trunk/staging_dir/host --with-mpfr=/home/xfs/openwrt/trunk2/trunk/staging_dir/host --disable-decimal-float --with-mips-plt --disable-libssp --disable-__cxa_atexit --with-headers=/home/xfs/openwrt/trunk2/trunk/staging_dir/toolchain-mipsel_r2_gcc-4.7-linaro_uClibc-0.9.33.2/include --enable-languages=c,c++ --enable-shared --enable-threads --with-slibdir=/home/xfs/openwrt/trunk2/trunk/staging_dir/toolchain-mipsel_r2_gcc-4.7-linaro_uClibc-0.9.33.2/lib --disable-tls
Thread model: posix
gcc version 4.7.3 20121001 (prerelease) (Linaro GCC 4.7-2012.10) 
configure:3420: $? = 0
configure:3409: mipsel-linux-uclibc-gcc -V >&5
mipsel-linux-uclibc-gcc: error: unrecognized command line option '-V'
mipsel-linux-uclibc-gcc: fatal error: no input files
compilation terminated.
configure:3420: $? = 1
configure:3409: mipsel-linux-uclibc-gcc -qversion >&5
mipsel-linux-uclibc-gcc: error: unrecognized command line option '-qversion'
mipsel-linux-uclibc-gcc: fatal error: no input files
compilation terminated.
configure:3420: $? = 1
configure:3440: checking whether the C compiler works
configure:3462: mipsel-linux-uclibc-gcc -fPIC -DNEED_PRINTF -Os -pipe -mips32r2 -mtune=74kc -mdspr2 -fno-caller-saves  -msoft-float  -mno-branch-likely -minterlink-mips16 -mips16 -I/home/bluebat/DEV/src/router/zlib  -L/home/bluebat/DEV/src/router/zlib -L/home/bluebat/DEV/src/router/libgd/libpng/.libs conftest.c  >&5
configure:3466: $? = 0
configure:3514: result: yes
configure:3517: checking for C compiler default output file name
configure:3519: result: a.out
configure:3525: checking for suffix of executables
configure:3532: mipsel-linux-uclibc-gcc -o conftest -fPIC -DNEED_PRINTF -Os -pipe -mips32r2 -mtune=74kc -mdspr2 -fno-caller-saves  -msoft-float  -mno-branch-likely -minterlink-mips16 -mips16 -I/home/bluebat/DEV/src/router/zlib  -L/home/bluebat/DEV/src/router/zlib -L/home/bluebat/DEV/src/router/libgd/libpng/.libs conftest.c  >&5
configure:3536: $? = 0
configure:3558: result: 
configure:3580: checking whether we are cross compiling
configure:3588: mipsel-linux-uclibc-gcc -o conftest -fPIC -DNEED_PRINTF -Os -pipe -mips32r2 -mtune=74kc -mdspr2 -fno-caller-saves  -msoft-float  -mno-branch-likely -minterlink-mips16 -mips16 -I/home/bluebat/DEV/src/router/zlib  -L/home/bluebat/DEV/src/router/zlib -L/home/bluebat/DEV/src/router/libgd/libpng/.libs conftest.c  >&5
configure:3592: $? = 0
configure:3599: ./conftest
./configure: line 3601: ./conftest: cannot execute binary file
configure:3603: $? = 126
configure:3618: result: yes
configure:3623: checking for suffix of object files
configure:3645: mipsel-linux-uclibc-gcc -c -fPIC -DNEED_PRINTF -Os -pipe -mips32r2 -mtune=74kc -mdspr2 -fno-caller-saves  -msoft-float  -mno-branch-likely -minterlink-mips16 -mips16 -I/home/bluebat/DEV/src/router/zlib  conftest.c >&5
configure:3649: $? = 0
configure:3670: result: o
configure:3674: checking whether we are using the GNU C compiler
configure:3693: mipsel-linux-uclibc-gcc -c -fPIC -DNEED_PRINTF -Os -pipe -mips32r2 -mtune=74kc -mdspr2 -fno-caller-saves  -msoft-float  -mno-branch-likely -minterlink-mips16 -mips16 -I/home/bluebat/DEV/src/router/zlib  conftest.c >&5
configure:3693: $? = 0
configure:3702: result: yes
configure:3711: checking whether mipsel-linux-uclibc-gcc accepts -g
configure:3731: mipsel-linux-uclibc-gcc -c -g  conftest.c >&5
configure:3731: $? = 0
configure:3772: result: yes
configure:3789: checking for mipsel-linux-uclibc-gcc option to accept ISO C89
configure:3853: mipsel-linux-uclibc-gcc  -c -fPIC -DNEED_PRINTF -Os -pipe -mips32r2 -mtune=74kc -mdspr2 -fno-caller-saves  -msoft-float  -mno-branch-likely -minterlink-mips16 -mips16 -I/home/bluebat/DEV/src/router/zlib  conftest.c >&5
configure:3853: $? = 0
configure:3866: result: none needed
configure:3888: checking dependency style of mipsel-linux-uclibc-gcc
configure:3998: result: gcc3
configure:4017: checking for mipsel-linux-uclibc-gcc option to accept ISO C99
configure:4166: mipsel-linux-uclibc-gcc  -c -fPIC -DNEED_PRINTF -Os -pipe -mips32r2 -mtune=74kc -mdspr2 -fno-caller-saves  -msoft-float  -mno-branch-likely -minterlink-mips16 -mips16 -I/home/bluebat/DEV/src/router/zlib  conftest.c >&5
conftest.c:61:29: error: expected ';', ',' or ')' before 'text'
conftest.c: In function 'main':
conftest.c:115:18: error: expected '=', ',', ';', 'asm' or '__attribute__' before 'newvar'
conftest.c:115:18: error: 'newvar' undeclared (first use in this function)
conftest.c:115:18: note: each undeclared identifier is reported only once for each function it appears in
conftest.c:125:3: error: 'for' loop initial declarations are only allowed in C99 mode
conftest.c:125:3: note: use option -std=c99 or -std=gnu99 to compile your code
configure:4166: $? = 1
configure: failed program was:
| /* confdefs.h */
| #define PACKAGE_NAME "GD"
| #define PACKAGE_TARNAME "libgd"
| #define PACKAGE_VERSION "2.1.0"
| #define PACKAGE_STRING "GD 2.1.0"
| #define PACKAGE_BUGREPORT "https://bitbucket.org/libgd/gd-libgd/issues"
| #define PACKAGE_URL "http://lib.gd"
| #define PACKAGE "libgd"
| #define VERSION "2.1.0"
| /* end confdefs.h.  */
| #include <stdarg.h>
| #include <stdbool.h>
| #include <stdlib.h>
| #include <wchar.h>
| #include <stdio.h>
| 
| // Check varargs macros.  These examples are taken from C99 6.10.3.5.
| #define debug(...) fprintf (stderr, __VA_ARGS__)
| #define showlist(...) puts (#__VA_ARGS__)
| #define report(test,...) ((test) ? puts (#test) : printf (__VA_ARGS__))
| static void
| test_varargs_macros (void)
| {
|   int x = 1234;
|   int y = 5678;
|   debug ("Flag");
|   debug ("X = %d\n", x);
|   showlist (The first, second, and third items.);
|   report (x>y, "x is %d but y is %d", x, y);
| }
| 
| // Check long long types.
| #define BIG64 18446744073709551615ull
| #define BIG32 4294967295ul
| #define BIG_OK (BIG64 / BIG32 == 4294967297ull && BIG64 % BIG32 == 0)
| #if !BIG_OK
|   your preprocessor is broken;
| #endif
| #if BIG_OK
| #else
|   your preprocessor is broken;
| #endif
| static long long int bignum = -9223372036854775807LL;
| static unsigned long long int ubignum = BIG64;
| 
| struct incomplete_array
| {
|   int datasize;
|   double data[];
| };
| 
| struct named_init {
|   int number;
|   const wchar_t *name;
|   double average;
| };
| 
| typedef const char *ccp;
| 
| static inline int
| test_restrict (ccp restrict text)
| {
|   // See if C++-style comments work.
|   // Iterate through items via the restricted pointer.
|   // Also check for declarations in for loops.
|   for (unsigned int i = 0; *(text+i) != '\0'; ++i)
|     continue;
|   return 0;
| }
| 
| // Check varargs and va_copy.
| static void
| test_varargs (const char *format, ...)
| {
|   va_list args;
|   va_start (args, format);
|   va_list args_copy;
|   va_copy (args_copy, args);
| 
|   const char *str;
|   int number;
|   float fnumber;
| 
|   while (*format)
|     {
|       switch (*format++)
| 	{
| 	case 's': // string
| 	  str = va_arg (args_copy, const char *);
| 	  break;
| 	case 'd': // int
| 	  number = va_arg (args_copy, int);
| 	  break;
| 	case 'f': // float
| 	  fnumber = va_arg (args_copy, double);
| 	  break;
| 	default:
| 	  break;
| 	}
|     }
|   va_end (args_copy);
|   va_end (args);
| }
| 
| int
| main ()
| {
| 
|   // Check bool.
|   _Bool success = false;
| 
|   // Check restrict.
|   if (test_restrict ("String literal") == 0)
|     success = true;
|   char *restrict newvar = "Another string";
| 
|   // Check varargs.
|   test_varargs ("s, d' f .", "string", 65, 34.234);
|   test_varargs_macros ();
| 
|   // Check flexible array members.
|   struct incomplete_array *ia =
|     malloc (sizeof (struct incomplete_array) + (sizeof (double) * 10));
|   ia->datasize = 10;
|   for (int i = 0; i < ia->datasize; ++i)
|     ia->data[i] = i * 1.234;
| 
|   // Check named initializers.
|   struct named_init ni = {
|     .number = 34,
|     .name = L"Test wide string",
|     .average = 543.34343,
|   };
| 
|   ni.number = 58;
| 
|   int dynamic_array[ni.number];
|   dynamic_array[ni.number - 1] = 543;
| 
|   // work around unused variable warnings
|   return (!success || bignum == 0LL || ubignum == 0uLL || newvar[0] == 'x'
| 	  || dynamic_array[ni.number - 1] != 543);
| 
|   ;
|   return 0;
| }
configure:4166: mipsel-linux-uclibc-gcc -std=gnu99 -c -fPIC -DNEED_PRINTF -Os -pipe -mips32r2 -mtune=74kc -mdspr2 -fno-caller-saves  -msoft-float  -mno-branch-likely -minterlink-mips16 -mips16 -I/home/bluebat/DEV/src/router/zlib  conftest.c >&5
configure:4166: $? = 0
configure:4186: result: -std=gnu99
configure:4288: checking for mipsel-linux-uclibc-gcc -std=gnu99 option to accept ISO Standard C
configure:4302: result: -std=gnu99
configure:4307: checking whether mipsel-linux-uclibc-gcc -std=gnu99 and cc understand -c and -o together
configure:4338: mipsel-linux-uclibc-gcc -std=gnu99 -c conftest.c -o conftest2.o >&5
configure:4342: $? = 0
configure:4348: mipsel-linux-uclibc-gcc -std=gnu99 -c conftest.c -o conftest2.o >&5
configure:4352: $? = 0
configure:4363: cc -c conftest.c >&5
configure:4367: $? = 0
configure:4375: cc -c conftest.c -o conftest2.o >&5
configure:4379: $? = 0
configure:4385: cc -c conftest.c -o conftest2.o >&5
configure:4389: $? = 0
configure:4407: result: yes
configure:4458: checking for a sed that does not truncate output
configure:4522: result: /home/bluebat/Dev/Toolchain/toolchain-mipsel_r2_gcc-4.7-linaro_uClibc-0.9.33.2/bin/sed
configure:4540: checking for grep that handles long lines and -e
configure:4598: result: /usr/bin/grep
configure:4603: checking for egrep
configure:4665: result: /usr/bin/grep -E
configure:4670: checking for fgrep
configure:4732: result: /usr/bin/grep -F
configure:4767: checking for ld used by mipsel-linux-uclibc-gcc -std=gnu99
configure:4834: result: mipsel-linux-uclibc-ld
configure:4841: checking if the linker (mipsel-linux-uclibc-ld) is GNU ld
configure:4856: result: yes
configure:4868: checking for BSD- or MS-compatible name lister (nm)
configure:4917: result: mipsel-linux-uclibc-nm
configure:5035: checking the name lister (mipsel-linux-uclibc-nm) interface
configure:5042: mipsel-linux-uclibc-gcc -std=gnu99 -c -fPIC -DNEED_PRINTF -Os -pipe -mips32r2 -mtune=74kc -mdspr2 -fno-caller-saves  -msoft-float  -mno-branch-likely -minterlink-mips16 -mips16 -I/home/bluebat/DEV/src/router/zlib  conftest.c >&5
configure:5045: mipsel-linux-uclibc-nm "conftest.o"
configure:5048: output
00000000 B some_variable
configure:5055: result: BSD nm
configure:5058: checking whether ln -s works
configure:5062: result: yes
configure:5070: checking the maximum length of command line arguments
configure:5190: result: 1572864
configure:5207: checking whether the shell understands some XSI constructs
configure:5217: result: yes
configure:5221: checking whether the shell understands "+="
configure:5227: result: yes
configure:5262: checking for mipsel-linux-uclibc-ld option to reload object files
configure:5269: result: -r
configure:5298: checking for mipsel-linux-uclibc-objdump
configure:5314: found /home/bluebat/Dev/Toolchain/toolchain-mipsel_r2_gcc-4.7-linaro_uClibc-0.9.33.2/bin/mipsel-linux-uclibc-objdump
configure:5325: result: mipsel-linux-uclibc-objdump
configure:5397: checking how to recognize dependent libraries
configure:5593: result: pass_all
configure:5613: checking for mipsel-linux-uclibc-ar
configure:5640: result: mipsel-linux-uclibc-ar
configure:5718: checking for mipsel-linux-uclibc-strip
configure:5745: result: @true
configure:5817: checking for mipsel-linux-uclibc-ranlib
configure:5844: result: mipsel-linux-uclibc-ranlib
configure:5974: checking command to parse mipsel-linux-uclibc-nm output from mipsel-linux-uclibc-gcc -std=gnu99 object
configure:6092: mipsel-linux-uclibc-gcc -std=gnu99 -c -fPIC -DNEED_PRINTF -Os -pipe -mips32r2 -mtune=74kc -mdspr2 -fno-caller-saves  -msoft-float  -mno-branch-likely -minterlink-mips16 -mips16 -I/home/bluebat/DEV/src/router/zlib  conftest.c >&5
configure:6095: $? = 0
configure:6099: mipsel-linux-uclibc-nm conftest.o \| sed -n -e 's/^.*[	 ]\([ABCDGIRSTW][ABCDGIRSTW]*\)[	 ][	 ]*\([_A-Za-z][_A-Za-z0-9]*\)$/\1 \2 \2/p' \> conftest.nm
configure:6102: $? = 0
configure:6156: mipsel-linux-uclibc-gcc -std=gnu99 -o conftest -fPIC -DNEED_PRINTF -Os -pipe -mips32r2 -mtune=74kc -mdspr2 -fno-caller-saves  -msoft-float  -mno-branch-likely -minterlink-mips16 -mips16 -I/home/bluebat/DEV/src/router/zlib  -L/home/bluebat/DEV/src/router/zlib -L/home/bluebat/DEV/src/router/libgd/libpng/.libs conftest.c conftstm.o >&5
configure:6159: $? = 0
configure:6197: result: ok
configure:7006: checking how to run the C preprocessor
configure:7037: mipsel-linux-uclibc-gcc -std=gnu99 -E  conftest.c
configure:7037: $? = 0
configure:7051: mipsel-linux-uclibc-gcc -std=gnu99 -E  conftest.c
conftest.c:11:28: fatal error: ac_nonexistent.h: No such file or directory
compilation terminated.
configure:7051: $? = 1
configure: failed program was:
| /* confdefs.h */
| #define PACKAGE_NAME "GD"
| #define PACKAGE_TARNAME "libgd"
| #define PACKAGE_VERSION "2.1.0"
| #define PACKAGE_STRING "GD 2.1.0"
| #define PACKAGE_BUGREPORT "https://bitbucket.org/libgd/gd-libgd/issues"
| #define PACKAGE_URL "http://lib.gd"
| #define PACKAGE "libgd"
| #define VERSION "2.1.0"
| /* end confdefs.h.  */
| #include <ac_nonexistent.h>
configure:7076: result: mipsel-linux-uclibc-gcc -std=gnu99 -E
configure:7096: mipsel-linux-uclibc-gcc -std=gnu99 -E  conftest.c
configure:7096: $? = 0
configure:7110: mipsel-linux-uclibc-gcc -std=gnu99 -E  conftest.c
conftest.c:11:28: fatal error: ac_nonexistent.h: No such file or directory
compilation terminated.
configure:7110: $? = 1
configure: failed program was:
| /* confdefs.h */
| #define PACKAGE_NAME "GD"
| #define PACKAGE_TARNAME "libgd"
| #define PACKAGE_VERSION "2.1.0"
| #define PACKAGE_STRING "GD 2.1.0"
| #define PACKAGE_BUGREPORT "https://bitbucket.org/libgd/gd-libgd/issues"
| #define PACKAGE_URL "http://lib.gd"
| #define PACKAGE "libgd"
| #define VERSION "2.1.0"
| /* end confdefs.h.  */
| #include <ac_nonexistent.h>
configure:7139: checking for ANSI C header files
configure:7159: mipsel-linux-uclibc-gcc -std=gnu99 -c -fPIC -DNEED_PRINTF -Os -pipe -mips32r2 -mtune=74kc -mdspr2 -fno-caller-saves  -msoft-float  -mno-branch-likely -minterlink-mips16 -mips16 -I/home/bluebat/DEV/src/router/zlib  conftest.c >&5
configure:7159: $? = 0
configure:7243: result: yes
configure:7256: checking for sys/types.h
configure:7256: mipsel-linux-uclibc-gcc -std=gnu99 -c -fPIC -DNEED_PRINTF -Os -pipe -mips32r2 -mtune=74kc -mdspr2 -fno-caller-saves  -msoft-float  -mno-branch-likely -minterlink-mips16 -mips16 -I/home/bluebat/DEV/src/router/zlib  conftest.c >&5
configure:7256: $? = 0
configure:7256: result: yes
configure:7256: checking for sys/stat.h
configure:7256: mipsel-linux-uclibc-gcc -std=gnu99 -c -fPIC -DNEED_PRINTF -Os -pipe -mips32r2 -mtune=74kc -mdspr2 -fno-caller-saves  -msoft-float  -mno-branch-likely -minterlink-mips16 -mips16 -I/home/bluebat/DEV/src/router/zlib  conftest.c >&5
configure:7256: $? = 0
configure:7256: result: yes
configure:7256: checking for stdlib.h
configure:7256: mipsel-linux-uclibc-gcc -std=gnu99 -c -fPIC -DNEED_PRINTF -Os -pipe -mips32r2 -mtune=74kc -mdspr2 -fno-caller-saves  -msoft-float  -mno-branch-likely -minterlink-mips16 -mips16 -I/home/bluebat/DEV/src/router/zlib  conftest.c >&5
configure:7256: $? = 0
configure:7256: result: yes
configure:7256: checking for string.h
configure:7256: mipsel-linux-uclibc-gcc -std=gnu99 -c -fPIC -DNEED_PRINTF -Os -pipe -mips32r2 -mtune=74kc -mdspr2 -fno-caller-saves  -msoft-float  -mno-branch-likely -minterlink-mips16 -mips16 -I/home/bluebat/DEV/src/router/zlib  conftest.c >&5
configure:7256: $? = 0
configure:7256: result: yes
configure:7256: checking for memory.h
configure:7256: mipsel-linux-uclibc-gcc -std=gnu99 -c -fPIC -DNEED_PRINTF -Os -pipe -mips32r2 -mtune=74kc -mdspr2 -fno-caller-saves  -msoft-float  -mno-branch-likely -minterlink-mips16 -mips16 -I/home/bluebat/DEV/src/router/zlib  conftest.c >&5
configure:7256: $? = 0
configure:7256: result: yes
configure:7256: checking for strings.h
configure:7256: mipsel-linux-uclibc-gcc -std=gnu99 -c -fPIC -DNEED_PRINTF -Os -pipe -mips32r2 -mtune=74kc -mdspr2 -fno-caller-saves  -msoft-float  -mno-branch-likely -minterlink-mips16 -mips16 -I/home/bluebat/DEV/src/router/zlib  conftest.c >&5
configure:7256: $? = 0
configure:7256: result: yes
configure:7256: checking for inttypes.h
configure:7256: mipsel-linux-uclibc-gcc -std=gnu99 -c -fPIC -DNEED_PRINTF -Os -pipe -mips32r2 -mtune=74kc -mdspr2 -fno-caller-saves  -msoft-float  -mno-branch-likely -minterlink-mips16 -mips16 -I/home/bluebat/DEV/src/router/zlib  conftest.c >&5
configure:7256: $? = 0
configure:7256: result: yes
configure:7256: checking for stdint.h
configure:7256: mipsel-linux-uclibc-gcc -std=gnu99 -c -fPIC -DNEED_PRINTF -Os -pipe -mips32r2 -mtune=74kc -mdspr2 -fno-caller-saves  -msoft-float  -mno-branch-likely -minterlink-mips16 -mips16 -I/home/bluebat/DEV/src/router/zlib  conftest.c >&5
configure:7256: $? = 0
configure:7256: result: yes
configure:7256: checking for unistd.h
configure:7256: mipsel-linux-uclibc-gcc -std=gnu99 -c -fPIC -DNEED_PRINTF -Os -pipe -mips32r2 -mtune=74kc -mdspr2 -fno-caller-saves  -msoft-float  -mno-branch-likely -minterlink-mips16 -mips16 -I/home/bluebat/DEV/src/router/zlib  conftest.c >&5
configure:7256: $? = 0
configure:7256: result: yes
configure:7270: checking for dlfcn.h
configure:7270: mipsel-linux-uclibc-gcc -std=gnu99 -c -fPIC -DNEED_PRINTF -Os -pipe -mips32r2 -mtune=74kc -mdspr2 -fno-caller-saves  -msoft-float  -mno-branch-likely -minterlink-mips16 -mips16 -I/home/bluebat/DEV/src/router/zlib  conftest.c >&5
configure:7270: $? = 0
configure:7270: result: yes
configure:7454: checking for objdir
configure:7469: result: .libs
configure:7765: checking if mipsel-linux-uclibc-gcc -std=gnu99 supports -fno-rtti -fno-exceptions
configure:7783: mipsel-linux-uclibc-gcc -std=gnu99 -c -fPIC -DNEED_PRINTF -Os -pipe -mips32r2 -mtune=74kc -mdspr2 -fno-caller-saves  -msoft-float  -mno-branch-likely -minterlink-mips16 -mips16 -I/home/bluebat/DEV/src/router/zlib  -fno-rtti -fno-exceptions conftest.c >&5
cc1: warning: command line option '-fno-rtti' is valid for C++/ObjC++ but not for C [enabled by default]
configure:7787: $? = 0
configure:7800: result: no
configure:7820: checking for mipsel-linux-uclibc-gcc -std=gnu99 option to produce PIC
configure:8092: result: -fPIC -DPIC
configure:8104: checking if mipsel-linux-uclibc-gcc -std=gnu99 PIC flag -fPIC -DPIC works
configure:8122: mipsel-linux-uclibc-gcc -std=gnu99 -c -fPIC -DNEED_PRINTF -Os -pipe -mips32r2 -mtune=74kc -mdspr2 -fno-caller-saves  -msoft-float  -mno-branch-likely -minterlink-mips16 -mips16 -I/home/bluebat/DEV/src/router/zlib  -fPIC -DPIC -DPIC conftest.c >&5
configure:8126: $? = 0
configure:8139: result: yes
configure:8163: checking if mipsel-linux-uclibc-gcc -std=gnu99 static flag -static works
configure:8191: result: yes
configure:8206: checking if mipsel-linux-uclibc-gcc -std=gnu99 supports -c -o file.o
configure:8227: mipsel-linux-uclibc-gcc -std=gnu99 -c -fPIC -DNEED_PRINTF -Os -pipe -mips32r2 -mtune=74kc -mdspr2 -fno-caller-saves  -msoft-float  -mno-branch-likely -minterlink-mips16 -mips16 -I/home/bluebat/DEV/src/router/zlib  -o out/conftest2.o conftest.c >&5
configure:8231: $? = 0
configure:8253: result: yes
configure:8261: checking if mipsel-linux-uclibc-gcc -std=gnu99 supports -c -o file.o
configure:8308: result: yes
configure:8341: checking whether the mipsel-linux-uclibc-gcc -std=gnu99 linker (mipsel-linux-uclibc-ld) supports shared libraries
configure:9332: result: yes
configure:9571: checking dynamic linker characteristics
configure:10004: mipsel-linux-uclibc-gcc -std=gnu99 -o conftest -fPIC -DNEED_PRINTF -Os -pipe -mips32r2 -mtune=74kc -mdspr2 -fno-caller-saves  -msoft-float  -mno-branch-likely -minterlink-mips16 -mips16 -I/home/bluebat/DEV/src/router/zlib  -L/home/bluebat/DEV/src/router/zlib -L/home/bluebat/DEV/src/router/libgd/libpng/.libs -Wl,-rpath -Wl,/foo conftest.c  >&5
configure:10004: $? = 0
configure:10234: result: GNU/Linux ld.so
configure:10336: checking how to hardcode library paths into programs
configure:10361: result: immediate
configure:10881: checking whether stripping libraries is possible
configure:10903: result: no
configure:10921: checking if libtool supports shared libraries
configure:10923: result: yes
configure:10926: checking whether to build shared libraries
configure:10947: result: no
configure:10950: checking whether to build static libraries
configure:10954: result: yes
configure:10989: checking whether ln -s works
configure:10993: result: yes
configure:11000: checking whether make sets $(MAKE)
configure:11022: result: yes
configure:11042: checking for mipsel-linux-uclibc-pkg-config
configure:11075: result: no
configure:11085: checking for pkg-config
configure:11103: found /usr/bin/pkg-config
configure:11115: result: /usr/bin/pkg-config
configure:11127: WARNING: using cross tools not prefixed with host triplet
configure:11140: checking pkg-config is at least version 0.9.0
configure:11143: result: yes
configure:11152: checking for X
configure:11330: result: disabled
configure:11353: checking for ANSI C header files
configure:11457: result: yes
configure:11468: checking errno.h usability
configure:11468: mipsel-linux-uclibc-gcc -std=gnu99 -c -fPIC -DNEED_PRINTF -Os -pipe -mips32r2 -mtune=74kc -mdspr2 -fno-caller-saves  -msoft-float  -mno-branch-likely -minterlink-mips16 -mips16 -I/home/bluebat/DEV/src/router/zlib  conftest.c >&5
configure:11468: $? = 0
configure:11468: result: yes
configure:11468: checking errno.h presence
configure:11468: mipsel-linux-uclibc-gcc -std=gnu99 -E  conftest.c
configure:11468: $? = 0
configure:11468: result: yes
configure:11468: checking for errno.h
configure:11468: result: yes
configure:11468: checking limits.h usability
configure:11468: mipsel-linux-uclibc-gcc -std=gnu99 -c -fPIC -DNEED_PRINTF -Os -pipe -mips32r2 -mtune=74kc -mdspr2 -fno-caller-saves  -msoft-float  -mno-branch-likely -minterlink-mips16 -mips16 -I/home/bluebat/DEV/src/router/zlib  conftest.c >&5
configure:11468: $? = 0
configure:11468: result: yes
configure:11468: checking limits.h presence
configure:11468: mipsel-linux-uclibc-gcc -std=gnu99 -E  conftest.c
configure:11468: $? = 0
configure:11468: result: yes
configure:11468: checking for limits.h
configure:11468: result: yes
configure:11468: checking stddef.h usability
configure:11468: mipsel-linux-uclibc-gcc -std=gnu99 -c -fPIC -DNEED_PRINTF -Os -pipe -mips32r2 -mtune=74kc -mdspr2 -fno-caller-saves  -msoft-float  -mno-branch-likely -minterlink-mips16 -mips16 -I/home/bluebat/DEV/src/router/zlib  conftest.c >&5
configure:11468: $? = 0
configure:11468: result: yes
configure:11468: checking stddef.h presence
configure:11468: mipsel-linux-uclibc-gcc -std=gnu99 -E  conftest.c
configure:11468: $? = 0
configure:11468: result: yes
configure:11468: checking for stddef.h
configure:11468: result: yes
configure:11468: checking for stdlib.h
configure:11468: result: yes
configure:11468: checking for string.h
configure:11468: result: yes
configure:11468: checking for unistd.h
configure:11468: result: yes
configure:11520: checking for ld used by GCC
configure:11584: result: mipsel-linux-uclibc-ld
configure:11591: checking if the linker (mipsel-linux-uclibc-ld) is GNU ld
configure:11604: result: yes
configure:11611: checking for shared library run path origin
configure:11624: result: done
configure:12202: checking for iconv
configure:12224: mipsel-linux-uclibc-gcc -std=gnu99 -o conftest -fPIC -DNEED_PRINTF -Os -pipe -mips32r2 -mtune=74kc -mdspr2 -fno-caller-saves  -msoft-float  -mno-branch-likely -minterlink-mips16 -mips16 -I/home/bluebat/DEV/src/router/zlib  -L/home/bluebat/DEV/src/router/zlib -L/home/bluebat/DEV/src/router/libgd/libpng/.libs conftest.c  >&5
conftest.c:31:19: fatal error: iconv.h: No such file or directory
compilation terminated.
configure:12224: $? = 1
configure: failed program was:
| /* confdefs.h */
| #define PACKAGE_NAME "GD"
| #define PACKAGE_TARNAME "libgd"
| #define PACKAGE_VERSION "2.1.0"
| #define PACKAGE_STRING "GD 2.1.0"
| #define PACKAGE_BUGREPORT "https://bitbucket.org/libgd/gd-libgd/issues"
| #define PACKAGE_URL "http://lib.gd"
| #define PACKAGE "libgd"
| #define VERSION "2.1.0"
| #define STDC_HEADERS 1
| #define HAVE_SYS_TYPES_H 1
| #define HAVE_SYS_STAT_H 1
| #define HAVE_STDLIB_H 1
| #define HAVE_STRING_H 1
| #define HAVE_MEMORY_H 1
| #define HAVE_STRINGS_H 1
| #define HAVE_INTTYPES_H 1
| #define HAVE_STDINT_H 1
| #define HAVE_UNISTD_H 1
| #define HAVE_DLFCN_H 1
| #define LT_OBJDIR ".libs/"
| #define STDC_HEADERS 1
| #define HAVE_ERRNO_H 1
| #define HAVE_LIMITS_H 1
| #define HAVE_STDDEF_H 1
| #define HAVE_STDLIB_H 1
| #define HAVE_STRING_H 1
| #define HAVE_UNISTD_H 1
| /* end confdefs.h.  */
| #include <stdlib.h>
| #include <iconv.h>
| int
| main ()
| {
| iconv_t cd = iconv_open("","");
|        iconv(cd,NULL,NULL,NULL,NULL);
|        iconv_close(cd);
|   ;
|   return 0;
| }
configure:12246: mipsel-linux-uclibc-gcc -std=gnu99 -o conftest -fPIC -DNEED_PRINTF -Os -pipe -mips32r2 -mtune=74kc -mdspr2 -fno-caller-saves  -msoft-float  -mno-branch-likely -minterlink-mips16 -mips16 -I/home/bluebat/DEV/src/router/zlib  -L/home/bluebat/DEV/src/router/zlib -L/home/bluebat/DEV/src/router/libgd/libpng/.libs conftest.c  -liconv >&5
conftest.c:31:19: fatal error: iconv.h: No such file or directory
compilation terminated.
configure:12246: $? = 1
configure: failed program was:
| /* confdefs.h */
| #define PACKAGE_NAME "GD"
| #define PACKAGE_TARNAME "libgd"
| #define PACKAGE_VERSION "2.1.0"
| #define PACKAGE_STRING "GD 2.1.0"
| #define PACKAGE_BUGREPORT "https://bitbucket.org/libgd/gd-libgd/issues"
| #define PACKAGE_URL "http://lib.gd"
| #define PACKAGE "libgd"
| #define VERSION "2.1.0"
| #define STDC_HEADERS 1
| #define HAVE_SYS_TYPES_H 1
| #define HAVE_SYS_STAT_H 1
| #define HAVE_STDLIB_H 1
| #define HAVE_STRING_H 1
| #define HAVE_MEMORY_H 1
| #define HAVE_STRINGS_H 1
| #define HAVE_INTTYPES_H 1
| #define HAVE_STDINT_H 1
| #define HAVE_UNISTD_H 1
| #define HAVE_DLFCN_H 1
| #define LT_OBJDIR ".libs/"
| #define STDC_HEADERS 1
| #define HAVE_ERRNO_H 1
| #define HAVE_LIMITS_H 1
| #define HAVE_STDDEF_H 1
| #define HAVE_STDLIB_H 1
| #define HAVE_STRING_H 1
| #define HAVE_UNISTD_H 1
| /* end confdefs.h.  */
| #include <stdlib.h>
| #include <iconv.h>
| int
| main ()
| {
| iconv_t cd = iconv_open("","");
|          iconv(cd,NULL,NULL,NULL,NULL);
|          iconv_close(cd);
|   ;
|   return 0;
| }
configure:12256: result: no, consider installing GNU libiconv
configure:12450: checking iconv.h usability
configure:12450: mipsel-linux-uclibc-gcc -std=gnu99 -c -fPIC -DNEED_PRINTF -Os -pipe -mips32r2 -mtune=74kc -mdspr2 -fno-caller-saves  -msoft-float  -mno-branch-likely -minterlink-mips16 -mips16 -I/home/bluebat/DEV/src/router/zlib  conftest.c >&5
conftest.c:63:19: fatal error: iconv.h: No such file or directory
compilation terminated.
configure:12450: $? = 1
configure: failed program was:
| /* confdefs.h */
| #define PACKAGE_NAME "GD"
| #define PACKAGE_TARNAME "libgd"
| #define PACKAGE_VERSION "2.1.0"
| #define PACKAGE_STRING "GD 2.1.0"
| #define PACKAGE_BUGREPORT "https://bitbucket.org/libgd/gd-libgd/issues"
| #define PACKAGE_URL "http://lib.gd"
| #define PACKAGE "libgd"
| #define VERSION "2.1.0"
| #define STDC_HEADERS 1
| #define HAVE_SYS_TYPES_H 1
| #define HAVE_SYS_STAT_H 1
| #define HAVE_STDLIB_H 1
| #define HAVE_STRING_H 1
| #define HAVE_MEMORY_H 1
| #define HAVE_STRINGS_H 1
| #define HAVE_INTTYPES_H 1
| #define HAVE_STDINT_H 1
| #define HAVE_UNISTD_H 1
| #define HAVE_DLFCN_H 1
| #define LT_OBJDIR ".libs/"
| #define STDC_HEADERS 1
| #define HAVE_ERRNO_H 1
| #define HAVE_LIMITS_H 1
| #define HAVE_STDDEF_H 1
| #define HAVE_STDLIB_H 1
| #define HAVE_STRING_H 1
| #define HAVE_UNISTD_H 1
| /* end confdefs.h.  */
| #include <stdio.h>
| #ifdef HAVE_SYS_TYPES_H
| # include <sys/types.h>
| #endif
| #ifdef HAVE_SYS_STAT_H
| # include <sys/stat.h>
| #endif
| #ifdef STDC_HEADERS
| # include <stdlib.h>
| # include <stddef.h>
| #else
| # ifdef HAVE_STDLIB_H
| #  include <stdlib.h>
| # endif
| #endif
| #ifdef HAVE_STRING_H
| # if !defined STDC_HEADERS && defined HAVE_MEMORY_H
| #  include <memory.h>
| # endif
| # include <string.h>
| #endif
| #ifdef HAVE_STRINGS_H
| # include <strings.h>
| #endif
| #ifdef HAVE_INTTYPES_H
| # include <inttypes.h>
| #endif
| #ifdef HAVE_STDINT_H
| # include <stdint.h>
| #endif
| #ifdef HAVE_UNISTD_H
| # include <unistd.h>
| #endif
| #include <iconv.h>
configure:12450: result: no
configure:12450: checking iconv.h presence
configure:12450: mipsel-linux-uclibc-gcc -std=gnu99 -E  conftest.c
conftest.c:30:19: fatal error: iconv.h: No such file or directory
compilation terminated.
configure:12450: $? = 1
configure: failed program was:
| /* confdefs.h */
| #define PACKAGE_NAME "GD"
| #define PACKAGE_TARNAME "libgd"
| #define PACKAGE_VERSION "2.1.0"
| #define PACKAGE_STRING "GD 2.1.0"
| #define PACKAGE_BUGREPORT "https://bitbucket.org/libgd/gd-libgd/issues"
| #define PACKAGE_URL "http://lib.gd"
| #define PACKAGE "libgd"
| #define VERSION "2.1.0"
| #define STDC_HEADERS 1
| #define HAVE_SYS_TYPES_H 1
| #define HAVE_SYS_STAT_H 1
| #define HAVE_STDLIB_H 1
| #define HAVE_STRING_H 1
| #define HAVE_MEMORY_H 1
| #define HAVE_STRINGS_H 1
| #define HAVE_INTTYPES_H 1
| #define HAVE_STDINT_H 1
| #define HAVE_UNISTD_H 1
| #define HAVE_DLFCN_H 1
| #define LT_OBJDIR ".libs/"
| #define STDC_HEADERS 1
| #define HAVE_ERRNO_H 1
| #define HAVE_LIMITS_H 1
| #define HAVE_STDDEF_H 1
| #define HAVE_STDLIB_H 1
| #define HAVE_STRING_H 1
| #define HAVE_UNISTD_H 1
| /* end confdefs.h.  */
| #include <iconv.h>
configure:12450: result: no
configure:12450: checking for iconv.h
configure:12450: result: no
configure:12491: checking for sin
configure:12491: mipsel-linux-uclibc-gcc -std=gnu99 -o conftest -fPIC -DNEED_PRINTF -Os -pipe -mips32r2 -mtune=74kc -mdspr2 -fno-caller-saves  -msoft-float  -mno-branch-likely -minterlink-mips16 -mips16 -I/home/bluebat/DEV/src/router/zlib  -L/home/bluebat/DEV/src/router/zlib -L/home/bluebat/DEV/src/router/libgd/libpng/.libs conftest.c  >&5
conftest.c:53:6: warning: conflicting types for built-in function 'sin' [enabled by default]
/tmp/cc9Hm7WC.o: In function `main':
conftest.c:(.text.startup+0x16): undefined reference to `sin'
collect2: error: ld returned 1 exit status
configure:12491: $? = 1
configure: failed program was:
| /* confdefs.h */
| #define PACKAGE_NAME "GD"
| #define PACKAGE_TARNAME "libgd"
| #define PACKAGE_VERSION "2.1.0"
| #define PACKAGE_STRING "GD 2.1.0"
| #define PACKAGE_BUGREPORT "https://bitbucket.org/libgd/gd-libgd/issues"
| #define PACKAGE_URL "http://lib.gd"
| #define PACKAGE "libgd"
| #define VERSION "2.1.0"
| #define STDC_HEADERS 1
| #define HAVE_SYS_TYPES_H 1
| #define HAVE_SYS_STAT_H 1
| #define HAVE_STDLIB_H 1
| #define HAVE_STRING_H 1
| #define HAVE_MEMORY_H 1
| #define HAVE_STRINGS_H 1
| #define HAVE_INTTYPES_H 1
| #define HAVE_STDINT_H 1
| #define HAVE_UNISTD_H 1
| #define HAVE_DLFCN_H 1
| #define LT_OBJDIR ".libs/"
| #define STDC_HEADERS 1
| #define HAVE_ERRNO_H 1
| #define HAVE_LIMITS_H 1
| #define HAVE_STDDEF_H 1
| #define HAVE_STDLIB_H 1
| #define HAVE_STRING_H 1
| #define HAVE_UNISTD_H 1
| /* end confdefs.h.  */
| /* Define sin to an innocuous variant, in case <limits.h> declares sin.
|    For example, HP-UX 11i <limits.h> declares gettimeofday.  */
| #define sin innocuous_sin
| 
| /* System header to define __stub macros and hopefully few prototypes,
|     which can conflict with char sin (); below.
|     Prefer <limits.h> to <assert.h> if __STDC__ is defined, since
|     <limits.h> exists even on freestanding compilers.  */
| 
| #ifdef __STDC__
| # include <limits.h>
| #else
| # include <assert.h>
| #endif
| 
| #undef sin
| 
| /* Override any GCC internal prototype to avoid an error.
|    Use char because int might match the return type of a GCC
|    builtin and then its argument prototype would still apply.  */
| #ifdef __cplusplus
| extern "C"
| #endif
| char sin ();
| /* The GNU C library defines this for functions which it implements
|     to always fail with ENOSYS.  Some functions are actually named
|     something starting with __ and the normal name is an alias.  */
| #if defined __stub_sin || defined __stub___sin
| choke me
| #endif
| 
| int
| main ()
| {
| return sin ();
|   ;
|   return 0;
| }
configure:12491: result: no
configure:12495: checking for sin in -lm
configure:12520: mipsel-linux-uclibc-gcc -std=gnu99 -o conftest -fPIC -DNEED_PRINTF -Os -pipe -mips32r2 -mtune=74kc -mdspr2 -fno-caller-saves  -msoft-float  -mno-branch-likely -minterlink-mips16 -mips16 -I/home/bluebat/DEV/src/router/zlib  -L/home/bluebat/DEV/src/router/zlib -L/home/bluebat/DEV/src/router/libgd/libpng/.libs conftest.c -lm   >&5
conftest.c:37:6: warning: conflicting types for built-in function 'sin' [enabled by default]
configure:12520: $? = 0
configure:12529: result: yes
configure:12550: checking for deflate in -lz
configure:12575: mipsel-linux-uclibc-gcc -std=gnu99 -o conftest -fPIC -DNEED_PRINTF -Os -pipe -mips32r2 -mtune=74kc -mdspr2 -fno-caller-saves  -msoft-float  -mno-branch-likely -minterlink-mips16 -mips16 -I/home/bluebat/DEV/src/router/zlib  -L/home/bluebat/DEV/src/router/zlib -L/home/bluebat/DEV/src/router/libgd/libpng/.libs conftest.c -lz  -lm  >&5
configure:12575: $? = 0
configure:12584: result: yes
configure:12620: checking for LIBPNG
configure:12627: $PKG_CONFIG --exists --print-errors "libpng"
configure:12630: $? = 0
configure:12643: $PKG_CONFIG --exists --print-errors "libpng"
configure:12646: $? = 0
configure:12693: result: yes
configure:13044: checking for jpeg_set_defaults in -ljpeg
configure:13069: mipsel-linux-uclibc-gcc -std=gnu99 -o conftest -fPIC -DNEED_PRINTF -Os -pipe -mips32r2 -mtune=74kc -mdspr2 -fno-caller-saves  -msoft-float  -mno-branch-likely -minterlink-mips16 -mips16 -I/home/bluebat/DEV/src/router/zlib  -I/usr/include/libpng12   -L/home/bluebat/DEV/src/router/zlib -L/home/bluebat/DEV/src/router/libgd/libpng/.libs conftest.c -ljpeg  -lz -lm  -lpng12   >&5
/home/bluebat/Dev/Toolchain/toolchain-mipsel_r2_gcc-4.7-linaro_uClibc-0.9.33.2/bin/../lib64/gcc/mipsel-openwrt-linux-uclibc/4.7.3/../../../../mipsel-openwrt-linux-uclibc/bin/ld: cannot find -ljpeg
collect2: error: ld returned 1 exit status
configure:13069: $? = 1
configure: failed program was:
| /* confdefs.h */
| #define PACKAGE_NAME "GD"
| #define PACKAGE_TARNAME "libgd"
| #define PACKAGE_VERSION "2.1.0"
| #define PACKAGE_STRING "GD 2.1.0"
| #define PACKAGE_BUGREPORT "https://bitbucket.org/libgd/gd-libgd/issues"
| #define PACKAGE_URL "http://lib.gd"
| #define PACKAGE "libgd"
| #define VERSION "2.1.0"
| #define STDC_HEADERS 1
| #define HAVE_SYS_TYPES_H 1
| #define HAVE_SYS_STAT_H 1
| #define HAVE_STDLIB_H 1
| #define HAVE_STRING_H 1
| #define HAVE_MEMORY_H 1
| #define HAVE_STRINGS_H 1
| #define HAVE_INTTYPES_H 1
| #define HAVE_STDINT_H 1
| #define HAVE_UNISTD_H 1
| #define HAVE_DLFCN_H 1
| #define LT_OBJDIR ".libs/"
| #define STDC_HEADERS 1
| #define HAVE_ERRNO_H 1
| #define HAVE_LIMITS_H 1
| #define HAVE_STDDEF_H 1
| #define HAVE_STDLIB_H 1
| #define HAVE_STRING_H 1
| #define HAVE_UNISTD_H 1
| #define HAVE_LIBM 1
| #define HAVE_LIBZ 1
| #define HAVE_LIBPNG 1
| /* end confdefs.h.  */
| 
| /* Override any GCC internal prototype to avoid an error.
|    Use char because int might match the return type of a GCC
|    builtin and then its argument prototype would still apply.  */
| #ifdef __cplusplus
| extern "C"
| #endif
| char jpeg_set_defaults ();
| int
| main ()
| {
| return jpeg_set_defaults ();
|   ;
|   return 0;
| }
configure:13078: result: no
configure:13290: checking for LIBVPX
configure:13297: $PKG_CONFIG --exists --print-errors "vpx"
Package vpx was not found in the pkg-config search path.
Perhaps you should add the directory containing `vpx.pc'
to the PKG_CONFIG_PATH environment variable
No package 'vpx' found
configure:13300: $? = 1
configure:13313: $PKG_CONFIG --exists --print-errors "vpx"
Package vpx was not found in the pkg-config search path.
Perhaps you should add the directory containing `vpx.pc'
to the PKG_CONFIG_PATH environment variable
No package 'vpx' found
configure:13316: $? = 1
configure:13329: result: no
No package 'vpx' found
configure:13348: checking for LIBVPX
configure:13355: $PKG_CONFIG --exists --print-errors "libvpx"
Package libvpx was not found in the pkg-config search path.
Perhaps you should add the directory containing `libvpx.pc'
to the PKG_CONFIG_PATH environment variable
No package 'libvpx' found
configure:13358: $? = 1
configure:13371: $PKG_CONFIG --exists --print-errors "libvpx"
Package libvpx was not found in the pkg-config search path.
Perhaps you should add the directory containing `libvpx.pc'
to the PKG_CONFIG_PATH environment variable
No package 'libvpx' found
configure:13374: $? = 1
configure:13387: result: no
No package 'libvpx' found
configure:13787: checking for simple visibility declarations
configure:13809: mipsel-linux-uclibc-gcc -std=gnu99 -c -fPIC -DNEED_PRINTF -Os -pipe -mips32r2 -mtune=74kc -mdspr2 -fno-caller-saves  -msoft-float  -mno-branch-likely -minterlink-mips16 -mips16 -I/home/bluebat/DEV/src/router/zlib -fvisibility=hidden  -I/usr/include/libpng12   conftest.c >&5
configure:13809: $? = 0
configure:13818: result: yes
configure:14003: checking for the pthreads library -lpthreads
configure:14041: mipsel-linux-uclibc-gcc -std=gnu99 -o conftest -fPIC -DNEED_PRINTF -Os -pipe -mips32r2 -mtune=74kc -mdspr2 -fno-caller-saves  -msoft-float  -mno-branch-likely -minterlink-mips16 -mips16 -I/home/bluebat/DEV/src/router/zlib -fvisibility=hidden   -I/usr/include/libpng12   -L/home/bluebat/DEV/src/router/zlib -L/home/bluebat/DEV/src/router/libgd/libpng/.libs conftest.c -lpthreads -lz -lm  -lpng12   >&5
/home/bluebat/Dev/Toolchain/toolchain-mipsel_r2_gcc-4.7-linaro_uClibc-0.9.33.2/bin/../lib64/gcc/mipsel-openwrt-linux-uclibc/4.7.3/../../../../mipsel-openwrt-linux-uclibc/bin/ld: cannot find -lpthreads
collect2: error: ld returned 1 exit status
configure:14041: $? = 1
configure: failed program was:
| /* confdefs.h */
| #define PACKAGE_NAME "GD"
| #define PACKAGE_TARNAME "libgd"
| #define PACKAGE_VERSION "2.1.0"
| #define PACKAGE_STRING "GD 2.1.0"
| #define PACKAGE_BUGREPORT "https://bitbucket.org/libgd/gd-libgd/issues"
| #define PACKAGE_URL "http://lib.gd"
| #define PACKAGE "libgd"
| #define VERSION "2.1.0"
| #define STDC_HEADERS 1
| #define HAVE_SYS_TYPES_H 1
| #define HAVE_SYS_STAT_H 1
| #define HAVE_STDLIB_H 1
| #define HAVE_STRING_H 1
| #define HAVE_MEMORY_H 1
| #define HAVE_STRINGS_H 1
| #define HAVE_INTTYPES_H 1
| #define HAVE_STDINT_H 1
| #define HAVE_UNISTD_H 1
| #define HAVE_DLFCN_H 1
| #define LT_OBJDIR ".libs/"
| #define STDC_HEADERS 1
| #define HAVE_ERRNO_H 1
| #define HAVE_LIMITS_H 1
| #define HAVE_STDDEF_H 1
| #define HAVE_STDLIB_H 1
| #define HAVE_STRING_H 1
| #define HAVE_UNISTD_H 1
| #define HAVE_LIBM 1
| #define HAVE_LIBZ 1
| #define HAVE_LIBPNG 1
| #define HAVE_VISIBILITY 1
| /* end confdefs.h.  */
| #include <pthread.h>
|                         static void routine(void *a) { a = 0; }
|                         static void *start_routine(void *a) { return a; }
| int
| main ()
| {
| pthread_t th; pthread_attr_t attr;
|                         pthread_create(&th, 0, start_routine, 0);
|                         pthread_join(th, 0);
|                         pthread_attr_init(&attr);
|                         pthread_cleanup_push(routine, 0);
|                         pthread_cleanup_pop(0) /* ; */
|   ;
|   return 0;
| }
configure:14050: result: no
configure:13948: checking whether pthreads work without any flags
configure:14041: mipsel-linux-uclibc-gcc -std=gnu99 -o conftest -fPIC -DNEED_PRINTF -Os -pipe -mips32r2 -mtune=74kc -mdspr2 -fno-caller-saves  -msoft-float  -mno-branch-likely -minterlink-mips16 -mips16 -I/home/bluebat/DEV/src/router/zlib -fvisibility=hidden   -I/usr/include/libpng12   -L/home/bluebat/DEV/src/router/zlib -L/home/bluebat/DEV/src/router/libgd/libpng/.libs conftest.c  -lz -lm  -lpng12   >&5
/tmp/ccyEFs5Y.o: In function `main':
conftest.c:(.text.startup+0x22): undefined reference to `pthread_create'
conftest.c:(.text.startup+0x38): undefined reference to `pthread_join'
conftest.c:(.text.startup+0x74): undefined reference to `__pthread_register_cancel'
conftest.c:(.text.startup+0x84): undefined reference to `__pthread_unregister_cancel'
collect2: error: ld returned 1 exit status
configure:14041: $? = 1
configure: failed program was:
| /* confdefs.h */
| #define PACKAGE_NAME "GD"
| #define PACKAGE_TARNAME "libgd"
| #define PACKAGE_VERSION "2.1.0"
| #define PACKAGE_STRING "GD 2.1.0"
| #define PACKAGE_BUGREPORT "https://bitbucket.org/libgd/gd-libgd/issues"
| #define PACKAGE_URL "http://lib.gd"
| #define PACKAGE "libgd"
| #define VERSION "2.1.0"
| #define STDC_HEADERS 1
| #define HAVE_SYS_TYPES_H 1
| #define HAVE_SYS_STAT_H 1
| #define HAVE_STDLIB_H 1
| #define HAVE_STRING_H 1
| #define HAVE_MEMORY_H 1
| #define HAVE_STRINGS_H 1
| #define HAVE_INTTYPES_H 1
| #define HAVE_STDINT_H 1
| #define HAVE_UNISTD_H 1
| #define HAVE_DLFCN_H 1
| #define LT_OBJDIR ".libs/"
| #define STDC_HEADERS 1
| #define HAVE_ERRNO_H 1
| #define HAVE_LIMITS_H 1
| #define HAVE_STDDEF_H 1
| #define HAVE_STDLIB_H 1
| #define HAVE_STRING_H 1
| #define HAVE_UNISTD_H 1
| #define HAVE_LIBM 1
| #define HAVE_LIBZ 1
| #define HAVE_LIBPNG 1
| #define HAVE_VISIBILITY 1
| /* end confdefs.h.  */
| #include <pthread.h>
|                         static void routine(void *a) { a = 0; }
|                         static void *start_routine(void *a) { return a; }
| int
| main ()
| {
| pthread_t th; pthread_attr_t attr;
|                         pthread_create(&th, 0, start_routine, 0);
|                         pthread_join(th, 0);
|                         pthread_attr_init(&attr);
|                         pthread_cleanup_push(routine, 0);
|                         pthread_cleanup_pop(0) /* ; */
|   ;
|   return 0;
| }
configure:14050: result: no
configure:13953: checking whether pthreads work with -Kthread
configure:14041: mipsel-linux-uclibc-gcc -std=gnu99 -o conftest -fPIC -DNEED_PRINTF -Os -pipe -mips32r2 -mtune=74kc -mdspr2 -fno-caller-saves  -msoft-float  -mno-branch-likely -minterlink-mips16 -mips16 -I/home/bluebat/DEV/src/router/zlib -fvisibility=hidden -Kthread  -I/usr/include/libpng12   -L/home/bluebat/DEV/src/router/zlib -L/home/bluebat/DEV/src/router/libgd/libpng/.libs conftest.c  -lz -lm  -lpng12   >&5
mipsel-linux-uclibc-gcc: error: unrecognized command line option '-Kthread'
configure:14041: $? = 1
configure: failed program was:
| /* confdefs.h */
| #define PACKAGE_NAME "GD"
| #define PACKAGE_TARNAME "libgd"
| #define PACKAGE_VERSION "2.1.0"
| #define PACKAGE_STRING "GD 2.1.0"
| #define PACKAGE_BUGREPORT "https://bitbucket.org/libgd/gd-libgd/issues"
| #define PACKAGE_URL "http://lib.gd"
| #define PACKAGE "libgd"
| #define VERSION "2.1.0"
| #define STDC_HEADERS 1
| #define HAVE_SYS_TYPES_H 1
| #define HAVE_SYS_STAT_H 1
| #define HAVE_STDLIB_H 1
| #define HAVE_STRING_H 1
| #define HAVE_MEMORY_H 1
| #define HAVE_STRINGS_H 1
| #define HAVE_INTTYPES_H 1
| #define HAVE_STDINT_H 1
| #define HAVE_UNISTD_H 1
| #define HAVE_DLFCN_H 1
| #define LT_OBJDIR ".libs/"
| #define STDC_HEADERS 1
| #define HAVE_ERRNO_H 1
| #define HAVE_LIMITS_H 1
| #define HAVE_STDDEF_H 1
| #define HAVE_STDLIB_H 1
| #define HAVE_STRING_H 1
| #define HAVE_UNISTD_H 1
| #define HAVE_LIBM 1
| #define HAVE_LIBZ 1
| #define HAVE_LIBPNG 1
| #define HAVE_VISIBILITY 1
| /* end confdefs.h.  */
| #include <pthread.h>
|                         static void routine(void *a) { a = 0; }
|                         static void *start_routine(void *a) { return a; }
| int
| main ()
| {
| pthread_t th; pthread_attr_t attr;
|                         pthread_create(&th, 0, start_routine, 0);
|                         pthread_join(th, 0);
|                         pthread_attr_init(&attr);
|                         pthread_cleanup_push(routine, 0);
|                         pthread_cleanup_pop(0) /* ; */
|   ;
|   return 0;
| }
configure:14050: result: no
configure:13953: checking whether pthreads work with -kthread
configure:14041: mipsel-linux-uclibc-gcc -std=gnu99 -o conftest -fPIC -DNEED_PRINTF -Os -pipe -mips32r2 -mtune=74kc -mdspr2 -fno-caller-saves  -msoft-float  -mno-branch-likely -minterlink-mips16 -mips16 -I/home/bluebat/DEV/src/router/zlib -fvisibility=hidden -kthread  -I/usr/include/libpng12   -L/home/bluebat/DEV/src/router/zlib -L/home/bluebat/DEV/src/router/libgd/libpng/.libs conftest.c  -lz -lm  -lpng12   >&5
mipsel-linux-uclibc-gcc: error: unrecognized command line option '-kthread'
configure:14041: $? = 1
configure: failed program was:
| /* confdefs.h */
| #define PACKAGE_NAME "GD"
| #define PACKAGE_TARNAME "libgd"
| #define PACKAGE_VERSION "2.1.0"
| #define PACKAGE_STRING "GD 2.1.0"
| #define PACKAGE_BUGREPORT "https://bitbucket.org/libgd/gd-libgd/issues"
| #define PACKAGE_URL "http://lib.gd"
| #define PACKAGE "libgd"
| #define VERSION "2.1.0"
| #define STDC_HEADERS 1
| #define HAVE_SYS_TYPES_H 1
| #define HAVE_SYS_STAT_H 1
| #define HAVE_STDLIB_H 1
| #define HAVE_STRING_H 1
| #define HAVE_MEMORY_H 1
| #define HAVE_STRINGS_H 1
| #define HAVE_INTTYPES_H 1
| #define HAVE_STDINT_H 1
| #define HAVE_UNISTD_H 1
| #define HAVE_DLFCN_H 1
| #define LT_OBJDIR ".libs/"
| #define STDC_HEADERS 1
| #define HAVE_ERRNO_H 1
| #define HAVE_LIMITS_H 1
| #define HAVE_STDDEF_H 1
| #define HAVE_STDLIB_H 1
| #define HAVE_STRING_H 1
| #define HAVE_UNISTD_H 1
| #define HAVE_LIBM 1
| #define HAVE_LIBZ 1
| #define HAVE_LIBPNG 1
| #define HAVE_VISIBILITY 1
| /* end confdefs.h.  */
| #include <pthread.h>
|                         static void routine(void *a) { a = 0; }
|                         static void *start_routine(void *a) { return a; }
| int
| main ()
| {
| pthread_t th; pthread_attr_t attr;
|                         pthread_create(&th, 0, start_routine, 0);
|                         pthread_join(th, 0);
|                         pthread_attr_init(&attr);
|                         pthread_cleanup_push(routine, 0);
|                         pthread_cleanup_pop(0) /* ; */
|   ;
|   return 0;
| }
configure:14050: result: no
configure:14003: checking for the pthreads library -llthread
configure:14041: mipsel-linux-uclibc-gcc -std=gnu99 -o conftest -fPIC -DNEED_PRINTF -Os -pipe -mips32r2 -mtune=74kc -mdspr2 -fno-caller-saves  -msoft-float  -mno-branch-likely -minterlink-mips16 -mips16 -I/home/bluebat/DEV/src/router/zlib -fvisibility=hidden   -I/usr/include/libpng12   -L/home/bluebat/DEV/src/router/zlib -L/home/bluebat/DEV/src/router/libgd/libpng/.libs conftest.c -llthread -lz -lm  -lpng12   >&5
/home/bluebat/Dev/Toolchain/toolchain-mipsel_r2_gcc-4.7-linaro_uClibc-0.9.33.2/bin/../lib64/gcc/mipsel-openwrt-linux-uclibc/4.7.3/../../../../mipsel-openwrt-linux-uclibc/bin/ld: cannot find -llthread
collect2: error: ld returned 1 exit status
configure:14041: $? = 1
configure: failed program was:
| /* confdefs.h */
| #define PACKAGE_NAME "GD"
| #define PACKAGE_TARNAME "libgd"
| #define PACKAGE_VERSION "2.1.0"
| #define PACKAGE_STRING "GD 2.1.0"
| #define PACKAGE_BUGREPORT "https://bitbucket.org/libgd/gd-libgd/issues"
| #define PACKAGE_URL "http://lib.gd"
| #define PACKAGE "libgd"
| #define VERSION "2.1.0"
| #define STDC_HEADERS 1
| #define HAVE_SYS_TYPES_H 1
| #define HAVE_SYS_STAT_H 1
| #define HAVE_STDLIB_H 1
| #define HAVE_STRING_H 1
| #define HAVE_MEMORY_H 1
| #define HAVE_STRINGS_H 1
| #define HAVE_INTTYPES_H 1
| #define HAVE_STDINT_H 1
| #define HAVE_UNISTD_H 1
| #define HAVE_DLFCN_H 1
| #define LT_OBJDIR ".libs/"
| #define STDC_HEADERS 1
| #define HAVE_ERRNO_H 1
| #define HAVE_LIMITS_H 1
| #define HAVE_STDDEF_H 1
| #define HAVE_STDLIB_H 1
| #define HAVE_STRING_H 1
| #define HAVE_UNISTD_H 1
| #define HAVE_LIBM 1
| #define HAVE_LIBZ 1
| #define HAVE_LIBPNG 1
| #define HAVE_VISIBILITY 1
| /* end confdefs.h.  */
| #include <pthread.h>
|                         static void routine(void *a) { a = 0; }
|                         static void *start_routine(void *a) { return a; }
| int
| main ()
| {
| pthread_t th; pthread_attr_t attr;
|                         pthread_create(&th, 0, start_routine, 0);
|                         pthread_join(th, 0);
|                         pthread_attr_init(&attr);
|                         pthread_cleanup_push(routine, 0);
|                         pthread_cleanup_pop(0) /* ; */
|   ;
|   return 0;
| }
configure:14050: result: no
configure:13953: checking whether pthreads work with -pthread
configure:14041: mipsel-linux-uclibc-gcc -std=gnu99 -o conftest -fPIC -DNEED_PRINTF -Os -pipe -mips32r2 -mtune=74kc -mdspr2 -fno-caller-saves  -msoft-float  -mno-branch-likely -minterlink-mips16 -mips16 -I/home/bluebat/DEV/src/router/zlib -fvisibility=hidden -pthread  -I/usr/include/libpng12   -L/home/bluebat/DEV/src/router/zlib -L/home/bluebat/DEV/src/router/libgd/libpng/.libs conftest.c  -lz -lm  -lpng12   >&5
configure:14041: $? = 0
configure:14050: result: yes
configure:14069: checking for joinable pthread attribute
configure:14084: mipsel-linux-uclibc-gcc -std=gnu99 -o conftest -fPIC -DNEED_PRINTF -Os -pipe -mips32r2 -mtune=74kc -mdspr2 -fno-caller-saves  -msoft-float  -mno-branch-likely -minterlink-mips16 -mips16 -I/home/bluebat/DEV/src/router/zlib -fvisibility=hidden -pthread  -I/usr/include/libpng12   -L/home/bluebat/DEV/src/router/zlib -L/home/bluebat/DEV/src/router/libgd/libpng/.libs conftest.c  -lz -lm  -lpng12   >&5
configure:14084: $? = 0
configure:14090: result: PTHREAD_CREATE_JOINABLE
configure:14100: checking if more special flags are required for pthreads
configure:14114: result: no
configure:14120: checking for PTHREAD_PRIO_INHERIT
configure:14138: mipsel-linux-uclibc-gcc -std=gnu99 -o conftest -fPIC -DNEED_PRINTF -Os -pipe -mips32r2 -mtune=74kc -mdspr2 -fno-caller-saves  -msoft-float  -mno-branch-likely -minterlink-mips16 -mips16 -I/home/bluebat/DEV/src/router/zlib -fvisibility=hidden -pthread  -I/usr/include/libpng12   -L/home/bluebat/DEV/src/router/zlib -L/home/bluebat/DEV/src/router/libgd/libpng/.libs conftest.c  -lz -lm  -lpng12   >&5
conftest.c: In function 'main':
conftest.c:39:9: error: 'PTHREAD_PRIO_INHERIT' undeclared (first use in this function)
conftest.c:39:9: note: each undeclared identifier is reported only once for each function it appears in
configure:14138: $? = 1
configure: failed program was:
| /* confdefs.h */
| #define PACKAGE_NAME "GD"
| #define PACKAGE_TARNAME "libgd"
| #define PACKAGE_VERSION "2.1.0"
| #define PACKAGE_STRING "GD 2.1.0"
| #define PACKAGE_BUGREPORT "https://bitbucket.org/libgd/gd-libgd/issues"
| #define PACKAGE_URL "http://lib.gd"
| #define PACKAGE "libgd"
| #define VERSION "2.1.0"
| #define STDC_HEADERS 1
| #define HAVE_SYS_TYPES_H 1
| #define HAVE_SYS_STAT_H 1
| #define HAVE_STDLIB_H 1
| #define HAVE_STRING_H 1
| #define HAVE_MEMORY_H 1
| #define HAVE_STRINGS_H 1
| #define HAVE_INTTYPES_H 1
| #define HAVE_STDINT_H 1
| #define HAVE_UNISTD_H 1
| #define HAVE_DLFCN_H 1
| #define LT_OBJDIR ".libs/"
| #define STDC_HEADERS 1
| #define HAVE_ERRNO_H 1
| #define HAVE_LIMITS_H 1
| #define HAVE_STDDEF_H 1
| #define HAVE_STDLIB_H 1
| #define HAVE_STRING_H 1
| #define HAVE_UNISTD_H 1
| #define HAVE_LIBM 1
| #define HAVE_LIBZ 1
| #define HAVE_LIBPNG 1
| #define HAVE_VISIBILITY 1
| /* end confdefs.h.  */
| 
|                     #include <pthread.h>
| int
| main ()
| {
| int i = PTHREAD_PRIO_INHERIT;
|   ;
|   return 0;
| }
configure:14147: result: no
configure:14247: checking whether we are building for a Win32 host
configure:14259: mipsel-linux-uclibc-gcc -std=gnu99 -c -fPIC -DNEED_PRINTF -Os -pipe -mips32r2 -mtune=74kc -mdspr2 -fno-caller-saves  -msoft-float  -mno-branch-likely -minterlink-mips16 -mips16 -I/home/bluebat/DEV/src/router/zlib -fvisibility=hidden  -I/usr/include/libpng12   conftest.c >&5
configure:14259: $? = 0
configure:14266: result: no
configure:14287: result:
** Configuration summary for libgd 2.1.0:

   Support for Zlib:                 yes
   Support for PNG library:          yes
   Support for JPEG library:         no
   Support for VPX library:          no
   Support for TIFF library:         no
   Support for Freetype 2.x library: no
   Support for Fontconfig library:   no
   Support for Xpm library:          no
   Support for pthreads:             yes

configure:14456: creating ./config.status

## ---------------------- ##
## Running config.status. ##
## ---------------------- ##

This file was extended by GD config.status 2.1.0, which was
generated by GNU Autoconf 2.67.  Invocation command line was

  CONFIG_FILES    = 
  CONFIG_HEADERS  = 
  CONFIG_LINKS    = 
  CONFIG_COMMANDS = 
  $ ./config.status 

on linux-vm-os64.site

config.status:1135: creating Makefile
config.status:1135: creating src/Makefile
config.status:1135: creating tests/Makefile
config.status:1135: creating tests/test_config.h
config.status:1135: creating config/Makefile
config.status:1135: creating config/gdlib-config
config.status:1135: creating config/gdlib.pc
config.status:1135: creating src/config.h
config.status:1315: src/config.h is unchanged
config.status:1363: executing depfiles commands
config.status:1363: executing libtool commands

## ---------------- ##
## Cache variables. ##
## ---------------- ##

ac_cv_build=x86_64-unknown-linux-gnu
ac_cv_c_compiler_gnu=yes
ac_cv_env_CC_set=set
ac_cv_env_CC_value=mipsel-linux-uclibc-gcc
ac_cv_env_CFLAGS_set=set
ac_cv_env_CFLAGS_value='-fPIC -DNEED_PRINTF -Os -pipe -mips32r2 -mtune=74kc -mdspr2 -fno-caller-saves  -msoft-float  -mno-branch-likely -minterlink-mips16 -mips16 -I/home/bluebat/DEV/src/router/zlib'
ac_cv_env_CPPFLAGS_set=
ac_cv_env_CPPFLAGS_value=
ac_cv_env_CPP_set=
ac_cv_env_CPP_value=
ac_cv_env_LDFLAGS_set=set
ac_cv_env_LDFLAGS_value='-L/home/bluebat/DEV/src/router/zlib -L/home/bluebat/DEV/src/router/libgd/libpng/.libs'
ac_cv_env_LIBFONTCONFIG_CFLAGS_set=
ac_cv_env_LIBFONTCONFIG_CFLAGS_value=
ac_cv_env_LIBFONTCONFIG_LIBS_set=
ac_cv_env_LIBFONTCONFIG_LIBS_value=
ac_cv_env_LIBFREETYPE_CFLAGS_set=
ac_cv_env_LIBFREETYPE_CFLAGS_value=
ac_cv_env_LIBFREETYPE_LIBS_set=
ac_cv_env_LIBFREETYPE_LIBS_value=
ac_cv_env_LIBPNG_CFLAGS_set=
ac_cv_env_LIBPNG_CFLAGS_value=
ac_cv_env_LIBPNG_LIBS_set=
ac_cv_env_LIBPNG_LIBS_value=
ac_cv_env_LIBS_set=
ac_cv_env_LIBS_value=
ac_cv_env_LIBTIFF_CFLAGS_set=
ac_cv_env_LIBTIFF_CFLAGS_value=
ac_cv_env_LIBTIFF_LIBS_set=
ac_cv_env_LIBTIFF_LIBS_value=
ac_cv_env_LIBVPX_CFLAGS_set=
ac_cv_env_LIBVPX_CFLAGS_value=
ac_cv_env_LIBVPX_LIBS_set=
ac_cv_env_LIBVPX_LIBS_value=
ac_cv_env_LIBXPM_CFLAGS_set=
ac_cv_env_LIBXPM_CFLAGS_value=
ac_cv_env_LIBXPM_LIBS_set=
ac_cv_env_LIBXPM_LIBS_value=
ac_cv_env_PKG_CONFIG_LIBDIR_set=
ac_cv_env_PKG_CONFIG_LIBDIR_value=
ac_cv_env_PKG_CONFIG_PATH_set=
ac_cv_env_PKG_CONFIG_PATH_value=
ac_cv_env_PKG_CONFIG_set=
ac_cv_env_PKG_CONFIG_value=
ac_cv_env_XMKMF_set=
ac_cv_env_XMKMF_value=
ac_cv_env_build_alias_set=
ac_cv_env_build_alias_value=
ac_cv_env_host_alias_set=set
ac_cv_env_host_alias_value=mipsel-linux-uclibc
ac_cv_env_target_alias_set=
ac_cv_env_target_alias_value=
ac_cv_func_mmap_fixed_mapped='yes '
ac_cv_func_posix_getgrgid_r=no
ac_cv_func_posix_getpwuid_r=no
ac_cv_func_sin=no
ac_cv_header_dlfcn_h=yes
ac_cv_header_errno_h=yes
ac_cv_header_iconv_h=no
ac_cv_header_inttypes_h=yes
ac_cv_header_limits_h=yes
ac_cv_header_memory_h=yes
ac_cv_header_stdc=yes
ac_cv_header_stddef_h=yes
ac_cv_header_stdint_h=yes
ac_cv_header_stdlib_h=yes
ac_cv_header_string_h=yes
ac_cv_header_strings_h=yes
ac_cv_header_sys_stat_h=yes
ac_cv_header_sys_types_h=yes
ac_cv_header_unistd_h=yes
ac_cv_host=mipsel-unknown-linux-uclibc
ac_cv_lib_jpeg_jpeg_set_defaults=no
ac_cv_lib_m_sin=yes
ac_cv_lib_rt_clock_gettime=no
ac_cv_lib_z_deflate=yes
ac_cv_objext=o
ac_cv_path_EGREP='/usr/bin/grep -E'
ac_cv_path_FGREP='/usr/bin/grep -F'
ac_cv_path_GREP=/usr/bin/grep
ac_cv_path_SED=/home/bluebat/Dev/Toolchain/toolchain-mipsel_r2_gcc-4.7-linaro_uClibc-0.9.33.2/bin/sed
ac_cv_path_ac_pt_PKG_CONFIG=/usr/bin/pkg-config
ac_cv_path_install='/usr/bin/install -c'
ac_cv_path_mkdir=/usr/bin/mkdir
ac_cv_prog_AR=mipsel-linux-uclibc-ar
ac_cv_prog_AWK=gawk
ac_cv_prog_CC=mipsel-linux-uclibc-gcc
ac_cv_prog_CPP='mipsel-linux-uclibc-gcc -std=gnu99 -E'
ac_cv_prog_OBJDUMP=mipsel-linux-uclibc-objdump
ac_cv_prog_RANLIB=mipsel-linux-uclibc-ranlib
ac_cv_prog_STRIP=@true
ac_cv_prog_cc_c89=
ac_cv_prog_cc_c99=-std=gnu99
ac_cv_prog_cc_g=yes
ac_cv_prog_cc_mipsel_linux_uclibc_gcc_c_o=yes
ac_cv_prog_cc_stdc=-std=gnu99
ac_cv_prog_make_make_set=yes
acl_cv_hardcode_direct=no
acl_cv_hardcode_libdir_flag_spec='${wl}-rpath ${wl}$libdir'
acl_cv_hardcode_libdir_separator=
acl_cv_hardcode_minus_L=no
acl_cv_libext=a
acl_cv_libname_spec='lib$name'
acl_cv_library_names_spec='$libname$shrext'
acl_cv_path_LD=mipsel-linux-uclibc-ld
acl_cv_prog_gnu_ld=yes
acl_cv_rpath=done
acl_cv_shlibext=so
acl_cv_wl=-Wl,
am_cv_CC_dependencies_compiler_type=gcc3
am_cv_func_iconv='no, consider installing GNU libiconv'
am_cv_lib_iconv=no
ax_cv_PTHREAD_PRIO_INHERIT=no
gl_cv_cc_visibility=yes
glib_cv_stack_grows='no '
glib_cv_uscore='no '
lt_cv_deplibs_check_method=pass_all
lt_cv_file_magic_cmd='$MAGIC_CMD'
lt_cv_file_magic_test_file=
lt_cv_ld_reload_flag=-r
lt_cv_nm_interface='BSD nm'
lt_cv_objdir=.libs
lt_cv_path_LD=mipsel-linux-uclibc-ld
lt_cv_path_NM=mipsel-linux-uclibc-nm
lt_cv_prog_compiler_c_o=yes
lt_cv_prog_compiler_pic_works=yes
lt_cv_prog_compiler_rtti_exceptions=no
lt_cv_prog_compiler_static_works=yes
lt_cv_prog_gnu_ld=yes
lt_cv_sys_global_symbol_pipe='sed -n -e '\''s/^.*[	 ]\([ABCDGIRSTW][ABCDGIRSTW]*\)[	 ][	 ]*\([_A-Za-z][_A-Za-z0-9]*\)$/\1 \2 \2/p'\'''
lt_cv_sys_global_symbol_to_c_name_address='sed -n -e '\''s/^: \([^ ]*\) $/  {\"\1\", (void *) 0},/p'\'' -e '\''s/^[ABCDGIRSTW]* \([^ ]*\) \([^ ]*\)$/  {"\2", (void *) \&\2},/p'\'''
lt_cv_sys_global_symbol_to_c_name_address_lib_prefix='sed -n -e '\''s/^: \([^ ]*\) $/  {\"\1\", (void *) 0},/p'\'' -e '\''s/^[ABCDGIRSTW]* \([^ ]*\) \(lib[^ ]*\)$/  {"\2", (void *) \&\2},/p'\'' -e '\''s/^[ABCDGIRSTW]* \([^ ]*\) \([^ ]*\)$/  {"lib\2", (void *) \&\2},/p'\'''
lt_cv_sys_global_symbol_to_cdecl='sed -n -e '\''s/^T .* \(.*\)$/extern int \1();/p'\'' -e '\''s/^[ABCDGIRSTW]* .* \(.*\)$/extern char \1;/p'\'''
lt_cv_sys_max_cmd_len=1572864
mingw_cv_win32_host=no
pkg_cv_LIBPNG_CFLAGS='-I/usr/include/libpng12  '
pkg_cv_LIBPNG_LIBS='-lpng12  '

## ----------------- ##
## Output variables. ##
## ----------------- ##

ACLOCAL='${SHELL} /home/bluebat/DEV/src/router/libgd/config/missing --run aclocal-1.11'
AMDEPBACKSLASH='\'
AMDEP_FALSE='#'
AMDEP_TRUE=''
AMTAR='${SHELL} /home/bluebat/DEV/src/router/libgd/config/missing --run tar'
AR='mipsel-linux-uclibc-ar'
AUTOCONF='${SHELL} /home/bluebat/DEV/src/router/libgd/config/missing --run autoconf'
AUTOHEADER='${SHELL} /home/bluebat/DEV/src/router/libgd/config/missing --run autoheader'
AUTOMAKE='${SHELL} /home/bluebat/DEV/src/router/libgd/config/missing --run automake-1.11'
AWK='gawk'
CC='mipsel-linux-uclibc-gcc -std=gnu99'
CCDEPMODE='depmode=gcc3'
CFLAGS='-fPIC -DNEED_PRINTF -Os -pipe -mips32r2 -mtune=74kc -mdspr2 -fno-caller-saves  -msoft-float  -mno-branch-likely -minterlink-mips16 -mips16 -I/home/bluebat/DEV/src/router/zlib -fvisibility=hidden'
CFLAG_VISIBILITY='-fvisibility=hidden'
CPP='mipsel-linux-uclibc-gcc -std=gnu99 -E'
CPPFLAGS=' -I/usr/include/libpng12  '
CYGPATH_W='echo'
DEFS='-DHAVE_CONFIG_H'
DEPDIR='.deps'
DSYMUTIL=''
DUMPBIN=''
ECHO_C=''
ECHO_N='-n'
ECHO_T=''
EGREP='/usr/bin/grep -E'
EXEEXT=''
FEATURES='GD_PNG GD_GIF GD_GIFANIM GD_OPENPOLYGON'
FGREP='/usr/bin/grep -F'
GDLIB_AGE='0'
GDLIB_CURRENT='3'
GDLIB_EXTRA='gd_EXTRA'
GDLIB_MAJOR='2'
GDLIB_MINOR='1'
GDLIB_REVISION='0'
GREP='/usr/bin/grep'
HAVE_LIBFONTCONFIG_FALSE=''
HAVE_LIBFONTCONFIG_TRUE='#'
HAVE_LIBFREETYPE_FALSE=''
HAVE_LIBFREETYPE_TRUE='#'
HAVE_LIBJPEG_FALSE=''
HAVE_LIBJPEG_TRUE='#'
HAVE_LIBPNG_FALSE='#'
HAVE_LIBPNG_TRUE=''
HAVE_LIBTIFF_FALSE=''
HAVE_LIBTIFF_TRUE='#'
HAVE_LIBVPX_FALSE=''
HAVE_LIBVPX_TRUE='#'
HAVE_LIBXPM_FALSE=''
HAVE_LIBXPM_TRUE='#'
HAVE_LIBZ_FALSE='#'
HAVE_LIBZ_TRUE=''
HAVE_VISIBILITY='1'
INSTALL_DATA='${INSTALL} -m 644'
INSTALL_PROGRAM='${INSTALL}'
INSTALL_SCRIPT='${INSTALL}'
INSTALL_STRIP_PROGRAM='$(install_sh) -c -s'
LD='mipsel-linux-uclibc-ld'
LDFLAGS='-L/home/bluebat/DEV/src/router/zlib -L/home/bluebat/DEV/src/router/libgd/libpng/.libs'
LIBFONTCONFIG_CFLAGS=''
LIBFONTCONFIG_LIBS=''
LIBFREETYPE_CFLAGS=''
LIBFREETYPE_LIBS=''
LIBICONV=''
LIBOBJS=''
LIBPNG_CFLAGS='-I/usr/include/libpng12  '
LIBPNG_LIBS='-lpng12  '
LIBS='-lz -lm  -lpng12  '
LIBTIFF_CFLAGS=''
LIBTIFF_LIBS=''
LIBTOOL='$(SHELL) $(top_builddir)/libtool'
LIBVPX_CFLAGS=''
LIBVPX_LIBS=''
LIBXPM_CFLAGS=''
LIBXPM_LIBS=''
LIPO=''
LN_S='ln -s'
LTLIBICONV=''
LTLIBOBJS=''
MAKEINFO='${SHELL} /home/bluebat/DEV/src/router/libgd/config/missing --run makeinfo'
MKDIR_P='/usr/bin/mkdir -p'
NM='mipsel-linux-uclibc-nm'
NMEDIT=''
OBJDUMP='mipsel-linux-uclibc-objdump'
OBJEXT='o'
OTOOL64=''
OTOOL=''
PACKAGE='libgd'
PACKAGE_BUGREPORT='https://bitbucket.org/libgd/gd-libgd/issues'
PACKAGE_NAME='GD'
PACKAGE_STRING='GD 2.1.0'
PACKAGE_TARNAME='libgd'
PACKAGE_URL='http://lib.gd'
PACKAGE_VERSION='2.1.0'
PATH_SEPARATOR=':'
PKG_CONFIG='/usr/bin/pkg-config'
PKG_CONFIG_LIBDIR=''
PKG_CONFIG_PATH=''
PTHREAD_CC='mipsel-linux-uclibc-gcc -std=gnu99'
PTHREAD_CFLAGS='-pthread'
PTHREAD_LIBS=''
RANLIB='mipsel-linux-uclibc-ranlib'
SED='/home/bluebat/Dev/Toolchain/toolchain-mipsel_r2_gcc-4.7-linaro_uClibc-0.9.33.2/bin/sed'
SET_MAKE=''
SHELL='/bin/sh'
STRIP='@true'
VERSION='2.1.0'
XMKMF=''
ac_ct_CC=''
ac_ct_DUMPBIN=''
am__EXEEXT_FALSE=''
am__EXEEXT_TRUE='#'
am__fastdepCC_FALSE='#'
am__fastdepCC_TRUE=''
am__include='include'
am__isrc=''
am__leading_dot='.'
am__quote=''
am__tar='${AMTAR} chof - "$$tardir"'
am__untar='${AMTAR} xf -'
ax_pthread_config=''
bindir='${exec_prefix}/bin'
build='x86_64-unknown-linux-gnu'
build_alias=''
build_cpu='x86_64'
build_os='linux-gnu'
build_vendor='unknown'
datadir='${datarootdir}'
datarootdir='${prefix}/share'
docdir='${datarootdir}/doc/${PACKAGE_TARNAME}'
dvidir='${docdir}'
exec_prefix='${prefix}'
host='mipsel-unknown-linux-uclibc'
host_alias='mipsel-linux-uclibc'
host_cpu='mipsel'
host_os='linux-uclibc'
host_vendor='unknown'
htmldir='${docdir}'
includedir='${prefix}/include'
infodir='${datarootdir}/info'
install_sh='${SHELL} /home/bluebat/DEV/src/router/libgd/config/install-sh'
libdir='${exec_prefix}/lib'
libexecdir='${exec_prefix}/lib'
localedir='${datarootdir}/locale'
localstatedir='${prefix}/var'
lt_ECHO='echo'
mandir='${datarootdir}/man'
mkdir_p='/usr/bin/mkdir -p'
oldincludedir='/usr/include'
pdfdir='${docdir}'
prefix='/usr/local'
program_transform_name='s,x,x,'
psdir='${docdir}'
sbindir='${exec_prefix}/sbin'
sharedstatedir='${prefix}/com'
sysconfdir='${prefix}/etc'
target_alias=''

## ----------- ##
## confdefs.h. ##
## ----------- ##

/* confdefs.h */
#define PACKAGE_NAME "GD"
#define PACKAGE_TARNAME "libgd"
#define PACKAGE_VERSION "2.1.0"
#define PACKAGE_STRING "GD 2.1.0"
#define PACKAGE_BUGREPORT "https://bitbucket.org/libgd/gd-libgd/issues"
#define PACKAGE_URL "http://lib.gd"
#define PACKAGE "libgd"
#define VERSION "2.1.0"
#define STDC_HEADERS 1
#define HAVE_SYS_TYPES_H 1
#define HAVE_SYS_STAT_H 1
#define HAVE_STDLIB_H 1
#define HAVE_STRING_H 1
#define HAVE_MEMORY_H 1
#define HAVE_STRINGS_H 1
#define HAVE_INTTYPES_H 1
#define HAVE_STDINT_H 1
#define HAVE_UNISTD_H 1
#define HAVE_DLFCN_H 1
#define LT_OBJDIR ".libs/"
#define STDC_HEADERS 1
#define HAVE_ERRNO_H 1
#define HAVE_LIMITS_H 1
#define HAVE_STDDEF_H 1
#define HAVE_STDLIB_H 1
#define HAVE_STRING_H 1
#define HAVE_UNISTD_H 1
#define HAVE_LIBM 1
#define HAVE_LIBZ 1
#define HAVE_LIBPNG 1
#define HAVE_VISIBILITY 1
#define HAVE_PTHREAD 1

configure: exit 0
