autoscan: warning: missing AC_CHECK_FUNCS([strchr]) wanted by: 
	libltdl/ltdl.c:264
	libltdl/ltdl.c:267
	libltdl/ltdl.c:608
	libltdl/ltdl.c:1976
	libltdl/ltdl.c:3107
autoscan: warning: missing AC_CHECK_FUNCS([strdup]) wanted by: 
	lib/mcrypt_extra.c:54
	lib/mcrypt_extra.c:88
	lib/mcrypt_extra.c:146
	lib/mcrypt_extra.c:193
	lib/mcrypt_extra.c:250
	lib/mcrypt_modules.c:469
	lib/mcrypt_modules.c:547
	libltdl/ltdl.c:206
	libltdl/ltdl.c:209
	libltdl/ltdl.c:897
	libltdl/ltdl.c:1396
autoscan: warning: missing AC_CHECK_FUNCS([strrchr]) wanted by: 
	lib/mcrypt_extra.c:123
	lib/mcrypt_extra.c:229
	libltdl/ltdl.c:290
	libltdl/ltdl.c:293
	libltdl/ltdl.c:1193
	libltdl/ltdl.c:2243
	libltdl/ltdl.c:2498
	libltdl/ltdl.c:2590
	libltdl/ltdl.c:2613
	libltdl/ltdl.c:2785
	libltdl/ltdl.c:2963
autoscan: warning: missing AC_CHECK_HEADERS([argz.h]) wanted by: 
	libltdl/ltdl.c:86
autoscan: warning: missing AC_CHECK_HEADERS([malloc.h]) wanted by: 
	libltdl/ltdl.c:57
autoscan: warning: missing AC_C_RESTRICT wanted by: 
	modules/algorithms/panama.h:76
	modules/algorithms/panama.h:77
	modules/algorithms/panama.h:79
	modules/algorithms/panama.h:80
	modules/algorithms/panama.h:82
	modules/algorithms/panama.h:84
	modules/algorithms/panama.h:85
	modules/algorithms/panama.c:325
	modules/algorithms/panama.c:326
	modules/algorithms/panama.c:328
	modules/algorithms/panama.c:329
	modules/algorithms/panama.c:339
	modules/algorithms/panama.c:339
	modules/algorithms/panama.c:340
	modules/algorithms/panama.c:340
	modules/algorithms/panama.c:418
	modules/algorithms/panama.c:420
	modules/algorithms/panama.c:421
	modules/algorithms/panama.c:431
	modules/algorithms/panama.c:431
	modules/algorithms/panama.c:432
	modules/algorithms/panama.c:432
autoscan: warning: missing AC_FUNC_CLOSEDIR_VOID wanted by: 
	lib/mcrypt_extra.c:159
	lib/mcrypt_extra.c:265
	libltdl/ltdl.c:3175
autoscan: warning: missing AC_FUNC_MALLOC wanted by: 
	lib/mcrypt_modules.c:426
	lib/mcrypt_modules.c:997
	lib/xmemory.c:54
	modules/algorithms/cast-128.c:355
	modules/algorithms/safer64.c:347
	modules/algorithms/safer128.c:350
	modules/algorithms/loki97.c:436
	modules/algorithms/rc2.c:275
	modules/algorithms/wake.c:327
	modules/algorithms/wake.c:328
	modules/algorithms/blowfish-compat.c:621
	modules/algorithms/saferplus.c:641
	modules/algorithms/twofish.c:633
	modules/algorithms/tripledes.c:808
	modules/algorithms/rijndael-192.c:457
	modules/algorithms/serpent.c:921
	modules/algorithms/panama.c:647
	modules/algorithms/des.c:625
	modules/algorithms/3-way.c:305
	modules/algorithms/cast-256.c:534
	modules/algorithms/rijndael-256.c:459
	modules/algorithms/gost.c:375
	modules/algorithms/enigma.c:241
	modules/algorithms/rijndael-128.c:459
	modules/algorithms/arcfour.c:169
	modules/algorithms/blowfish.c:529
	modules/algorithms/xtea.c:195
	modules/modes/ofb.c:53
	modules/modes/ofb.c:56
	modules/modes/ncfb.c:53
	modules/modes/ncfb.c:56
	modules/modes/cfb.c:51
	modules/modes/cfb.c:54
	modules/modes/nofb.c:52
	modules/modes/nofb.c:55
	modules/modes/cbc.c:53
	modules/modes/cbc.c:54
	src/aes_test.c:88
	src/aes_test.c:121
	src/aes_test.c:168
	src/aes_test.c:210
	doc/example.c:30
	doc/example.c:88
	doc/example.c:93
autoscan: warning: missing AC_FUNC_MEMCMP wanted by: 
	modules/algorithms/wake.c:357
	modules/algorithms/twofish.c:655
	src/aes_test.c:93
	src/aes_test.c:132
	src/aes_test.c:141
	src/aes_test.c:173
	src/aes_test.c:183
	src/aes_test.c:216
	src/aes_test.c:225
	src/cipher_test.c:104
autoscan: warning: missing AC_FUNC_REALLOC wanted by: 
	lib/mcrypt_extra.c:82
	lib/mcrypt_extra.c:138
	lib/mcrypt_extra.c:188
	lib/mcrypt_extra.c:242
	lib/xmemory.c:79
	libltdl/ltdl.c:386
	libltdl/ltdl.c:887
autoscan: warning: missing AC_HEADER_DIRENT wanted by: 
	lib/libdefs.h:70
	libltdl/ltdl.c:69
	libltdl/ltdl.c:81
	libltdl/ltdl.c:78
	libltdl/ltdl.c:75
autoscan: warning: missing AC_PROG_RANLIB wanted by: 
	ltmain.sh:6857
autoscan: warning: missing AC_STRUCT_TM wanted by: 
	modules/algorithms/cast-256.c:348
	modules/algorithms/cast-256.c:349
	modules/algorithms/cast-256.c:350
	modules/algorithms/cast-256.c:351
	modules/algorithms/cast-256.c:352
	modules/algorithms/cast-256.c:353
	modules/algorithms/cast-256.c:354
	modules/algorithms/cast-256.c:355
	modules/algorithms/cast-256.c:362
	modules/algorithms/cast-256.c:381
	modules/algorithms/cast-256.c:387
	modules/algorithms/cast-256.c:390
	modules/algorithms/cast-256.c:396
autoscan: warning: missing AC_TYPE_SIZE_T wanted by: 
	lib/bzero.c:27
	lib/bzero.c:30
	lib/bzero.c:33
	lib/xmemory.h:1
	lib/xmemory.h:2
	lib/xmemory.h:2
	lib/xmemory.h:3
	lib/xmemory.h:4
	lib/bzero.h:1
	lib/xmemory.c:35
	lib/xmemory.c:50
	lib/xmemory.c:63
	lib/xmemory.c:63
	lib/xmemory.c:75
	lib/xmemory.c:88
	libltdl/ltdl.h:204
	libltdl/ltdl.h:205
	libltdl/ltdl.c:158
	libltdl/ltdl.c:159
	libltdl/ltdl.c:161
	libltdl/ltdl.c:164
	libltdl/ltdl.c:165
	libltdl/ltdl.c:166
	libltdl/ltdl.c:167
	libltdl/ltdl.c:324
	libltdl/ltdl.c:330
	libltdl/ltdl.c:332
	libltdl/ltdl.c:348
	libltdl/ltdl.c:354
	libltdl/ltdl.c:356
	libltdl/ltdl.c:388
	libltdl/ltdl.c:426
	libltdl/ltdl.c:427
	libltdl/ltdl.c:432
	libltdl/ltdl.c:434
	libltdl/ltdl.c:436
	libltdl/ltdl.c:469
	libltdl/ltdl.c:476
	libltdl/ltdl.c:478
	libltdl/ltdl.c:531
	libltdl/ltdl.c:537
	libltdl/ltdl.c:557
	libltdl/ltdl.c:558
	libltdl/ltdl.c:559
	libltdl/ltdl.c:588
	libltdl/ltdl.c:594
	libltdl/ltdl.c:633
	libltdl/ltdl.c:639
	libltdl/ltdl.c:874
	libltdl/ltdl.c:885
	libltdl/ltdl.c:1670
	libltdl/ltdl.c:1695
	libltdl/ltdl.c:1699
	libltdl/ltdl.c:1702
	libltdl/ltdl.c:1710
	libltdl/ltdl.c:1967
	libltdl/ltdl.c:1968
	libltdl/ltdl.c:2070
	libltdl/ltdl.c:2071
	libltdl/ltdl.c:2122
	libltdl/ltdl.c:2162
	libltdl/ltdl.c:2163
	libltdl/ltdl.c:2186
	libltdl/ltdl.c:2413
	libltdl/ltdl.c:2499
	libltdl/ltdl.c:2593
	libltdl/ltdl.c:2623
	libltdl/ltdl.c:2640
	libltdl/ltdl.c:2952
	libltdl/ltdl.c:3035
	libltdl/ltdl.c:3061
	libltdl/ltdl.c:3085
	libltdl/ltdl.c:3090
	libltdl/ltdl.c:3092
	libltdl/ltdl.c:3093
	libltdl/ltdl.c:3152
	libltdl/ltdl.c:3197
	libltdl/ltdl.c:3342
	libltdl/ltdl.c:3451
