Terminaux inutilisés dans la grammaire

    ':'
    ','
    '.'
    '\''
    '+'
    '-'
    '/'
    '*'
    '%'
    '$'
    '<'
    '>'
    '?'
    '@'
    '{'


Grammaire

    0 $accept: statement_list "end of file"

    1 statement_list: statement_list statement
    2               | ε

    3 statement: TC_SECTION section_string_or_value ']'
    4          | TC_LABEL '=' string_or_value
    5          | TC_OFFSET option_offset ']' '=' string_or_value
    6          | TC_LABEL
    7          | END_OF_LINE

    8 section_string_or_value: var_string_list_section
    9                        | ε

   10 string_or_value: expr
   11                | BOOL_TRUE
   12                | BOOL_FALSE
   13                | NULL_NULL
   14                | END_OF_LINE

   15 option_offset: var_string_list
   16              | ε

   17 encapsed_list: encapsed_list cfg_var_ref
   18              | encapsed_list TC_QUOTED_STRING
   19              | ε

   20 var_string_list_section: cfg_var_ref
   21                        | constant_literal
   22                        | '"' encapsed_list '"'
   23                        | var_string_list_section cfg_var_ref
   24                        | var_string_list_section constant_literal
   25                        | var_string_list_section '"' encapsed_list '"'

   26 var_string_list: cfg_var_ref
   27                | constant_string
   28                | '"' encapsed_list '"'
   29                | var_string_list cfg_var_ref
   30                | var_string_list constant_string
   31                | var_string_list '"' encapsed_list '"'

   32 expr: var_string_list
   33     | expr '|' expr
   34     | expr '&' expr
   35     | expr '^' expr
   36     | '~' expr
   37     | '!' expr
   38     | '(' expr ')'

   39 cfg_var_ref: TC_DOLLAR_CURLY TC_VARNAME '}'

   40 constant_literal: TC_CONSTANT
   41                 | TC_RAW
   42                 | TC_NUMBER
   43                 | TC_STRING
   44                 | TC_WHITESPACE

   45 constant_string: TC_CONSTANT
   46                | TC_RAW
   47                | TC_NUMBER
   48                | TC_STRING
   49                | TC_WHITESPACE


Terminaux, suivis des règles où ils apparaissent

    "end of file" (0) 0
    '!' (33) 37
    '"' (34) 22 25 28 31
    '$' (36)
    '%' (37)
    '&' (38) 34
    '\'' (39)
    '(' (40) 38
    ')' (41) 38
    '*' (42)
    '+' (43)
    ',' (44)
    '-' (45)
    '.' (46)
    '/' (47)
    ':' (58)
    '<' (60)
    '=' (61) 4 5
    '>' (62)
    '?' (63)
    '@' (64)
    ']' (93) 3 5
    '^' (94) 35
    '{' (123)
    '|' (124) 33
    '}' (125) 39
    '~' (126) 36
    error (256)
    TC_SECTION (258) 3
    TC_RAW (259) 41 46
    TC_CONSTANT (260) 40 45
    TC_NUMBER (261) 42 47
    TC_STRING (262) 43 48
    TC_WHITESPACE (263) 44 49
    TC_LABEL (264) 4 6
    TC_OFFSET (265) 5
    TC_DOLLAR_CURLY (266) 39
    TC_VARNAME (267) 39
    TC_QUOTED_STRING (268) 18
    BOOL_TRUE (269) 11
    BOOL_FALSE (270) 12
    NULL_NULL (271) 13
    END_OF_LINE (272) 7 14


Non-terminaux, suivis des règles où ils apparaissent

    $accept (44)
        à gauche: 0
    statement_list (45)
        à gauche: 1 2
        à droite: 0 1
    statement (46)
        à gauche: 3 4 5 6 7
        à droite: 1
    section_string_or_value (47)
        à gauche: 8 9
        à droite: 3
    string_or_value (48)
        à gauche: 10 11 12 13 14
        à droite: 4 5
    option_offset (49)
        à gauche: 15 16
        à droite: 5
    encapsed_list (50)
        à gauche: 17 18 19
        à droite: 17 18 22 25 28 31
    var_string_list_section (51)
        à gauche: 20 21 22 23 24 25
        à droite: 8 23 24 25
    var_string_list (52)
        à gauche: 26 27 28 29 30 31
        à droite: 15 29 30 31 32
    expr (53)
        à gauche: 32 33 34 35 36 37 38
        à droite: 10 33 34 35 36 37 38
    cfg_var_ref (54)
        à gauche: 39
        à droite: 17 20 23 26 29
    constant_literal (55)
        à gauche: 40 41 42 43 44
        à droite: 21 24
    constant_string (56)
        à gauche: 45 46 47 48 49
        à droite: 27 30


État 0

    0 $accept: • statement_list "end of file"

    $défaut  réduction par utilisation de la règle 2 (statement_list)

    statement_list  aller à l'état 1


État 1

    0 $accept: statement_list • "end of file"
    1 statement_list: statement_list • statement

    "end of file"  décalage et aller à l'état 2
    TC_SECTION     décalage et aller à l'état 3
    TC_LABEL       décalage et aller à l'état 4
    TC_OFFSET      décalage et aller à l'état 5
    END_OF_LINE    décalage et aller à l'état 6

    statement  aller à l'état 7


État 2

    0 $accept: statement_list "end of file" •

    $défaut  accepter


État 3

    3 statement: TC_SECTION • section_string_or_value ']'

    TC_RAW           décalage et aller à l'état 8
    TC_CONSTANT      décalage et aller à l'état 9
    TC_NUMBER        décalage et aller à l'état 10
    TC_STRING        décalage et aller à l'état 11
    TC_WHITESPACE    décalage et aller à l'état 12
    TC_DOLLAR_CURLY  décalage et aller à l'état 13
    '"'              décalage et aller à l'état 14

    $défaut  réduction par utilisation de la règle 9 (section_string_or_value)

    section_string_or_value  aller à l'état 15
    var_string_list_section  aller à l'état 16
    cfg_var_ref              aller à l'état 17
    constant_literal         aller à l'état 18


État 4

    4 statement: TC_LABEL • '=' string_or_value
    6          | TC_LABEL •

    '='  décalage et aller à l'état 19

    $défaut  réduction par utilisation de la règle 6 (statement)


État 5

    5 statement: TC_OFFSET • option_offset ']' '=' string_or_value

    TC_RAW           décalage et aller à l'état 20
    TC_CONSTANT      décalage et aller à l'état 21
    TC_NUMBER        décalage et aller à l'état 22
    TC_STRING        décalage et aller à l'état 23
    TC_WHITESPACE    décalage et aller à l'état 24
    TC_DOLLAR_CURLY  décalage et aller à l'état 13
    '"'              décalage et aller à l'état 25

    $défaut  réduction par utilisation de la règle 16 (option_offset)

    option_offset    aller à l'état 26
    var_string_list  aller à l'état 27
    cfg_var_ref      aller à l'état 28
    constant_string  aller à l'état 29


État 6

    7 statement: END_OF_LINE •

    $défaut  réduction par utilisation de la règle 7 (statement)


État 7

    1 statement_list: statement_list statement •

    $défaut  réduction par utilisation de la règle 1 (statement_list)


État 8

   41 constant_literal: TC_RAW •

    $défaut  réduction par utilisation de la règle 41 (constant_literal)


État 9

   40 constant_literal: TC_CONSTANT •

    $défaut  réduction par utilisation de la règle 40 (constant_literal)


État 10

   42 constant_literal: TC_NUMBER •

    $défaut  réduction par utilisation de la règle 42 (constant_literal)


État 11

   43 constant_literal: TC_STRING •

    $défaut  réduction par utilisation de la règle 43 (constant_literal)


État 12

   44 constant_literal: TC_WHITESPACE •

    $défaut  réduction par utilisation de la règle 44 (constant_literal)


État 13

   39 cfg_var_ref: TC_DOLLAR_CURLY • TC_VARNAME '}'

    TC_VARNAME  décalage et aller à l'état 30


État 14

   22 var_string_list_section: '"' • encapsed_list '"'

    $défaut  réduction par utilisation de la règle 19 (encapsed_list)

    encapsed_list  aller à l'état 31


État 15

    3 statement: TC_SECTION section_string_or_value • ']'

    ']'  décalage et aller à l'état 32


État 16

    8 section_string_or_value: var_string_list_section •
   23 var_string_list_section: var_string_list_section • cfg_var_ref
   24                        | var_string_list_section • constant_literal
   25                        | var_string_list_section • '"' encapsed_list '"'

    TC_RAW           décalage et aller à l'état 8
    TC_CONSTANT      décalage et aller à l'état 9
    TC_NUMBER        décalage et aller à l'état 10
    TC_STRING        décalage et aller à l'état 11
    TC_WHITESPACE    décalage et aller à l'état 12
    TC_DOLLAR_CURLY  décalage et aller à l'état 13
    '"'              décalage et aller à l'état 33

    $défaut  réduction par utilisation de la règle 8 (section_string_or_value)

    cfg_var_ref       aller à l'état 34
    constant_literal  aller à l'état 35


État 17

   20 var_string_list_section: cfg_var_ref •

    $défaut  réduction par utilisation de la règle 20 (var_string_list_section)


État 18

   21 var_string_list_section: constant_literal •

    $défaut  réduction par utilisation de la règle 21 (var_string_list_section)


État 19

    4 statement: TC_LABEL '=' • string_or_value

    TC_RAW           décalage et aller à l'état 20
    TC_CONSTANT      décalage et aller à l'état 21
    TC_NUMBER        décalage et aller à l'état 22
    TC_STRING        décalage et aller à l'état 23
    TC_WHITESPACE    décalage et aller à l'état 24
    TC_DOLLAR_CURLY  décalage et aller à l'état 13
    BOOL_TRUE        décalage et aller à l'état 36
    BOOL_FALSE       décalage et aller à l'état 37
    NULL_NULL        décalage et aller à l'état 38
    END_OF_LINE      décalage et aller à l'état 39
    '"'              décalage et aller à l'état 25
    '~'              décalage et aller à l'état 40
    '!'              décalage et aller à l'état 41
    '('              décalage et aller à l'état 42

    string_or_value  aller à l'état 43
    var_string_list  aller à l'état 44
    expr             aller à l'état 45
    cfg_var_ref      aller à l'état 28
    constant_string  aller à l'état 29


État 20

   46 constant_string: TC_RAW •

    $défaut  réduction par utilisation de la règle 46 (constant_string)


État 21

   45 constant_string: TC_CONSTANT •

    $défaut  réduction par utilisation de la règle 45 (constant_string)


État 22

   47 constant_string: TC_NUMBER •

    $défaut  réduction par utilisation de la règle 47 (constant_string)


État 23

   48 constant_string: TC_STRING •

    $défaut  réduction par utilisation de la règle 48 (constant_string)


État 24

   49 constant_string: TC_WHITESPACE •

    $défaut  réduction par utilisation de la règle 49 (constant_string)


État 25

   28 var_string_list: '"' • encapsed_list '"'

    $défaut  réduction par utilisation de la règle 19 (encapsed_list)

    encapsed_list  aller à l'état 46


État 26

    5 statement: TC_OFFSET option_offset • ']' '=' string_or_value

    ']'  décalage et aller à l'état 47


État 27

   15 option_offset: var_string_list •
   29 var_string_list: var_string_list • cfg_var_ref
   30                | var_string_list • constant_string
   31                | var_string_list • '"' encapsed_list '"'

    TC_RAW           décalage et aller à l'état 20
    TC_CONSTANT      décalage et aller à l'état 21
    TC_NUMBER        décalage et aller à l'état 22
    TC_STRING        décalage et aller à l'état 23
    TC_WHITESPACE    décalage et aller à l'état 24
    TC_DOLLAR_CURLY  décalage et aller à l'état 13
    '"'              décalage et aller à l'état 48

    $défaut  réduction par utilisation de la règle 15 (option_offset)

    cfg_var_ref      aller à l'état 49
    constant_string  aller à l'état 50


État 28

   26 var_string_list: cfg_var_ref •

    $défaut  réduction par utilisation de la règle 26 (var_string_list)


État 29

   27 var_string_list: constant_string •

    $défaut  réduction par utilisation de la règle 27 (var_string_list)


État 30

   39 cfg_var_ref: TC_DOLLAR_CURLY TC_VARNAME • '}'

    '}'  décalage et aller à l'état 51


État 31

   17 encapsed_list: encapsed_list • cfg_var_ref
   18              | encapsed_list • TC_QUOTED_STRING
   22 var_string_list_section: '"' encapsed_list • '"'

    TC_DOLLAR_CURLY   décalage et aller à l'état 13
    TC_QUOTED_STRING  décalage et aller à l'état 52
    '"'               décalage et aller à l'état 53

    cfg_var_ref  aller à l'état 54


État 32

    3 statement: TC_SECTION section_string_or_value ']' •

    $défaut  réduction par utilisation de la règle 3 (statement)


État 33

   25 var_string_list_section: var_string_list_section '"' • encapsed_list '"'

    $défaut  réduction par utilisation de la règle 19 (encapsed_list)

    encapsed_list  aller à l'état 55


État 34

   23 var_string_list_section: var_string_list_section cfg_var_ref •

    $défaut  réduction par utilisation de la règle 23 (var_string_list_section)


État 35

   24 var_string_list_section: var_string_list_section constant_literal •

    $défaut  réduction par utilisation de la règle 24 (var_string_list_section)


État 36

   11 string_or_value: BOOL_TRUE •

    $défaut  réduction par utilisation de la règle 11 (string_or_value)


État 37

   12 string_or_value: BOOL_FALSE •

    $défaut  réduction par utilisation de la règle 12 (string_or_value)


État 38

   13 string_or_value: NULL_NULL •

    $défaut  réduction par utilisation de la règle 13 (string_or_value)


État 39

   14 string_or_value: END_OF_LINE •

    $défaut  réduction par utilisation de la règle 14 (string_or_value)


État 40

   36 expr: '~' • expr

    TC_RAW           décalage et aller à l'état 20
    TC_CONSTANT      décalage et aller à l'état 21
    TC_NUMBER        décalage et aller à l'état 22
    TC_STRING        décalage et aller à l'état 23
    TC_WHITESPACE    décalage et aller à l'état 24
    TC_DOLLAR_CURLY  décalage et aller à l'état 13
    '"'              décalage et aller à l'état 25
    '~'              décalage et aller à l'état 40
    '!'              décalage et aller à l'état 41
    '('              décalage et aller à l'état 42

    var_string_list  aller à l'état 44
    expr             aller à l'état 56
    cfg_var_ref      aller à l'état 28
    constant_string  aller à l'état 29


État 41

   37 expr: '!' • expr

    TC_RAW           décalage et aller à l'état 20
    TC_CONSTANT      décalage et aller à l'état 21
    TC_NUMBER        décalage et aller à l'état 22
    TC_STRING        décalage et aller à l'état 23
    TC_WHITESPACE    décalage et aller à l'état 24
    TC_DOLLAR_CURLY  décalage et aller à l'état 13
    '"'              décalage et aller à l'état 25
    '~'              décalage et aller à l'état 40
    '!'              décalage et aller à l'état 41
    '('              décalage et aller à l'état 42

    var_string_list  aller à l'état 44
    expr             aller à l'état 57
    cfg_var_ref      aller à l'état 28
    constant_string  aller à l'état 29


État 42

   38 expr: '(' • expr ')'

    TC_RAW           décalage et aller à l'état 20
    TC_CONSTANT      décalage et aller à l'état 21
    TC_NUMBER        décalage et aller à l'état 22
    TC_STRING        décalage et aller à l'état 23
    TC_WHITESPACE    décalage et aller à l'état 24
    TC_DOLLAR_CURLY  décalage et aller à l'état 13
    '"'              décalage et aller à l'état 25
    '~'              décalage et aller à l'état 40
    '!'              décalage et aller à l'état 41
    '('              décalage et aller à l'état 42

    var_string_list  aller à l'état 44
    expr             aller à l'état 58
    cfg_var_ref      aller à l'état 28
    constant_string  aller à l'état 29


État 43

    4 statement: TC_LABEL '=' string_or_value •

    $défaut  réduction par utilisation de la règle 4 (statement)


État 44

   29 var_string_list: var_string_list • cfg_var_ref
   30                | var_string_list • constant_string
   31                | var_string_list • '"' encapsed_list '"'
   32 expr: var_string_list •

    TC_RAW           décalage et aller à l'état 20
    TC_CONSTANT      décalage et aller à l'état 21
    TC_NUMBER        décalage et aller à l'état 22
    TC_STRING        décalage et aller à l'état 23
    TC_WHITESPACE    décalage et aller à l'état 24
    TC_DOLLAR_CURLY  décalage et aller à l'état 13
    '"'              décalage et aller à l'état 48

    $défaut  réduction par utilisation de la règle 32 (expr)

    cfg_var_ref      aller à l'état 49
    constant_string  aller à l'état 50


État 45

   10 string_or_value: expr •
   33 expr: expr • '|' expr
   34     | expr • '&' expr
   35     | expr • '^' expr

    '^'  décalage et aller à l'état 59
    '|'  décalage et aller à l'état 60
    '&'  décalage et aller à l'état 61

    $défaut  réduction par utilisation de la règle 10 (string_or_value)


État 46

   17 encapsed_list: encapsed_list • cfg_var_ref
   18              | encapsed_list • TC_QUOTED_STRING
   28 var_string_list: '"' encapsed_list • '"'

    TC_DOLLAR_CURLY   décalage et aller à l'état 13
    TC_QUOTED_STRING  décalage et aller à l'état 52
    '"'               décalage et aller à l'état 62

    cfg_var_ref  aller à l'état 54


État 47

    5 statement: TC_OFFSET option_offset ']' • '=' string_or_value

    '='  décalage et aller à l'état 63


État 48

   31 var_string_list: var_string_list '"' • encapsed_list '"'

    $défaut  réduction par utilisation de la règle 19 (encapsed_list)

    encapsed_list  aller à l'état 64


État 49

   29 var_string_list: var_string_list cfg_var_ref •

    $défaut  réduction par utilisation de la règle 29 (var_string_list)


État 50

   30 var_string_list: var_string_list constant_string •

    $défaut  réduction par utilisation de la règle 30 (var_string_list)


État 51

   39 cfg_var_ref: TC_DOLLAR_CURLY TC_VARNAME '}' •

    $défaut  réduction par utilisation de la règle 39 (cfg_var_ref)


État 52

   18 encapsed_list: encapsed_list TC_QUOTED_STRING •

    $défaut  réduction par utilisation de la règle 18 (encapsed_list)


État 53

   22 var_string_list_section: '"' encapsed_list '"' •

    $défaut  réduction par utilisation de la règle 22 (var_string_list_section)


État 54

   17 encapsed_list: encapsed_list cfg_var_ref •

    $défaut  réduction par utilisation de la règle 17 (encapsed_list)


État 55

   17 encapsed_list: encapsed_list • cfg_var_ref
   18              | encapsed_list • TC_QUOTED_STRING
   25 var_string_list_section: var_string_list_section '"' encapsed_list • '"'

    TC_DOLLAR_CURLY   décalage et aller à l'état 13
    TC_QUOTED_STRING  décalage et aller à l'état 52
    '"'               décalage et aller à l'état 65

    cfg_var_ref  aller à l'état 54


État 56

   33 expr: expr • '|' expr
   34     | expr • '&' expr
   35     | expr • '^' expr
   36     | '~' expr •

    $défaut  réduction par utilisation de la règle 36 (expr)


État 57

   33 expr: expr • '|' expr
   34     | expr • '&' expr
   35     | expr • '^' expr
   37     | '!' expr •

    $défaut  réduction par utilisation de la règle 37 (expr)


État 58

   33 expr: expr • '|' expr
   34     | expr • '&' expr
   35     | expr • '^' expr
   38     | '(' expr • ')'

    '^'  décalage et aller à l'état 59
    '|'  décalage et aller à l'état 60
    '&'  décalage et aller à l'état 61
    ')'  décalage et aller à l'état 66


État 59

   35 expr: expr '^' • expr

    TC_RAW           décalage et aller à l'état 20
    TC_CONSTANT      décalage et aller à l'état 21
    TC_NUMBER        décalage et aller à l'état 22
    TC_STRING        décalage et aller à l'état 23
    TC_WHITESPACE    décalage et aller à l'état 24
    TC_DOLLAR_CURLY  décalage et aller à l'état 13
    '"'              décalage et aller à l'état 25
    '~'              décalage et aller à l'état 40
    '!'              décalage et aller à l'état 41
    '('              décalage et aller à l'état 42

    var_string_list  aller à l'état 44
    expr             aller à l'état 67
    cfg_var_ref      aller à l'état 28
    constant_string  aller à l'état 29


État 60

   33 expr: expr '|' • expr

    TC_RAW           décalage et aller à l'état 20
    TC_CONSTANT      décalage et aller à l'état 21
    TC_NUMBER        décalage et aller à l'état 22
    TC_STRING        décalage et aller à l'état 23
    TC_WHITESPACE    décalage et aller à l'état 24
    TC_DOLLAR_CURLY  décalage et aller à l'état 13
    '"'              décalage et aller à l'état 25
    '~'              décalage et aller à l'état 40
    '!'              décalage et aller à l'état 41
    '('              décalage et aller à l'état 42

    var_string_list  aller à l'état 44
    expr             aller à l'état 68
    cfg_var_ref      aller à l'état 28
    constant_string  aller à l'état 29


État 61

   34 expr: expr '&' • expr

    TC_RAW           décalage et aller à l'état 20
    TC_CONSTANT      décalage et aller à l'état 21
    TC_NUMBER        décalage et aller à l'état 22
    TC_STRING        décalage et aller à l'état 23
    TC_WHITESPACE    décalage et aller à l'état 24
    TC_DOLLAR_CURLY  décalage et aller à l'état 13
    '"'              décalage et aller à l'état 25
    '~'              décalage et aller à l'état 40
    '!'              décalage et aller à l'état 41
    '('              décalage et aller à l'état 42

    var_string_list  aller à l'état 44
    expr             aller à l'état 69
    cfg_var_ref      aller à l'état 28
    constant_string  aller à l'état 29


État 62

   28 var_string_list: '"' encapsed_list '"' •

    $défaut  réduction par utilisation de la règle 28 (var_string_list)


État 63

    5 statement: TC_OFFSET option_offset ']' '=' • string_or_value

    TC_RAW           décalage et aller à l'état 20
    TC_CONSTANT      décalage et aller à l'état 21
    TC_NUMBER        décalage et aller à l'état 22
    TC_STRING        décalage et aller à l'état 23
    TC_WHITESPACE    décalage et aller à l'état 24
    TC_DOLLAR_CURLY  décalage et aller à l'état 13
    BOOL_TRUE        décalage et aller à l'état 36
    BOOL_FALSE       décalage et aller à l'état 37
    NULL_NULL        décalage et aller à l'état 38
    END_OF_LINE      décalage et aller à l'état 39
    '"'              décalage et aller à l'état 25
    '~'              décalage et aller à l'état 40
    '!'              décalage et aller à l'état 41
    '('              décalage et aller à l'état 42

    string_or_value  aller à l'état 70
    var_string_list  aller à l'état 44
    expr             aller à l'état 45
    cfg_var_ref      aller à l'état 28
    constant_string  aller à l'état 29


État 64

   17 encapsed_list: encapsed_list • cfg_var_ref
   18              | encapsed_list • TC_QUOTED_STRING
   31 var_string_list: var_string_list '"' encapsed_list • '"'

    TC_DOLLAR_CURLY   décalage et aller à l'état 13
    TC_QUOTED_STRING  décalage et aller à l'état 52
    '"'               décalage et aller à l'état 71

    cfg_var_ref  aller à l'état 54


État 65

   25 var_string_list_section: var_string_list_section '"' encapsed_list '"' •

    $défaut  réduction par utilisation de la règle 25 (var_string_list_section)


État 66

   38 expr: '(' expr ')' •

    $défaut  réduction par utilisation de la règle 38 (expr)


État 67

   33 expr: expr • '|' expr
   34     | expr • '&' expr
   35     | expr • '^' expr
   35     | expr '^' expr •

    $défaut  réduction par utilisation de la règle 35 (expr)


État 68

   33 expr: expr • '|' expr
   33     | expr '|' expr •
   34     | expr • '&' expr
   35     | expr • '^' expr

    $défaut  réduction par utilisation de la règle 33 (expr)


État 69

   33 expr: expr • '|' expr
   34     | expr • '&' expr
   34     | expr '&' expr •
   35     | expr • '^' expr

    $défaut  réduction par utilisation de la règle 34 (expr)


État 70

    5 statement: TC_OFFSET option_offset ']' '=' string_or_value •

    $défaut  réduction par utilisation de la règle 5 (statement)


État 71

   31 var_string_list: var_string_list '"' encapsed_list '"' •

    $défaut  réduction par utilisation de la règle 31 (var_string_list)
