This file contains any messages produced by compilers while
running configure, to aid debugging if configure makes a mistake.

It was created by linux nfs-utils configure 2.3.3, which was
generated by GNU Autoconf 2.69.  Invocation command line was

  $ ./configure --enable-fast-install --with-sysroot=yes --libdir=/usr/lib --with-tirpcinclude=/home/seg/DEV/pb42/src/router/libtirpc/tirpc --host=mips-linux CFLAGS=-Os -pipe -mips32r2 -mtune=34kc -msoft-float  -fno-caller-saves  -mno-branch-likely -minterlink-mips16 -mips16 -DNEED_PRINTF -I/home/seg/DEV/pb42/src/router/libevent -I/home/seg/DEV/pb42/src/router/libevent/include -I/home/seg/DEV/pb42/src/router/libtirpc -I/home/seg/DEV/pb42/src/router/libtirpc/tirpc LDFLAGS=-L/home/seg/DEV/pb42/src/router/libtirpc/src/.libs  -L/home/seg/DEV/pb42/src/router/libevent/.libs --with-rpcgen=internal --disable-uuid --disable-gssapi --disable-static --prefix=/usr

## --------- ##
## Platform. ##
## --------- ##

hostname = linux
uname -m = x86_64
uname -r = 4.20.7-666.ddwrt
uname -s = Linux
uname -v = #1 SMP Fri Feb 8 23:32:50 CET 2019

/usr/bin/uname -p = x86_64
/bin/uname -X     = unknown

/bin/arch              = x86_64
/usr/bin/arch -k       = unknown
/usr/convex/getsysinfo = unknown
/usr/bin/hostinfo      = unknown
/bin/machine           = unknown
/usr/bin/oslevel       = unknown
/bin/universe          = unknown

PATH: /xfs/toolchains/toolchain-mips_24kc_gcc-8.2.0_musl/bin
PATH: /sbin
PATH: /usr/sbin
PATH: /usr/local/sbin
PATH: /root/bin
PATH: /usr/local/bin
PATH: /usr/bin
PATH: /bin
PATH: /usr/games
PATH: /opt/kde3/bin
PATH: /usr/lib/mit/sbin


## ----------- ##
## Core tests. ##
## ----------- ##

configure:2699: loading site script /usr/share/site/x86_64-unknown-linux-gnu
| #!/bin/sh
| # Site script for configure. It is resourced via $CONFIG_SITE environment varaible.
| 
| # If user did not specify libdir, guess the correct target:
| # Use lib64 for 64 bit bi-arch targets, keep the default for the rest.
| if test "$libdir" = '${exec_prefix}/lib' ; then
| 
| 	ac_config_site_64bit_host=NONE
| 
| 	case "$host" in
| 	"" )
| 		# User did not specify host target.
| 		# The native platform x86_64 is a bi-arch platform.
| 		# Try to detect cross-compilation to inferior architecture.
| 
| 		# We are trying to guess 32-bit target compilation. It's not as easy as
| 		# it sounds, as there is possible several intermediate combinations.
| 		ac_config_site_cross_to_32bit_host=NONE
| 
| 		# User defined -m32 in CFLAGS or CXXFLAGS or CC or CXX:
| 		# (It's sufficient for 32-bit, but alone may cause mis-behavior of some checks.)
| 		case "$CFLAGS $CXXFLAGS $CC $CXX" in
| 		*-m32*)
| 			ac_config_site_cross_to_32bit_host=YES
| 			;;
| 		esac
| 
| 		# Running with linux32:
| 		# (Changes detected platform, but not the toolchain target.)
| 		case "`/bin/uname -i`" in
| 		x86_64 | ppc64 | s390x | aarch64 )
| 			;;
| 		* )
| 			ac_config_site_cross_to_32bit_host=YES
| 			;;
| 		esac
| 
| 		if test "x$ac_config_site_cross_to_32bit_host" = xNONE; then
| 			ac_config_site_64bit_host=YES
| 		fi
| 
| 		;;
| 	*x86_64* | *ppc64* | *s390x* | *aarch64* )
| 		ac_config_site_64bit_host=YES
| 		;;
| 	esac
| 
| 	if test "x$ac_config_site_64bit_host" = xYES; then
| 		libdir='${exec_prefix}/lib64'
| 	fi
| fi
| 
| # If user did not specify libexecdir, set the correct target:
| # Nor FHS nor openSUSE allow prefix/libexec. Let's default to prefix/lib.
| 
| if test "$libexecdir" = '${exec_prefix}/libexec' ; then
| 	libexecdir='${exec_prefix}/lib'
| fi
| 
| # Continue with the standard behavior of configure defined in AC_SITE_LOAD:
| if test "x$prefix" != xNONE; then
| 	ac_site_file1=$prefix/share/config.site
| 	ac_site_file2=$prefix/etc/config.site
| else
| 	ac_site_file1=$ac_default_prefix/share/config.site
| 	ac_site_file2=$ac_default_prefix/etc/config.site
| fi
| for ac_site_file in "$ac_site_file1" "$ac_site_file2"
| do
| 	test "x$ac_site_file" = xNONE && continue
| 	if test /dev/null != "$ac_site_file" && test -r "$ac_site_file"; then
| 		{ $as_echo "/usr/share/site/x86_64-unknown-linux-gnu:${as_lineno-$LINENO}: loading site script $ac_site_file" >&5
| $as_echo "/usr/share/site/x86_64-unknown-linux-gnu: loading site script $ac_site_file" >&6;}
| 		sed 's/^/| /' "$ac_site_file" >&5
| 		. "$ac_site_file" \
| 			|| { { $as_echo "/usr/share/site/x86_64-unknown-linux-gnu:${as_lineno-$LINENO}: error: in \`$ac_pwd':" >&5
| $as_echo "/usr/share/site/x86_64-unknown-linux-gnu: error: in \`$ac_pwd':" >&2;}
| as_fn_error $? "failed to load site script $ac_site_file
| See \`config.log' for more details" "$LINENO" 5; }
| 	fi
| done
configure:2828: checking build system type
configure:2842: result: x86_64-pc-linux-gnu
configure:2862: checking host system type
configure:2875: result: mips-unknown-linux-gnu
configure:2912: checking for a BSD-compatible install
configure:2980: result: /usr/bin/install -c
configure:2991: checking whether build environment is sane
configure:3046: result: yes
configure:3105: checking for mips-linux-strip
configure:3132: result: mips-linux-uclibc-strip
configure:3197: checking for a thread-safe mkdir -p
configure:3236: result: /usr/bin/mkdir -p
configure:3243: checking for gawk
configure:3259: found /usr/bin/gawk
configure:3270: result: gawk
configure:3281: checking whether make sets $(MAKE)
configure:3303: result: yes
configure:3332: checking whether make supports nested variables
configure:3349: result: yes
configure:3478: checking whether to enable maintainer-specific portions of Makefiles
configure:3487: result: no
configure:3512: checking for style of include used by make
configure:3540: result: GNU
configure:3571: checking for mips-linux-gcc
configure:3598: result: ccache mips-linux-uclibc-gcc
configure:3867: checking for C compiler version
configure:3876: ccache mips-linux-uclibc-gcc --version >&5
mips-linux-uclibc-gcc (OpenWrt GCC 8.2.0 r7577-d14647dd59) 8.2.0
Copyright (C) 2018 Free Software Foundation, Inc.
This is free software; see the source for copying conditions.  There is NO
warranty; not even for MERCHANTABILITY or FITNESS FOR A PARTICULAR PURPOSE.

configure:3887: $? = 0
configure:3876: ccache mips-linux-uclibc-gcc -v >&5
Using built-in specs.
COLLECT_GCC=/xfs/toolchains/toolchain-mips_24kc_gcc-8.2.0_musl/bin/mips-linux-uclibc-gcc
COLLECT_LTO_WRAPPER=/home/xfs/toolchains/toolchain-mips_24kc_gcc-8.2.0_musl/bin/../lib/gcc/mips-openwrt-linux-musl/8.2.0/lto-wrapper
Target: mips-openwrt-linux-musl
Configured with: /home/xfs/openwrt/lede_nbd/nbd/build_dir/toolchain-mips_24kc_gcc-8.2.0_musl/gcc-8.2.0/configure --with-bugurl=http://www.lede-project.org/bugs/ --with-pkgversion='OpenWrt GCC 8.2.0 r7577-d14647dd59' --prefix=/home/xfs/openwrt/lede_nbd/nbd/staging_dir/toolchain-mips_24kc_gcc-8.2.0_musl --build=x86_64-pc-linux-gnu --host=x86_64-pc-linux-gnu --target=mips-openwrt-linux-musl --with-gnu-ld --enable-target-optspace --disable-libgomp --disable-libmudflap --disable-multilib --disable-libmpx --disable-nls --without-isl --without-cloog --with-host-libstdcxx=-lstdc++ --with-float=soft --with-gmp=/home/xfs/openwrt/lede_nbd/nbd/staging_dir/host --with-mpfr=/home/xfs/openwrt/lede_nbd/nbd/staging_dir/host --with-mpc=/home/xfs/openwrt/lede_nbd/nbd/staging_dir/host --disable-decimal-float --with-mips-plt --with-diagnostics-color=auto-if-env --disable-libssp --enable-__cxa_atexit --with-headers=/home/xfs/openwrt/lede_nbd/nbd/staging_dir/toolchain-mips_24kc_gcc-8.2.0_musl/include --disable-libsanitizer --enable-languages=c,c++ --enable-shared --enable-threads --with-slibdir=/home/xfs/openwrt/lede_nbd/nbd/staging_dir/toolchain-mips_24kc_gcc-8.2.0_musl/lib --enable-lto --with-libelf=/home/xfs/openwrt/lede_nbd/nbd/staging_dir/host
Thread model: posix
gcc version 8.2.0 (OpenWrt GCC 8.2.0 r7577-d14647dd59) 
configure:3887: $? = 0
configure:3876: ccache mips-linux-uclibc-gcc -V >&5
mips-linux-uclibc-gcc: error: unrecognized command line option '-V'
mips-linux-uclibc-gcc: fatal error: no input files
compilation terminated.
configure:3887: $? = 1
configure:3876: ccache mips-linux-uclibc-gcc -qversion >&5
mips-linux-uclibc-gcc: error: unrecognized command line option '-qversion'; did you mean '--version'?
mips-linux-uclibc-gcc: fatal error: no input files
compilation terminated.
configure:3887: $? = 1
configure:3907: checking whether the C compiler works
configure:3929: ccache mips-linux-uclibc-gcc -Os -pipe -mips32r2 -mtune=34kc -msoft-float  -fno-caller-saves  -mno-branch-likely -minterlink-mips16 -mips16 -DNEED_PRINTF -I/home/seg/DEV/pb42/src/router/libevent -I/home/seg/DEV/pb42/src/router/libevent/include -I/home/seg/DEV/pb42/src/router/libtirpc -I/home/seg/DEV/pb42/src/router/libtirpc/tirpc  -L/home/seg/DEV/pb42/src/router/libtirpc/src/.libs  -L/home/seg/DEV/pb42/src/router/libevent/.libs conftest.c  >&5
configure:3933: $? = 0
configure:3981: result: yes
configure:3984: checking for C compiler default output file name
configure:3986: result: a.out
configure:3992: checking for suffix of executables
configure:3999: ccache mips-linux-uclibc-gcc -o conftest -Os -pipe -mips32r2 -mtune=34kc -msoft-float  -fno-caller-saves  -mno-branch-likely -minterlink-mips16 -mips16 -DNEED_PRINTF -I/home/seg/DEV/pb42/src/router/libevent -I/home/seg/DEV/pb42/src/router/libevent/include -I/home/seg/DEV/pb42/src/router/libtirpc -I/home/seg/DEV/pb42/src/router/libtirpc/tirpc  -L/home/seg/DEV/pb42/src/router/libtirpc/src/.libs  -L/home/seg/DEV/pb42/src/router/libevent/.libs conftest.c  >&5
configure:4003: $? = 0
configure:4025: result: 
configure:4047: checking whether we are cross compiling
configure:4055: ccache mips-linux-uclibc-gcc -o conftest -Os -pipe -mips32r2 -mtune=34kc -msoft-float  -fno-caller-saves  -mno-branch-likely -minterlink-mips16 -mips16 -DNEED_PRINTF -I/home/seg/DEV/pb42/src/router/libevent -I/home/seg/DEV/pb42/src/router/libevent/include -I/home/seg/DEV/pb42/src/router/libtirpc -I/home/seg/DEV/pb42/src/router/libtirpc/tirpc  -L/home/seg/DEV/pb42/src/router/libtirpc/src/.libs  -L/home/seg/DEV/pb42/src/router/libevent/.libs conftest.c  >&5
configure:4059: $? = 0
configure:4066: ./conftest
./configure: line 4068: ./conftest: cannot execute binary file: Exec format error
configure:4070: $? = 126
configure:4085: result: yes
configure:4090: checking for suffix of object files
configure:4112: ccache mips-linux-uclibc-gcc -c -Os -pipe -mips32r2 -mtune=34kc -msoft-float  -fno-caller-saves  -mno-branch-likely -minterlink-mips16 -mips16 -DNEED_PRINTF -I/home/seg/DEV/pb42/src/router/libevent -I/home/seg/DEV/pb42/src/router/libevent/include -I/home/seg/DEV/pb42/src/router/libtirpc -I/home/seg/DEV/pb42/src/router/libtirpc/tirpc  conftest.c >&5
configure:4116: $? = 0
configure:4137: result: o
configure:4141: checking whether we are using the GNU C compiler
configure:4160: ccache mips-linux-uclibc-gcc -c -Os -pipe -mips32r2 -mtune=34kc -msoft-float  -fno-caller-saves  -mno-branch-likely -minterlink-mips16 -mips16 -DNEED_PRINTF -I/home/seg/DEV/pb42/src/router/libevent -I/home/seg/DEV/pb42/src/router/libevent/include -I/home/seg/DEV/pb42/src/router/libtirpc -I/home/seg/DEV/pb42/src/router/libtirpc/tirpc  conftest.c >&5
configure:4160: $? = 0
configure:4169: result: yes
configure:4178: checking whether ccache mips-linux-uclibc-gcc accepts -g
configure:4198: ccache mips-linux-uclibc-gcc -c -g  conftest.c >&5
configure:4198: $? = 0
configure:4239: result: yes
configure:4256: checking for ccache mips-linux-uclibc-gcc option to accept ISO C89
configure:4319: ccache mips-linux-uclibc-gcc  -c -Os -pipe -mips32r2 -mtune=34kc -msoft-float  -fno-caller-saves  -mno-branch-likely -minterlink-mips16 -mips16 -DNEED_PRINTF -I/home/seg/DEV/pb42/src/router/libevent -I/home/seg/DEV/pb42/src/router/libevent/include -I/home/seg/DEV/pb42/src/router/libtirpc -I/home/seg/DEV/pb42/src/router/libtirpc/tirpc  conftest.c >&5
configure:4319: $? = 0
configure:4332: result: none needed
configure:4357: checking whether ccache mips-linux-uclibc-gcc understands -c and -o together
configure:4379: ccache mips-linux-uclibc-gcc -c conftest.c -o conftest2.o
configure:4382: $? = 0
configure:4379: ccache mips-linux-uclibc-gcc -c conftest.c -o conftest2.o
configure:4382: $? = 0
configure:4394: result: yes
configure:4413: checking dependency style of ccache mips-linux-uclibc-gcc
configure:4524: result: gcc3
configure:4545: checking how to run the C preprocessor
configure:4576: ccache mips-linux-uclibc-gcc -E  conftest.c
configure:4576: $? = 0
configure:4590: ccache mips-linux-uclibc-gcc -E  conftest.c
conftest.c:11:10: fatal error: ac_nonexistent.h: No such file or directory
 #include <ac_nonexistent.h>
          ^~~~~~~~~~~~~~~~~~
compilation terminated.
configure:4590: $? = 1
configure: failed program was:
| /* confdefs.h */
| #define PACKAGE_NAME "linux nfs-utils"
| #define PACKAGE_TARNAME "nfs-utils"
| #define PACKAGE_VERSION "2.3.3"
| #define PACKAGE_STRING "linux nfs-utils 2.3.3"
| #define PACKAGE_BUGREPORT "linux-nfs@vger.kernel.org"
| #define PACKAGE_URL ""
| #define PACKAGE "nfs-utils"
| #define VERSION "2.3.3"
| /* end confdefs.h.  */
| #include <ac_nonexistent.h>
configure:4615: result: ccache mips-linux-uclibc-gcc -E
configure:4635: ccache mips-linux-uclibc-gcc -E  conftest.c
configure:4635: $? = 0
configure:4649: ccache mips-linux-uclibc-gcc -E  conftest.c
conftest.c:11:10: fatal error: ac_nonexistent.h: No such file or directory
 #include <ac_nonexistent.h>
          ^~~~~~~~~~~~~~~~~~
compilation terminated.
configure:4649: $? = 1
configure: failed program was:
| /* confdefs.h */
| #define PACKAGE_NAME "linux nfs-utils"
| #define PACKAGE_TARNAME "nfs-utils"
| #define PACKAGE_VERSION "2.3.3"
| #define PACKAGE_STRING "linux nfs-utils 2.3.3"
| #define PACKAGE_BUGREPORT "linux-nfs@vger.kernel.org"
| #define PACKAGE_URL ""
| #define PACKAGE "nfs-utils"
| #define VERSION "2.3.3"
| /* end confdefs.h.  */
| #include <ac_nonexistent.h>
configure:4678: checking for grep that handles long lines and -e
configure:4736: result: /usr/bin/grep
configure:4741: checking for egrep
configure:4803: result: /usr/bin/grep -E
configure:4808: checking for ANSI C header files
configure:4828: ccache mips-linux-uclibc-gcc -c -Os -pipe -mips32r2 -mtune=34kc -msoft-float  -fno-caller-saves  -mno-branch-likely -minterlink-mips16 -mips16 -DNEED_PRINTF -I/home/seg/DEV/pb42/src/router/libevent -I/home/seg/DEV/pb42/src/router/libevent/include -I/home/seg/DEV/pb42/src/router/libtirpc -I/home/seg/DEV/pb42/src/router/libtirpc/tirpc  conftest.c >&5
configure:4828: $? = 0
configure:4912: result: yes
configure:4925: checking for sys/types.h
configure:4925: ccache mips-linux-uclibc-gcc -c -Os -pipe -mips32r2 -mtune=34kc -msoft-float  -fno-caller-saves  -mno-branch-likely -minterlink-mips16 -mips16 -DNEED_PRINTF -I/home/seg/DEV/pb42/src/router/libevent -I/home/seg/DEV/pb42/src/router/libevent/include -I/home/seg/DEV/pb42/src/router/libtirpc -I/home/seg/DEV/pb42/src/router/libtirpc/tirpc  conftest.c >&5
configure:4925: $? = 0
configure:4925: result: yes
configure:4925: checking for sys/stat.h
configure:4925: ccache mips-linux-uclibc-gcc -c -Os -pipe -mips32r2 -mtune=34kc -msoft-float  -fno-caller-saves  -mno-branch-likely -minterlink-mips16 -mips16 -DNEED_PRINTF -I/home/seg/DEV/pb42/src/router/libevent -I/home/seg/DEV/pb42/src/router/libevent/include -I/home/seg/DEV/pb42/src/router/libtirpc -I/home/seg/DEV/pb42/src/router/libtirpc/tirpc  conftest.c >&5
configure:4925: $? = 0
configure:4925: result: yes
configure:4925: checking for stdlib.h
configure:4925: ccache mips-linux-uclibc-gcc -c -Os -pipe -mips32r2 -mtune=34kc -msoft-float  -fno-caller-saves  -mno-branch-likely -minterlink-mips16 -mips16 -DNEED_PRINTF -I/home/seg/DEV/pb42/src/router/libevent -I/home/seg/DEV/pb42/src/router/libevent/include -I/home/seg/DEV/pb42/src/router/libtirpc -I/home/seg/DEV/pb42/src/router/libtirpc/tirpc  conftest.c >&5
configure:4925: $? = 0
configure:4925: result: yes
configure:4925: checking for string.h
configure:4925: ccache mips-linux-uclibc-gcc -c -Os -pipe -mips32r2 -mtune=34kc -msoft-float  -fno-caller-saves  -mno-branch-likely -minterlink-mips16 -mips16 -DNEED_PRINTF -I/home/seg/DEV/pb42/src/router/libevent -I/home/seg/DEV/pb42/src/router/libevent/include -I/home/seg/DEV/pb42/src/router/libtirpc -I/home/seg/DEV/pb42/src/router/libtirpc/tirpc  conftest.c >&5
configure:4925: $? = 0
configure:4925: result: yes
configure:4925: checking for memory.h
configure:4925: ccache mips-linux-uclibc-gcc -c -Os -pipe -mips32r2 -mtune=34kc -msoft-float  -fno-caller-saves  -mno-branch-likely -minterlink-mips16 -mips16 -DNEED_PRINTF -I/home/seg/DEV/pb42/src/router/libevent -I/home/seg/DEV/pb42/src/router/libevent/include -I/home/seg/DEV/pb42/src/router/libtirpc -I/home/seg/DEV/pb42/src/router/libtirpc/tirpc  conftest.c >&5
configure:4925: $? = 0
configure:4925: result: yes
configure:4925: checking for strings.h
configure:4925: ccache mips-linux-uclibc-gcc -c -Os -pipe -mips32r2 -mtune=34kc -msoft-float  -fno-caller-saves  -mno-branch-likely -minterlink-mips16 -mips16 -DNEED_PRINTF -I/home/seg/DEV/pb42/src/router/libevent -I/home/seg/DEV/pb42/src/router/libevent/include -I/home/seg/DEV/pb42/src/router/libtirpc -I/home/seg/DEV/pb42/src/router/libtirpc/tirpc  conftest.c >&5
configure:4925: $? = 0
configure:4925: result: yes
configure:4925: checking for inttypes.h
configure:4925: ccache mips-linux-uclibc-gcc -c -Os -pipe -mips32r2 -mtune=34kc -msoft-float  -fno-caller-saves  -mno-branch-likely -minterlink-mips16 -mips16 -DNEED_PRINTF -I/home/seg/DEV/pb42/src/router/libevent -I/home/seg/DEV/pb42/src/router/libevent/include -I/home/seg/DEV/pb42/src/router/libtirpc -I/home/seg/DEV/pb42/src/router/libtirpc/tirpc  conftest.c >&5
configure:4925: $? = 0
configure:4925: result: yes
configure:4925: checking for stdint.h
configure:4925: ccache mips-linux-uclibc-gcc -c -Os -pipe -mips32r2 -mtune=34kc -msoft-float  -fno-caller-saves  -mno-branch-likely -minterlink-mips16 -mips16 -DNEED_PRINTF -I/home/seg/DEV/pb42/src/router/libevent -I/home/seg/DEV/pb42/src/router/libevent/include -I/home/seg/DEV/pb42/src/router/libtirpc -I/home/seg/DEV/pb42/src/router/libtirpc/tirpc  conftest.c >&5
configure:4925: $? = 0
configure:4925: result: yes
configure:4925: checking for unistd.h
configure:4925: ccache mips-linux-uclibc-gcc -c -Os -pipe -mips32r2 -mtune=34kc -msoft-float  -fno-caller-saves  -mno-branch-likely -minterlink-mips16 -mips16 -DNEED_PRINTF -I/home/seg/DEV/pb42/src/router/libevent -I/home/seg/DEV/pb42/src/router/libevent/include -I/home/seg/DEV/pb42/src/router/libtirpc -I/home/seg/DEV/pb42/src/router/libtirpc/tirpc  conftest.c >&5
configure:4925: $? = 0
configure:4925: result: yes
configure:4938: checking minix/config.h usability
configure:4938: ccache mips-linux-uclibc-gcc -c -Os -pipe -mips32r2 -mtune=34kc -msoft-float  -fno-caller-saves  -mno-branch-likely -minterlink-mips16 -mips16 -DNEED_PRINTF -I/home/seg/DEV/pb42/src/router/libevent -I/home/seg/DEV/pb42/src/router/libevent/include -I/home/seg/DEV/pb42/src/router/libtirpc -I/home/seg/DEV/pb42/src/router/libtirpc/tirpc  conftest.c >&5
conftest.c:54:10: fatal error: minix/config.h: No such file or directory
 #include <minix/config.h>
          ^~~~~~~~~~~~~~~~
compilation terminated.
configure:4938: $? = 1
configure: failed program was:
| /* confdefs.h */
| #define PACKAGE_NAME "linux nfs-utils"
| #define PACKAGE_TARNAME "nfs-utils"
| #define PACKAGE_VERSION "2.3.3"
| #define PACKAGE_STRING "linux nfs-utils 2.3.3"
| #define PACKAGE_BUGREPORT "linux-nfs@vger.kernel.org"
| #define PACKAGE_URL ""
| #define PACKAGE "nfs-utils"
| #define VERSION "2.3.3"
| #define STDC_HEADERS 1
| #define HAVE_SYS_TYPES_H 1
| #define HAVE_SYS_STAT_H 1
| #define HAVE_STDLIB_H 1
| #define HAVE_STRING_H 1
| #define HAVE_MEMORY_H 1
| #define HAVE_STRINGS_H 1
| #define HAVE_INTTYPES_H 1
| #define HAVE_STDINT_H 1
| #define HAVE_UNISTD_H 1
| /* end confdefs.h.  */
| #include <stdio.h>
| #ifdef HAVE_SYS_TYPES_H
| # include <sys/types.h>
| #endif
| #ifdef HAVE_SYS_STAT_H
| # include <sys/stat.h>
| #endif
| #ifdef STDC_HEADERS
| # include <stdlib.h>
| # include <stddef.h>
| #else
| # ifdef HAVE_STDLIB_H
| #  include <stdlib.h>
| # endif
| #endif
| #ifdef HAVE_STRING_H
| # if !defined STDC_HEADERS && defined HAVE_MEMORY_H
| #  include <memory.h>
| # endif
| # include <string.h>
| #endif
| #ifdef HAVE_STRINGS_H
| # include <strings.h>
| #endif
| #ifdef HAVE_INTTYPES_H
| # include <inttypes.h>
| #endif
| #ifdef HAVE_STDINT_H
| # include <stdint.h>
| #endif
| #ifdef HAVE_UNISTD_H
| # include <unistd.h>
| #endif
| #include <minix/config.h>
configure:4938: result: no
configure:4938: checking minix/config.h presence
configure:4938: ccache mips-linux-uclibc-gcc -E  conftest.c
conftest.c:21:10: fatal error: minix/config.h: No such file or directory
 #include <minix/config.h>
          ^~~~~~~~~~~~~~~~
compilation terminated.
configure:4938: $? = 1
configure: failed program was:
| /* confdefs.h */
| #define PACKAGE_NAME "linux nfs-utils"
| #define PACKAGE_TARNAME "nfs-utils"
| #define PACKAGE_VERSION "2.3.3"
| #define PACKAGE_STRING "linux nfs-utils 2.3.3"
| #define PACKAGE_BUGREPORT "linux-nfs@vger.kernel.org"
| #define PACKAGE_URL ""
| #define PACKAGE "nfs-utils"
| #define VERSION "2.3.3"
| #define STDC_HEADERS 1
| #define HAVE_SYS_TYPES_H 1
| #define HAVE_SYS_STAT_H 1
| #define HAVE_STDLIB_H 1
| #define HAVE_STRING_H 1
| #define HAVE_MEMORY_H 1
| #define HAVE_STRINGS_H 1
| #define HAVE_INTTYPES_H 1
| #define HAVE_STDINT_H 1
| #define HAVE_UNISTD_H 1
| /* end confdefs.h.  */
| #include <minix/config.h>
configure:4938: result: no
configure:4938: checking for minix/config.h
configure:4938: result: no
configure:4959: checking whether it is safe to define __EXTENSIONS__
configure:4977: ccache mips-linux-uclibc-gcc -c -Os -pipe -mips32r2 -mtune=34kc -msoft-float  -fno-caller-saves  -mno-branch-likely -minterlink-mips16 -mips16 -DNEED_PRINTF -I/home/seg/DEV/pb42/src/router/libevent -I/home/seg/DEV/pb42/src/router/libevent/include -I/home/seg/DEV/pb42/src/router/libtirpc -I/home/seg/DEV/pb42/src/router/libtirpc/tirpc  conftest.c >&5
configure:4977: $? = 0
configure:4984: result: yes
configure:5393: checking for mips-linux-pkg-config
configure:5426: result: no
configure:5436: checking for pkg-config
configure:5454: found /usr/bin/pkg-config
configure:5466: result: /usr/bin/pkg-config
configure:5478: WARNING: using cross tools not prefixed with host triplet
configure:5491: checking pkg-config is at least version 0.9.0
configure:5494: result: yes
configure:5505: checking for libtirpc
configure:5512: $PKG_CONFIG --exists --print-errors "libtirpc"
Package libtirpc was not found in the pkg-config search path.
Perhaps you should add the directory containing `libtirpc.pc'
to the PKG_CONFIG_PATH environment variable
No package 'libtirpc' found
configure:5515: $? = 1
configure:5529: $PKG_CONFIG --exists --print-errors "libtirpc"
Package libtirpc was not found in the pkg-config search path.
Perhaps you should add the directory containing `libtirpc.pc'
to the PKG_CONFIG_PATH environment variable
No package 'libtirpc' found
configure:5532: $? = 1
configure:5546: result: no
No package 'libtirpc' found
configure:5573: checking for clnt_tli_create in -ltirpc
configure:5598: ccache mips-linux-uclibc-gcc -o conftest -Os -pipe -mips32r2 -mtune=34kc -msoft-float  -fno-caller-saves  -mno-branch-likely -minterlink-mips16 -mips16 -DNEED_PRINTF -I/home/seg/DEV/pb42/src/router/libevent -I/home/seg/DEV/pb42/src/router/libevent/include -I/home/seg/DEV/pb42/src/router/libtirpc -I/home/seg/DEV/pb42/src/router/libtirpc/tirpc  -L/home/seg/DEV/pb42/src/router/libtirpc/src/.libs  -L/home/seg/DEV/pb42/src/router/libevent/.libs conftest.c -ltirpc   >&5
configure:5598: $? = 0
configure:5607: result: yes
configure:5620: checking /home/seg/DEV/pb42/src/router/libtirpc/tirpc/netconfig.h usability
configure:5620: ccache mips-linux-uclibc-gcc -c -Os -pipe -mips32r2 -mtune=34kc -msoft-float  -fno-caller-saves  -mno-branch-likely -minterlink-mips16 -mips16 -DNEED_PRINTF -I/home/seg/DEV/pb42/src/router/libevent -I/home/seg/DEV/pb42/src/router/libevent/include -I/home/seg/DEV/pb42/src/router/libtirpc -I/home/seg/DEV/pb42/src/router/libtirpc/tirpc  conftest.c >&5
configure:5620: $? = 0
configure:5620: result: yes
configure:5620: checking /home/seg/DEV/pb42/src/router/libtirpc/tirpc/netconfig.h presence
configure:5620: ccache mips-linux-uclibc-gcc -E  conftest.c
configure:5620: $? = 0
configure:5620: result: yes
configure:5620: checking for /home/seg/DEV/pb42/src/router/libtirpc/tirpc/netconfig.h
configure:5620: result: yes
configure:5747: checking for authgss_free_private_data in -ltirpc
configure:5772: ccache mips-linux-uclibc-gcc -o conftest -Os -pipe -mips32r2 -mtune=34kc -msoft-float  -fno-caller-saves  -mno-branch-likely -minterlink-mips16 -mips16 -DNEED_PRINTF -I/home/seg/DEV/pb42/src/router/libevent -I/home/seg/DEV/pb42/src/router/libevent/include -I/home/seg/DEV/pb42/src/router/libtirpc -I/home/seg/DEV/pb42/src/router/libtirpc/tirpc  -L/home/seg/DEV/pb42/src/router/libtirpc/src/.libs  -L/home/seg/DEV/pb42/src/router/libevent/.libs conftest.c -ltirpc   >&5
/home/xfs/toolchains/toolchain-mips_24kc_gcc-8.2.0_musl/bin/../lib64/gcc/mips-openwrt-linux-musl/8.2.0/../../../../mips-openwrt-linux-musl/bin/ld: /tmp/ccXcVOSW.o: in function `main':
conftest.c:(.text.startup+0x2): undefined reference to `authgss_free_private_data'
collect2: error: ld returned 1 exit status
configure:5772: $? = 1
configure: failed program was:
| /* confdefs.h */
| #define PACKAGE_NAME "linux nfs-utils"
| #define PACKAGE_TARNAME "nfs-utils"
| #define PACKAGE_VERSION "2.3.3"
| #define PACKAGE_STRING "linux nfs-utils 2.3.3"
| #define PACKAGE_BUGREPORT "linux-nfs@vger.kernel.org"
| #define PACKAGE_URL ""
| #define PACKAGE "nfs-utils"
| #define VERSION "2.3.3"
| #define STDC_HEADERS 1
| #define HAVE_SYS_TYPES_H 1
| #define HAVE_SYS_STAT_H 1
| #define HAVE_STDLIB_H 1
| #define HAVE_STRING_H 1
| #define HAVE_MEMORY_H 1
| #define HAVE_STRINGS_H 1
| #define HAVE_INTTYPES_H 1
| #define HAVE_STDINT_H 1
| #define HAVE_UNISTD_H 1
| #define __EXTENSIONS__ 1
| #define _ALL_SOURCE 1
| #define _GNU_SOURCE 1
| #define _POSIX_PTHREAD_SEMANTICS 1
| #define _TANDEM_SOURCE 1
| #define START_STATD "/usr/sbin/start-statd"
| #define IPV6_SUPPORTED 1
| #define MOUNT_CONFIG 1
| #define MOUNTOPTS_CONFFILE "/etc/nfsmount.conf"
| #define HAVE__HOME_SEG_DEV_PB42_SRC_ROUTER_LIBTIRPC_TIRPC_NETCONFIG_H 1
| #define HAVE_LIBTIRPC 1
| /* end confdefs.h.  */
| 
| /* Override any GCC internal prototype to avoid an error.
|    Use char because int might match the return type of a GCC
|    builtin and then its argument prototype would still apply.  */
| #ifdef __cplusplus
| extern "C"
| #endif
| char authgss_free_private_data ();
| int
| main ()
| {
| return authgss_free_private_data ();
|   ;
|   return 0;
| }
configure:5781: result: no
configure:5792: checking for libtirpc_set_debug in -ltirpc
configure:5817: ccache mips-linux-uclibc-gcc -o conftest -Os -pipe -mips32r2 -mtune=34kc -msoft-float  -fno-caller-saves  -mno-branch-likely -minterlink-mips16 -mips16 -DNEED_PRINTF -I/home/seg/DEV/pb42/src/router/libevent -I/home/seg/DEV/pb42/src/router/libevent/include -I/home/seg/DEV/pb42/src/router/libtirpc -I/home/seg/DEV/pb42/src/router/libtirpc/tirpc  -L/home/seg/DEV/pb42/src/router/libtirpc/src/.libs  -L/home/seg/DEV/pb42/src/router/libevent/.libs conftest.c -ltirpc   >&5
configure:5817: $? = 0
configure:5826: result: yes
configure:5843: checking for prctl
configure:5843: ccache mips-linux-uclibc-gcc -o conftest -Os -pipe -mips32r2 -mtune=34kc -msoft-float  -fno-caller-saves  -mno-branch-likely -minterlink-mips16 -mips16 -DNEED_PRINTF -I/home/seg/DEV/pb42/src/router/libevent -I/home/seg/DEV/pb42/src/router/libevent/include -I/home/seg/DEV/pb42/src/router/libtirpc -I/home/seg/DEV/pb42/src/router/libtirpc/tirpc  -L/home/seg/DEV/pb42/src/router/libtirpc/src/.libs  -L/home/seg/DEV/pb42/src/router/libevent/.libs conftest.c  >&5
configure:5843: $? = 0
configure:5843: result: yes
configure:5860: checking for cap_get_proc in -lcap
configure:5885: ccache mips-linux-uclibc-gcc -o conftest -Os -pipe -mips32r2 -mtune=34kc -msoft-float  -fno-caller-saves  -mno-branch-likely -minterlink-mips16 -mips16 -DNEED_PRINTF -I/home/seg/DEV/pb42/src/router/libevent -I/home/seg/DEV/pb42/src/router/libevent/include -I/home/seg/DEV/pb42/src/router/libtirpc -I/home/seg/DEV/pb42/src/router/libtirpc/tirpc  -L/home/seg/DEV/pb42/src/router/libtirpc/src/.libs  -L/home/seg/DEV/pb42/src/router/libevent/.libs conftest.c -lcap   >&5
/home/xfs/toolchains/toolchain-mips_24kc_gcc-8.2.0_musl/bin/../lib64/gcc/mips-openwrt-linux-musl/8.2.0/../../../../mips-openwrt-linux-musl/bin/ld: cannot find -lcap
collect2: error: ld returned 1 exit status
configure:5885: $? = 1
configure: failed program was:
| /* confdefs.h */
| #define PACKAGE_NAME "linux nfs-utils"
| #define PACKAGE_TARNAME "nfs-utils"
| #define PACKAGE_VERSION "2.3.3"
| #define PACKAGE_STRING "linux nfs-utils 2.3.3"
| #define PACKAGE_BUGREPORT "linux-nfs@vger.kernel.org"
| #define PACKAGE_URL ""
| #define PACKAGE "nfs-utils"
| #define VERSION "2.3.3"
| #define STDC_HEADERS 1
| #define HAVE_SYS_TYPES_H 1
| #define HAVE_SYS_STAT_H 1
| #define HAVE_STDLIB_H 1
| #define HAVE_STRING_H 1
| #define HAVE_MEMORY_H 1
| #define HAVE_STRINGS_H 1
| #define HAVE_INTTYPES_H 1
| #define HAVE_STDINT_H 1
| #define HAVE_UNISTD_H 1
| #define __EXTENSIONS__ 1
| #define _ALL_SOURCE 1
| #define _GNU_SOURCE 1
| #define _POSIX_PTHREAD_SEMANTICS 1
| #define _TANDEM_SOURCE 1
| #define START_STATD "/usr/sbin/start-statd"
| #define IPV6_SUPPORTED 1
| #define MOUNT_CONFIG 1
| #define MOUNTOPTS_CONFFILE "/etc/nfsmount.conf"
| #define HAVE__HOME_SEG_DEV_PB42_SRC_ROUTER_LIBTIRPC_TIRPC_NETCONFIG_H 1
| #define HAVE_LIBTIRPC 1
| #define HAVE_LIBTIRPC_SET_DEBUG 1
| /* end confdefs.h.  */
| 
| /* Override any GCC internal prototype to avoid an error.
|    Use char because int might match the return type of a GCC
|    builtin and then its argument prototype would still apply.  */
| #ifdef __cplusplus
| extern "C"
| #endif
| char cap_get_proc ();
| int
| main ()
| {
| return cap_get_proc ();
|   ;
|   return 0;
| }
configure:5894: result: no
configure:5903: checking sys/capability.h usability
configure:5903: ccache mips-linux-uclibc-gcc -c -Os -pipe -mips32r2 -mtune=34kc -msoft-float  -fno-caller-saves  -mno-branch-likely -minterlink-mips16 -mips16 -DNEED_PRINTF -I/home/seg/DEV/pb42/src/router/libevent -I/home/seg/DEV/pb42/src/router/libevent/include -I/home/seg/DEV/pb42/src/router/libtirpc -I/home/seg/DEV/pb42/src/router/libtirpc/tirpc  conftest.c >&5
conftest.c:66:10: fatal error: sys/capability.h: No such file or directory
 #include <sys/capability.h>
          ^~~~~~~~~~~~~~~~~~
compilation terminated.
configure:5903: $? = 1
configure: failed program was:
| /* confdefs.h */
| #define PACKAGE_NAME "linux nfs-utils"
| #define PACKAGE_TARNAME "nfs-utils"
| #define PACKAGE_VERSION "2.3.3"
| #define PACKAGE_STRING "linux nfs-utils 2.3.3"
| #define PACKAGE_BUGREPORT "linux-nfs@vger.kernel.org"
| #define PACKAGE_URL ""
| #define PACKAGE "nfs-utils"
| #define VERSION "2.3.3"
| #define STDC_HEADERS 1
| #define HAVE_SYS_TYPES_H 1
| #define HAVE_SYS_STAT_H 1
| #define HAVE_STDLIB_H 1
| #define HAVE_STRING_H 1
| #define HAVE_MEMORY_H 1
| #define HAVE_STRINGS_H 1
| #define HAVE_INTTYPES_H 1
| #define HAVE_STDINT_H 1
| #define HAVE_UNISTD_H 1
| #define __EXTENSIONS__ 1
| #define _ALL_SOURCE 1
| #define _GNU_SOURCE 1
| #define _POSIX_PTHREAD_SEMANTICS 1
| #define _TANDEM_SOURCE 1
| #define START_STATD "/usr/sbin/start-statd"
| #define IPV6_SUPPORTED 1
| #define MOUNT_CONFIG 1
| #define MOUNTOPTS_CONFFILE "/etc/nfsmount.conf"
| #define HAVE__HOME_SEG_DEV_PB42_SRC_ROUTER_LIBTIRPC_TIRPC_NETCONFIG_H 1
| #define HAVE_LIBTIRPC 1
| #define HAVE_LIBTIRPC_SET_DEBUG 1
| /* end confdefs.h.  */
| #include <stdio.h>
| #ifdef HAVE_SYS_TYPES_H
| # include <sys/types.h>
| #endif
| #ifdef HAVE_SYS_STAT_H
| # include <sys/stat.h>
| #endif
| #ifdef STDC_HEADERS
| # include <stdlib.h>
| # include <stddef.h>
| #else
| # ifdef HAVE_STDLIB_H
| #  include <stdlib.h>
| # endif
| #endif
| #ifdef HAVE_STRING_H
| # if !defined STDC_HEADERS && defined HAVE_MEMORY_H
| #  include <memory.h>
| # endif
| # include <string.h>
| #endif
| #ifdef HAVE_STRINGS_H
| # include <strings.h>
| #endif
| #ifdef HAVE_INTTYPES_H
| # include <inttypes.h>
| #endif
| #ifdef HAVE_STDINT_H
| # include <stdint.h>
| #endif
| #ifdef HAVE_UNISTD_H
| # include <unistd.h>
| #endif
| #include <sys/capability.h>
configure:5903: result: no
configure:5903: checking sys/capability.h presence
configure:5903: ccache mips-linux-uclibc-gcc -E  conftest.c
conftest.c:33:10: fatal error: sys/capability.h: No such file or directory
 #include <sys/capability.h>
          ^~~~~~~~~~~~~~~~~~
compilation terminated.
configure:5903: $? = 1
configure: failed program was:
| /* confdefs.h */
| #define PACKAGE_NAME "linux nfs-utils"
| #define PACKAGE_TARNAME "nfs-utils"
| #define PACKAGE_VERSION "2.3.3"
| #define PACKAGE_STRING "linux nfs-utils 2.3.3"
| #define PACKAGE_BUGREPORT "linux-nfs@vger.kernel.org"
| #define PACKAGE_URL ""
| #define PACKAGE "nfs-utils"
| #define VERSION "2.3.3"
| #define STDC_HEADERS 1
| #define HAVE_SYS_TYPES_H 1
| #define HAVE_SYS_STAT_H 1
| #define HAVE_STDLIB_H 1
| #define HAVE_STRING_H 1
| #define HAVE_MEMORY_H 1
| #define HAVE_STRINGS_H 1
| #define HAVE_INTTYPES_H 1
| #define HAVE_STDINT_H 1
| #define HAVE_UNISTD_H 1
| #define __EXTENSIONS__ 1
| #define _ALL_SOURCE 1
| #define _GNU_SOURCE 1
| #define _POSIX_PTHREAD_SEMANTICS 1
| #define _TANDEM_SOURCE 1
| #define START_STATD "/usr/sbin/start-statd"
| #define IPV6_SUPPORTED 1
| #define MOUNT_CONFIG 1
| #define MOUNTOPTS_CONFFILE "/etc/nfsmount.conf"
| #define HAVE__HOME_SEG_DEV_PB42_SRC_ROUTER_LIBTIRPC_TIRPC_NETCONFIG_H 1
| #define HAVE_LIBTIRPC 1
| #define HAVE_LIBTIRPC_SET_DEBUG 1
| /* end confdefs.h.  */
| #include <sys/capability.h>
configure:5903: result: no
configure:5903: checking for sys/capability.h
configure:5903: result: no
configure:6066: checking for special C compiler options needed for large files
configure:6111: result: no
configure:6117: checking for _FILE_OFFSET_BITS value needed for large files
configure:6142: ccache mips-linux-uclibc-gcc -c -Os -pipe -mips32r2 -mtune=34kc -msoft-float  -fno-caller-saves  -mno-branch-likely -minterlink-mips16 -mips16 -DNEED_PRINTF -I/home/seg/DEV/pb42/src/router/libevent -I/home/seg/DEV/pb42/src/router/libevent/include -I/home/seg/DEV/pb42/src/router/libtirpc -I/home/seg/DEV/pb42/src/router/libtirpc/tirpc  conftest.c >&5
configure:6142: $? = 0
configure:6174: result: no
configure:6377: checking for C++ compiler version
configure:6386: ccache mips-linux-uclibc-g++ --version >&5
mips-linux-uclibc-g++ (OpenWrt GCC 8.2.0 r7577-d14647dd59) 8.2.0
Copyright (C) 2018 Free Software Foundation, Inc.
This is free software; see the source for copying conditions.  There is NO
warranty; not even for MERCHANTABILITY or FITNESS FOR A PARTICULAR PURPOSE.

configure:6397: $? = 0
configure:6386: ccache mips-linux-uclibc-g++ -v >&5
Using built-in specs.
COLLECT_GCC=/xfs/toolchains/toolchain-mips_24kc_gcc-8.2.0_musl/bin/mips-linux-uclibc-g++
COLLECT_LTO_WRAPPER=/home/xfs/toolchains/toolchain-mips_24kc_gcc-8.2.0_musl/bin/../lib/gcc/mips-openwrt-linux-musl/8.2.0/lto-wrapper
Target: mips-openwrt-linux-musl
Configured with: /home/xfs/openwrt/lede_nbd/nbd/build_dir/toolchain-mips_24kc_gcc-8.2.0_musl/gcc-8.2.0/configure --with-bugurl=http://www.lede-project.org/bugs/ --with-pkgversion='OpenWrt GCC 8.2.0 r7577-d14647dd59' --prefix=/home/xfs/openwrt/lede_nbd/nbd/staging_dir/toolchain-mips_24kc_gcc-8.2.0_musl --build=x86_64-pc-linux-gnu --host=x86_64-pc-linux-gnu --target=mips-openwrt-linux-musl --with-gnu-ld --enable-target-optspace --disable-libgomp --disable-libmudflap --disable-multilib --disable-libmpx --disable-nls --without-isl --without-cloog --with-host-libstdcxx=-lstdc++ --with-float=soft --with-gmp=/home/xfs/openwrt/lede_nbd/nbd/staging_dir/host --with-mpfr=/home/xfs/openwrt/lede_nbd/nbd/staging_dir/host --with-mpc=/home/xfs/openwrt/lede_nbd/nbd/staging_dir/host --disable-decimal-float --with-mips-plt --with-diagnostics-color=auto-if-env --disable-libssp --enable-__cxa_atexit --with-headers=/home/xfs/openwrt/lede_nbd/nbd/staging_dir/toolchain-mips_24kc_gcc-8.2.0_musl/include --disable-libsanitizer --enable-languages=c,c++ --enable-shared --enable-threads --with-slibdir=/home/xfs/openwrt/lede_nbd/nbd/staging_dir/toolchain-mips_24kc_gcc-8.2.0_musl/lib --enable-lto --with-libelf=/home/xfs/openwrt/lede_nbd/nbd/staging_dir/host
Thread model: posix
gcc version 8.2.0 (OpenWrt GCC 8.2.0 r7577-d14647dd59) 
configure:6397: $? = 0
configure:6386: ccache mips-linux-uclibc-g++ -V >&5
mips-linux-uclibc-g++: error: unrecognized command line option '-V'
mips-linux-uclibc-g++: fatal error: no input files
compilation terminated.
configure:6397: $? = 1
configure:6386: ccache mips-linux-uclibc-g++ -qversion >&5
mips-linux-uclibc-g++: error: unrecognized command line option '-qversion'; did you mean '--version'?
mips-linux-uclibc-g++: fatal error: no input files
compilation terminated.
configure:6397: $? = 1
configure:6401: checking whether we are using the GNU C++ compiler
configure:6420: ccache mips-linux-uclibc-g++ -c   conftest.cpp >&5
configure:6420: $? = 0
configure:6429: result: yes
configure:6438: checking whether ccache mips-linux-uclibc-g++ accepts -g
configure:6458: ccache mips-linux-uclibc-g++ -c -g  conftest.cpp >&5
configure:6458: $? = 0
configure:6499: result: yes
configure:6524: checking dependency style of ccache mips-linux-uclibc-g++
configure:6635: result: gcc3
configure:6658: checking for mips-linux-gcc
configure:6685: result: ccache mips-linux-uclibc-gcc
configure:6954: checking for C compiler version
configure:6963: ccache mips-linux-uclibc-gcc --version >&5
mips-linux-uclibc-gcc (OpenWrt GCC 8.2.0 r7577-d14647dd59) 8.2.0
Copyright (C) 2018 Free Software Foundation, Inc.
This is free software; see the source for copying conditions.  There is NO
warranty; not even for MERCHANTABILITY or FITNESS FOR A PARTICULAR PURPOSE.

configure:6974: $? = 0
configure:6963: ccache mips-linux-uclibc-gcc -v >&5
Using built-in specs.
COLLECT_GCC=/xfs/toolchains/toolchain-mips_24kc_gcc-8.2.0_musl/bin/mips-linux-uclibc-gcc
COLLECT_LTO_WRAPPER=/home/xfs/toolchains/toolchain-mips_24kc_gcc-8.2.0_musl/bin/../lib/gcc/mips-openwrt-linux-musl/8.2.0/lto-wrapper
Target: mips-openwrt-linux-musl
Configured with: /home/xfs/openwrt/lede_nbd/nbd/build_dir/toolchain-mips_24kc_gcc-8.2.0_musl/gcc-8.2.0/configure --with-bugurl=http://www.lede-project.org/bugs/ --with-pkgversion='OpenWrt GCC 8.2.0 r7577-d14647dd59' --prefix=/home/xfs/openwrt/lede_nbd/nbd/staging_dir/toolchain-mips_24kc_gcc-8.2.0_musl --build=x86_64-pc-linux-gnu --host=x86_64-pc-linux-gnu --target=mips-openwrt-linux-musl --with-gnu-ld --enable-target-optspace --disable-libgomp --disable-libmudflap --disable-multilib --disable-libmpx --disable-nls --without-isl --without-cloog --with-host-libstdcxx=-lstdc++ --with-float=soft --with-gmp=/home/xfs/openwrt/lede_nbd/nbd/staging_dir/host --with-mpfr=/home/xfs/openwrt/lede_nbd/nbd/staging_dir/host --with-mpc=/home/xfs/openwrt/lede_nbd/nbd/staging_dir/host --disable-decimal-float --with-mips-plt --with-diagnostics-color=auto-if-env --disable-libssp --enable-__cxa_atexit --with-headers=/home/xfs/openwrt/lede_nbd/nbd/staging_dir/toolchain-mips_24kc_gcc-8.2.0_musl/include --disable-libsanitizer --enable-languages=c,c++ --enable-shared --enable-threads --with-slibdir=/home/xfs/openwrt/lede_nbd/nbd/staging_dir/toolchain-mips_24kc_gcc-8.2.0_musl/lib --enable-lto --with-libelf=/home/xfs/openwrt/lede_nbd/nbd/staging_dir/host
Thread model: posix
gcc version 8.2.0 (OpenWrt GCC 8.2.0 r7577-d14647dd59) 
configure:6974: $? = 0
configure:6963: ccache mips-linux-uclibc-gcc -V >&5
mips-linux-uclibc-gcc: error: unrecognized command line option '-V'
mips-linux-uclibc-gcc: fatal error: no input files
compilation terminated.
configure:6974: $? = 1
configure:6963: ccache mips-linux-uclibc-gcc -qversion >&5
mips-linux-uclibc-gcc: error: unrecognized command line option '-qversion'; did you mean '--version'?
mips-linux-uclibc-gcc: fatal error: no input files
compilation terminated.
configure:6974: $? = 1
configure:6978: checking whether we are using the GNU C compiler
configure:7006: result: yes
configure:7015: checking whether ccache mips-linux-uclibc-gcc accepts -g
configure:7076: result: yes
configure:7093: checking for ccache mips-linux-uclibc-gcc option to accept ISO C89
configure:7169: result: none needed
configure:7194: checking whether ccache mips-linux-uclibc-gcc understands -c and -o together
configure:7231: result: yes
configure:7250: checking dependency style of ccache mips-linux-uclibc-gcc
configure:7361: result: gcc3
configure:7381: checking how to run the C preprocessor
configure:7451: result: ccache mips-linux-uclibc-gcc -E
configure:7471: ccache mips-linux-uclibc-gcc -E  conftest.c
configure:7471: $? = 0
configure:7485: ccache mips-linux-uclibc-gcc -E  conftest.c
conftest.c:33:10: fatal error: ac_nonexistent.h: No such file or directory
 #include <ac_nonexistent.h>
          ^~~~~~~~~~~~~~~~~~
compilation terminated.
configure:7485: $? = 1
configure: failed program was:
| /* confdefs.h */
| #define PACKAGE_NAME "linux nfs-utils"
| #define PACKAGE_TARNAME "nfs-utils"
| #define PACKAGE_VERSION "2.3.3"
| #define PACKAGE_STRING "linux nfs-utils 2.3.3"
| #define PACKAGE_BUGREPORT "linux-nfs@vger.kernel.org"
| #define PACKAGE_URL ""
| #define PACKAGE "nfs-utils"
| #define VERSION "2.3.3"
| #define STDC_HEADERS 1
| #define HAVE_SYS_TYPES_H 1
| #define HAVE_SYS_STAT_H 1
| #define HAVE_STDLIB_H 1
| #define HAVE_STRING_H 1
| #define HAVE_MEMORY_H 1
| #define HAVE_STRINGS_H 1
| #define HAVE_INTTYPES_H 1
| #define HAVE_STDINT_H 1
| #define HAVE_UNISTD_H 1
| #define __EXTENSIONS__ 1
| #define _ALL_SOURCE 1
| #define _GNU_SOURCE 1
| #define _POSIX_PTHREAD_SEMANTICS 1
| #define _TANDEM_SOURCE 1
| #define START_STATD "/usr/sbin/start-statd"
| #define IPV6_SUPPORTED 1
| #define MOUNT_CONFIG 1
| #define MOUNTOPTS_CONFFILE "/etc/nfsmount.conf"
| #define HAVE__HOME_SEG_DEV_PB42_SRC_ROUTER_LIBTIRPC_TIRPC_NETCONFIG_H 1
| #define HAVE_LIBTIRPC 1
| #define HAVE_LIBTIRPC_SET_DEBUG 1
| /* end confdefs.h.  */
| #include <ac_nonexistent.h>
configure:7514: checking whether ln -s works
configure:7518: result: yes
configure:7525: checking whether make sets $(MAKE)
configure:7547: result: yes
configure:7602: checking how to print strings
configure:7629: result: printf
configure:7650: checking for a sed that does not truncate output
configure:7714: result: /xfs/toolchains/toolchain-mips_24kc_gcc-8.2.0_musl/bin/sed
configure:7732: checking for fgrep
configure:7794: result: /usr/bin/grep -F
configure:7829: checking for ld used by ccache mips-linux-uclibc-gcc
configure:7896: result: mips-linux-uclibc-ld
configure:7903: checking if the linker (mips-linux-uclibc-ld) is GNU ld
configure:7918: result: yes
configure:7930: checking for BSD- or MS-compatible name lister (nm)
configure:7984: result: mips-linux-uclibc-nm
configure:8114: checking the name lister (mips-linux-uclibc-nm) interface
configure:8121: ccache mips-linux-uclibc-gcc -c -Os -pipe -mips32r2 -mtune=34kc -msoft-float  -fno-caller-saves  -mno-branch-likely -minterlink-mips16 -mips16 -DNEED_PRINTF -I/home/seg/DEV/pb42/src/router/libevent -I/home/seg/DEV/pb42/src/router/libevent/include -I/home/seg/DEV/pb42/src/router/libtirpc -I/home/seg/DEV/pb42/src/router/libtirpc/tirpc  conftest.c >&5
configure:8124: mips-linux-uclibc-nm "conftest.o"
configure:8127: output
00000000 B some_variable
configure:8134: result: BSD nm
configure:8138: checking the maximum length of command line arguments
configure:8269: result: 1572864
configure:8317: checking how to convert x86_64-pc-linux-gnu file names to mips-unknown-linux-gnu format
configure:8357: result: func_convert_file_noop
configure:8364: checking how to convert x86_64-pc-linux-gnu file names to toolchain format
configure:8384: result: func_convert_file_noop
configure:8391: checking for mips-linux-uclibc-ld option to reload object files
configure:8398: result: -r
configure:8432: checking for mips-linux-objdump
configure:8448: found /xfs/toolchains/toolchain-mips_24kc_gcc-8.2.0_musl/bin/mips-linux-objdump
configure:8459: result: mips-linux-objdump
configure:8531: checking how to recognize dependent libraries
configure:8731: result: pass_all
configure:8776: checking for mips-linux-dlltool
configure:8806: result: no
configure:8816: checking for dlltool
configure:8846: result: no
configure:8876: checking how to associate runtime and link libraries
configure:8903: result: printf %s\n
configure:8919: checking for mips-linux-ar
configure:8946: result: mips-linux-uclibc-ar
configure:9027: checking for archiver @FILE support
configure:9044: ccache mips-linux-uclibc-gcc -c -Os -pipe -mips32r2 -mtune=34kc -msoft-float  -fno-caller-saves  -mno-branch-likely -minterlink-mips16 -mips16 -DNEED_PRINTF -I/home/seg/DEV/pb42/src/router/libevent -I/home/seg/DEV/pb42/src/router/libevent/include -I/home/seg/DEV/pb42/src/router/libtirpc -I/home/seg/DEV/pb42/src/router/libtirpc/tirpc  conftest.c >&5
configure:9044: $? = 0
configure:9047: mips-linux-uclibc-ar cru libconftest.a @conftest.lst >&5
mips-linux-uclibc-ar: `u' modifier ignored since `D' is the default (see `U')
configure:9050: $? = 0
configure:9055: mips-linux-uclibc-ar cru libconftest.a @conftest.lst >&5
mips-linux-uclibc-ar: `u' modifier ignored since `D' is the default (see `U')
mips-linux-uclibc-ar: conftest.o: No such file or directory
configure:9058: $? = 1
configure:9070: result: @
configure:9088: checking for mips-linux-strip
configure:9115: result: mips-linux-uclibc-strip
configure:9187: checking for mips-linux-ranlib
configure:9214: result: mips-linux-uclibc-ranlib
configure:9356: checking command to parse mips-linux-uclibc-nm output from ccache mips-linux-uclibc-gcc object
configure:9509: ccache mips-linux-uclibc-gcc -c -Os -pipe -mips32r2 -mtune=34kc -msoft-float  -fno-caller-saves  -mno-branch-likely -minterlink-mips16 -mips16 -DNEED_PRINTF -I/home/seg/DEV/pb42/src/router/libevent -I/home/seg/DEV/pb42/src/router/libevent/include -I/home/seg/DEV/pb42/src/router/libtirpc -I/home/seg/DEV/pb42/src/router/libtirpc/tirpc  conftest.c >&5
configure:9512: $? = 0
configure:9516: mips-linux-uclibc-nm conftest.o \| sed -n -e 's/^.*[ ]\([ABCDGIRSTW][ABCDGIRSTW]*\)[ ][ ]*\([_A-Za-z][_A-Za-z0-9]*\)$/\1 \2 \2/p' | sed '/ __gnu_lto/d' \> conftest.nm
configure:9519: $? = 0
configure:9585: ccache mips-linux-uclibc-gcc -o conftest -Os -pipe -mips32r2 -mtune=34kc -msoft-float  -fno-caller-saves  -mno-branch-likely -minterlink-mips16 -mips16 -DNEED_PRINTF -I/home/seg/DEV/pb42/src/router/libevent -I/home/seg/DEV/pb42/src/router/libevent/include -I/home/seg/DEV/pb42/src/router/libtirpc -I/home/seg/DEV/pb42/src/router/libtirpc/tirpc  -L/home/seg/DEV/pb42/src/router/libtirpc/src/.libs  -L/home/seg/DEV/pb42/src/router/libevent/.libs conftest.c conftstm.o >&5
configure:9588: $? = 0
configure:9626: result: ok
configure:9673: checking for sysroot
configure:9703: result: no
configure:9710: checking for a working dd
configure:9748: result: /usr/bin/dd
configure:9752: checking how to truncate binary pipes
configure:9767: result: /usr/bin/dd bs=4096 count=1
configure:10056: checking for mips-linux-mt
configure:10086: result: no
configure:10096: checking for mt
configure:10112: found /usr/bin/mt
configure:10123: result: mt
configure:10146: checking if mt is a manifest tool
configure:10152: mt '-?'
configure:10160: result: no
configure:10834: checking for dlfcn.h
configure:10834: ccache mips-linux-uclibc-gcc -c -Os -pipe -mips32r2 -mtune=34kc -msoft-float  -fno-caller-saves  -mno-branch-likely -minterlink-mips16 -mips16 -DNEED_PRINTF -I/home/seg/DEV/pb42/src/router/libevent -I/home/seg/DEV/pb42/src/router/libevent/include -I/home/seg/DEV/pb42/src/router/libtirpc -I/home/seg/DEV/pb42/src/router/libtirpc/tirpc  conftest.c >&5
configure:10834: $? = 0
configure:10834: result: yes
configure:11101: checking for objdir
configure:11116: result: .libs
configure:11380: checking if ccache mips-linux-uclibc-gcc supports -fno-rtti -fno-exceptions
configure:11398: ccache mips-linux-uclibc-gcc -c -Os -pipe -mips32r2 -mtune=34kc -msoft-float  -fno-caller-saves  -mno-branch-likely -minterlink-mips16 -mips16 -DNEED_PRINTF -I/home/seg/DEV/pb42/src/router/libevent -I/home/seg/DEV/pb42/src/router/libevent/include -I/home/seg/DEV/pb42/src/router/libtirpc -I/home/seg/DEV/pb42/src/router/libtirpc/tirpc  -fno-rtti -fno-exceptions conftest.c >&5
cc1: warning: command line option '-fno-rtti' is valid for C++/ObjC++ but not for C
configure:11402: $? = 0
configure:11415: result: no
configure:11773: checking for ccache mips-linux-uclibc-gcc option to produce PIC
configure:11780: result: -fPIC -DPIC
configure:11788: checking if ccache mips-linux-uclibc-gcc PIC flag -fPIC -DPIC works
configure:11806: ccache mips-linux-uclibc-gcc -c -Os -pipe -mips32r2 -mtune=34kc -msoft-float  -fno-caller-saves  -mno-branch-likely -minterlink-mips16 -mips16 -DNEED_PRINTF -I/home/seg/DEV/pb42/src/router/libevent -I/home/seg/DEV/pb42/src/router/libevent/include -I/home/seg/DEV/pb42/src/router/libtirpc -I/home/seg/DEV/pb42/src/router/libtirpc/tirpc  -fPIC -DPIC -DPIC conftest.c >&5
configure:11810: $? = 0
configure:11823: result: yes
configure:11852: checking if ccache mips-linux-uclibc-gcc static flag -static works
configure:11880: result: yes
configure:11895: checking if ccache mips-linux-uclibc-gcc supports -c -o file.o
configure:11916: ccache mips-linux-uclibc-gcc -c -Os -pipe -mips32r2 -mtune=34kc -msoft-float  -fno-caller-saves  -mno-branch-likely -minterlink-mips16 -mips16 -DNEED_PRINTF -I/home/seg/DEV/pb42/src/router/libevent -I/home/seg/DEV/pb42/src/router/libevent/include -I/home/seg/DEV/pb42/src/router/libtirpc -I/home/seg/DEV/pb42/src/router/libtirpc/tirpc  -o out/conftest2.o conftest.c >&5
configure:11920: $? = 0
configure:11942: result: yes
configure:11950: checking if ccache mips-linux-uclibc-gcc supports -c -o file.o
configure:11997: result: yes
configure:12030: checking whether the ccache mips-linux-uclibc-gcc linker (mips-linux-uclibc-ld) supports shared libraries
configure:13289: result: yes
configure:13326: checking whether -lc should be explicitly linked in
configure:13334: ccache mips-linux-uclibc-gcc -c -Os -pipe -mips32r2 -mtune=34kc -msoft-float  -fno-caller-saves  -mno-branch-likely -minterlink-mips16 -mips16 -DNEED_PRINTF -I/home/seg/DEV/pb42/src/router/libevent -I/home/seg/DEV/pb42/src/router/libevent/include -I/home/seg/DEV/pb42/src/router/libtirpc -I/home/seg/DEV/pb42/src/router/libtirpc/tirpc  conftest.c >&5
configure:13337: $? = 0
configure:13352: ccache mips-linux-uclibc-gcc -shared  -fPIC -DPIC conftest.o  -v -Wl,-soname -Wl,conftest -o conftest 2\>\&1 \| /usr/bin/grep  -lc  \>/dev/null 2\>\&1
configure:13355: $? = 0
configure:13369: result: no
configure:13529: checking dynamic linker characteristics
configure:14110: ccache mips-linux-uclibc-gcc -o conftest -Os -pipe -mips32r2 -mtune=34kc -msoft-float  -fno-caller-saves  -mno-branch-likely -minterlink-mips16 -mips16 -DNEED_PRINTF -I/home/seg/DEV/pb42/src/router/libevent -I/home/seg/DEV/pb42/src/router/libevent/include -I/home/seg/DEV/pb42/src/router/libtirpc -I/home/seg/DEV/pb42/src/router/libtirpc/tirpc  -L/home/seg/DEV/pb42/src/router/libtirpc/src/.libs  -L/home/seg/DEV/pb42/src/router/libevent/.libs -Wl,-rpath -Wl,/foo conftest.c  >&5
configure:14110: $? = 0
configure:14347: result: GNU/Linux ld.so
configure:14469: checking how to hardcode library paths into programs
configure:14494: result: immediate
configure:15042: checking whether stripping libraries is possible
configure:15047: result: yes
configure:15082: checking if libtool supports shared libraries
configure:15084: result: yes
configure:15087: checking whether to build shared libraries
configure:15112: result: yes
configure:15115: checking whether to build static libraries
configure:15119: result: no
configure:15142: checking how to run the C++ preprocessor
configure:15169: ccache mips-linux-uclibc-g++ -E  conftest.cpp
configure:15169: $? = 0
configure:15183: ccache mips-linux-uclibc-g++ -E  conftest.cpp
conftest.cpp:35:10: fatal error: ac_nonexistent.h: No such file or directory
 #include <ac_nonexistent.h>
          ^~~~~~~~~~~~~~~~~~
compilation terminated.
configure:15183: $? = 1
configure: failed program was:
| /* confdefs.h */
| #define PACKAGE_NAME "linux nfs-utils"
| #define PACKAGE_TARNAME "nfs-utils"
| #define PACKAGE_VERSION "2.3.3"
| #define PACKAGE_STRING "linux nfs-utils 2.3.3"
| #define PACKAGE_BUGREPORT "linux-nfs@vger.kernel.org"
| #define PACKAGE_URL ""
| #define PACKAGE "nfs-utils"
| #define VERSION "2.3.3"
| #define STDC_HEADERS 1
| #define HAVE_SYS_TYPES_H 1
| #define HAVE_SYS_STAT_H 1
| #define HAVE_STDLIB_H 1
| #define HAVE_STRING_H 1
| #define HAVE_MEMORY_H 1
| #define HAVE_STRINGS_H 1
| #define HAVE_INTTYPES_H 1
| #define HAVE_STDINT_H 1
| #define HAVE_UNISTD_H 1
| #define __EXTENSIONS__ 1
| #define _ALL_SOURCE 1
| #define _GNU_SOURCE 1
| #define _POSIX_PTHREAD_SEMANTICS 1
| #define _TANDEM_SOURCE 1
| #define START_STATD "/usr/sbin/start-statd"
| #define IPV6_SUPPORTED 1
| #define MOUNT_CONFIG 1
| #define MOUNTOPTS_CONFFILE "/etc/nfsmount.conf"
| #define HAVE__HOME_SEG_DEV_PB42_SRC_ROUTER_LIBTIRPC_TIRPC_NETCONFIG_H 1
| #define HAVE_LIBTIRPC 1
| #define HAVE_LIBTIRPC_SET_DEBUG 1
| #define HAVE_DLFCN_H 1
| #define LT_OBJDIR ".libs/"
| /* end confdefs.h.  */
| #include <ac_nonexistent.h>
configure:15208: result: ccache mips-linux-uclibc-g++ -E
configure:15228: ccache mips-linux-uclibc-g++ -E  conftest.cpp
configure:15228: $? = 0
configure:15242: ccache mips-linux-uclibc-g++ -E  conftest.cpp
conftest.cpp:35:10: fatal error: ac_nonexistent.h: No such file or directory
 #include <ac_nonexistent.h>
          ^~~~~~~~~~~~~~~~~~
compilation terminated.
configure:15242: $? = 1
configure: failed program was:
| /* confdefs.h */
| #define PACKAGE_NAME "linux nfs-utils"
| #define PACKAGE_TARNAME "nfs-utils"
| #define PACKAGE_VERSION "2.3.3"
| #define PACKAGE_STRING "linux nfs-utils 2.3.3"
| #define PACKAGE_BUGREPORT "linux-nfs@vger.kernel.org"
| #define PACKAGE_URL ""
| #define PACKAGE "nfs-utils"
| #define VERSION "2.3.3"
| #define STDC_HEADERS 1
| #define HAVE_SYS_TYPES_H 1
| #define HAVE_SYS_STAT_H 1
| #define HAVE_STDLIB_H 1
| #define HAVE_STRING_H 1
| #define HAVE_MEMORY_H 1
| #define HAVE_STRINGS_H 1
| #define HAVE_INTTYPES_H 1
| #define HAVE_STDINT_H 1
| #define HAVE_UNISTD_H 1
| #define __EXTENSIONS__ 1
| #define _ALL_SOURCE 1
| #define _GNU_SOURCE 1
| #define _POSIX_PTHREAD_SEMANTICS 1
| #define _TANDEM_SOURCE 1
| #define START_STATD "/usr/sbin/start-statd"
| #define IPV6_SUPPORTED 1
| #define MOUNT_CONFIG 1
| #define MOUNTOPTS_CONFFILE "/etc/nfsmount.conf"
| #define HAVE__HOME_SEG_DEV_PB42_SRC_ROUTER_LIBTIRPC_TIRPC_NETCONFIG_H 1
| #define HAVE_LIBTIRPC 1
| #define HAVE_LIBTIRPC_SET_DEBUG 1
| #define HAVE_DLFCN_H 1
| #define LT_OBJDIR ".libs/"
| /* end confdefs.h.  */
| #include <ac_nonexistent.h>
configure:15404: checking for ld used by ccache mips-linux-uclibc-g++
configure:15471: result: mips-linux-uclibc-ld
configure:15478: checking if the linker (mips-linux-uclibc-ld) is GNU ld
configure:15493: result: yes
configure:15548: checking whether the ccache mips-linux-uclibc-g++ linker (mips-linux-uclibc-ld) supports shared libraries
configure:16621: result: yes
configure:16657: ccache mips-linux-uclibc-g++ -c -g -O2  conftest.cpp >&5
configure:16660: $? = 0
configure:17141: checking for ccache mips-linux-uclibc-g++ option to produce PIC
configure:17148: result: -fPIC -DPIC
configure:17156: checking if ccache mips-linux-uclibc-g++ PIC flag -fPIC -DPIC works
configure:17174: ccache mips-linux-uclibc-g++ -c -g -O2  -fPIC -DPIC -DPIC conftest.cpp >&5
configure:17178: $? = 0
configure:17191: result: yes
configure:17214: checking if ccache mips-linux-uclibc-g++ static flag -static works
configure:17242: result: yes
configure:17254: checking if ccache mips-linux-uclibc-g++ supports -c -o file.o
configure:17275: ccache mips-linux-uclibc-g++ -c -g -O2  -o out/conftest2.o conftest.cpp >&5
configure:17279: $? = 0
configure:17301: result: yes
configure:17306: checking if ccache mips-linux-uclibc-g++ supports -c -o file.o
configure:17353: result: yes
configure:17383: checking whether the ccache mips-linux-uclibc-g++ linker (mips-linux-uclibc-ld) supports shared libraries
configure:17423: result: yes
configure:17564: checking dynamic linker characteristics
configure:18309: result: GNU/Linux ld.so
configure:18374: checking how to hardcode library paths into programs
configure:18399: result: immediate
configure:18473: checking for mips-linux-ar
configure:18500: result: mips-linux-uclibc-ar
configure:18565: checking for mips-linux-ld
configure:18592: result: mips-linux-uclibc-ld
configure:18655: checking for ANSI C header files
configure:18759: result: yes
configure:18768: checking for GNU libc2
configure:18782: ccache mips-linux-uclibc-gcc -E  conftest.c
conftest.c:39:9: error: #error Nope
       # error Nope
         ^~~~~
configure:18782: $? = 1
configure: failed program was:
| /* confdefs.h */
| #define PACKAGE_NAME "linux nfs-utils"
| #define PACKAGE_TARNAME "nfs-utils"
| #define PACKAGE_VERSION "2.3.3"
| #define PACKAGE_STRING "linux nfs-utils 2.3.3"
| #define PACKAGE_BUGREPORT "linux-nfs@vger.kernel.org"
| #define PACKAGE_URL ""
| #define PACKAGE "nfs-utils"
| #define VERSION "2.3.3"
| #define STDC_HEADERS 1
| #define HAVE_SYS_TYPES_H 1
| #define HAVE_SYS_STAT_H 1
| #define HAVE_STDLIB_H 1
| #define HAVE_STRING_H 1
| #define HAVE_MEMORY_H 1
| #define HAVE_STRINGS_H 1
| #define HAVE_INTTYPES_H 1
| #define HAVE_STDINT_H 1
| #define HAVE_UNISTD_H 1
| #define __EXTENSIONS__ 1
| #define _ALL_SOURCE 1
| #define _GNU_SOURCE 1
| #define _POSIX_PTHREAD_SEMANTICS 1
| #define _TANDEM_SOURCE 1
| #define START_STATD "/usr/sbin/start-statd"
| #define IPV6_SUPPORTED 1
| #define MOUNT_CONFIG 1
| #define MOUNTOPTS_CONFFILE "/etc/nfsmount.conf"
| #define HAVE__HOME_SEG_DEV_PB42_SRC_ROUTER_LIBTIRPC_TIRPC_NETCONFIG_H 1
| #define HAVE_LIBTIRPC 1
| #define HAVE_LIBTIRPC_SET_DEBUG 1
| #define HAVE_DLFCN_H 1
| #define LT_OBJDIR ".libs/"
| #define STDC_HEADERS 1
| /* end confdefs.h.  */
| 
|       #include <features.h>
|       #if !defined(__GLIBC__)
|       # error Nope
|       #endif
| 
configure:18790: result: no
configure:18798: checking for BSD signal semantics
configure:18847: result: no
configure:18855: checking for gethostbyname
configure:18855: ccache mips-linux-uclibc-gcc -o conftest -Os -pipe -mips32r2 -mtune=34kc -msoft-float  -fno-caller-saves  -mno-branch-likely -minterlink-mips16 -mips16 -DNEED_PRINTF -I/home/seg/DEV/pb42/src/router/libevent -I/home/seg/DEV/pb42/src/router/libevent/include -I/home/seg/DEV/pb42/src/router/libtirpc -I/home/seg/DEV/pb42/src/router/libtirpc/tirpc  -L/home/seg/DEV/pb42/src/router/libtirpc/src/.libs  -L/home/seg/DEV/pb42/src/router/libevent/.libs conftest.c  >&5
configure:18855: $? = 0
configure:18855: result: yes
configure:18903: checking for connect
configure:18903: ccache mips-linux-uclibc-gcc -o conftest -Os -pipe -mips32r2 -mtune=34kc -msoft-float  -fno-caller-saves  -mno-branch-likely -minterlink-mips16 -mips16 -DNEED_PRINTF -I/home/seg/DEV/pb42/src/router/libevent -I/home/seg/DEV/pb42/src/router/libevent/include -I/home/seg/DEV/pb42/src/router/libtirpc -I/home/seg/DEV/pb42/src/router/libtirpc/tirpc  -L/home/seg/DEV/pb42/src/router/libtirpc/src/.libs  -L/home/seg/DEV/pb42/src/router/libevent/.libs conftest.c  >&5
configure:18903: $? = 0
configure:18903: result: yes
configure:18952: checking for getaddrinfo
configure:18952: ccache mips-linux-uclibc-gcc -o conftest -Os -pipe -mips32r2 -mtune=34kc -msoft-float  -fno-caller-saves  -mno-branch-likely -minterlink-mips16 -mips16 -DNEED_PRINTF -I/home/seg/DEV/pb42/src/router/libevent -I/home/seg/DEV/pb42/src/router/libevent/include -I/home/seg/DEV/pb42/src/router/libtirpc -I/home/seg/DEV/pb42/src/router/libtirpc/tirpc  -L/home/seg/DEV/pb42/src/router/libtirpc/src/.libs  -L/home/seg/DEV/pb42/src/router/libevent/.libs conftest.c  >&5
configure:18952: $? = 0
configure:18952: result: yes
configure:18960: checking for getservbyname
configure:18960: ccache mips-linux-uclibc-gcc -o conftest -Os -pipe -mips32r2 -mtune=34kc -msoft-float  -fno-caller-saves  -mno-branch-likely -minterlink-mips16 -mips16 -DNEED_PRINTF -I/home/seg/DEV/pb42/src/router/libevent -I/home/seg/DEV/pb42/src/router/libevent/include -I/home/seg/DEV/pb42/src/router/libtirpc -I/home/seg/DEV/pb42/src/router/libtirpc/tirpc  -L/home/seg/DEV/pb42/src/router/libtirpc/src/.libs  -L/home/seg/DEV/pb42/src/router/libevent/.libs conftest.c  >&5
configure:18960: $? = 0
configure:18960: result: yes
configure:18968: checking for crypt in -lcrypt
configure:18993: ccache mips-linux-uclibc-gcc -o conftest -Os -pipe -mips32r2 -mtune=34kc -msoft-float  -fno-caller-saves  -mno-branch-likely -minterlink-mips16 -mips16 -DNEED_PRINTF -I/home/seg/DEV/pb42/src/router/libevent -I/home/seg/DEV/pb42/src/router/libevent/include -I/home/seg/DEV/pb42/src/router/libtirpc -I/home/seg/DEV/pb42/src/router/libtirpc/tirpc  -L/home/seg/DEV/pb42/src/router/libtirpc/src/.libs  -L/home/seg/DEV/pb42/src/router/libevent/.libs conftest.c -lcrypt   >&5
configure:18993: $? = 0
configure:19002: result: yes
configure:19012: checking for event_dispatch in -levent
configure:19037: ccache mips-linux-uclibc-gcc -o conftest -Os -pipe -mips32r2 -mtune=34kc -msoft-float  -fno-caller-saves  -mno-branch-likely -minterlink-mips16 -mips16 -DNEED_PRINTF -I/home/seg/DEV/pb42/src/router/libevent -I/home/seg/DEV/pb42/src/router/libevent/include -I/home/seg/DEV/pb42/src/router/libtirpc -I/home/seg/DEV/pb42/src/router/libtirpc/tirpc  -L/home/seg/DEV/pb42/src/router/libtirpc/src/.libs  -L/home/seg/DEV/pb42/src/router/libevent/.libs conftest.c -levent   >&5
/home/xfs/toolchains/toolchain-mips_24kc_gcc-8.2.0_musl/bin/../lib64/gcc/mips-openwrt-linux-musl/8.2.0/../../../../mips-openwrt-linux-musl/bin/ld: warning: libcrypto.so.1.1, needed by /home/seg/DEV/pb42/src/router/libevent/.libs/libevent.so, not found (try using -rpath or -rpath-link)
configure:19037: $? = 0
configure:19046: result: yes
configure:19058: checking event.h usability
configure:19058: ccache mips-linux-uclibc-gcc -c -Os -pipe -mips32r2 -mtune=34kc -msoft-float  -fno-caller-saves  -mno-branch-likely -minterlink-mips16 -mips16 -DNEED_PRINTF -I/home/seg/DEV/pb42/src/router/libevent -I/home/seg/DEV/pb42/src/router/libevent/include -I/home/seg/DEV/pb42/src/router/libtirpc -I/home/seg/DEV/pb42/src/router/libtirpc/tirpc  conftest.c >&5
configure:19058: $? = 0
configure:19058: result: yes
configure:19058: checking event.h presence
configure:19058: ccache mips-linux-uclibc-gcc -E  conftest.c
conftest.c:36:10: fatal error: event.h: No such file or directory
 #include <event.h>
          ^~~~~~~~~
compilation terminated.
configure:19058: $? = 1
configure: failed program was:
| /* confdefs.h */
| #define PACKAGE_NAME "linux nfs-utils"
| #define PACKAGE_TARNAME "nfs-utils"
| #define PACKAGE_VERSION "2.3.3"
| #define PACKAGE_STRING "linux nfs-utils 2.3.3"
| #define PACKAGE_BUGREPORT "linux-nfs@vger.kernel.org"
| #define PACKAGE_URL ""
| #define PACKAGE "nfs-utils"
| #define VERSION "2.3.3"
| #define STDC_HEADERS 1
| #define HAVE_SYS_TYPES_H 1
| #define HAVE_SYS_STAT_H 1
| #define HAVE_STDLIB_H 1
| #define HAVE_STRING_H 1
| #define HAVE_MEMORY_H 1
| #define HAVE_STRINGS_H 1
| #define HAVE_INTTYPES_H 1
| #define HAVE_STDINT_H 1
| #define HAVE_UNISTD_H 1
| #define __EXTENSIONS__ 1
| #define _ALL_SOURCE 1
| #define _GNU_SOURCE 1
| #define _POSIX_PTHREAD_SEMANTICS 1
| #define _TANDEM_SOURCE 1
| #define START_STATD "/usr/sbin/start-statd"
| #define IPV6_SUPPORTED 1
| #define MOUNT_CONFIG 1
| #define MOUNTOPTS_CONFFILE "/etc/nfsmount.conf"
| #define HAVE__HOME_SEG_DEV_PB42_SRC_ROUTER_LIBTIRPC_TIRPC_NETCONFIG_H 1
| #define HAVE_LIBTIRPC 1
| #define HAVE_LIBTIRPC_SET_DEBUG 1
| #define HAVE_DLFCN_H 1
| #define LT_OBJDIR ".libs/"
| #define STDC_HEADERS 1
| /* end confdefs.h.  */
| #include <event.h>
configure:19058: result: no
configure:19058: WARNING: event.h: accepted by the compiler, rejected by the preprocessor!
configure:19058: WARNING: event.h: proceeding with the compiler's result
configure:19058: checking for event.h
configure:19058: result: yes
configure:19075: checking for keyctl_instantiate in -lkeyutils
configure:19100: ccache mips-linux-uclibc-gcc -o conftest -Os -pipe -mips32r2 -mtune=34kc -msoft-float  -fno-caller-saves  -mno-branch-likely -minterlink-mips16 -mips16 -DNEED_PRINTF -I/home/seg/DEV/pb42/src/router/libevent -I/home/seg/DEV/pb42/src/router/libevent/include -I/home/seg/DEV/pb42/src/router/libtirpc -I/home/seg/DEV/pb42/src/router/libtirpc/tirpc  -L/home/seg/DEV/pb42/src/router/libtirpc/src/.libs  -L/home/seg/DEV/pb42/src/router/libevent/.libs conftest.c -lkeyutils   >&5
/home/xfs/toolchains/toolchain-mips_24kc_gcc-8.2.0_musl/bin/../lib64/gcc/mips-openwrt-linux-musl/8.2.0/../../../../mips-openwrt-linux-musl/bin/ld: cannot find -lkeyutils
collect2: error: ld returned 1 exit status
configure:19100: $? = 1
configure: failed program was:
| /* confdefs.h */
| #define PACKAGE_NAME "linux nfs-utils"
| #define PACKAGE_TARNAME "nfs-utils"
| #define PACKAGE_VERSION "2.3.3"
| #define PACKAGE_STRING "linux nfs-utils 2.3.3"
| #define PACKAGE_BUGREPORT "linux-nfs@vger.kernel.org"
| #define PACKAGE_URL ""
| #define PACKAGE "nfs-utils"
| #define VERSION "2.3.3"
| #define STDC_HEADERS 1
| #define HAVE_SYS_TYPES_H 1
| #define HAVE_SYS_STAT_H 1
| #define HAVE_STDLIB_H 1
| #define HAVE_STRING_H 1
| #define HAVE_MEMORY_H 1
| #define HAVE_STRINGS_H 1
| #define HAVE_INTTYPES_H 1
| #define HAVE_STDINT_H 1
| #define HAVE_UNISTD_H 1
| #define __EXTENSIONS__ 1
| #define _ALL_SOURCE 1
| #define _GNU_SOURCE 1
| #define _POSIX_PTHREAD_SEMANTICS 1
| #define _TANDEM_SOURCE 1
| #define START_STATD "/usr/sbin/start-statd"
| #define IPV6_SUPPORTED 1
| #define MOUNT_CONFIG 1
| #define MOUNTOPTS_CONFFILE "/etc/nfsmount.conf"
| #define HAVE__HOME_SEG_DEV_PB42_SRC_ROUTER_LIBTIRPC_TIRPC_NETCONFIG_H 1
| #define HAVE_LIBTIRPC 1
| #define HAVE_LIBTIRPC_SET_DEBUG 1
| #define HAVE_DLFCN_H 1
| #define LT_OBJDIR ".libs/"
| #define STDC_HEADERS 1
| #define HAVE_EVENT_H 1
| /* end confdefs.h.  */
| 
| /* Override any GCC internal prototype to avoid an error.
|    Use char because int might match the return type of a GCC
|    builtin and then its argument prototype would still apply.  */
| #ifdef __cplusplus
| extern "C"
| #endif
| char keyctl_instantiate ();
| int
| main ()
| {
| return keyctl_instantiate ();
|   ;
|   return 0;
| }
configure:19109: result: no
configure:19119: checking keyutils.h usability
configure:19119: ccache mips-linux-uclibc-gcc -c -Os -pipe -mips32r2 -mtune=34kc -msoft-float  -fno-caller-saves  -mno-branch-likely -minterlink-mips16 -mips16 -DNEED_PRINTF -I/home/seg/DEV/pb42/src/router/libevent -I/home/seg/DEV/pb42/src/router/libevent/include -I/home/seg/DEV/pb42/src/router/libtirpc -I/home/seg/DEV/pb42/src/router/libtirpc/tirpc  conftest.c >&5
conftest.c:70:10: fatal error: keyutils.h: No such file or directory
 #include <keyutils.h>
          ^~~~~~~~~~~~
compilation terminated.
configure:19119: $? = 1
configure: failed program was:
| /* confdefs.h */
| #define PACKAGE_NAME "linux nfs-utils"
| #define PACKAGE_TARNAME "nfs-utils"
| #define PACKAGE_VERSION "2.3.3"
| #define PACKAGE_STRING "linux nfs-utils 2.3.3"
| #define PACKAGE_BUGREPORT "linux-nfs@vger.kernel.org"
| #define PACKAGE_URL ""
| #define PACKAGE "nfs-utils"
| #define VERSION "2.3.3"
| #define STDC_HEADERS 1
| #define HAVE_SYS_TYPES_H 1
| #define HAVE_SYS_STAT_H 1
| #define HAVE_STDLIB_H 1
| #define HAVE_STRING_H 1
| #define HAVE_MEMORY_H 1
| #define HAVE_STRINGS_H 1
| #define HAVE_INTTYPES_H 1
| #define HAVE_STDINT_H 1
| #define HAVE_UNISTD_H 1
| #define __EXTENSIONS__ 1
| #define _ALL_SOURCE 1
| #define _GNU_SOURCE 1
| #define _POSIX_PTHREAD_SEMANTICS 1
| #define _TANDEM_SOURCE 1
| #define START_STATD "/usr/sbin/start-statd"
| #define IPV6_SUPPORTED 1
| #define MOUNT_CONFIG 1
| #define MOUNTOPTS_CONFFILE "/etc/nfsmount.conf"
| #define HAVE__HOME_SEG_DEV_PB42_SRC_ROUTER_LIBTIRPC_TIRPC_NETCONFIG_H 1
| #define HAVE_LIBTIRPC 1
| #define HAVE_LIBTIRPC_SET_DEBUG 1
| #define HAVE_DLFCN_H 1
| #define LT_OBJDIR ".libs/"
| #define STDC_HEADERS 1
| #define HAVE_EVENT_H 1
| /* end confdefs.h.  */
| #include <stdio.h>
| #ifdef HAVE_SYS_TYPES_H
| # include <sys/types.h>
| #endif
| #ifdef HAVE_SYS_STAT_H
| # include <sys/stat.h>
| #endif
| #ifdef STDC_HEADERS
| # include <stdlib.h>
| # include <stddef.h>
| #else
| # ifdef HAVE_STDLIB_H
| #  include <stdlib.h>
| # endif
| #endif
| #ifdef HAVE_STRING_H
| # if !defined STDC_HEADERS && defined HAVE_MEMORY_H
| #  include <memory.h>
| # endif
| # include <string.h>
| #endif
| #ifdef HAVE_STRINGS_H
| # include <strings.h>
| #endif
| #ifdef HAVE_INTTYPES_H
| # include <inttypes.h>
| #endif
| #ifdef HAVE_STDINT_H
| # include <stdint.h>
| #endif
| #ifdef HAVE_UNISTD_H
| # include <unistd.h>
| #endif
| #include <keyutils.h>
configure:19119: result: no
configure:19119: checking keyutils.h presence
configure:19119: ccache mips-linux-uclibc-gcc -E  conftest.c
conftest.c:37:10: fatal error: keyutils.h: No such file or directory
 #include <keyutils.h>
          ^~~~~~~~~~~~
compilation terminated.
configure:19119: $? = 1
configure: failed program was:
| /* confdefs.h */
| #define PACKAGE_NAME "linux nfs-utils"
| #define PACKAGE_TARNAME "nfs-utils"
| #define PACKAGE_VERSION "2.3.3"
| #define PACKAGE_STRING "linux nfs-utils 2.3.3"
| #define PACKAGE_BUGREPORT "linux-nfs@vger.kernel.org"
| #define PACKAGE_URL ""
| #define PACKAGE "nfs-utils"
| #define VERSION "2.3.3"
| #define STDC_HEADERS 1
| #define HAVE_SYS_TYPES_H 1
| #define HAVE_SYS_STAT_H 1
| #define HAVE_STDLIB_H 1
| #define HAVE_STRING_H 1
| #define HAVE_MEMORY_H 1
| #define HAVE_STRINGS_H 1
| #define HAVE_INTTYPES_H 1
| #define HAVE_STDINT_H 1
| #define HAVE_UNISTD_H 1
| #define __EXTENSIONS__ 1
| #define _ALL_SOURCE 1
| #define _GNU_SOURCE 1
| #define _POSIX_PTHREAD_SEMANTICS 1
| #define _TANDEM_SOURCE 1
| #define START_STATD "/usr/sbin/start-statd"
| #define IPV6_SUPPORTED 1
| #define MOUNT_CONFIG 1
| #define MOUNTOPTS_CONFFILE "/etc/nfsmount.conf"
| #define HAVE__HOME_SEG_DEV_PB42_SRC_ROUTER_LIBTIRPC_TIRPC_NETCONFIG_H 1
| #define HAVE_LIBTIRPC 1
| #define HAVE_LIBTIRPC_SET_DEBUG 1
| #define HAVE_DLFCN_H 1
| #define LT_OBJDIR ".libs/"
| #define STDC_HEADERS 1
| #define HAVE_EVENT_H 1
| /* end confdefs.h.  */
| #include <keyutils.h>
configure:19119: result: no
configure:19119: checking for keyutils.h
configure:19119: result: no
configure:19130: checking for find_key_by_type_and_desc in -lkeyutils
configure:19155: ccache mips-linux-uclibc-gcc -o conftest -Os -pipe -mips32r2 -mtune=34kc -msoft-float  -fno-caller-saves  -mno-branch-likely -minterlink-mips16 -mips16 -DNEED_PRINTF -I/home/seg/DEV/pb42/src/router/libevent -I/home/seg/DEV/pb42/src/router/libevent/include -I/home/seg/DEV/pb42/src/router/libtirpc -I/home/seg/DEV/pb42/src/router/libtirpc/tirpc  -L/home/seg/DEV/pb42/src/router/libtirpc/src/.libs  -L/home/seg/DEV/pb42/src/router/libevent/.libs conftest.c -lkeyutils   >&5
/home/xfs/toolchains/toolchain-mips_24kc_gcc-8.2.0_musl/bin/../lib64/gcc/mips-openwrt-linux-musl/8.2.0/../../../../mips-openwrt-linux-musl/bin/ld: cannot find -lkeyutils
collect2: error: ld returned 1 exit status
configure:19155: $? = 1
configure: failed program was:
| /* confdefs.h */
| #define PACKAGE_NAME "linux nfs-utils"
| #define PACKAGE_TARNAME "nfs-utils"
| #define PACKAGE_VERSION "2.3.3"
| #define PACKAGE_STRING "linux nfs-utils 2.3.3"
| #define PACKAGE_BUGREPORT "linux-nfs@vger.kernel.org"
| #define PACKAGE_URL ""
| #define PACKAGE "nfs-utils"
| #define VERSION "2.3.3"
| #define STDC_HEADERS 1
| #define HAVE_SYS_TYPES_H 1
| #define HAVE_SYS_STAT_H 1
| #define HAVE_STDLIB_H 1
| #define HAVE_STRING_H 1
| #define HAVE_MEMORY_H 1
| #define HAVE_STRINGS_H 1
| #define HAVE_INTTYPES_H 1
| #define HAVE_STDINT_H 1
| #define HAVE_UNISTD_H 1
| #define __EXTENSIONS__ 1
| #define _ALL_SOURCE 1
| #define _GNU_SOURCE 1
| #define _POSIX_PTHREAD_SEMANTICS 1
| #define _TANDEM_SOURCE 1
| #define START_STATD "/usr/sbin/start-statd"
| #define IPV6_SUPPORTED 1
| #define MOUNT_CONFIG 1
| #define MOUNTOPTS_CONFFILE "/etc/nfsmount.conf"
| #define HAVE__HOME_SEG_DEV_PB42_SRC_ROUTER_LIBTIRPC_TIRPC_NETCONFIG_H 1
| #define HAVE_LIBTIRPC 1
| #define HAVE_LIBTIRPC_SET_DEBUG 1
| #define HAVE_DLFCN_H 1
| #define LT_OBJDIR ".libs/"
| #define STDC_HEADERS 1
| #define HAVE_EVENT_H 1
| /* end confdefs.h.  */
| 
| /* Override any GCC internal prototype to avoid an error.
|    Use char because int might match the return type of a GCC
|    builtin and then its argument prototype would still apply.  */
| #ifdef __cplusplus
| extern "C"
| #endif
| char find_key_by_type_and_desc ();
| int
| main ()
| {
| return find_key_by_type_and_desc ();
|   ;
|   return 0;
| }
configure:19164: result: no
configure:19178: checking sqlite3.h usability
configure:19178: ccache mips-linux-uclibc-gcc -c -Os -pipe -mips32r2 -mtune=34kc -msoft-float  -fno-caller-saves  -mno-branch-likely -minterlink-mips16 -mips16 -DNEED_PRINTF -I/home/seg/DEV/pb42/src/router/libevent -I/home/seg/DEV/pb42/src/router/libevent/include -I/home/seg/DEV/pb42/src/router/libtirpc -I/home/seg/DEV/pb42/src/router/libtirpc/tirpc  conftest.c >&5
conftest.c:70:10: fatal error: sqlite3.h: No such file or directory
 #include <sqlite3.h>
          ^~~~~~~~~~~
compilation terminated.
configure:19178: $? = 1
configure: failed program was:
| /* confdefs.h */
| #define PACKAGE_NAME "linux nfs-utils"
| #define PACKAGE_TARNAME "nfs-utils"
| #define PACKAGE_VERSION "2.3.3"
| #define PACKAGE_STRING "linux nfs-utils 2.3.3"
| #define PACKAGE_BUGREPORT "linux-nfs@vger.kernel.org"
| #define PACKAGE_URL ""
| #define PACKAGE "nfs-utils"
| #define VERSION "2.3.3"
| #define STDC_HEADERS 1
| #define HAVE_SYS_TYPES_H 1
| #define HAVE_SYS_STAT_H 1
| #define HAVE_STDLIB_H 1
| #define HAVE_STRING_H 1
| #define HAVE_MEMORY_H 1
| #define HAVE_STRINGS_H 1
| #define HAVE_INTTYPES_H 1
| #define HAVE_STDINT_H 1
| #define HAVE_UNISTD_H 1
| #define __EXTENSIONS__ 1
| #define _ALL_SOURCE 1
| #define _GNU_SOURCE 1
| #define _POSIX_PTHREAD_SEMANTICS 1
| #define _TANDEM_SOURCE 1
| #define START_STATD "/usr/sbin/start-statd"
| #define IPV6_SUPPORTED 1
| #define MOUNT_CONFIG 1
| #define MOUNTOPTS_CONFFILE "/etc/nfsmount.conf"
| #define HAVE__HOME_SEG_DEV_PB42_SRC_ROUTER_LIBTIRPC_TIRPC_NETCONFIG_H 1
| #define HAVE_LIBTIRPC 1
| #define HAVE_LIBTIRPC_SET_DEBUG 1
| #define HAVE_DLFCN_H 1
| #define LT_OBJDIR ".libs/"
| #define STDC_HEADERS 1
| #define HAVE_EVENT_H 1
| /* end confdefs.h.  */
| #include <stdio.h>
| #ifdef HAVE_SYS_TYPES_H
| # include <sys/types.h>
| #endif
| #ifdef HAVE_SYS_STAT_H
| # include <sys/stat.h>
| #endif
| #ifdef STDC_HEADERS
| # include <stdlib.h>
| # include <stddef.h>
| #else
| # ifdef HAVE_STDLIB_H
| #  include <stdlib.h>
| # endif
| #endif
| #ifdef HAVE_STRING_H
| # if !defined STDC_HEADERS && defined HAVE_MEMORY_H
| #  include <memory.h>
| # endif
| # include <string.h>
| #endif
| #ifdef HAVE_STRINGS_H
| # include <strings.h>
| #endif
| #ifdef HAVE_INTTYPES_H
| # include <inttypes.h>
| #endif
| #ifdef HAVE_STDINT_H
| # include <stdint.h>
| #endif
| #ifdef HAVE_UNISTD_H
| # include <unistd.h>
| #endif
| #include <sqlite3.h>
configure:19178: result: no
configure:19178: checking sqlite3.h presence
configure:19178: ccache mips-linux-uclibc-gcc -E  conftest.c
conftest.c:37:10: fatal error: sqlite3.h: No such file or directory
 #include <sqlite3.h>
          ^~~~~~~~~~~
compilation terminated.
configure:19178: $? = 1
configure: failed program was:
| /* confdefs.h */
| #define PACKAGE_NAME "linux nfs-utils"
| #define PACKAGE_TARNAME "nfs-utils"
| #define PACKAGE_VERSION "2.3.3"
| #define PACKAGE_STRING "linux nfs-utils 2.3.3"
| #define PACKAGE_BUGREPORT "linux-nfs@vger.kernel.org"
| #define PACKAGE_URL ""
| #define PACKAGE "nfs-utils"
| #define VERSION "2.3.3"
| #define STDC_HEADERS 1
| #define HAVE_SYS_TYPES_H 1
| #define HAVE_SYS_STAT_H 1
| #define HAVE_STDLIB_H 1
| #define HAVE_STRING_H 1
| #define HAVE_MEMORY_H 1
| #define HAVE_STRINGS_H 1
| #define HAVE_INTTYPES_H 1
| #define HAVE_STDINT_H 1
| #define HAVE_UNISTD_H 1
| #define __EXTENSIONS__ 1
| #define _ALL_SOURCE 1
| #define _GNU_SOURCE 1
| #define _POSIX_PTHREAD_SEMANTICS 1
| #define _TANDEM_SOURCE 1
| #define START_STATD "/usr/sbin/start-statd"
| #define IPV6_SUPPORTED 1
| #define MOUNT_CONFIG 1
| #define MOUNTOPTS_CONFFILE "/etc/nfsmount.conf"
| #define HAVE__HOME_SEG_DEV_PB42_SRC_ROUTER_LIBTIRPC_TIRPC_NETCONFIG_H 1
| #define HAVE_LIBTIRPC 1
| #define HAVE_LIBTIRPC_SET_DEBUG 1
| #define HAVE_DLFCN_H 1
| #define LT_OBJDIR ".libs/"
| #define STDC_HEADERS 1
| #define HAVE_EVENT_H 1
| /* end confdefs.h.  */
| #include <sqlite3.h>
configure:19178: result: no
configure:19178: checking for sqlite3.h
configure:19178: result: no
configure:19189: checking for sqlite3_libversion_number in -lsqlite3
configure:19214: ccache mips-linux-uclibc-gcc -o conftest -Os -pipe -mips32r2 -mtune=34kc -msoft-float  -fno-caller-saves  -mno-branch-likely -minterlink-mips16 -mips16 -DNEED_PRINTF -I/home/seg/DEV/pb42/src/router/libevent -I/home/seg/DEV/pb42/src/router/libevent/include -I/home/seg/DEV/pb42/src/router/libtirpc -I/home/seg/DEV/pb42/src/router/libtirpc/tirpc  -L/home/seg/DEV/pb42/src/router/libtirpc/src/.libs  -L/home/seg/DEV/pb42/src/router/libevent/.libs conftest.c -lsqlite3   >&5
/home/xfs/toolchains/toolchain-mips_24kc_gcc-8.2.0_musl/bin/../lib64/gcc/mips-openwrt-linux-musl/8.2.0/../../../../mips-openwrt-linux-musl/bin/ld: cannot find -lsqlite3
collect2: error: ld returned 1 exit status
configure:19214: $? = 1
configure: failed program was:
| /* confdefs.h */
| #define PACKAGE_NAME "linux nfs-utils"
| #define PACKAGE_TARNAME "nfs-utils"
| #define PACKAGE_VERSION "2.3.3"
| #define PACKAGE_STRING "linux nfs-utils 2.3.3"
| #define PACKAGE_BUGREPORT "linux-nfs@vger.kernel.org"
| #define PACKAGE_URL ""
| #define PACKAGE "nfs-utils"
| #define VERSION "2.3.3"
| #define STDC_HEADERS 1
| #define HAVE_SYS_TYPES_H 1
| #define HAVE_SYS_STAT_H 1
| #define HAVE_STDLIB_H 1
| #define HAVE_STRING_H 1
| #define HAVE_MEMORY_H 1
| #define HAVE_STRINGS_H 1
| #define HAVE_INTTYPES_H 1
| #define HAVE_STDINT_H 1
| #define HAVE_UNISTD_H 1
| #define __EXTENSIONS__ 1
| #define _ALL_SOURCE 1
| #define _GNU_SOURCE 1
| #define _POSIX_PTHREAD_SEMANTICS 1
| #define _TANDEM_SOURCE 1
| #define START_STATD "/usr/sbin/start-statd"
| #define IPV6_SUPPORTED 1
| #define MOUNT_CONFIG 1
| #define MOUNTOPTS_CONFFILE "/etc/nfsmount.conf"
| #define HAVE__HOME_SEG_DEV_PB42_SRC_ROUTER_LIBTIRPC_TIRPC_NETCONFIG_H 1
| #define HAVE_LIBTIRPC 1
| #define HAVE_LIBTIRPC_SET_DEBUG 1
| #define HAVE_DLFCN_H 1
| #define LT_OBJDIR ".libs/"
| #define STDC_HEADERS 1
| #define HAVE_EVENT_H 1
| /* end confdefs.h.  */
| 
| /* Override any GCC internal prototype to avoid an error.
|    Use char because int might match the return type of a GCC
|    builtin and then its argument prototype would still apply.  */
| #ifdef __cplusplus
| extern "C"
| #endif
| char sqlite3_libversion_number ();
| int
| main ()
| {
| return sqlite3_libversion_number ();
|   ;
|   return 0;
| }
configure:19223: result: no
configure:19231: checking for suitable sqlite3 version
configure:19270: result: unknown
configure:19278: checking libgen.h usability
configure:19278: ccache mips-linux-uclibc-gcc -c -Os -pipe -mips32r2 -mtune=34kc -msoft-float  -fno-caller-saves  -mno-branch-likely -minterlink-mips16 -mips16 -DNEED_PRINTF -I/home/seg/DEV/pb42/src/router/libevent -I/home/seg/DEV/pb42/src/router/libevent/include -I/home/seg/DEV/pb42/src/router/libtirpc -I/home/seg/DEV/pb42/src/router/libtirpc/tirpc  conftest.c >&5
configure:19278: $? = 0
configure:19278: result: yes
configure:19278: checking libgen.h presence
configure:19278: ccache mips-linux-uclibc-gcc -E  conftest.c
configure:19278: $? = 0
configure:19278: result: yes
configure:19278: checking for libgen.h
configure:19278: result: yes
configure:19278: checking sys/inotify.h usability
configure:19278: ccache mips-linux-uclibc-gcc -c -Os -pipe -mips32r2 -mtune=34kc -msoft-float  -fno-caller-saves  -mno-branch-likely -minterlink-mips16 -mips16 -DNEED_PRINTF -I/home/seg/DEV/pb42/src/router/libevent -I/home/seg/DEV/pb42/src/router/libevent/include -I/home/seg/DEV/pb42/src/router/libtirpc -I/home/seg/DEV/pb42/src/router/libtirpc/tirpc  conftest.c >&5
configure:19278: $? = 0
configure:19278: result: yes
configure:19278: checking sys/inotify.h presence
configure:19278: ccache mips-linux-uclibc-gcc -E  conftest.c
configure:19278: $? = 0
configure:19278: result: yes
configure:19278: checking for sys/inotify.h
configure:19278: result: yes
configure:19294: WARNING: assuming sqlite is at least v3.3
configure:19306: checking for dm_task_create in -ldevmapper
configure:19331: ccache mips-linux-uclibc-gcc -o conftest -Os -pipe -mips32r2 -mtune=34kc -msoft-float  -fno-caller-saves  -mno-branch-likely -minterlink-mips16 -mips16 -DNEED_PRINTF -I/home/seg/DEV/pb42/src/router/libevent -I/home/seg/DEV/pb42/src/router/libevent/include -I/home/seg/DEV/pb42/src/router/libtirpc -I/home/seg/DEV/pb42/src/router/libtirpc/tirpc  -L/home/seg/DEV/pb42/src/router/libtirpc/src/.libs  -L/home/seg/DEV/pb42/src/router/libevent/.libs conftest.c -ldevmapper   >&5
/home/xfs/toolchains/toolchain-mips_24kc_gcc-8.2.0_musl/bin/../lib64/gcc/mips-openwrt-linux-musl/8.2.0/../../../../mips-openwrt-linux-musl/bin/ld: cannot find -ldevmapper
collect2: error: ld returned 1 exit status
configure:19331: $? = 1
configure: failed program was:
| /* confdefs.h */
| #define PACKAGE_NAME "linux nfs-utils"
| #define PACKAGE_TARNAME "nfs-utils"
| #define PACKAGE_VERSION "2.3.3"
| #define PACKAGE_STRING "linux nfs-utils 2.3.3"
| #define PACKAGE_BUGREPORT "linux-nfs@vger.kernel.org"
| #define PACKAGE_URL ""
| #define PACKAGE "nfs-utils"
| #define VERSION "2.3.3"
| #define STDC_HEADERS 1
| #define HAVE_SYS_TYPES_H 1
| #define HAVE_SYS_STAT_H 1
| #define HAVE_STDLIB_H 1
| #define HAVE_STRING_H 1
| #define HAVE_MEMORY_H 1
| #define HAVE_STRINGS_H 1
| #define HAVE_INTTYPES_H 1
| #define HAVE_STDINT_H 1
| #define HAVE_UNISTD_H 1
| #define __EXTENSIONS__ 1
| #define _ALL_SOURCE 1
| #define _GNU_SOURCE 1
| #define _POSIX_PTHREAD_SEMANTICS 1
| #define _TANDEM_SOURCE 1
| #define START_STATD "/usr/sbin/start-statd"
| #define IPV6_SUPPORTED 1
| #define MOUNT_CONFIG 1
| #define MOUNTOPTS_CONFFILE "/etc/nfsmount.conf"
| #define HAVE__HOME_SEG_DEV_PB42_SRC_ROUTER_LIBTIRPC_TIRPC_NETCONFIG_H 1
| #define HAVE_LIBTIRPC 1
| #define HAVE_LIBTIRPC_SET_DEBUG 1
| #define HAVE_DLFCN_H 1
| #define LT_OBJDIR ".libs/"
| #define STDC_HEADERS 1
| #define HAVE_EVENT_H 1
| #define HAVE_LIBGEN_H 1
| #define HAVE_SYS_INOTIFY_H 1
| /* end confdefs.h.  */
| 
| /* Override any GCC internal prototype to avoid an error.
|    Use char because int might match the return type of a GCC
|    builtin and then its argument prototype would still apply.  */
| #ifdef __cplusplus
| extern "C"
| #endif
| char dm_task_create ();
| int
| main ()
| {
| return dm_task_create ();
|   ;
|   return 0;
| }
configure:19340: result: no
configure:19345: error: libdevmapper needed

## ---------------- ##
## Cache variables. ##
## ---------------- ##

ac_cv_build=x86_64-pc-linux-gnu
ac_cv_c_compiler_gnu=yes
ac_cv_cxx_compiler_gnu=yes
ac_cv_env_CCC_set=
ac_cv_env_CCC_value=
ac_cv_env_CC_set=set
ac_cv_env_CC_value='ccache mips-linux-uclibc-gcc'
ac_cv_env_CFLAGS_set=set
ac_cv_env_CFLAGS_value='-Os -pipe -mips32r2 -mtune=34kc -msoft-float  -fno-caller-saves  -mno-branch-likely -minterlink-mips16 -mips16 -DNEED_PRINTF -I/home/seg/DEV/pb42/src/router/libevent -I/home/seg/DEV/pb42/src/router/libevent/include -I/home/seg/DEV/pb42/src/router/libtirpc -I/home/seg/DEV/pb42/src/router/libtirpc/tirpc'
ac_cv_env_CPPFLAGS_set=
ac_cv_env_CPPFLAGS_value=
ac_cv_env_CPP_set=
ac_cv_env_CPP_value=
ac_cv_env_CXXCPP_set=
ac_cv_env_CXXCPP_value=
ac_cv_env_CXXFLAGS_set=
ac_cv_env_CXXFLAGS_value=
ac_cv_env_CXX_set=set
ac_cv_env_CXX_value='ccache mips-linux-uclibc-g++'
ac_cv_env_GSSGLUE_CFLAGS_set=
ac_cv_env_GSSGLUE_CFLAGS_value=
ac_cv_env_GSSGLUE_LIBS_set=
ac_cv_env_GSSGLUE_LIBS_value=
ac_cv_env_LDFLAGS_set=set
ac_cv_env_LDFLAGS_value='-L/home/seg/DEV/pb42/src/router/libtirpc/src/.libs  -L/home/seg/DEV/pb42/src/router/libevent/.libs'
ac_cv_env_LIBS_set=
ac_cv_env_LIBS_value=
ac_cv_env_LT_SYS_LIBRARY_PATH_set=
ac_cv_env_LT_SYS_LIBRARY_PATH_value=
ac_cv_env_PKG_CONFIG_LIBDIR_set=
ac_cv_env_PKG_CONFIG_LIBDIR_value=
ac_cv_env_PKG_CONFIG_PATH_set=
ac_cv_env_PKG_CONFIG_PATH_value=
ac_cv_env_PKG_CONFIG_set=
ac_cv_env_PKG_CONFIG_value=
ac_cv_env_RPCSECGSS_CFLAGS_set=
ac_cv_env_RPCSECGSS_CFLAGS_value=
ac_cv_env_RPCSECGSS_LIBS_set=
ac_cv_env_RPCSECGSS_LIBS_value=
ac_cv_env_TIRPC_CFLAGS_set=
ac_cv_env_TIRPC_CFLAGS_value=
ac_cv_env_TIRPC_LIBS_set=
ac_cv_env_TIRPC_LIBS_value=
ac_cv_env_build_alias_set=
ac_cv_env_build_alias_value=
ac_cv_env_host_alias_set=set
ac_cv_env_host_alias_value=mips-linux
ac_cv_env_target_alias_set=
ac_cv_env_target_alias_value=
ac_cv_func_connect=yes
ac_cv_func_getaddrinfo=yes
ac_cv_func_gethostbyname=yes
ac_cv_func_getservbyname=yes
ac_cv_func_mmap_fixed_mapped='yes '
ac_cv_func_posix_getgrgid_r=no
ac_cv_func_posix_getpwuid_r=no
ac_cv_func_prctl=yes
ac_cv_header__home_seg_DEV_pb42_src_router_libtirpc_tirpc_netconfig_h=yes
ac_cv_header_dlfcn_h=yes
ac_cv_header_event_h=yes
ac_cv_header_inttypes_h=yes
ac_cv_header_keyutils_h=no
ac_cv_header_libgen_h=yes
ac_cv_header_memory_h=yes
ac_cv_header_minix_config_h=no
ac_cv_header_sqlite3_h=no
ac_cv_header_stdc=yes
ac_cv_header_stdint_h=yes
ac_cv_header_stdlib_h=yes
ac_cv_header_string_h=yes
ac_cv_header_strings_h=yes
ac_cv_header_sys_capability_h=no
ac_cv_header_sys_inotify_h=yes
ac_cv_header_sys_stat_h=yes
ac_cv_header_sys_types_h=yes
ac_cv_header_unistd_h=yes
ac_cv_host=mips-unknown-linux-gnu
ac_cv_lib_cap_cap_get_proc=no
ac_cv_lib_crypt_crypt=yes
ac_cv_lib_devmapper_dm_task_create=no
ac_cv_lib_event_event_dispatch=yes
ac_cv_lib_keyutils_find_key_by_type_and_desc=no
ac_cv_lib_keyutils_keyctl_instantiate=no
ac_cv_lib_rt_clock_gettime=no
ac_cv_lib_sqlite3_sqlite3_libversion_number=no
ac_cv_lib_tirpc_authgss_free_private_data=no
ac_cv_lib_tirpc_clnt_tli_create=yes
ac_cv_lib_tirpc_libtirpc_set_debug=yes
ac_cv_objext=o
ac_cv_path_EGREP='/usr/bin/grep -E'
ac_cv_path_FGREP='/usr/bin/grep -F'
ac_cv_path_GREP=/usr/bin/grep
ac_cv_path_SED=/xfs/toolchains/toolchain-mips_24kc_gcc-8.2.0_musl/bin/sed
ac_cv_path_ac_pt_PKG_CONFIG=/usr/bin/pkg-config
ac_cv_path_install='/usr/bin/install -c'
ac_cv_path_lt_DD=/usr/bin/dd
ac_cv_path_mkdir=/usr/bin/mkdir
ac_cv_prog_AR=mips-linux-uclibc-ar
ac_cv_prog_AWK=gawk
ac_cv_prog_CC='ccache mips-linux-uclibc-gcc'
ac_cv_prog_CPP='ccache mips-linux-uclibc-gcc -E'
ac_cv_prog_CXXCPP='ccache mips-linux-uclibc-g++ -E'
ac_cv_prog_LD=mips-linux-uclibc-ld
ac_cv_prog_OBJDUMP=mips-linux-objdump
ac_cv_prog_RANLIB=mips-linux-uclibc-ranlib
ac_cv_prog_STRIP=mips-linux-uclibc-strip
ac_cv_prog_ac_ct_MANIFEST_TOOL=mt
ac_cv_prog_cc_c89=
ac_cv_prog_cc_g=yes
ac_cv_prog_cxx_g=yes
ac_cv_prog_make_make_set=yes
ac_cv_safe_to_define___extensions__=yes
ac_cv_sys_file_offset_bits=no
ac_cv_sys_largefile_CC=no
am_cv_CC_dependencies_compiler_type=gcc3
am_cv_CXX_dependencies_compiler_type=gcc3
am_cv_make_support_nested_variables=yes
am_cv_prog_cc_c_o=yes
glib_cv_stack_grows='no '
glib_cv_uscore='no '
knfsd_cv_bsd_signals=no
knfsd_cv_glibc2=no
libsqlite3_cv_is_recent=unknown
lt_cv_ar_at_file=@
lt_cv_archive_cmds_need_lc=no
lt_cv_deplibs_check_method=pass_all
lt_cv_file_magic_cmd='$MAGIC_CMD'
lt_cv_file_magic_test_file=
lt_cv_ld_reload_flag=-r
lt_cv_nm_interface='BSD nm'
lt_cv_objdir=.libs
lt_cv_path_LD=mips-linux-uclibc-ld
lt_cv_path_LDCXX=mips-linux-uclibc-ld
lt_cv_path_NM=mips-linux-uclibc-nm
lt_cv_path_mainfest_tool=no
lt_cv_prog_compiler_c_o=yes
lt_cv_prog_compiler_c_o_CXX=yes
lt_cv_prog_compiler_pic='-fPIC -DPIC'
lt_cv_prog_compiler_pic_CXX='-fPIC -DPIC'
lt_cv_prog_compiler_pic_works=yes
lt_cv_prog_compiler_pic_works_CXX=yes
lt_cv_prog_compiler_rtti_exceptions=no
lt_cv_prog_compiler_static_works=yes
lt_cv_prog_compiler_static_works_CXX=yes
lt_cv_prog_gnu_ld=yes
lt_cv_prog_gnu_ldcxx=yes
lt_cv_sharedlib_from_linklib_cmd='printf %s\n'
lt_cv_shlibpath_overrides_runpath=no
lt_cv_sys_global_symbol_pipe='sed -n -e '\''s/^.*[	 ]\([ABCDGIRSTW][ABCDGIRSTW]*\)[	 ][	 ]*\([_A-Za-z][_A-Za-z0-9]*\)$/\1 \2 \2/p'\'' | sed '\''/ __gnu_lto/d'\'''
lt_cv_sys_global_symbol_to_c_name_address='sed -n -e '\''s/^: \(.*\) .*$/  {"\1", (void *) 0},/p'\'' -e '\''s/^[ABCDGIRSTW][ABCDGIRSTW]* .* \(.*\)$/  {"\1", (void *) \&\1},/p'\'''
lt_cv_sys_global_symbol_to_c_name_address_lib_prefix='sed -n -e '\''s/^: \(.*\) .*$/  {"\1", (void *) 0},/p'\'' -e '\''s/^[ABCDGIRSTW][ABCDGIRSTW]* .* \(lib.*\)$/  {"\1", (void *) \&\1},/p'\'' -e '\''s/^[ABCDGIRSTW][ABCDGIRSTW]* .* \(.*\)$/  {"lib\1", (void *) \&\1},/p'\'''
lt_cv_sys_global_symbol_to_cdecl='sed -n -e '\''s/^T .* \(.*\)$/extern int \1();/p'\'' -e '\''s/^[ABCDGIRSTW][ABCDGIRSTW]* .* \(.*\)$/extern char \1;/p'\'''
lt_cv_sys_global_symbol_to_import=
lt_cv_sys_max_cmd_len=1572864
lt_cv_to_host_file_cmd=func_convert_file_noop
lt_cv_to_tool_file_cmd=func_convert_file_noop
lt_cv_truncate_bin='/usr/bin/dd bs=4096 count=1'

## ----------------- ##
## Output variables. ##
## ----------------- ##

ACLOCAL='${SHELL} /home/seg/DEV/pb42/src/router/nfs-utils/missing aclocal-1.15'
ACLOCAL_AMFLAGS=''
ALLOCA=''
AMDEPBACKSLASH='\'
AMDEP_FALSE='#'
AMDEP_TRUE=''
AMTAR='$${TAR-tar}'
AM_BACKSLASH='\'
AM_CFLAGS=''
AM_CPPFLAGS='-I/home/seg/DEV/pb42/src/router/libtirpc/tirpc'
AM_DEFAULT_V='$(AM_DEFAULT_VERBOSITY)'
AM_DEFAULT_VERBOSITY='1'
AM_V='$(V)'
AR='mips-linux-uclibc-ar'
AUTOCONF='${SHELL} /home/seg/DEV/pb42/src/router/nfs-utils/missing autoconf'
AUTOHEADER='${SHELL} /home/seg/DEV/pb42/src/router/nfs-utils/missing autoheader'
AUTOMAKE='${SHELL} /home/seg/DEV/pb42/src/router/nfs-utils/missing automake-1.15'
AWK='gawk'
CC='ccache mips-linux-uclibc-gcc'
CCDEPMODE='depmode=gcc3'
CC_FOR_BUILD='gcc'
CFLAGS='-Os -pipe -mips32r2 -mtune=34kc -msoft-float  -fno-caller-saves  -mno-branch-likely -minterlink-mips16 -mips16 -DNEED_PRINTF -I/home/seg/DEV/pb42/src/router/libevent -I/home/seg/DEV/pb42/src/router/libevent/include -I/home/seg/DEV/pb42/src/router/libtirpc -I/home/seg/DEV/pb42/src/router/libtirpc/tirpc'
CFLAGS_FOR_BUILD=''
CONFIG_GSS_FALSE='#'
CONFIG_GSS_TRUE=''
CONFIG_IPV6_FALSE='#'
CONFIG_IPV6_TRUE=''
CONFIG_JUNCTION_FALSE=''
CONFIG_JUNCTION_TRUE='#'
CONFIG_LIBMOUNT_FALSE=''
CONFIG_LIBMOUNT_TRUE=''
CONFIG_MOUNT_FALSE='#'
CONFIG_MOUNT_TRUE=''
CONFIG_NFSDCLTRACK_FALSE=''
CONFIG_NFSDCLTRACK_TRUE=''
CONFIG_NFSV41_FALSE='#'
CONFIG_NFSV41_TRUE=''
CONFIG_NFSV4_FALSE='#'
CONFIG_NFSV4_TRUE=''
CONFIG_OSD_LOGIN_FALSE=''
CONFIG_OSD_LOGIN_TRUE='#'
CONFIG_RPCGEN_FALSE=''
CONFIG_RPCGEN_TRUE='#'
CONFIG_SVCGSS_FALSE=''
CONFIG_SVCGSS_TRUE='#'
CPP='ccache mips-linux-uclibc-gcc -E'
CPPFLAGS=''
CPPFLAGS_FOR_BUILD=''
CXX='ccache mips-linux-uclibc-g++'
CXXCPP='ccache mips-linux-uclibc-g++ -E'
CXXDEPMODE='depmode=gcc3'
CXXFLAGS='-g -O2'
CXXFLAGS_FOR_BUILD=''
CYGPATH_W='echo'
DEFS=''
DEPDIR='.deps'
DLLTOOL='false'
DSYMUTIL=''
DUMPBIN=''
ECHO_C=''
ECHO_N='-n'
ECHO_T=''
EGREP='/usr/bin/grep -E'
ENABLE_GUMS_FALSE=''
ENABLE_GUMS_TRUE=''
ENABLE_LDAP_FALSE=''
ENABLE_LDAP_TRUE=''
EXEEXT=''
FGREP='/usr/bin/grep -F'
GREP='/usr/bin/grep'
GSSAPI_CFLAGS=''
GSSAPI_LIBS=''
GSSD='gssd'
GSSGLUE_CFLAGS=''
GSSGLUE_LIBS=''
GSSKRB_CFLAGS=''
GSSKRB_LIBS=''
HAVE_LIBWRAP=''
HAVE_TCP_WRAPPER=''
IDMAPD='idmapd'
INSTALL_DATA='${INSTALL} -m 644'
INSTALL_PROGRAM='${INSTALL}'
INSTALL_SCRIPT='${INSTALL}'
INSTALL_STRIP_PROGRAM='$(install_sh) -c -s'
INSTALL_SYSTEMD_FALSE=''
INSTALL_SYSTEMD_TRUE='#'
K5VERS=''
KRBCFLAGS=''
KRBDIR=''
KRBLDFLAGS=''
KRBLIBS=''
LD='mips-linux-uclibc-ld'
LDFLAGS='-L/home/seg/DEV/pb42/src/router/libtirpc/src/.libs  -L/home/seg/DEV/pb42/src/router/libevent/.libs'
LDFLAGS_FOR_BUILD=''
LIBBLKID=''
LIBBSD=''
LIBCAP=''
LIBCRYPT='-lcrypt'
LIBEVENT='-levent'
LIBKEYUTILS=''
LIBMOUNT=''
LIBNSL=''
LIBOBJS=''
LIBPTHREAD=''
LIBS=''
LIBSOCKET=''
LIBSQLITE=''
LIBTIRPC='-ltirpc'
LIBTOOL='$(SHELL) $(top_builddir)/libtool'
LIBWRAP=''
LIBXML2=''
LIPO=''
LN_S='ln -s'
LTLIBOBJS=''
LT_SYS_LIBRARY_PATH=''
MAINT='#'
MAINTAINER_MODE_FALSE=''
MAINTAINER_MODE_TRUE='#'
MAKEINFO='${SHELL} /home/seg/DEV/pb42/src/router/nfs-utils/missing makeinfo'
MANIFEST_TOOL=':'
MKDIR_P='/usr/bin/mkdir -p'
MOUNT_CONFIG_FALSE='#'
MOUNT_CONFIG_TRUE=''
NM='mips-linux-uclibc-nm'
NMEDIT=''
OBJDUMP='mips-linux-objdump'
OBJEXT='o'
OTOOL64=''
OTOOL=''
PACKAGE='nfs-utils'
PACKAGE_BUGREPORT='linux-nfs@vger.kernel.org'
PACKAGE_NAME='linux nfs-utils'
PACKAGE_STRING='linux nfs-utils 2.3.3'
PACKAGE_TARNAME='nfs-utils'
PACKAGE_URL=''
PACKAGE_VERSION='2.3.3'
PATH_PLUGINS_FALSE=''
PATH_PLUGINS_TRUE=''
PATH_SEPARATOR=':'
PKG_CONFIG='/usr/bin/pkg-config'
PKG_CONFIG_LIBDIR=''
PKG_CONFIG_PATH=''
RANLIB='mips-linux-uclibc-ranlib'
RELEASE='1'
RPCGEN_PATH=''
RPCSECGSS_CFLAGS=''
RPCSECGSS_LIBS=''
SED='/xfs/toolchains/toolchain-mips_24kc_gcc-8.2.0_musl/bin/sed'
SET_MAKE=''
SHELL='/bin/sh'
STRIP='mips-linux-uclibc-strip'
SVCGSSD=''
TIRPC_CFLAGS=''
TIRPC_LIBS=''
VERSION='2.3.3'
_sysconfdir=''
ac_ct_AR=''
ac_ct_CC=''
ac_ct_CXX=''
ac_ct_DUMPBIN=''
am__EXEEXT_FALSE=''
am__EXEEXT_TRUE=''
am__fastdepCC_FALSE='#'
am__fastdepCC_TRUE=''
am__fastdepCXX_FALSE='#'
am__fastdepCXX_TRUE=''
am__include='include'
am__isrc=''
am__leading_dot='.'
am__nodep='_no'
am__quote=''
am__tar='$${TAR-tar} chof - "$$tardir"'
am__untar='$${TAR-tar} xf -'
bindir='${exec_prefix}/bin'
build='x86_64-pc-linux-gnu'
build_alias=''
build_cpu='x86_64'
build_os='linux-gnu'
build_vendor='pc'
datadir='${datarootdir}'
datarootdir='${prefix}/share'
docdir='${datarootdir}/doc/${PACKAGE_TARNAME}'
dvidir='${docdir}'
enable_gss='yes'
enable_ipv6='yes'
enable_mountconfig='yes'
enable_nfsv41='yes'
enable_nfsv4='yes'
enable_svcgss=''
exec_prefix='NONE'
host='mips-unknown-linux-gnu'
host_alias='mips-linux'
host_cpu='mips'
host_os='linux-gnu'
host_vendor='unknown'
htmldir='${docdir}'
includedir='${prefix}/include'
infodir='${datarootdir}/info'
install_sh='${SHELL} /home/seg/DEV/pb42/src/router/nfs-utils/install-sh'
kprefix=''
libdir='/usr/lib'
libexecdir='${exec_prefix}/lib'
localedir='${datarootdir}/locale'
localstatedir='${prefix}/var'
mandir='${datarootdir}/man'
mkdir_p='$(MKDIR_P)'
mountfile='/etc/nfsmount.conf'
nfsconfig='/etc/nfs.conf'
oldincludedir='/usr/include'
pdfdir='${docdir}'
prefix='/usr'
program_transform_name='s,x,x,'
psdir='${docdir}'
sbindir='${exec_prefix}/sbin'
sharedstatedir='${prefix}/com'
startstatd='/usr/sbin/start-statd'
statdpath='/var/lib/nfs'
statduser='nobody'
statedir='/var/lib/nfs'
sysconfdir='${prefix}/etc'
target_alias=''
unitdir='/usr/lib/systemd/system'

## ----------- ##
## confdefs.h. ##
## ----------- ##

/* confdefs.h */
#define PACKAGE_NAME "linux nfs-utils"
#define PACKAGE_TARNAME "nfs-utils"
#define PACKAGE_VERSION "2.3.3"
#define PACKAGE_STRING "linux nfs-utils 2.3.3"
#define PACKAGE_BUGREPORT "linux-nfs@vger.kernel.org"
#define PACKAGE_URL ""
#define PACKAGE "nfs-utils"
#define VERSION "2.3.3"
#define STDC_HEADERS 1
#define HAVE_SYS_TYPES_H 1
#define HAVE_SYS_STAT_H 1
#define HAVE_STDLIB_H 1
#define HAVE_STRING_H 1
#define HAVE_MEMORY_H 1
#define HAVE_STRINGS_H 1
#define HAVE_INTTYPES_H 1
#define HAVE_STDINT_H 1
#define HAVE_UNISTD_H 1
#define __EXTENSIONS__ 1
#define _ALL_SOURCE 1
#define _GNU_SOURCE 1
#define _POSIX_PTHREAD_SEMANTICS 1
#define _TANDEM_SOURCE 1
#define START_STATD "/usr/sbin/start-statd"
#define IPV6_SUPPORTED 1
#define MOUNT_CONFIG 1
#define MOUNTOPTS_CONFFILE "/etc/nfsmount.conf"
#define HAVE__HOME_SEG_DEV_PB42_SRC_ROUTER_LIBTIRPC_TIRPC_NETCONFIG_H 1
#define HAVE_LIBTIRPC 1
#define HAVE_LIBTIRPC_SET_DEBUG 1
#define HAVE_DLFCN_H 1
#define LT_OBJDIR ".libs/"
#define STDC_HEADERS 1
#define HAVE_EVENT_H 1
#define HAVE_LIBGEN_H 1
#define HAVE_SYS_INOTIFY_H 1

configure: exit 1
