Removing /var/ftpd/pub/tools/unix/lsof/OLD/CHECKSUMS_4.84
Removing /var/ftpd/pub/tools/unix/lsof/OLD/lsof_4.84.man
Removing /var/ftpd/pub/tools/unix/lsof/OLD/lsof_4.84.tar.bz2
Removing /var/ftpd/pub/tools/unix/lsof/OLD/lsof_4.84.tar.bz2.sig
Removing /var/ftpd/pub/tools/unix/lsof/OLD/lsof_4.84.tar.Z
Removing /var/ftpd/pub/tools/unix/lsof/OLD/lsof_4.84.tar.Z.sig
Installing lsof.00INDEX
Installing lsof.README
Installing CHECKSUMS_4.86
Installing lsof_4.86.man
Installing lsof_4.86.tar.bz2
Installing lsof_4.86.tar.bz2.sig
Installing lsof_4.86.tar.gz
Installing lsof_4.86.tar.gz.sig
Installing lsof_4.86.tar.Z
Installing lsof_4.86.tar.Z.sig
-r--r--r--   1 abe      pucc        1726 Apr 10 13:06 CHECKSUMS
-r--r--r--   1 abe      pucc           0 Apr 10 13:01 lsof_man
Installing FAQ
-r--r--r--   1 abe      pucc      769231 Apr 10 13:06 lsof.tar.bz2
-r--r--r--   1 abe      pucc         152 Apr 10 13:06 lsof.tar.bz2.sig
-r--r--r--   1 abe      pucc     1079288 Apr 10 13:06 lsof.tar.gz
-r--r--r--   1 abe      pucc         152 Apr 10 13:06 lsof.tar.gz.sig
-r--r--r--   1 abe      pucc     1630733 Apr 10 13:06 lsof.tar.Z
-r--r--r--   1 abe      pucc         152 Apr 10 13:06 lsof.tar.Z.sig
Creating lsof_4.87.man
Removing /var/ftpd/pub/tools/unix/lsof/OLD/CHECKSUMS_4.85
Removing /var/ftpd/pub/tools/unix/lsof/OLD/lsof_4.85.man
Removing /var/ftpd/pub/tools/unix/lsof/OLD/lsof_4.85.tar.bz2
Removing /var/ftpd/pub/tools/unix/lsof/OLD/lsof_4.85.tar.bz2.sig
Removing /var/ftpd/pub/tools/unix/lsof/OLD/lsof_4.85.tar.Z
Removing /var/ftpd/pub/tools/unix/lsof/OLD/lsof_4.85.tar.Z.sig
Installing lsof.00INDEX
Installing lsof.README
Installing CHECKSUMS_4.87
Installing lsof_4.87.man
Installing lsof_4.87.tar.bz2
Installing lsof_4.87.tar.bz2.sig
Installing lsof_4.87.tar.gz
Installing lsof_4.87.tar.gz.sig
Installing lsof_4.87.tar.Z
Installing lsof_4.87.tar.Z.sig
-r--r--r--   1 abe      pucc        1726 Jan  2 12:52 CHECKSUMS
-r--r--r--   1 abe      pucc      151915 Jan  2 12:56 lsof_man
Installing FAQ
-r--r--r--   1 abe      pucc      773664 Jan  2 12:52 lsof.tar.bz2
-r--r--r--   1 abe      pucc         152 Jan  2 12:52 lsof.tar.bz2.sig
-r--r--r--   1 abe      pucc     1084323 Jan  2 12:52 lsof.tar.gz
-r--r--r--   1 abe      pucc         152 Jan  2 12:52 lsof.tar.gz.sig
-r--r--r--   1 abe      pucc     1632799 Jan  2 12:52 lsof.tar.Z
-r--r--r--   1 abe      pucc         152 Jan  2 12:52 lsof.tar.Z.sig
Creating lsof_4.88.man
Removing /var/ftpd/pub/tools/unix/lsof/OLD/CHECKSUMS_4.86
Removing /var/ftpd/pub/tools/unix/lsof/OLD/lsof_4.86.man
Removing /var/ftpd/pub/tools/unix/lsof/OLD/lsof_4.86.tar.bz2
Removing /var/ftpd/pub/tools/unix/lsof/OLD/lsof_4.86.tar.bz2.sig
Removing /var/ftpd/pub/tools/unix/lsof/OLD/lsof_4.86.tar.Z
Removing /var/ftpd/pub/tools/unix/lsof/OLD/lsof_4.86.tar.Z.sig
Installing lsof.00INDEX
Installing lsof.README
Installing CHECKSUMS_4.88
Installing lsof_4.88.man
Installing lsof_4.88.tar.bz2
Installing lsof_4.88.tar.bz2.sig
Installing lsof_4.88.tar.gz
Installing lsof_4.88.tar.gz.sig
Installing lsof_4.88.tar.Z
Installing lsof_4.88.tar.Z.sig
-r--r--r--   1 abe      pucc        1726 Oct 14 12:04 CHECKSUMS
-r--r--r--   1 abe      pucc      152630 Oct 14 12:12 lsof_man
Installing FAQ
-r--r--r--   1 abe      pucc      778563 Oct 14 12:04 lsof.tar.bz2
-r--r--r--   1 abe      pucc         152 Oct 14 12:04 lsof.tar.bz2.sig
-r--r--r--   1 abe      pucc     1090289 Oct 14 12:04 lsof.tar.gz
-r--r--r--   1 abe      pucc         152 Oct 14 12:04 lsof.tar.gz.sig
-r--r--r--   1 abe      pucc     1643851 Oct 14 12:04 lsof.tar.Z
-r--r--r--   1 abe      pucc         152 Oct 14 12:04 lsof.tar.Z.sig
Creating lsof_4.89.man
Removing /var/ftpd/pub/tools/unix/lsof/OLD/CHECKSUMS_4.87
Removing /var/ftpd/pub/tools/unix/lsof/OLD/lsof_4.87.man
Removing /var/ftpd/pub/tools/unix/lsof/OLD/lsof_4.87.tar.bz2
Removing /var/ftpd/pub/tools/unix/lsof/OLD/lsof_4.87.tar.bz2.sig
Removing /var/ftpd/pub/tools/unix/lsof/OLD/lsof_4.87.tar.Z
Removing /var/ftpd/pub/tools/unix/lsof/OLD/lsof_4.87.tar.Z.sig
Installing lsof.00INDEX
Installing lsof.README
Installing CHECKSUMS_4.89
Installing lsof_4.89.man
Installing lsof_4.89.tar.bz2
Installing lsof_4.89.tar.bz2.sig
Installing lsof_4.89.tar.gz
Installing lsof_4.89.tar.gz.sig
Installing lsof_4.89.tar.Z
Installing lsof_4.89.tar.Z.sig
-r--r--r--   1 abe      pucc        1726 Jul 13 10:04 CHECKSUMS
-r--r--r--   1 abe      pucc      153636 Jul 13 10:05 lsof_man
Installing FAQ
-r--r--r--   1 abe      pucc      784560 Jul 13 10:04 lsof.tar.bz2
-r--r--r--   1 abe      pucc         152 Jul 13 10:04 lsof.tar.bz2.sig
-r--r--r--   1 abe      pucc     1096819 Jul 13 10:04 lsof.tar.gz
-r--r--r--   1 abe      pucc         152 Jul 13 10:04 lsof.tar.gz.sig
-r--r--r--   1 abe      pucc     1649885 Jul 13 10:04 lsof.tar.Z
-r--r--r--   1 abe      pucc         152 Jul 13 10:04 lsof.tar.Z.sig
Creating lsof_4.90.man
Removing /var/ftpd/pub/tools/unix/lsof/OLD/CHECKSUMS_4.88
Removing /var/ftpd/pub/tools/unix/lsof/OLD/lsof_4.88.man
Removing /var/ftpd/pub/tools/unix/lsof/OLD/lsof_4.88.tar.bz2
Removing /var/ftpd/pub/tools/unix/lsof/OLD/lsof_4.88.tar.bz2.sig
Removing /var/ftpd/pub/tools/unix/lsof/OLD/lsof_4.88.tar.Z
Removing /var/ftpd/pub/tools/unix/lsof/OLD/lsof_4.88.tar.Z.sig
Installing lsof.00INDEX
Installing lsof.README
Installing CHECKSUMS_4.90
Installing lsof_4.90.man
Installing lsof_4.90.tar.bz2
Installing lsof_4.90.tar.bz2.sig
Installing lsof_4.90.tar.gz
Installing lsof_4.90.tar.gz.sig
Installing lsof_4.90.tar.Z
Installing lsof_4.90.tar.Z.sig
-r--r--r--   1 abe      pucc        1726 Feb 14 15:33 CHECKSUMS
-r--r--r--   1 abe      pucc      155331 Feb 15 13:12 lsof_man
Installing FAQ
-r--r--r--   1 abe      pucc      791758 Feb 14 15:32 lsof.tar.bz2
-r--r--r--   1 abe      pucc         152 Feb 14 15:33 lsof.tar.bz2.sig
-r--r--r--   1 abe      pucc     1104570 Feb 14 15:32 lsof.tar.gz
-r--r--r--   1 abe      pucc         152 Feb 14 15:33 lsof.tar.gz.sig
-r--r--r--   1 abe      pucc     1663473 Feb 14 15:33 lsof.tar.Z
-r--r--r--   1 abe      pucc         152 Feb 14 15:33 lsof.tar.Z.sig
sof: 44 = install-lsof 4.91
Creating lsof_4.91.man
Removing /var/ftpd/pub/tools/unix/lsof/OLD/CHECKSUMS_4.89
Removing /var/ftpd/pub/tools/unix/lsof/OLD/lsof_4.89.man
Removing /var/ftpd/pub/tools/unix/lsof/OLD/lsof_4.89.tar.bz2
Removing /var/ftpd/pub/tools/unix/lsof/OLD/lsof_4.89.tar.bz2.sig
Removing /var/ftpd/pub/tools/unix/lsof/OLD/lsof_4.89.tar.Z
Removing /var/ftpd/pub/tools/unix/lsof/OLD/lsof_4.89.tar.Z.sig
Installing lsof.00INDEX
Installing lsof.README
Installing CHECKSUMS_4.91
Installing lsof_4.91.man
Installing lsof_4.91.tar.bz2
Installing lsof_4.91.tar.bz2.sig
Installing lsof_4.91.tar.gz
Installing lsof_4.91.tar.gz.sig
Installing lsof_4.91.tar.Z
Installing lsof_4.91.tar.Z.sig
-r--r--r--   1 abe      pucc        1726 Mar 26 17:56 CHECKSUMS
-r--r--r--   1 abe      pucc      155331 Mar 26 18:00 lsof_man
Installing FAQ
-r--r--r--   1 abe      pucc      791734 Mar 26 17:56 lsof.tar.bz2
-r--r--r--   1 abe      pucc         152 Mar 26 17:56 lsof.tar.bz2.sig
-r--r--r--   1 abe      pucc     1104767 Mar 26 17:56 lsof.tar.gz
-r--r--r--   1 abe      pucc         152 Mar 26 17:56 lsof.tar.gz.sig
-r--r--r--   1 abe      pucc     1658305 Mar 26 17:56 lsof.tar.Z
-r--r--r--   1 abe      pucc         152 Mar 26 17:56 lsof.tar.Z.sig
