This file contains any messages produced by compilers while
running configure, to aid debugging if configure makes a mistake.

configure:568: checking for a BSD compatible install
configure:621: checking whether build environment is sane
configure:678: checking whether make sets ${MAKE}
configure:724: checking for working aclocal
configure:737: checking for working autoconf
configure:750: checking for working automake
configure:763: checking for working autoheader
configure:776: checking for working makeinfo
configure:814: checking for gcc
configure:927: checking whether the C compiler (gcc  ) works
configure:943: gcc -o conftest    conftest.c  1>&5
configure:969: checking whether the C compiler (gcc  ) is a cross-compiler
configure:974: checking whether we are using GNU C
configure:1002: checking whether gcc accepts -g
configure:1034: checking how to run the C preprocessor
configure:1125: checking for a BSD compatible install
configure:1179: checking return type of signal handlers
configure:1222: checking for gethostbyname
configure:1319: checking for connect
configure:1447: checking for socket
configure:1447: checking for strdup
configure:1447: checking for getopt_long
configure:1447: checking for gethostbyaddr
configure:1447: checking for getservbyname
configure:1447: checking for inet_addr
configure:1447: checking for inet_ntoa
configure:1447: checking for snprintf
configure:1447: checking for vfprintf
configure:1447: checking for stat
configure:1447: checking for vsprintf
configure:1447: checking for vsnprintf
configure:1447: checking for strerror
configure:1447: checking for strftime
configure:1447: checking for wait
configure:1447: checking for waitpid
configure:1447: checking for getpid
configure:1447: checking for fork
configure:1447: checking for vfork
configure:1447: checking for getuid
configure:1447: checking for geteuid
configure:1447: checking for setuid
configure:1447: checking for seteuid
configure:1447: checking for getgid
configure:1447: checking for getegid
configure:1447: checking for setgid
configure:1447: checking for setegid
configure:1447: checking for inet_aton
configure:1447: checking for herror
configure:1517: checking for arpa/inet.h
configure:1517: checking for sys/types.h
configure:1517: checking for sys/time.h
configure:1517: checking for sys/stat.h
configure:1517: checking for fcntl.h
configure:1517: checking for signal.h
configure:1517: checking for syslog.h
configure:1517: checking for pwd.h
configure:1517: checking for stdarg.h
configure:1517: checking for grp.h
configure:1517: checking for errno.h
configure:1517: checking for sys/sockio.h
configure:1517: checking for sys/wait.h
configure:1517: checking for getopt.h
configure:1561: checking for unistd.h
configure:1561: checking for netinet/in.h
configure:1561: checking for netdb.h
configure:1561: checking for sys/socket.h
configure:1600: checking for sys_errlist in -lc
configure:1646: checking for getopt
configure:1703: checking for getpass
configure:1763: checking host system type
configure:1789: checking for user supplied default service
configure:1883: checking whether user wants debugging support
configure:1898: checking whether user wants to dissable MD5 support
