This file contains any messages produced by compilers while
running configure, to aid debugging if configure makes a mistake.

It was created by configure, which was
generated by GNU Autoconf 2.57.  Invocation command line was

  $ ./configure --host=mipsel-elf-linux --with-pcap=linux --enable-ipv6 CC=mipsel-uclibc-gcc -pipe CFLAGS=-O1 -fomit-frame-pointer -fpic -fPIC -I../../linux/linux/include host_alias=mipsel-linux ac_cv_linux_vers=2

## --------- ##
## Platform. ##
## --------- ##

hostname = linuxdev.sveasoft.com
uname -m = i686
uname -r = 2.6.8-1.521
uname -s = Linux
uname -v = #1 Mon Aug 16 09:01:18 EDT 2004

/usr/bin/uname -p = unknown
/bin/uname -X     = unknown

/bin/arch              = i686
/usr/bin/arch -k       = unknown
/usr/convex/getsysinfo = unknown
hostinfo               = unknown
/bin/machine           = unknown
/usr/bin/oslevel       = unknown
/bin/universe          = unknown

PATH: /usr/kerberos/sbin
PATH: /usr/kerberos/bin
PATH: /opt/crosstool/armv5b-softfloat-linux/gcc-3.3.3-glibc-2.2.5/bin
PATH: /opt/brcm/hndtools-mipsel-linux/bin
PATH: /opt/brcm/hndtools-mipsel-uclibc/bin
PATH: /usr/local/sbin
PATH: /usr/local/bin
PATH: /sbin
PATH: /bin
PATH: /usr/sbin
PATH: /usr/bin
PATH: /usr/X11R6/bin
PATH: /root/bin


## ----------- ##
## Core tests. ##
## ----------- ##

configure:1309: checking build system type
configure:1327: result: i686-pc-linux-gnu
configure:1335: checking host system type
configure:1349: result: mipsel-unknown-linux-gnu
configure:1357: checking target system type
configure:1371: result: mipsel-unknown-linux-gnu
configure:1463: checking for mipsel-linux-gcc
configure:1489: result: mipsel-uclibc-gcc -pipe
configure:1771: checking for C compiler version
configure:1774: mipsel-uclibc-gcc -pipe --version </dev/null >&5
mipsel-linux-gcc (GCC) 3.2.3 with Broadcom modifications
Copyright (C) 2002 Free Software Foundation, Inc.
This is free software; see the source for copying conditions.  There is NO
warranty; not even for MERCHANTABILITY or FITNESS FOR A PARTICULAR PURPOSE.

configure:1777: $? = 0
configure:1779: mipsel-uclibc-gcc -pipe -v </dev/null >&5
Invoked as mipsel-uclibc-gcc
arg[ 0] = /opt/brcm/hndtools-mipsel-linux/bin/mipsel-linux-gcc
arg[ 1] = -pipe
arg[ 2] = -v
Reading specs from /opt/brcm/hndtools-mipsel-linux/bin/../lib/gcc-lib/mipsel-linux/3.2.3/specs
Configured with: /opt/brcm/org/tools-src/gnu/gcc/configure -v --target=mipsel-linux --prefix=/opt/brcm/hndtools-mipsel-linux-3.2.3 --with-bcm4710a0 --with-headers=/opt/brcm/hndtools-mipsel-linux-3.2.3/mipsel-linux/include --enable-languages=c,c++
Thread model: posix
gcc version 3.2.3 with Broadcom modifications
configure:1782: $? = 0
configure:1784: mipsel-uclibc-gcc -pipe -V </dev/null >&5
mipsel-linux-gcc: argument to `-V' is missing
configure:1787: $? = 1
configure:1811: checking for C compiler default output
configure:1814: mipsel-uclibc-gcc -pipe -O1 -fomit-frame-pointer -fpic -fPIC -I../../linux/linux/include   conftest.c  >&5
configure:1817: $? = 0
configure:1863: result: a.out
configure:1868: checking whether the C compiler works
configure:1874: ./a.out
./configure: line 1: ./a.out: cannot execute binary file
configure:1877: $? = 126
configure:1894: result: yes
configure:1901: checking whether we are cross compiling
configure:1903: result: yes
configure:1906: checking for suffix of executables
configure:1908: mipsel-uclibc-gcc -pipe -o conftest -O1 -fomit-frame-pointer -fpic -fPIC -I../../linux/linux/include   conftest.c  >&5
configure:1911: $? = 0
configure:1936: result: 
configure:1942: checking for suffix of object files
configure:1964: mipsel-uclibc-gcc -pipe -c -O1 -fomit-frame-pointer -fpic -fPIC -I../../linux/linux/include  conftest.c >&5
configure:1967: $? = 0
configure:1989: result: o
configure:1993: checking whether we are using the GNU C compiler
configure:2018: mipsel-uclibc-gcc -pipe -c -O1 -fomit-frame-pointer -fpic -fPIC -I../../linux/linux/include  conftest.c >&5
configure:2021: $? = 0
configure:2024: test -s conftest.o
configure:2027: $? = 0
configure:2040: result: yes
configure:2046: checking whether mipsel-uclibc-gcc -pipe accepts -g
configure:2068: mipsel-uclibc-gcc -pipe -c -g  conftest.c >&5
configure:2071: $? = 0
configure:2074: test -s conftest.o
configure:2077: $? = 0
configure:2088: result: yes
configure:2105: checking for mipsel-uclibc-gcc -pipe option to accept ANSI C
configure:2166: mipsel-uclibc-gcc -pipe  -c -O1 -fomit-frame-pointer -fpic -fPIC -I../../linux/linux/include  conftest.c >&5
configure:2169: $? = 0
configure:2172: test -s conftest.o
configure:2175: $? = 0
configure:2193: result: none needed
configure:2211: mipsel-uclibc-gcc -pipe -c -O1 -fomit-frame-pointer -fpic -fPIC -I../../linux/linux/include  conftest.c >&5
conftest.c:2: parse error before "me"
configure:2214: $? = 1
configure: failed program was:
| #ifndef __cplusplus
|   choke me
| #endif
configure:2328: checking gcc version
configure:2340: result: 3
configure:2535: checking for inline
configure:2575: mipsel-uclibc-gcc -pipe -c -O1 -fomit-frame-pointer -fpic -fPIC -I../../linux/linux/include  conftest.c >&5
configure:2578: $? = 0
configure:2581: test -s conftest.o
configure:2584: $? = 0
configure:2603: result: inline
configure:2615: checking for __attribute__
configure:2648: mipsel-uclibc-gcc -pipe -c -O1 -fomit-frame-pointer -fpic -fPIC -I../../linux/linux/include  conftest.c >&5
configure:2651: $? = 0
configure:2654: test -s conftest.o
configure:2657: $? = 0
configure:2679: result: yes
configure:2683: checking for u_int8_t using mipsel-uclibc-gcc -pipe
configure:2711: mipsel-uclibc-gcc -pipe -c -O1 -fomit-frame-pointer -fpic -fPIC -I../../linux/linux/include  conftest.c >&5
configure:2714: $? = 0
configure:2717: test -s conftest.o
configure:2720: $? = 0
configure:2732: result: yes
configure:2741: checking for u_int16_t using mipsel-uclibc-gcc -pipe
configure:2769: mipsel-uclibc-gcc -pipe -c -O1 -fomit-frame-pointer -fpic -fPIC -I../../linux/linux/include  conftest.c >&5
configure:2772: $? = 0
configure:2775: test -s conftest.o
configure:2778: $? = 0
configure:2790: result: yes
configure:2799: checking for u_int32_t using mipsel-uclibc-gcc -pipe
configure:2827: mipsel-uclibc-gcc -pipe -c -O1 -fomit-frame-pointer -fpic -fPIC -I../../linux/linux/include  conftest.c >&5
configure:2830: $? = 0
configure:2833: test -s conftest.o
configure:2836: $? = 0
configure:2848: result: yes
configure:2863: checking how to run the C preprocessor
configure:2899: mipsel-uclibc-gcc -pipe -E  conftest.c
configure:2905: $? = 0
configure:2937: mipsel-uclibc-gcc -pipe -E  conftest.c
configure:2938:28: ac_nonexistent.h: No such file or directory
configure:2943: $? = 1
configure: failed program was:
| #line 2928 "configure"
| /* confdefs.h.  */
| 
| #define PACKAGE_NAME ""
| #define PACKAGE_TARNAME ""
| #define PACKAGE_VERSION ""
| #define PACKAGE_STRING ""
| #define PACKAGE_BUGREPORT ""
| #define inline inline
| #define HAVE___ATTRIBUTE__ 1
| /* end confdefs.h.  */
| #include <ac_nonexistent.h>
configure:2981: result: mipsel-uclibc-gcc -pipe -E
configure:3006: mipsel-uclibc-gcc -pipe -E  conftest.c
configure:3012: $? = 0
configure:3044: mipsel-uclibc-gcc -pipe -E  conftest.c
configure:3045:28: ac_nonexistent.h: No such file or directory
configure:3050: $? = 1
configure: failed program was:
| #line 3035 "configure"
| /* confdefs.h.  */
| 
| #define PACKAGE_NAME ""
| #define PACKAGE_TARNAME ""
| #define PACKAGE_VERSION ""
| #define PACKAGE_STRING ""
| #define PACKAGE_BUGREPORT ""
| #define inline inline
| #define HAVE___ATTRIBUTE__ 1
| /* end confdefs.h.  */
| #include <ac_nonexistent.h>
configure:3093: checking for egrep
configure:3103: result: grep -E
configure:3108: checking for ANSI C header files
configure:3134: mipsel-uclibc-gcc -pipe -c -O1 -fomit-frame-pointer -fpic -fPIC -I../../linux/linux/include  conftest.c >&5
configure:3137: $? = 0
configure:3140: test -s conftest.o
configure:3143: $? = 0
configure:3255: result: yes
configure:3279: checking for sys/types.h
configure:3296: mipsel-uclibc-gcc -pipe -c -O1 -fomit-frame-pointer -fpic -fPIC -I../../linux/linux/include  conftest.c >&5
configure:3299: $? = 0
configure:3302: test -s conftest.o
configure:3305: $? = 0
configure:3316: result: yes
configure:3279: checking for sys/stat.h
configure:3296: mipsel-uclibc-gcc -pipe -c -O1 -fomit-frame-pointer -fpic -fPIC -I../../linux/linux/include  conftest.c >&5
configure:3299: $? = 0
configure:3302: test -s conftest.o
configure:3305: $? = 0
configure:3316: result: yes
configure:3279: checking for stdlib.h
configure:3296: mipsel-uclibc-gcc -pipe -c -O1 -fomit-frame-pointer -fpic -fPIC -I../../linux/linux/include  conftest.c >&5
configure:3299: $? = 0
configure:3302: test -s conftest.o
configure:3305: $? = 0
configure:3316: result: yes
configure:3279: checking for string.h
configure:3296: mipsel-uclibc-gcc -pipe -c -O1 -fomit-frame-pointer -fpic -fPIC -I../../linux/linux/include  conftest.c >&5
configure:3299: $? = 0
configure:3302: test -s conftest.o
configure:3305: $? = 0
configure:3316: result: yes
configure:3279: checking for memory.h
configure:3296: mipsel-uclibc-gcc -pipe -c -O1 -fomit-frame-pointer -fpic -fPIC -I../../linux/linux/include  conftest.c >&5
configure:3299: $? = 0
configure:3302: test -s conftest.o
configure:3305: $? = 0
configure:3316: result: yes
configure:3279: checking for strings.h
configure:3296: mipsel-uclibc-gcc -pipe -c -O1 -fomit-frame-pointer -fpic -fPIC -I../../linux/linux/include  conftest.c >&5
configure:3299: $? = 0
configure:3302: test -s conftest.o
configure:3305: $? = 0
configure:3316: result: yes
configure:3279: checking for inttypes.h
configure:3296: mipsel-uclibc-gcc -pipe -c -O1 -fomit-frame-pointer -fpic -fPIC -I../../linux/linux/include  conftest.c >&5
configure:3299: $? = 0
configure:3302: test -s conftest.o
configure:3305: $? = 0
configure:3316: result: yes
configure:3279: checking for stdint.h
configure:3296: mipsel-uclibc-gcc -pipe -c -O1 -fomit-frame-pointer -fpic -fPIC -I../../linux/linux/include  conftest.c >&5
configure:3299: $? = 0
configure:3302: test -s conftest.o
configure:3305: $? = 0
configure:3316: result: yes
configure:3279: checking for unistd.h
configure:3296: mipsel-uclibc-gcc -pipe -c -O1 -fomit-frame-pointer -fpic -fPIC -I../../linux/linux/include  conftest.c >&5
configure:3299: $? = 0
configure:3302: test -s conftest.o
configure:3305: $? = 0
configure:3316: result: yes
configure:3345: checking sys/ioccom.h usability
configure:3358: mipsel-uclibc-gcc -pipe -c -O1 -fomit-frame-pointer -fpic -fPIC -I../../linux/linux/include  conftest.c >&5
configure:3401:24: sys/ioccom.h: No such file or directory
configure:3361: $? = 1
configure: failed program was:
| #line 3347 "configure"
| /* confdefs.h.  */
| 
| #define PACKAGE_NAME ""
| #define PACKAGE_TARNAME ""
| #define PACKAGE_VERSION ""
| #define PACKAGE_STRING ""
| #define PACKAGE_BUGREPORT ""
| #define inline inline
| #define HAVE___ATTRIBUTE__ 1
| #define STDC_HEADERS 1
| #define HAVE_SYS_TYPES_H 1
| #define HAVE_SYS_STAT_H 1
| #define HAVE_STDLIB_H 1
| #define HAVE_STRING_H 1
| #define HAVE_MEMORY_H 1
| #define HAVE_STRINGS_H 1
| #define HAVE_INTTYPES_H 1
| #define HAVE_STDINT_H 1
| #define HAVE_UNISTD_H 1
| /* end confdefs.h.  */
| #include <stdio.h>
| #if HAVE_SYS_TYPES_H
| # include <sys/types.h>
| #endif
| #if HAVE_SYS_STAT_H
| # include <sys/stat.h>
| #endif
| #if STDC_HEADERS
| # include <stdlib.h>
| # include <stddef.h>
| #else
| # if HAVE_STDLIB_H
| #  include <stdlib.h>
| # endif
| #endif
| #if HAVE_STRING_H
| # if !STDC_HEADERS && HAVE_MEMORY_H
| #  include <memory.h>
| # endif
| # include <string.h>
| #endif
| #if HAVE_STRINGS_H
| # include <strings.h>
| #endif
| #if HAVE_INTTYPES_H
| # include <inttypes.h>
| #else
| # if HAVE_STDINT_H
| #  include <stdint.h>
| # endif
| #endif
| #if HAVE_UNISTD_H
| # include <unistd.h>
| #endif
| #include <sys/ioccom.h>
configure:3377: result: no
configure:3381: checking sys/ioccom.h presence
configure:3392: mipsel-uclibc-gcc -pipe -E  conftest.c
configure:3403:24: sys/ioccom.h: No such file or directory
configure:3398: $? = 1
configure: failed program was:
| #line 3383 "configure"
| /* confdefs.h.  */
| 
| #define PACKAGE_NAME ""
| #define PACKAGE_TARNAME ""
| #define PACKAGE_VERSION ""
| #define PACKAGE_STRING ""
| #define PACKAGE_BUGREPORT ""
| #define inline inline
| #define HAVE___ATTRIBUTE__ 1
| #define STDC_HEADERS 1
| #define HAVE_SYS_TYPES_H 1
| #define HAVE_SYS_STAT_H 1
| #define HAVE_STDLIB_H 1
| #define HAVE_STRING_H 1
| #define HAVE_MEMORY_H 1
| #define HAVE_STRINGS_H 1
| #define HAVE_INTTYPES_H 1
| #define HAVE_STDINT_H 1
| #define HAVE_UNISTD_H 1
| /* end confdefs.h.  */
| #include <sys/ioccom.h>
configure:3417: result: no
configure:3453: checking for sys/ioccom.h
configure:3460: result: no
configure:3345: checking sys/sockio.h usability
configure:3358: mipsel-uclibc-gcc -pipe -c -O1 -fomit-frame-pointer -fpic -fPIC -I../../linux/linux/include  conftest.c >&5
configure:3401:24: sys/sockio.h: No such file or directory
configure:3361: $? = 1
configure: failed program was:
| #line 3347 "configure"
| /* confdefs.h.  */
| 
| #define PACKAGE_NAME ""
| #define PACKAGE_TARNAME ""
| #define PACKAGE_VERSION ""
| #define PACKAGE_STRING ""
| #define PACKAGE_BUGREPORT ""
| #define inline inline
| #define HAVE___ATTRIBUTE__ 1
| #define STDC_HEADERS 1
| #define HAVE_SYS_TYPES_H 1
| #define HAVE_SYS_STAT_H 1
| #define HAVE_STDLIB_H 1
| #define HAVE_STRING_H 1
| #define HAVE_MEMORY_H 1
| #define HAVE_STRINGS_H 1
| #define HAVE_INTTYPES_H 1
| #define HAVE_STDINT_H 1
| #define HAVE_UNISTD_H 1
| /* end confdefs.h.  */
| #include <stdio.h>
| #if HAVE_SYS_TYPES_H
| # include <sys/types.h>
| #endif
| #if HAVE_SYS_STAT_H
| # include <sys/stat.h>
| #endif
| #if STDC_HEADERS
| # include <stdlib.h>
| # include <stddef.h>
| #else
| # if HAVE_STDLIB_H
| #  include <stdlib.h>
| # endif
| #endif
| #if HAVE_STRING_H
| # if !STDC_HEADERS && HAVE_MEMORY_H
| #  include <memory.h>
| # endif
| # include <string.h>
| #endif
| #if HAVE_STRINGS_H
| # include <strings.h>
| #endif
| #if HAVE_INTTYPES_H
| # include <inttypes.h>
| #else
| # if HAVE_STDINT_H
| #  include <stdint.h>
| # endif
| #endif
| #if HAVE_UNISTD_H
| # include <unistd.h>
| #endif
| #include <sys/sockio.h>
configure:3377: result: no
configure:3381: checking sys/sockio.h presence
configure:3392: mipsel-uclibc-gcc -pipe -E  conftest.c
configure:3403:24: sys/sockio.h: No such file or directory
configure:3398: $? = 1
configure: failed program was:
| #line 3383 "configure"
| /* confdefs.h.  */
| 
| #define PACKAGE_NAME ""
| #define PACKAGE_TARNAME ""
| #define PACKAGE_VERSION ""
| #define PACKAGE_STRING ""
| #define PACKAGE_BUGREPORT ""
| #define inline inline
| #define HAVE___ATTRIBUTE__ 1
| #define STDC_HEADERS 1
| #define HAVE_SYS_TYPES_H 1
| #define HAVE_SYS_STAT_H 1
| #define HAVE_STDLIB_H 1
| #define HAVE_STRING_H 1
| #define HAVE_MEMORY_H 1
| #define HAVE_STRINGS_H 1
| #define HAVE_INTTYPES_H 1
| #define HAVE_STDINT_H 1
| #define HAVE_UNISTD_H 1
| /* end confdefs.h.  */
| #include <sys/sockio.h>
configure:3417: result: no
configure:3453: checking for sys/sockio.h
configure:3460: result: no
configure:3345: checking ifaddrs.h usability
configure:3358: mipsel-uclibc-gcc -pipe -c -O1 -fomit-frame-pointer -fpic -fPIC -I../../linux/linux/include  conftest.c >&5
configure:3401:21: ifaddrs.h: No such file or directory
configure:3361: $? = 1
configure: failed program was:
| #line 3347 "configure"
| /* confdefs.h.  */
| 
| #define PACKAGE_NAME ""
| #define PACKAGE_TARNAME ""
| #define PACKAGE_VERSION ""
| #define PACKAGE_STRING ""
| #define PACKAGE_BUGREPORT ""
| #define inline inline
| #define HAVE___ATTRIBUTE__ 1
| #define STDC_HEADERS 1
| #define HAVE_SYS_TYPES_H 1
| #define HAVE_SYS_STAT_H 1
| #define HAVE_STDLIB_H 1
| #define HAVE_STRING_H 1
| #define HAVE_MEMORY_H 1
| #define HAVE_STRINGS_H 1
| #define HAVE_INTTYPES_H 1
| #define HAVE_STDINT_H 1
| #define HAVE_UNISTD_H 1
| /* end confdefs.h.  */
| #include <stdio.h>
| #if HAVE_SYS_TYPES_H
| # include <sys/types.h>
| #endif
| #if HAVE_SYS_STAT_H
| # include <sys/stat.h>
| #endif
| #if STDC_HEADERS
| # include <stdlib.h>
| # include <stddef.h>
| #else
| # if HAVE_STDLIB_H
| #  include <stdlib.h>
| # endif
| #endif
| #if HAVE_STRING_H
| # if !STDC_HEADERS && HAVE_MEMORY_H
| #  include <memory.h>
| # endif
| # include <string.h>
| #endif
| #if HAVE_STRINGS_H
| # include <strings.h>
| #endif
| #if HAVE_INTTYPES_H
| # include <inttypes.h>
| #else
| # if HAVE_STDINT_H
| #  include <stdint.h>
| # endif
| #endif
| #if HAVE_UNISTD_H
| # include <unistd.h>
| #endif
| #include <ifaddrs.h>
configure:3377: result: no
configure:3381: checking ifaddrs.h presence
configure:3392: mipsel-uclibc-gcc -pipe -E  conftest.c
configure:3403:21: ifaddrs.h: No such file or directory
configure:3398: $? = 1
configure: failed program was:
| #line 3383 "configure"
| /* confdefs.h.  */
| 
| #define PACKAGE_NAME ""
| #define PACKAGE_TARNAME ""
| #define PACKAGE_VERSION ""
| #define PACKAGE_STRING ""
| #define PACKAGE_BUGREPORT ""
| #define inline inline
| #define HAVE___ATTRIBUTE__ 1
| #define STDC_HEADERS 1
| #define HAVE_SYS_TYPES_H 1
| #define HAVE_SYS_STAT_H 1
| #define HAVE_STDLIB_H 1
| #define HAVE_STRING_H 1
| #define HAVE_MEMORY_H 1
| #define HAVE_STRINGS_H 1
| #define HAVE_INTTYPES_H 1
| #define HAVE_STDINT_H 1
| #define HAVE_UNISTD_H 1
| /* end confdefs.h.  */
| #include <ifaddrs.h>
configure:3417: result: no
configure:3453: checking for ifaddrs.h
configure:3460: result: no
configure:3345: checking limits.h usability
configure:3358: mipsel-uclibc-gcc -pipe -c -O1 -fomit-frame-pointer -fpic -fPIC -I../../linux/linux/include  conftest.c >&5
configure:3361: $? = 0
configure:3364: test -s conftest.o
configure:3367: $? = 0
configure:3377: result: yes
configure:3381: checking limits.h presence
configure:3392: mipsel-uclibc-gcc -pipe -E  conftest.c
configure:3398: $? = 0
configure:3417: result: yes
configure:3453: checking for limits.h
configure:3460: result: yes
configure:3477: checking for netinet/if_ether.h
configure:3495: mipsel-uclibc-gcc -pipe -c -O1 -fomit-frame-pointer -fpic -fPIC -I../../linux/linux/include  conftest.c >&5
configure:3498: $? = 0
configure:3501: test -s conftest.o
configure:3504: $? = 0
configure:3515: result: yes
configure:3528: checking for ANSI ioctl definitions
configure:3562: mipsel-uclibc-gcc -pipe -c -O1 -fomit-frame-pointer -fpic -fPIC -I../../linux/linux/include  conftest.c >&5
configure:3565: $? = 0
configure:3568: test -s conftest.o
configure:3571: $? = 0
configure:3583: result: yes
configure:3600: checking for ether_hostton
configure:3650: mipsel-uclibc-gcc -pipe -o conftest -O1 -fomit-frame-pointer -fpic -fPIC -I../../linux/linux/include   conftest.c  >&5
/tmp/cctye6kY.o: In function `main':
/tmp/cctye6kY.o(.text+0x18): undefined reference to `ether_hostton'
/tmp/cctye6kY.o(.data+0x0): undefined reference to `ether_hostton'
collect2: ld returned 1 exit status
configure:3653: $? = 1
configure: failed program was:
| #line 3605 "configure"
| /* confdefs.h.  */
| 
| #define PACKAGE_NAME ""
| #define PACKAGE_TARNAME ""
| #define PACKAGE_VERSION ""
| #define PACKAGE_STRING ""
| #define PACKAGE_BUGREPORT ""
| #define inline inline
| #define HAVE___ATTRIBUTE__ 1
| #define STDC_HEADERS 1
| #define HAVE_SYS_TYPES_H 1
| #define HAVE_SYS_STAT_H 1
| #define HAVE_STDLIB_H 1
| #define HAVE_STRING_H 1
| #define HAVE_MEMORY_H 1
| #define HAVE_STRINGS_H 1
| #define HAVE_INTTYPES_H 1
| #define HAVE_STDINT_H 1
| #define HAVE_UNISTD_H 1
| #define HAVE_LIMITS_H 1
| #define HAVE_NETINET_IF_ETHER_H 1
| /* end confdefs.h.  */
| /* System header to define __stub macros and hopefully few prototypes,
|     which can conflict with char ether_hostton (); below.
|     Prefer <limits.h> to <assert.h> if __STDC__ is defined, since
|     <limits.h> exists even on freestanding compilers.  */
| #ifdef __STDC__
| # include <limits.h>
| #else
| # include <assert.h>
| #endif
| /* Override any gcc2 internal prototype to avoid an error.  */
| #ifdef __cplusplus
| extern "C"
| {
| #endif
| /* We use char because int might match the return type of a gcc2
|    builtin and then its argument prototype would still apply.  */
| char ether_hostton ();
| /* The GNU C library defines this for functions which it implements
|     to always fail with ENOSYS.  Some functions are actually named
|     something starting with __ and the normal name is an alias.  */
| #if defined (__stub_ether_hostton) || defined (__stub___ether_hostton)
| choke me
| #else
| char (*f) () = ether_hostton;
| #endif
| #ifdef __cplusplus
| }
| #endif
| 
| int
| main ()
| {
| return f != ether_hostton;
|   ;
|   return 0;
| }
configure:3670: result: no
configure:3600: checking for strerror
configure:3650: mipsel-uclibc-gcc -pipe -o conftest -O1 -fomit-frame-pointer -fpic -fPIC -I../../linux/linux/include   conftest.c  >&5
configure:3653: $? = 0
configure:3656: test -s conftest
configure:3659: $? = 0
configure:3670: result: yes
configure:3600: checking for strlcpy
configure:3650: mipsel-uclibc-gcc -pipe -o conftest -O1 -fomit-frame-pointer -fpic -fPIC -I../../linux/linux/include   conftest.c  >&5
configure:3653: $? = 0
configure:3656: test -s conftest
configure:3659: $? = 0
configure:3670: result: yes
configure:3687: checking for vsnprintf
configure:3737: mipsel-uclibc-gcc -pipe -o conftest -O1 -fomit-frame-pointer -fpic -fPIC -I../../linux/linux/include   conftest.c  >&5
configure:3740: $? = 0
configure:3743: test -s conftest
configure:3746: $? = 0
configure:3757: result: yes
configure:3687: checking for snprintf
configure:3737: mipsel-uclibc-gcc -pipe -o conftest -O1 -fomit-frame-pointer -fpic -fPIC -I../../linux/linux/include   conftest.c  >&5
configure:3740: $? = 0
configure:3743: test -s conftest
configure:3746: $? = 0
configure:3757: result: yes
configure:3773: checking if --disable-protochain option is specified
configure:3793: result: enabled
configure:3807: checking packet capture type
configure:3843: result: linux
configure:3846: checking for getifaddrs
configure:3896: mipsel-uclibc-gcc -pipe -o conftest -O1 -fomit-frame-pointer -fpic -fPIC -I../../linux/linux/include   conftest.c  >&5
/tmp/ccxJIe6B.o: In function `main':
/tmp/ccxJIe6B.o(.text+0x18): undefined reference to `getifaddrs'
/tmp/ccxJIe6B.o(.data+0x0): undefined reference to `getifaddrs'
collect2: ld returned 1 exit status
configure:3899: $? = 1
configure: failed program was:
| #line 3851 "configure"
| /* confdefs.h.  */
| 
| #define PACKAGE_NAME ""
| #define PACKAGE_TARNAME ""
| #define PACKAGE_VERSION ""
| #define PACKAGE_STRING ""
| #define PACKAGE_BUGREPORT ""
| #define inline inline
| #define HAVE___ATTRIBUTE__ 1
| #define STDC_HEADERS 1
| #define HAVE_SYS_TYPES_H 1
| #define HAVE_SYS_STAT_H 1
| #define HAVE_STDLIB_H 1
| #define HAVE_STRING_H 1
| #define HAVE_MEMORY_H 1
| #define HAVE_STRINGS_H 1
| #define HAVE_INTTYPES_H 1
| #define HAVE_STDINT_H 1
| #define HAVE_UNISTD_H 1
| #define HAVE_LIMITS_H 1
| #define HAVE_NETINET_IF_ETHER_H 1
| #define HAVE_STRERROR 1
| #define HAVE_STRLCPY 1
| #define HAVE_VSNPRINTF 1
| #define HAVE_SNPRINTF 1
| /* end confdefs.h.  */
| /* System header to define __stub macros and hopefully few prototypes,
|     which can conflict with char getifaddrs (); below.
|     Prefer <limits.h> to <assert.h> if __STDC__ is defined, since
|     <limits.h> exists even on freestanding compilers.  */
| #ifdef __STDC__
| # include <limits.h>
| #else
| # include <assert.h>
| #endif
| /* Override any gcc2 internal prototype to avoid an error.  */
| #ifdef __cplusplus
| extern "C"
| {
| #endif
| /* We use char because int might match the return type of a gcc2
|    builtin and then its argument prototype would still apply.  */
| char getifaddrs ();
| /* The GNU C library defines this for functions which it implements
|     to always fail with ENOSYS.  Some functions are actually named
|     something starting with __ and the normal name is an alias.  */
| #if defined (__stub_getifaddrs) || defined (__stub___getifaddrs)
| choke me
| #else
| char (*f) () = getifaddrs;
| #endif
| #ifdef __cplusplus
| }
| #endif
| 
| int
| main ()
| {
| return f != getifaddrs;
|   ;
|   return 0;
| }
configure:3916: result: no
configure:4018: checking if --enable-ipv6 option is specified
configure:4032: result: yes
configure:4035: checking whether to build optimizer debugging code
configure:4049: result: no
configure:4052: checking whether to build parser debugging code
configure:4066: result: no
configure:4247: checking Linux kernel version
configure:4265: result: 2
configure:4277: checking if if_packet.h has tpacket_stats defined
configure:4300: mipsel-uclibc-gcc -pipe -c -O1 -fomit-frame-pointer -fpic -fPIC -I../../linux/linux/include  conftest.c >&5
configure:4303: $? = 0
configure:4306: test -s conftest.o
configure:4309: $? = 0
configure:4321: result: yes
configure:4345: checking whether we have /proc/net/dev
configure:4359: result: yes
configure:4414: checking whether we have DAG API
configure:4449: result: no
configure:4492: checking for flex
configure:4508: found /usr/bin/flex
configure:4518: result: flex
configure:4532: checking for flex 2.4 or higher
configure:4544: result: yes
configure:4560: checking for bison
configure:4576: found /usr/bin/bison
configure:4586: result: bison
configure:4744: checking for mipsel-linux-ranlib
configure:4760: found /opt/brcm/hndtools-mipsel-linux/bin/mipsel-linux-ranlib
configure:4770: result: mipsel-linux-ranlib
configure:4863: checking if sockaddr struct has sa_len member
configure:4887: mipsel-uclibc-gcc -pipe -c -O1 -fomit-frame-pointer -fpic -fPIC -I../../linux/linux/include  conftest.c >&5
configure: In function `main':
configure:4903: structure has no member named `sa_len'
configure:4890: $? = 1
configure: failed program was:
| #line 4868 "configure"
| /* confdefs.h.  */
| 
| #define PACKAGE_NAME ""
| #define PACKAGE_TARNAME ""
| #define PACKAGE_VERSION ""
| #define PACKAGE_STRING ""
| #define PACKAGE_BUGREPORT ""
| #define inline inline
| #define HAVE___ATTRIBUTE__ 1
| #define STDC_HEADERS 1
| #define HAVE_SYS_TYPES_H 1
| #define HAVE_SYS_STAT_H 1
| #define HAVE_STDLIB_H 1
| #define HAVE_STRING_H 1
| #define HAVE_MEMORY_H 1
| #define HAVE_STRINGS_H 1
| #define HAVE_INTTYPES_H 1
| #define HAVE_STDINT_H 1
| #define HAVE_UNISTD_H 1
| #define HAVE_LIMITS_H 1
| #define HAVE_NETINET_IF_ETHER_H 1
| #define HAVE_STRERROR 1
| #define HAVE_STRLCPY 1
| #define HAVE_VSNPRINTF 1
| #define HAVE_SNPRINTF 1
| #define INET6 1
| #define HAVE_TPACKET_STATS 1
| #define HAVE_PROC_NET_DEV 1
| /* end confdefs.h.  */
| 
| #	include <sys/types.h>
| #	include <sys/socket.h>
| int
| main ()
| {
| u_int i = sizeof(((struct sockaddr *)0)->sa_len)
|   ;
|   return 0;
| }
configure:4908: result: no
configure:4918: checking if sockaddr_storage struct exists
configure:4942: mipsel-uclibc-gcc -pipe -c -O1 -fomit-frame-pointer -fpic -fPIC -I../../linux/linux/include  conftest.c >&5
configure:4945: $? = 0
configure:4948: test -s conftest.o
configure:4951: $? = 0
configure:4963: result: yes
configure:4973: checking if dl_hp_ppa_info_t struct has dl_module_id_1 member
configure:4998: mipsel-uclibc-gcc -pipe -c -O1 -fomit-frame-pointer -fpic -fPIC -I../../linux/linux/include  conftest.c >&5
configure:5010:29: sys/dlpi.h: No such file or directory
configure:5011:33: sys/dlpi_ext.h: No such file or directory
configure: In function `main':
configure:5015: `dl_hp_ppa_info_t' undeclared (first use in this function)
configure:5015: (Each undeclared identifier is reported only once
configure:5015: for each function it appears in.)
configure:5015: parse error before ')' token
configure:5001: $? = 1
configure: failed program was:
| #line 4978 "configure"
| /* confdefs.h.  */
| 
| #define PACKAGE_NAME ""
| #define PACKAGE_TARNAME ""
| #define PACKAGE_VERSION ""
| #define PACKAGE_STRING ""
| #define PACKAGE_BUGREPORT ""
| #define inline inline
| #define HAVE___ATTRIBUTE__ 1
| #define STDC_HEADERS 1
| #define HAVE_SYS_TYPES_H 1
| #define HAVE_SYS_STAT_H 1
| #define HAVE_STDLIB_H 1
| #define HAVE_STRING_H 1
| #define HAVE_MEMORY_H 1
| #define HAVE_STRINGS_H 1
| #define HAVE_INTTYPES_H 1
| #define HAVE_STDINT_H 1
| #define HAVE_UNISTD_H 1
| #define HAVE_LIMITS_H 1
| #define HAVE_NETINET_IF_ETHER_H 1
| #define HAVE_STRERROR 1
| #define HAVE_STRLCPY 1
| #define HAVE_VSNPRINTF 1
| #define HAVE_SNPRINTF 1
| #define INET6 1
| #define HAVE_TPACKET_STATS 1
| #define HAVE_PROC_NET_DEV 1
| #define HAVE_SOCKADDR_STORAGE 1
| /* end confdefs.h.  */
| 
| #	include <sys/types.h>
| #	include <sys/dlpi.h>
| #	include <sys/dlpi_ext.h>
| int
| main ()
| {
| u_int i = sizeof(((dl_hp_ppa_info_t *)0)->dl_module_id_1)
|   ;
|   return 0;
| }
configure:5019: result: no
configure:5029: checking if unaligned accesses fail
configure:5116: result: yes
configure:5153: checking for a BSD-compatible install
configure:5207: result: /usr/bin/install -c
configure:5318: creating ./config.status

## ---------------------- ##
## Running config.status. ##
## ---------------------- ##

This file was extended by config.status, which was
generated by GNU Autoconf 2.57.  Invocation command line was

  CONFIG_FILES    = 
  CONFIG_HEADERS  = 
  CONFIG_LINKS    = 
  CONFIG_COMMANDS = 
  $ ./config.status 

on linuxdev.sveasoft.com

config.status:641: creating Makefile
config.status:745: creating config.h

## ---------------- ##
## Cache variables. ##
## ---------------- ##

ac_cv___attribute__=yes
ac_cv_build=i686-pc-linux-gnu
ac_cv_build_alias=i686-pc-linux-gnu
ac_cv_c_compiler_gnu=yes
ac_cv_env_CC_set=set
ac_cv_env_CC_value='mipsel-uclibc-gcc -pipe'
ac_cv_env_CFLAGS_set=set
ac_cv_env_CFLAGS_value='-O1 -fomit-frame-pointer -fpic -fPIC -I../../linux/linux/include'
ac_cv_env_CPPFLAGS_set=
ac_cv_env_CPPFLAGS_value=
ac_cv_env_CPP_set=
ac_cv_env_CPP_value=
ac_cv_env_LDFLAGS_set=
ac_cv_env_LDFLAGS_value=
ac_cv_env_build_alias_set=
ac_cv_env_build_alias_value=
ac_cv_env_host_alias_set=set
ac_cv_env_host_alias_value=mipsel-linux
ac_cv_env_target_alias_set=
ac_cv_env_target_alias_value=
ac_cv_exeext=
ac_cv_func_ether_hostton=no
ac_cv_func_getifaddrs=no
ac_cv_func_snprintf=yes
ac_cv_func_strerror=yes
ac_cv_func_strlcpy=yes
ac_cv_func_vsnprintf=yes
ac_cv_header_ifaddrs_h=no
ac_cv_header_inttypes_h=yes
ac_cv_header_limits_h=yes
ac_cv_header_memory_h=yes
ac_cv_header_netinet_if_ether_h=yes
ac_cv_header_stdc=yes
ac_cv_header_stdint_h=yes
ac_cv_header_stdlib_h=yes
ac_cv_header_string_h=yes
ac_cv_header_strings_h=yes
ac_cv_header_sys_ioccom_h=no
ac_cv_header_sys_sockio_h=no
ac_cv_header_sys_stat_h=yes
ac_cv_header_sys_types_h=yes
ac_cv_header_unistd_h=yes
ac_cv_host=mipsel-unknown-linux-gnu
ac_cv_host_alias=mipsel-linux
ac_cv_lbl_dag_api=no
ac_cv_lbl_dl_hp_ppa_info_t_has_dl_module_id_1=no
ac_cv_lbl_flex_v24=yes
ac_cv_lbl_gcc_fixincludes=yes
ac_cv_lbl_gcc_vers=3
ac_cv_lbl_has_sockaddr_storage=yes
ac_cv_lbl_have_u_int16_t=yes
ac_cv_lbl_have_u_int32_t=yes
ac_cv_lbl_have_u_int8_t=yes
ac_cv_lbl_inline=inline
ac_cv_lbl_proc_net_dev=yes
ac_cv_lbl_sockaddr_has_sa_len=no
ac_cv_lbl_tpacket_stats=yes
ac_cv_lbl_unaligned_fail=yes
ac_cv_linux_vers=2
ac_cv_objext=o
ac_cv_path_install='/usr/bin/install -c'
ac_cv_prog_CC='mipsel-uclibc-gcc -pipe'
ac_cv_prog_CPP='mipsel-uclibc-gcc -pipe -E'
ac_cv_prog_RANLIB=mipsel-linux-ranlib
ac_cv_prog_V_LEX=flex
ac_cv_prog_V_YACC=bison
ac_cv_prog_cc_g=yes
ac_cv_prog_cc_stdc=
ac_cv_prog_egrep='grep -E'
ac_cv_target=mipsel-unknown-linux-gnu
ac_cv_target_alias=mipsel-linux

## ----------------- ##
## Output variables. ##
## ----------------- ##

CC='mipsel-uclibc-gcc -pipe'
CFLAGS='-O1 -fomit-frame-pointer -fpic -fPIC -I../../linux/linux/include'
CPP='mipsel-uclibc-gcc -pipe -E'
CPPFLAGS=''
DEFS='-DHAVE_CONFIG_H'
DYEXT='so'
ECHO_C=''
ECHO_N='-n'
ECHO_T=''
EGREP='grep -E'
EXEEXT=''
INSTALL_DATA='${INSTALL} -m 644'
INSTALL_PROGRAM='${INSTALL}'
INSTALL_SCRIPT='${INSTALL}'
LDFLAGS=''
LIBOBJS=''
LIBS=''
LTLIBOBJS=''
OBJEXT='o'
PACKAGE_BUGREPORT=''
PACKAGE_NAME=''
PACKAGE_STRING=''
PACKAGE_TARNAME=''
PACKAGE_VERSION=''
PATH_SEPARATOR=':'
RANLIB='mipsel-linux-ranlib'
SHELL='/bin/sh'
SHLICC2=''
SSRC=''
V_CCOPT='-O2 -O1 -fomit-frame-pointer -fpic -fPIC -I../../linux/linux/include'
V_DEFS=' -D_U_="__attribute__((unused))"'
V_FINDALLDEVS='gifc'
V_INCLS=''
V_LEX='flex -Ppcap_'
V_LIBS=''
V_PCAP='linux'
V_RANLIB=''
V_YACC='bison -y -p pcap_'
ac_ct_CC=''
ac_ct_RANLIB=''
bindir='${exec_prefix}/bin'
build='i686-pc-linux-gnu'
build_alias=''
build_cpu='i686'
build_os='linux-gnu'
build_vendor='pc'
datadir='${prefix}/share'
exec_prefix='${prefix}'
host='mipsel-unknown-linux-gnu'
host_alias='mipsel-linux'
host_cpu='mipsel'
host_os='linux-gnu'
host_vendor='unknown'
includedir='${prefix}/include'
infodir='${prefix}/info'
libdir='${exec_prefix}/lib'
libexecdir='${exec_prefix}/libexec'
localstatedir='${prefix}/var'
mandir='${prefix}/man'
oldincludedir='/usr/include'
prefix='/usr/local'
program_transform_name='s,x,x,'
sbindir='${exec_prefix}/sbin'
sharedstatedir='${prefix}/com'
sysconfdir='${prefix}/etc'
target='mipsel-unknown-linux-gnu'
target_alias=''
target_cpu='mipsel'
target_os='linux-gnu'
target_vendor='unknown'

## ----------- ##
## confdefs.h. ##
## ----------- ##

#define HAVE_INTTYPES_H 1
#define HAVE_LIMITS_H 1
#define HAVE_MEMORY_H 1
#define HAVE_NETINET_IF_ETHER_H 1
#define HAVE_PROC_NET_DEV 1
#define HAVE_SNPRINTF 1
#define HAVE_SOCKADDR_STORAGE 1
#define HAVE_STDINT_H 1
#define HAVE_STDLIB_H 1
#define HAVE_STRERROR 1
#define HAVE_STRINGS_H 1
#define HAVE_STRING_H 1
#define HAVE_STRLCPY 1
#define HAVE_SYS_STAT_H 1
#define HAVE_SYS_TYPES_H 1
#define HAVE_TPACKET_STATS 1
#define HAVE_UNISTD_H 1
#define HAVE_VSNPRINTF 1
#define HAVE___ATTRIBUTE__ 1
#define INET6 1
#define LBL_ALIGN 1
#define PACKAGE_BUGREPORT ""
#define PACKAGE_NAME ""
#define PACKAGE_STRING ""
#define PACKAGE_TARNAME ""
#define PACKAGE_VERSION ""
#define STDC_HEADERS 1
#define inline inline

configure: exit 0
