Determining if the strnstr exist failed with the following output:
Change Dir: /home/seg/DEV/mpc83xx/src/router/libyang/build/CMakeFiles/CMakeTmp

Run Build Command(s):/usr/bin/gmake -f Makefile cmTC_311e1/fast && gmake[1]: Entering directory '/home/seg/DEV/mpc83xx/src/router/libyang/build/CMakeFiles/CMakeTmp'
make -j 32  -f CMakeFiles/cmTC_311e1.dir/build.make CMakeFiles/cmTC_311e1.dir/build
make[2]: Entering directory '/home/seg/DEV/mpc83xx/src/router/libyang/build/CMakeFiles/CMakeTmp'
Building C object CMakeFiles/cmTC_311e1.dir/CheckSymbolExists.c.o
/xfs/toolchains/toolchain-powerpc_e300c3_gcc-13.1.0_musl/bin/powerpc-linux-uclibc-gcc -D_DEFAULT_SOURCE -D_GNU_SOURCE -D_POSIX_C_SOURCE=200809L -D__BSD_VISIBLE=1  -DNDEBUG -O2 -Os -fno-unwind-tables -fno-asynchronous-unwind-tables -pipe -funit-at-a-time -mcpu=e300c3 -mtune=e300c3 -fno-caller-saves -mhard-float   -Os -fno-unwind-tables -fno-asynchronous-unwind-tables -pipe -funit-at-a-time -mcpu=e300c3 -mtune=e300c3 -fno-caller-saves -mhard-float -D_LARGEFILE64_SOURCE -D_FILE_OFFSET_BITS=64 -fno-unwind-tables -fno-asynchronous-unwind-tables -DNDEBUG  -D_NEED_PRINTF -I/home/seg/DEV/mpc83xx/src/router/pcre2/src -Wall -Wextra -Wpedantic -std=c11  -o CMakeFiles/cmTC_311e1.dir/CheckSymbolExists.c.o -c /home/seg/DEV/mpc83xx/src/router/libyang/build/CMakeFiles/CMakeTmp/CheckSymbolExists.c
/home/seg/DEV/mpc83xx/src/router/libyang/build/CMakeFiles/CMakeTmp/CheckSymbolExists.c: In function 'main':
/home/seg/DEV/mpc83xx/src/router/libyang/build/CMakeFiles/CMakeTmp/CheckSymbolExists.c:8:19: error: 'strnstr' undeclared (first use in this function); did you mean 'strstr'?
    8 |   return ((int*)(&strnstr))[argc];
      |                   ^~~~~~~
      |                   strstr
/home/seg/DEV/mpc83xx/src/router/libyang/build/CMakeFiles/CMakeTmp/CheckSymbolExists.c:8:19: note: each undeclared identifier is reported only once for each function it appears in
/home/seg/DEV/mpc83xx/src/router/libyang/build/CMakeFiles/CMakeTmp/CheckSymbolExists.c:4:14: warning: parameter 'argc' set but not used [-Wunused-but-set-parameter]
    4 | int main(int argc, char** argv)
      |          ~~~~^~~~
make[2]: *** [CMakeFiles/cmTC_311e1.dir/build.make:78: CMakeFiles/cmTC_311e1.dir/CheckSymbolExists.c.o] Error 1
make[2]: Leaving directory '/home/seg/DEV/mpc83xx/src/router/libyang/build/CMakeFiles/CMakeTmp'
gmake[1]: *** [Makefile:127: cmTC_311e1/fast] Error 2
gmake[1]: Leaving directory '/home/seg/DEV/mpc83xx/src/router/libyang/build/CMakeFiles/CMakeTmp'


File /home/seg/DEV/mpc83xx/src/router/libyang/build/CMakeFiles/CMakeTmp/CheckSymbolExists.c:
/* */
#include <string.h>

int main(int argc, char** argv)
{
  (void)argv;
#ifndef strnstr
  return ((int*)(&strnstr))[argc];
#else
  (void)argc;
  return 0;
#endif
}
