The target system is: Linux - 1 - powerpc
The host system is: Linux - 6.8.4-rc1-lp155.2.g1089550-default - x86_64
Compiling the C compiler identification source file "CMakeCCompilerId.c" succeeded.
Compiler: /xfs/toolchains/toolchain-powerpc_e300c3_gcc-13.1.0_musl/bin/powerpc-linux-uclibc-gcc 
Build flags: -Os;-fno-unwind-tables;-fno-asynchronous-unwind-tables;-pipe;-funit-at-a-time;-mcpu=e300c3;-mtune=e300c3;-fno-caller-saves;-mhard-float;;;-Os;-fno-unwind-tables;-fno-asynchronous-unwind-tables;-pipe;-funit-at-a-time;-mcpu=e300c3;-mtune=e300c3;-fno-caller-saves;-mhard-float;-D_LARGEFILE64_SOURCE;-D_FILE_OFFSET_BITS=64;-fno-unwind-tables;-fno-asynchronous-unwind-tables;-DNDEBUG;;-D_NEED_PRINTF;-I/home/seg/DEV/mpc83xx/src/router/pcre2/src
Id flags:  

The output was:
0


Compilation of the C compiler identification source "CMakeCCompilerId.c" produced "a.out"

The C compiler identification is GNU, found in "/home/seg/DEV/mpc83xx/src/router/libyang/build/CMakeFiles/3.20.4/CompilerIdC/a.out"

Detecting C compiler ABI info compiled with the following output:
Change Dir: /home/seg/DEV/mpc83xx/src/router/libyang/build/CMakeFiles/CMakeTmp

Run Build Command(s):/usr/bin/gmake -f Makefile cmTC_28ac2/fast && gmake[1]: Entering directory '/home/seg/DEV/mpc83xx/src/router/libyang/build/CMakeFiles/CMakeTmp'
make -j 32  -f CMakeFiles/cmTC_28ac2.dir/build.make CMakeFiles/cmTC_28ac2.dir/build
make[2]: Entering directory '/home/seg/DEV/mpc83xx/src/router/libyang/build/CMakeFiles/CMakeTmp'
Building C object CMakeFiles/cmTC_28ac2.dir/CMakeCCompilerABI.c.o
/xfs/toolchains/toolchain-powerpc_e300c3_gcc-13.1.0_musl/bin/powerpc-linux-uclibc-gcc   -Os -fno-unwind-tables -fno-asynchronous-unwind-tables -pipe -funit-at-a-time -mcpu=e300c3 -mtune=e300c3 -fno-caller-saves -mhard-float   -Os -fno-unwind-tables -fno-asynchronous-unwind-tables -pipe -funit-at-a-time -mcpu=e300c3 -mtune=e300c3 -fno-caller-saves -mhard-float -D_LARGEFILE64_SOURCE -D_FILE_OFFSET_BITS=64 -fno-unwind-tables -fno-asynchronous-unwind-tables -DNDEBUG  -D_NEED_PRINTF -I/home/seg/DEV/mpc83xx/src/router/pcre2/src    -v -o CMakeFiles/cmTC_28ac2.dir/CMakeCCompilerABI.c.o -c /usr/share/cmake/Modules/CMakeCCompilerABI.c
Using built-in specs.
COLLECT_GCC=/xfs/toolchains/toolchain-powerpc_e300c3_gcc-13.1.0_musl/bin/powerpc-linux-uclibc-gcc
Target: powerpc-openwrt-linux-musl
Configured with: /home/xfs/openwrt/lede/openwrt/build_dir/toolchain-powerpc_e300c3_gcc-13.1.0_musl/gcc-13.1.0/configure --with-bugurl=http://bugs.openwrt.org/ --with-pkgversion='OpenWrt GCC 13.1.0 r22658+9-2c530fcb97' --prefix=/home/xfs/openwrt/lede/openwrt/staging_dir/toolchain-powerpc_e300c3_gcc-13.1.0_musl --build=x86_64-pc-linux-gnu --host=x86_64-pc-linux-gnu --target=powerpc-openwrt-linux-musl --with-gnu-ld --enable-target-optspace --disable-libgomp --disable-libmudflap --disable-multilib --disable-libmpx --disable-nls --disable-libssp --without-isl --without-cloog --with-host-libstdcxx=-lstdc++ --with-system-zlib=/home/xfs/openwrt/lede/openwrt/staging_dir/host --with-zstd=/home/xfs/openwrt/lede/openwrt/staging_dir/host --with-gmp=/home/xfs/openwrt/lede/openwrt/staging_dir/host --with-mpfr=/home/xfs/openwrt/lede/openwrt/staging_dir/host --with-mpc=/home/xfs/openwrt/lede/openwrt/staging_dir/host --disable-decimal-float --with-diagnostics-color=auto-if-env --enable-__cxa_atexit --enable-libstdcxx-dual-abi --with-default-libstdcxx-abi=new CFLAGS='-O2 -I/home/xfs/openwrt/lede/openwrt/staging_dir/host/include  -pipe' CXXFLAGS='-O2 -I/home/xfs/openwrt/lede/openwrt/staging_dir/host/include  -pipe' 'CFLAGS_FOR_TARGET=-Os -pipe -mcpu=e300c3 -fno-caller-saves -fno-plt -fhonour-copts' 'CXXFLAGS_FOR_TARGET=-Os -pipe -mcpu=e300c3 -fno-caller-saves -fno-plt -fhonour-copts' 'GOCFLAGS_FOR_TARGET=-Os -pipe -mcpu=e300c3 -fno-caller-saves -fno-plt -fhonour-copts' --with-headers=/home/xfs/openwrt/lede/openwrt/staging_dir/toolchain-powerpc_e300c3_gcc-13.1.0_musl/include --enable-languages=c,c++ --enable-shared --enable-threads --with-slibdir=/home/xfs/openwrt/lede/openwrt/staging_dir/toolchain-powerpc_e300c3_gcc-13.1.0_musl/lib --enable-plugins --enable-lto --with-libelf=/home/xfs/openwrt/lede/openwrt/staging_dir/host --disable-libsanitizer
Thread model: posix
Supported LTO compression algorithms: zlib zstd
gcc version 13.1.0 (OpenWrt GCC 13.1.0 r22658+9-2c530fcb97) 
COLLECT_GCC_OPTIONS='-Os' '-pipe' '-mcpu=e300c3' '-mtune=e300c3' '-mhard-float' '-Os' '-pipe' '-funit-at-a-time' '-mcpu=e300c3' '-mtune=e300c3' '-fno-caller-saves' '-mhard-float' '-D' '_LARGEFILE64_SOURCE' '-D' '_FILE_OFFSET_BITS=64' '-fno-unwind-tables' '-fno-asynchronous-unwind-tables' '-D' 'NDEBUG' '-D' '_NEED_PRINTF' '-I' '/home/seg/DEV/mpc83xx/src/router/pcre2/src' '-v' '-o' 'CMakeFiles/cmTC_28ac2.dir/CMakeCCompilerABI.c.o' '-c' '-dumpdir' 'CMakeFiles/cmTC_28ac2.dir/'
 /home/xfs/toolchains/toolchain-powerpc_e300c3_gcc-13.1.0_musl/bin/../lib/gcc/powerpc-openwrt-linux-musl/13.1.0/cc1 -quiet -v -I /home/seg/DEV/mpc83xx/src/router/pcre2/src -iprefix /home/xfs/toolchains/toolchain-powerpc_e300c3_gcc-13.1.0_musl/bin/../lib64/gcc/powerpc-openwrt-linux-musl/13.1.0/ -D _LARGEFILE64_SOURCE -D _FILE_OFFSET_BITS=64 -D NDEBUG -D _NEED_PRINTF /usr/share/cmake/Modules/CMakeCCompilerABI.c -msecure-plt -quiet -dumpdir CMakeFiles/cmTC_28ac2.dir/ -dumpbase CMakeCCompilerABI.c.c -dumpbase-ext .c -mcpu=e300c3 -mtune=e300c3 -mhard-float -mcpu=e300c3 -mtune=e300c3 -mhard-float -Os -Os -version -funit-at-a-time -fno-caller-saves -fno-unwind-tables -fno-asynchronous-unwind-tables -o - |
 /home/xfs/toolchains/toolchain-powerpc_e300c3_gcc-13.1.0_musl/bin/../lib64/gcc/powerpc-openwrt-linux-musl/13.1.0/../../../../powerpc-openwrt-linux-musl/bin/as -v -I /home/seg/DEV/mpc83xx/src/router/pcre2/src -me300 -many -mbig -o CMakeFiles/cmTC_28ac2.dir/CMakeCCompilerABI.c.o
GNU assembler version 2.40.0 (powerpc-openwrt-linux-musl) using BFD version (GNU Binutils) 2.40.0
GNU C17 (OpenWrt GCC 13.1.0 r22658+9-2c530fcb97) version 13.1.0 (powerpc-openwrt-linux-musl)
	compiled by GNU C version 12.2.1 20230124 [revision 193f7e62815b4089dfaed4c2bd34fd4f10209e27], GMP version 6.2.1, MPFR version 4.2.0, MPC version 1.3.1, isl version none
GGC heuristics: --param ggc-min-expand=100 --param ggc-min-heapsize=131072
ignoring duplicate directory "/home/xfs/toolchains/toolchain-powerpc_e300c3_gcc-13.1.0_musl/bin/../lib64/gcc/../../lib64/gcc/powerpc-openwrt-linux-musl/13.1.0/../../../../powerpc-openwrt-linux-musl/sys-include"
ignoring duplicate directory "/home/xfs/toolchains/toolchain-powerpc_e300c3_gcc-13.1.0_musl/bin/../lib64/gcc/../../lib64/gcc/powerpc-openwrt-linux-musl/13.1.0/../../../../powerpc-openwrt-linux-musl/include"
ignoring duplicate directory "/home/xfs/toolchains/toolchain-powerpc_e300c3_gcc-13.1.0_musl/bin/../lib64/gcc/../../lib64/gcc/powerpc-openwrt-linux-musl/13.1.0/include"
#include "..." search starts here:
#include <...> search starts here:
 /home/seg/DEV/mpc83xx/src/router/pcre2/src
 /home/xfs/toolchains/toolchain-powerpc_e300c3_gcc-13.1.0_musl/bin/../lib64/gcc/powerpc-openwrt-linux-musl/13.1.0/../../../../powerpc-openwrt-linux-musl/sys-include
 /home/xfs/toolchains/toolchain-powerpc_e300c3_gcc-13.1.0_musl/bin/../lib64/gcc/powerpc-openwrt-linux-musl/13.1.0/../../../../powerpc-openwrt-linux-musl/include
 /home/xfs/toolchains/toolchain-powerpc_e300c3_gcc-13.1.0_musl/bin/../lib64/gcc/powerpc-openwrt-linux-musl/13.1.0/include
End of search list.
Compiler executable checksum: 8b76b6334f3a4d82c973210427c27394
MAKEFLAGS=w -j32 
COMPILER_PATH=/home/xfs/toolchains/toolchain-powerpc_e300c3_gcc-13.1.0_musl/bin/../lib/gcc/powerpc-openwrt-linux-musl/13.1.0/:/home/xfs/toolchains/toolchain-powerpc_e300c3_gcc-13.1.0_musl/bin/../lib/gcc/:/home/xfs/toolchains/toolchain-powerpc_e300c3_gcc-13.1.0_musl/bin/../lib64/gcc/powerpc-openwrt-linux-musl/13.1.0/../../../../powerpc-openwrt-linux-musl/bin/
LIBRARY_PATH=/home/xfs/toolchains/toolchain-powerpc_e300c3_gcc-13.1.0_musl/bin/../lib64/gcc/powerpc-openwrt-linux-musl/13.1.0/:/home/xfs/toolchains/toolchain-powerpc_e300c3_gcc-13.1.0_musl/bin/../lib64/gcc/:/home/xfs/toolchains/toolchain-powerpc_e300c3_gcc-13.1.0_musl/bin/../lib64/gcc/powerpc-openwrt-linux-musl/13.1.0/../../../../powerpc-openwrt-linux-musl/lib/
COLLECT_GCC_OPTIONS='-Os' '-pipe' '-mcpu=e300c3' '-mtune=e300c3' '-mhard-float' '-Os' '-pipe' '-funit-at-a-time' '-mcpu=e300c3' '-mtune=e300c3' '-fno-caller-saves' '-mhard-float' '-D' '_LARGEFILE64_SOURCE' '-D' '_FILE_OFFSET_BITS=64' '-fno-unwind-tables' '-fno-asynchronous-unwind-tables' '-D' 'NDEBUG' '-D' '_NEED_PRINTF' '-I' '/home/seg/DEV/mpc83xx/src/router/pcre2/src' '-v' '-o' 'CMakeFiles/cmTC_28ac2.dir/CMakeCCompilerABI.c.o' '-c' '-dumpdir' 'CMakeFiles/cmTC_28ac2.dir/CMakeCCompilerABI.c.'
Linking C executable cmTC_28ac2
/usr/bin/cmake -E cmake_link_script CMakeFiles/cmTC_28ac2.dir/link.txt --verbose=1
/xfs/toolchains/toolchain-powerpc_e300c3_gcc-13.1.0_musl/bin/powerpc-linux-uclibc-gcc -Os -fno-unwind-tables -fno-asynchronous-unwind-tables -pipe -funit-at-a-time -mcpu=e300c3 -mtune=e300c3 -fno-caller-saves -mhard-float   -Os -fno-unwind-tables -fno-asynchronous-unwind-tables -pipe -funit-at-a-time -mcpu=e300c3 -mtune=e300c3 -fno-caller-saves -mhard-float -D_LARGEFILE64_SOURCE -D_FILE_OFFSET_BITS=64 -fno-unwind-tables -fno-asynchronous-unwind-tables -DNDEBUG  -D_NEED_PRINTF -I/home/seg/DEV/mpc83xx/src/router/pcre2/src  -L/home/seg/DEV/mpc83xx/src/router/pcre2/.libs -lpcre2-8 -lpthread -v CMakeFiles/cmTC_28ac2.dir/CMakeCCompilerABI.c.o -o cmTC_28ac2 
Using built-in specs.
COLLECT_GCC=/xfs/toolchains/toolchain-powerpc_e300c3_gcc-13.1.0_musl/bin/powerpc-linux-uclibc-gcc
COLLECT_LTO_WRAPPER=/home/xfs/toolchains/toolchain-powerpc_e300c3_gcc-13.1.0_musl/bin/../lib/gcc/powerpc-openwrt-linux-musl/13.1.0/lto-wrapper
Target: powerpc-openwrt-linux-musl
Configured with: /home/xfs/openwrt/lede/openwrt/build_dir/toolchain-powerpc_e300c3_gcc-13.1.0_musl/gcc-13.1.0/configure --with-bugurl=http://bugs.openwrt.org/ --with-pkgversion='OpenWrt GCC 13.1.0 r22658+9-2c530fcb97' --prefix=/home/xfs/openwrt/lede/openwrt/staging_dir/toolchain-powerpc_e300c3_gcc-13.1.0_musl --build=x86_64-pc-linux-gnu --host=x86_64-pc-linux-gnu --target=powerpc-openwrt-linux-musl --with-gnu-ld --enable-target-optspace --disable-libgomp --disable-libmudflap --disable-multilib --disable-libmpx --disable-nls --disable-libssp --without-isl --without-cloog --with-host-libstdcxx=-lstdc++ --with-system-zlib=/home/xfs/openwrt/lede/openwrt/staging_dir/host --with-zstd=/home/xfs/openwrt/lede/openwrt/staging_dir/host --with-gmp=/home/xfs/openwrt/lede/openwrt/staging_dir/host --with-mpfr=/home/xfs/openwrt/lede/openwrt/staging_dir/host --with-mpc=/home/xfs/openwrt/lede/openwrt/staging_dir/host --disable-decimal-float --with-diagnostics-color=auto-if-env --enable-__cxa_atexit --enable-libstdcxx-dual-abi --with-default-libstdcxx-abi=new CFLAGS='-O2 -I/home/xfs/openwrt/lede/openwrt/staging_dir/host/include  -pipe' CXXFLAGS='-O2 -I/home/xfs/openwrt/lede/openwrt/staging_dir/host/include  -pipe' 'CFLAGS_FOR_TARGET=-Os -pipe -mcpu=e300c3 -fno-caller-saves -fno-plt -fhonour-copts' 'CXXFLAGS_FOR_TARGET=-Os -pipe -mcpu=e300c3 -fno-caller-saves -fno-plt -fhonour-copts' 'GOCFLAGS_FOR_TARGET=-Os -pipe -mcpu=e300c3 -fno-caller-saves -fno-plt -fhonour-copts' --with-headers=/home/xfs/openwrt/lede/openwrt/staging_dir/toolchain-powerpc_e300c3_gcc-13.1.0_musl/include --enable-languages=c,c++ --enable-shared --enable-threads --with-slibdir=/home/xfs/openwrt/lede/openwrt/staging_dir/toolchain-powerpc_e300c3_gcc-13.1.0_musl/lib --enable-plugins --enable-lto --with-libelf=/home/xfs/openwrt/lede/openwrt/staging_dir/host --disable-libsanitizer
Thread model: posix
Supported LTO compression algorithms: zlib zstd
gcc version 13.1.0 (OpenWrt GCC 13.1.0 r22658+9-2c530fcb97) 
MAKEFLAGS=w -j32 
COMPILER_PATH=/home/xfs/toolchains/toolchain-powerpc_e300c3_gcc-13.1.0_musl/bin/../lib/gcc/powerpc-openwrt-linux-musl/13.1.0/:/home/xfs/toolchains/toolchain-powerpc_e300c3_gcc-13.1.0_musl/bin/../lib/gcc/:/home/xfs/toolchains/toolchain-powerpc_e300c3_gcc-13.1.0_musl/bin/../lib64/gcc/powerpc-openwrt-linux-musl/13.1.0/../../../../powerpc-openwrt-linux-musl/bin/
LIBRARY_PATH=/home/xfs/toolchains/toolchain-powerpc_e300c3_gcc-13.1.0_musl/bin/../lib64/gcc/powerpc-openwrt-linux-musl/13.1.0/:/home/xfs/toolchains/toolchain-powerpc_e300c3_gcc-13.1.0_musl/bin/../lib64/gcc/:/home/xfs/toolchains/toolchain-powerpc_e300c3_gcc-13.1.0_musl/bin/../lib64/gcc/powerpc-openwrt-linux-musl/13.1.0/../../../../powerpc-openwrt-linux-musl/lib/
COLLECT_GCC_OPTIONS='-Os' '-pipe' '-mcpu=e300c3' '-mtune=e300c3' '-mhard-float' '-Os' '-pipe' '-funit-at-a-time' '-mcpu=e300c3' '-mtune=e300c3' '-fno-caller-saves' '-mhard-float' '-D' '_LARGEFILE64_SOURCE' '-D' '_FILE_OFFSET_BITS=64' '-fno-unwind-tables' '-fno-asynchronous-unwind-tables' '-D' 'NDEBUG' '-D' '_NEED_PRINTF' '-I' '/home/seg/DEV/mpc83xx/src/router/pcre2/src' '-L/home/seg/DEV/mpc83xx/src/router/pcre2/.libs' '-v' '-o' 'cmTC_28ac2' '-dumpdir' 'cmTC_28ac2.'
 /home/xfs/toolchains/toolchain-powerpc_e300c3_gcc-13.1.0_musl/bin/../lib/gcc/powerpc-openwrt-linux-musl/13.1.0/collect2 -plugin /home/xfs/toolchains/toolchain-powerpc_e300c3_gcc-13.1.0_musl/bin/../lib/gcc/powerpc-openwrt-linux-musl/13.1.0/liblto_plugin.so -plugin-opt=/home/xfs/toolchains/toolchain-powerpc_e300c3_gcc-13.1.0_musl/bin/../lib/gcc/powerpc-openwrt-linux-musl/13.1.0/lto-wrapper -plugin-opt=-fresolution=/tmp/ccIv9M3O.res -plugin-opt=-pass-through=-lgcc_s -plugin-opt=-pass-through=-lgcc -plugin-opt=-pass-through=-lgcc_s -plugin-opt=-pass-through=-lc -plugin-opt=-pass-through=-lgcc_s -plugin-opt=-pass-through=-lgcc -plugin-opt=-pass-through=-lgcc_s --eh-frame-hdr -V --secure-plt -m elf32ppclinux -dynamic-linker /lib/ld-musl-powerpc.so.1 -o cmTC_28ac2 /home/xfs/toolchains/toolchain-powerpc_e300c3_gcc-13.1.0_musl/bin/../lib64/gcc/powerpc-openwrt-linux-musl/13.1.0/../../../../powerpc-openwrt-linux-musl/lib/crt1.o /home/xfs/toolchains/toolchain-powerpc_e300c3_gcc-13.1.0_musl/bin/../lib64/gcc/powerpc-openwrt-linux-musl/13.1.0/../../../../powerpc-openwrt-linux-musl/lib/crti.o /home/xfs/toolchains/toolchain-powerpc_e300c3_gcc-13.1.0_musl/bin/../lib64/gcc/powerpc-openwrt-linux-musl/13.1.0/crtbegin.o -L/home/seg/DEV/mpc83xx/src/router/pcre2/.libs -L/home/xfs/toolchains/toolchain-powerpc_e300c3_gcc-13.1.0_musl/bin/../lib64/gcc/powerpc-openwrt-linux-musl/13.1.0 -L/home/xfs/toolchains/toolchain-powerpc_e300c3_gcc-13.1.0_musl/bin/../lib64/gcc -L/home/xfs/toolchains/toolchain-powerpc_e300c3_gcc-13.1.0_musl/bin/../lib64/gcc/powerpc-openwrt-linux-musl/13.1.0/../../../../powerpc-openwrt-linux-musl/lib -lpcre2-8 -lpthread CMakeFiles/cmTC_28ac2.dir/CMakeCCompilerABI.c.o -lssp_nonshared -lgcc_s -lgcc --push-state --as-needed -lgcc_s --pop-state -lc -lgcc_s -lgcc --push-state --as-needed -lgcc_s --pop-state /home/xfs/toolchains/toolchain-powerpc_e300c3_gcc-13.1.0_musl/bin/../lib64/gcc/powerpc-openwrt-linux-musl/13.1.0/crtend.o /home/xfs/toolchains/toolchain-powerpc_e300c3_gcc-13.1.0_musl/bin/../lib64/gcc/powerpc-openwrt-linux-musl/13.1.0/../../../../powerpc-openwrt-linux-musl/lib/crtn.o
GNU ld (GNU Binutils) 2.40.0
  Supported emulations:
   elf32ppclinux
   elf32ppc
   elf32ppcsim
   elf32lppclinux
   elf32lppc
   elf32lppcsim
   elf64ppc
   elf64lppc
COLLECT_GCC_OPTIONS='-Os' '-pipe' '-mcpu=e300c3' '-mtune=e300c3' '-mhard-float' '-Os' '-pipe' '-funit-at-a-time' '-mcpu=e300c3' '-mtune=e300c3' '-fno-caller-saves' '-mhard-float' '-D' '_LARGEFILE64_SOURCE' '-D' '_FILE_OFFSET_BITS=64' '-fno-unwind-tables' '-fno-asynchronous-unwind-tables' '-D' 'NDEBUG' '-D' '_NEED_PRINTF' '-I' '/home/seg/DEV/mpc83xx/src/router/pcre2/src' '-L/home/seg/DEV/mpc83xx/src/router/pcre2/.libs' '-v' '-o' 'cmTC_28ac2' '-dumpdir' 'cmTC_28ac2.'
make[2]: Leaving directory '/home/seg/DEV/mpc83xx/src/router/libyang/build/CMakeFiles/CMakeTmp'
gmake[1]: Leaving directory '/home/seg/DEV/mpc83xx/src/router/libyang/build/CMakeFiles/CMakeTmp'



Parsed C implicit include dir info from above output: rv=done
  found start of include info
  found start of implicit include info
    add: [/home/seg/DEV/mpc83xx/src/router/pcre2/src]
    add: [/home/xfs/toolchains/toolchain-powerpc_e300c3_gcc-13.1.0_musl/bin/../lib64/gcc/powerpc-openwrt-linux-musl/13.1.0/../../../../powerpc-openwrt-linux-musl/sys-include]
    add: [/home/xfs/toolchains/toolchain-powerpc_e300c3_gcc-13.1.0_musl/bin/../lib64/gcc/powerpc-openwrt-linux-musl/13.1.0/../../../../powerpc-openwrt-linux-musl/include]
    add: [/home/xfs/toolchains/toolchain-powerpc_e300c3_gcc-13.1.0_musl/bin/../lib64/gcc/powerpc-openwrt-linux-musl/13.1.0/include]
  end of search list found
  collapse include dir [/home/seg/DEV/mpc83xx/src/router/pcre2/src] ==> [/home/seg/DEV/mpc83xx/src/router/pcre2/src]
  collapse include dir [/home/xfs/toolchains/toolchain-powerpc_e300c3_gcc-13.1.0_musl/bin/../lib64/gcc/powerpc-openwrt-linux-musl/13.1.0/../../../../powerpc-openwrt-linux-musl/sys-include] ==> [/home/xfs/toolchains/toolchain-powerpc_e300c3_gcc-13.1.0_musl/powerpc-openwrt-linux-musl/sys-include]
  collapse include dir [/home/xfs/toolchains/toolchain-powerpc_e300c3_gcc-13.1.0_musl/bin/../lib64/gcc/powerpc-openwrt-linux-musl/13.1.0/../../../../powerpc-openwrt-linux-musl/include] ==> [/home/xfs/toolchains/toolchain-powerpc_e300c3_gcc-13.1.0_musl/powerpc-openwrt-linux-musl/include]
  collapse include dir [/home/xfs/toolchains/toolchain-powerpc_e300c3_gcc-13.1.0_musl/bin/../lib64/gcc/powerpc-openwrt-linux-musl/13.1.0/include] ==> [/home/xfs/toolchains/toolchain-powerpc_e300c3_gcc-13.1.0_musl/lib64/gcc/powerpc-openwrt-linux-musl/13.1.0/include]
  implicit include dirs: [/home/seg/DEV/mpc83xx/src/router/pcre2/src;/home/xfs/toolchains/toolchain-powerpc_e300c3_gcc-13.1.0_musl/powerpc-openwrt-linux-musl/sys-include;/home/xfs/toolchains/toolchain-powerpc_e300c3_gcc-13.1.0_musl/powerpc-openwrt-linux-musl/include;/home/xfs/toolchains/toolchain-powerpc_e300c3_gcc-13.1.0_musl/lib64/gcc/powerpc-openwrt-linux-musl/13.1.0/include]


Parsed C implicit link information from above output:
  link line regex: [^( *|.*[/\])(powerpc-linux-uclibc-ld|CMAKE_LINK_STARTFILE-NOTFOUND|([^/\]+-)?ld|collect2)[^/\]*( |$)]
  ignore line: [Change Dir: /home/seg/DEV/mpc83xx/src/router/libyang/build/CMakeFiles/CMakeTmp]
  ignore line: []
  ignore line: [Run Build Command(s):/usr/bin/gmake -f Makefile cmTC_28ac2/fast && gmake[1]: Entering directory '/home/seg/DEV/mpc83xx/src/router/libyang/build/CMakeFiles/CMakeTmp']
  ignore line: [make -j 32  -f CMakeFiles/cmTC_28ac2.dir/build.make CMakeFiles/cmTC_28ac2.dir/build]
  ignore line: [make[2]: Entering directory '/home/seg/DEV/mpc83xx/src/router/libyang/build/CMakeFiles/CMakeTmp']
  ignore line: [Building C object CMakeFiles/cmTC_28ac2.dir/CMakeCCompilerABI.c.o]
  ignore line: [/xfs/toolchains/toolchain-powerpc_e300c3_gcc-13.1.0_musl/bin/powerpc-linux-uclibc-gcc   -Os -fno-unwind-tables -fno-asynchronous-unwind-tables -pipe -funit-at-a-time -mcpu=e300c3 -mtune=e300c3 -fno-caller-saves -mhard-float   -Os -fno-unwind-tables -fno-asynchronous-unwind-tables -pipe -funit-at-a-time -mcpu=e300c3 -mtune=e300c3 -fno-caller-saves -mhard-float -D_LARGEFILE64_SOURCE -D_FILE_OFFSET_BITS=64 -fno-unwind-tables -fno-asynchronous-unwind-tables -DNDEBUG  -D_NEED_PRINTF -I/home/seg/DEV/mpc83xx/src/router/pcre2/src    -v -o CMakeFiles/cmTC_28ac2.dir/CMakeCCompilerABI.c.o -c /usr/share/cmake/Modules/CMakeCCompilerABI.c]
  ignore line: [Using built-in specs.]
  ignore line: [COLLECT_GCC=/xfs/toolchains/toolchain-powerpc_e300c3_gcc-13.1.0_musl/bin/powerpc-linux-uclibc-gcc]
  ignore line: [Target: powerpc-openwrt-linux-musl]
  ignore line: [Configured with: /home/xfs/openwrt/lede/openwrt/build_dir/toolchain-powerpc_e300c3_gcc-13.1.0_musl/gcc-13.1.0/configure --with-bugurl=http://bugs.openwrt.org/ --with-pkgversion='OpenWrt GCC 13.1.0 r22658+9-2c530fcb97' --prefix=/home/xfs/openwrt/lede/openwrt/staging_dir/toolchain-powerpc_e300c3_gcc-13.1.0_musl --build=x86_64-pc-linux-gnu --host=x86_64-pc-linux-gnu --target=powerpc-openwrt-linux-musl --with-gnu-ld --enable-target-optspace --disable-libgomp --disable-libmudflap --disable-multilib --disable-libmpx --disable-nls --disable-libssp --without-isl --without-cloog --with-host-libstdcxx=-lstdc++ --with-system-zlib=/home/xfs/openwrt/lede/openwrt/staging_dir/host --with-zstd=/home/xfs/openwrt/lede/openwrt/staging_dir/host --with-gmp=/home/xfs/openwrt/lede/openwrt/staging_dir/host --with-mpfr=/home/xfs/openwrt/lede/openwrt/staging_dir/host --with-mpc=/home/xfs/openwrt/lede/openwrt/staging_dir/host --disable-decimal-float --with-diagnostics-color=auto-if-env --enable-__cxa_atexit --enable-libstdcxx-dual-abi --with-default-libstdcxx-abi=new CFLAGS='-O2 -I/home/xfs/openwrt/lede/openwrt/staging_dir/host/include  -pipe' CXXFLAGS='-O2 -I/home/xfs/openwrt/lede/openwrt/staging_dir/host/include  -pipe' 'CFLAGS_FOR_TARGET=-Os -pipe -mcpu=e300c3 -fno-caller-saves -fno-plt -fhonour-copts' 'CXXFLAGS_FOR_TARGET=-Os -pipe -mcpu=e300c3 -fno-caller-saves -fno-plt -fhonour-copts' 'GOCFLAGS_FOR_TARGET=-Os -pipe -mcpu=e300c3 -fno-caller-saves -fno-plt -fhonour-copts' --with-headers=/home/xfs/openwrt/lede/openwrt/staging_dir/toolchain-powerpc_e300c3_gcc-13.1.0_musl/include --enable-languages=c,c++ --enable-shared --enable-threads --with-slibdir=/home/xfs/openwrt/lede/openwrt/staging_dir/toolchain-powerpc_e300c3_gcc-13.1.0_musl/lib --enable-plugins --enable-lto --with-libelf=/home/xfs/openwrt/lede/openwrt/staging_dir/host --disable-libsanitizer]
  ignore line: [Thread model: posix]
  ignore line: [Supported LTO compression algorithms: zlib zstd]
  ignore line: [gcc version 13.1.0 (OpenWrt GCC 13.1.0 r22658+9-2c530fcb97) ]
  ignore line: [COLLECT_GCC_OPTIONS='-Os' '-pipe' '-mcpu=e300c3' '-mtune=e300c3' '-mhard-float' '-Os' '-pipe' '-funit-at-a-time' '-mcpu=e300c3' '-mtune=e300c3' '-fno-caller-saves' '-mhard-float' '-D' '_LARGEFILE64_SOURCE' '-D' '_FILE_OFFSET_BITS=64' '-fno-unwind-tables' '-fno-asynchronous-unwind-tables' '-D' 'NDEBUG' '-D' '_NEED_PRINTF' '-I' '/home/seg/DEV/mpc83xx/src/router/pcre2/src' '-v' '-o' 'CMakeFiles/cmTC_28ac2.dir/CMakeCCompilerABI.c.o' '-c' '-dumpdir' 'CMakeFiles/cmTC_28ac2.dir/']
  ignore line: [ /home/xfs/toolchains/toolchain-powerpc_e300c3_gcc-13.1.0_musl/bin/../lib/gcc/powerpc-openwrt-linux-musl/13.1.0/cc1 -quiet -v -I /home/seg/DEV/mpc83xx/src/router/pcre2/src -iprefix /home/xfs/toolchains/toolchain-powerpc_e300c3_gcc-13.1.0_musl/bin/../lib64/gcc/powerpc-openwrt-linux-musl/13.1.0/ -D _LARGEFILE64_SOURCE -D _FILE_OFFSET_BITS=64 -D NDEBUG -D _NEED_PRINTF /usr/share/cmake/Modules/CMakeCCompilerABI.c -msecure-plt -quiet -dumpdir CMakeFiles/cmTC_28ac2.dir/ -dumpbase CMakeCCompilerABI.c.c -dumpbase-ext .c -mcpu=e300c3 -mtune=e300c3 -mhard-float -mcpu=e300c3 -mtune=e300c3 -mhard-float -Os -Os -version -funit-at-a-time -fno-caller-saves -fno-unwind-tables -fno-asynchronous-unwind-tables -o - |]
  ignore line: [ /home/xfs/toolchains/toolchain-powerpc_e300c3_gcc-13.1.0_musl/bin/../lib64/gcc/powerpc-openwrt-linux-musl/13.1.0/../../../../powerpc-openwrt-linux-musl/bin/as -v -I /home/seg/DEV/mpc83xx/src/router/pcre2/src -me300 -many -mbig -o CMakeFiles/cmTC_28ac2.dir/CMakeCCompilerABI.c.o]
  ignore line: [GNU assembler version 2.40.0 (powerpc-openwrt-linux-musl) using BFD version (GNU Binutils) 2.40.0]
  ignore line: [GNU C17 (OpenWrt GCC 13.1.0 r22658+9-2c530fcb97) version 13.1.0 (powerpc-openwrt-linux-musl)]
  ignore line: [	compiled by GNU C version 12.2.1 20230124 [revision 193f7e62815b4089dfaed4c2bd34fd4f10209e27]  GMP version 6.2.1  MPFR version 4.2.0  MPC version 1.3.1  isl version none]
  ignore line: [GGC heuristics: --param ggc-min-expand=100 --param ggc-min-heapsize=131072]
  ignore line: [ignoring duplicate directory "/home/xfs/toolchains/toolchain-powerpc_e300c3_gcc-13.1.0_musl/bin/../lib64/gcc/../../lib64/gcc/powerpc-openwrt-linux-musl/13.1.0/../../../../powerpc-openwrt-linux-musl/sys-include"]
  ignore line: [ignoring duplicate directory "/home/xfs/toolchains/toolchain-powerpc_e300c3_gcc-13.1.0_musl/bin/../lib64/gcc/../../lib64/gcc/powerpc-openwrt-linux-musl/13.1.0/../../../../powerpc-openwrt-linux-musl/include"]
  ignore line: [ignoring duplicate directory "/home/xfs/toolchains/toolchain-powerpc_e300c3_gcc-13.1.0_musl/bin/../lib64/gcc/../../lib64/gcc/powerpc-openwrt-linux-musl/13.1.0/include"]
  ignore line: [#include "..." search starts here:]
  ignore line: [#include <...> search starts here:]
  ignore line: [ /home/seg/DEV/mpc83xx/src/router/pcre2/src]
  ignore line: [ /home/xfs/toolchains/toolchain-powerpc_e300c3_gcc-13.1.0_musl/bin/../lib64/gcc/powerpc-openwrt-linux-musl/13.1.0/../../../../powerpc-openwrt-linux-musl/sys-include]
  ignore line: [ /home/xfs/toolchains/toolchain-powerpc_e300c3_gcc-13.1.0_musl/bin/../lib64/gcc/powerpc-openwrt-linux-musl/13.1.0/../../../../powerpc-openwrt-linux-musl/include]
  ignore line: [ /home/xfs/toolchains/toolchain-powerpc_e300c3_gcc-13.1.0_musl/bin/../lib64/gcc/powerpc-openwrt-linux-musl/13.1.0/include]
  ignore line: [End of search list.]
  ignore line: [Compiler executable checksum: 8b76b6334f3a4d82c973210427c27394]
  ignore line: [MAKEFLAGS=w -j32 ]
  ignore line: [COMPILER_PATH=/home/xfs/toolchains/toolchain-powerpc_e300c3_gcc-13.1.0_musl/bin/../lib/gcc/powerpc-openwrt-linux-musl/13.1.0/:/home/xfs/toolchains/toolchain-powerpc_e300c3_gcc-13.1.0_musl/bin/../lib/gcc/:/home/xfs/toolchains/toolchain-powerpc_e300c3_gcc-13.1.0_musl/bin/../lib64/gcc/powerpc-openwrt-linux-musl/13.1.0/../../../../powerpc-openwrt-linux-musl/bin/]
  ignore line: [LIBRARY_PATH=/home/xfs/toolchains/toolchain-powerpc_e300c3_gcc-13.1.0_musl/bin/../lib64/gcc/powerpc-openwrt-linux-musl/13.1.0/:/home/xfs/toolchains/toolchain-powerpc_e300c3_gcc-13.1.0_musl/bin/../lib64/gcc/:/home/xfs/toolchains/toolchain-powerpc_e300c3_gcc-13.1.0_musl/bin/../lib64/gcc/powerpc-openwrt-linux-musl/13.1.0/../../../../powerpc-openwrt-linux-musl/lib/]
  ignore line: [COLLECT_GCC_OPTIONS='-Os' '-pipe' '-mcpu=e300c3' '-mtune=e300c3' '-mhard-float' '-Os' '-pipe' '-funit-at-a-time' '-mcpu=e300c3' '-mtune=e300c3' '-fno-caller-saves' '-mhard-float' '-D' '_LARGEFILE64_SOURCE' '-D' '_FILE_OFFSET_BITS=64' '-fno-unwind-tables' '-fno-asynchronous-unwind-tables' '-D' 'NDEBUG' '-D' '_NEED_PRINTF' '-I' '/home/seg/DEV/mpc83xx/src/router/pcre2/src' '-v' '-o' 'CMakeFiles/cmTC_28ac2.dir/CMakeCCompilerABI.c.o' '-c' '-dumpdir' 'CMakeFiles/cmTC_28ac2.dir/CMakeCCompilerABI.c.']
  ignore line: [Linking C executable cmTC_28ac2]
  ignore line: [/usr/bin/cmake -E cmake_link_script CMakeFiles/cmTC_28ac2.dir/link.txt --verbose=1]
  ignore line: [/xfs/toolchains/toolchain-powerpc_e300c3_gcc-13.1.0_musl/bin/powerpc-linux-uclibc-gcc -Os -fno-unwind-tables -fno-asynchronous-unwind-tables -pipe -funit-at-a-time -mcpu=e300c3 -mtune=e300c3 -fno-caller-saves -mhard-float   -Os -fno-unwind-tables -fno-asynchronous-unwind-tables -pipe -funit-at-a-time -mcpu=e300c3 -mtune=e300c3 -fno-caller-saves -mhard-float -D_LARGEFILE64_SOURCE -D_FILE_OFFSET_BITS=64 -fno-unwind-tables -fno-asynchronous-unwind-tables -DNDEBUG  -D_NEED_PRINTF -I/home/seg/DEV/mpc83xx/src/router/pcre2/src  -L/home/seg/DEV/mpc83xx/src/router/pcre2/.libs -lpcre2-8 -lpthread -v CMakeFiles/cmTC_28ac2.dir/CMakeCCompilerABI.c.o -o cmTC_28ac2 ]
  ignore line: [Using built-in specs.]
  ignore line: [COLLECT_GCC=/xfs/toolchains/toolchain-powerpc_e300c3_gcc-13.1.0_musl/bin/powerpc-linux-uclibc-gcc]
  ignore line: [COLLECT_LTO_WRAPPER=/home/xfs/toolchains/toolchain-powerpc_e300c3_gcc-13.1.0_musl/bin/../lib/gcc/powerpc-openwrt-linux-musl/13.1.0/lto-wrapper]
  ignore line: [Target: powerpc-openwrt-linux-musl]
  ignore line: [Configured with: /home/xfs/openwrt/lede/openwrt/build_dir/toolchain-powerpc_e300c3_gcc-13.1.0_musl/gcc-13.1.0/configure --with-bugurl=http://bugs.openwrt.org/ --with-pkgversion='OpenWrt GCC 13.1.0 r22658+9-2c530fcb97' --prefix=/home/xfs/openwrt/lede/openwrt/staging_dir/toolchain-powerpc_e300c3_gcc-13.1.0_musl --build=x86_64-pc-linux-gnu --host=x86_64-pc-linux-gnu --target=powerpc-openwrt-linux-musl --with-gnu-ld --enable-target-optspace --disable-libgomp --disable-libmudflap --disable-multilib --disable-libmpx --disable-nls --disable-libssp --without-isl --without-cloog --with-host-libstdcxx=-lstdc++ --with-system-zlib=/home/xfs/openwrt/lede/openwrt/staging_dir/host --with-zstd=/home/xfs/openwrt/lede/openwrt/staging_dir/host --with-gmp=/home/xfs/openwrt/lede/openwrt/staging_dir/host --with-mpfr=/home/xfs/openwrt/lede/openwrt/staging_dir/host --with-mpc=/home/xfs/openwrt/lede/openwrt/staging_dir/host --disable-decimal-float --with-diagnostics-color=auto-if-env --enable-__cxa_atexit --enable-libstdcxx-dual-abi --with-default-libstdcxx-abi=new CFLAGS='-O2 -I/home/xfs/openwrt/lede/openwrt/staging_dir/host/include  -pipe' CXXFLAGS='-O2 -I/home/xfs/openwrt/lede/openwrt/staging_dir/host/include  -pipe' 'CFLAGS_FOR_TARGET=-Os -pipe -mcpu=e300c3 -fno-caller-saves -fno-plt -fhonour-copts' 'CXXFLAGS_FOR_TARGET=-Os -pipe -mcpu=e300c3 -fno-caller-saves -fno-plt -fhonour-copts' 'GOCFLAGS_FOR_TARGET=-Os -pipe -mcpu=e300c3 -fno-caller-saves -fno-plt -fhonour-copts' --with-headers=/home/xfs/openwrt/lede/openwrt/staging_dir/toolchain-powerpc_e300c3_gcc-13.1.0_musl/include --enable-languages=c,c++ --enable-shared --enable-threads --with-slibdir=/home/xfs/openwrt/lede/openwrt/staging_dir/toolchain-powerpc_e300c3_gcc-13.1.0_musl/lib --enable-plugins --enable-lto --with-libelf=/home/xfs/openwrt/lede/openwrt/staging_dir/host --disable-libsanitizer]
  ignore line: [Thread model: posix]
  ignore line: [Supported LTO compression algorithms: zlib zstd]
  ignore line: [gcc version 13.1.0 (OpenWrt GCC 13.1.0 r22658+9-2c530fcb97) ]
  ignore line: [MAKEFLAGS=w -j32 ]
  ignore line: [COMPILER_PATH=/home/xfs/toolchains/toolchain-powerpc_e300c3_gcc-13.1.0_musl/bin/../lib/gcc/powerpc-openwrt-linux-musl/13.1.0/:/home/xfs/toolchains/toolchain-powerpc_e300c3_gcc-13.1.0_musl/bin/../lib/gcc/:/home/xfs/toolchains/toolchain-powerpc_e300c3_gcc-13.1.0_musl/bin/../lib64/gcc/powerpc-openwrt-linux-musl/13.1.0/../../../../powerpc-openwrt-linux-musl/bin/]
  ignore line: [LIBRARY_PATH=/home/xfs/toolchains/toolchain-powerpc_e300c3_gcc-13.1.0_musl/bin/../lib64/gcc/powerpc-openwrt-linux-musl/13.1.0/:/home/xfs/toolchains/toolchain-powerpc_e300c3_gcc-13.1.0_musl/bin/../lib64/gcc/:/home/xfs/toolchains/toolchain-powerpc_e300c3_gcc-13.1.0_musl/bin/../lib64/gcc/powerpc-openwrt-linux-musl/13.1.0/../../../../powerpc-openwrt-linux-musl/lib/]
  ignore line: [COLLECT_GCC_OPTIONS='-Os' '-pipe' '-mcpu=e300c3' '-mtune=e300c3' '-mhard-float' '-Os' '-pipe' '-funit-at-a-time' '-mcpu=e300c3' '-mtune=e300c3' '-fno-caller-saves' '-mhard-float' '-D' '_LARGEFILE64_SOURCE' '-D' '_FILE_OFFSET_BITS=64' '-fno-unwind-tables' '-fno-asynchronous-unwind-tables' '-D' 'NDEBUG' '-D' '_NEED_PRINTF' '-I' '/home/seg/DEV/mpc83xx/src/router/pcre2/src' '-L/home/seg/DEV/mpc83xx/src/router/pcre2/.libs' '-v' '-o' 'cmTC_28ac2' '-dumpdir' 'cmTC_28ac2.']
  link line: [ /home/xfs/toolchains/toolchain-powerpc_e300c3_gcc-13.1.0_musl/bin/../lib/gcc/powerpc-openwrt-linux-musl/13.1.0/collect2 -plugin /home/xfs/toolchains/toolchain-powerpc_e300c3_gcc-13.1.0_musl/bin/../lib/gcc/powerpc-openwrt-linux-musl/13.1.0/liblto_plugin.so -plugin-opt=/home/xfs/toolchains/toolchain-powerpc_e300c3_gcc-13.1.0_musl/bin/../lib/gcc/powerpc-openwrt-linux-musl/13.1.0/lto-wrapper -plugin-opt=-fresolution=/tmp/ccIv9M3O.res -plugin-opt=-pass-through=-lgcc_s -plugin-opt=-pass-through=-lgcc -plugin-opt=-pass-through=-lgcc_s -plugin-opt=-pass-through=-lc -plugin-opt=-pass-through=-lgcc_s -plugin-opt=-pass-through=-lgcc -plugin-opt=-pass-through=-lgcc_s --eh-frame-hdr -V --secure-plt -m elf32ppclinux -dynamic-linker /lib/ld-musl-powerpc.so.1 -o cmTC_28ac2 /home/xfs/toolchains/toolchain-powerpc_e300c3_gcc-13.1.0_musl/bin/../lib64/gcc/powerpc-openwrt-linux-musl/13.1.0/../../../../powerpc-openwrt-linux-musl/lib/crt1.o /home/xfs/toolchains/toolchain-powerpc_e300c3_gcc-13.1.0_musl/bin/../lib64/gcc/powerpc-openwrt-linux-musl/13.1.0/../../../../powerpc-openwrt-linux-musl/lib/crti.o /home/xfs/toolchains/toolchain-powerpc_e300c3_gcc-13.1.0_musl/bin/../lib64/gcc/powerpc-openwrt-linux-musl/13.1.0/crtbegin.o -L/home/seg/DEV/mpc83xx/src/router/pcre2/.libs -L/home/xfs/toolchains/toolchain-powerpc_e300c3_gcc-13.1.0_musl/bin/../lib64/gcc/powerpc-openwrt-linux-musl/13.1.0 -L/home/xfs/toolchains/toolchain-powerpc_e300c3_gcc-13.1.0_musl/bin/../lib64/gcc -L/home/xfs/toolchains/toolchain-powerpc_e300c3_gcc-13.1.0_musl/bin/../lib64/gcc/powerpc-openwrt-linux-musl/13.1.0/../../../../powerpc-openwrt-linux-musl/lib -lpcre2-8 -lpthread CMakeFiles/cmTC_28ac2.dir/CMakeCCompilerABI.c.o -lssp_nonshared -lgcc_s -lgcc --push-state --as-needed -lgcc_s --pop-state -lc -lgcc_s -lgcc --push-state --as-needed -lgcc_s --pop-state /home/xfs/toolchains/toolchain-powerpc_e300c3_gcc-13.1.0_musl/bin/../lib64/gcc/powerpc-openwrt-linux-musl/13.1.0/crtend.o /home/xfs/toolchains/toolchain-powerpc_e300c3_gcc-13.1.0_musl/bin/../lib64/gcc/powerpc-openwrt-linux-musl/13.1.0/../../../../powerpc-openwrt-linux-musl/lib/crtn.o]
    arg [/home/xfs/toolchains/toolchain-powerpc_e300c3_gcc-13.1.0_musl/bin/../lib/gcc/powerpc-openwrt-linux-musl/13.1.0/collect2] ==> ignore
    arg [-plugin] ==> ignore
    arg [/home/xfs/toolchains/toolchain-powerpc_e300c3_gcc-13.1.0_musl/bin/../lib/gcc/powerpc-openwrt-linux-musl/13.1.0/liblto_plugin.so] ==> ignore
    arg [-plugin-opt=/home/xfs/toolchains/toolchain-powerpc_e300c3_gcc-13.1.0_musl/bin/../lib/gcc/powerpc-openwrt-linux-musl/13.1.0/lto-wrapper] ==> ignore
    arg [-plugin-opt=-fresolution=/tmp/ccIv9M3O.res] ==> ignore
    arg [-plugin-opt=-pass-through=-lgcc_s] ==> ignore
    arg [-plugin-opt=-pass-through=-lgcc] ==> ignore
    arg [-plugin-opt=-pass-through=-lgcc_s] ==> ignore
    arg [-plugin-opt=-pass-through=-lc] ==> ignore
    arg [-plugin-opt=-pass-through=-lgcc_s] ==> ignore
    arg [-plugin-opt=-pass-through=-lgcc] ==> ignore
    arg [-plugin-opt=-pass-through=-lgcc_s] ==> ignore
    arg [--eh-frame-hdr] ==> ignore
    arg [-V] ==> ignore
    arg [--secure-plt] ==> ignore
    arg [-m] ==> ignore
    arg [elf32ppclinux] ==> ignore
    arg [-dynamic-linker] ==> ignore
    arg [/lib/ld-musl-powerpc.so.1] ==> ignore
    arg [-o] ==> ignore
    arg [cmTC_28ac2] ==> ignore
    arg [/home/xfs/toolchains/toolchain-powerpc_e300c3_gcc-13.1.0_musl/bin/../lib64/gcc/powerpc-openwrt-linux-musl/13.1.0/../../../../powerpc-openwrt-linux-musl/lib/crt1.o] ==> obj [/home/xfs/toolchains/toolchain-powerpc_e300c3_gcc-13.1.0_musl/bin/../lib64/gcc/powerpc-openwrt-linux-musl/13.1.0/../../../../powerpc-openwrt-linux-musl/lib/crt1.o]
    arg [/home/xfs/toolchains/toolchain-powerpc_e300c3_gcc-13.1.0_musl/bin/../lib64/gcc/powerpc-openwrt-linux-musl/13.1.0/../../../../powerpc-openwrt-linux-musl/lib/crti.o] ==> obj [/home/xfs/toolchains/toolchain-powerpc_e300c3_gcc-13.1.0_musl/bin/../lib64/gcc/powerpc-openwrt-linux-musl/13.1.0/../../../../powerpc-openwrt-linux-musl/lib/crti.o]
    arg [/home/xfs/toolchains/toolchain-powerpc_e300c3_gcc-13.1.0_musl/bin/../lib64/gcc/powerpc-openwrt-linux-musl/13.1.0/crtbegin.o] ==> obj [/home/xfs/toolchains/toolchain-powerpc_e300c3_gcc-13.1.0_musl/bin/../lib64/gcc/powerpc-openwrt-linux-musl/13.1.0/crtbegin.o]
    arg [-L/home/seg/DEV/mpc83xx/src/router/pcre2/.libs] ==> dir [/home/seg/DEV/mpc83xx/src/router/pcre2/.libs]
    arg [-L/home/xfs/toolchains/toolchain-powerpc_e300c3_gcc-13.1.0_musl/bin/../lib64/gcc/powerpc-openwrt-linux-musl/13.1.0] ==> dir [/home/xfs/toolchains/toolchain-powerpc_e300c3_gcc-13.1.0_musl/bin/../lib64/gcc/powerpc-openwrt-linux-musl/13.1.0]
    arg [-L/home/xfs/toolchains/toolchain-powerpc_e300c3_gcc-13.1.0_musl/bin/../lib64/gcc] ==> dir [/home/xfs/toolchains/toolchain-powerpc_e300c3_gcc-13.1.0_musl/bin/../lib64/gcc]
    arg [-L/home/xfs/toolchains/toolchain-powerpc_e300c3_gcc-13.1.0_musl/bin/../lib64/gcc/powerpc-openwrt-linux-musl/13.1.0/../../../../powerpc-openwrt-linux-musl/lib] ==> dir [/home/xfs/toolchains/toolchain-powerpc_e300c3_gcc-13.1.0_musl/bin/../lib64/gcc/powerpc-openwrt-linux-musl/13.1.0/../../../../powerpc-openwrt-linux-musl/lib]
    arg [-lpcre2-8] ==> lib [pcre2-8]
    arg [-lpthread] ==> lib [pthread]
    arg [CMakeFiles/cmTC_28ac2.dir/CMakeCCompilerABI.c.o] ==> ignore
    arg [-lssp_nonshared] ==> lib [ssp_nonshared]
    arg [-lgcc_s] ==> lib [gcc_s]
    arg [-lgcc] ==> lib [gcc]
    arg [--push-state] ==> ignore
    arg [--as-needed] ==> ignore
    arg [-lgcc_s] ==> lib [gcc_s]
    arg [--pop-state] ==> ignore
    arg [-lc] ==> lib [c]
    arg [-lgcc_s] ==> lib [gcc_s]
    arg [-lgcc] ==> lib [gcc]
    arg [--push-state] ==> ignore
    arg [--as-needed] ==> ignore
    arg [-lgcc_s] ==> lib [gcc_s]
    arg [--pop-state] ==> ignore
    arg [/home/xfs/toolchains/toolchain-powerpc_e300c3_gcc-13.1.0_musl/bin/../lib64/gcc/powerpc-openwrt-linux-musl/13.1.0/crtend.o] ==> obj [/home/xfs/toolchains/toolchain-powerpc_e300c3_gcc-13.1.0_musl/bin/../lib64/gcc/powerpc-openwrt-linux-musl/13.1.0/crtend.o]
    arg [/home/xfs/toolchains/toolchain-powerpc_e300c3_gcc-13.1.0_musl/bin/../lib64/gcc/powerpc-openwrt-linux-musl/13.1.0/../../../../powerpc-openwrt-linux-musl/lib/crtn.o] ==> obj [/home/xfs/toolchains/toolchain-powerpc_e300c3_gcc-13.1.0_musl/bin/../lib64/gcc/powerpc-openwrt-linux-musl/13.1.0/../../../../powerpc-openwrt-linux-musl/lib/crtn.o]
  collapse obj [/home/xfs/toolchains/toolchain-powerpc_e300c3_gcc-13.1.0_musl/bin/../lib64/gcc/powerpc-openwrt-linux-musl/13.1.0/../../../../powerpc-openwrt-linux-musl/lib/crt1.o] ==> [/home/xfs/toolchains/toolchain-powerpc_e300c3_gcc-13.1.0_musl/powerpc-openwrt-linux-musl/lib/crt1.o]
  collapse obj [/home/xfs/toolchains/toolchain-powerpc_e300c3_gcc-13.1.0_musl/bin/../lib64/gcc/powerpc-openwrt-linux-musl/13.1.0/../../../../powerpc-openwrt-linux-musl/lib/crti.o] ==> [/home/xfs/toolchains/toolchain-powerpc_e300c3_gcc-13.1.0_musl/powerpc-openwrt-linux-musl/lib/crti.o]
  collapse obj [/home/xfs/toolchains/toolchain-powerpc_e300c3_gcc-13.1.0_musl/bin/../lib64/gcc/powerpc-openwrt-linux-musl/13.1.0/crtbegin.o] ==> [/home/xfs/toolchains/toolchain-powerpc_e300c3_gcc-13.1.0_musl/lib64/gcc/powerpc-openwrt-linux-musl/13.1.0/crtbegin.o]
  collapse obj [/home/xfs/toolchains/toolchain-powerpc_e300c3_gcc-13.1.0_musl/bin/../lib64/gcc/powerpc-openwrt-linux-musl/13.1.0/crtend.o] ==> [/home/xfs/toolchains/toolchain-powerpc_e300c3_gcc-13.1.0_musl/lib64/gcc/powerpc-openwrt-linux-musl/13.1.0/crtend.o]
  collapse obj [/home/xfs/toolchains/toolchain-powerpc_e300c3_gcc-13.1.0_musl/bin/../lib64/gcc/powerpc-openwrt-linux-musl/13.1.0/../../../../powerpc-openwrt-linux-musl/lib/crtn.o] ==> [/home/xfs/toolchains/toolchain-powerpc_e300c3_gcc-13.1.0_musl/powerpc-openwrt-linux-musl/lib/crtn.o]
  collapse library dir [/home/seg/DEV/mpc83xx/src/router/pcre2/.libs] ==> [/home/seg/DEV/mpc83xx/src/router/pcre2/.libs]
  collapse library dir [/home/xfs/toolchains/toolchain-powerpc_e300c3_gcc-13.1.0_musl/bin/../lib64/gcc/powerpc-openwrt-linux-musl/13.1.0] ==> [/home/xfs/toolchains/toolchain-powerpc_e300c3_gcc-13.1.0_musl/lib64/gcc/powerpc-openwrt-linux-musl/13.1.0]
  collapse library dir [/home/xfs/toolchains/toolchain-powerpc_e300c3_gcc-13.1.0_musl/bin/../lib64/gcc] ==> [/home/xfs/toolchains/toolchain-powerpc_e300c3_gcc-13.1.0_musl/lib64/gcc]
  collapse library dir [/home/xfs/toolchains/toolchain-powerpc_e300c3_gcc-13.1.0_musl/bin/../lib64/gcc/powerpc-openwrt-linux-musl/13.1.0/../../../../powerpc-openwrt-linux-musl/lib] ==> [/home/xfs/toolchains/toolchain-powerpc_e300c3_gcc-13.1.0_musl/powerpc-openwrt-linux-musl/lib]
  implicit libs: [pcre2-8;pthread;ssp_nonshared;gcc_s;gcc;gcc_s;c;gcc_s;gcc;gcc_s]
  implicit objs: [/home/xfs/toolchains/toolchain-powerpc_e300c3_gcc-13.1.0_musl/powerpc-openwrt-linux-musl/lib/crt1.o;/home/xfs/toolchains/toolchain-powerpc_e300c3_gcc-13.1.0_musl/powerpc-openwrt-linux-musl/lib/crti.o;/home/xfs/toolchains/toolchain-powerpc_e300c3_gcc-13.1.0_musl/lib64/gcc/powerpc-openwrt-linux-musl/13.1.0/crtbegin.o;/home/xfs/toolchains/toolchain-powerpc_e300c3_gcc-13.1.0_musl/lib64/gcc/powerpc-openwrt-linux-musl/13.1.0/crtend.o;/home/xfs/toolchains/toolchain-powerpc_e300c3_gcc-13.1.0_musl/powerpc-openwrt-linux-musl/lib/crtn.o]
  implicit dirs: [/home/seg/DEV/mpc83xx/src/router/pcre2/.libs;/home/xfs/toolchains/toolchain-powerpc_e300c3_gcc-13.1.0_musl/lib64/gcc/powerpc-openwrt-linux-musl/13.1.0;/home/xfs/toolchains/toolchain-powerpc_e300c3_gcc-13.1.0_musl/lib64/gcc;/home/xfs/toolchains/toolchain-powerpc_e300c3_gcc-13.1.0_musl/powerpc-openwrt-linux-musl/lib]
  implicit fwks: []


Determining if the vdprintf exist passed with the following output:
Change Dir: /home/seg/DEV/mpc83xx/src/router/libyang/build/CMakeFiles/CMakeTmp

Run Build Command(s):/usr/bin/gmake -f Makefile cmTC_608aa/fast && gmake[1]: Entering directory '/home/seg/DEV/mpc83xx/src/router/libyang/build/CMakeFiles/CMakeTmp'
make -j 32  -f CMakeFiles/cmTC_608aa.dir/build.make CMakeFiles/cmTC_608aa.dir/build
make[2]: Entering directory '/home/seg/DEV/mpc83xx/src/router/libyang/build/CMakeFiles/CMakeTmp'
Building C object CMakeFiles/cmTC_608aa.dir/CheckSymbolExists.c.o
/xfs/toolchains/toolchain-powerpc_e300c3_gcc-13.1.0_musl/bin/powerpc-linux-uclibc-gcc -D_DEFAULT_SOURCE -D_GNU_SOURCE -D_POSIX_C_SOURCE=200809L -D__BSD_VISIBLE=1  -DNDEBUG -O2 -Os -fno-unwind-tables -fno-asynchronous-unwind-tables -pipe -funit-at-a-time -mcpu=e300c3 -mtune=e300c3 -fno-caller-saves -mhard-float   -Os -fno-unwind-tables -fno-asynchronous-unwind-tables -pipe -funit-at-a-time -mcpu=e300c3 -mtune=e300c3 -fno-caller-saves -mhard-float -D_LARGEFILE64_SOURCE -D_FILE_OFFSET_BITS=64 -fno-unwind-tables -fno-asynchronous-unwind-tables -DNDEBUG  -D_NEED_PRINTF -I/home/seg/DEV/mpc83xx/src/router/pcre2/src -Wall -Wextra -Wpedantic -std=c11  -o CMakeFiles/cmTC_608aa.dir/CheckSymbolExists.c.o -c /home/seg/DEV/mpc83xx/src/router/libyang/build/CMakeFiles/CMakeTmp/CheckSymbolExists.c
/home/seg/DEV/mpc83xx/src/router/libyang/build/CMakeFiles/CMakeTmp/CheckSymbolExists.c: In function 'main':
/home/seg/DEV/mpc83xx/src/router/libyang/build/CMakeFiles/CMakeTmp/CheckSymbolExists.c:9:11: warning: ISO C forbids conversion of function pointer to object pointer type [-Wpedantic]
    9 |   return ((int*)(&vdprintf))[argc];
      |           ^
Linking C executable cmTC_608aa
/usr/bin/cmake -E cmake_link_script CMakeFiles/cmTC_608aa.dir/link.txt --verbose=1
/xfs/toolchains/toolchain-powerpc_e300c3_gcc-13.1.0_musl/bin/powerpc-linux-uclibc-gcc -DNDEBUG -O2 -Os -fno-unwind-tables -fno-asynchronous-unwind-tables -pipe -funit-at-a-time -mcpu=e300c3 -mtune=e300c3 -fno-caller-saves -mhard-float   -Os -fno-unwind-tables -fno-asynchronous-unwind-tables -pipe -funit-at-a-time -mcpu=e300c3 -mtune=e300c3 -fno-caller-saves -mhard-float -D_LARGEFILE64_SOURCE -D_FILE_OFFSET_BITS=64 -fno-unwind-tables -fno-asynchronous-unwind-tables -DNDEBUG  -D_NEED_PRINTF -I/home/seg/DEV/mpc83xx/src/router/pcre2/src -Wall -Wextra -Wpedantic -std=c11  -L/home/seg/DEV/mpc83xx/src/router/pcre2/.libs -lpcre2-8 -lpthread  CMakeFiles/cmTC_608aa.dir/CheckSymbolExists.c.o -o cmTC_608aa 
make[2]: Leaving directory '/home/seg/DEV/mpc83xx/src/router/libyang/build/CMakeFiles/CMakeTmp'
gmake[1]: Leaving directory '/home/seg/DEV/mpc83xx/src/router/libyang/build/CMakeFiles/CMakeTmp'


File /home/seg/DEV/mpc83xx/src/router/libyang/build/CMakeFiles/CMakeTmp/CheckSymbolExists.c:
/* */
#include <stdio.h>
#include <stdarg.h>

int main(int argc, char** argv)
{
  (void)argv;
#ifndef vdprintf
  return ((int*)(&vdprintf))[argc];
#else
  (void)argc;
  return 0;
#endif
}
Determining if the asprintf exist passed with the following output:
Change Dir: /home/seg/DEV/mpc83xx/src/router/libyang/build/CMakeFiles/CMakeTmp

Run Build Command(s):/usr/bin/gmake -f Makefile cmTC_3036f/fast && gmake[1]: Entering directory '/home/seg/DEV/mpc83xx/src/router/libyang/build/CMakeFiles/CMakeTmp'
make -j 32  -f CMakeFiles/cmTC_3036f.dir/build.make CMakeFiles/cmTC_3036f.dir/build
make[2]: Entering directory '/home/seg/DEV/mpc83xx/src/router/libyang/build/CMakeFiles/CMakeTmp'
Building C object CMakeFiles/cmTC_3036f.dir/CheckSymbolExists.c.o
/xfs/toolchains/toolchain-powerpc_e300c3_gcc-13.1.0_musl/bin/powerpc-linux-uclibc-gcc -D_DEFAULT_SOURCE -D_GNU_SOURCE -D_POSIX_C_SOURCE=200809L -D__BSD_VISIBLE=1  -DNDEBUG -O2 -Os -fno-unwind-tables -fno-asynchronous-unwind-tables -pipe -funit-at-a-time -mcpu=e300c3 -mtune=e300c3 -fno-caller-saves -mhard-float   -Os -fno-unwind-tables -fno-asynchronous-unwind-tables -pipe -funit-at-a-time -mcpu=e300c3 -mtune=e300c3 -fno-caller-saves -mhard-float -D_LARGEFILE64_SOURCE -D_FILE_OFFSET_BITS=64 -fno-unwind-tables -fno-asynchronous-unwind-tables -DNDEBUG  -D_NEED_PRINTF -I/home/seg/DEV/mpc83xx/src/router/pcre2/src -Wall -Wextra -Wpedantic -std=c11  -o CMakeFiles/cmTC_3036f.dir/CheckSymbolExists.c.o -c /home/seg/DEV/mpc83xx/src/router/libyang/build/CMakeFiles/CMakeTmp/CheckSymbolExists.c
/home/seg/DEV/mpc83xx/src/router/libyang/build/CMakeFiles/CMakeTmp/CheckSymbolExists.c: In function 'main':
/home/seg/DEV/mpc83xx/src/router/libyang/build/CMakeFiles/CMakeTmp/CheckSymbolExists.c:8:11: warning: ISO C forbids conversion of function pointer to object pointer type [-Wpedantic]
    8 |   return ((int*)(&asprintf))[argc];
      |           ^
Linking C executable cmTC_3036f
/usr/bin/cmake -E cmake_link_script CMakeFiles/cmTC_3036f.dir/link.txt --verbose=1
/xfs/toolchains/toolchain-powerpc_e300c3_gcc-13.1.0_musl/bin/powerpc-linux-uclibc-gcc -DNDEBUG -O2 -Os -fno-unwind-tables -fno-asynchronous-unwind-tables -pipe -funit-at-a-time -mcpu=e300c3 -mtune=e300c3 -fno-caller-saves -mhard-float   -Os -fno-unwind-tables -fno-asynchronous-unwind-tables -pipe -funit-at-a-time -mcpu=e300c3 -mtune=e300c3 -fno-caller-saves -mhard-float -D_LARGEFILE64_SOURCE -D_FILE_OFFSET_BITS=64 -fno-unwind-tables -fno-asynchronous-unwind-tables -DNDEBUG  -D_NEED_PRINTF -I/home/seg/DEV/mpc83xx/src/router/pcre2/src -Wall -Wextra -Wpedantic -std=c11  -L/home/seg/DEV/mpc83xx/src/router/pcre2/.libs -lpcre2-8 -lpthread  CMakeFiles/cmTC_3036f.dir/CheckSymbolExists.c.o -o cmTC_3036f 
make[2]: Leaving directory '/home/seg/DEV/mpc83xx/src/router/libyang/build/CMakeFiles/CMakeTmp'
gmake[1]: Leaving directory '/home/seg/DEV/mpc83xx/src/router/libyang/build/CMakeFiles/CMakeTmp'


File /home/seg/DEV/mpc83xx/src/router/libyang/build/CMakeFiles/CMakeTmp/CheckSymbolExists.c:
/* */
#include <stdio.h>

int main(int argc, char** argv)
{
  (void)argv;
#ifndef asprintf
  return ((int*)(&asprintf))[argc];
#else
  (void)argc;
  return 0;
#endif
}
Determining if the vasprintf exist passed with the following output:
Change Dir: /home/seg/DEV/mpc83xx/src/router/libyang/build/CMakeFiles/CMakeTmp

Run Build Command(s):/usr/bin/gmake -f Makefile cmTC_c5dde/fast && gmake[1]: Entering directory '/home/seg/DEV/mpc83xx/src/router/libyang/build/CMakeFiles/CMakeTmp'
make -j 32  -f CMakeFiles/cmTC_c5dde.dir/build.make CMakeFiles/cmTC_c5dde.dir/build
make[2]: Entering directory '/home/seg/DEV/mpc83xx/src/router/libyang/build/CMakeFiles/CMakeTmp'
Building C object CMakeFiles/cmTC_c5dde.dir/CheckSymbolExists.c.o
/xfs/toolchains/toolchain-powerpc_e300c3_gcc-13.1.0_musl/bin/powerpc-linux-uclibc-gcc -D_DEFAULT_SOURCE -D_GNU_SOURCE -D_POSIX_C_SOURCE=200809L -D__BSD_VISIBLE=1  -DNDEBUG -O2 -Os -fno-unwind-tables -fno-asynchronous-unwind-tables -pipe -funit-at-a-time -mcpu=e300c3 -mtune=e300c3 -fno-caller-saves -mhard-float   -Os -fno-unwind-tables -fno-asynchronous-unwind-tables -pipe -funit-at-a-time -mcpu=e300c3 -mtune=e300c3 -fno-caller-saves -mhard-float -D_LARGEFILE64_SOURCE -D_FILE_OFFSET_BITS=64 -fno-unwind-tables -fno-asynchronous-unwind-tables -DNDEBUG  -D_NEED_PRINTF -I/home/seg/DEV/mpc83xx/src/router/pcre2/src -Wall -Wextra -Wpedantic -std=c11  -o CMakeFiles/cmTC_c5dde.dir/CheckSymbolExists.c.o -c /home/seg/DEV/mpc83xx/src/router/libyang/build/CMakeFiles/CMakeTmp/CheckSymbolExists.c
/home/seg/DEV/mpc83xx/src/router/libyang/build/CMakeFiles/CMakeTmp/CheckSymbolExists.c: In function 'main':
/home/seg/DEV/mpc83xx/src/router/libyang/build/CMakeFiles/CMakeTmp/CheckSymbolExists.c:8:11: warning: ISO C forbids conversion of function pointer to object pointer type [-Wpedantic]
    8 |   return ((int*)(&vasprintf))[argc];
      |           ^
Linking C executable cmTC_c5dde
/usr/bin/cmake -E cmake_link_script CMakeFiles/cmTC_c5dde.dir/link.txt --verbose=1
/xfs/toolchains/toolchain-powerpc_e300c3_gcc-13.1.0_musl/bin/powerpc-linux-uclibc-gcc -DNDEBUG -O2 -Os -fno-unwind-tables -fno-asynchronous-unwind-tables -pipe -funit-at-a-time -mcpu=e300c3 -mtune=e300c3 -fno-caller-saves -mhard-float   -Os -fno-unwind-tables -fno-asynchronous-unwind-tables -pipe -funit-at-a-time -mcpu=e300c3 -mtune=e300c3 -fno-caller-saves -mhard-float -D_LARGEFILE64_SOURCE -D_FILE_OFFSET_BITS=64 -fno-unwind-tables -fno-asynchronous-unwind-tables -DNDEBUG  -D_NEED_PRINTF -I/home/seg/DEV/mpc83xx/src/router/pcre2/src -Wall -Wextra -Wpedantic -std=c11  -L/home/seg/DEV/mpc83xx/src/router/pcre2/.libs -lpcre2-8 -lpthread  CMakeFiles/cmTC_c5dde.dir/CheckSymbolExists.c.o -o cmTC_c5dde 
make[2]: Leaving directory '/home/seg/DEV/mpc83xx/src/router/libyang/build/CMakeFiles/CMakeTmp'
gmake[1]: Leaving directory '/home/seg/DEV/mpc83xx/src/router/libyang/build/CMakeFiles/CMakeTmp'


File /home/seg/DEV/mpc83xx/src/router/libyang/build/CMakeFiles/CMakeTmp/CheckSymbolExists.c:
/* */
#include <stdio.h>

int main(int argc, char** argv)
{
  (void)argv;
#ifndef vasprintf
  return ((int*)(&vasprintf))[argc];
#else
  (void)argc;
  return 0;
#endif
}
Determining if the getline exist passed with the following output:
Change Dir: /home/seg/DEV/mpc83xx/src/router/libyang/build/CMakeFiles/CMakeTmp

Run Build Command(s):/usr/bin/gmake -f Makefile cmTC_b8a76/fast && gmake[1]: Entering directory '/home/seg/DEV/mpc83xx/src/router/libyang/build/CMakeFiles/CMakeTmp'
make -j 32  -f CMakeFiles/cmTC_b8a76.dir/build.make CMakeFiles/cmTC_b8a76.dir/build
make[2]: Entering directory '/home/seg/DEV/mpc83xx/src/router/libyang/build/CMakeFiles/CMakeTmp'
Building C object CMakeFiles/cmTC_b8a76.dir/CheckSymbolExists.c.o
/xfs/toolchains/toolchain-powerpc_e300c3_gcc-13.1.0_musl/bin/powerpc-linux-uclibc-gcc -D_DEFAULT_SOURCE -D_GNU_SOURCE -D_POSIX_C_SOURCE=200809L -D__BSD_VISIBLE=1  -DNDEBUG -O2 -Os -fno-unwind-tables -fno-asynchronous-unwind-tables -pipe -funit-at-a-time -mcpu=e300c3 -mtune=e300c3 -fno-caller-saves -mhard-float   -Os -fno-unwind-tables -fno-asynchronous-unwind-tables -pipe -funit-at-a-time -mcpu=e300c3 -mtune=e300c3 -fno-caller-saves -mhard-float -D_LARGEFILE64_SOURCE -D_FILE_OFFSET_BITS=64 -fno-unwind-tables -fno-asynchronous-unwind-tables -DNDEBUG  -D_NEED_PRINTF -I/home/seg/DEV/mpc83xx/src/router/pcre2/src -Wall -Wextra -Wpedantic -std=c11  -o CMakeFiles/cmTC_b8a76.dir/CheckSymbolExists.c.o -c /home/seg/DEV/mpc83xx/src/router/libyang/build/CMakeFiles/CMakeTmp/CheckSymbolExists.c
/home/seg/DEV/mpc83xx/src/router/libyang/build/CMakeFiles/CMakeTmp/CheckSymbolExists.c: In function 'main':
/home/seg/DEV/mpc83xx/src/router/libyang/build/CMakeFiles/CMakeTmp/CheckSymbolExists.c:8:11: warning: ISO C forbids conversion of function pointer to object pointer type [-Wpedantic]
    8 |   return ((int*)(&getline))[argc];
      |           ^
Linking C executable cmTC_b8a76
/usr/bin/cmake -E cmake_link_script CMakeFiles/cmTC_b8a76.dir/link.txt --verbose=1
/xfs/toolchains/toolchain-powerpc_e300c3_gcc-13.1.0_musl/bin/powerpc-linux-uclibc-gcc -DNDEBUG -O2 -Os -fno-unwind-tables -fno-asynchronous-unwind-tables -pipe -funit-at-a-time -mcpu=e300c3 -mtune=e300c3 -fno-caller-saves -mhard-float   -Os -fno-unwind-tables -fno-asynchronous-unwind-tables -pipe -funit-at-a-time -mcpu=e300c3 -mtune=e300c3 -fno-caller-saves -mhard-float -D_LARGEFILE64_SOURCE -D_FILE_OFFSET_BITS=64 -fno-unwind-tables -fno-asynchronous-unwind-tables -DNDEBUG  -D_NEED_PRINTF -I/home/seg/DEV/mpc83xx/src/router/pcre2/src -Wall -Wextra -Wpedantic -std=c11  -L/home/seg/DEV/mpc83xx/src/router/pcre2/.libs -lpcre2-8 -lpthread  CMakeFiles/cmTC_b8a76.dir/CheckSymbolExists.c.o -o cmTC_b8a76 
make[2]: Leaving directory '/home/seg/DEV/mpc83xx/src/router/libyang/build/CMakeFiles/CMakeTmp'
gmake[1]: Leaving directory '/home/seg/DEV/mpc83xx/src/router/libyang/build/CMakeFiles/CMakeTmp'


File /home/seg/DEV/mpc83xx/src/router/libyang/build/CMakeFiles/CMakeTmp/CheckSymbolExists.c:
/* */
#include <stdio.h>

int main(int argc, char** argv)
{
  (void)argv;
#ifndef getline
  return ((int*)(&getline))[argc];
#else
  (void)argc;
  return 0;
#endif
}
Determining if the strndup exist passed with the following output:
Change Dir: /home/seg/DEV/mpc83xx/src/router/libyang/build/CMakeFiles/CMakeTmp

Run Build Command(s):/usr/bin/gmake -f Makefile cmTC_15d56/fast && gmake[1]: Entering directory '/home/seg/DEV/mpc83xx/src/router/libyang/build/CMakeFiles/CMakeTmp'
make -j 32  -f CMakeFiles/cmTC_15d56.dir/build.make CMakeFiles/cmTC_15d56.dir/build
make[2]: Entering directory '/home/seg/DEV/mpc83xx/src/router/libyang/build/CMakeFiles/CMakeTmp'
Building C object CMakeFiles/cmTC_15d56.dir/CheckSymbolExists.c.o
/xfs/toolchains/toolchain-powerpc_e300c3_gcc-13.1.0_musl/bin/powerpc-linux-uclibc-gcc -D_DEFAULT_SOURCE -D_GNU_SOURCE -D_POSIX_C_SOURCE=200809L -D__BSD_VISIBLE=1  -DNDEBUG -O2 -Os -fno-unwind-tables -fno-asynchronous-unwind-tables -pipe -funit-at-a-time -mcpu=e300c3 -mtune=e300c3 -fno-caller-saves -mhard-float   -Os -fno-unwind-tables -fno-asynchronous-unwind-tables -pipe -funit-at-a-time -mcpu=e300c3 -mtune=e300c3 -fno-caller-saves -mhard-float -D_LARGEFILE64_SOURCE -D_FILE_OFFSET_BITS=64 -fno-unwind-tables -fno-asynchronous-unwind-tables -DNDEBUG  -D_NEED_PRINTF -I/home/seg/DEV/mpc83xx/src/router/pcre2/src -Wall -Wextra -Wpedantic -std=c11  -o CMakeFiles/cmTC_15d56.dir/CheckSymbolExists.c.o -c /home/seg/DEV/mpc83xx/src/router/libyang/build/CMakeFiles/CMakeTmp/CheckSymbolExists.c
/home/seg/DEV/mpc83xx/src/router/libyang/build/CMakeFiles/CMakeTmp/CheckSymbolExists.c: In function 'main':
/home/seg/DEV/mpc83xx/src/router/libyang/build/CMakeFiles/CMakeTmp/CheckSymbolExists.c:8:11: warning: ISO C forbids conversion of function pointer to object pointer type [-Wpedantic]
    8 |   return ((int*)(&strndup))[argc];
      |           ^
Linking C executable cmTC_15d56
/usr/bin/cmake -E cmake_link_script CMakeFiles/cmTC_15d56.dir/link.txt --verbose=1
/xfs/toolchains/toolchain-powerpc_e300c3_gcc-13.1.0_musl/bin/powerpc-linux-uclibc-gcc -DNDEBUG -O2 -Os -fno-unwind-tables -fno-asynchronous-unwind-tables -pipe -funit-at-a-time -mcpu=e300c3 -mtune=e300c3 -fno-caller-saves -mhard-float   -Os -fno-unwind-tables -fno-asynchronous-unwind-tables -pipe -funit-at-a-time -mcpu=e300c3 -mtune=e300c3 -fno-caller-saves -mhard-float -D_LARGEFILE64_SOURCE -D_FILE_OFFSET_BITS=64 -fno-unwind-tables -fno-asynchronous-unwind-tables -DNDEBUG  -D_NEED_PRINTF -I/home/seg/DEV/mpc83xx/src/router/pcre2/src -Wall -Wextra -Wpedantic -std=c11  -L/home/seg/DEV/mpc83xx/src/router/pcre2/.libs -lpcre2-8 -lpthread  CMakeFiles/cmTC_15d56.dir/CheckSymbolExists.c.o -o cmTC_15d56 
make[2]: Leaving directory '/home/seg/DEV/mpc83xx/src/router/libyang/build/CMakeFiles/CMakeTmp'
gmake[1]: Leaving directory '/home/seg/DEV/mpc83xx/src/router/libyang/build/CMakeFiles/CMakeTmp'


File /home/seg/DEV/mpc83xx/src/router/libyang/build/CMakeFiles/CMakeTmp/CheckSymbolExists.c:
/* */
#include <string.h>

int main(int argc, char** argv)
{
  (void)argv;
#ifndef strndup
  return ((int*)(&strndup))[argc];
#else
  (void)argc;
  return 0;
#endif
}
Determining if the strdupa exist passed with the following output:
Change Dir: /home/seg/DEV/mpc83xx/src/router/libyang/build/CMakeFiles/CMakeTmp

Run Build Command(s):/usr/bin/gmake -f Makefile cmTC_14e72/fast && gmake[1]: Entering directory '/home/seg/DEV/mpc83xx/src/router/libyang/build/CMakeFiles/CMakeTmp'
make -j 32  -f CMakeFiles/cmTC_14e72.dir/build.make CMakeFiles/cmTC_14e72.dir/build
make[2]: Entering directory '/home/seg/DEV/mpc83xx/src/router/libyang/build/CMakeFiles/CMakeTmp'
Building C object CMakeFiles/cmTC_14e72.dir/CheckSymbolExists.c.o
/xfs/toolchains/toolchain-powerpc_e300c3_gcc-13.1.0_musl/bin/powerpc-linux-uclibc-gcc -D_DEFAULT_SOURCE -D_GNU_SOURCE -D_POSIX_C_SOURCE=200809L -D__BSD_VISIBLE=1  -DNDEBUG -O2 -Os -fno-unwind-tables -fno-asynchronous-unwind-tables -pipe -funit-at-a-time -mcpu=e300c3 -mtune=e300c3 -fno-caller-saves -mhard-float   -Os -fno-unwind-tables -fno-asynchronous-unwind-tables -pipe -funit-at-a-time -mcpu=e300c3 -mtune=e300c3 -fno-caller-saves -mhard-float -D_LARGEFILE64_SOURCE -D_FILE_OFFSET_BITS=64 -fno-unwind-tables -fno-asynchronous-unwind-tables -DNDEBUG  -D_NEED_PRINTF -I/home/seg/DEV/mpc83xx/src/router/pcre2/src -Wall -Wextra -Wpedantic -std=c11  -o CMakeFiles/cmTC_14e72.dir/CheckSymbolExists.c.o -c /home/seg/DEV/mpc83xx/src/router/libyang/build/CMakeFiles/CMakeTmp/CheckSymbolExists.c
Linking C executable cmTC_14e72
/usr/bin/cmake -E cmake_link_script CMakeFiles/cmTC_14e72.dir/link.txt --verbose=1
/xfs/toolchains/toolchain-powerpc_e300c3_gcc-13.1.0_musl/bin/powerpc-linux-uclibc-gcc -DNDEBUG -O2 -Os -fno-unwind-tables -fno-asynchronous-unwind-tables -pipe -funit-at-a-time -mcpu=e300c3 -mtune=e300c3 -fno-caller-saves -mhard-float   -Os -fno-unwind-tables -fno-asynchronous-unwind-tables -pipe -funit-at-a-time -mcpu=e300c3 -mtune=e300c3 -fno-caller-saves -mhard-float -D_LARGEFILE64_SOURCE -D_FILE_OFFSET_BITS=64 -fno-unwind-tables -fno-asynchronous-unwind-tables -DNDEBUG  -D_NEED_PRINTF -I/home/seg/DEV/mpc83xx/src/router/pcre2/src -Wall -Wextra -Wpedantic -std=c11  -L/home/seg/DEV/mpc83xx/src/router/pcre2/.libs -lpcre2-8 -lpthread  CMakeFiles/cmTC_14e72.dir/CheckSymbolExists.c.o -o cmTC_14e72 
make[2]: Leaving directory '/home/seg/DEV/mpc83xx/src/router/libyang/build/CMakeFiles/CMakeTmp'
gmake[1]: Leaving directory '/home/seg/DEV/mpc83xx/src/router/libyang/build/CMakeFiles/CMakeTmp'


File /home/seg/DEV/mpc83xx/src/router/libyang/build/CMakeFiles/CMakeTmp/CheckSymbolExists.c:
/* */
#include <string.h>

int main(int argc, char** argv)
{
  (void)argv;
#ifndef strdupa
  return ((int*)(&strdupa))[argc];
#else
  (void)argc;
  return 0;
#endif
}
Determining if the strchrnul exist passed with the following output:
Change Dir: /home/seg/DEV/mpc83xx/src/router/libyang/build/CMakeFiles/CMakeTmp

Run Build Command(s):/usr/bin/gmake -f Makefile cmTC_d441c/fast && gmake[1]: Entering directory '/home/seg/DEV/mpc83xx/src/router/libyang/build/CMakeFiles/CMakeTmp'
make -j 32  -f CMakeFiles/cmTC_d441c.dir/build.make CMakeFiles/cmTC_d441c.dir/build
make[2]: Entering directory '/home/seg/DEV/mpc83xx/src/router/libyang/build/CMakeFiles/CMakeTmp'
Building C object CMakeFiles/cmTC_d441c.dir/CheckSymbolExists.c.o
/xfs/toolchains/toolchain-powerpc_e300c3_gcc-13.1.0_musl/bin/powerpc-linux-uclibc-gcc -D_DEFAULT_SOURCE -D_GNU_SOURCE -D_POSIX_C_SOURCE=200809L -D__BSD_VISIBLE=1  -DNDEBUG -O2 -Os -fno-unwind-tables -fno-asynchronous-unwind-tables -pipe -funit-at-a-time -mcpu=e300c3 -mtune=e300c3 -fno-caller-saves -mhard-float   -Os -fno-unwind-tables -fno-asynchronous-unwind-tables -pipe -funit-at-a-time -mcpu=e300c3 -mtune=e300c3 -fno-caller-saves -mhard-float -D_LARGEFILE64_SOURCE -D_FILE_OFFSET_BITS=64 -fno-unwind-tables -fno-asynchronous-unwind-tables -DNDEBUG  -D_NEED_PRINTF -I/home/seg/DEV/mpc83xx/src/router/pcre2/src -Wall -Wextra -Wpedantic -std=c11  -o CMakeFiles/cmTC_d441c.dir/CheckSymbolExists.c.o -c /home/seg/DEV/mpc83xx/src/router/libyang/build/CMakeFiles/CMakeTmp/CheckSymbolExists.c
/home/seg/DEV/mpc83xx/src/router/libyang/build/CMakeFiles/CMakeTmp/CheckSymbolExists.c: In function 'main':
/home/seg/DEV/mpc83xx/src/router/libyang/build/CMakeFiles/CMakeTmp/CheckSymbolExists.c:8:11: warning: ISO C forbids conversion of function pointer to object pointer type [-Wpedantic]
    8 |   return ((int*)(&strchrnul))[argc];
      |           ^
Linking C executable cmTC_d441c
/usr/bin/cmake -E cmake_link_script CMakeFiles/cmTC_d441c.dir/link.txt --verbose=1
/xfs/toolchains/toolchain-powerpc_e300c3_gcc-13.1.0_musl/bin/powerpc-linux-uclibc-gcc -DNDEBUG -O2 -Os -fno-unwind-tables -fno-asynchronous-unwind-tables -pipe -funit-at-a-time -mcpu=e300c3 -mtune=e300c3 -fno-caller-saves -mhard-float   -Os -fno-unwind-tables -fno-asynchronous-unwind-tables -pipe -funit-at-a-time -mcpu=e300c3 -mtune=e300c3 -fno-caller-saves -mhard-float -D_LARGEFILE64_SOURCE -D_FILE_OFFSET_BITS=64 -fno-unwind-tables -fno-asynchronous-unwind-tables -DNDEBUG  -D_NEED_PRINTF -I/home/seg/DEV/mpc83xx/src/router/pcre2/src -Wall -Wextra -Wpedantic -std=c11  -L/home/seg/DEV/mpc83xx/src/router/pcre2/.libs -lpcre2-8 -lpthread  CMakeFiles/cmTC_d441c.dir/CheckSymbolExists.c.o -o cmTC_d441c 
make[2]: Leaving directory '/home/seg/DEV/mpc83xx/src/router/libyang/build/CMakeFiles/CMakeTmp'
gmake[1]: Leaving directory '/home/seg/DEV/mpc83xx/src/router/libyang/build/CMakeFiles/CMakeTmp'


File /home/seg/DEV/mpc83xx/src/router/libyang/build/CMakeFiles/CMakeTmp/CheckSymbolExists.c:
/* */
#include <string.h>

int main(int argc, char** argv)
{
  (void)argv;
#ifndef strchrnul
  return ((int*)(&strchrnul))[argc];
#else
  (void)argc;
  return 0;
#endif
}
Determining if the get_current_dir_name exist passed with the following output:
Change Dir: /home/seg/DEV/mpc83xx/src/router/libyang/build/CMakeFiles/CMakeTmp

Run Build Command(s):/usr/bin/gmake -f Makefile cmTC_cb781/fast && gmake[1]: Entering directory '/home/seg/DEV/mpc83xx/src/router/libyang/build/CMakeFiles/CMakeTmp'
make -j 32  -f CMakeFiles/cmTC_cb781.dir/build.make CMakeFiles/cmTC_cb781.dir/build
make[2]: Entering directory '/home/seg/DEV/mpc83xx/src/router/libyang/build/CMakeFiles/CMakeTmp'
Building C object CMakeFiles/cmTC_cb781.dir/CheckSymbolExists.c.o
/xfs/toolchains/toolchain-powerpc_e300c3_gcc-13.1.0_musl/bin/powerpc-linux-uclibc-gcc -D_DEFAULT_SOURCE -D_GNU_SOURCE -D_POSIX_C_SOURCE=200809L -D__BSD_VISIBLE=1  -DNDEBUG -O2 -Os -fno-unwind-tables -fno-asynchronous-unwind-tables -pipe -funit-at-a-time -mcpu=e300c3 -mtune=e300c3 -fno-caller-saves -mhard-float   -Os -fno-unwind-tables -fno-asynchronous-unwind-tables -pipe -funit-at-a-time -mcpu=e300c3 -mtune=e300c3 -fno-caller-saves -mhard-float -D_LARGEFILE64_SOURCE -D_FILE_OFFSET_BITS=64 -fno-unwind-tables -fno-asynchronous-unwind-tables -DNDEBUG  -D_NEED_PRINTF -I/home/seg/DEV/mpc83xx/src/router/pcre2/src -Wall -Wextra -Wpedantic -std=c11  -o CMakeFiles/cmTC_cb781.dir/CheckSymbolExists.c.o -c /home/seg/DEV/mpc83xx/src/router/libyang/build/CMakeFiles/CMakeTmp/CheckSymbolExists.c
/home/seg/DEV/mpc83xx/src/router/libyang/build/CMakeFiles/CMakeTmp/CheckSymbolExists.c: In function 'main':
/home/seg/DEV/mpc83xx/src/router/libyang/build/CMakeFiles/CMakeTmp/CheckSymbolExists.c:8:11: warning: ISO C forbids conversion of function pointer to object pointer type [-Wpedantic]
    8 |   return ((int*)(&get_current_dir_name))[argc];
      |           ^
Linking C executable cmTC_cb781
/usr/bin/cmake -E cmake_link_script CMakeFiles/cmTC_cb781.dir/link.txt --verbose=1
/xfs/toolchains/toolchain-powerpc_e300c3_gcc-13.1.0_musl/bin/powerpc-linux-uclibc-gcc -DNDEBUG -O2 -Os -fno-unwind-tables -fno-asynchronous-unwind-tables -pipe -funit-at-a-time -mcpu=e300c3 -mtune=e300c3 -fno-caller-saves -mhard-float   -Os -fno-unwind-tables -fno-asynchronous-unwind-tables -pipe -funit-at-a-time -mcpu=e300c3 -mtune=e300c3 -fno-caller-saves -mhard-float -D_LARGEFILE64_SOURCE -D_FILE_OFFSET_BITS=64 -fno-unwind-tables -fno-asynchronous-unwind-tables -DNDEBUG  -D_NEED_PRINTF -I/home/seg/DEV/mpc83xx/src/router/pcre2/src -Wall -Wextra -Wpedantic -std=c11  -L/home/seg/DEV/mpc83xx/src/router/pcre2/.libs -lpcre2-8 -lpthread  CMakeFiles/cmTC_cb781.dir/CheckSymbolExists.c.o -o cmTC_cb781 
make[2]: Leaving directory '/home/seg/DEV/mpc83xx/src/router/libyang/build/CMakeFiles/CMakeTmp'
gmake[1]: Leaving directory '/home/seg/DEV/mpc83xx/src/router/libyang/build/CMakeFiles/CMakeTmp'


File /home/seg/DEV/mpc83xx/src/router/libyang/build/CMakeFiles/CMakeTmp/CheckSymbolExists.c:
/* */
#include <unistd.h>

int main(int argc, char** argv)
{
  (void)argv;
#ifndef get_current_dir_name
  return ((int*)(&get_current_dir_name))[argc];
#else
  (void)argc;
  return 0;
#endif
}
Determining if the include file pthread.h exists passed with the following output:
Change Dir: /home/seg/DEV/mpc83xx/src/router/libyang/build/CMakeFiles/CMakeTmp

Run Build Command(s):/usr/bin/gmake -f Makefile cmTC_6d9e6/fast && gmake[1]: Entering directory '/home/seg/DEV/mpc83xx/src/router/libyang/build/CMakeFiles/CMakeTmp'
make -j 32  -f CMakeFiles/cmTC_6d9e6.dir/build.make CMakeFiles/cmTC_6d9e6.dir/build
make[2]: Entering directory '/home/seg/DEV/mpc83xx/src/router/libyang/build/CMakeFiles/CMakeTmp'
Building C object CMakeFiles/cmTC_6d9e6.dir/CheckIncludeFile.c.o
/xfs/toolchains/toolchain-powerpc_e300c3_gcc-13.1.0_musl/bin/powerpc-linux-uclibc-gcc -D_DEFAULT_SOURCE -D_GNU_SOURCE -D_POSIX_C_SOURCE=200809L -D__BSD_VISIBLE=1  -DNDEBUG -O2 -Os -fno-unwind-tables -fno-asynchronous-unwind-tables -pipe -funit-at-a-time -mcpu=e300c3 -mtune=e300c3 -fno-caller-saves -mhard-float   -Os -fno-unwind-tables -fno-asynchronous-unwind-tables -pipe -funit-at-a-time -mcpu=e300c3 -mtune=e300c3 -fno-caller-saves -mhard-float -D_LARGEFILE64_SOURCE -D_FILE_OFFSET_BITS=64 -fno-unwind-tables -fno-asynchronous-unwind-tables -DNDEBUG  -D_NEED_PRINTF -I/home/seg/DEV/mpc83xx/src/router/pcre2/src -Wall -Wextra -Wpedantic -std=c11  -o CMakeFiles/cmTC_6d9e6.dir/CheckIncludeFile.c.o -c /home/seg/DEV/mpc83xx/src/router/libyang/build/CMakeFiles/CMakeTmp/CheckIncludeFile.c
Linking C executable cmTC_6d9e6
/usr/bin/cmake -E cmake_link_script CMakeFiles/cmTC_6d9e6.dir/link.txt --verbose=1
/xfs/toolchains/toolchain-powerpc_e300c3_gcc-13.1.0_musl/bin/powerpc-linux-uclibc-gcc -DNDEBUG -O2 -Os -fno-unwind-tables -fno-asynchronous-unwind-tables -pipe -funit-at-a-time -mcpu=e300c3 -mtune=e300c3 -fno-caller-saves -mhard-float   -Os -fno-unwind-tables -fno-asynchronous-unwind-tables -pipe -funit-at-a-time -mcpu=e300c3 -mtune=e300c3 -fno-caller-saves -mhard-float -D_LARGEFILE64_SOURCE -D_FILE_OFFSET_BITS=64 -fno-unwind-tables -fno-asynchronous-unwind-tables -DNDEBUG  -D_NEED_PRINTF -I/home/seg/DEV/mpc83xx/src/router/pcre2/src -Wall -Wextra -Wpedantic -std=c11  -L/home/seg/DEV/mpc83xx/src/router/pcre2/.libs -lpcre2-8 -lpthread  CMakeFiles/cmTC_6d9e6.dir/CheckIncludeFile.c.o -o cmTC_6d9e6 
make[2]: Leaving directory '/home/seg/DEV/mpc83xx/src/router/libyang/build/CMakeFiles/CMakeTmp'
gmake[1]: Leaving directory '/home/seg/DEV/mpc83xx/src/router/libyang/build/CMakeFiles/CMakeTmp'



Performing C SOURCE FILE Test CMAKE_HAVE_LIBC_PTHREAD succeeded with the following output:
Change Dir: /home/seg/DEV/mpc83xx/src/router/libyang/build/CMakeFiles/CMakeTmp

Run Build Command(s):/usr/bin/gmake -f Makefile cmTC_e540e/fast && gmake[1]: Entering directory '/home/seg/DEV/mpc83xx/src/router/libyang/build/CMakeFiles/CMakeTmp'
make -j 32  -f CMakeFiles/cmTC_e540e.dir/build.make CMakeFiles/cmTC_e540e.dir/build
make[2]: Entering directory '/home/seg/DEV/mpc83xx/src/router/libyang/build/CMakeFiles/CMakeTmp'
Building C object CMakeFiles/cmTC_e540e.dir/src.c.o
/xfs/toolchains/toolchain-powerpc_e300c3_gcc-13.1.0_musl/bin/powerpc-linux-uclibc-gcc -DCMAKE_HAVE_LIBC_PTHREAD -D_DEFAULT_SOURCE -D_GNU_SOURCE -D_POSIX_C_SOURCE=200809L -D__BSD_VISIBLE=1  -DNDEBUG -O2 -Os -fno-unwind-tables -fno-asynchronous-unwind-tables -pipe -funit-at-a-time -mcpu=e300c3 -mtune=e300c3 -fno-caller-saves -mhard-float   -Os -fno-unwind-tables -fno-asynchronous-unwind-tables -pipe -funit-at-a-time -mcpu=e300c3 -mtune=e300c3 -fno-caller-saves -mhard-float -D_LARGEFILE64_SOURCE -D_FILE_OFFSET_BITS=64 -fno-unwind-tables -fno-asynchronous-unwind-tables -DNDEBUG  -D_NEED_PRINTF -I/home/seg/DEV/mpc83xx/src/router/pcre2/src -Wall -Wextra -Wpedantic -std=c11  -o CMakeFiles/cmTC_e540e.dir/src.c.o -c /home/seg/DEV/mpc83xx/src/router/libyang/build/CMakeFiles/CMakeTmp/src.c
Linking C executable cmTC_e540e
/usr/bin/cmake -E cmake_link_script CMakeFiles/cmTC_e540e.dir/link.txt --verbose=1
/xfs/toolchains/toolchain-powerpc_e300c3_gcc-13.1.0_musl/bin/powerpc-linux-uclibc-gcc -DNDEBUG -O2 -Os -fno-unwind-tables -fno-asynchronous-unwind-tables -pipe -funit-at-a-time -mcpu=e300c3 -mtune=e300c3 -fno-caller-saves -mhard-float   -Os -fno-unwind-tables -fno-asynchronous-unwind-tables -pipe -funit-at-a-time -mcpu=e300c3 -mtune=e300c3 -fno-caller-saves -mhard-float -D_LARGEFILE64_SOURCE -D_FILE_OFFSET_BITS=64 -fno-unwind-tables -fno-asynchronous-unwind-tables -DNDEBUG  -D_NEED_PRINTF -I/home/seg/DEV/mpc83xx/src/router/pcre2/src -Wall -Wextra -Wpedantic -std=c11  -L/home/seg/DEV/mpc83xx/src/router/pcre2/.libs -lpcre2-8 -lpthread  CMakeFiles/cmTC_e540e.dir/src.c.o -o cmTC_e540e 
make[2]: Leaving directory '/home/seg/DEV/mpc83xx/src/router/libyang/build/CMakeFiles/CMakeTmp'
gmake[1]: Leaving directory '/home/seg/DEV/mpc83xx/src/router/libyang/build/CMakeFiles/CMakeTmp'


Source file was:
#include <pthread.h>

static void* test_func(void* data)
{
  return data;
}

int main(void)
{
  pthread_t thread;
  pthread_create(&thread, NULL, test_func, NULL);
  pthread_detach(thread);
  pthread_cancel(thread);
  pthread_join(thread, NULL);
  pthread_atfork(NULL, NULL, NULL);
  pthread_exit(NULL);

  return 0;
}

Determining if the function pthread_mutex_timedlock exists passed with the following output:
Change Dir: /home/seg/DEV/mpc83xx/src/router/libyang/build/CMakeFiles/CMakeTmp

Run Build Command(s):/usr/bin/gmake -f Makefile cmTC_d3873/fast && gmake[1]: Entering directory '/home/seg/DEV/mpc83xx/src/router/libyang/build/CMakeFiles/CMakeTmp'
make -j 32  -f CMakeFiles/cmTC_d3873.dir/build.make CMakeFiles/cmTC_d3873.dir/build
make[2]: Entering directory '/home/seg/DEV/mpc83xx/src/router/libyang/build/CMakeFiles/CMakeTmp'
Building C object CMakeFiles/cmTC_d3873.dir/CheckFunctionExists.c.o
/xfs/toolchains/toolchain-powerpc_e300c3_gcc-13.1.0_musl/bin/powerpc-linux-uclibc-gcc -D_DEFAULT_SOURCE -D_GNU_SOURCE -D_POSIX_C_SOURCE=200809L -D__BSD_VISIBLE=1  -DNDEBUG -O2 -Os -fno-unwind-tables -fno-asynchronous-unwind-tables -pipe -funit-at-a-time -mcpu=e300c3 -mtune=e300c3 -fno-caller-saves -mhard-float   -Os -fno-unwind-tables -fno-asynchronous-unwind-tables -pipe -funit-at-a-time -mcpu=e300c3 -mtune=e300c3 -fno-caller-saves -mhard-float -D_LARGEFILE64_SOURCE -D_FILE_OFFSET_BITS=64 -fno-unwind-tables -fno-asynchronous-unwind-tables -DNDEBUG  -D_NEED_PRINTF -I/home/seg/DEV/mpc83xx/src/router/pcre2/src -Wall -Wextra -Wpedantic -std=c11 -DCHECK_FUNCTION_EXISTS=pthread_mutex_timedlock -o CMakeFiles/cmTC_d3873.dir/CheckFunctionExists.c.o -c /usr/share/cmake/Modules/CheckFunctionExists.c
Linking C executable cmTC_d3873
/usr/bin/cmake -E cmake_link_script CMakeFiles/cmTC_d3873.dir/link.txt --verbose=1
/xfs/toolchains/toolchain-powerpc_e300c3_gcc-13.1.0_musl/bin/powerpc-linux-uclibc-gcc -DNDEBUG -O2 -Os -fno-unwind-tables -fno-asynchronous-unwind-tables -pipe -funit-at-a-time -mcpu=e300c3 -mtune=e300c3 -fno-caller-saves -mhard-float   -Os -fno-unwind-tables -fno-asynchronous-unwind-tables -pipe -funit-at-a-time -mcpu=e300c3 -mtune=e300c3 -fno-caller-saves -mhard-float -D_LARGEFILE64_SOURCE -D_FILE_OFFSET_BITS=64 -fno-unwind-tables -fno-asynchronous-unwind-tables -DNDEBUG  -D_NEED_PRINTF -I/home/seg/DEV/mpc83xx/src/router/pcre2/src -Wall -Wextra -Wpedantic -std=c11 -DCHECK_FUNCTION_EXISTS=pthread_mutex_timedlock -L/home/seg/DEV/mpc83xx/src/router/pcre2/.libs -lpcre2-8 -lpthread  CMakeFiles/cmTC_d3873.dir/CheckFunctionExists.c.o -o cmTC_d3873 
make[2]: Leaving directory '/home/seg/DEV/mpc83xx/src/router/libyang/build/CMakeFiles/CMakeTmp'
gmake[1]: Leaving directory '/home/seg/DEV/mpc83xx/src/router/libyang/build/CMakeFiles/CMakeTmp'



Determining if the include file stdatomic.h exists passed with the following output:
Change Dir: /home/seg/DEV/mpc83xx/src/router/libyang/build/CMakeFiles/CMakeTmp

Run Build Command(s):/usr/bin/gmake -f Makefile cmTC_79577/fast && gmake[1]: Entering directory '/home/seg/DEV/mpc83xx/src/router/libyang/build/CMakeFiles/CMakeTmp'
make -j 32  -f CMakeFiles/cmTC_79577.dir/build.make CMakeFiles/cmTC_79577.dir/build
make[2]: Entering directory '/home/seg/DEV/mpc83xx/src/router/libyang/build/CMakeFiles/CMakeTmp'
Building C object CMakeFiles/cmTC_79577.dir/CheckIncludeFile.c.o
/xfs/toolchains/toolchain-powerpc_e300c3_gcc-13.1.0_musl/bin/powerpc-linux-uclibc-gcc -D_DEFAULT_SOURCE -D_GNU_SOURCE -D_POSIX_C_SOURCE=200809L -D__BSD_VISIBLE=1  -DNDEBUG -O2 -Os -fno-unwind-tables -fno-asynchronous-unwind-tables -pipe -funit-at-a-time -mcpu=e300c3 -mtune=e300c3 -fno-caller-saves -mhard-float   -Os -fno-unwind-tables -fno-asynchronous-unwind-tables -pipe -funit-at-a-time -mcpu=e300c3 -mtune=e300c3 -fno-caller-saves -mhard-float -D_LARGEFILE64_SOURCE -D_FILE_OFFSET_BITS=64 -fno-unwind-tables -fno-asynchronous-unwind-tables -DNDEBUG  -D_NEED_PRINTF -I/home/seg/DEV/mpc83xx/src/router/pcre2/src -Wall -Wextra -Wpedantic -std=c11  -o CMakeFiles/cmTC_79577.dir/CheckIncludeFile.c.o -c /home/seg/DEV/mpc83xx/src/router/libyang/build/CMakeFiles/CMakeTmp/CheckIncludeFile.c
Linking C executable cmTC_79577
/usr/bin/cmake -E cmake_link_script CMakeFiles/cmTC_79577.dir/link.txt --verbose=1
/xfs/toolchains/toolchain-powerpc_e300c3_gcc-13.1.0_musl/bin/powerpc-linux-uclibc-gcc -DNDEBUG -O2 -Os -fno-unwind-tables -fno-asynchronous-unwind-tables -pipe -funit-at-a-time -mcpu=e300c3 -mtune=e300c3 -fno-caller-saves -mhard-float   -Os -fno-unwind-tables -fno-asynchronous-unwind-tables -pipe -funit-at-a-time -mcpu=e300c3 -mtune=e300c3 -fno-caller-saves -mhard-float -D_LARGEFILE64_SOURCE -D_FILE_OFFSET_BITS=64 -fno-unwind-tables -fno-asynchronous-unwind-tables -DNDEBUG  -D_NEED_PRINTF -I/home/seg/DEV/mpc83xx/src/router/pcre2/src -Wall -Wextra -Wpedantic -std=c11  -L/home/seg/DEV/mpc83xx/src/router/pcre2/.libs -lpcre2-8 -lpthread  CMakeFiles/cmTC_79577.dir/CheckIncludeFile.c.o -o cmTC_79577 
make[2]: Leaving directory '/home/seg/DEV/mpc83xx/src/router/libyang/build/CMakeFiles/CMakeTmp'
gmake[1]: Leaving directory '/home/seg/DEV/mpc83xx/src/router/libyang/build/CMakeFiles/CMakeTmp'



Determining if the realpath exist passed with the following output:
Change Dir: /home/seg/DEV/mpc83xx/src/router/libyang/build/CMakeFiles/CMakeTmp

Run Build Command(s):/usr/bin/gmake -f Makefile cmTC_22096/fast && gmake[1]: Entering directory '/home/seg/DEV/mpc83xx/src/router/libyang/build/CMakeFiles/CMakeTmp'
make -j 32  -f CMakeFiles/cmTC_22096.dir/build.make CMakeFiles/cmTC_22096.dir/build
make[2]: Entering directory '/home/seg/DEV/mpc83xx/src/router/libyang/build/CMakeFiles/CMakeTmp'
Building C object CMakeFiles/cmTC_22096.dir/CheckSymbolExists.c.o
/xfs/toolchains/toolchain-powerpc_e300c3_gcc-13.1.0_musl/bin/powerpc-linux-uclibc-gcc -D_DEFAULT_SOURCE -D_GNU_SOURCE -D_POSIX_C_SOURCE=200809L -D__BSD_VISIBLE=1  -DNDEBUG -O2 -Os -fno-unwind-tables -fno-asynchronous-unwind-tables -pipe -funit-at-a-time -mcpu=e300c3 -mtune=e300c3 -fno-caller-saves -mhard-float   -Os -fno-unwind-tables -fno-asynchronous-unwind-tables -pipe -funit-at-a-time -mcpu=e300c3 -mtune=e300c3 -fno-caller-saves -mhard-float -D_LARGEFILE64_SOURCE -D_FILE_OFFSET_BITS=64 -fno-unwind-tables -fno-asynchronous-unwind-tables -DNDEBUG  -D_NEED_PRINTF -I/home/seg/DEV/mpc83xx/src/router/pcre2/src -Wall -Wextra -Wpedantic -std=c11  -o CMakeFiles/cmTC_22096.dir/CheckSymbolExists.c.o -c /home/seg/DEV/mpc83xx/src/router/libyang/build/CMakeFiles/CMakeTmp/CheckSymbolExists.c
/home/seg/DEV/mpc83xx/src/router/libyang/build/CMakeFiles/CMakeTmp/CheckSymbolExists.c: In function 'main':
/home/seg/DEV/mpc83xx/src/router/libyang/build/CMakeFiles/CMakeTmp/CheckSymbolExists.c:8:11: warning: ISO C forbids conversion of function pointer to object pointer type [-Wpedantic]
    8 |   return ((int*)(&realpath))[argc];
      |           ^
Linking C executable cmTC_22096
/usr/bin/cmake -E cmake_link_script CMakeFiles/cmTC_22096.dir/link.txt --verbose=1
/xfs/toolchains/toolchain-powerpc_e300c3_gcc-13.1.0_musl/bin/powerpc-linux-uclibc-gcc -DNDEBUG -O2 -Os -fno-unwind-tables -fno-asynchronous-unwind-tables -pipe -funit-at-a-time -mcpu=e300c3 -mtune=e300c3 -fno-caller-saves -mhard-float   -Os -fno-unwind-tables -fno-asynchronous-unwind-tables -pipe -funit-at-a-time -mcpu=e300c3 -mtune=e300c3 -fno-caller-saves -mhard-float -D_LARGEFILE64_SOURCE -D_FILE_OFFSET_BITS=64 -fno-unwind-tables -fno-asynchronous-unwind-tables -DNDEBUG  -D_NEED_PRINTF -I/home/seg/DEV/mpc83xx/src/router/pcre2/src -Wall -Wextra -Wpedantic -std=c11  -L/home/seg/DEV/mpc83xx/src/router/pcre2/.libs -lpcre2-8 -lpthread  CMakeFiles/cmTC_22096.dir/CheckSymbolExists.c.o -o cmTC_22096 
make[2]: Leaving directory '/home/seg/DEV/mpc83xx/src/router/libyang/build/CMakeFiles/CMakeTmp'
gmake[1]: Leaving directory '/home/seg/DEV/mpc83xx/src/router/libyang/build/CMakeFiles/CMakeTmp'


File /home/seg/DEV/mpc83xx/src/router/libyang/build/CMakeFiles/CMakeTmp/CheckSymbolExists.c:
/* */
#include <stdlib.h>

int main(int argc, char** argv)
{
  (void)argv;
#ifndef realpath
  return ((int*)(&realpath))[argc];
#else
  (void)argc;
  return 0;
#endif
}
Determining if the localtime_r exist passed with the following output:
Change Dir: /home/seg/DEV/mpc83xx/src/router/libyang/build/CMakeFiles/CMakeTmp

Run Build Command(s):/usr/bin/gmake -f Makefile cmTC_89bd3/fast && gmake[1]: Entering directory '/home/seg/DEV/mpc83xx/src/router/libyang/build/CMakeFiles/CMakeTmp'
make -j 32  -f CMakeFiles/cmTC_89bd3.dir/build.make CMakeFiles/cmTC_89bd3.dir/build
make[2]: Entering directory '/home/seg/DEV/mpc83xx/src/router/libyang/build/CMakeFiles/CMakeTmp'
Building C object CMakeFiles/cmTC_89bd3.dir/CheckSymbolExists.c.o
/xfs/toolchains/toolchain-powerpc_e300c3_gcc-13.1.0_musl/bin/powerpc-linux-uclibc-gcc -D_DEFAULT_SOURCE -D_GNU_SOURCE -D_POSIX_C_SOURCE=200809L -D__BSD_VISIBLE=1  -DNDEBUG -O2 -Os -fno-unwind-tables -fno-asynchronous-unwind-tables -pipe -funit-at-a-time -mcpu=e300c3 -mtune=e300c3 -fno-caller-saves -mhard-float   -Os -fno-unwind-tables -fno-asynchronous-unwind-tables -pipe -funit-at-a-time -mcpu=e300c3 -mtune=e300c3 -fno-caller-saves -mhard-float -D_LARGEFILE64_SOURCE -D_FILE_OFFSET_BITS=64 -fno-unwind-tables -fno-asynchronous-unwind-tables -DNDEBUG  -D_NEED_PRINTF -I/home/seg/DEV/mpc83xx/src/router/pcre2/src -Wall -Wextra -Wpedantic -std=c11  -o CMakeFiles/cmTC_89bd3.dir/CheckSymbolExists.c.o -c /home/seg/DEV/mpc83xx/src/router/libyang/build/CMakeFiles/CMakeTmp/CheckSymbolExists.c
/home/seg/DEV/mpc83xx/src/router/libyang/build/CMakeFiles/CMakeTmp/CheckSymbolExists.c: In function 'main':
/home/seg/DEV/mpc83xx/src/router/libyang/build/CMakeFiles/CMakeTmp/CheckSymbolExists.c:8:11: warning: ISO C forbids conversion of function pointer to object pointer type [-Wpedantic]
    8 |   return ((int*)(&localtime_r))[argc];
      |           ^
Linking C executable cmTC_89bd3
/usr/bin/cmake -E cmake_link_script CMakeFiles/cmTC_89bd3.dir/link.txt --verbose=1
/xfs/toolchains/toolchain-powerpc_e300c3_gcc-13.1.0_musl/bin/powerpc-linux-uclibc-gcc -DNDEBUG -O2 -Os -fno-unwind-tables -fno-asynchronous-unwind-tables -pipe -funit-at-a-time -mcpu=e300c3 -mtune=e300c3 -fno-caller-saves -mhard-float   -Os -fno-unwind-tables -fno-asynchronous-unwind-tables -pipe -funit-at-a-time -mcpu=e300c3 -mtune=e300c3 -fno-caller-saves -mhard-float -D_LARGEFILE64_SOURCE -D_FILE_OFFSET_BITS=64 -fno-unwind-tables -fno-asynchronous-unwind-tables -DNDEBUG  -D_NEED_PRINTF -I/home/seg/DEV/mpc83xx/src/router/pcre2/src -Wall -Wextra -Wpedantic -std=c11  -L/home/seg/DEV/mpc83xx/src/router/pcre2/.libs -lpcre2-8 -lpthread  CMakeFiles/cmTC_89bd3.dir/CheckSymbolExists.c.o -o cmTC_89bd3 
make[2]: Leaving directory '/home/seg/DEV/mpc83xx/src/router/libyang/build/CMakeFiles/CMakeTmp'
gmake[1]: Leaving directory '/home/seg/DEV/mpc83xx/src/router/libyang/build/CMakeFiles/CMakeTmp'


File /home/seg/DEV/mpc83xx/src/router/libyang/build/CMakeFiles/CMakeTmp/CheckSymbolExists.c:
/* */
#include <time.h>

int main(int argc, char** argv)
{
  (void)argv;
#ifndef localtime_r
  return ((int*)(&localtime_r))[argc];
#else
  (void)argc;
  return 0;
#endif
}
Determining if the gmtime_r exist passed with the following output:
Change Dir: /home/seg/DEV/mpc83xx/src/router/libyang/build/CMakeFiles/CMakeTmp

Run Build Command(s):/usr/bin/gmake -f Makefile cmTC_4f1e5/fast && gmake[1]: Entering directory '/home/seg/DEV/mpc83xx/src/router/libyang/build/CMakeFiles/CMakeTmp'
make -j 32  -f CMakeFiles/cmTC_4f1e5.dir/build.make CMakeFiles/cmTC_4f1e5.dir/build
make[2]: Entering directory '/home/seg/DEV/mpc83xx/src/router/libyang/build/CMakeFiles/CMakeTmp'
Building C object CMakeFiles/cmTC_4f1e5.dir/CheckSymbolExists.c.o
/xfs/toolchains/toolchain-powerpc_e300c3_gcc-13.1.0_musl/bin/powerpc-linux-uclibc-gcc -D_DEFAULT_SOURCE -D_GNU_SOURCE -D_POSIX_C_SOURCE=200809L -D__BSD_VISIBLE=1  -DNDEBUG -O2 -Os -fno-unwind-tables -fno-asynchronous-unwind-tables -pipe -funit-at-a-time -mcpu=e300c3 -mtune=e300c3 -fno-caller-saves -mhard-float   -Os -fno-unwind-tables -fno-asynchronous-unwind-tables -pipe -funit-at-a-time -mcpu=e300c3 -mtune=e300c3 -fno-caller-saves -mhard-float -D_LARGEFILE64_SOURCE -D_FILE_OFFSET_BITS=64 -fno-unwind-tables -fno-asynchronous-unwind-tables -DNDEBUG  -D_NEED_PRINTF -I/home/seg/DEV/mpc83xx/src/router/pcre2/src -Wall -Wextra -Wpedantic -std=c11  -o CMakeFiles/cmTC_4f1e5.dir/CheckSymbolExists.c.o -c /home/seg/DEV/mpc83xx/src/router/libyang/build/CMakeFiles/CMakeTmp/CheckSymbolExists.c
/home/seg/DEV/mpc83xx/src/router/libyang/build/CMakeFiles/CMakeTmp/CheckSymbolExists.c: In function 'main':
/home/seg/DEV/mpc83xx/src/router/libyang/build/CMakeFiles/CMakeTmp/CheckSymbolExists.c:8:11: warning: ISO C forbids conversion of function pointer to object pointer type [-Wpedantic]
    8 |   return ((int*)(&gmtime_r))[argc];
      |           ^
Linking C executable cmTC_4f1e5
/usr/bin/cmake -E cmake_link_script CMakeFiles/cmTC_4f1e5.dir/link.txt --verbose=1
/xfs/toolchains/toolchain-powerpc_e300c3_gcc-13.1.0_musl/bin/powerpc-linux-uclibc-gcc -DNDEBUG -O2 -Os -fno-unwind-tables -fno-asynchronous-unwind-tables -pipe -funit-at-a-time -mcpu=e300c3 -mtune=e300c3 -fno-caller-saves -mhard-float   -Os -fno-unwind-tables -fno-asynchronous-unwind-tables -pipe -funit-at-a-time -mcpu=e300c3 -mtune=e300c3 -fno-caller-saves -mhard-float -D_LARGEFILE64_SOURCE -D_FILE_OFFSET_BITS=64 -fno-unwind-tables -fno-asynchronous-unwind-tables -DNDEBUG  -D_NEED_PRINTF -I/home/seg/DEV/mpc83xx/src/router/pcre2/src -Wall -Wextra -Wpedantic -std=c11  -L/home/seg/DEV/mpc83xx/src/router/pcre2/.libs -lpcre2-8 -lpthread  CMakeFiles/cmTC_4f1e5.dir/CheckSymbolExists.c.o -o cmTC_4f1e5 
make[2]: Leaving directory '/home/seg/DEV/mpc83xx/src/router/libyang/build/CMakeFiles/CMakeTmp'
gmake[1]: Leaving directory '/home/seg/DEV/mpc83xx/src/router/libyang/build/CMakeFiles/CMakeTmp'


File /home/seg/DEV/mpc83xx/src/router/libyang/build/CMakeFiles/CMakeTmp/CheckSymbolExists.c:
/* */
#include <time.h>

int main(int argc, char** argv)
{
  (void)argv;
#ifndef gmtime_r
  return ((int*)(&gmtime_r))[argc];
#else
  (void)argc;
  return 0;
#endif
}
Determining if the function timegm exists passed with the following output:
Change Dir: /home/seg/DEV/mpc83xx/src/router/libyang/build/CMakeFiles/CMakeTmp

Run Build Command(s):/usr/bin/gmake -f Makefile cmTC_0bb09/fast && gmake[1]: Entering directory '/home/seg/DEV/mpc83xx/src/router/libyang/build/CMakeFiles/CMakeTmp'
make -j 32  -f CMakeFiles/cmTC_0bb09.dir/build.make CMakeFiles/cmTC_0bb09.dir/build
make[2]: Entering directory '/home/seg/DEV/mpc83xx/src/router/libyang/build/CMakeFiles/CMakeTmp'
Building C object CMakeFiles/cmTC_0bb09.dir/CheckFunctionExists.c.o
/xfs/toolchains/toolchain-powerpc_e300c3_gcc-13.1.0_musl/bin/powerpc-linux-uclibc-gcc -D_DEFAULT_SOURCE -D_GNU_SOURCE -D_POSIX_C_SOURCE=200809L -D__BSD_VISIBLE=1  -DNDEBUG -O2 -Os -fno-unwind-tables -fno-asynchronous-unwind-tables -pipe -funit-at-a-time -mcpu=e300c3 -mtune=e300c3 -fno-caller-saves -mhard-float   -Os -fno-unwind-tables -fno-asynchronous-unwind-tables -pipe -funit-at-a-time -mcpu=e300c3 -mtune=e300c3 -fno-caller-saves -mhard-float -D_LARGEFILE64_SOURCE -D_FILE_OFFSET_BITS=64 -fno-unwind-tables -fno-asynchronous-unwind-tables -DNDEBUG  -D_NEED_PRINTF -I/home/seg/DEV/mpc83xx/src/router/pcre2/src -Wall -Wextra -Wpedantic -std=c11 -DCHECK_FUNCTION_EXISTS=timegm -o CMakeFiles/cmTC_0bb09.dir/CheckFunctionExists.c.o -c /usr/share/cmake/Modules/CheckFunctionExists.c
Linking C executable cmTC_0bb09
/usr/bin/cmake -E cmake_link_script CMakeFiles/cmTC_0bb09.dir/link.txt --verbose=1
/xfs/toolchains/toolchain-powerpc_e300c3_gcc-13.1.0_musl/bin/powerpc-linux-uclibc-gcc -DNDEBUG -O2 -Os -fno-unwind-tables -fno-asynchronous-unwind-tables -pipe -funit-at-a-time -mcpu=e300c3 -mtune=e300c3 -fno-caller-saves -mhard-float   -Os -fno-unwind-tables -fno-asynchronous-unwind-tables -pipe -funit-at-a-time -mcpu=e300c3 -mtune=e300c3 -fno-caller-saves -mhard-float -D_LARGEFILE64_SOURCE -D_FILE_OFFSET_BITS=64 -fno-unwind-tables -fno-asynchronous-unwind-tables -DNDEBUG  -D_NEED_PRINTF -I/home/seg/DEV/mpc83xx/src/router/pcre2/src -Wall -Wextra -Wpedantic -std=c11 -DCHECK_FUNCTION_EXISTS=timegm -L/home/seg/DEV/mpc83xx/src/router/pcre2/.libs -lpcre2-8 -lpthread  CMakeFiles/cmTC_0bb09.dir/CheckFunctionExists.c.o -o cmTC_0bb09 
make[2]: Leaving directory '/home/seg/DEV/mpc83xx/src/router/libyang/build/CMakeFiles/CMakeTmp'
gmake[1]: Leaving directory '/home/seg/DEV/mpc83xx/src/router/libyang/build/CMakeFiles/CMakeTmp'



Determining if the strptime exist passed with the following output:
Change Dir: /home/seg/DEV/mpc83xx/src/router/libyang/build/CMakeFiles/CMakeTmp

Run Build Command(s):/usr/bin/gmake -f Makefile cmTC_f0162/fast && gmake[1]: Entering directory '/home/seg/DEV/mpc83xx/src/router/libyang/build/CMakeFiles/CMakeTmp'
make -j 32  -f CMakeFiles/cmTC_f0162.dir/build.make CMakeFiles/cmTC_f0162.dir/build
make[2]: Entering directory '/home/seg/DEV/mpc83xx/src/router/libyang/build/CMakeFiles/CMakeTmp'
Building C object CMakeFiles/cmTC_f0162.dir/CheckSymbolExists.c.o
/xfs/toolchains/toolchain-powerpc_e300c3_gcc-13.1.0_musl/bin/powerpc-linux-uclibc-gcc -D_DEFAULT_SOURCE -D_GNU_SOURCE -D_POSIX_C_SOURCE=200809L -D__BSD_VISIBLE=1  -DNDEBUG -O2 -Os -fno-unwind-tables -fno-asynchronous-unwind-tables -pipe -funit-at-a-time -mcpu=e300c3 -mtune=e300c3 -fno-caller-saves -mhard-float   -Os -fno-unwind-tables -fno-asynchronous-unwind-tables -pipe -funit-at-a-time -mcpu=e300c3 -mtune=e300c3 -fno-caller-saves -mhard-float -D_LARGEFILE64_SOURCE -D_FILE_OFFSET_BITS=64 -fno-unwind-tables -fno-asynchronous-unwind-tables -DNDEBUG  -D_NEED_PRINTF -I/home/seg/DEV/mpc83xx/src/router/pcre2/src -Wall -Wextra -Wpedantic -std=c11  -o CMakeFiles/cmTC_f0162.dir/CheckSymbolExists.c.o -c /home/seg/DEV/mpc83xx/src/router/libyang/build/CMakeFiles/CMakeTmp/CheckSymbolExists.c
/home/seg/DEV/mpc83xx/src/router/libyang/build/CMakeFiles/CMakeTmp/CheckSymbolExists.c: In function 'main':
/home/seg/DEV/mpc83xx/src/router/libyang/build/CMakeFiles/CMakeTmp/CheckSymbolExists.c:8:11: warning: ISO C forbids conversion of function pointer to object pointer type [-Wpedantic]
    8 |   return ((int*)(&strptime))[argc];
      |           ^
Linking C executable cmTC_f0162
/usr/bin/cmake -E cmake_link_script CMakeFiles/cmTC_f0162.dir/link.txt --verbose=1
/xfs/toolchains/toolchain-powerpc_e300c3_gcc-13.1.0_musl/bin/powerpc-linux-uclibc-gcc -DNDEBUG -O2 -Os -fno-unwind-tables -fno-asynchronous-unwind-tables -pipe -funit-at-a-time -mcpu=e300c3 -mtune=e300c3 -fno-caller-saves -mhard-float   -Os -fno-unwind-tables -fno-asynchronous-unwind-tables -pipe -funit-at-a-time -mcpu=e300c3 -mtune=e300c3 -fno-caller-saves -mhard-float -D_LARGEFILE64_SOURCE -D_FILE_OFFSET_BITS=64 -fno-unwind-tables -fno-asynchronous-unwind-tables -DNDEBUG  -D_NEED_PRINTF -I/home/seg/DEV/mpc83xx/src/router/pcre2/src -Wall -Wextra -Wpedantic -std=c11  -L/home/seg/DEV/mpc83xx/src/router/pcre2/.libs -lpcre2-8 -lpthread  CMakeFiles/cmTC_f0162.dir/CheckSymbolExists.c.o -o cmTC_f0162 
make[2]: Leaving directory '/home/seg/DEV/mpc83xx/src/router/libyang/build/CMakeFiles/CMakeTmp'
gmake[1]: Leaving directory '/home/seg/DEV/mpc83xx/src/router/libyang/build/CMakeFiles/CMakeTmp'


File /home/seg/DEV/mpc83xx/src/router/libyang/build/CMakeFiles/CMakeTmp/CheckSymbolExists.c:
/* */
#include <time.h>

int main(int argc, char** argv)
{
  (void)argv;
#ifndef strptime
  return ((int*)(&strptime))[argc];
#else
  (void)argc;
  return 0;
#endif
}
Determining if the mmap exist passed with the following output:
Change Dir: /home/seg/DEV/mpc83xx/src/router/libyang/build/CMakeFiles/CMakeTmp

Run Build Command(s):/usr/bin/gmake -f Makefile cmTC_79b6e/fast && gmake[1]: Entering directory '/home/seg/DEV/mpc83xx/src/router/libyang/build/CMakeFiles/CMakeTmp'
make -j 32  -f CMakeFiles/cmTC_79b6e.dir/build.make CMakeFiles/cmTC_79b6e.dir/build
make[2]: Entering directory '/home/seg/DEV/mpc83xx/src/router/libyang/build/CMakeFiles/CMakeTmp'
Building C object CMakeFiles/cmTC_79b6e.dir/CheckSymbolExists.c.o
/xfs/toolchains/toolchain-powerpc_e300c3_gcc-13.1.0_musl/bin/powerpc-linux-uclibc-gcc -D_DEFAULT_SOURCE -D_GNU_SOURCE -D_POSIX_C_SOURCE=200809L -D__BSD_VISIBLE=1  -DNDEBUG -O2 -Os -fno-unwind-tables -fno-asynchronous-unwind-tables -pipe -funit-at-a-time -mcpu=e300c3 -mtune=e300c3 -fno-caller-saves -mhard-float   -Os -fno-unwind-tables -fno-asynchronous-unwind-tables -pipe -funit-at-a-time -mcpu=e300c3 -mtune=e300c3 -fno-caller-saves -mhard-float -D_LARGEFILE64_SOURCE -D_FILE_OFFSET_BITS=64 -fno-unwind-tables -fno-asynchronous-unwind-tables -DNDEBUG  -D_NEED_PRINTF -I/home/seg/DEV/mpc83xx/src/router/pcre2/src -Wall -Wextra -Wpedantic -std=c11  -o CMakeFiles/cmTC_79b6e.dir/CheckSymbolExists.c.o -c /home/seg/DEV/mpc83xx/src/router/libyang/build/CMakeFiles/CMakeTmp/CheckSymbolExists.c
/home/seg/DEV/mpc83xx/src/router/libyang/build/CMakeFiles/CMakeTmp/CheckSymbolExists.c: In function 'main':
/home/seg/DEV/mpc83xx/src/router/libyang/build/CMakeFiles/CMakeTmp/CheckSymbolExists.c:8:11: warning: ISO C forbids conversion of function pointer to object pointer type [-Wpedantic]
    8 |   return ((int*)(&mmap))[argc];
      |           ^
Linking C executable cmTC_79b6e
/usr/bin/cmake -E cmake_link_script CMakeFiles/cmTC_79b6e.dir/link.txt --verbose=1
/xfs/toolchains/toolchain-powerpc_e300c3_gcc-13.1.0_musl/bin/powerpc-linux-uclibc-gcc -DNDEBUG -O2 -Os -fno-unwind-tables -fno-asynchronous-unwind-tables -pipe -funit-at-a-time -mcpu=e300c3 -mtune=e300c3 -fno-caller-saves -mhard-float   -Os -fno-unwind-tables -fno-asynchronous-unwind-tables -pipe -funit-at-a-time -mcpu=e300c3 -mtune=e300c3 -fno-caller-saves -mhard-float -D_LARGEFILE64_SOURCE -D_FILE_OFFSET_BITS=64 -fno-unwind-tables -fno-asynchronous-unwind-tables -DNDEBUG  -D_NEED_PRINTF -I/home/seg/DEV/mpc83xx/src/router/pcre2/src -Wall -Wextra -Wpedantic -std=c11  -L/home/seg/DEV/mpc83xx/src/router/pcre2/.libs -lpcre2-8 -lpthread  CMakeFiles/cmTC_79b6e.dir/CheckSymbolExists.c.o -o cmTC_79b6e 
make[2]: Leaving directory '/home/seg/DEV/mpc83xx/src/router/libyang/build/CMakeFiles/CMakeTmp'
gmake[1]: Leaving directory '/home/seg/DEV/mpc83xx/src/router/libyang/build/CMakeFiles/CMakeTmp'


File /home/seg/DEV/mpc83xx/src/router/libyang/build/CMakeFiles/CMakeTmp/CheckSymbolExists.c:
/* */
#include <sys/mman.h>

int main(int argc, char** argv)
{
  (void)argv;
#ifndef mmap
  return ((int*)(&mmap))[argc];
#else
  (void)argc;
  return 0;
#endif
}
Determining if the setenv exist passed with the following output:
Change Dir: /home/seg/DEV/mpc83xx/src/router/libyang/build/CMakeFiles/CMakeTmp

Run Build Command(s):/usr/bin/gmake -f Makefile cmTC_05af6/fast && gmake[1]: Entering directory '/home/seg/DEV/mpc83xx/src/router/libyang/build/CMakeFiles/CMakeTmp'
make -j 32  -f CMakeFiles/cmTC_05af6.dir/build.make CMakeFiles/cmTC_05af6.dir/build
make[2]: Entering directory '/home/seg/DEV/mpc83xx/src/router/libyang/build/CMakeFiles/CMakeTmp'
Building C object CMakeFiles/cmTC_05af6.dir/CheckSymbolExists.c.o
/xfs/toolchains/toolchain-powerpc_e300c3_gcc-13.1.0_musl/bin/powerpc-linux-uclibc-gcc -D_DEFAULT_SOURCE -D_GNU_SOURCE -D_POSIX_C_SOURCE=200809L -D__BSD_VISIBLE=1  -DNDEBUG -O2 -Os -fno-unwind-tables -fno-asynchronous-unwind-tables -pipe -funit-at-a-time -mcpu=e300c3 -mtune=e300c3 -fno-caller-saves -mhard-float   -Os -fno-unwind-tables -fno-asynchronous-unwind-tables -pipe -funit-at-a-time -mcpu=e300c3 -mtune=e300c3 -fno-caller-saves -mhard-float -D_LARGEFILE64_SOURCE -D_FILE_OFFSET_BITS=64 -fno-unwind-tables -fno-asynchronous-unwind-tables -DNDEBUG  -D_NEED_PRINTF -I/home/seg/DEV/mpc83xx/src/router/pcre2/src -Wall -Wextra -Wpedantic -std=c11  -o CMakeFiles/cmTC_05af6.dir/CheckSymbolExists.c.o -c /home/seg/DEV/mpc83xx/src/router/libyang/build/CMakeFiles/CMakeTmp/CheckSymbolExists.c
/home/seg/DEV/mpc83xx/src/router/libyang/build/CMakeFiles/CMakeTmp/CheckSymbolExists.c: In function 'main':
/home/seg/DEV/mpc83xx/src/router/libyang/build/CMakeFiles/CMakeTmp/CheckSymbolExists.c:8:11: warning: ISO C forbids conversion of function pointer to object pointer type [-Wpedantic]
    8 |   return ((int*)(&setenv))[argc];
      |           ^
Linking C executable cmTC_05af6
/usr/bin/cmake -E cmake_link_script CMakeFiles/cmTC_05af6.dir/link.txt --verbose=1
/xfs/toolchains/toolchain-powerpc_e300c3_gcc-13.1.0_musl/bin/powerpc-linux-uclibc-gcc -DNDEBUG -O2 -Os -fno-unwind-tables -fno-asynchronous-unwind-tables -pipe -funit-at-a-time -mcpu=e300c3 -mtune=e300c3 -fno-caller-saves -mhard-float   -Os -fno-unwind-tables -fno-asynchronous-unwind-tables -pipe -funit-at-a-time -mcpu=e300c3 -mtune=e300c3 -fno-caller-saves -mhard-float -D_LARGEFILE64_SOURCE -D_FILE_OFFSET_BITS=64 -fno-unwind-tables -fno-asynchronous-unwind-tables -DNDEBUG  -D_NEED_PRINTF -I/home/seg/DEV/mpc83xx/src/router/pcre2/src -Wall -Wextra -Wpedantic -std=c11  -L/home/seg/DEV/mpc83xx/src/router/pcre2/.libs -lpcre2-8 -lpthread  CMakeFiles/cmTC_05af6.dir/CheckSymbolExists.c.o -o cmTC_05af6 
make[2]: Leaving directory '/home/seg/DEV/mpc83xx/src/router/libyang/build/CMakeFiles/CMakeTmp'
gmake[1]: Leaving directory '/home/seg/DEV/mpc83xx/src/router/libyang/build/CMakeFiles/CMakeTmp'


File /home/seg/DEV/mpc83xx/src/router/libyang/build/CMakeFiles/CMakeTmp/CheckSymbolExists.c:
/* */
#include <stdlib.h>

int main(int argc, char** argv)
{
  (void)argv;
#ifndef setenv
  return ((int*)(&setenv))[argc];
#else
  (void)argc;
  return 0;
#endif
}
Determining if the include file sys/ioctl.h exists passed with the following output:
Change Dir: /home/seg/DEV/mpc83xx/src/router/libyang/build/CMakeFiles/CMakeTmp

Run Build Command(s):/usr/bin/gmake -f Makefile cmTC_04d1d/fast && gmake[1]: Entering directory '/home/seg/DEV/mpc83xx/src/router/libyang/build/CMakeFiles/CMakeTmp'
make -j 32  -f CMakeFiles/cmTC_04d1d.dir/build.make CMakeFiles/cmTC_04d1d.dir/build
make[2]: Entering directory '/home/seg/DEV/mpc83xx/src/router/libyang/build/CMakeFiles/CMakeTmp'
Building C object CMakeFiles/cmTC_04d1d.dir/CheckIncludeFile.c.o
/xfs/toolchains/toolchain-powerpc_e300c3_gcc-13.1.0_musl/bin/powerpc-linux-uclibc-gcc   -DNDEBUG -O2 -Os -fno-unwind-tables -fno-asynchronous-unwind-tables -pipe -funit-at-a-time -mcpu=e300c3 -mtune=e300c3 -fno-caller-saves -mhard-float   -Os -fno-unwind-tables -fno-asynchronous-unwind-tables -pipe -funit-at-a-time -mcpu=e300c3 -mtune=e300c3 -fno-caller-saves -mhard-float -D_LARGEFILE64_SOURCE -D_FILE_OFFSET_BITS=64 -fno-unwind-tables -fno-asynchronous-unwind-tables -DNDEBUG  -D_NEED_PRINTF -I/home/seg/DEV/mpc83xx/src/router/pcre2/src -Wall -Wextra -Wpedantic -std=c11  -fPIE -o CMakeFiles/cmTC_04d1d.dir/CheckIncludeFile.c.o -c /home/seg/DEV/mpc83xx/src/router/libyang/build/CMakeFiles/CMakeTmp/CheckIncludeFile.c
Linking C executable cmTC_04d1d
/usr/bin/cmake -E cmake_link_script CMakeFiles/cmTC_04d1d.dir/link.txt --verbose=1
/xfs/toolchains/toolchain-powerpc_e300c3_gcc-13.1.0_musl/bin/powerpc-linux-uclibc-gcc -DNDEBUG -O2 -Os -fno-unwind-tables -fno-asynchronous-unwind-tables -pipe -funit-at-a-time -mcpu=e300c3 -mtune=e300c3 -fno-caller-saves -mhard-float   -Os -fno-unwind-tables -fno-asynchronous-unwind-tables -pipe -funit-at-a-time -mcpu=e300c3 -mtune=e300c3 -fno-caller-saves -mhard-float -D_LARGEFILE64_SOURCE -D_FILE_OFFSET_BITS=64 -fno-unwind-tables -fno-asynchronous-unwind-tables -DNDEBUG  -D_NEED_PRINTF -I/home/seg/DEV/mpc83xx/src/router/pcre2/src -Wall -Wextra -Wpedantic -std=c11  -L/home/seg/DEV/mpc83xx/src/router/pcre2/.libs -lpcre2-8 -lpthread  CMakeFiles/cmTC_04d1d.dir/CheckIncludeFile.c.o -o cmTC_04d1d 
make[2]: Leaving directory '/home/seg/DEV/mpc83xx/src/router/libyang/build/CMakeFiles/CMakeTmp'
gmake[1]: Leaving directory '/home/seg/DEV/mpc83xx/src/router/libyang/build/CMakeFiles/CMakeTmp'



