This file contains any messages produced by compilers while
running configure, to aid debugging if configure makes a mistake.

It was created by Jool configure 4.1.11, which was
generated by GNU Autoconf 2.69.  Invocation command line was

  $ ./configure 

## --------- ##
## Platform. ##
## --------- ##

hostname = server2
uname -m = x86_64
uname -r = 6.8.4-rc1-lp155.2.g1089550-default
uname -s = Linux
uname -v = #1 SMP PREEMPT_DYNAMIC Thu Apr  4 07:22:28 UTC 2024 (1089550)

/usr/bin/uname -p = x86_64
/bin/uname -X     = unknown

/bin/arch              = x86_64
/usr/bin/arch -k       = unknown
/usr/convex/getsysinfo = unknown
/usr/bin/hostinfo      = unknown
/bin/machine           = unknown
/usr/bin/oslevel       = unknown
/bin/universe          = unknown

PATH: /xfs/toolchains/toolchain-arm_cortex-a15+neon-vfpv4_gcc-13.2.0_musl_eabi/bin
PATH: /xfs/toolchains/toolchain-arm_cortex-a15+neon-vfpv4_gcc-13.2.0_musl_eabi/bin
PATH: /sbin
PATH: /usr/sbin
PATH: /usr/local/sbin
PATH: /root/bin
PATH: /usr/local/bin
PATH: /usr/bin
PATH: /bin
PATH: /usr/lib/mit/bin
PATH: /usr/lib/mit/sbin


## ----------- ##
## Core tests. ##
## ----------- ##

configure:2220: loading site script /usr/share/site/x86_64-unknown-linux-gnu
| #!/bin/sh
| # Site script for configure. It is resourced via $CONFIG_SITE environment varaible.
| 
| # If user did not specify libdir, guess the correct target:
| # Use lib64 for 64 bit bi-arch targets, keep the default for the rest.
| if test "$libdir" = '${exec_prefix}/lib' ; then
| 
| 	ac_config_site_64bit_host=NONE
| 
| 	case "$host" in
| 	"" )
| 		# User did not specify host target.
| 		# The native platform x86_64 is a bi-arch platform.
| 		# Try to detect cross-compilation to inferior architecture.
| 
| 		# We are trying to guess 32-bit target compilation. It's not as easy as
| 		# it sounds, as there is possible several intermediate combinations.
| 		ac_config_site_cross_to_32bit_host=NONE
| 
| 		# User defined -m32 in CFLAGS or CXXFLAGS or CC or CXX:
| 		# (It's sufficient for 32-bit, but alone may cause mis-behavior of some checks.)
| 		case "$CFLAGS $CXXFLAGS $CC $CXX" in
| 		*-m32*)
| 			ac_config_site_cross_to_32bit_host=YES
| 			;;
| 		esac
| 
| 		# Running with linux32:
| 		# (Changes detected platform, but not the toolchain target.)
| 		case "`/bin/uname -i`" in
| 		x86_64 | ppc64 | s390x | aarch64 )
| 			;;
| 		* )
| 			ac_config_site_cross_to_32bit_host=YES
| 			;;
| 		esac
| 
| 		if test "x$ac_config_site_cross_to_32bit_host" = xNONE; then
| 			ac_config_site_64bit_host=YES
| 		fi
| 
| 		;;
| 	*x86_64* | *ppc64* | *s390x* | *aarch64* )
| 		ac_config_site_64bit_host=YES
| 		;;
| 	esac
| 
| 	if test "x$ac_config_site_64bit_host" = xYES; then
| 		libdir='${exec_prefix}/lib64'
| 	fi
| fi
| 
| # If user did not specify libexecdir, set the correct target:
| # Nor FHS nor openSUSE allow prefix/libexec. Let's default to prefix/lib.
| 
| if test "$libexecdir" = '${exec_prefix}/libexec' ; then
| 	libexecdir='${exec_prefix}/lib'
| fi
| 
| # Continue with the standard behavior of configure defined in AC_SITE_LOAD:
| if test "x$prefix" != xNONE; then
| 	ac_site_file1=$prefix/share/config.site
| 	ac_site_file2=$prefix/etc/config.site
| else
| 	ac_site_file1=$ac_default_prefix/share/config.site
| 	ac_site_file2=$ac_default_prefix/etc/config.site
| fi
| for ac_site_file in "$ac_site_file1" "$ac_site_file2"
| do
| 	test "x$ac_site_file" = xNONE && continue
| 	if test /dev/null != "$ac_site_file" && test -r "$ac_site_file"; then
| 		{ $as_echo "/usr/share/site/x86_64-unknown-linux-gnu:${as_lineno-$LINENO}: loading site script $ac_site_file" >&5
| $as_echo "/usr/share/site/x86_64-unknown-linux-gnu: loading site script $ac_site_file" >&6;}
| 		sed 's/^/| /' "$ac_site_file" >&5
| 		. "$ac_site_file" \
| 			|| { { $as_echo "/usr/share/site/x86_64-unknown-linux-gnu:${as_lineno-$LINENO}: error: in \`$ac_pwd':" >&5
| $as_echo "/usr/share/site/x86_64-unknown-linux-gnu: error: in \`$ac_pwd':" >&2;}
| as_fn_error $? "failed to load site script $ac_site_file
| See \`config.log' for more details" "$LINENO" 5; }
| 	fi
| done
configure:2362: checking for a BSD-compatible install
configure:2430: result: /usr/bin/install -c
configure:2441: checking whether build environment is sane
configure:2496: result: yes
configure:2647: checking for a thread-safe mkdir -p
configure:2686: result: /usr/bin/mkdir -p
configure:2693: checking for gawk
configure:2709: found /usr/bin/gawk
configure:2720: result: gawk
configure:2731: checking whether make sets $(MAKE)
configure:2753: result: yes
configure:2782: checking whether make supports nested variables
configure:2799: result: yes
configure:2976: checking for gcc
configure:2992: found /usr/bin/gcc
configure:3003: result: gcc
configure:3232: checking for C compiler version
configure:3241: gcc --version >&5
gcc (SUSE Linux) 13.2.1 20240206 [revision 67ac78caf31f7cb3202177e6428a46d829b70f23]
Copyright (C) 2023 Free Software Foundation, Inc.
This is free software; see the source for copying conditions.  There is NO
warranty; not even for MERCHANTABILITY or FITNESS FOR A PARTICULAR PURPOSE.

configure:3252: $? = 0
configure:3241: gcc -v >&5
Using built-in specs.
COLLECT_GCC=gcc
COLLECT_LTO_WRAPPER=/usr/lib64/gcc/x86_64-suse-linux/13/lto-wrapper
OFFLOAD_TARGET_NAMES=nvptx-none:amdgcn-amdhsa
OFFLOAD_TARGET_DEFAULT=1
Target: x86_64-suse-linux
Configured with: ../configure CFLAGS=' -fmessage-length=0 -grecord-gcc-switches -O2 -funwind-tables -fasynchronous-unwind-tables -fstack-clash-protection -g' CXXFLAGS=' -fmessage-length=0 -grecord-gcc-switches -O2 -funwind-tables -fasynchronous-unwind-tables -fstack-clash-protection -g' XCFLAGS=' -fmessage-length=0 -grecord-gcc-switches -O2 -funwind-tables -fasynchronous-unwind-tables -fstack-clash-protection -g' TCFLAGS=' -fmessage-length=0 -grecord-gcc-switches -O2 -funwind-tables -fasynchronous-unwind-tables -fstack-clash-protection -g' GDCFLAGS=' -fmessage-length=0 -grecord-gcc-switches -O2 -funwind-tables -fasynchronous-unwind-tables -fstack-clash-protection -g' --prefix=/usr --infodir=/usr/share/info --mandir=/usr/share/man --libdir=/usr/lib64 --libexecdir=/usr/lib64 --enable-languages=c,c++,objc,fortran,obj-c++,ada,go,d,m2 --enable-offload-targets=nvptx-none,amdgcn-amdhsa, --enable-offload-defaulted --without-cuda-driver --enable-checking=release --disable-werror --with-gxx-include-dir=/usr/include/c++/13 --with-libstdcxx-zoneinfo=/usr/share/zoneinfo --enable-ssp --disable-libssp --disable-libvtv --enable-cet=auto --disable-libcc1 --disable-plugin --with-bugurl=https://bugs.opensuse.org/ --with-pkgversion='SUSE Linux' --with-slibdir=/lib64 --with-system-zlib --enable-libstdcxx-allocator=new --disable-libstdcxx-pch --enable-libphobos --enable-version-specific-runtime-libs --with-gcc-major-version-only --enable-linker-build-id --enable-linux-futex --enable-gnu-indirect-function --program-suffix=-13 --without-system-libunwind --enable-multilib --with-arch-32=x86-64 --with-tune=generic --enable-link-serialization --build=x86_64-suse-linux --host=x86_64-suse-linux
Thread model: posix
Supported LTO compression algorithms: zlib
gcc version 13.2.1 20240206 [revision 67ac78caf31f7cb3202177e6428a46d829b70f23] (SUSE Linux) 
configure:3252: $? = 0
configure:3241: gcc -V >&5
gcc: error: unrecognized command-line option '-V'
gcc: fatal error: no input files
compilation terminated.
configure:3252: $? = 1
configure:3241: gcc -qversion >&5
gcc: error: unrecognized command-line option '-qversion'; did you mean '--version'?
gcc: fatal error: no input files
compilation terminated.
configure:3252: $? = 1
configure:3272: checking whether the C compiler works
configure:3294: gcc    conftest.c  >&5
configure:3298: $? = 0
configure:3346: result: yes
configure:3349: checking for C compiler default output file name
configure:3351: result: a.out
configure:3357: checking for suffix of executables
configure:3364: gcc -o conftest    conftest.c  >&5
configure:3368: $? = 0
configure:3390: result: 
configure:3412: checking whether we are cross compiling
configure:3420: gcc -o conftest    conftest.c  >&5
configure:3424: $? = 0
configure:3431: ./conftest
configure:3435: $? = 0
configure:3450: result: no
configure:3455: checking for suffix of object files
configure:3477: gcc -c   conftest.c >&5
configure:3481: $? = 0
configure:3502: result: o
configure:3506: checking whether we are using the GNU C compiler
configure:3525: gcc -c   conftest.c >&5
configure:3525: $? = 0
configure:3534: result: yes
configure:3543: checking whether gcc accepts -g
configure:3563: gcc -c -g  conftest.c >&5
configure:3563: $? = 0
configure:3604: result: yes
configure:3621: checking for gcc option to accept ISO C89
configure:3684: gcc  -c -g -O2  conftest.c >&5
configure:3684: $? = 0
configure:3697: result: none needed
configure:3722: checking whether gcc understands -c and -o together
configure:3744: gcc -c conftest.c -o conftest2.o
configure:3747: $? = 0
configure:3744: gcc -c conftest.c -o conftest2.o
configure:3747: $? = 0
configure:3759: result: yes
configure:3787: checking for style of include used by make
configure:3815: result: GNU
configure:3841: checking dependency style of gcc
configure:3952: result: gcc3
configure:3988: checking how to run the C preprocessor
configure:4019: gcc -E  conftest.c
configure:4019: $? = 0
configure:4033: gcc -E  conftest.c
conftest.c:11:10: fatal error: ac_nonexistent.h: No such file or directory
   11 | #include <ac_nonexistent.h>
      |          ^~~~~~~~~~~~~~~~~~
compilation terminated.
configure:4033: $? = 1
configure: failed program was:
| /* confdefs.h */
| #define PACKAGE_NAME "Jool"
| #define PACKAGE_TARNAME "jool"
| #define PACKAGE_VERSION "4.1.11"
| #define PACKAGE_STRING "Jool 4.1.11"
| #define PACKAGE_BUGREPORT "ydahhrk@gmail.com"
| #define PACKAGE_URL ""
| #define PACKAGE "jool"
| #define VERSION "4.1.11"
| /* end confdefs.h.  */
| #include <ac_nonexistent.h>
configure:4058: result: gcc -E
configure:4078: gcc -E  conftest.c
configure:4078: $? = 0
configure:4092: gcc -E  conftest.c
conftest.c:11:10: fatal error: ac_nonexistent.h: No such file or directory
   11 | #include <ac_nonexistent.h>
      |          ^~~~~~~~~~~~~~~~~~
compilation terminated.
configure:4092: $? = 1
configure: failed program was:
| /* confdefs.h */
| #define PACKAGE_NAME "Jool"
| #define PACKAGE_TARNAME "jool"
| #define PACKAGE_VERSION "4.1.11"
| #define PACKAGE_STRING "Jool 4.1.11"
| #define PACKAGE_BUGREPORT "ydahhrk@gmail.com"
| #define PACKAGE_URL ""
| #define PACKAGE "jool"
| #define VERSION "4.1.11"
| /* end confdefs.h.  */
| #include <ac_nonexistent.h>
configure:4121: checking for grep that handles long lines and -e
configure:4179: result: /usr/bin/grep
configure:4184: checking for egrep
configure:4246: result: /usr/bin/grep -E
configure:4251: checking for ANSI C header files
configure:4271: gcc -c -g -O2  conftest.c >&5
configure:4271: $? = 0
configure:4344: gcc -o conftest -g -O2   conftest.c  >&5
configure:4344: $? = 0
configure:4344: ./conftest
configure:4344: $? = 0
configure:4355: result: yes
configure:4368: checking for sys/types.h
configure:4368: gcc -c -g -O2  conftest.c >&5
configure:4368: $? = 0
configure:4368: result: yes
configure:4368: checking for sys/stat.h
configure:4368: gcc -c -g -O2  conftest.c >&5
configure:4368: $? = 0
configure:4368: result: yes
configure:4368: checking for stdlib.h
configure:4368: gcc -c -g -O2  conftest.c >&5
configure:4368: $? = 0
configure:4368: result: yes
configure:4368: checking for string.h
configure:4368: gcc -c -g -O2  conftest.c >&5
configure:4368: $? = 0
configure:4368: result: yes
configure:4368: checking for memory.h
configure:4368: gcc -c -g -O2  conftest.c >&5
configure:4368: $? = 0
configure:4368: result: yes
configure:4368: checking for strings.h
configure:4368: gcc -c -g -O2  conftest.c >&5
configure:4368: $? = 0
configure:4368: result: yes
configure:4368: checking for inttypes.h
configure:4368: gcc -c -g -O2  conftest.c >&5
configure:4368: $? = 0
configure:4368: result: yes
configure:4368: checking for stdint.h
configure:4368: gcc -c -g -O2  conftest.c >&5
configure:4368: $? = 0
configure:4368: result: yes
configure:4368: checking for unistd.h
configure:4368: gcc -c -g -O2  conftest.c >&5
configure:4368: $? = 0
configure:4368: result: yes
configure:4383: checking arpa/inet.h usability
configure:4383: gcc -c -g -O2  conftest.c >&5
configure:4383: $? = 0
configure:4383: result: yes
configure:4383: checking arpa/inet.h presence
configure:4383: gcc -E  conftest.c
configure:4383: $? = 0
configure:4383: result: yes
configure:4383: checking for arpa/inet.h
configure:4383: result: yes
configure:4383: checking for stdlib.h
configure:4383: result: yes
configure:4383: checking for string.h
configure:4383: result: yes
configure:4383: checking for unistd.h
configure:4383: result: yes
configure:4395: checking for stdbool.h that conforms to C99
configure:4462: gcc -c -g -O2  conftest.c >&5
configure:4462: $? = 0
configure:4469: result: yes
configure:4471: checking for _Bool
configure:4471: gcc -c -g -O2  conftest.c >&5
configure:4471: $? = 0
configure:4471: gcc -c -g -O2  conftest.c >&5
conftest.c: In function 'main':
conftest.c:61:20: error: expected expression before ')' token
   61 | if (sizeof ((_Bool)))
      |                    ^
configure:4471: $? = 1
configure: failed program was:
| /* confdefs.h */
| #define PACKAGE_NAME "Jool"
| #define PACKAGE_TARNAME "jool"
| #define PACKAGE_VERSION "4.1.11"
| #define PACKAGE_STRING "Jool 4.1.11"
| #define PACKAGE_BUGREPORT "ydahhrk@gmail.com"
| #define PACKAGE_URL ""
| #define PACKAGE "jool"
| #define VERSION "4.1.11"
| #define STDC_HEADERS 1
| #define HAVE_SYS_TYPES_H 1
| #define HAVE_SYS_STAT_H 1
| #define HAVE_STDLIB_H 1
| #define HAVE_STRING_H 1
| #define HAVE_MEMORY_H 1
| #define HAVE_STRINGS_H 1
| #define HAVE_INTTYPES_H 1
| #define HAVE_STDINT_H 1
| #define HAVE_UNISTD_H 1
| #define HAVE_ARPA_INET_H 1
| #define HAVE_STDLIB_H 1
| #define HAVE_STRING_H 1
| #define HAVE_UNISTD_H 1
| /* end confdefs.h.  */
| #include <stdio.h>
| #ifdef HAVE_SYS_TYPES_H
| # include <sys/types.h>
| #endif
| #ifdef HAVE_SYS_STAT_H
| # include <sys/stat.h>
| #endif
| #ifdef STDC_HEADERS
| # include <stdlib.h>
| # include <stddef.h>
| #else
| # ifdef HAVE_STDLIB_H
| #  include <stdlib.h>
| # endif
| #endif
| #ifdef HAVE_STRING_H
| # if !defined STDC_HEADERS && defined HAVE_MEMORY_H
| #  include <memory.h>
| # endif
| # include <string.h>
| #endif
| #ifdef HAVE_STRINGS_H
| # include <strings.h>
| #endif
| #ifdef HAVE_INTTYPES_H
| # include <inttypes.h>
| #endif
| #ifdef HAVE_STDINT_H
| # include <stdint.h>
| #endif
| #ifdef HAVE_UNISTD_H
| # include <unistd.h>
| #endif
| int
| main ()
| {
| if (sizeof ((_Bool)))
| 	    return 0;
|   ;
|   return 0;
| }
configure:4471: result: yes
configure:4487: checking for inet_ntoa
configure:4487: gcc -o conftest -g -O2   conftest.c  >&5
configure:4487: $? = 0
configure:4487: result: yes
configure:4487: checking for memset
configure:4487: gcc -o conftest -g -O2   conftest.c  >&5
conftest.c:50:6: warning: conflicting types for built-in function 'memset'; expected 'void *(void *, int,  long unsigned int)' [-Wbuiltin-declaration-mismatch]
   50 | char memset ();
      |      ^~~~~~
conftest.c:38:1: note: 'memset' is declared in header '<string.h>'
   37 | # include <limits.h>
   38 | #else
configure:4487: $? = 0
configure:4487: result: yes
configure:4487: checking for strcasecmp
configure:4487: gcc -o conftest -g -O2   conftest.c  >&5
conftest.c:51:6: warning: conflicting types for built-in function 'strcasecmp'; expected 'int(const char *, const char *)' [-Wbuiltin-declaration-mismatch]
   51 | char strcasecmp ();
      |      ^~~~~~~~~~
configure:4487: $? = 0
configure:4487: result: yes
configure:4487: checking for strtol
configure:4487: gcc -o conftest -g -O2   conftest.c  >&5
configure:4487: $? = 0
configure:4487: result: yes
configure:4487: checking for pow
configure:4487: gcc -o conftest -g -O2   conftest.c  >&5
conftest.c:53:6: warning: conflicting types for built-in function 'pow'; expected 'double(double,  double)' [-Wbuiltin-declaration-mismatch]
   53 | char pow ();
      |      ^~~
conftest.c:41:1: note: 'pow' is declared in header '<math.h>'
   40 | # include <limits.h>
   41 | #else
/usr/lib64/gcc/x86_64-suse-linux/13/../../../../x86_64-suse-linux/bin/ld: /tmp/ccHMZ8wv.o: in function `main':
/xfs/openwrt/nss-opt/Jool/conftest.c:64:(.text.startup+0x7): undefined reference to `pow'
collect2: error: ld returned 1 exit status
configure:4487: $? = 1
configure: failed program was:
| /* confdefs.h */
| #define PACKAGE_NAME "Jool"
| #define PACKAGE_TARNAME "jool"
| #define PACKAGE_VERSION "4.1.11"
| #define PACKAGE_STRING "Jool 4.1.11"
| #define PACKAGE_BUGREPORT "ydahhrk@gmail.com"
| #define PACKAGE_URL ""
| #define PACKAGE "jool"
| #define VERSION "4.1.11"
| #define STDC_HEADERS 1
| #define HAVE_SYS_TYPES_H 1
| #define HAVE_SYS_STAT_H 1
| #define HAVE_STDLIB_H 1
| #define HAVE_STRING_H 1
| #define HAVE_MEMORY_H 1
| #define HAVE_STRINGS_H 1
| #define HAVE_INTTYPES_H 1
| #define HAVE_STDINT_H 1
| #define HAVE_UNISTD_H 1
| #define HAVE_ARPA_INET_H 1
| #define HAVE_STDLIB_H 1
| #define HAVE_STRING_H 1
| #define HAVE_UNISTD_H 1
| #define HAVE__BOOL 1
| #define HAVE_INET_NTOA 1
| #define HAVE_MEMSET 1
| #define HAVE_STRCASECMP 1
| #define HAVE_STRTOL 1
| /* end confdefs.h.  */
| /* Define pow to an innocuous variant, in case <limits.h> declares pow.
|    For example, HP-UX 11i <limits.h> declares gettimeofday.  */
| #define pow innocuous_pow
| 
| /* System header to define __stub macros and hopefully few prototypes,
|     which can conflict with char pow (); below.
|     Prefer <limits.h> to <assert.h> if __STDC__ is defined, since
|     <limits.h> exists even on freestanding compilers.  */
| 
| #ifdef __STDC__
| # include <limits.h>
| #else
| # include <assert.h>
| #endif
| 
| #undef pow
| 
| /* Override any GCC internal prototype to avoid an error.
|    Use char because int might match the return type of a GCC
|    builtin and then its argument prototype would still apply.  */
| #ifdef __cplusplus
| extern "C"
| #endif
| char pow ();
| /* The GNU C library defines this for functions which it implements
|     to always fail with ENOSYS.  Some functions are actually named
|     something starting with __ and the normal name is an alias.  */
| #if defined __stub_pow || defined __stub___pow
| choke me
| #endif
| 
| int
| main ()
| {
| return pow ();
|   ;
|   return 0;
| }
configure:4487: result: no
configure:4496: checking for library containing pow
configure:4527: gcc -o conftest -g -O2   conftest.c  >&5
conftest.c:37:6: warning: conflicting types for built-in function 'pow'; expected 'double(double,  double)' [-Wbuiltin-declaration-mismatch]
   37 | char pow ();
      |      ^~~
conftest.c:1:1: note: 'pow' is declared in header '<math.h>'
    1 | /* confdefs.h */
/usr/lib64/gcc/x86_64-suse-linux/13/../../../../x86_64-suse-linux/bin/ld: /tmp/ccfvvW6L.o: in function `main':
/xfs/openwrt/nss-opt/Jool/conftest.c:41:(.text.startup+0x7): undefined reference to `pow'
collect2: error: ld returned 1 exit status
configure:4527: $? = 1
configure: failed program was:
| /* confdefs.h */
| #define PACKAGE_NAME "Jool"
| #define PACKAGE_TARNAME "jool"
| #define PACKAGE_VERSION "4.1.11"
| #define PACKAGE_STRING "Jool 4.1.11"
| #define PACKAGE_BUGREPORT "ydahhrk@gmail.com"
| #define PACKAGE_URL ""
| #define PACKAGE "jool"
| #define VERSION "4.1.11"
| #define STDC_HEADERS 1
| #define HAVE_SYS_TYPES_H 1
| #define HAVE_SYS_STAT_H 1
| #define HAVE_STDLIB_H 1
| #define HAVE_STRING_H 1
| #define HAVE_MEMORY_H 1
| #define HAVE_STRINGS_H 1
| #define HAVE_INTTYPES_H 1
| #define HAVE_STDINT_H 1
| #define HAVE_UNISTD_H 1
| #define HAVE_ARPA_INET_H 1
| #define HAVE_STDLIB_H 1
| #define HAVE_STRING_H 1
| #define HAVE_UNISTD_H 1
| #define HAVE__BOOL 1
| #define HAVE_INET_NTOA 1
| #define HAVE_MEMSET 1
| #define HAVE_STRCASECMP 1
| #define HAVE_STRTOL 1
| /* end confdefs.h.  */
| 
| /* Override any GCC internal prototype to avoid an error.
|    Use char because int might match the return type of a GCC
|    builtin and then its argument prototype would still apply.  */
| #ifdef __cplusplus
| extern "C"
| #endif
| char pow ();
| int
| main ()
| {
| return pow ();
|   ;
|   return 0;
| }
configure:4527: gcc -o conftest -g -O2   conftest.c -lm   >&5
conftest.c:37:6: warning: conflicting types for built-in function 'pow'; expected 'double(double,  double)' [-Wbuiltin-declaration-mismatch]
   37 | char pow ();
      |      ^~~
conftest.c:1:1: note: 'pow' is declared in header '<math.h>'
    1 | /* confdefs.h */
configure:4527: $? = 0
configure:4544: result: -lm
configure:4552: checking for library containing pthread_create
configure:4583: gcc -o conftest -g -O2   conftest.c -lm  >&5
configure:4583: $? = 0
configure:4600: result: none required
configure:4608: checking for argp_parse in -largp
configure:4633: gcc -o conftest -g -O2   conftest.c -largp  -lm  >&5
/usr/lib64/gcc/x86_64-suse-linux/13/../../../../x86_64-suse-linux/bin/ld: cannot find -largp: No such file or directory
collect2: error: ld returned 1 exit status
configure:4633: $? = 1
configure: failed program was:
| /* confdefs.h */
| #define PACKAGE_NAME "Jool"
| #define PACKAGE_TARNAME "jool"
| #define PACKAGE_VERSION "4.1.11"
| #define PACKAGE_STRING "Jool 4.1.11"
| #define PACKAGE_BUGREPORT "ydahhrk@gmail.com"
| #define PACKAGE_URL ""
| #define PACKAGE "jool"
| #define VERSION "4.1.11"
| #define STDC_HEADERS 1
| #define HAVE_SYS_TYPES_H 1
| #define HAVE_SYS_STAT_H 1
| #define HAVE_STDLIB_H 1
| #define HAVE_STRING_H 1
| #define HAVE_MEMORY_H 1
| #define HAVE_STRINGS_H 1
| #define HAVE_INTTYPES_H 1
| #define HAVE_STDINT_H 1
| #define HAVE_UNISTD_H 1
| #define HAVE_ARPA_INET_H 1
| #define HAVE_STDLIB_H 1
| #define HAVE_STRING_H 1
| #define HAVE_UNISTD_H 1
| #define HAVE__BOOL 1
| #define HAVE_INET_NTOA 1
| #define HAVE_MEMSET 1
| #define HAVE_STRCASECMP 1
| #define HAVE_STRTOL 1
| /* end confdefs.h.  */
| 
| /* Override any GCC internal prototype to avoid an error.
|    Use char because int might match the return type of a GCC
|    builtin and then its argument prototype would still apply.  */
| #ifdef __cplusplus
| extern "C"
| #endif
| char argp_parse ();
| int
| main ()
| {
| return argp_parse ();
|   ;
|   return 0;
| }
configure:4642: result: no
configure:4709: checking for pkg-config
configure:4727: found /usr/bin/pkg-config
configure:4739: result: /usr/bin/pkg-config
configure:4764: checking pkg-config is at least version 0.9.0
configure:4767: result: yes
configure:4777: checking for libnl-genl-3.0 >= 3.2.22
configure:4784: $PKG_CONFIG --exists --print-errors "libnl-genl-3.0 >= 3.2.22"
Package libnl-genl-3.0 was not found in the pkg-config search path.
Perhaps you should add the directory containing `libnl-genl-3.0.pc'
to the PKG_CONFIG_PATH environment variable
No package 'libnl-genl-3.0' found
configure:4787: $? = 1
configure:4801: $PKG_CONFIG --exists --print-errors "libnl-genl-3.0 >= 3.2.22"
Package libnl-genl-3.0 was not found in the pkg-config search path.
Perhaps you should add the directory containing `libnl-genl-3.0.pc'
to the PKG_CONFIG_PATH environment variable
No package 'libnl-genl-3.0' found
configure:4804: $? = 1
configure:4818: result: no
No package 'libnl-genl-3.0' found
configure:4834: error: Package requirements (libnl-genl-3.0 >= 3.2.22) were not met:

No package 'libnl-genl-3.0' found

Consider adjusting the PKG_CONFIG_PATH environment variable if you
installed software in a non-standard prefix.

Alternatively, you may set the environment variables LIBNLGENL3_CFLAGS
and LIBNLGENL3_LIBS to avoid the need to call pkg-config.
See the pkg-config man page for more details.

## ---------------- ##
## Cache variables. ##
## ---------------- ##

ac_cv_c_compiler_gnu=yes
ac_cv_env_BASH_COMPLETION_CFLAGS_set=
ac_cv_env_BASH_COMPLETION_CFLAGS_value=
ac_cv_env_BASH_COMPLETION_LIBS_set=
ac_cv_env_BASH_COMPLETION_LIBS_value=
ac_cv_env_CC_set=
ac_cv_env_CC_value=
ac_cv_env_CFLAGS_set=
ac_cv_env_CFLAGS_value=
ac_cv_env_CPPFLAGS_set=
ac_cv_env_CPPFLAGS_value=
ac_cv_env_CPP_set=
ac_cv_env_CPP_value=
ac_cv_env_LDFLAGS_set=
ac_cv_env_LDFLAGS_value=
ac_cv_env_LIBNLGENL3_CFLAGS_set=
ac_cv_env_LIBNLGENL3_CFLAGS_value=
ac_cv_env_LIBNLGENL3_LIBS_set=
ac_cv_env_LIBNLGENL3_LIBS_value=
ac_cv_env_LIBS_set=
ac_cv_env_LIBS_value=
ac_cv_env_LT_SYS_LIBRARY_PATH_set=
ac_cv_env_LT_SYS_LIBRARY_PATH_value=
ac_cv_env_PKG_CONFIG_LIBDIR_set=
ac_cv_env_PKG_CONFIG_LIBDIR_value=
ac_cv_env_PKG_CONFIG_PATH_set=
ac_cv_env_PKG_CONFIG_PATH_value=
ac_cv_env_PKG_CONFIG_set=
ac_cv_env_PKG_CONFIG_value=
ac_cv_env_XTABLES_CFLAGS_set=
ac_cv_env_XTABLES_CFLAGS_value=
ac_cv_env_XTABLES_LIBS_set=
ac_cv_env_XTABLES_LIBS_value=
ac_cv_env_build_alias_set=
ac_cv_env_build_alias_value=
ac_cv_env_host_alias_set=
ac_cv_env_host_alias_value=
ac_cv_env_target_alias_set=
ac_cv_env_target_alias_value=
ac_cv_func_inet_ntoa=yes
ac_cv_func_memset=yes
ac_cv_func_pow=no
ac_cv_func_strcasecmp=yes
ac_cv_func_strtol=yes
ac_cv_header_arpa_inet_h=yes
ac_cv_header_inttypes_h=yes
ac_cv_header_memory_h=yes
ac_cv_header_stdbool_h=yes
ac_cv_header_stdc=yes
ac_cv_header_stdint_h=yes
ac_cv_header_stdlib_h=yes
ac_cv_header_string_h=yes
ac_cv_header_strings_h=yes
ac_cv_header_sys_stat_h=yes
ac_cv_header_sys_types_h=yes
ac_cv_header_unistd_h=yes
ac_cv_lib_argp_argp_parse=no
ac_cv_objext=o
ac_cv_path_EGREP='/usr/bin/grep -E'
ac_cv_path_GREP=/usr/bin/grep
ac_cv_path_ac_pt_PKG_CONFIG=/usr/bin/pkg-config
ac_cv_path_install='/usr/bin/install -c'
ac_cv_path_mkdir=/usr/bin/mkdir
ac_cv_prog_AWK=gawk
ac_cv_prog_CPP='gcc -E'
ac_cv_prog_ac_ct_CC=gcc
ac_cv_prog_cc_c89=
ac_cv_prog_cc_g=yes
ac_cv_prog_make_make_set=yes
ac_cv_search_pow=-lm
ac_cv_search_pthread_create='none required'
ac_cv_type__Bool=yes
am_cv_CC_dependencies_compiler_type=gcc3
am_cv_make_support_nested_variables=yes
am_cv_prog_cc_c_o=yes

## ----------------- ##
## Output variables. ##
## ----------------- ##

ACLOCAL='${SHELL} /xfs/openwrt/nss-opt/Jool/missing aclocal-1.15'
AMDEPBACKSLASH='\'
AMDEP_FALSE='#'
AMDEP_TRUE=''
AMTAR='$${TAR-tar}'
AM_BACKSLASH='\'
AM_DEFAULT_V='$(AM_DEFAULT_VERBOSITY)'
AM_DEFAULT_VERBOSITY='1'
AM_V='$(V)'
AR=''
AUTOCONF='${SHELL} /xfs/openwrt/nss-opt/Jool/missing autoconf'
AUTOHEADER='${SHELL} /xfs/openwrt/nss-opt/Jool/missing autoheader'
AUTOMAKE='${SHELL} /xfs/openwrt/nss-opt/Jool/missing automake-1.15'
AWK='gawk'
BASH_COMPLETION_CFLAGS=''
BASH_COMPLETION_DIR=''
BASH_COMPLETION_LIBS=''
CC='gcc'
CCDEPMODE='depmode=gcc3'
CFLAGS='-g -O2'
CPP='gcc -E'
CPPFLAGS=''
CYGPATH_W='echo'
DEFS=''
DEPDIR='.deps'
DLLTOOL=''
DSYMUTIL=''
DUMPBIN=''
ECHO_C=''
ECHO_N='-n'
ECHO_T=''
EGREP='/usr/bin/grep -E'
ENABLE_BASH_COMPLETION_FALSE=''
ENABLE_BASH_COMPLETION_TRUE=''
EXEEXT=''
FGREP=''
GREP='/usr/bin/grep'
INSTALL_DATA='${INSTALL} -m 644'
INSTALL_PROGRAM='${INSTALL}'
INSTALL_SCRIPT='${INSTALL}'
INSTALL_STRIP_PROGRAM='$(install_sh) -c -s'
LD=''
LDFLAGS=''
LIBNLGENL3_CFLAGS=''
LIBNLGENL3_LIBS=''
LIBOBJS=''
LIBS='-lm '
LIBTOOL=''
LIPO=''
LN_S=''
LTLIBOBJS=''
LT_SYS_LIBRARY_PATH=''
MAKEINFO='${SHELL} /xfs/openwrt/nss-opt/Jool/missing makeinfo'
MANIFEST_TOOL=''
MKDIR_P='/usr/bin/mkdir -p'
NM=''
NMEDIT=''
OBJDUMP=''
OBJEXT='o'
OTOOL64=''
OTOOL=''
PACKAGE='jool'
PACKAGE_BUGREPORT='ydahhrk@gmail.com'
PACKAGE_NAME='Jool'
PACKAGE_STRING='Jool 4.1.11'
PACKAGE_TARNAME='jool'
PACKAGE_URL=''
PACKAGE_VERSION='4.1.11'
PATH_SEPARATOR=':'
PKG_CONFIG='/usr/bin/pkg-config'
PKG_CONFIG_LIBDIR=''
PKG_CONFIG_PATH=''
RANLIB=''
SED=''
SET_MAKE=''
SHELL='/bin/sh'
STRIP=''
VERSION='4.1.11'
WARNINGCFLAGS='-Wall -pedantic -std=gnu11'
XTABLES_CFLAGS=''
XTABLES_ENABLED_FALSE=''
XTABLES_ENABLED_TRUE=''
XTABLES_LIBS=''
ac_ct_AR=''
ac_ct_CC='gcc'
ac_ct_DUMPBIN=''
am__EXEEXT_FALSE=''
am__EXEEXT_TRUE=''
am__fastdepCC_FALSE='#'
am__fastdepCC_TRUE=''
am__include='include'
am__isrc=''
am__leading_dot='.'
am__nodep='_no'
am__quote=''
am__tar='$${TAR-tar} chof - "$$tardir"'
am__untar='$${TAR-tar} xf -'
bindir='${exec_prefix}/bin'
build=''
build_alias=''
build_cpu=''
build_os=''
build_vendor=''
datadir='${datarootdir}'
datarootdir='${prefix}/share'
docdir='${datarootdir}/doc/${PACKAGE_TARNAME}'
dvidir='${docdir}'
exec_prefix='NONE'
host=''
host_alias=''
host_cpu=''
host_os=''
host_vendor=''
htmldir='${docdir}'
includedir='${prefix}/include'
infodir='${datarootdir}/info'
install_sh='${SHELL} /xfs/openwrt/nss-opt/Jool/install-sh'
libdir='${exec_prefix}/lib64'
libexecdir='${exec_prefix}/lib'
localedir='${datarootdir}/locale'
localstatedir='${prefix}/var'
mandir='${datarootdir}/man'
mkdir_p='$(MKDIR_P)'
oldincludedir='/usr/include'
pdfdir='${docdir}'
prefix='NONE'
program_transform_name='s,x,x,'
psdir='${docdir}'
sbindir='${exec_prefix}/sbin'
sharedstatedir='${prefix}/com'
sysconfdir='${prefix}/etc'
target_alias=''

## ----------- ##
## confdefs.h. ##
## ----------- ##

/* confdefs.h */
#define PACKAGE_NAME "Jool"
#define PACKAGE_TARNAME "jool"
#define PACKAGE_VERSION "4.1.11"
#define PACKAGE_STRING "Jool 4.1.11"
#define PACKAGE_BUGREPORT "ydahhrk@gmail.com"
#define PACKAGE_URL ""
#define PACKAGE "jool"
#define VERSION "4.1.11"
#define STDC_HEADERS 1
#define HAVE_SYS_TYPES_H 1
#define HAVE_SYS_STAT_H 1
#define HAVE_STDLIB_H 1
#define HAVE_STRING_H 1
#define HAVE_MEMORY_H 1
#define HAVE_STRINGS_H 1
#define HAVE_INTTYPES_H 1
#define HAVE_STDINT_H 1
#define HAVE_UNISTD_H 1
#define HAVE_ARPA_INET_H 1
#define HAVE_STDLIB_H 1
#define HAVE_STRING_H 1
#define HAVE_UNISTD_H 1
#define HAVE__BOOL 1
#define HAVE_INET_NTOA 1
#define HAVE_MEMSET 1
#define HAVE_STRCASECMP 1
#define HAVE_STRTOL 1

configure: exit 1
