This file contains any messages produced by compilers while
running configure, to aid debugging if configure makes a mistake.

configure:588: checking for a BSD compatible install
configure:641: checking whether build environment is sane
configure:698: checking whether make sets ${MAKE}
configure:744: checking for working aclocal
configure:757: checking for working autoconf
configure:770: checking for working automake
configure:783: checking for working autoheader
configure:796: checking for working makeinfo
configure:826: checking host system type
configure:852: checking for gcc
configure:965: checking whether the C compiler (gcc  ) works
configure:981: gcc -o conftest    conftest.c  1>&5
configure:1007: checking whether the C compiler (gcc  ) is a cross-compiler
configure:1012: checking whether we are using GNU C
configure:1021: gcc -E conftest.c
configure:1040: checking whether gcc accepts -g
configure:1078: checking how to run the C preprocessor
configure:1099: gcc -E  conftest.c >/dev/null 2>conftest.out
configure:1169: checking for a BSD compatible install
configure:1222: checking whether make sets ${MAKE}
configure:1249: checking build system type
configure:1275: checking for ar
configure:1307: checking for ranlib
configure:1373: checking for AIX
configure:1540: checking for ANSI C header files
configure:1553: gcc -E  conftest.c >/dev/null 2>conftest.out
configure:1620: gcc -o conftest -g -O2 -Wall   conftest.c  1>&5
configure: In function `main':
configure:1615: warning: implicit declaration of function `exit'
configure:1647: checking for string.h
configure:1657: gcc -E  conftest.c >/dev/null 2>conftest.out
configure:1647: checking for stropts.h
configure:1657: gcc -E  conftest.c >/dev/null 2>conftest.out
configure:1647: checking for sys/conf.h
configure:1657: gcc -E  conftest.c >/dev/null 2>conftest.out
configure:1653:22: sys/conf.h: No such file or directory
configure: failed program was:
#line 1652 "configure"
#include "confdefs.h"
#include <sys/conf.h>
configure:1647: checking for sys/ksym.h
configure:1657: gcc -E  conftest.c >/dev/null 2>conftest.out
configure:1653:22: sys/ksym.h: No such file or directory
configure: failed program was:
#line 1652 "configure"
#include "confdefs.h"
#include <sys/ksym.h>
configure:1647: checking for sys/time.h
configure:1657: gcc -E  conftest.c >/dev/null 2>conftest.out
configure:1647: checking for sys/times.h
configure:1657: gcc -E  conftest.c >/dev/null 2>conftest.out
configure:1647: checking for sys/select.h
configure:1657: gcc -E  conftest.c >/dev/null 2>conftest.out
configure:1647: checking for sys/sysctl.h
configure:1657: gcc -E  conftest.c >/dev/null 2>conftest.out
configure:1647: checking for sys/sockio.h
configure:1657: gcc -E  conftest.c >/dev/null 2>conftest.out
configure:1653:24: sys/sockio.h: No such file or directory
configure: failed program was:
#line 1652 "configure"
#include "confdefs.h"
#include <sys/sockio.h>
configure:1647: checking for sys/types.h
configure:1657: gcc -E  conftest.c >/dev/null 2>conftest.out
configure:1647: checking for net/if_dl.h
configure:1657: gcc -E  conftest.c >/dev/null 2>conftest.out
configure:1653:23: net/if_dl.h: No such file or directory
configure: failed program was:
#line 1652 "configure"
#include "confdefs.h"
#include <net/if_dl.h>
configure:1647: checking for net/if_var.h
configure:1657: gcc -E  conftest.c >/dev/null 2>conftest.out
configure:1653:24: net/if_var.h: No such file or directory
configure: failed program was:
#line 1652 "configure"
#include "confdefs.h"
#include <net/if_var.h>
configure:1647: checking for linux/version.h
configure:1657: gcc -E  conftest.c >/dev/null 2>conftest.out
configure:1647: checking for kvm.h
configure:1657: gcc -E  conftest.c >/dev/null 2>conftest.out
configure:1653:17: kvm.h: No such file or directory
configure: failed program was:
#line 1652 "configure"
#include "confdefs.h"
#include <kvm.h>
configure:1647: checking for netdb.h
configure:1657: gcc -E  conftest.c >/dev/null 2>conftest.out
configure:1647: checking for netinet/in.h
configure:1657: gcc -E  conftest.c >/dev/null 2>conftest.out
configure:1647: checking for net/netopt.h
configure:1657: gcc -E  conftest.c >/dev/null 2>conftest.out
configure:1653:24: net/netopt.h: No such file or directory
configure: failed program was:
#line 1652 "configure"
#include "confdefs.h"
#include <net/netopt.h>
configure:1647: checking for netinet/in_var.h
configure:1657: gcc -E  conftest.c >/dev/null 2>conftest.out
configure:1653:28: netinet/in_var.h: No such file or directory
configure: failed program was:
#line 1652 "configure"
#include "confdefs.h"
#include <netinet/in_var.h>
configure:1647: checking for netinet/in6_var.h
configure:1657: gcc -E  conftest.c >/dev/null 2>conftest.out
configure:1653:29: netinet/in6_var.h: No such file or directory
configure: failed program was:
#line 1652 "configure"
#include "confdefs.h"
#include <netinet/in6_var.h>
configure:1647: checking for netinet/in6.h
configure:1657: gcc -E  conftest.c >/dev/null 2>conftest.out
configure:1653:25: netinet/in6.h: No such file or directory
configure: failed program was:
#line 1652 "configure"
#include "confdefs.h"
#include <netinet/in6.h>
configure:1647: checking for inet/nd.h
configure:1657: gcc -E  conftest.c >/dev/null 2>conftest.out
configure:1653:21: inet/nd.h: No such file or directory
configure: failed program was:
#line 1652 "configure"
#include "confdefs.h"
#include <inet/nd.h>
configure:1647: checking for asm/types.h
configure:1657: gcc -E  conftest.c >/dev/null 2>conftest.out
configure:1647: checking for linux/rtnetlink.h
configure:1657: gcc -E  conftest.c >/dev/null 2>conftest.out
configure:1647: checking for netinet/icmp6.h
configure:1657: gcc -E  conftest.c >/dev/null 2>conftest.out
configure:1647: checking for libutil.h
configure:1657: gcc -E  conftest.c >/dev/null 2>conftest.out
configure:1653:21: libutil.h: No such file or directory
configure: failed program was:
#line 1652 "configure"
#include "confdefs.h"
#include <libutil.h>
configure:1685: checking for working const
configure:1739: gcc -c -g -O2 -Wall  conftest.c 1>&5
configure: In function `main':
configure:1713: warning: unused variable `s'
configure:1733: warning: unused variable `foo'
configure:1701: warning: unused variable `zero'
configure:1695: warning: unused variable `x'
configure:1712: warning: `t' might be used uninitialized in this function
configure:1730: warning: `b' might be used uninitialized in this function
configure:1760: checking return type of signal handlers
configure:1782: gcc -c -g -O2 -Wall  conftest.c 1>&5
configure: In function `main':
configure:1778: warning: unused variable `i'
configure:2495: checking whether byte ordering is bigendian
configure:2513: gcc -c -g -O2 -Wall  conftest.c 1>&5
configure:2528: gcc -c -g -O2 -Wall  conftest.c 1>&5
configure: In function `main':
configure:2523: `not' undeclared (first use in this function)
configure:2523: (Each undeclared identifier is reported only once
configure:2523: for each function it appears in.)
configure:2523: parse error before `big'
configure: failed program was:
#line 2517 "configure"
#include "confdefs.h"
#include <sys/types.h>
#include <sys/param.h>
int main() {

#if BYTE_ORDER != BIG_ENDIAN
 not big endian
#endif
; return 0; }
configure:2589: checking for bcopy
configure:2617: gcc -o conftest -g -O2 -Wall   conftest.c  1>&5
configure:2589: checking for bzero
configure:2617: gcc -o conftest -g -O2 -Wall   conftest.c  1>&5
configure:2601: warning: conflicting types for built-in function `bzero'
configure:2589: checking for strerror
configure:2617: gcc -o conftest -g -O2 -Wall   conftest.c  1>&5
configure:2589: checking for inet_aton
configure:2617: gcc -o conftest -g -O2 -Wall   conftest.c  1>&5
configure:2589: checking for daemon
configure:2617: gcc -o conftest -g -O2 -Wall   conftest.c  1>&5
configure:2589: checking for snprintf
configure:2617: gcc -o conftest -g -O2 -Wall   conftest.c  1>&5
configure:2589: checking for vsnprintf
configure:2617: gcc -o conftest -g -O2 -Wall   conftest.c  1>&5
configure:2589: checking for strlcat
configure:2617: gcc -o conftest -g -O2 -Wall   conftest.c  1>&5
/tmp/ccFINdo2.o: In function `main':
/home/sparq/broadcom/patch.2/cvs/linux-router/src/router/zebra/configure:2611: undefined reference to `strlcat'
collect2: ld returned 1 exit status
configure: failed program was:
#line 2594 "configure"
#include "confdefs.h"
/* System header to define __stub macros and hopefully few prototypes,
    which can conflict with char strlcat(); below.  */
#include <assert.h>
/* Override any gcc2 internal prototype to avoid an error.  */
/* We use char because int might match the return type of a gcc2
    builtin and then its argument prototype would still apply.  */
char strlcat();

int main() {

/* The GNU C library defines this for functions which it implements
    to always fail with ENOSYS.  Some functions are actually named
    something starting with __ and the normal name is an alias.  */
#if defined (__stub_strlcat) || defined (__stub___strlcat)
choke me
#else
strlcat();
#endif

; return 0; }
configure:2589: checking for strlcpy
configure:2617: gcc -o conftest -g -O2 -Wall   conftest.c  1>&5
/tmp/ccTMolvg.o: In function `main':
/home/sparq/broadcom/patch.2/cvs/linux-router/src/router/zebra/configure:2611: undefined reference to `strlcpy'
collect2: ld returned 1 exit status
configure: failed program was:
#line 2594 "configure"
#include "confdefs.h"
/* System header to define __stub macros and hopefully few prototypes,
    which can conflict with char strlcpy(); below.  */
#include <assert.h>
/* Override any gcc2 internal prototype to avoid an error.  */
/* We use char because int might match the return type of a gcc2
    builtin and then its argument prototype would still apply.  */
char strlcpy();

int main() {

/* The GNU C library defines this for functions which it implements
    to always fail with ENOSYS.  Some functions are actually named
    something starting with __ and the normal name is an alias.  */
#if defined (__stub_strlcpy) || defined (__stub___strlcpy)
choke me
#else
strlcpy();
#endif

; return 0; }
configure:2589: checking for if_nametoindex
configure:2617: gcc -o conftest -g -O2 -Wall   conftest.c  1>&5
configure:2589: checking for if_indextoname
configure:2617: gcc -o conftest -g -O2 -Wall   conftest.c  1>&5
configure:2589: checking for getifaddrs
configure:2617: gcc -o conftest -g -O2 -Wall   conftest.c  1>&5
/tmp/ccIWnj7s.o: In function `main':
/home/sparq/broadcom/patch.2/cvs/linux-router/src/router/zebra/configure:2611: undefined reference to `getifaddrs'
collect2: ld returned 1 exit status
configure: failed program was:
#line 2594 "configure"
#include "confdefs.h"
/* System header to define __stub macros and hopefully few prototypes,
    which can conflict with char getifaddrs(); below.  */
#include <assert.h>
/* Override any gcc2 internal prototype to avoid an error.  */
/* We use char because int might match the return type of a gcc2
    builtin and then its argument prototype would still apply.  */
char getifaddrs();

int main() {

/* The GNU C library defines this for functions which it implements
    to always fail with ENOSYS.  Some functions are actually named
    something starting with __ and the normal name is an alias.  */
#if defined (__stub_getifaddrs) || defined (__stub___getifaddrs)
choke me
#else
getifaddrs();
#endif

; return 0; }
configure:2644: checking for setproctitle
configure:2672: gcc -o conftest -g -O2 -Wall   conftest.c  1>&5
/tmp/ccUfdhdH.o: In function `main':
/home/sparq/broadcom/patch.2/cvs/linux-router/src/router/zebra/configure:2666: undefined reference to `setproctitle'
collect2: ld returned 1 exit status
configure: failed program was:
#line 2649 "configure"
#include "confdefs.h"
/* System header to define __stub macros and hopefully few prototypes,
    which can conflict with char setproctitle(); below.  */
#include <assert.h>
/* Override any gcc2 internal prototype to avoid an error.  */
/* We use char because int might match the return type of a gcc2
    builtin and then its argument prototype would still apply.  */
char setproctitle();

int main() {

/* The GNU C library defines this for functions which it implements
    to always fail with ENOSYS.  Some functions are actually named
    something starting with __ and the normal name is an alias.  */
#if defined (__stub_setproctitle) || defined (__stub___setproctitle)
choke me
#else
setproctitle();
#endif

; return 0; }
configure:2694: checking for setproctitle in -lutil
configure:2713: gcc -o conftest -g -O2 -Wall   conftest.c -lutil   1>&5
/tmp/cctzE1hX.o: In function `main':
/home/sparq/broadcom/patch.2/cvs/linux-router/src/router/zebra/configure:2709: undefined reference to `setproctitle'
collect2: ld returned 1 exit status
configure: failed program was:
#line 2702 "configure"
#include "confdefs.h"
/* Override any gcc2 internal prototype to avoid an error.  */
/* We use char because int might match the return type of a gcc2
    builtin and then its argument prototype would still apply.  */
char setproctitle();

int main() {
setproctitle()
; return 0; }
configure:2741: checking zebra between kernel interface method
configure:2840: checking route read method check
configure:2867: checking interface looking up method
configure:2910: checking ipforward method check
configure:2939: checking for getaddrinfo
configure:2967: gcc -o conftest -g -O2 -Wall   conftest.c  1>&5
configure:2994: checking whether does this OS have IPv6 stack
configure:3181: checking for inet_ntop in -lc
configure:3200: gcc -o conftest -g -O2 -Wall   conftest.c -lc   1>&5
configure:3224: checking for inet_pton in -lc
configure:3243: gcc -o conftest -g -O2 -Wall   conftest.c -lc   1>&5
configure:3267: checking for crypt in -lcrypt
configure:3286: gcc -o conftest -g -O2 -Wall   conftest.c -lcrypt   1>&5
configure:3314: checking for res_init in -lresolv
configure:3333: gcc -o conftest -g -O2 -Wall   conftest.c -lresolv  -lcrypt  1>&5
/tmp/cc4fx7ro.o: In function `main':
/home/sparq/broadcom/patch.2/cvs/linux-router/src/router/zebra/configure:3329: undefined reference to `res_init'
collect2: ld returned 1 exit status
configure: failed program was:
#line 3322 "configure"
#include "confdefs.h"
/* Override any gcc2 internal prototype to avoid an error.  */
/* We use char because int might match the return type of a gcc2
    builtin and then its argument prototype would still apply.  */
char res_init();

int main() {
res_init()
; return 0; }
configure:3361: checking for main in -lm
configure:3376: gcc -o conftest -g -O2 -Wall   conftest.c -lm  -lcrypt  1>&5
configure:3405: checking for __inet_ntop
configure:3433: gcc -o conftest -g -O2 -Wall   conftest.c -lm -lcrypt  1>&5
/tmp/cceKZDj3.o: In function `main':
/home/sparq/broadcom/patch.2/cvs/linux-router/src/router/zebra/configure:3427: undefined reference to `__inet_ntop'
collect2: ld returned 1 exit status
configure: failed program was:
#line 3410 "configure"
#include "confdefs.h"
/* System header to define __stub macros and hopefully few prototypes,
    which can conflict with char __inet_ntop(); below.  */
#include <assert.h>
/* Override any gcc2 internal prototype to avoid an error.  */
/* We use char because int might match the return type of a gcc2
    builtin and then its argument prototype would still apply.  */
char __inet_ntop();

int main() {

/* The GNU C library defines this for functions which it implements
    to always fail with ENOSYS.  Some functions are actually named
    something starting with __ and the normal name is an alias.  */
#if defined (__stub___inet_ntop) || defined (__stub_____inet_ntop)
choke me
#else
__inet_ntop();
#endif

; return 0; }
configure:3456: checking for __inet_pton
configure:3484: gcc -o conftest -g -O2 -Wall   conftest.c -lm -lcrypt  1>&5
/tmp/cc8161qg.o: In function `main':
/home/sparq/broadcom/patch.2/cvs/linux-router/src/router/zebra/configure:3478: undefined reference to `__inet_pton'
collect2: ld returned 1 exit status
configure: failed program was:
#line 3461 "configure"
#include "confdefs.h"
/* System header to define __stub macros and hopefully few prototypes,
    which can conflict with char __inet_pton(); below.  */
#include <assert.h>
/* Override any gcc2 internal prototype to avoid an error.  */
/* We use char because int might match the return type of a gcc2
    builtin and then its argument prototype would still apply.  */
char __inet_pton();

int main() {

/* The GNU C library defines this for functions which it implements
    to always fail with ENOSYS.  Some functions are actually named
    something starting with __ and the normal name is an alias.  */
#if defined (__stub___inet_pton) || defined (__stub_____inet_pton)
choke me
#else
__inet_pton();
#endif

; return 0; }
configure:3507: checking for __inet_aton
configure:3535: gcc -o conftest -g -O2 -Wall   conftest.c -lm -lcrypt  1>&5
/tmp/ccG49FRv.o: In function `main':
/home/sparq/broadcom/patch.2/cvs/linux-router/src/router/zebra/configure:3529: undefined reference to `__inet_aton'
collect2: ld returned 1 exit status
configure: failed program was:
#line 3512 "configure"
#include "confdefs.h"
/* System header to define __stub macros and hopefully few prototypes,
    which can conflict with char __inet_aton(); below.  */
#include <assert.h>
/* Override any gcc2 internal prototype to avoid an error.  */
/* We use char because int might match the return type of a gcc2
    builtin and then its argument prototype would still apply.  */
char __inet_aton();

int main() {

/* The GNU C library defines this for functions which it implements
    to always fail with ENOSYS.  Some functions are actually named
    something starting with __ and the normal name is an alias.  */
#if defined (__stub___inet_aton) || defined (__stub_____inet_aton)
choke me
#else
__inet_aton();
#endif

; return 0; }
configure:3559: checking for regexec in -lc
configure:3578: gcc -o conftest -g -O2 -Wall   conftest.c -lc  -lm -lcrypt  1>&5
configure:3849: checking whether struct sockaddr has a sa_len field
configure:3860: gcc -c -g -O2 -Wall  conftest.c 1>&5
configure: In function `main':
configure:3856: structure has no member named `sa_len'
configure:3856: warning: unused variable `ac_j'
configure: failed program was:
#line 3851 "configure"
#include "confdefs.h"
#include <sys/types.h>
#include <sys/socket.h>

int main() {
static struct sockaddr ac_i;int ac_j = sizeof (ac_i.sa_len);
; return 0; }
configure:3876: checking whether struct sockaddr_in has a sin_len field
configure:3887: gcc -c -g -O2 -Wall  conftest.c 1>&5
configure: In function `main':
configure:3883: structure has no member named `sin_len'
configure:3883: warning: unused variable `ac_j'
configure: failed program was:
#line 3878 "configure"
#include "confdefs.h"
#include <sys/types.h>
#include <netinet/in.h>

int main() {
static struct sockaddr_in ac_i;int ac_j = sizeof (ac_i.sin_len);
; return 0; }
configure:3903: checking whether struct sockaddr_un has a sun_len field
configure:3914: gcc -c -g -O2 -Wall  conftest.c 1>&5
configure: In function `main':
configure:3910: structure has no member named `sun_len'
configure:3910: warning: unused variable `ac_j'
configure: failed program was:
#line 3905 "configure"
#include "confdefs.h"
#include <sys/types.h>
#include <sys/un.h>

int main() {
static struct sockaddr_un ac_i;int ac_j = sizeof (ac_i.sun_len);
; return 0; }
configure:3959: checking whther socklen_t is defined
configure:3971: gcc -c -g -O2 -Wall  conftest.c 1>&5
configure: In function `main':
configure:3967: warning: unused variable `ac_x'
configure:3987: checking whether struct sockaddr_dl exist
configure:3990:23: net/if_dl.h: No such file or directory
configure:4009: checking whether struct ifaliasreq exist
configure:4031: checking whether struct if6_aliasreq exist
configure:4034:30: netinet6/in6_var.h: No such file or directory
configure:4053: checking whether struct rt_addrinfo exist
configure:4075: checking whether struct in_pktinfo exist
configure:4085: gcc -c -g -O2 -Wall  conftest.c 1>&5
configure: In function `main':
configure:4081: warning: unused variable `ac_x'
configure:4105: checking pid file directory
configure:4147: checking for working htonl
configure:4168: gcc -o conftest -g -O2 -Wall   conftest.c -lm -lcrypt  1>&5
