This file contains any messages produced by compilers while
running configure, to aid debugging if configure makes a mistake.

It was created by libmbim configure 1.15.0, which was
generated by GNU Autoconf 2.69.  Invocation command line was

  $ ./configure --enable-more-warnings=no --enable-static --disable-shared --libexecdir=/usr/lib --host=armeb-linux CC=ccache ccache armeb-linux-uclibc-gcc CFLAGS=-Os -pipe -mtune=xscale -march=armv5t -Wa,-mcpu=xscale -mno-thumb-interwork -fno-caller-saves -fPIC -ffunction-sections -fdata-sections -Wl,--gc-sections -Drpl_realloc=realloc -Drpl_malloc=malloc -I/home/seg/DEV/xscale/src/router/glib20/libglib/glib -I/home/seg/DEV/xscale/src/router/glib20/libglib/gobject -I/home/seg/DEV/xscale/src/router/_staging/usr/include -liconv -lintl -lpthread -DMESSAGE_ENABLE_TRACE LDFLAGS=-L/home/seg/DEV/xscale/src/router/glib20/gettext/gettext-runtime/intl/.libs -L/home/seg/DEV/xscale/src/router/glib20/libiconv/lib/.libs -L/home/seg/DEV/xscale/src/router/glib20/libglib/gobject/.libs -L/home/seg/DEV/xscale/src/router/glib20/libglib/gthread/.libs -L/home/seg/DEV/xscale/src/router/glib20/libglib/gio/.libs -L/home/seg/DEV/xscale/src/router/_staging/usr/lib LIBMBIM_GLIB_CFLAGS=-Os -pipe -mtune=xscale -march=armv5t -Wa,-mcpu=xscale -mno-thumb-interwork -fno-caller-saves -fPIC -ffunction-sections -fdata-sections -Wl,--gc-sections -Drpl_realloc=realloc -Drpl_malloc=malloc -I/home/seg/DEV/xscale/src/router/glib20/libglib/glib -I/home/seg/DEV/xscale/src/router/glib20/libglib -I/home/seg/DEV/xscale/src/router/glib20/libglib/gmodule -pthread LIBMBIM_GLIB_LIBS=-pthread -lpthread -L/home/seg/DEV/xscale/src/router/glib20/libglib/glib/.libs -L/home/seg/DEV/xscale/src/router/glib20/libglib/gmodule/.libs -L/home/seg/DEV/xscale/src/router/glib20/libglib/gthread/.libs -lgio-2.0 -lgobject-2.0 -lglib-2.0 MBIMCLI_CFLAGS=-Os -pipe -mtune=xscale -march=armv5t -Wa,-mcpu=xscale -mno-thumb-interwork -fno-caller-saves -fPIC -ffunction-sections -fdata-sections -Wl,--gc-sections -Drpl_realloc=realloc -Drpl_malloc=malloc -I/home/seg/DEV/xscale/src/router/glib20/libglib/glib -I/home/seg/DEV/xscale/src/router/glib20/libglib -I/home/seg/DEV/xscale/src/router/glib20/libglib/gmodule -I/home/seg/DEV/xscale/src/router/_staging/usr/include -pthread MBIMCLI_LIBS=-pthread -lpthread -L/home/seg/DEV/xscale/src/router/glib20/libglib/glib/.libs -L/home/seg/DEV/xscale/src/router/glib20/libglib/gio/.libs -L/home/seg/DEV/xscale/src/router/glib20/libglib/gobject/.libs  -L/home/seg/DEV/xscale/src/router/glib20/libglib/glib/.libs -L/home/seg/DEV/xscale/src/router/glib20/libglib/gmodule/.libs -L/home/seg/DEV/xscale/src/router/glib20/libglib/gthread/.libs -L/home/seg/DEV/xscale/src/router/_staging/usr/lib -lgio-2.0 -lgobject-2.0 -lglib-2.0 -ljson-c -lm MBIMPROXY_CFLAGS=-Os -pipe -mtune=xscale -march=armv5t -Wa,-mcpu=xscale -mno-thumb-interwork -fno-caller-saves -fPIC -ffunction-sections -fdata-sections -Wl,--gc-sections -Drpl_realloc=realloc -Drpl_malloc=malloc -I/home/seg/DEV/xscale/src/router/glib20/libglib/glib -I/home/seg/DEV/xscale/src/router/glib20/libglib -I/home/seg/DEV/xscale/src/router/glib20/libglib/gmodule -pthread MBIMPROXY_LIBS=-pthread -lpthread -L/home/seg/DEV/xscale/src/router/glib20/libglib/glib/.libs -L/home/seg/DEV/xscale/src/router/glib20/libglib/gio/.libs -L/home/seg/DEV/xscale/src/router/glib20/libglib/gobject/.libs  -L/home/seg/DEV/xscale/src/router/glib20/libglib/glib/.libs -L/home/seg/DEV/xscale/src/router/glib20/libglib/gmodule/.libs -L/home/seg/DEV/xscale/src/router/glib20/libglib/gthread/.libs -lgio-2.0 -lgobject-2.0 -lglib-2.0

## --------- ##
## Platform. ##
## --------- ##

hostname = linux.site
uname -m = x86_64
uname -r = 3.7.10-1.1-xen
uname -s = Linux
uname -v = #1 SMP Thu Feb 28 15:06:29 UTC 2013 (82d3f21)

/usr/bin/uname -p = x86_64
/bin/uname -X     = unknown

/bin/arch              = x86_64
/usr/bin/arch -k       = unknown
/usr/convex/getsysinfo = unknown
/usr/bin/hostinfo      = unknown
/bin/machine           = unknown
/usr/bin/oslevel       = unknown
/bin/universe          = unknown

PATH: /xfs/toolchains/toolchain-armeb_v5te_gcc-4.7-linaro_uClibc-0.9.33.2-7/bin
PATH: /sbin
PATH: /usr/sbin
PATH: /usr/local/sbin
PATH: /root/bin
PATH: /usr/local/bin
PATH: /usr/bin
PATH: /bin
PATH: /usr/X11R6/bin
PATH: /usr/games


## ----------- ##
## Core tests. ##
## ----------- ##

configure:2097: loading site script /usr/share/site/x86_64-unknown-linux-gnu
| #!/bin/sh
| # Site script for configure. It is resourced via $CONFIG_SITE environment varaible.
| 
| # If user did not specify libdir, guess the correct target:
| # Use lib64 for 64 bit bi-arch targets, keep the default for the rest.
| if test "$libdir" = '${exec_prefix}/lib' ; then
| 
| 	ac_config_site_64bit_host=NONE
| 
| 	case "$host" in
| 	"" )
| 		# User did not specify host target.
| 		# The native platform x86_64 is a bi-arch platform.
| 		# Try to detect cross-compilation to inferior architecture.
| 
| 		# We are trying to guess 32-bit target compilation. It's not as easy as
| 		# it sounds, as there is possible several intermediate combinations.
| 		ac_config_site_cross_to_32bit_host=NONE
| 
| 		# User defined -m32 in CFLAGS or CXXFLAGS:
| 		# (It's sufficient for 32-bit, but alone may cause mis-behavior of some checks.)
| 		case "$CFLAGS" in
| 		*-m32*)
| 			ac_config_site_cross_to_32bit_host=YES
| 			;;
| 		esac
| 		case "$CXXFLAGS" in
| 		*-m32*)
| 			ac_config_site_cross_to_32bit_host=YES
| 			;;
| 		esac
| 
| 		# Running with linux32:
| 		# (Changes detected platform, but not the toolchain target.)
| 		case "`/bin/uname -i`" in
| 		x86_64 | ppc64 | s390x )
| 			;;
| 		* )
| 			ac_config_site_cross_to_32bit_host=YES
| 			;;
| 		esac
| 
| 		if test "x$ac_config_site_cross_to_32bit_host" = xNONE; then
| 			ac_config_site_64bit_host=YES
| 		fi
| 
| 		;;
| 	*x86_64* | *ppc64* | *s390x* )
| 		ac_config_site_64bit_host=YES
| 		;;
| 	esac
| 
| 	if test "x$ac_config_site_64bit_host" = xYES; then
| 		libdir='${exec_prefix}/lib64'
| 	fi
| fi
| 
| # If user did not specify libexecdir, set the correct target:
| # Nor FHS nor openSUSE allow prefix/libexec. Let's default to prefix/lib.
| 
| if test "$libexecdir" = '${exec_prefix}/libexec' ; then
| 	libexecdir='${exec_prefix}/lib'
| fi
| 
| # Continue with the standard behavior of configure defined in AC_SITE_LOAD:
| if test "x$prefix" != xNONE; then
| 	ac_site_file1=$prefix/share/config.site
| 	ac_site_file2=$prefix/etc/config.site
| else
| 	ac_site_file1=$ac_default_prefix/share/config.site
| 	ac_site_file2=$ac_default_prefix/etc/config.site
| fi
| for ac_site_file in "$ac_site_file1" "$ac_site_file2"
| do
| 	test "x$ac_site_file" = xNONE && continue
| 	if test /dev/null != "$ac_site_file" && test -r "$ac_site_file"; then
| 		{ $as_echo "/usr/share/site/x86_64-unknown-linux-gnu:${as_lineno-$LINENO}: loading site script $ac_site_file" >&5
| $as_echo "/usr/share/site/x86_64-unknown-linux-gnu: loading site script $ac_site_file" >&6;}
| 		sed 's/^/| /' "$ac_site_file" >&5
| 		. "$ac_site_file" \
| 			|| { { $as_echo "/usr/share/site/x86_64-unknown-linux-gnu:${as_lineno-$LINENO}: error: in \`$ac_pwd':" >&5
| $as_echo "/usr/share/site/x86_64-unknown-linux-gnu: error: in \`$ac_pwd':" >&2;}
| as_fn_error $? "failed to load site script $ac_site_file
| See \`config.log' for more details" "$LINENO" 5; }
| 	fi
| done
configure:2243: checking for a BSD-compatible install
configure:2311: result: /usr/bin/install -c
configure:2322: checking whether build environment is sane
configure:2377: result: yes
configure:2436: checking for armeb-linux-strip
configure:2463: result: armeb-linux-uclibc-strip
configure:2528: checking for a thread-safe mkdir -p
configure:2567: result: /usr/bin/mkdir -p
configure:2574: checking for gawk
configure:2590: found /usr/bin/gawk
configure:2601: result: gawk
configure:2612: checking whether make sets $(MAKE)
configure:2634: result: yes
configure:2701: checking how to create a ustar tar archive
configure:2714: tar --version
tar (GNU tar) 1.26
Copyright (C) 2011 Free Software Foundation, Inc.
License GPLv3+: GNU GPL version 3 or later <http://gnu.org/licenses/gpl.html>.
This is free software: you are free to change and redistribute it.
There is NO WARRANTY, to the extent permitted by law.

Written by John Gilmore and Jay Fenlason.
configure:2717: $? = 0
configure:2757: tardir=conftest.dir && eval tar --format=ustar -chf - "$tardir" >conftest.tar
configure:2760: $? = 0
configure:2764: tar -xf - <conftest.tar
configure:2767: $? = 0
configure:2780: result: gnutar
configure:2788: checking whether to enable maintainer-specific portions of Makefiles
configure:2797: result: yes
configure:2822: checking whether make supports nested variables
configure:2839: result: yes
configure:2859: checking for armeb-linux-gcc
configure:2886: result: ccache ccache armeb-linux-uclibc-gcc
configure:3155: checking for C compiler version
configure:3164: ccache ccache armeb-linux-uclibc-gcc --version >&5
armeb-linux-uclibc-gcc (Linaro GCC 4.7-2012.11) 4.7.3 20121106 (prerelease)
Copyright (C) 2012 Free Software Foundation, Inc.
This is free software; see the source for copying conditions.  There is NO
warranty; not even for MERCHANTABILITY or FITNESS FOR A PARTICULAR PURPOSE.

configure:3175: $? = 0
configure:3164: ccache ccache armeb-linux-uclibc-gcc -v >&5
Using built-in specs.
COLLECT_GCC=/xfs/toolchains/toolchain-armeb_v5te_gcc-4.7-linaro_uClibc-0.9.33.2-7/bin/armeb-linux-uclibc-gcc
COLLECT_LTO_WRAPPER=/home/xfs/toolchains/toolchain-armeb_v5te_gcc-4.7-linaro_uClibc-0.9.33.2-7/bin/../lib/gcc/armeb-openwrt-linux-uclibcgnueabi/4.7.3/lto-wrapper
Target: armeb-openwrt-linux-uclibcgnueabi
Configured with: /home/xfs/openwrt/trunk2/trunk/build_dir/toolchain-armeb_v5te_gcc-4.7-linaro_uClibc-0.9.33.2/gcc-linaro-4.7-2012.11/configure --prefix=/home/xfs/openwrt/trunk2/trunk/staging_dir/toolchain-armeb_v5te_gcc-4.7-linaro_uClibc-0.9.33.2 --build=x86_64-suse-linux --host=x86_64-suse-linux --target=armeb-openwrt-linux-uclibcgnueabi --with-gnu-ld --enable-target-optspace --disable-libgomp --disable-libmudflap --disable-multilib --disable-nls --with-host-libstdcxx=-lstdc++ --with-float=soft --with-gmp=/home/xfs/openwrt/trunk2/trunk/staging_dir/host --with-mpfr=/home/xfs/openwrt/trunk2/trunk/staging_dir/host --disable-decimal-float --disable-libssp --disable-__cxa_atexit --with-arch=armv5te --with-headers=/home/xfs/openwrt/trunk2/trunk/staging_dir/toolchain-armeb_v5te_gcc-4.7-linaro_uClibc-0.9.33.2/include --enable-languages=c,c++ --enable-shared --enable-threads --with-slibdir=/home/xfs/openwrt/trunk2/trunk/staging_dir/toolchain-armeb_v5te_gcc-4.7-linaro_uClibc-0.9.33.2/lib --disable-tls
Thread model: posix
gcc version 4.7.3 20121106 (prerelease) (Linaro GCC 4.7-2012.11) 
configure:3175: $? = 0
configure:3164: ccache ccache armeb-linux-uclibc-gcc -V >&5
armeb-linux-uclibc-gcc: error: unrecognized command line option '-V'
armeb-linux-uclibc-gcc: fatal error: no input files
compilation terminated.
configure:3175: $? = 1
configure:3164: ccache ccache armeb-linux-uclibc-gcc -qversion >&5
armeb-linux-uclibc-gcc: error: unrecognized command line option '-qversion'
armeb-linux-uclibc-gcc: fatal error: no input files
compilation terminated.
configure:3175: $? = 1
configure:3195: checking whether the C compiler works
configure:3217: ccache ccache armeb-linux-uclibc-gcc -Os -pipe -mtune=xscale -march=armv5t -Wa,-mcpu=xscale -mno-thumb-interwork -fno-caller-saves -fPIC -ffunction-sections -fdata-sections -Wl,--gc-sections -Drpl_realloc=realloc -Drpl_malloc=malloc -I/home/seg/DEV/xscale/src/router/glib20/libglib/glib -I/home/seg/DEV/xscale/src/router/glib20/libglib/gobject -I/home/seg/DEV/xscale/src/router/_staging/usr/include -liconv -lintl -lpthread -DMESSAGE_ENABLE_TRACE  -L/home/seg/DEV/xscale/src/router/glib20/gettext/gettext-runtime/intl/.libs -L/home/seg/DEV/xscale/src/router/glib20/libiconv/lib/.libs -L/home/seg/DEV/xscale/src/router/glib20/libglib/gobject/.libs -L/home/seg/DEV/xscale/src/router/glib20/libglib/gthread/.libs -L/home/seg/DEV/xscale/src/router/glib20/libglib/gio/.libs -L/home/seg/DEV/xscale/src/router/_staging/usr/lib conftest.c  >&5
configure:3221: $? = 0
configure:3269: result: yes
configure:3272: checking for C compiler default output file name
configure:3274: result: a.out
configure:3280: checking for suffix of executables
configure:3287: ccache ccache armeb-linux-uclibc-gcc -o conftest -Os -pipe -mtune=xscale -march=armv5t -Wa,-mcpu=xscale -mno-thumb-interwork -fno-caller-saves -fPIC -ffunction-sections -fdata-sections -Wl,--gc-sections -Drpl_realloc=realloc -Drpl_malloc=malloc -I/home/seg/DEV/xscale/src/router/glib20/libglib/glib -I/home/seg/DEV/xscale/src/router/glib20/libglib/gobject -I/home/seg/DEV/xscale/src/router/_staging/usr/include -liconv -lintl -lpthread -DMESSAGE_ENABLE_TRACE  -L/home/seg/DEV/xscale/src/router/glib20/gettext/gettext-runtime/intl/.libs -L/home/seg/DEV/xscale/src/router/glib20/libiconv/lib/.libs -L/home/seg/DEV/xscale/src/router/glib20/libglib/gobject/.libs -L/home/seg/DEV/xscale/src/router/glib20/libglib/gthread/.libs -L/home/seg/DEV/xscale/src/router/glib20/libglib/gio/.libs -L/home/seg/DEV/xscale/src/router/_staging/usr/lib conftest.c  >&5
configure:3291: $? = 0
configure:3313: result: 
configure:3335: checking whether we are cross compiling
configure:3343: ccache ccache armeb-linux-uclibc-gcc -o conftest -Os -pipe -mtune=xscale -march=armv5t -Wa,-mcpu=xscale -mno-thumb-interwork -fno-caller-saves -fPIC -ffunction-sections -fdata-sections -Wl,--gc-sections -Drpl_realloc=realloc -Drpl_malloc=malloc -I/home/seg/DEV/xscale/src/router/glib20/libglib/glib -I/home/seg/DEV/xscale/src/router/glib20/libglib/gobject -I/home/seg/DEV/xscale/src/router/_staging/usr/include -liconv -lintl -lpthread -DMESSAGE_ENABLE_TRACE  -L/home/seg/DEV/xscale/src/router/glib20/gettext/gettext-runtime/intl/.libs -L/home/seg/DEV/xscale/src/router/glib20/libiconv/lib/.libs -L/home/seg/DEV/xscale/src/router/glib20/libglib/gobject/.libs -L/home/seg/DEV/xscale/src/router/glib20/libglib/gthread/.libs -L/home/seg/DEV/xscale/src/router/glib20/libglib/gio/.libs -L/home/seg/DEV/xscale/src/router/_staging/usr/lib conftest.c  >&5
configure:3347: $? = 0
configure:3354: ./conftest
./configure: line 3356: ./conftest: cannot execute binary file
configure:3358: $? = 126
configure:3373: result: yes
configure:3378: checking for suffix of object files
configure:3400: ccache ccache armeb-linux-uclibc-gcc -c -Os -pipe -mtune=xscale -march=armv5t -Wa,-mcpu=xscale -mno-thumb-interwork -fno-caller-saves -fPIC -ffunction-sections -fdata-sections -Wl,--gc-sections -Drpl_realloc=realloc -Drpl_malloc=malloc -I/home/seg/DEV/xscale/src/router/glib20/libglib/glib -I/home/seg/DEV/xscale/src/router/glib20/libglib/gobject -I/home/seg/DEV/xscale/src/router/_staging/usr/include -liconv -lintl -lpthread -DMESSAGE_ENABLE_TRACE  conftest.c >&5
configure:3404: $? = 0
configure:3425: result: o
configure:3429: checking whether we are using the GNU C compiler
configure:3448: ccache ccache armeb-linux-uclibc-gcc -c -Os -pipe -mtune=xscale -march=armv5t -Wa,-mcpu=xscale -mno-thumb-interwork -fno-caller-saves -fPIC -ffunction-sections -fdata-sections -Wl,--gc-sections -Drpl_realloc=realloc -Drpl_malloc=malloc -I/home/seg/DEV/xscale/src/router/glib20/libglib/glib -I/home/seg/DEV/xscale/src/router/glib20/libglib/gobject -I/home/seg/DEV/xscale/src/router/_staging/usr/include -liconv -lintl -lpthread -DMESSAGE_ENABLE_TRACE  conftest.c >&5
configure:3448: $? = 0
configure:3457: result: yes
configure:3466: checking whether ccache ccache armeb-linux-uclibc-gcc accepts -g
configure:3486: ccache ccache armeb-linux-uclibc-gcc -c -g  conftest.c >&5
configure:3486: $? = 0
configure:3527: result: yes
configure:3544: checking for ccache ccache armeb-linux-uclibc-gcc option to accept ISO C89
configure:3607: ccache ccache armeb-linux-uclibc-gcc  -c -Os -pipe -mtune=xscale -march=armv5t -Wa,-mcpu=xscale -mno-thumb-interwork -fno-caller-saves -fPIC -ffunction-sections -fdata-sections -Wl,--gc-sections -Drpl_realloc=realloc -Drpl_malloc=malloc -I/home/seg/DEV/xscale/src/router/glib20/libglib/glib -I/home/seg/DEV/xscale/src/router/glib20/libglib/gobject -I/home/seg/DEV/xscale/src/router/_staging/usr/include -liconv -lintl -lpthread -DMESSAGE_ENABLE_TRACE  conftest.c >&5
configure:3607: $? = 0
configure:3620: result: none needed
configure:3651: checking for style of include used by make
configure:3679: result: GNU
configure:3705: checking dependency style of ccache ccache armeb-linux-uclibc-gcc
configure:3816: result: gcc3
configure:3832: checking whether ccache ccache armeb-linux-uclibc-gcc and cc understand -c and -o together
configure:3863: ccache ccache armeb-linux-uclibc-gcc -c conftest.c -o conftest2.o >&5
configure:3867: $? = 0
configure:3873: ccache ccache armeb-linux-uclibc-gcc -c conftest.c -o conftest2.o >&5
configure:3877: $? = 0
configure:3888: cc -c conftest.c >&5
configure:3892: $? = 0
configure:3900: cc -c conftest.c -o conftest2.o >&5
configure:3904: $? = 0
configure:3910: cc -c conftest.c -o conftest2.o >&5
configure:3914: $? = 0
configure:3932: result: yes
configure:3989: checking build system type
configure:4003: result: x86_64-suse-linux-gnu
configure:4023: checking host system type
configure:4036: result: armeb-unknown-linux-gnu
configure:4077: checking how to print strings
configure:4104: result: printf
configure:4125: checking for a sed that does not truncate output
configure:4189: result: /xfs/toolchains/toolchain-armeb_v5te_gcc-4.7-linaro_uClibc-0.9.33.2-7/bin/sed
configure:4207: checking for grep that handles long lines and -e
configure:4265: result: /usr/bin/grep
configure:4270: checking for egrep
configure:4332: result: /usr/bin/grep -E
configure:4337: checking for fgrep
configure:4399: result: /usr/bin/grep -F
configure:4434: checking for ld used by ccache ccache armeb-linux-uclibc-gcc
configure:4501: result: armeb-linux-uclibc-ld
configure:4508: checking if the linker (armeb-linux-uclibc-ld) is GNU ld
configure:4523: result: yes
configure:4535: checking for BSD- or MS-compatible name lister (nm)
configure:4589: result: armeb-linux-uclibc-nm
configure:4719: checking the name lister (armeb-linux-uclibc-nm) interface
configure:4726: ccache ccache armeb-linux-uclibc-gcc -c -Os -pipe -mtune=xscale -march=armv5t -Wa,-mcpu=xscale -mno-thumb-interwork -fno-caller-saves -fPIC -ffunction-sections -fdata-sections -Wl,--gc-sections -Drpl_realloc=realloc -Drpl_malloc=malloc -I/home/seg/DEV/xscale/src/router/glib20/libglib/glib -I/home/seg/DEV/xscale/src/router/glib20/libglib/gobject -I/home/seg/DEV/xscale/src/router/_staging/usr/include -liconv -lintl -lpthread -DMESSAGE_ENABLE_TRACE  conftest.c >&5
configure:4729: armeb-linux-uclibc-nm "conftest.o"
configure:4732: output
00000000 B some_variable
configure:4739: result: BSD nm
configure:4742: checking whether ln -s works
configure:4746: result: yes
configure:4754: checking the maximum length of command line arguments
configure:4885: result: 1572864
configure:4933: checking how to convert x86_64-suse-linux-gnu file names to armeb-unknown-linux-gnu format
configure:4973: result: func_convert_file_noop
configure:4980: checking how to convert x86_64-suse-linux-gnu file names to toolchain format
configure:5000: result: func_convert_file_noop
configure:5007: checking for armeb-linux-uclibc-ld option to reload object files
configure:5014: result: -r
configure:5048: checking for armeb-linux-objdump
configure:5064: found /xfs/toolchains/toolchain-armeb_v5te_gcc-4.7-linaro_uClibc-0.9.33.2-7/bin/armeb-linux-objdump
configure:5075: result: armeb-linux-objdump
configure:5147: checking how to recognize dependent libraries
configure:5347: result: pass_all
configure:5392: checking for armeb-linux-dlltool
configure:5422: result: no
configure:5432: checking for dlltool
configure:5462: result: no
configure:5492: checking how to associate runtime and link libraries
configure:5519: result: printf %s\n
configure:5536: checking for armeb-linux-ar
configure:5563: result: armeb-linux-uclibc-ar
configure:5644: checking for archiver @FILE support
configure:5661: ccache ccache armeb-linux-uclibc-gcc -c -Os -pipe -mtune=xscale -march=armv5t -Wa,-mcpu=xscale -mno-thumb-interwork -fno-caller-saves -fPIC -ffunction-sections -fdata-sections -Wl,--gc-sections -Drpl_realloc=realloc -Drpl_malloc=malloc -I/home/seg/DEV/xscale/src/router/glib20/libglib/glib -I/home/seg/DEV/xscale/src/router/glib20/libglib/gobject -I/home/seg/DEV/xscale/src/router/_staging/usr/include -liconv -lintl -lpthread -DMESSAGE_ENABLE_TRACE  conftest.c >&5
configure:5661: $? = 0
configure:5664: armeb-linux-uclibc-ar cru libconftest.a @conftest.lst >&5
configure:5667: $? = 0
configure:5672: armeb-linux-uclibc-ar cru libconftest.a @conftest.lst >&5
armeb-linux-uclibc-ar: conftest.o: No such file or directory
configure:5675: $? = 1
configure:5687: result: @
configure:5705: checking for armeb-linux-strip
configure:5732: result: armeb-linux-uclibc-strip
configure:5804: checking for armeb-linux-ranlib
configure:5831: result: armeb-linux-uclibc-ranlib
configure:5973: checking command to parse armeb-linux-uclibc-nm output from ccache ccache armeb-linux-uclibc-gcc object
configure:6126: ccache ccache armeb-linux-uclibc-gcc -c -Os -pipe -mtune=xscale -march=armv5t -Wa,-mcpu=xscale -mno-thumb-interwork -fno-caller-saves -fPIC -ffunction-sections -fdata-sections -Wl,--gc-sections -Drpl_realloc=realloc -Drpl_malloc=malloc -I/home/seg/DEV/xscale/src/router/glib20/libglib/glib -I/home/seg/DEV/xscale/src/router/glib20/libglib/gobject -I/home/seg/DEV/xscale/src/router/_staging/usr/include -liconv -lintl -lpthread -DMESSAGE_ENABLE_TRACE  conftest.c >&5
configure:6129: $? = 0
configure:6133: armeb-linux-uclibc-nm conftest.o \| sed -n -e 's/^.*[ ]\([ABCDGIRSTW][ABCDGIRSTW]*\)[ ][ ]*\([_A-Za-z][_A-Za-z0-9]*\)$/\1 \2 \2/p' | sed '/ __gnu_lto/d' \> conftest.nm
configure:6136: $? = 0
configure:6202: ccache ccache armeb-linux-uclibc-gcc -o conftest -Os -pipe -mtune=xscale -march=armv5t -Wa,-mcpu=xscale -mno-thumb-interwork -fno-caller-saves -fPIC -ffunction-sections -fdata-sections -Wl,--gc-sections -Drpl_realloc=realloc -Drpl_malloc=malloc -I/home/seg/DEV/xscale/src/router/glib20/libglib/glib -I/home/seg/DEV/xscale/src/router/glib20/libglib/gobject -I/home/seg/DEV/xscale/src/router/_staging/usr/include -liconv -lintl -lpthread -DMESSAGE_ENABLE_TRACE  -L/home/seg/DEV/xscale/src/router/glib20/gettext/gettext-runtime/intl/.libs -L/home/seg/DEV/xscale/src/router/glib20/libiconv/lib/.libs -L/home/seg/DEV/xscale/src/router/glib20/libglib/gobject/.libs -L/home/seg/DEV/xscale/src/router/glib20/libglib/gthread/.libs -L/home/seg/DEV/xscale/src/router/glib20/libglib/gio/.libs -L/home/seg/DEV/xscale/src/router/_staging/usr/lib conftest.c conftstm.o >&5
configure:6205: $? = 0
configure:6243: result: ok
configure:6290: checking for sysroot
configure:6320: result: no
configure:6327: checking for a working dd
configure:6365: result: /usr/bin/dd
configure:6369: checking how to truncate binary pipes
configure:6384: result: /usr/bin/dd bs=4096 count=1
configure:6673: checking for armeb-linux-mt
configure:6703: result: no
configure:6713: checking for mt
configure:6729: found /usr/bin/mt
configure:6740: result: mt
configure:6752: WARNING: using cross tools not prefixed with host triplet
configure:6763: checking if mt is a manifest tool
configure:6769: mt '-?'
configure:6777: result: no
configure:7454: checking how to run the C preprocessor
configure:7485: ccache ccache armeb-linux-uclibc-gcc -E  conftest.c
configure:7485: $? = 0
configure:7499: ccache ccache armeb-linux-uclibc-gcc -E  conftest.c
conftest.c:9:28: fatal error: ac_nonexistent.h: No such file or directory
compilation terminated.
configure:7499: $? = 1
configure: failed program was:
| /* confdefs.h */
| #define PACKAGE_NAME "libmbim"
| #define PACKAGE_TARNAME "libmbim"
| #define PACKAGE_VERSION "1.15.0"
| #define PACKAGE_STRING "libmbim 1.15.0"
| #define PACKAGE_BUGREPORT "libmbim-devel@lists.freedesktop.org"
| #define PACKAGE_URL ""
| /* end confdefs.h.  */
| #include <ac_nonexistent.h>
configure:7524: result: ccache ccache armeb-linux-uclibc-gcc -E
configure:7544: ccache ccache armeb-linux-uclibc-gcc -E  conftest.c
configure:7544: $? = 0
configure:7558: ccache ccache armeb-linux-uclibc-gcc -E  conftest.c
conftest.c:9:28: fatal error: ac_nonexistent.h: No such file or directory
compilation terminated.
configure:7558: $? = 1
configure: failed program was:
| /* confdefs.h */
| #define PACKAGE_NAME "libmbim"
| #define PACKAGE_TARNAME "libmbim"
| #define PACKAGE_VERSION "1.15.0"
| #define PACKAGE_STRING "libmbim 1.15.0"
| #define PACKAGE_BUGREPORT "libmbim-devel@lists.freedesktop.org"
| #define PACKAGE_URL ""
| /* end confdefs.h.  */
| #include <ac_nonexistent.h>
configure:7587: checking for ANSI C header files
configure:7607: ccache ccache armeb-linux-uclibc-gcc -c -Os -pipe -mtune=xscale -march=armv5t -Wa,-mcpu=xscale -mno-thumb-interwork -fno-caller-saves -fPIC -ffunction-sections -fdata-sections -Wl,--gc-sections -Drpl_realloc=realloc -Drpl_malloc=malloc -I/home/seg/DEV/xscale/src/router/glib20/libglib/glib -I/home/seg/DEV/xscale/src/router/glib20/libglib/gobject -I/home/seg/DEV/xscale/src/router/_staging/usr/include -liconv -lintl -lpthread -DMESSAGE_ENABLE_TRACE  conftest.c >&5
configure:7607: $? = 0
configure:7691: result: yes
configure:7704: checking for sys/types.h
configure:7704: ccache ccache armeb-linux-uclibc-gcc -c -Os -pipe -mtune=xscale -march=armv5t -Wa,-mcpu=xscale -mno-thumb-interwork -fno-caller-saves -fPIC -ffunction-sections -fdata-sections -Wl,--gc-sections -Drpl_realloc=realloc -Drpl_malloc=malloc -I/home/seg/DEV/xscale/src/router/glib20/libglib/glib -I/home/seg/DEV/xscale/src/router/glib20/libglib/gobject -I/home/seg/DEV/xscale/src/router/_staging/usr/include -liconv -lintl -lpthread -DMESSAGE_ENABLE_TRACE  conftest.c >&5
configure:7704: $? = 0
configure:7704: result: yes
configure:7704: checking for sys/stat.h
configure:7704: ccache ccache armeb-linux-uclibc-gcc -c -Os -pipe -mtune=xscale -march=armv5t -Wa,-mcpu=xscale -mno-thumb-interwork -fno-caller-saves -fPIC -ffunction-sections -fdata-sections -Wl,--gc-sections -Drpl_realloc=realloc -Drpl_malloc=malloc -I/home/seg/DEV/xscale/src/router/glib20/libglib/glib -I/home/seg/DEV/xscale/src/router/glib20/libglib/gobject -I/home/seg/DEV/xscale/src/router/_staging/usr/include -liconv -lintl -lpthread -DMESSAGE_ENABLE_TRACE  conftest.c >&5
configure:7704: $? = 0
configure:7704: result: yes
configure:7704: checking for stdlib.h
configure:7704: ccache ccache armeb-linux-uclibc-gcc -c -Os -pipe -mtune=xscale -march=armv5t -Wa,-mcpu=xscale -mno-thumb-interwork -fno-caller-saves -fPIC -ffunction-sections -fdata-sections -Wl,--gc-sections -Drpl_realloc=realloc -Drpl_malloc=malloc -I/home/seg/DEV/xscale/src/router/glib20/libglib/glib -I/home/seg/DEV/xscale/src/router/glib20/libglib/gobject -I/home/seg/DEV/xscale/src/router/_staging/usr/include -liconv -lintl -lpthread -DMESSAGE_ENABLE_TRACE  conftest.c >&5
configure:7704: $? = 0
configure:7704: result: yes
configure:7704: checking for string.h
configure:7704: ccache ccache armeb-linux-uclibc-gcc -c -Os -pipe -mtune=xscale -march=armv5t -Wa,-mcpu=xscale -mno-thumb-interwork -fno-caller-saves -fPIC -ffunction-sections -fdata-sections -Wl,--gc-sections -Drpl_realloc=realloc -Drpl_malloc=malloc -I/home/seg/DEV/xscale/src/router/glib20/libglib/glib -I/home/seg/DEV/xscale/src/router/glib20/libglib/gobject -I/home/seg/DEV/xscale/src/router/_staging/usr/include -liconv -lintl -lpthread -DMESSAGE_ENABLE_TRACE  conftest.c >&5
configure:7704: $? = 0
configure:7704: result: yes
configure:7704: checking for memory.h
configure:7704: ccache ccache armeb-linux-uclibc-gcc -c -Os -pipe -mtune=xscale -march=armv5t -Wa,-mcpu=xscale -mno-thumb-interwork -fno-caller-saves -fPIC -ffunction-sections -fdata-sections -Wl,--gc-sections -Drpl_realloc=realloc -Drpl_malloc=malloc -I/home/seg/DEV/xscale/src/router/glib20/libglib/glib -I/home/seg/DEV/xscale/src/router/glib20/libglib/gobject -I/home/seg/DEV/xscale/src/router/_staging/usr/include -liconv -lintl -lpthread -DMESSAGE_ENABLE_TRACE  conftest.c >&5
configure:7704: $? = 0
configure:7704: result: yes
configure:7704: checking for strings.h
configure:7704: ccache ccache armeb-linux-uclibc-gcc -c -Os -pipe -mtune=xscale -march=armv5t -Wa,-mcpu=xscale -mno-thumb-interwork -fno-caller-saves -fPIC -ffunction-sections -fdata-sections -Wl,--gc-sections -Drpl_realloc=realloc -Drpl_malloc=malloc -I/home/seg/DEV/xscale/src/router/glib20/libglib/glib -I/home/seg/DEV/xscale/src/router/glib20/libglib/gobject -I/home/seg/DEV/xscale/src/router/_staging/usr/include -liconv -lintl -lpthread -DMESSAGE_ENABLE_TRACE  conftest.c >&5
configure:7704: $? = 0
configure:7704: result: yes
configure:7704: checking for inttypes.h
configure:7704: ccache ccache armeb-linux-uclibc-gcc -c -Os -pipe -mtune=xscale -march=armv5t -Wa,-mcpu=xscale -mno-thumb-interwork -fno-caller-saves -fPIC -ffunction-sections -fdata-sections -Wl,--gc-sections -Drpl_realloc=realloc -Drpl_malloc=malloc -I/home/seg/DEV/xscale/src/router/glib20/libglib/glib -I/home/seg/DEV/xscale/src/router/glib20/libglib/gobject -I/home/seg/DEV/xscale/src/router/_staging/usr/include -liconv -lintl -lpthread -DMESSAGE_ENABLE_TRACE  conftest.c >&5
configure:7704: $? = 0
configure:7704: result: yes
configure:7704: checking for stdint.h
configure:7704: ccache ccache armeb-linux-uclibc-gcc -c -Os -pipe -mtune=xscale -march=armv5t -Wa,-mcpu=xscale -mno-thumb-interwork -fno-caller-saves -fPIC -ffunction-sections -fdata-sections -Wl,--gc-sections -Drpl_realloc=realloc -Drpl_malloc=malloc -I/home/seg/DEV/xscale/src/router/glib20/libglib/glib -I/home/seg/DEV/xscale/src/router/glib20/libglib/gobject -I/home/seg/DEV/xscale/src/router/_staging/usr/include -liconv -lintl -lpthread -DMESSAGE_ENABLE_TRACE  conftest.c >&5
configure:7704: $? = 0
configure:7704: result: yes
configure:7704: checking for unistd.h
configure:7704: ccache ccache armeb-linux-uclibc-gcc -c -Os -pipe -mtune=xscale -march=armv5t -Wa,-mcpu=xscale -mno-thumb-interwork -fno-caller-saves -fPIC -ffunction-sections -fdata-sections -Wl,--gc-sections -Drpl_realloc=realloc -Drpl_malloc=malloc -I/home/seg/DEV/xscale/src/router/glib20/libglib/glib -I/home/seg/DEV/xscale/src/router/glib20/libglib/gobject -I/home/seg/DEV/xscale/src/router/_staging/usr/include -liconv -lintl -lpthread -DMESSAGE_ENABLE_TRACE  conftest.c >&5
configure:7704: $? = 0
configure:7704: result: yes
configure:7718: checking for dlfcn.h
configure:7718: ccache ccache armeb-linux-uclibc-gcc -c -Os -pipe -mtune=xscale -march=armv5t -Wa,-mcpu=xscale -mno-thumb-interwork -fno-caller-saves -fPIC -ffunction-sections -fdata-sections -Wl,--gc-sections -Drpl_realloc=realloc -Drpl_malloc=malloc -I/home/seg/DEV/xscale/src/router/glib20/libglib/glib -I/home/seg/DEV/xscale/src/router/glib20/libglib/gobject -I/home/seg/DEV/xscale/src/router/_staging/usr/include -liconv -lintl -lpthread -DMESSAGE_ENABLE_TRACE  conftest.c >&5
configure:7718: $? = 0
configure:7718: result: yes
configure:7974: checking for objdir
configure:7989: result: .libs
configure:8253: checking if ccache ccache armeb-linux-uclibc-gcc supports -fno-rtti -fno-exceptions
configure:8271: ccache ccache armeb-linux-uclibc-gcc -c -Os -pipe -mtune=xscale -march=armv5t -Wa,-mcpu=xscale -mno-thumb-interwork -fno-caller-saves -fPIC -ffunction-sections -fdata-sections -Wl,--gc-sections -Drpl_realloc=realloc -Drpl_malloc=malloc -I/home/seg/DEV/xscale/src/router/glib20/libglib/glib -I/home/seg/DEV/xscale/src/router/glib20/libglib/gobject -I/home/seg/DEV/xscale/src/router/_staging/usr/include -liconv -lintl -lpthread -DMESSAGE_ENABLE_TRACE  -fno-rtti -fno-exceptions conftest.c >&5
cc1: warning: command line option '-fno-rtti' is valid for C++/ObjC++ but not for C [enabled by default]
cc1: warning: command line option '-fno-rtti' is valid for C++/ObjC++ but not for C [enabled by default]
configure:8275: $? = 0
configure:8288: result: no
configure:8646: checking for ccache ccache armeb-linux-uclibc-gcc option to produce PIC
configure:8653: result: -fPIC -DPIC
configure:8661: checking if ccache ccache armeb-linux-uclibc-gcc PIC flag -fPIC -DPIC works
configure:8679: ccache ccache armeb-linux-uclibc-gcc -c -Os -pipe -mtune=xscale -march=armv5t -Wa,-mcpu=xscale -mno-thumb-interwork -fno-caller-saves -fPIC -ffunction-sections -fdata-sections -Wl,--gc-sections -Drpl_realloc=realloc -Drpl_malloc=malloc -I/home/seg/DEV/xscale/src/router/glib20/libglib/glib -I/home/seg/DEV/xscale/src/router/glib20/libglib/gobject -I/home/seg/DEV/xscale/src/router/_staging/usr/include -liconv -lintl -lpthread -DMESSAGE_ENABLE_TRACE  -fPIC -DPIC -DPIC conftest.c >&5
configure:8683: $? = 0
configure:8696: result: yes
configure:8725: checking if ccache ccache armeb-linux-uclibc-gcc static flag -static works
configure:8753: result: no
configure:8768: checking if ccache ccache armeb-linux-uclibc-gcc supports -c -o file.o
configure:8789: ccache ccache armeb-linux-uclibc-gcc -c -Os -pipe -mtune=xscale -march=armv5t -Wa,-mcpu=xscale -mno-thumb-interwork -fno-caller-saves -fPIC -ffunction-sections -fdata-sections -Wl,--gc-sections -Drpl_realloc=realloc -Drpl_malloc=malloc -I/home/seg/DEV/xscale/src/router/glib20/libglib/glib -I/home/seg/DEV/xscale/src/router/glib20/libglib/gobject -I/home/seg/DEV/xscale/src/router/_staging/usr/include -liconv -lintl -lpthread -DMESSAGE_ENABLE_TRACE  -o out/conftest2.o conftest.c >&5
configure:8793: $? = 0
configure:8815: result: yes
configure:8823: checking if ccache ccache armeb-linux-uclibc-gcc supports -c -o file.o
configure:8870: result: yes
configure:8903: checking whether the ccache ccache armeb-linux-uclibc-gcc linker (armeb-linux-uclibc-ld) supports shared libraries
configure:10162: result: yes
configure:10402: checking dynamic linker characteristics
configure:10983: ccache ccache armeb-linux-uclibc-gcc -o conftest -Os -pipe -mtune=xscale -march=armv5t -Wa,-mcpu=xscale -mno-thumb-interwork -fno-caller-saves -fPIC -ffunction-sections -fdata-sections -Wl,--gc-sections -Drpl_realloc=realloc -Drpl_malloc=malloc -I/home/seg/DEV/xscale/src/router/glib20/libglib/glib -I/home/seg/DEV/xscale/src/router/glib20/libglib/gobject -I/home/seg/DEV/xscale/src/router/_staging/usr/include -liconv -lintl -lpthread -DMESSAGE_ENABLE_TRACE  -L/home/seg/DEV/xscale/src/router/glib20/gettext/gettext-runtime/intl/.libs -L/home/seg/DEV/xscale/src/router/glib20/libiconv/lib/.libs -L/home/seg/DEV/xscale/src/router/glib20/libglib/gobject/.libs -L/home/seg/DEV/xscale/src/router/glib20/libglib/gthread/.libs -L/home/seg/DEV/xscale/src/router/glib20/libglib/gio/.libs -L/home/seg/DEV/xscale/src/router/_staging/usr/lib -Wl,-rpath -Wl,/foo conftest.c  >&5
configure:10983: $? = 0
configure:11220: result: GNU/Linux ld.so
configure:11342: checking how to hardcode library paths into programs
configure:11367: result: immediate
configure:11915: checking whether stripping libraries is possible
configure:11920: result: yes
configure:11955: checking if libtool supports shared libraries
configure:11957: result: yes
configure:11960: checking whether to build shared libraries
configure:11985: result: no
configure:11988: checking whether to build static libraries
configure:11992: result: yes
configure:12037: checking for more warnings
configure:12087: result: no
configure:12121: checking for armeb-linux-pkg-config
configure:12154: result: no
configure:12164: checking for pkg-config
configure:12182: found /usr/bin/pkg-config
configure:12194: result: /usr/bin/pkg-config
configure:12219: checking pkg-config is at least version 0.9.0
configure:12222: result: yes
configure:12232: checking for LIBMBIM_GLIB
configure:12344: result: yes
configure:12353: checking for MBIMCLI
configure:12465: result: yes
configure:12474: checking for MBIMPROXY
configure:12577: result: yes
configure:12624: checking for GUDEV
configure:12631: $PKG_CONFIG --exists --print-errors "gudev-1.0 >= $GUDEV_VERSION"
Package gudev-1.0 was not found in the pkg-config search path.
Perhaps you should add the directory containing `gudev-1.0.pc'
to the PKG_CONFIG_PATH environment variable
No package 'gudev-1.0' found
configure:12634: $? = 1
configure:12648: $PKG_CONFIG --exists --print-errors "gudev-1.0 >= $GUDEV_VERSION"
Package gudev-1.0 was not found in the pkg-config search path.
Perhaps you should add the directory containing `gudev-1.0.pc'
to the PKG_CONFIG_PATH environment variable
No package 'gudev-1.0' found
configure:12651: $? = 1
configure:12665: result: no
No package 'gudev-1.0' found
configure:12859: checking that generated files are newer than configure
configure:12865: result: done
configure:12896: creating ./config.status

## ---------------------- ##
## Running config.status. ##
## ---------------------- ##

This file was extended by libmbim config.status 1.15.0, which was
generated by GNU Autoconf 2.69.  Invocation command line was

  CONFIG_FILES    = 
  CONFIG_HEADERS  = 
  CONFIG_LINKS    = 
  CONFIG_COMMANDS = 
  $ ./config.status 

on linux.site

config.status:1138: creating Makefile
config.status:1138: creating build-aux/Makefile
config.status:1138: creating build-aux/templates/Makefile
config.status:1138: creating build-aux/mbim-codegen/Makefile
config.status:1138: creating data/Makefile
config.status:1138: creating data/pkg-config/Makefile
config.status:1138: creating data/pkg-config/mbim-glib.pc
config.status:1138: creating src/Makefile
config.status:1138: creating src/libmbim-glib/Makefile
config.status:1138: creating src/libmbim-glib/mbim-version.h
config.status:1138: creating src/libmbim-glib/generated/Makefile
config.status:1138: creating src/libmbim-glib/test/Makefile
config.status:1138: creating src/mbimcli/Makefile
config.status:1138: creating src/mbim-proxy/Makefile
config.status:1138: creating utils/Makefile
config.status:1138: creating config.h
config.status:1367: executing depfiles commands
config.status:1367: executing libtool commands

## ---------------- ##
## Cache variables. ##
## ---------------- ##

ac_cv_build=x86_64-suse-linux-gnu
ac_cv_c_compiler_gnu=yes
ac_cv_env_CC_set=set
ac_cv_env_CC_value='ccache ccache armeb-linux-uclibc-gcc'
ac_cv_env_CFLAGS_set=set
ac_cv_env_CFLAGS_value='-Os -pipe -mtune=xscale -march=armv5t -Wa,-mcpu=xscale -mno-thumb-interwork -fno-caller-saves -fPIC -ffunction-sections -fdata-sections -Wl,--gc-sections -Drpl_realloc=realloc -Drpl_malloc=malloc -I/home/seg/DEV/xscale/src/router/glib20/libglib/glib -I/home/seg/DEV/xscale/src/router/glib20/libglib/gobject -I/home/seg/DEV/xscale/src/router/_staging/usr/include -liconv -lintl -lpthread -DMESSAGE_ENABLE_TRACE'
ac_cv_env_CPPFLAGS_set=
ac_cv_env_CPPFLAGS_value=
ac_cv_env_CPP_set=
ac_cv_env_CPP_value=
ac_cv_env_GUDEV_CFLAGS_set=
ac_cv_env_GUDEV_CFLAGS_value=
ac_cv_env_GUDEV_LIBS_set=
ac_cv_env_GUDEV_LIBS_value=
ac_cv_env_LDFLAGS_set=set
ac_cv_env_LDFLAGS_value='-L/home/seg/DEV/xscale/src/router/glib20/gettext/gettext-runtime/intl/.libs -L/home/seg/DEV/xscale/src/router/glib20/libiconv/lib/.libs -L/home/seg/DEV/xscale/src/router/glib20/libglib/gobject/.libs -L/home/seg/DEV/xscale/src/router/glib20/libglib/gthread/.libs -L/home/seg/DEV/xscale/src/router/glib20/libglib/gio/.libs -L/home/seg/DEV/xscale/src/router/_staging/usr/lib'
ac_cv_env_LIBMBIM_GLIB_CFLAGS_set=set
ac_cv_env_LIBMBIM_GLIB_CFLAGS_value='-Os -pipe -mtune=xscale -march=armv5t -Wa,-mcpu=xscale -mno-thumb-interwork -fno-caller-saves -fPIC -ffunction-sections -fdata-sections -Wl,--gc-sections -Drpl_realloc=realloc -Drpl_malloc=malloc -I/home/seg/DEV/xscale/src/router/glib20/libglib/glib -I/home/seg/DEV/xscale/src/router/glib20/libglib -I/home/seg/DEV/xscale/src/router/glib20/libglib/gmodule -pthread'
ac_cv_env_LIBMBIM_GLIB_LIBS_set=set
ac_cv_env_LIBMBIM_GLIB_LIBS_value='-pthread -lpthread -L/home/seg/DEV/xscale/src/router/glib20/libglib/glib/.libs -L/home/seg/DEV/xscale/src/router/glib20/libglib/gmodule/.libs -L/home/seg/DEV/xscale/src/router/glib20/libglib/gthread/.libs -lgio-2.0 -lgobject-2.0 -lglib-2.0'
ac_cv_env_LIBS_set=
ac_cv_env_LIBS_value=
ac_cv_env_LT_SYS_LIBRARY_PATH_set=
ac_cv_env_LT_SYS_LIBRARY_PATH_value=
ac_cv_env_MBIMCLI_CFLAGS_set=set
ac_cv_env_MBIMCLI_CFLAGS_value='-Os -pipe -mtune=xscale -march=armv5t -Wa,-mcpu=xscale -mno-thumb-interwork -fno-caller-saves -fPIC -ffunction-sections -fdata-sections -Wl,--gc-sections -Drpl_realloc=realloc -Drpl_malloc=malloc -I/home/seg/DEV/xscale/src/router/glib20/libglib/glib -I/home/seg/DEV/xscale/src/router/glib20/libglib -I/home/seg/DEV/xscale/src/router/glib20/libglib/gmodule -I/home/seg/DEV/xscale/src/router/_staging/usr/include -pthread'
ac_cv_env_MBIMCLI_LIBS_set=set
ac_cv_env_MBIMCLI_LIBS_value='-pthread -lpthread -L/home/seg/DEV/xscale/src/router/glib20/libglib/glib/.libs -L/home/seg/DEV/xscale/src/router/glib20/libglib/gio/.libs -L/home/seg/DEV/xscale/src/router/glib20/libglib/gobject/.libs  -L/home/seg/DEV/xscale/src/router/glib20/libglib/glib/.libs -L/home/seg/DEV/xscale/src/router/glib20/libglib/gmodule/.libs -L/home/seg/DEV/xscale/src/router/glib20/libglib/gthread/.libs -L/home/seg/DEV/xscale/src/router/_staging/usr/lib -lgio-2.0 -lgobject-2.0 -lglib-2.0 -ljson-c -lm'
ac_cv_env_MBIMPROXY_CFLAGS_set=set
ac_cv_env_MBIMPROXY_CFLAGS_value='-Os -pipe -mtune=xscale -march=armv5t -Wa,-mcpu=xscale -mno-thumb-interwork -fno-caller-saves -fPIC -ffunction-sections -fdata-sections -Wl,--gc-sections -Drpl_realloc=realloc -Drpl_malloc=malloc -I/home/seg/DEV/xscale/src/router/glib20/libglib/glib -I/home/seg/DEV/xscale/src/router/glib20/libglib -I/home/seg/DEV/xscale/src/router/glib20/libglib/gmodule -pthread'
ac_cv_env_MBIMPROXY_LIBS_set=set
ac_cv_env_MBIMPROXY_LIBS_value='-pthread -lpthread -L/home/seg/DEV/xscale/src/router/glib20/libglib/glib/.libs -L/home/seg/DEV/xscale/src/router/glib20/libglib/gio/.libs -L/home/seg/DEV/xscale/src/router/glib20/libglib/gobject/.libs  -L/home/seg/DEV/xscale/src/router/glib20/libglib/glib/.libs -L/home/seg/DEV/xscale/src/router/glib20/libglib/gmodule/.libs -L/home/seg/DEV/xscale/src/router/glib20/libglib/gthread/.libs -lgio-2.0 -lgobject-2.0 -lglib-2.0'
ac_cv_env_PKG_CONFIG_LIBDIR_set=
ac_cv_env_PKG_CONFIG_LIBDIR_value=
ac_cv_env_PKG_CONFIG_PATH_set=
ac_cv_env_PKG_CONFIG_PATH_value=
ac_cv_env_PKG_CONFIG_set=
ac_cv_env_PKG_CONFIG_value=
ac_cv_env_build_alias_set=
ac_cv_env_build_alias_value=
ac_cv_env_host_alias_set=set
ac_cv_env_host_alias_value=armeb-linux
ac_cv_env_target_alias_set=
ac_cv_env_target_alias_value=
ac_cv_func_mmap_fixed_mapped='yes '
ac_cv_func_posix_getgrgid_r=no
ac_cv_func_posix_getpwuid_r=no
ac_cv_header_dlfcn_h=yes
ac_cv_header_inttypes_h=yes
ac_cv_header_memory_h=yes
ac_cv_header_stdc=yes
ac_cv_header_stdint_h=yes
ac_cv_header_stdlib_h=yes
ac_cv_header_string_h=yes
ac_cv_header_strings_h=yes
ac_cv_header_sys_stat_h=yes
ac_cv_header_sys_types_h=yes
ac_cv_header_unistd_h=yes
ac_cv_host=armeb-unknown-linux-gnu
ac_cv_lib_rt_clock_gettime=no
ac_cv_objext=o
ac_cv_path_EGREP='/usr/bin/grep -E'
ac_cv_path_FGREP='/usr/bin/grep -F'
ac_cv_path_GREP=/usr/bin/grep
ac_cv_path_SED=/xfs/toolchains/toolchain-armeb_v5te_gcc-4.7-linaro_uClibc-0.9.33.2-7/bin/sed
ac_cv_path_ac_pt_PKG_CONFIG=/usr/bin/pkg-config
ac_cv_path_install='/usr/bin/install -c'
ac_cv_path_lt_DD=/usr/bin/dd
ac_cv_path_mkdir=/usr/bin/mkdir
ac_cv_prog_AR=armeb-linux-uclibc-ar
ac_cv_prog_AWK=gawk
ac_cv_prog_CC='ccache ccache armeb-linux-uclibc-gcc'
ac_cv_prog_CPP='ccache ccache armeb-linux-uclibc-gcc -E'
ac_cv_prog_OBJDUMP=armeb-linux-objdump
ac_cv_prog_RANLIB=armeb-linux-uclibc-ranlib
ac_cv_prog_STRIP=armeb-linux-uclibc-strip
ac_cv_prog_ac_ct_MANIFEST_TOOL=mt
ac_cv_prog_cc_c89=
ac_cv_prog_cc_ccache_c_o=yes
ac_cv_prog_cc_g=yes
ac_cv_prog_make_make_set=yes
am_cv_CC_dependencies_compiler_type=gcc3
am_cv_make_support_nested_variables=yes
am_cv_prog_tar_ustar=gnutar
glib_cv_stack_grows='no '
glib_cv_uscore='no '
lt_cv_ar_at_file=@
lt_cv_deplibs_check_method=pass_all
lt_cv_file_magic_cmd='$MAGIC_CMD'
lt_cv_file_magic_test_file=
lt_cv_ld_reload_flag=-r
lt_cv_nm_interface='BSD nm'
lt_cv_objdir=.libs
lt_cv_path_LD=armeb-linux-uclibc-ld
lt_cv_path_NM=armeb-linux-uclibc-nm
lt_cv_path_mainfest_tool=no
lt_cv_prog_compiler_c_o=yes
lt_cv_prog_compiler_pic='-fPIC -DPIC'
lt_cv_prog_compiler_pic_works=yes
lt_cv_prog_compiler_rtti_exceptions=no
lt_cv_prog_compiler_static_works=no
lt_cv_prog_gnu_ld=yes
lt_cv_sharedlib_from_linklib_cmd='printf %s\n'
lt_cv_shlibpath_overrides_runpath=no
lt_cv_sys_global_symbol_pipe='sed -n -e '\''s/^.*[	 ]\([ABCDGIRSTW][ABCDGIRSTW]*\)[	 ][	 ]*\([_A-Za-z][_A-Za-z0-9]*\)$/\1 \2 \2/p'\'' | sed '\''/ __gnu_lto/d'\'''
lt_cv_sys_global_symbol_to_c_name_address='sed -n -e '\''s/^: \(.*\) .*$/  {"\1", (void *) 0},/p'\'' -e '\''s/^[ABCDGIRSTW][ABCDGIRSTW]* .* \(.*\)$/  {"\1", (void *) \&\1},/p'\'''
lt_cv_sys_global_symbol_to_c_name_address_lib_prefix='sed -n -e '\''s/^: \(.*\) .*$/  {"\1", (void *) 0},/p'\'' -e '\''s/^[ABCDGIRSTW][ABCDGIRSTW]* .* \(lib.*\)$/  {"\1", (void *) \&\1},/p'\'' -e '\''s/^[ABCDGIRSTW][ABCDGIRSTW]* .* \(.*\)$/  {"lib\1", (void *) \&\1},/p'\'''
lt_cv_sys_global_symbol_to_cdecl='sed -n -e '\''s/^T .* \(.*\)$/extern int \1();/p'\'' -e '\''s/^[ABCDGIRSTW][ABCDGIRSTW]* .* \(.*\)$/extern char \1;/p'\'''
lt_cv_sys_global_symbol_to_import=
lt_cv_sys_max_cmd_len=1572864
lt_cv_to_host_file_cmd=func_convert_file_noop
lt_cv_to_tool_file_cmd=func_convert_file_noop
lt_cv_truncate_bin='/usr/bin/dd bs=4096 count=1'
pkg_cv_LIBMBIM_GLIB_CFLAGS='-Os -pipe -mtune=xscale -march=armv5t -Wa,-mcpu=xscale -mno-thumb-interwork -fno-caller-saves -fPIC -ffunction-sections -fdata-sections -Wl,--gc-sections -Drpl_realloc=realloc -Drpl_malloc=malloc -I/home/seg/DEV/xscale/src/router/glib20/libglib/glib -I/home/seg/DEV/xscale/src/router/glib20/libglib -I/home/seg/DEV/xscale/src/router/glib20/libglib/gmodule -pthread'
pkg_cv_LIBMBIM_GLIB_LIBS='-pthread -lpthread -L/home/seg/DEV/xscale/src/router/glib20/libglib/glib/.libs -L/home/seg/DEV/xscale/src/router/glib20/libglib/gmodule/.libs -L/home/seg/DEV/xscale/src/router/glib20/libglib/gthread/.libs -lgio-2.0 -lgobject-2.0 -lglib-2.0'
pkg_cv_MBIMCLI_CFLAGS='-Os -pipe -mtune=xscale -march=armv5t -Wa,-mcpu=xscale -mno-thumb-interwork -fno-caller-saves -fPIC -ffunction-sections -fdata-sections -Wl,--gc-sections -Drpl_realloc=realloc -Drpl_malloc=malloc -I/home/seg/DEV/xscale/src/router/glib20/libglib/glib -I/home/seg/DEV/xscale/src/router/glib20/libglib -I/home/seg/DEV/xscale/src/router/glib20/libglib/gmodule -I/home/seg/DEV/xscale/src/router/_staging/usr/include -pthread'
pkg_cv_MBIMCLI_LIBS='-pthread -lpthread -L/home/seg/DEV/xscale/src/router/glib20/libglib/glib/.libs -L/home/seg/DEV/xscale/src/router/glib20/libglib/gio/.libs -L/home/seg/DEV/xscale/src/router/glib20/libglib/gobject/.libs  -L/home/seg/DEV/xscale/src/router/glib20/libglib/glib/.libs -L/home/seg/DEV/xscale/src/router/glib20/libglib/gmodule/.libs -L/home/seg/DEV/xscale/src/router/glib20/libglib/gthread/.libs -L/home/seg/DEV/xscale/src/router/_staging/usr/lib -lgio-2.0 -lgobject-2.0 -lglib-2.0 -ljson-c -lm'
pkg_cv_MBIMPROXY_CFLAGS='-Os -pipe -mtune=xscale -march=armv5t -Wa,-mcpu=xscale -mno-thumb-interwork -fno-caller-saves -fPIC -ffunction-sections -fdata-sections -Wl,--gc-sections -Drpl_realloc=realloc -Drpl_malloc=malloc -I/home/seg/DEV/xscale/src/router/glib20/libglib/glib -I/home/seg/DEV/xscale/src/router/glib20/libglib -I/home/seg/DEV/xscale/src/router/glib20/libglib/gmodule -pthread'
pkg_cv_MBIMPROXY_LIBS='-pthread -lpthread -L/home/seg/DEV/xscale/src/router/glib20/libglib/glib/.libs -L/home/seg/DEV/xscale/src/router/glib20/libglib/gio/.libs -L/home/seg/DEV/xscale/src/router/glib20/libglib/gobject/.libs  -L/home/seg/DEV/xscale/src/router/glib20/libglib/glib/.libs -L/home/seg/DEV/xscale/src/router/glib20/libglib/gmodule/.libs -L/home/seg/DEV/xscale/src/router/glib20/libglib/gthread/.libs -lgio-2.0 -lgobject-2.0 -lglib-2.0'

## ----------------- ##
## Output variables. ##
## ----------------- ##

ACLOCAL='${SHELL} /home/seg/DEV/xscale/src/router/libmbim/missing --run aclocal-1.12'
AMDEPBACKSLASH='\'
AMDEP_FALSE='#'
AMDEP_TRUE=''
AMTAR='$${TAR-tar}'
AM_BACKSLASH='\'
AM_DEFAULT_V='$(AM_DEFAULT_VERBOSITY)'
AM_DEFAULT_VERBOSITY='0'
AM_V='$(V)'
AR='armeb-linux-uclibc-ar'
AUTOCONF='${SHELL} /home/seg/DEV/xscale/src/router/libmbim/missing --run autoconf'
AUTOHEADER='${SHELL} /home/seg/DEV/xscale/src/router/libmbim/missing --run autoheader'
AUTOMAKE='${SHELL} /home/seg/DEV/xscale/src/router/libmbim/missing --run automake-1.12'
AWK='gawk'
CC='ccache ccache armeb-linux-uclibc-gcc'
CCDEPMODE='depmode=gcc3'
CFLAGS='-Os -pipe -mtune=xscale -march=armv5t -Wa,-mcpu=xscale -mno-thumb-interwork -fno-caller-saves -fPIC -ffunction-sections -fdata-sections -Wl,--gc-sections -Drpl_realloc=realloc -Drpl_malloc=malloc -I/home/seg/DEV/xscale/src/router/glib20/libglib/glib -I/home/seg/DEV/xscale/src/router/glib20/libglib/gobject -I/home/seg/DEV/xscale/src/router/_staging/usr/include -liconv -lintl -lpthread -DMESSAGE_ENABLE_TRACE'
CPP='ccache ccache armeb-linux-uclibc-gcc -E'
CPPFLAGS=''
CYGPATH_W='echo'
DEFS='-DHAVE_CONFIG_H'
DEPDIR='.deps'
DLLTOOL='false'
DSYMUTIL=''
DUMPBIN=''
ECHO_C=''
ECHO_N='-n'
ECHO_T=''
EGREP='/usr/bin/grep -E'
EXEEXT=''
FGREP='/usr/bin/grep -F'
GLIB_MKENUMS='glib-mkenums'
GREP='/usr/bin/grep'
GUDEV_CFLAGS=''
GUDEV_LIBS=''
INSTALL_DATA='${INSTALL} -m 644'
INSTALL_PROGRAM='${INSTALL}'
INSTALL_SCRIPT='${INSTALL}'
INSTALL_STRIP_PROGRAM='$(install_sh) -c -s'
LD='armeb-linux-uclibc-ld'
LDFLAGS='-L/home/seg/DEV/xscale/src/router/glib20/gettext/gettext-runtime/intl/.libs -L/home/seg/DEV/xscale/src/router/glib20/libiconv/lib/.libs -L/home/seg/DEV/xscale/src/router/glib20/libglib/gobject/.libs -L/home/seg/DEV/xscale/src/router/glib20/libglib/gthread/.libs -L/home/seg/DEV/xscale/src/router/glib20/libglib/gio/.libs -L/home/seg/DEV/xscale/src/router/_staging/usr/lib'
LIBMBIM_GLIB_CFLAGS='-Os -pipe -mtune=xscale -march=armv5t -Wa,-mcpu=xscale -mno-thumb-interwork -fno-caller-saves -fPIC -ffunction-sections -fdata-sections -Wl,--gc-sections -Drpl_realloc=realloc -Drpl_malloc=malloc -I/home/seg/DEV/xscale/src/router/glib20/libglib/glib -I/home/seg/DEV/xscale/src/router/glib20/libglib -I/home/seg/DEV/xscale/src/router/glib20/libglib/gmodule -pthread'
LIBMBIM_GLIB_LIBS='-pthread -lpthread -L/home/seg/DEV/xscale/src/router/glib20/libglib/glib/.libs -L/home/seg/DEV/xscale/src/router/glib20/libglib/gmodule/.libs -L/home/seg/DEV/xscale/src/router/glib20/libglib/gthread/.libs -lgio-2.0 -lgobject-2.0 -lglib-2.0'
LIBOBJS=''
LIBS=''
LIBTOOL='$(SHELL) $(top_builddir)/libtool'
LIPO=''
LN_S='ln -s'
LTLIBOBJS=''
LT_SYS_LIBRARY_PATH=''
MAINT=''
MAINTAINER_MODE_FALSE='#'
MAINTAINER_MODE_TRUE=''
MAKEINFO='${SHELL} /home/seg/DEV/xscale/src/router/libmbim/missing --run makeinfo'
MANIFEST_TOOL=':'
MBIMCLI_CFLAGS='-Os -pipe -mtune=xscale -march=armv5t -Wa,-mcpu=xscale -mno-thumb-interwork -fno-caller-saves -fPIC -ffunction-sections -fdata-sections -Wl,--gc-sections -Drpl_realloc=realloc -Drpl_malloc=malloc -I/home/seg/DEV/xscale/src/router/glib20/libglib/glib -I/home/seg/DEV/xscale/src/router/glib20/libglib -I/home/seg/DEV/xscale/src/router/glib20/libglib/gmodule -I/home/seg/DEV/xscale/src/router/_staging/usr/include -pthread'
MBIMCLI_LIBS='-pthread -lpthread -L/home/seg/DEV/xscale/src/router/glib20/libglib/glib/.libs -L/home/seg/DEV/xscale/src/router/glib20/libglib/gio/.libs -L/home/seg/DEV/xscale/src/router/glib20/libglib/gobject/.libs  -L/home/seg/DEV/xscale/src/router/glib20/libglib/glib/.libs -L/home/seg/DEV/xscale/src/router/glib20/libglib/gmodule/.libs -L/home/seg/DEV/xscale/src/router/glib20/libglib/gthread/.libs -L/home/seg/DEV/xscale/src/router/_staging/usr/lib -lgio-2.0 -lgobject-2.0 -lglib-2.0 -ljson-c -lm'
MBIMPROXY_CFLAGS='-Os -pipe -mtune=xscale -march=armv5t -Wa,-mcpu=xscale -mno-thumb-interwork -fno-caller-saves -fPIC -ffunction-sections -fdata-sections -Wl,--gc-sections -Drpl_realloc=realloc -Drpl_malloc=malloc -I/home/seg/DEV/xscale/src/router/glib20/libglib/glib -I/home/seg/DEV/xscale/src/router/glib20/libglib -I/home/seg/DEV/xscale/src/router/glib20/libglib/gmodule -pthread'
MBIMPROXY_LIBS='-pthread -lpthread -L/home/seg/DEV/xscale/src/router/glib20/libglib/glib/.libs -L/home/seg/DEV/xscale/src/router/glib20/libglib/gio/.libs -L/home/seg/DEV/xscale/src/router/glib20/libglib/gobject/.libs  -L/home/seg/DEV/xscale/src/router/glib20/libglib/glib/.libs -L/home/seg/DEV/xscale/src/router/glib20/libglib/gmodule/.libs -L/home/seg/DEV/xscale/src/router/glib20/libglib/gthread/.libs -lgio-2.0 -lgobject-2.0 -lglib-2.0'
MBIM_GLIB_LT_AGE='2'
MBIM_GLIB_LT_CURRENT='6'
MBIM_GLIB_LT_REVISION='0'
MBIM_MAJOR_VERSION='1'
MBIM_MICRO_VERSION='0'
MBIM_MINOR_VERSION='15'
MBIM_USERNAME='root'
MBIM_USERNAME_ENABLED_FALSE=''
MBIM_USERNAME_ENABLED_TRUE='#'
MBIM_VERSION='1.15.0'
MKDIR_P='/usr/bin/mkdir -p'
NM='armeb-linux-uclibc-nm'
NMEDIT=''
OBJDUMP='armeb-linux-objdump'
OBJEXT='o'
OTOOL64=''
OTOOL=''
PACKAGE='libmbim'
PACKAGE_BUGREPORT='libmbim-devel@lists.freedesktop.org'
PACKAGE_NAME='libmbim'
PACKAGE_STRING='libmbim 1.15.0'
PACKAGE_TARNAME='libmbim'
PACKAGE_URL=''
PACKAGE_VERSION='1.15.0'
PATH_SEPARATOR=':'
PKG_CONFIG='/usr/bin/pkg-config'
PKG_CONFIG_LIBDIR=''
PKG_CONFIG_PATH=''
RANLIB='armeb-linux-uclibc-ranlib'
SED='/xfs/toolchains/toolchain-armeb_v5te_gcc-4.7-linaro_uClibc-0.9.33.2-7/bin/sed'
SET_MAKE=''
SHELL='/bin/sh'
STRIP='armeb-linux-uclibc-strip'
UDEV_BASE_DIR='/lib/udev'
VERSION='1.15.0'
ac_ct_AR=''
ac_ct_CC=''
ac_ct_DUMPBIN=''
am__EXEEXT_FALSE=''
am__EXEEXT_TRUE='#'
am__fastdepCC_FALSE='#'
am__fastdepCC_TRUE=''
am__include='include'
am__isrc=''
am__leading_dot='.'
am__nodep='_no'
am__quote=''
am__tar='tar --format=ustar -chf - "$$tardir"'
am__untar='tar -xf -'
bindir='${exec_prefix}/bin'
build='x86_64-suse-linux-gnu'
build_alias=''
build_cpu='x86_64'
build_os='linux-gnu'
build_vendor='suse'
datadir='${datarootdir}'
datarootdir='${prefix}/share'
docdir='${datarootdir}/doc/${PACKAGE_TARNAME}'
dvidir='${docdir}'
exec_prefix='${prefix}'
host='armeb-unknown-linux-gnu'
host_alias='armeb-linux'
host_cpu='armeb'
host_os='linux-gnu'
host_vendor='unknown'
htmldir='${docdir}'
includedir='${prefix}/include'
infodir='${datarootdir}/info'
install_sh='${SHELL} /home/seg/DEV/xscale/src/router/libmbim/install-sh'
libdir='${exec_prefix}/lib'
libexecdir='/usr/lib'
localedir='${datarootdir}/locale'
localstatedir='${prefix}/var'
mandir='${datarootdir}/man'
mkdir_p='/usr/bin/mkdir -p'
oldincludedir='/usr/include'
pdfdir='${docdir}'
prefix='/usr/local'
program_transform_name='s,x,x,'
psdir='${docdir}'
sbindir='${exec_prefix}/sbin'
sharedstatedir='${prefix}/com'
sysconfdir='${prefix}/etc'
target_alias=''

## ----------- ##
## confdefs.h. ##
## ----------- ##

/* confdefs.h */
#define PACKAGE_NAME "libmbim"
#define PACKAGE_TARNAME "libmbim"
#define PACKAGE_VERSION "1.15.0"
#define PACKAGE_STRING "libmbim 1.15.0"
#define PACKAGE_BUGREPORT "libmbim-devel@lists.freedesktop.org"
#define PACKAGE_URL ""
#define STDC_HEADERS 1
#define HAVE_SYS_TYPES_H 1
#define HAVE_SYS_STAT_H 1
#define HAVE_STDLIB_H 1
#define HAVE_STRING_H 1
#define HAVE_MEMORY_H 1
#define HAVE_STRINGS_H 1
#define HAVE_INTTYPES_H 1
#define HAVE_STDINT_H 1
#define HAVE_UNISTD_H 1
#define HAVE_DLFCN_H 1
#define LT_OBJDIR ".libs/"

configure: exit 0
