This file contains any messages produced by compilers while
running configure, to aid debugging if configure makes a mistake.

It was created by configure, which was
generated by GNU Autoconf 2.59.  Invocation command line was

  $ ./configure --host=mipsel-uclibc --prefix=/tmp/proftpd

## --------- ##
## Platform. ##
## --------- ##

hostname = localhost.localdomain
uname -m = i686
uname -r = 2.4.26
uname -s = Linux
uname -v = #5 SMP Wed Nov 9 10:05:58 CST 2005

/usr/bin/uname -p = unknown
/bin/uname -X     = unknown

/bin/arch              = i686
/usr/bin/arch -k       = unknown
/usr/convex/getsysinfo = unknown
hostinfo               = unknown
/bin/machine           = unknown
/usr/bin/oslevel       = unknown
/bin/universe          = unknown

PATH: /usr/local/sbin
PATH: /usr/local/bin
PATH: /sbin
PATH: /bin
PATH: /usr/sbin
PATH: /usr/bin
PATH: /usr/X11R6/bin
PATH: /opt/brcm/hndtools-mipsel-linux/bin/
PATH: /opt/brcm/hndtools-mipsel-uclibc/bin
PATH: /usr/local/arm-linux-gnu/bin
PATH: /root/bin


## ----------- ##
## Core tests. ##
## ----------- ##

configure:1634: checking build system type
configure:1652: result: i686-pc-linux-gnu
configure:1660: checking host system type
configure:1669: error: /bin/sh .//config.sub mipsel-uclibc failed

## ---------------- ##
## Cache variables. ##
## ---------------- ##

ac_cv_build=i686-pc-linux-gnu
ac_cv_build_alias=i686-pc-linux-gnu
ac_cv_env_CC_set=
ac_cv_env_CC_value=
ac_cv_env_CFLAGS_set=
ac_cv_env_CFLAGS_value=
ac_cv_env_CPPFLAGS_set=
ac_cv_env_CPPFLAGS_value=
ac_cv_env_CPP_set=
ac_cv_env_CPP_value=
ac_cv_env_CXXCPP_set=
ac_cv_env_CXXCPP_value=
ac_cv_env_CXXFLAGS_set=
ac_cv_env_CXXFLAGS_value=
ac_cv_env_CXX_set=
ac_cv_env_CXX_value=
ac_cv_env_F77_set=
ac_cv_env_F77_value=
ac_cv_env_FFLAGS_set=
ac_cv_env_FFLAGS_value=
ac_cv_env_LDFLAGS_set=
ac_cv_env_LDFLAGS_value=
ac_cv_env_LIBS_set=
ac_cv_env_LIBS_value=
ac_cv_env_build_alias_set=
ac_cv_env_build_alias_value=
ac_cv_env_host_alias_set=set
ac_cv_env_host_alias_value=mipsel-uclibc
ac_cv_env_target_alias_set=
ac_cv_env_target_alias_value=
ac_cv_host=
ac_cv_host_alias=mipsel-uclibc

## ----------------- ##
## Output variables. ##
## ----------------- ##

ADDL_DIRS=''
ALLOCA=''
AR=''
BINDIR=''
BUILD_SHARED_MODULE_OBJS=''
BUILD_STATIC_MODULE_OBJS=''
CC=''
CFLAGS=''
CPP=''
CPPFLAGS=''
CURSES_LIBS=''
CXX=''
CXXCPP=''
CXXFLAGS=''
DEFS=''
ECHO='echo'
ECHO_C=''
ECHO_N='-n'
ECHO_T=''
EGREP=''
EXEEXT=''
F77=''
FFLAGS=''
GLUE_MODULE_OBJS=''
INCLTDL=''
INCLUDEDIR=''
INCLUDES=''
INSTALL_DATA=''
INSTALL_DEPS=''
INSTALL_PROGRAM=''
INSTALL_SCRIPT=''
INSTALL_STRIP=''
LDFLAGS=''
LIBDIRS=''
LIBEXECDIR=''
LIBLTDL=''
LIBOBJS=''
LIBRARIES=''
LIBS=''
LIBTOOL=''
LIBTOOL_DEPS=''
LIB_DEPS=''
LIB_OBJS=''
LN_S=''
LOCALSTATEDIR=''
LTLIBOBJS=''
MAIN_LDFLAGS=''
MAIN_LIBS=''
MODULE_DEPS=''
MODULE_LDFLAGS=''
OBJEXT=''
OSREL=''
OSTYPE='linux-gnu'
PACKAGE_BUGREPORT=''
PACKAGE_NAME=''
PACKAGE_STRING=''
PACKAGE_TARNAME=''
PACKAGE_VERSION=''
PATH_SEPARATOR=':'
PREFIX=''
RANLIB=''
SBINDIR=''
SET_MAKE=''
SHARED_MODULE_DIRS=''
SHARED_MODULE_OBJS=''
SHELL='/bin/sh'
STATIC_MODULE_DIRS=''
STATIC_MODULE_OBJS=''
STRIP=''
SYSCONFDIR=''
VERSION=''
ac_ct_AR=''
ac_ct_CC=''
ac_ct_CXX=''
ac_ct_F77=''
ac_ct_RANLIB=''
ac_ct_STRIP=''
bindir='${exec_prefix}/bin'
build='i686-pc-linux-gnu'
build_alias=''
build_cpu='i686'
build_os='linux-gnu'
build_vendor='pc'
datadir='${prefix}/share'
exec_prefix='NONE'
host='mipsel-uclibc'
host_alias='mipsel-uclibc'
host_cpu=''
host_os=''
host_vendor=''
includedir='${prefix}/include'
infodir='${prefix}/info'
install_group=''
install_user=''
libdir='${exec_prefix}/lib'
libexecdir='${exec_prefix}/libexec'
localstatedir='${prefix}/var'
mandir='${prefix}/man'
oldincludedir='/usr/include'
prefix='/tmp/proftpd'
program_transform_name='s,x,x,'
sbindir='${exec_prefix}/sbin'
sharedstatedir='${prefix}/com'
subdirs=''
sysconfdir='${prefix}/etc'
target=''
target_alias=''
target_cpu=''
target_os=''
target_vendor=''

## ----------- ##
## confdefs.h. ##
## ----------- ##

#define PACKAGE_BUGREPORT ""
#define PACKAGE_NAME ""
#define PACKAGE_STRING ""
#define PACKAGE_TARNAME ""
#define PACKAGE_VERSION ""

configure: exit 1
