@COPYING
@INSTALL.pc
@INSTALL.unx
@INSTALL.vms
@NEWS
@README
@UPGRADE.txt

@mkfiles/build.bat
@mkfiles/build.sh 0755
@mkfiles/makefile.dos
@mkfiles/makefile.sh
@mkfiles/install.sl
@mkfiles/m32init.bat
@mkfiles/README
@mkfiles/runslsh.bat
@mkfiles/makefile.m32

@autoconf/Makefile
@autoconf/Makefile.in
@autoconf/aclocal.m4
@autoconf/config.guess 0755
@autoconf/config.sub 0755
@autoconf/configure.ac
@autoconf/install.sh 0755
@autoconf/mkinsdir.sh 0755
@autoconf/iconv.m4
@autoconf/slangpc.in

@changes.txt
@configure 0755
@demo/Makefile.in
@demo/Makefile.w32
@demo/README
#@demo/configure 0755
#@demo/configure.in
@demo/demolib.c
@demo/keypad.c
#@demo/modules.unx
@demo/pager.c
@demo/smgtest.c
@demo/useropen.c
@demo/rline.c

@doc/OLD/help/README
@doc/OLD/help/makefile.djg
@doc/OLD/help/makefile.os2
@doc/OLD/help/makefile.unx
@doc/OLD/help/slang.hlp
@doc/OLD/help/slhelp.c
@doc/README
@doc/grammar.txt
@doc/internal/rpn.txt
@doc/slangdoc.html
@doc/text/cref.txt
@doc/text/cslang.txt
@doc/text/slang.txt
@doc/text/slangfun.txt
@doc/tm/Makefile
@doc/tm/local.tm
@doc/tm/hlpdefs.tm
@doc/tm/copyright.tm
@doc/tm/cref.tm
@doc/tm/crtl/slalloc.tm
@doc/tm/crtl/slinterp.tm
@doc/tm/crtl/slsearch.tm
@doc/tm/crtl/slutf8.tm
@doc/tm/crtl/slerr.tm
@doc/tm/crtl/slkeymap.tm
@doc/tm/crtl/slsmg.tm
@doc/tm/crtl/slwchar.tm
@doc/tm/crtl/slinit.tm
@doc/tm/crtl/slmisc.tm
@doc/tm/crtl/sltty.tm
@doc/tm/crtl/undoc.tm
@doc/tm/cslang.tm
@doc/tm/fixtex.sl
@doc/tm/intnews.tm
@doc/tm/apinews.tm
@doc/tm/preface.tm
@doc/tm/regexp.tm
@doc/tm/rtl/array.tm
@doc/tm/rtl/assoc.tm
@doc/tm/rtl/bstr.tm
@doc/tm/rtl/datatype.tm
@doc/tm/rtl/debug.tm
@doc/tm/rtl/dir.tm
@doc/tm/rtl/eval.tm
@doc/tm/rtl/import.tm
@doc/tm/rtl/info.tm
@doc/tm/rtl/list.tm
@doc/tm/rtl/math.tm
@doc/tm/rtl/message.tm
@doc/tm/rtl/misc.tm
@doc/tm/rtl/ospath.tm
@doc/tm/rtl/posio.tm
@doc/tm/rtl/posix.tm
@doc/tm/rtl/qualif.tm
@doc/tm/rtl/rline.tm
@doc/tm/rtl/signal.tm
@doc/tm/rtl/stack.tm
@doc/tm/rtl/stdio.tm
@doc/tm/rtl/strops.tm
@doc/tm/rtl/struct.tm
@doc/tm/rtl/time.tm
@doc/tm/rtl/checktm.sl 0755
@doc/tm/rtl/tm-sort.sl 0755
@doc/tm/rtl/whatelse.sl 0755
@doc/tm/rtl/type.tm
@doc/tm/slang.tm
@doc/tm/slangfun.tm
@doc/tm/tools/Makefile
@doc/tm/tools/README
@doc/tm/tools/sl2tm.c
@doc/tm/tools/tm2txt.c
@doc/tm/tools/fixtxt 0755
@examples/assoc.sl
@examples/colormap.sl
@examples/life.sl
@examples/prime.sl
@examples/saveobj.sl
@examples/sort.sl
@examples/utmp.sl
@examples/slsmgex2.sl

@modules/mkfiles/makefile.all
@modules/mkfiles/README
@modules/Makefile.in
@modules/README
@modules/csv-module.c
@modules/csv.sl
@modules/fcntl-module.c
@modules/fcntl.sl
@modules/fork.sl
@modules/fork-module.c
@modules/onig-module.c
@modules/onig.sl
@modules/pcre-module.c
@modules/pcre.sl
@modules/png-module.c
@modules/png.sl
@modules/rand-module.c
@modules/rand.sl
@modules/select-module.c
@modules/select.sl
@modules/slsmg-module.c
@modules/slsmg.sl
@modules/sysconf-module.c
@modules/sysconf.sl
@modules/termios-module.c
@modules/termios.sl
@modules/template.c
@modules/varray-module.c
@modules/varray.sl
@modules/newt-module.c
@modules/socket-module.c
@modules/socket.sl
@modules/iconv-module.c
@modules/iconv.sl
@modules/zlib-module.c
@modules/zlib.sl

@modules/test/test_csv.sl
@modules/test/test_zlib.sl
@modules/test/test_onig.sl
@modules/test/test_rand.sl

@modules/tm/pcrefuns.tm
@modules/tm/pngfuns.tm
@modules/tm/sockfuns.tm
@modules/tm/onigfuns.tm
@modules/tm/randfuns.tm
@modules/tm/forkfuns.tm
@modules/tm/Makefile
@modules/tm/modfuns.tm
@modules/tm/csvfuns.tm
@modules/tm/slsmg.tm

@modules/help/pcrefuns.hlp
@modules/help/pngfuns.hlp
@modules/help/randfuns.hlp
@modules/help/sockfuns.hlp
@modules/help/onigfuns.hlp
@modules/help/forkfuns.hlp
@modules/help/csvfuns.hlp
@modules/help/slsmg.hlp

@modules/examples/newt_ex.sl
@modules/examples/slsmg_ex.sl
@modules/examples/grep 0755
@modules/examples/varray_ex.sl
@modules/examples/echosrv.sl
@modules/examples/oniggrep
@modules/examples/echoclnt.sl

@modules/cmaps/mkcmap.sl
@modules/cmaps/cool.map
@modules/cmaps/globe.map
@modules/cmaps/jet.map
@modules/cmaps/rainbow.map
@modules/cmaps/seis.map
@modules/cmaps/copper.map
@modules/cmaps/gray.map
@modules/cmaps/no_green.map
@modules/cmaps/red2green.map
@modules/cmaps/split.map
@modules/cmaps/drywet.map
@modules/cmaps/haxby.map
@modules/cmaps/ocean.map
@modules/cmaps/relief.map
@modules/cmaps/topo.map
@modules/cmaps/gebco.map
@modules/cmaps/hot.map
@modules/cmaps/polar.map
@modules/cmaps/sealand.map
@modules/cmaps/wysiwyg.map
@modules/cmaps/ds9b.map
@modules/cmaps/ds9sls.map
@modules/cmaps/coolwarm.map
#

@slang.lis
@slsh/INSTALL
@slsh/Makefile.g32
@slsh/mkfiles/makefile.all
@slsh/mkfiles/README
@slsh/mkfiles/slsh.rc
*slsh/mkfiles/sldoc.ico
*slsh/mkfiles/slsh.ico
@slsh/Makefile.in
@slsh/README

@slsh/etc/slsh.rc

@slsh/lib/arrayfuns.sl
@slsh/lib/structfuns.sl
@slsh/lib/autoload.sl
@slsh/lib/require.sl
@slsh/lib/glob.sl
@slsh/lib/stkcheck.sl
@slsh/lib/slshrl.sl
@slsh/lib/sldb.sl
@slsh/lib/sldbcore.sl
@slsh/lib/sldbsock.sl
@slsh/lib/profile.sl
@slsh/lib/print.sl
@slsh/lib/slshhelp.sl
@slsh/lib/cmdopt.sl
@slsh/lib/readascii.sl
@slsh/lib/process.sl
@slsh/lib/setfuns.sl

@slsh/lib/rline/editfuns.sl
@slsh/lib/rline/emacskeys.sl
@slsh/lib/rline/history.sl
@slsh/lib/rline/vikeys.sl
@slsh/lib/rline/complete.sl
@slsh/lib/rline/slrline.rc
@slsh/lib/rline/editor.sl
@slsh/lib/rline/histsrch.sl

@slsh/lib/help/arrayfuns.hlp
@slsh/lib/help/glob.hlp
@slsh/lib/help/require.hlp
@slsh/lib/help/structfuns.hlp
@slsh/lib/help/cmdopt.hlp
@slsh/lib/help/readascii.hlp
@slsh/lib/help/profile.hlp
@slsh/lib/help/print.hlp
@slsh/lib/help/process.hlp
@slsh/lib/help/setfuns.hlp

@slsh/lib/tm/Makefile
@slsh/lib/tm/arrayfuns.tm
@slsh/lib/tm/glob.tm
@slsh/lib/tm/require.tm
@slsh/lib/tm/structfuns.tm
@slsh/lib/tm/cmdopt.tm
@slsh/lib/tm/readascii.tm
@slsh/lib/tm/profile.tm
@slsh/lib/tm/print.tm
@slsh/lib/tm/process.tm
@slsh/lib/tm/setfuns.tm

@slsh/lib/test/test_cmdopt.sl
@slsh/lib/test/test_structfuns.sl
@slsh/lib/test/test_readascii.sl
@slsh/lib/test/test_print.sl
@slsh/lib/test/test_process.sl
@slsh/lib/test/test_setfuns.sl

@slsh/doc/tm/slsh.tm
@slsh/doc/tm/Makefile
@slsh/doc/tm/slshfun.tm
@slsh/doc/tm/local.tm
@slsh/doc/man/slsh.1
@slsh/doc/html/slshfun.html
@slsh/doc/html/slshfun-1.html
@slsh/doc/html/slshfun-2.html
@slsh/doc/html/slshfun-3.html
@slsh/doc/html/slshfun-4.html
@slsh/doc/html/slshfun-5.html
@slsh/doc/html/slshfun-6.html
@slsh/doc/html/slshfun-7.html
@slsh/doc/html/slshfun-8.html
@slsh/doc/html/slshfun-9.html
@slsh/scripts/badlinks 0755
@slsh/scripts/htmlstrip 0755
@slsh/scripts/ls 0755
@slsh/scripts/lsrpm 0755
@slsh/scripts/mv 0755
@slsh/scripts/purge 0755
@slsh/scripts/jpegsize 0755
@slsh/scripts/svnsh 0755
@slsh/scripts/sldb 0755
@slsh/scripts/slprof 0755
@slsh/scripts/slstkchk 0755
@slsh/slsh.c
@slsh/slsh.h
@slsh/readline.c
@src/DESCRIP.MMS
@src/Makefile.in
@src/VMSMAKE.COM
@src/_slang.h
@src/calc.c
@src/calc.sl
@src/config.hin
@src/curses/Makefile
@src/curses/README
@src/curses/battle.c
@src/curses/blue.c
@src/curses/bs.c
@src/curses/firework.c
@src/curses/gdc.c
@src/curses/hanoi.c
@src/curses/knight.c
@src/curses/rain.c
@src/curses/tclock.c
@src/curses/view.c
@src/curses/worm.c
@src/jdmacros.h
@src/keywhash.c
@src/mkfiles/README
@src/mkfiles/makefile.all
@src/mkfiles/mkmake.c
*src/mkfiles/mkmake.exe
@src/modules.unx
@src/pcconf.c
@src/sl-feat.h
@src/slang.c
@src/slang.h
@src/slarith.c
@src/slarith.inc
@src/slarith2.inc
@src/slarray.c
@src/slagetput.inc
@src/slarrfun.c
@src/slarrfun.inc
@src/slarrmis.c
@src/slassoc.c
@src/slboseos.c
@src/slbstr.c
@src/slclass.c
@src/slcmd.c
@src/slcmplex.c
@src/slcombin.h
@src/slcommon.c
@src/slcompat.c
@src/slconfig.h
@src/slcurses.c
@src/slcurses.h
@src/sldisply.c
@src/sldostty.c
@src/slerr.c
@src/slerrno.c
@src/slexcept.c
@src/slfile.c
@src/slfpu.c
@src/slgetkey.c
@src/slimport.c
@src/slinclud.h
@src/slintall.c
@src/slischar.c
@src/slischar.h
@src/slistruc.c
@src/slkeymap.c
@src/slkeypad.c
@src/sllimits.h
@src/sllist.c
@src/sllower.c
@src/sllower.h
@src/slmalloc.c
@src/slmath.c
@src/slmemchr.c
@src/slmemcmp.c
@src/slmemcpy.c
@src/slmemset.c
@src/slmisc.c
@src/slnspace.c
@src/slos2tty.c
@src/slospath.c
@src/slpack.c
@src/slparse.c
@src/slpath.c
@src/slposdir.c
@src/slposio.c
@src/slprepr.c
@src/slproc.c
@src/slregexp.c
@src/slrline.c
@src/slscanf.c
@src/slscroll.c
@src/slsearch.c
@src/slsignal.c
@src/slsig.c
@src/slsmg.c
@src/slstd.c
@src/slstdio.c
@src/slstring.c
@src/slstrops.c
@src/slstruct.c
@src/sltermin.c
@src/sltime.c
@src/sltoken.c
@src/sltypes.c
@src/slupper.c
@src/slupper.h
@src/slutf8.c
@src/slutty.c
@src/slvideo.c
@src/slvmstty.c
@src/slw32tty.c
@src/slwclut.c
@src/slwcwidth.c
@src/slwcwidth.h
@src/slxstrng.c
@src/test/Makefile
@src/test/README
@src/test/anytype.sl
@src/test/arith.sl
@src/test/argv.sl
@src/test/array.sl
@src/test/arrmult.sl
@src/test/assoc.sl
@src/test/autoload.sl
@src/test/break.sl
@src/test/bstring.sl
@src/test/bugs.sl
@src/test/compare.sl
@src/test/deref.sl
@src/test/debug.sl
@src/test/dollar.sl
@src/test/docfun.sl
@src/test/eqs.sl
@src/test/except.sl
@src/test/ifeval.sl
@src/test/inc.sl
@src/test/leak.sl
@src/test/list.sl
@src/test/longline.inc
@src/test/loops.sl
@src/test/method.sl
@src/test/multline.sl
@src/test/naninf.sl
@src/test/ns1.inc
@src/test/ns2.inc
@src/test/nspace.sl
@src/test/nspace2.sl
@src/test/ospath.sl
@src/test/overflow.sl
@src/test/pack.sl
@src/test/path.sl
@src/test/posixio.sl
@src/test/prep.sl
@src/test/qualif.sl
@src/test/regexp.sl
@src/test/req.sl
@src/test/reqfoo.sl
@src/test/selfload.sl
@src/test/scircuit.sl
@src/test/signal.sl
@src/test/sltest.c
@src/test/sort.sl
@src/test/sscanf.sl
@src/test/stdio.sl
@src/test/strops.sl
@src/test/struct.sl
@src/test/syntax.sl
@src/test/template.sl
@src/test/time.sl
@src/test/utf8.sl
@src/test/longlong.sl
@src/untic.c
@src/slang.ver
@src/terminfo/aix4.inc
@src/terminfo/Makefile
@src/terminfo/README
@src/terminfo/default.inc
@src/terminfo/osf1r5.inc
@src/terminfo/uwin.inc
@src/terminfo/hpux11.inc
@src/terminfo/parsecaps.sl
@src/util/Makefile
@src/util/bcdump.c
@src/util/chkproto.c
@src/util/keywords.lis
@src/util/perfhash.c
@src/util/mkslarith2.sl 0755
@utf8/test_isxxx.c
@utf8/testfiles/UTF-8-demo.txt
@utf8/testfiles/UTF-8-test.txt
@utf8/tools/EastAsianWidth.txt
@utf8/tools/UnicodeData.txt
@utf8/tools/Makefile
*utf8/tools/mktables 0755
