This file contains any messages produced by compilers while
running configure, to aid debugging if configure makes a mistake.

It was created by configure, which was
generated by GNU Autoconf 2.61.  Invocation command line was

  $ ./configure --prefix=/usr/local --enable-static --disable-shared --disable-openmp --host=mips-linux CC=mips-linux-uclibc-gcc CFLAGS=-Os -pipe -mips32r2 -mtune=mips32r2 -msoft-float  -fno-caller-saves -DNEED_PRINTF -fPIC -ffunction-sections -fdata-sections -Wl,--gc-sections -Drpl_malloc=malloc host_alias=mips-linux CXX=mips-linux-uclibc-g++ --cache-file=/dev/null --srcdir=.

## --------- ##
## Platform. ##
## --------- ##

hostname = dd-wrt
uname -m = x86_64
uname -r = 3.0.0-1-default
uname -s = Linux
uname -v = #1 SMP Sun Jul 24 06:15:52 UTC 2011 (5a1af7d)

/usr/bin/uname -p = unknown
/bin/uname -X     = unknown

/bin/arch              = x86_64
/usr/bin/arch -k       = unknown
/usr/convex/getsysinfo = unknown
/usr/bin/hostinfo      = unknown
/bin/machine           = unknown
/usr/bin/oslevel       = unknown
/bin/universe          = unknown

PATH: /xfs/toolchains/toolchain-mips_r2_gcc-linaro_uClibc-0.9.32/bin/
PATH: /sbin
PATH: /usr/sbin
PATH: /usr/local/sbin
PATH: /root/bin
PATH: /usr/local/bin
PATH: /usr/bin
PATH: /bin
PATH: /usr/bin/X11
PATH: /usr/X11R6/bin
PATH: /usr/games
PATH: /opt/kde3/bin
PATH: /usr/lib64/jvm/jre/bin
PATH: /usr/lib/mit/bin
PATH: /usr/lib/mit/sbin


## ----------- ##
## Core tests. ##
## ----------- ##

configure:1696: checking for a BSD-compatible install
configure:1752: result: /usr/bin/install -c
configure:1763: checking whether build environment is sane
configure:1806: result: yes
configure:1834: checking for a thread-safe mkdir -p
configure:1873: result: /bin/mkdir -p
configure:1886: checking for gawk
configure:1902: found /usr/bin/gawk
configure:1913: result: gawk
configure:1924: checking whether make sets $(MAKE)
configure:1945: result: yes
configure:2025: checking for mips-linux-strip
configure:2052: result: mips-linux-uclibc-strip
configure:2137: checking whether NLS is requested
configure:2146: result: yes
configure:2184: checking for msgfmt
configure: trying /usr/bin/msgfmt...
0 translated messages.
configure:2216: result: /usr/bin/msgfmt
configure:2225: checking for gmsgfmt
configure:2256: result: /usr/bin/msgfmt
configure:2307: checking for xgettext
configure: trying /usr/bin/xgettext...
/usr/bin/xgettext: warning: file `/dev/null' extension `' is unknown; will try C
configure:2339: result: /usr/bin/xgettext
configure:2385: checking for msgmerge
configure: trying /usr/bin/msgmerge...
configure:2416: result: /usr/bin/msgmerge
configure:2571: creating ./config.status

## ---------------------- ##
## Running config.status. ##
## ---------------------- ##

This file was extended by config.status, which was
generated by GNU Autoconf 2.61.  Invocation command line was

  CONFIG_FILES    = 
  CONFIG_HEADERS  = 
  CONFIG_LINKS    = 
  CONFIG_COMMANDS = 
  $ ./config.status 

on dd-wrt

config.status:616: creating Makefile
config.status:616: creating installpaths
config.status:616: creating po/Makefile
config.status:807: executing po-directories commands

## ---------------- ##
## Cache variables. ##
## ---------------- ##

ac_cv_env_build_alias_set=
ac_cv_env_build_alias_value=
ac_cv_env_host_alias_set=set
ac_cv_env_host_alias_value=mips-linux
ac_cv_env_target_alias_set=
ac_cv_env_target_alias_value=
ac_cv_func_mmap_fixed_mapped='yes '
ac_cv_func_posix_getgrgid_r=no
ac_cv_func_posix_getpwuid_r=no
ac_cv_path_GLIB_GENMARSHAL='/bin/glib-genmarshal '
ac_cv_path_GMSGFMT=/usr/bin/msgfmt
ac_cv_path_MSGFMT=/usr/bin/msgfmt
ac_cv_path_MSGMERGE=/usr/bin/msgmerge
ac_cv_path_XGETTEXT=/usr/bin/xgettext
ac_cv_path_install='/usr/bin/install -c'
ac_cv_path_mkdir=/bin/mkdir
ac_cv_prog_AWK=gawk
ac_cv_prog_STRIP=mips-linux-uclibc-strip
ac_cv_prog_make_make_set=yes
glib_cv_stack_grows='no '
glib_cv_uscore='no '

## ----------------- ##
## Output variables. ##
## ----------------- ##

ACLOCAL='${SHELL} /home/seg/DEV/pb42/src/router/usbip/gettext/build-aux/missing --run aclocal-1.10'
AMTAR='${SHELL} /home/seg/DEV/pb42/src/router/usbip/gettext/build-aux/missing --run tar'
AUTOCONF='${SHELL} /home/seg/DEV/pb42/src/router/usbip/gettext/build-aux/missing --run autoconf'
AUTOHEADER='${SHELL} /home/seg/DEV/pb42/src/router/usbip/gettext/build-aux/missing --run autoheader'
AUTOMAKE='${SHELL} /home/seg/DEV/pb42/src/router/usbip/gettext/build-aux/missing --run automake-1.10'
AWK='gawk'
CYGPATH_W='echo'
DEFS='-DPACKAGE_NAME=\"\" -DPACKAGE_TARNAME=\"\" -DPACKAGE_VERSION=\"\" -DPACKAGE_STRING=\"\" -DPACKAGE_BUGREPORT=\"\" -DPACKAGE=\"gettext-examples\" -DVERSION=\"0.16.1\"'
ECHO_C=''
ECHO_N='-n'
ECHO_T=''
GMSGFMT='/usr/bin/msgfmt'
GMSGFMT_015='/usr/bin/msgfmt'
INSTALL_DATA='${INSTALL} -m 644'
INSTALL_PROGRAM='${INSTALL}'
INSTALL_SCRIPT='${INSTALL}'
INSTALL_STRIP_PROGRAM='$(install_sh) -c -s'
LIBOBJS=''
LIBS=''
LTLIBOBJS=''
MAKEINFO='${SHELL} /home/seg/DEV/pb42/src/router/usbip/gettext/build-aux/missing --run makeinfo'
MSGFMT='/usr/bin/msgfmt'
MSGFMT_015='/usr/bin/msgfmt'
MSGMERGE='/usr/bin/msgmerge'
PACKAGE='gettext-examples'
PACKAGE_BUGREPORT=''
PACKAGE_NAME=''
PACKAGE_STRING=''
PACKAGE_TARNAME=''
PACKAGE_VERSION=''
PATH_SEPARATOR=':'
SET_MAKE=''
SHELL='/bin/sh'
STRIP='mips-linux-uclibc-strip'
USE_NLS='yes'
VERSION='0.16.1'
XGETTEXT='/usr/bin/xgettext'
XGETTEXT_015='/usr/bin/xgettext'
aclocaldir='${datadir}/aclocal'
am__isrc=''
am__leading_dot='.'
am__tar='${AMTAR} chof - "$$tardir"'
am__untar='${AMTAR} xf -'
bindir='${exec_prefix}/bin'
build_alias=''
datadir='${datarootdir}'
datarootdir='${prefix}/share'
docdir='${datarootdir}/doc/gettext'
dvidir='${docdir}'
exec_prefix='${prefix}'
host_alias='mips-linux'
htmldir='${docdir}'
includedir='${prefix}/include'
infodir='${datarootdir}/info'
install_sh='$(SHELL) /home/seg/DEV/pb42/src/router/usbip/gettext/build-aux/install-sh'
libdir='${exec_prefix}/lib'
libexecdir='${exec_prefix}/libexec'
localedir='${datarootdir}/locale'
localstatedir='${prefix}/var'
mandir='${datarootdir}/man'
mkdir_p='/bin/mkdir -p'
oldincludedir='/usr/include'
pdfdir='${docdir}'
prefix='/usr/local'
program_transform_name='s,x,x,'
psdir='${docdir}'
sbindir='${exec_prefix}/sbin'
sharedstatedir='${prefix}/com'
sysconfdir='${prefix}/etc'
target_alias=''

## ----------- ##
## confdefs.h. ##
## ----------- ##

#define PACKAGE_NAME ""
#define PACKAGE_TARNAME ""
#define PACKAGE_VERSION ""
#define PACKAGE_STRING ""
#define PACKAGE_BUGREPORT ""
#define PACKAGE "gettext-examples"
#define VERSION "0.16.1"

configure: exit 0
