This file contains any messages produced by compilers while
running configure, to aid debugging if configure makes a mistake.

It was created by configure, which was
generated by GNU Autoconf 2.59.  Invocation command line was

  $ ./configure --host=armeb-linux CFLAGS=-Os -pipe -mtune=xscale -march=armv5te -Wa,-mcpu=xscale -mno-thumb-interwork -mno-thumb  -DNEED_PRINTF --prefix=/usr

## --------- ##
## Platform. ##
## --------- ##

hostname = dd-wrt
uname -m = x86_64
uname -r = 2.6.28.7-9-default
uname -s = Linux
uname -v = #3 SMP Fri Feb 27 21:28:10 CET 2009

/usr/bin/uname -p = unknown
/bin/uname -X     = unknown

/bin/arch              = x86_64
/usr/bin/arch -k       = unknown
/usr/convex/getsysinfo = unknown
hostinfo               = unknown
/bin/machine           = unknown
/usr/bin/oslevel       = unknown
/bin/universe          = unknown

PATH: /xfs/toolchains/armb-4.3.2/bin
PATH: /sbin
PATH: /usr/sbin
PATH: /usr/local/sbin
PATH: /root/bin
PATH: /usr/local/bin
PATH: /usr/bin
PATH: /bin
PATH: /usr/X11R6/bin
PATH: /usr/games
PATH: /usr/lib/mit/bin
PATH: /usr/lib/mit/sbin


## ----------- ##
## Core tests. ##
## ----------- ##

configure:1299: checking for a BSD-compatible install
configure:1354: result: /usr/bin/install -c
configure:1365: checking whether build environment is sane
configure:1408: result: yes
configure:1473: checking for gawk
configure:1489: found /usr/bin/gawk
configure:1499: result: gawk
configure:1509: checking whether make sets $(MAKE)
configure:1529: result: yes
configure:1605: checking for armeb-linux-strip
configure:1631: result: armeb-linux-uclibc-strip
configure:1705: checking for armeb-linux-gcc
configure:1731: result: armeb-linux-uclibc-gcc
configure:2013: checking for C compiler version
configure:2016: armeb-linux-uclibc-gcc --version </dev/null >&5
armeb-linux-uclibc-gcc (GCC) 4.3.2
Copyright (C) 2008 Free Software Foundation, Inc.
This is free software; see the source for copying conditions.  There is NO
warranty; not even for MERCHANTABILITY or FITNESS FOR A PARTICULAR PURPOSE.

configure:2019: $? = 0
configure:2021: armeb-linux-uclibc-gcc -v </dev/null >&5
Using built-in specs.
Target: armeb-openwrt-linux-uclibcgnueabi
Configured with: /raid/xfs/openwrt/trunk/build_dir/toolchain-armeb_gcc-4.3.2_uClibc-0.9.30/gcc-4.3.2/configure --prefix=/raid/xfs/openwrt/trunk/staging_dir/toolchain-armeb_gcc-4.3.2_uClibc-0.9.30/usr --build=x86_64-suse-linux --host=x86_64-suse-linux --target=armeb-openwrt-linux-uclibcgnueabi --with-gnu-ld --enable-target-optspace --disable-libgomp --disable-libmudflap --disable-multilib --disable-nls --with-float=soft --with-gmp=/raid/xfs/openwrt/trunk/staging_dir/host --with-mpfr=/raid/xfs/openwrt/trunk/staging_dir/host --disable-decimal-float --disable-libssp --disable-__cxa_atexit --enable-languages=c,c++ --enable-shared --enable-threads --with-slibdir=/raid/xfs/openwrt/trunk/staging_dir/toolchain-armeb_gcc-4.3.2_uClibc-0.9.30/lib
Thread model: posix
gcc version 4.3.2 (GCC) 
configure:2024: $? = 0
configure:2026: armeb-linux-uclibc-gcc -V </dev/null >&5
armeb-linux-uclibc-gcc: '-V' option must have argument
configure:2029: $? = 1
configure:2052: checking for C compiler default output file name
configure:2055: armeb-linux-uclibc-gcc -Os -pipe -mtune=xscale -march=armv5te -Wa,-mcpu=xscale -mno-thumb-interwork -mno-thumb  -DNEED_PRINTF   conftest.c  >&5
configure:2058: $? = 0
configure:2104: result: a.out
configure:2109: checking whether the C compiler works
configure:2115: ./a.out
./configure: line 2116: ./a.out: cannot execute binary file
configure:2118: $? = 126
configure:2135: result: yes
configure:2142: checking whether we are cross compiling
configure:2144: result: yes
configure:2147: checking for suffix of executables
configure:2149: armeb-linux-uclibc-gcc -o conftest -Os -pipe -mtune=xscale -march=armv5te -Wa,-mcpu=xscale -mno-thumb-interwork -mno-thumb  -DNEED_PRINTF   conftest.c  >&5
configure:2152: $? = 0
configure:2177: result: 
configure:2183: checking for suffix of object files
configure:2204: armeb-linux-uclibc-gcc -c -Os -pipe -mtune=xscale -march=armv5te -Wa,-mcpu=xscale -mno-thumb-interwork -mno-thumb  -DNEED_PRINTF  conftest.c >&5
configure:2207: $? = 0
configure:2229: result: o
configure:2233: checking whether we are using the GNU C compiler
configure:2257: armeb-linux-uclibc-gcc -c -Os -pipe -mtune=xscale -march=armv5te -Wa,-mcpu=xscale -mno-thumb-interwork -mno-thumb  -DNEED_PRINTF  conftest.c >&5
configure:2263: $? = 0
configure:2267: test -z 
			 || test ! -s conftest.err
configure:2270: $? = 0
configure:2273: test -s conftest.o
configure:2276: $? = 0
configure:2289: result: yes
configure:2295: checking whether armeb-linux-uclibc-gcc accepts -g
configure:2316: armeb-linux-uclibc-gcc -c -g  conftest.c >&5
configure:2322: $? = 0
configure:2326: test -z 
			 || test ! -s conftest.err
configure:2329: $? = 0
configure:2332: test -s conftest.o
configure:2335: $? = 0
configure:2346: result: yes
configure:2363: checking for armeb-linux-uclibc-gcc option to accept ANSI C
configure:2433: armeb-linux-uclibc-gcc  -c -Os -pipe -mtune=xscale -march=armv5te -Wa,-mcpu=xscale -mno-thumb-interwork -mno-thumb  -DNEED_PRINTF  conftest.c >&5
configure:2439: $? = 0
configure:2443: test -z 
			 || test ! -s conftest.err
configure:2446: $? = 0
configure:2449: test -s conftest.o
configure:2452: $? = 0
configure:2470: result: none needed
configure:2488: armeb-linux-uclibc-gcc -c -Os -pipe -mtune=xscale -march=armv5te -Wa,-mcpu=xscale -mno-thumb-interwork -mno-thumb  -DNEED_PRINTF  conftest.c >&5
conftest.c:2: error: expected '=', ',', ';', 'asm' or '__attribute__' before 'me'
configure:2494: $? = 1
configure: failed program was:
| #ifndef __cplusplus
|   choke me
| #endif
configure:2638: checking for style of include used by make
configure:2666: result: GNU
configure:2694: checking dependency style of armeb-linux-uclibc-gcc
configure:2784: result: gcc3
configure:2807: checking build system type
configure:2825: result: x86_64-unknown-linux-gnu
configure:2833: checking host system type
configure:2847: result: armeb-unknown-linux-gnu
configure:3026: creating ./config.status

## ---------------------- ##
## Running config.status. ##
## ---------------------- ##

This file was extended by config.status, which was
generated by GNU Autoconf 2.59.  Invocation command line was

  CONFIG_FILES    = 
  CONFIG_HEADERS  = 
  CONFIG_LINKS    = 
  CONFIG_COMMANDS = 
  $ ./config.status 

on dd-wrt

config.status:689: creating Makefile
config.status:872: executing depfiles commands

## ---------------- ##
## Cache variables. ##
## ---------------- ##

ac_cv_build=x86_64-unknown-linux-gnu
ac_cv_build_alias=x86_64-unknown-linux-gnu
ac_cv_c_compiler_gnu=yes
ac_cv_env_CC_set=set
ac_cv_env_CC_value=armeb-linux-uclibc-gcc
ac_cv_env_CFLAGS_set=set
ac_cv_env_CFLAGS_value='-Os -pipe -mtune=xscale -march=armv5te -Wa,-mcpu=xscale -mno-thumb-interwork -mno-thumb  -DNEED_PRINTF'
ac_cv_env_CPPFLAGS_set=
ac_cv_env_CPPFLAGS_value=
ac_cv_env_LDFLAGS_set=
ac_cv_env_LDFLAGS_value=
ac_cv_env_build_alias_set=
ac_cv_env_build_alias_value=
ac_cv_env_host_alias_set=set
ac_cv_env_host_alias_value=armeb-linux
ac_cv_env_target_alias_set=
ac_cv_env_target_alias_value=
ac_cv_exeext=
ac_cv_host=armeb-unknown-linux-gnu
ac_cv_host_alias=armeb-linux
ac_cv_objext=o
ac_cv_path_install='/usr/bin/install -c'
ac_cv_prog_AWK=gawk
ac_cv_prog_CC=armeb-linux-uclibc-gcc
ac_cv_prog_STRIP=armeb-linux-uclibc-strip
ac_cv_prog_cc_g=yes
ac_cv_prog_cc_stdc=
ac_cv_prog_make_make_set=yes
am_cv_CC_dependencies_compiler_type=gcc3

## ----------------- ##
## Output variables. ##
## ----------------- ##

ACLOCAL='${SHELL} /home/seg/DEV/xscale/src/router/sercd/missing --run aclocal-1.9'
AMDEPBACKSLASH='\'
AMDEP_FALSE='#'
AMDEP_TRUE=''
AMTAR='${SHELL} /home/seg/DEV/xscale/src/router/sercd/missing --run tar'
AUTOCONF='${SHELL} /home/seg/DEV/xscale/src/router/sercd/missing --run autoconf'
AUTOHEADER='${SHELL} /home/seg/DEV/xscale/src/router/sercd/missing --run autoheader'
AUTOMAKE='${SHELL} /home/seg/DEV/xscale/src/router/sercd/missing --run automake-1.9'
AWK='gawk'
CC='armeb-linux-uclibc-gcc'
CCDEPMODE='depmode=gcc3'
CFLAGS='-Os -pipe -mtune=xscale -march=armv5te -Wa,-mcpu=xscale -mno-thumb-interwork -mno-thumb  -DNEED_PRINTF'
CPPFLAGS=''
CYGPATH_W='echo'
DEFS='-DPACKAGE_NAME=\"\" -DPACKAGE_TARNAME=\"\" -DPACKAGE_VERSION=\"\" -DPACKAGE_STRING=\"\" -DPACKAGE_BUGREPORT=\"\" -DPACKAGE=\"sercd\" -DVERSION=\"3.0.0\" '
DEPDIR='.deps'
ECHO_C=''
ECHO_N='-n'
ECHO_T=''
EXEEXT=''
INSTALL_DATA='${INSTALL} -m 644'
INSTALL_PROGRAM='${INSTALL}'
INSTALL_SCRIPT='${INSTALL}'
INSTALL_STRIP_PROGRAM='${SHELL} $(install_sh) -c -s'
LDFLAGS=''
LIBOBJS=''
LIBS=''
LTLIBOBJS=''
MAKEINFO='${SHELL} /home/seg/DEV/xscale/src/router/sercd/missing --run makeinfo'
OBJEXT='o'
OS_IS_WIN32_FALSE=''
OS_IS_WIN32_TRUE='#'
PACKAGE='sercd'
PACKAGE_BUGREPORT=''
PACKAGE_NAME=''
PACKAGE_STRING=''
PACKAGE_TARNAME=''
PACKAGE_VERSION=''
PATH_SEPARATOR=':'
SET_MAKE=''
SHELL='/bin/sh'
STRIP='armeb-linux-uclibc-strip'
VERSION='3.0.0'
ac_ct_CC=''
ac_ct_STRIP=''
am__fastdepCC_FALSE='#'
am__fastdepCC_TRUE=''
am__include='include'
am__leading_dot='.'
am__quote=''
am__tar='${AMTAR} chof - "$$tardir"'
am__untar='${AMTAR} xf -'
bindir='${exec_prefix}/bin'
build='x86_64-unknown-linux-gnu'
build_alias=''
build_cpu='x86_64'
build_os='linux-gnu'
build_vendor='unknown'
datadir='${prefix}/share'
exec_prefix='${prefix}'
host='armeb-unknown-linux-gnu'
host_alias='armeb-linux'
host_cpu='armeb'
host_os='linux-gnu'
host_vendor='unknown'
includedir='${prefix}/include'
infodir='${prefix}/info'
install_sh='/home/seg/DEV/xscale/src/router/sercd/install-sh'
libdir='${exec_prefix}/lib'
libexecdir='${exec_prefix}/libexec'
localstatedir='${prefix}/var'
mandir='${prefix}/man'
mkdir_p='mkdir -p --'
oldincludedir='/usr/include'
prefix='/usr'
program_transform_name='s,x,x,'
sbindir='${exec_prefix}/sbin'
sharedstatedir='${prefix}/com'
sysconfdir='${prefix}/etc'
target_alias=''

## ----------- ##
## confdefs.h. ##
## ----------- ##

#define PACKAGE "sercd"
#define PACKAGE_BUGREPORT ""
#define PACKAGE_NAME ""
#define PACKAGE_STRING ""
#define PACKAGE_TARNAME ""
#define PACKAGE_VERSION ""
#define VERSION "3.0.0"

configure: exit 0
