This file contains any messages produced by compilers while
running configure, to aid debugging if configure makes a mistake.

It was created by configure, which was
generated by GNU Autoconf 2.61.  Invocation command line was

  $ ./configure --target=mips-openwrt-linux --host=mips-openwrt-linux --build=x86_64-suse-linux --program-prefix= --program-suffix= --prefix=/usr --exec-prefix=/usr --bindir=/usr/bin --sbindir=/usr/sbin --libexecdir=/usr/lib --sysconfdir=/etc --datadir=/usr/share --localstatedir=/var --mandir=/usr/man --infodir=/usr/info --disable-nls --enable-shared --enable-static --disable-yydebug --enable-ipv6 --with-build-cc=gcc --with-pcap=linux --without-septel --without-dag

## --------- ##
## Platform. ##
## --------- ##

hostname = dd-wrt
uname -m = x86_64
uname -r = 2.6.28.7-9-default
uname -s = Linux
uname -v = #3 SMP Fri Feb 27 21:28:10 CET 2009

/usr/bin/uname -p = unknown
/bin/uname -X     = unknown

/bin/arch              = x86_64
/usr/bin/arch -k       = unknown
/usr/convex/getsysinfo = unknown
/usr/bin/hostinfo      = unknown
/bin/machine           = unknown
/usr/bin/oslevel       = unknown
/bin/universe          = unknown

PATH: /home/xfs/openwrt/trunk2/trunk/staging_dir/target-mips_uClibc-0.9.29/host/bin
PATH: /home/xfs/openwrt/trunk2/trunk/staging_dir/toolchain-mips_gcc-4.1.2_uClibc-0.9.29/usr/bin
PATH: /home/xfs/openwrt/trunk2/trunk/staging_dir/host/bin
PATH: /home/xfs/openwrt/trunk2/trunk/staging_dir/toolchain-mips_gcc-4.1.2_uClibc-0.9.29/usr/bin
PATH: /home/xfs/openwrt/trunk2/trunk/staging_dir/host/bin
PATH: /home/xfs/openwrt/trunk2/trunk/staging_dir/toolchain-mips_gcc-4.1.2_uClibc-0.9.29/usr/bin
PATH: /home/xfs/openwrt/trunk2/trunk/staging_dir/host/bin
PATH: /sbin
PATH: /usr/sbin
PATH: /usr/local/sbin
PATH: /root/bin
PATH: /usr/local/bin
PATH: /usr/bin
PATH: /bin
PATH: /usr/X11R6/bin
PATH: /usr/games
PATH: /usr/lib/mit/bin
PATH: /usr/lib/mit/sbin


## ----------- ##
## Core tests. ##
## ----------- ##

configure:1639: loading site script /home/xfs/openwrt/trunk2/trunk/include/site/mips-openwrt-linux-uclibc
| #!/bin/sh
| 
| . $TOPDIR/include/site/mips-linux
| . $TOPDIR/include/site/linux-uclibc
| 
configure:1773: checking build system type
configure:1791: result: x86_64-suse-linux-gnu
configure:1813: checking host system type
configure:1828: result: mips-openwrt-linux-gnu
configure:1850: checking target system type
configure:1865: result: mips-openwrt-linux-gnu
configure:1973: checking for mips-openwrt-linux-gcc
configure:2000: result: mips-openwrt-linux-uclibc-gcc
configure:2278: checking for C compiler version
configure:2285: mips-openwrt-linux-uclibc-gcc --version >&5
mips-openwrt-linux-uclibc-gcc (GCC) 4.1.2
Copyright (C) 2006 Free Software Foundation, Inc.
This is free software; see the source for copying conditions.  There is NO
warranty; not even for MERCHANTABILITY or FITNESS FOR A PARTICULAR PURPOSE.

configure:2288: $? = 0
configure:2295: mips-openwrt-linux-uclibc-gcc -v >&5
Using built-in specs.
Target: mips-openwrt-linux-uclibc
Configured with: /home/xfs/openwrt/trunk2/trunk/build_dir/toolchain-mips_gcc-4.1.2_uClibc-0.9.29/gcc-4.1.2/configure --prefix=/home/xfs/openwrt/trunk2/trunk/staging_dir/toolchain-mips_gcc-4.1.2_uClibc-0.9.29/usr --build=x86_64-suse-linux --host=x86_64-suse-linux --target=mips-openwrt-linux-uclibc --with-gnu-ld --enable-target-optspace --disable-libgomp --disable-libmudflap --disable-multilib --disable-nls --disable-libssp --disable-__cxa_atexit --enable-languages=c,c++ --enable-shared --enable-threads --with-slibdir=/home/xfs/openwrt/trunk2/trunk/staging_dir/toolchain-mips_gcc-4.1.2_uClibc-0.9.29/lib
Thread model: posix
gcc version 4.1.2
configure:2298: $? = 0
configure:2305: mips-openwrt-linux-uclibc-gcc -V >&5
mips-openwrt-linux-uclibc-gcc: '-V' option must have argument
configure:2308: $? = 1
configure:2331: checking for C compiler default output file name
configure:2358: mips-openwrt-linux-uclibc-gcc -Os -pipe -mips32 -mtune=mips32 -funit-at-a-time -fhonour-copts -ffunction-sections -fdata-sections  -I/home/xfs/openwrt/trunk2/trunk/staging_dir/target-mips_uClibc-0.9.29/usr/include -I/home/xfs/openwrt/trunk2/trunk/staging_dir/target-mips_uClibc-0.9.29/include  -L/home/xfs/openwrt/trunk2/trunk/staging_dir/toolchain-mips_gcc-4.1.2_uClibc-0.9.29/usr/lib -L/home/xfs/openwrt/trunk2/trunk/staging_dir/toolchain-mips_gcc-4.1.2_uClibc-0.9.29/lib -L/home/xfs/openwrt/trunk2/trunk/staging_dir/target-mips_uClibc-0.9.29/usr/lib -L/home/xfs/openwrt/trunk2/trunk/staging_dir/target-mips_uClibc-0.9.29/lib  conftest.c  >&5
configure:2361: $? = 0
configure:2399: result: a.out
configure:2416: checking whether the C compiler works
configure:2446: result: yes
configure:2453: checking whether we are cross compiling
configure:2455: result: yes
configure:2458: checking for suffix of executables
configure:2465: mips-openwrt-linux-uclibc-gcc -o conftest -Os -pipe -mips32 -mtune=mips32 -funit-at-a-time -fhonour-copts -ffunction-sections -fdata-sections  -I/home/xfs/openwrt/trunk2/trunk/staging_dir/target-mips_uClibc-0.9.29/usr/include -I/home/xfs/openwrt/trunk2/trunk/staging_dir/target-mips_uClibc-0.9.29/include  -L/home/xfs/openwrt/trunk2/trunk/staging_dir/toolchain-mips_gcc-4.1.2_uClibc-0.9.29/usr/lib -L/home/xfs/openwrt/trunk2/trunk/staging_dir/toolchain-mips_gcc-4.1.2_uClibc-0.9.29/lib -L/home/xfs/openwrt/trunk2/trunk/staging_dir/target-mips_uClibc-0.9.29/usr/lib -L/home/xfs/openwrt/trunk2/trunk/staging_dir/target-mips_uClibc-0.9.29/lib  conftest.c  >&5
configure:2468: $? = 0
configure:2492: result: 
configure:2498: checking for suffix of object files
configure:2524: mips-openwrt-linux-uclibc-gcc -c -Os -pipe -mips32 -mtune=mips32 -funit-at-a-time -fhonour-copts -ffunction-sections -fdata-sections  -I/home/xfs/openwrt/trunk2/trunk/staging_dir/target-mips_uClibc-0.9.29/usr/include -I/home/xfs/openwrt/trunk2/trunk/staging_dir/target-mips_uClibc-0.9.29/include  conftest.c >&5
configure:2527: $? = 0
configure:2550: result: o
configure:2554: checking whether we are using the GNU C compiler
configure:2583: mips-openwrt-linux-uclibc-gcc -c -Os -pipe -mips32 -mtune=mips32 -funit-at-a-time -fhonour-copts -ffunction-sections -fdata-sections  -I/home/xfs/openwrt/trunk2/trunk/staging_dir/target-mips_uClibc-0.9.29/usr/include -I/home/xfs/openwrt/trunk2/trunk/staging_dir/target-mips_uClibc-0.9.29/include  conftest.c >&5
configure:2589: $? = 0
configure:2606: result: yes
configure:2611: checking whether mips-openwrt-linux-uclibc-gcc accepts -g
configure:2641: mips-openwrt-linux-uclibc-gcc -c -g -I/home/xfs/openwrt/trunk2/trunk/staging_dir/target-mips_uClibc-0.9.29/usr/include -I/home/xfs/openwrt/trunk2/trunk/staging_dir/target-mips_uClibc-0.9.29/include  conftest.c >&5
<built-in>:0: note: someone does not honour COPTS correctly, passed 0 times
configure:2647: $? = 0
configure: failed program was:
| /* confdefs.h.  */
| #define PACKAGE_NAME ""
| #define PACKAGE_TARNAME ""
| #define PACKAGE_VERSION ""
| #define PACKAGE_STRING ""
| #define PACKAGE_BUGREPORT ""
| /* end confdefs.h.  */
| 
| int
| main ()
| {
| 
|   ;
|   return 0;
| }
configure:2679: mips-openwrt-linux-uclibc-gcc -c  -I/home/xfs/openwrt/trunk2/trunk/staging_dir/target-mips_uClibc-0.9.29/usr/include -I/home/xfs/openwrt/trunk2/trunk/staging_dir/target-mips_uClibc-0.9.29/include  conftest.c >&5
<built-in>:0: note: someone does not honour COPTS correctly, passed 0 times
configure:2685: $? = 0
configure: failed program was:
| /* confdefs.h.  */
| #define PACKAGE_NAME ""
| #define PACKAGE_TARNAME ""
| #define PACKAGE_VERSION ""
| #define PACKAGE_STRING ""
| #define PACKAGE_BUGREPORT ""
| /* end confdefs.h.  */
| 
| int
| main ()
| {
| 
|   ;
|   return 0;
| }
configure:2718: mips-openwrt-linux-uclibc-gcc -c -g -I/home/xfs/openwrt/trunk2/trunk/staging_dir/target-mips_uClibc-0.9.29/usr/include -I/home/xfs/openwrt/trunk2/trunk/staging_dir/target-mips_uClibc-0.9.29/include  conftest.c >&5
<built-in>:0: note: someone does not honour COPTS correctly, passed 0 times
configure:2724: $? = 0
configure:2746: result: yes
configure:2763: checking for mips-openwrt-linux-uclibc-gcc option to accept ISO C89
configure:2837: mips-openwrt-linux-uclibc-gcc  -c -Os -pipe -mips32 -mtune=mips32 -funit-at-a-time -fhonour-copts -ffunction-sections -fdata-sections  -I/home/xfs/openwrt/trunk2/trunk/staging_dir/target-mips_uClibc-0.9.29/usr/include -I/home/xfs/openwrt/trunk2/trunk/staging_dir/target-mips_uClibc-0.9.29/include  conftest.c >&5
configure:2843: $? = 0
configure:2866: result: none needed
configure:2889: checking gcc version
configure:2901: result: 4
configure:3111: checking for inline
configure:3157: mips-openwrt-linux-uclibc-gcc -c -O2 -I/home/xfs/openwrt/trunk2/trunk/staging_dir/target-mips_uClibc-0.9.29/usr/include -I/home/xfs/openwrt/trunk2/trunk/staging_dir/target-mips_uClibc-0.9.29/include  conftest.c >&5
<built-in>:0: note: someone does not honour COPTS correctly, passed 0 times
configure:3163: $? = 0
configure:3188: result: inline
configure:3200: checking for __attribute__
configure:3236: mips-openwrt-linux-uclibc-gcc -c -Os -pipe -mips32 -mtune=mips32 -funit-at-a-time -fhonour-copts -ffunction-sections -fdata-sections  -I/home/xfs/openwrt/trunk2/trunk/staging_dir/target-mips_uClibc-0.9.29/usr/include -I/home/xfs/openwrt/trunk2/trunk/staging_dir/target-mips_uClibc-0.9.29/include  conftest.c >&5
configure:3242: $? = 0
configure:3268: result: yes
configure:3272: checking for u_int8_t using mips-openwrt-linux-uclibc-gcc
configure:3304: mips-openwrt-linux-uclibc-gcc -c -Os -pipe -mips32 -mtune=mips32 -funit-at-a-time -fhonour-copts -ffunction-sections -fdata-sections  -I/home/xfs/openwrt/trunk2/trunk/staging_dir/target-mips_uClibc-0.9.29/usr/include -I/home/xfs/openwrt/trunk2/trunk/staging_dir/target-mips_uClibc-0.9.29/include  conftest.c >&5
configure:3310: $? = 0
configure:3326: result: yes
configure:3335: checking for u_int16_t using mips-openwrt-linux-uclibc-gcc
configure:3367: mips-openwrt-linux-uclibc-gcc -c -Os -pipe -mips32 -mtune=mips32 -funit-at-a-time -fhonour-copts -ffunction-sections -fdata-sections  -I/home/xfs/openwrt/trunk2/trunk/staging_dir/target-mips_uClibc-0.9.29/usr/include -I/home/xfs/openwrt/trunk2/trunk/staging_dir/target-mips_uClibc-0.9.29/include  conftest.c >&5
configure:3373: $? = 0
configure:3389: result: yes
configure:3398: checking for u_int32_t using mips-openwrt-linux-uclibc-gcc
configure:3430: mips-openwrt-linux-uclibc-gcc -c -Os -pipe -mips32 -mtune=mips32 -funit-at-a-time -fhonour-copts -ffunction-sections -fdata-sections  -I/home/xfs/openwrt/trunk2/trunk/staging_dir/target-mips_uClibc-0.9.29/usr/include -I/home/xfs/openwrt/trunk2/trunk/staging_dir/target-mips_uClibc-0.9.29/include  conftest.c >&5
configure:3436: $? = 0
configure:3452: result: yes
configure:3461: checking for u_int64_t using mips-openwrt-linux-uclibc-gcc
configure:3493: mips-openwrt-linux-uclibc-gcc -c -Os -pipe -mips32 -mtune=mips32 -funit-at-a-time -fhonour-copts -ffunction-sections -fdata-sections  -I/home/xfs/openwrt/trunk2/trunk/staging_dir/target-mips_uClibc-0.9.29/usr/include -I/home/xfs/openwrt/trunk2/trunk/staging_dir/target-mips_uClibc-0.9.29/include  conftest.c >&5
configure:3499: $? = 0
configure:3515: result: yes
configure:3535: checking for special C compiler options needed for large files
configure:3628: result: no
configure:3634: checking for _FILE_OFFSET_BITS value needed for large files
configure:3669: mips-openwrt-linux-uclibc-gcc -c -Os -pipe -mips32 -mtune=mips32 -funit-at-a-time -fhonour-copts -ffunction-sections -fdata-sections  -I/home/xfs/openwrt/trunk2/trunk/staging_dir/target-mips_uClibc-0.9.29/usr/include -I/home/xfs/openwrt/trunk2/trunk/staging_dir/target-mips_uClibc-0.9.29/include  conftest.c >&5
conftest.c:16: warning: left shift count >= width of type
conftest.c:16: warning: left shift count >= width of type
conftest.c:18: error: size of array 'off_t_is_large' is negative
configure:3675: $? = 1
configure: failed program was:
| /* confdefs.h.  */
| #define PACKAGE_NAME ""
| #define PACKAGE_TARNAME ""
| #define PACKAGE_VERSION ""
| #define PACKAGE_STRING ""
| #define PACKAGE_BUGREPORT ""
| #define inline inline
| #define HAVE___ATTRIBUTE__ 1
| /* end confdefs.h.  */
| #include <sys/types.h>
|  /* Check that off_t can represent 2**63 - 1 correctly.
|     We can't simply define LARGE_OFF_T to be 9223372036854775807,
|     since some C++ compilers masquerading as C compilers
|     incorrectly reject 9223372036854775807.  */
| #define LARGE_OFF_T (((off_t) 1 << 62) - 1 + ((off_t) 1 << 62))
|   int off_t_is_large[(LARGE_OFF_T % 2147483629 == 721
| 		       && LARGE_OFF_T % 2147483647 == 1)
| 		      ? 1 : -1];
| int
| main ()
| {
| 
|   ;
|   return 0;
| }
configure:3719: mips-openwrt-linux-uclibc-gcc -c -Os -pipe -mips32 -mtune=mips32 -funit-at-a-time -fhonour-copts -ffunction-sections -fdata-sections  -I/home/xfs/openwrt/trunk2/trunk/staging_dir/target-mips_uClibc-0.9.29/usr/include -I/home/xfs/openwrt/trunk2/trunk/staging_dir/target-mips_uClibc-0.9.29/include  conftest.c >&5
configure:3725: $? = 0
configure:3743: result: 64
configure:3878: checking for _LARGEFILE_SOURCE value needed for large files
configure:3905: mips-openwrt-linux-uclibc-gcc -o conftest -Os -pipe -mips32 -mtune=mips32 -funit-at-a-time -fhonour-copts -ffunction-sections -fdata-sections  -I/home/xfs/openwrt/trunk2/trunk/staging_dir/target-mips_uClibc-0.9.29/usr/include -I/home/xfs/openwrt/trunk2/trunk/staging_dir/target-mips_uClibc-0.9.29/include  -L/home/xfs/openwrt/trunk2/trunk/staging_dir/toolchain-mips_gcc-4.1.2_uClibc-0.9.29/usr/lib -L/home/xfs/openwrt/trunk2/trunk/staging_dir/toolchain-mips_gcc-4.1.2_uClibc-0.9.29/lib -L/home/xfs/openwrt/trunk2/trunk/staging_dir/target-mips_uClibc-0.9.29/usr/lib -L/home/xfs/openwrt/trunk2/trunk/staging_dir/target-mips_uClibc-0.9.29/lib  conftest.c  >&5
configure:3911: $? = 0
configure:3975: result: no
configure:4004: checking how to run the C preprocessor
configure:4044: mips-openwrt-linux-uclibc-gcc -E -I/home/xfs/openwrt/trunk2/trunk/staging_dir/target-mips_uClibc-0.9.29/usr/include -I/home/xfs/openwrt/trunk2/trunk/staging_dir/target-mips_uClibc-0.9.29/include  conftest.c
configure:4050: $? = 0
configure:4081: mips-openwrt-linux-uclibc-gcc -E -I/home/xfs/openwrt/trunk2/trunk/staging_dir/target-mips_uClibc-0.9.29/usr/include -I/home/xfs/openwrt/trunk2/trunk/staging_dir/target-mips_uClibc-0.9.29/include  conftest.c
conftest.c:12:28: error: ac_nonexistent.h: No such file or directory
configure:4087: $? = 1
configure: failed program was:
| /* confdefs.h.  */
| #define PACKAGE_NAME ""
| #define PACKAGE_TARNAME ""
| #define PACKAGE_VERSION ""
| #define PACKAGE_STRING ""
| #define PACKAGE_BUGREPORT ""
| #define inline inline
| #define HAVE___ATTRIBUTE__ 1
| #define _FILE_OFFSET_BITS 64
| #define HAVE_FSEEKO 1
| /* end confdefs.h.  */
| #include <ac_nonexistent.h>
configure:4120: result: mips-openwrt-linux-uclibc-gcc -E
configure:4149: mips-openwrt-linux-uclibc-gcc -E -I/home/xfs/openwrt/trunk2/trunk/staging_dir/target-mips_uClibc-0.9.29/usr/include -I/home/xfs/openwrt/trunk2/trunk/staging_dir/target-mips_uClibc-0.9.29/include  conftest.c
configure:4155: $? = 0
configure:4186: mips-openwrt-linux-uclibc-gcc -E -I/home/xfs/openwrt/trunk2/trunk/staging_dir/target-mips_uClibc-0.9.29/usr/include -I/home/xfs/openwrt/trunk2/trunk/staging_dir/target-mips_uClibc-0.9.29/include  conftest.c
conftest.c:12:28: error: ac_nonexistent.h: No such file or directory
configure:4192: $? = 1
configure: failed program was:
| /* confdefs.h.  */
| #define PACKAGE_NAME ""
| #define PACKAGE_TARNAME ""
| #define PACKAGE_VERSION ""
| #define PACKAGE_STRING ""
| #define PACKAGE_BUGREPORT ""
| #define inline inline
| #define HAVE___ATTRIBUTE__ 1
| #define _FILE_OFFSET_BITS 64
| #define HAVE_FSEEKO 1
| /* end confdefs.h.  */
| #include <ac_nonexistent.h>
configure:4230: checking for grep that handles long lines and -e
configure:4304: result: /usr/bin/grep
configure:4309: checking for egrep
configure:4387: result: /usr/bin/grep -E
configure:4392: checking for ANSI C header files
configure:4422: mips-openwrt-linux-uclibc-gcc -c -Os -pipe -mips32 -mtune=mips32 -funit-at-a-time -fhonour-copts -ffunction-sections -fdata-sections  -I/home/xfs/openwrt/trunk2/trunk/staging_dir/target-mips_uClibc-0.9.29/usr/include -I/home/xfs/openwrt/trunk2/trunk/staging_dir/target-mips_uClibc-0.9.29/include  conftest.c >&5
configure:4428: $? = 0
configure:4556: result: yes
configure:4580: checking for sys/types.h
configure:4601: mips-openwrt-linux-uclibc-gcc -c -Os -pipe -mips32 -mtune=mips32 -funit-at-a-time -fhonour-copts -ffunction-sections -fdata-sections  -I/home/xfs/openwrt/trunk2/trunk/staging_dir/target-mips_uClibc-0.9.29/usr/include -I/home/xfs/openwrt/trunk2/trunk/staging_dir/target-mips_uClibc-0.9.29/include  conftest.c >&5
configure:4607: $? = 0
configure:4623: result: yes
configure:4580: checking for sys/stat.h
configure:4601: mips-openwrt-linux-uclibc-gcc -c -Os -pipe -mips32 -mtune=mips32 -funit-at-a-time -fhonour-copts -ffunction-sections -fdata-sections  -I/home/xfs/openwrt/trunk2/trunk/staging_dir/target-mips_uClibc-0.9.29/usr/include -I/home/xfs/openwrt/trunk2/trunk/staging_dir/target-mips_uClibc-0.9.29/include  conftest.c >&5
configure:4607: $? = 0
configure:4623: result: yes
configure:4580: checking for stdlib.h
configure:4601: mips-openwrt-linux-uclibc-gcc -c -Os -pipe -mips32 -mtune=mips32 -funit-at-a-time -fhonour-copts -ffunction-sections -fdata-sections  -I/home/xfs/openwrt/trunk2/trunk/staging_dir/target-mips_uClibc-0.9.29/usr/include -I/home/xfs/openwrt/trunk2/trunk/staging_dir/target-mips_uClibc-0.9.29/include  conftest.c >&5
configure:4607: $? = 0
configure:4623: result: yes
configure:4580: checking for string.h
configure:4601: mips-openwrt-linux-uclibc-gcc -c -Os -pipe -mips32 -mtune=mips32 -funit-at-a-time -fhonour-copts -ffunction-sections -fdata-sections  -I/home/xfs/openwrt/trunk2/trunk/staging_dir/target-mips_uClibc-0.9.29/usr/include -I/home/xfs/openwrt/trunk2/trunk/staging_dir/target-mips_uClibc-0.9.29/include  conftest.c >&5
configure:4607: $? = 0
configure:4623: result: yes
configure:4580: checking for memory.h
configure:4601: mips-openwrt-linux-uclibc-gcc -c -Os -pipe -mips32 -mtune=mips32 -funit-at-a-time -fhonour-copts -ffunction-sections -fdata-sections  -I/home/xfs/openwrt/trunk2/trunk/staging_dir/target-mips_uClibc-0.9.29/usr/include -I/home/xfs/openwrt/trunk2/trunk/staging_dir/target-mips_uClibc-0.9.29/include  conftest.c >&5
configure:4607: $? = 0
configure:4623: result: yes
configure:4580: checking for strings.h
configure:4601: mips-openwrt-linux-uclibc-gcc -c -Os -pipe -mips32 -mtune=mips32 -funit-at-a-time -fhonour-copts -ffunction-sections -fdata-sections  -I/home/xfs/openwrt/trunk2/trunk/staging_dir/target-mips_uClibc-0.9.29/usr/include -I/home/xfs/openwrt/trunk2/trunk/staging_dir/target-mips_uClibc-0.9.29/include  conftest.c >&5
configure:4607: $? = 0
configure:4623: result: yes
configure:4580: checking for inttypes.h
configure:4601: mips-openwrt-linux-uclibc-gcc -c -Os -pipe -mips32 -mtune=mips32 -funit-at-a-time -fhonour-copts -ffunction-sections -fdata-sections  -I/home/xfs/openwrt/trunk2/trunk/staging_dir/target-mips_uClibc-0.9.29/usr/include -I/home/xfs/openwrt/trunk2/trunk/staging_dir/target-mips_uClibc-0.9.29/include  conftest.c >&5
configure:4607: $? = 0
configure:4623: result: yes
configure:4580: checking for stdint.h
configure:4601: mips-openwrt-linux-uclibc-gcc -c -Os -pipe -mips32 -mtune=mips32 -funit-at-a-time -fhonour-copts -ffunction-sections -fdata-sections  -I/home/xfs/openwrt/trunk2/trunk/staging_dir/target-mips_uClibc-0.9.29/usr/include -I/home/xfs/openwrt/trunk2/trunk/staging_dir/target-mips_uClibc-0.9.29/include  conftest.c >&5
configure:4607: $? = 0
configure:4623: result: yes
configure:4580: checking for unistd.h
configure:4601: mips-openwrt-linux-uclibc-gcc -c -Os -pipe -mips32 -mtune=mips32 -funit-at-a-time -fhonour-copts -ffunction-sections -fdata-sections  -I/home/xfs/openwrt/trunk2/trunk/staging_dir/target-mips_uClibc-0.9.29/usr/include -I/home/xfs/openwrt/trunk2/trunk/staging_dir/target-mips_uClibc-0.9.29/include  conftest.c >&5
configure:4607: $? = 0
configure:4623: result: yes
configure:4653: checking sys/ioccom.h usability
configure:4670: mips-openwrt-linux-uclibc-gcc -c -Os -pipe -mips32 -mtune=mips32 -funit-at-a-time -fhonour-copts -ffunction-sections -fdata-sections  -I/home/xfs/openwrt/trunk2/trunk/staging_dir/target-mips_uClibc-0.9.29/usr/include -I/home/xfs/openwrt/trunk2/trunk/staging_dir/target-mips_uClibc-0.9.29/include  conftest.c >&5
conftest.c:55:24: error: sys/ioccom.h: No such file or directory
configure:4676: $? = 1
configure: failed program was:
| /* confdefs.h.  */
| #define PACKAGE_NAME ""
| #define PACKAGE_TARNAME ""
| #define PACKAGE_VERSION ""
| #define PACKAGE_STRING ""
| #define PACKAGE_BUGREPORT ""
| #define inline inline
| #define HAVE___ATTRIBUTE__ 1
| #define _FILE_OFFSET_BITS 64
| #define HAVE_FSEEKO 1
| #define STDC_HEADERS 1
| #define HAVE_SYS_TYPES_H 1
| #define HAVE_SYS_STAT_H 1
| #define HAVE_STDLIB_H 1
| #define HAVE_STRING_H 1
| #define HAVE_MEMORY_H 1
| #define HAVE_STRINGS_H 1
| #define HAVE_INTTYPES_H 1
| #define HAVE_STDINT_H 1
| #define HAVE_UNISTD_H 1
| /* end confdefs.h.  */
| #include <stdio.h>
| #ifdef HAVE_SYS_TYPES_H
| # include <sys/types.h>
| #endif
| #ifdef HAVE_SYS_STAT_H
| # include <sys/stat.h>
| #endif
| #ifdef STDC_HEADERS
| # include <stdlib.h>
| # include <stddef.h>
| #else
| # ifdef HAVE_STDLIB_H
| #  include <stdlib.h>
| # endif
| #endif
| #ifdef HAVE_STRING_H
| # if !defined STDC_HEADERS && defined HAVE_MEMORY_H
| #  include <memory.h>
| # endif
| # include <string.h>
| #endif
| #ifdef HAVE_STRINGS_H
| # include <strings.h>
| #endif
| #ifdef HAVE_INTTYPES_H
| # include <inttypes.h>
| #endif
| #ifdef HAVE_STDINT_H
| # include <stdint.h>
| #endif
| #ifdef HAVE_UNISTD_H
| # include <unistd.h>
| #endif
| #include <sys/ioccom.h>
configure:4690: result: no
configure:4694: checking sys/ioccom.h presence
configure:4709: mips-openwrt-linux-uclibc-gcc -E -I/home/xfs/openwrt/trunk2/trunk/staging_dir/target-mips_uClibc-0.9.29/usr/include -I/home/xfs/openwrt/trunk2/trunk/staging_dir/target-mips_uClibc-0.9.29/include  conftest.c
conftest.c:22:24: error: sys/ioccom.h: No such file or directory
configure:4715: $? = 1
configure: failed program was:
| /* confdefs.h.  */
| #define PACKAGE_NAME ""
| #define PACKAGE_TARNAME ""
| #define PACKAGE_VERSION ""
| #define PACKAGE_STRING ""
| #define PACKAGE_BUGREPORT ""
| #define inline inline
| #define HAVE___ATTRIBUTE__ 1
| #define _FILE_OFFSET_BITS 64
| #define HAVE_FSEEKO 1
| #define STDC_HEADERS 1
| #define HAVE_SYS_TYPES_H 1
| #define HAVE_SYS_STAT_H 1
| #define HAVE_STDLIB_H 1
| #define HAVE_STRING_H 1
| #define HAVE_MEMORY_H 1
| #define HAVE_STRINGS_H 1
| #define HAVE_INTTYPES_H 1
| #define HAVE_STDINT_H 1
| #define HAVE_UNISTD_H 1
| /* end confdefs.h.  */
| #include <sys/ioccom.h>
configure:4729: result: no
configure:4757: checking for sys/ioccom.h
configure:4765: result: no
configure:4653: checking sys/sockio.h usability
configure:4670: mips-openwrt-linux-uclibc-gcc -c -Os -pipe -mips32 -mtune=mips32 -funit-at-a-time -fhonour-copts -ffunction-sections -fdata-sections  -I/home/xfs/openwrt/trunk2/trunk/staging_dir/target-mips_uClibc-0.9.29/usr/include -I/home/xfs/openwrt/trunk2/trunk/staging_dir/target-mips_uClibc-0.9.29/include  conftest.c >&5
conftest.c:55:24: error: sys/sockio.h: No such file or directory
configure:4676: $? = 1
configure: failed program was:
| /* confdefs.h.  */
| #define PACKAGE_NAME ""
| #define PACKAGE_TARNAME ""
| #define PACKAGE_VERSION ""
| #define PACKAGE_STRING ""
| #define PACKAGE_BUGREPORT ""
| #define inline inline
| #define HAVE___ATTRIBUTE__ 1
| #define _FILE_OFFSET_BITS 64
| #define HAVE_FSEEKO 1
| #define STDC_HEADERS 1
| #define HAVE_SYS_TYPES_H 1
| #define HAVE_SYS_STAT_H 1
| #define HAVE_STDLIB_H 1
| #define HAVE_STRING_H 1
| #define HAVE_MEMORY_H 1
| #define HAVE_STRINGS_H 1
| #define HAVE_INTTYPES_H 1
| #define HAVE_STDINT_H 1
| #define HAVE_UNISTD_H 1
| /* end confdefs.h.  */
| #include <stdio.h>
| #ifdef HAVE_SYS_TYPES_H
| # include <sys/types.h>
| #endif
| #ifdef HAVE_SYS_STAT_H
| # include <sys/stat.h>
| #endif
| #ifdef STDC_HEADERS
| # include <stdlib.h>
| # include <stddef.h>
| #else
| # ifdef HAVE_STDLIB_H
| #  include <stdlib.h>
| # endif
| #endif
| #ifdef HAVE_STRING_H
| # if !defined STDC_HEADERS && defined HAVE_MEMORY_H
| #  include <memory.h>
| # endif
| # include <string.h>
| #endif
| #ifdef HAVE_STRINGS_H
| # include <strings.h>
| #endif
| #ifdef HAVE_INTTYPES_H
| # include <inttypes.h>
| #endif
| #ifdef HAVE_STDINT_H
| # include <stdint.h>
| #endif
| #ifdef HAVE_UNISTD_H
| # include <unistd.h>
| #endif
| #include <sys/sockio.h>
configure:4690: result: no
configure:4694: checking sys/sockio.h presence
configure:4709: mips-openwrt-linux-uclibc-gcc -E -I/home/xfs/openwrt/trunk2/trunk/staging_dir/target-mips_uClibc-0.9.29/usr/include -I/home/xfs/openwrt/trunk2/trunk/staging_dir/target-mips_uClibc-0.9.29/include  conftest.c
conftest.c:22:24: error: sys/sockio.h: No such file or directory
configure:4715: $? = 1
configure: failed program was:
| /* confdefs.h.  */
| #define PACKAGE_NAME ""
| #define PACKAGE_TARNAME ""
| #define PACKAGE_VERSION ""
| #define PACKAGE_STRING ""
| #define PACKAGE_BUGREPORT ""
| #define inline inline
| #define HAVE___ATTRIBUTE__ 1
| #define _FILE_OFFSET_BITS 64
| #define HAVE_FSEEKO 1
| #define STDC_HEADERS 1
| #define HAVE_SYS_TYPES_H 1
| #define HAVE_SYS_STAT_H 1
| #define HAVE_STDLIB_H 1
| #define HAVE_STRING_H 1
| #define HAVE_MEMORY_H 1
| #define HAVE_STRINGS_H 1
| #define HAVE_INTTYPES_H 1
| #define HAVE_STDINT_H 1
| #define HAVE_UNISTD_H 1
| /* end confdefs.h.  */
| #include <sys/sockio.h>
configure:4729: result: no
configure:4757: checking for sys/sockio.h
configure:4765: result: no
configure:4653: checking limits.h usability
configure:4670: mips-openwrt-linux-uclibc-gcc -c -Os -pipe -mips32 -mtune=mips32 -funit-at-a-time -fhonour-copts -ffunction-sections -fdata-sections  -I/home/xfs/openwrt/trunk2/trunk/staging_dir/target-mips_uClibc-0.9.29/usr/include -I/home/xfs/openwrt/trunk2/trunk/staging_dir/target-mips_uClibc-0.9.29/include  conftest.c >&5
configure:4676: $? = 0
configure:4690: result: yes
configure:4694: checking limits.h presence
configure:4709: mips-openwrt-linux-uclibc-gcc -E -I/home/xfs/openwrt/trunk2/trunk/staging_dir/target-mips_uClibc-0.9.29/usr/include -I/home/xfs/openwrt/trunk2/trunk/staging_dir/target-mips_uClibc-0.9.29/include  conftest.c
configure:4715: $? = 0
configure:4729: result: yes
configure:4757: checking for limits.h
configure:4765: result: yes
configure:4653: checking paths.h usability
configure:4670: mips-openwrt-linux-uclibc-gcc -c -Os -pipe -mips32 -mtune=mips32 -funit-at-a-time -fhonour-copts -ffunction-sections -fdata-sections  -I/home/xfs/openwrt/trunk2/trunk/staging_dir/target-mips_uClibc-0.9.29/usr/include -I/home/xfs/openwrt/trunk2/trunk/staging_dir/target-mips_uClibc-0.9.29/include  conftest.c >&5
configure:4676: $? = 0
configure:4690: result: yes
configure:4694: checking paths.h presence
configure:4709: mips-openwrt-linux-uclibc-gcc -E -I/home/xfs/openwrt/trunk2/trunk/staging_dir/target-mips_uClibc-0.9.29/usr/include -I/home/xfs/openwrt/trunk2/trunk/staging_dir/target-mips_uClibc-0.9.29/include  conftest.c
configure:4715: $? = 0
configure:4729: result: yes
configure:4757: checking for paths.h
configure:4765: result: yes
configure:4782: checking for net/pfvar.h
configure:4805: mips-openwrt-linux-uclibc-gcc -c -Os -pipe -mips32 -mtune=mips32 -funit-at-a-time -fhonour-copts -ffunction-sections -fdata-sections  -I/home/xfs/openwrt/trunk2/trunk/staging_dir/target-mips_uClibc-0.9.29/usr/include -I/home/xfs/openwrt/trunk2/trunk/staging_dir/target-mips_uClibc-0.9.29/include  conftest.c >&5
conftest.c:28:23: error: net/pfvar.h: No such file or directory
configure:4811: $? = 1
configure: failed program was:
| /* confdefs.h.  */
| #define PACKAGE_NAME ""
| #define PACKAGE_TARNAME ""
| #define PACKAGE_VERSION ""
| #define PACKAGE_STRING ""
| #define PACKAGE_BUGREPORT ""
| #define inline inline
| #define HAVE___ATTRIBUTE__ 1
| #define _FILE_OFFSET_BITS 64
| #define HAVE_FSEEKO 1
| #define STDC_HEADERS 1
| #define HAVE_SYS_TYPES_H 1
| #define HAVE_SYS_STAT_H 1
| #define HAVE_STDLIB_H 1
| #define HAVE_STRING_H 1
| #define HAVE_MEMORY_H 1
| #define HAVE_STRINGS_H 1
| #define HAVE_INTTYPES_H 1
| #define HAVE_STDINT_H 1
| #define HAVE_UNISTD_H 1
| #define HAVE_LIMITS_H 1
| #define HAVE_PATHS_H 1
| /* end confdefs.h.  */
| #include <sys/types.h>
| #include <sys/socket.h>
| #include <net/if.h>
| 
| #include <net/pfvar.h>
configure:4827: result: no
configure:4902: checking for netinet/if_ether.h
configure:4924: mips-openwrt-linux-uclibc-gcc -c -Os -pipe -mips32 -mtune=mips32 -funit-at-a-time -fhonour-copts -ffunction-sections -fdata-sections  -I/home/xfs/openwrt/trunk2/trunk/staging_dir/target-mips_uClibc-0.9.29/usr/include -I/home/xfs/openwrt/trunk2/trunk/staging_dir/target-mips_uClibc-0.9.29/include  conftest.c >&5
configure:4930: $? = 0
configure:4946: result: yes
configure:5034: checking for ANSI ioctl definitions
configure:5072: mips-openwrt-linux-uclibc-gcc -c -Os -pipe -mips32 -mtune=mips32 -funit-at-a-time -fhonour-copts -ffunction-sections -fdata-sections  -I/home/xfs/openwrt/trunk2/trunk/staging_dir/target-mips_uClibc-0.9.29/usr/include -I/home/xfs/openwrt/trunk2/trunk/staging_dir/target-mips_uClibc-0.9.29/include  conftest.c >&5
configure:5078: $? = 0
configure:5094: result: yes
configure:5110: checking for strerror
configure:5190: result: yes
configure:5110: checking for strlcpy
configure:5166: mips-openwrt-linux-uclibc-gcc -o conftest -Os -pipe -mips32 -mtune=mips32 -funit-at-a-time -fhonour-copts -ffunction-sections -fdata-sections  -I/home/xfs/openwrt/trunk2/trunk/staging_dir/target-mips_uClibc-0.9.29/usr/include -I/home/xfs/openwrt/trunk2/trunk/staging_dir/target-mips_uClibc-0.9.29/include  -L/home/xfs/openwrt/trunk2/trunk/staging_dir/toolchain-mips_gcc-4.1.2_uClibc-0.9.29/usr/lib -L/home/xfs/openwrt/trunk2/trunk/staging_dir/toolchain-mips_gcc-4.1.2_uClibc-0.9.29/lib -L/home/xfs/openwrt/trunk2/trunk/staging_dir/target-mips_uClibc-0.9.29/usr/lib -L/home/xfs/openwrt/trunk2/trunk/staging_dir/target-mips_uClibc-0.9.29/lib  conftest.c  >&5
configure:5172: $? = 0
configure:5190: result: yes
configure:5207: checking for vsnprintf
configure:5287: result: yes
configure:5207: checking for snprintf
configure:5263: mips-openwrt-linux-uclibc-gcc -o conftest -Os -pipe -mips32 -mtune=mips32 -funit-at-a-time -fhonour-copts -ffunction-sections -fdata-sections  -I/home/xfs/openwrt/trunk2/trunk/staging_dir/target-mips_uClibc-0.9.29/usr/include -I/home/xfs/openwrt/trunk2/trunk/staging_dir/target-mips_uClibc-0.9.29/include  -L/home/xfs/openwrt/trunk2/trunk/staging_dir/toolchain-mips_gcc-4.1.2_uClibc-0.9.29/usr/lib -L/home/xfs/openwrt/trunk2/trunk/staging_dir/toolchain-mips_gcc-4.1.2_uClibc-0.9.29/lib -L/home/xfs/openwrt/trunk2/trunk/staging_dir/target-mips_uClibc-0.9.29/usr/lib -L/home/xfs/openwrt/trunk2/trunk/staging_dir/target-mips_uClibc-0.9.29/lib  conftest.c  >&5
conftest.c:51: warning: conflicting types for built-in function 'snprintf'
configure:5269: $? = 0
configure:5287: result: yes
configure:5317: checking for library containing gethostbyname
configure:5358: mips-openwrt-linux-uclibc-gcc -o conftest -Os -pipe -mips32 -mtune=mips32 -funit-at-a-time -fhonour-copts -ffunction-sections -fdata-sections  -I/home/xfs/openwrt/trunk2/trunk/staging_dir/target-mips_uClibc-0.9.29/usr/include -I/home/xfs/openwrt/trunk2/trunk/staging_dir/target-mips_uClibc-0.9.29/include  -L/home/xfs/openwrt/trunk2/trunk/staging_dir/toolchain-mips_gcc-4.1.2_uClibc-0.9.29/usr/lib -L/home/xfs/openwrt/trunk2/trunk/staging_dir/toolchain-mips_gcc-4.1.2_uClibc-0.9.29/lib -L/home/xfs/openwrt/trunk2/trunk/staging_dir/target-mips_uClibc-0.9.29/usr/lib -L/home/xfs/openwrt/trunk2/trunk/staging_dir/target-mips_uClibc-0.9.29/lib  conftest.c  >&5
configure:5364: $? = 0
configure:5392: result: none required
configure:5470: checking for library containing socket
configure:5511: mips-openwrt-linux-uclibc-gcc -o conftest -Os -pipe -mips32 -mtune=mips32 -funit-at-a-time -fhonour-copts -ffunction-sections -fdata-sections  -I/home/xfs/openwrt/trunk2/trunk/staging_dir/target-mips_uClibc-0.9.29/usr/include -I/home/xfs/openwrt/trunk2/trunk/staging_dir/target-mips_uClibc-0.9.29/include  -L/home/xfs/openwrt/trunk2/trunk/staging_dir/toolchain-mips_gcc-4.1.2_uClibc-0.9.29/usr/lib -L/home/xfs/openwrt/trunk2/trunk/staging_dir/toolchain-mips_gcc-4.1.2_uClibc-0.9.29/lib -L/home/xfs/openwrt/trunk2/trunk/staging_dir/target-mips_uClibc-0.9.29/usr/lib -L/home/xfs/openwrt/trunk2/trunk/staging_dir/target-mips_uClibc-0.9.29/lib  conftest.c  >&5
configure:5517: $? = 0
configure:5545: result: none required
configure:5620: checking for library containing putmsg
configure:5661: mips-openwrt-linux-uclibc-gcc -o conftest -Os -pipe -mips32 -mtune=mips32 -funit-at-a-time -fhonour-copts -ffunction-sections -fdata-sections  -I/home/xfs/openwrt/trunk2/trunk/staging_dir/target-mips_uClibc-0.9.29/usr/include -I/home/xfs/openwrt/trunk2/trunk/staging_dir/target-mips_uClibc-0.9.29/include  -L/home/xfs/openwrt/trunk2/trunk/staging_dir/toolchain-mips_gcc-4.1.2_uClibc-0.9.29/usr/lib -L/home/xfs/openwrt/trunk2/trunk/staging_dir/toolchain-mips_gcc-4.1.2_uClibc-0.9.29/lib -L/home/xfs/openwrt/trunk2/trunk/staging_dir/target-mips_uClibc-0.9.29/usr/lib -L/home/xfs/openwrt/trunk2/trunk/staging_dir/target-mips_uClibc-0.9.29/lib  conftest.c  >&5
/tmp/ccilpPcW.o: In function `main':
conftest.c:(.text.main+0x18): undefined reference to `putmsg'
collect2: ld returned 1 exit status
configure:5667: $? = 1
configure: failed program was:
| /* confdefs.h.  */
| #define PACKAGE_NAME ""
| #define PACKAGE_TARNAME ""
| #define PACKAGE_VERSION ""
| #define PACKAGE_STRING ""
| #define PACKAGE_BUGREPORT ""
| #define inline inline
| #define HAVE___ATTRIBUTE__ 1
| #define _FILE_OFFSET_BITS 64
| #define HAVE_FSEEKO 1
| #define STDC_HEADERS 1
| #define HAVE_SYS_TYPES_H 1
| #define HAVE_SYS_STAT_H 1
| #define HAVE_STDLIB_H 1
| #define HAVE_STRING_H 1
| #define HAVE_MEMORY_H 1
| #define HAVE_STRINGS_H 1
| #define HAVE_INTTYPES_H 1
| #define HAVE_STDINT_H 1
| #define HAVE_UNISTD_H 1
| #define HAVE_LIMITS_H 1
| #define HAVE_PATHS_H 1
| #define HAVE_NETINET_IF_ETHER_H 1
| #define HAVE_STRERROR 1
| #define HAVE_STRLCPY 1
| #define HAVE_VSNPRINTF 1
| #define HAVE_SNPRINTF 1
| /* end confdefs.h.  */
| 
| /* Override any GCC internal prototype to avoid an error.
|    Use char because int might match the return type of a GCC
|    builtin and then its argument prototype would still apply.  */
| #ifdef __cplusplus
| extern "C"
| #endif
| char putmsg ();
| int
| main ()
| {
| return putmsg ();
|   ;
|   return 0;
| }
configure:5661: mips-openwrt-linux-uclibc-gcc -o conftest -Os -pipe -mips32 -mtune=mips32 -funit-at-a-time -fhonour-copts -ffunction-sections -fdata-sections  -I/home/xfs/openwrt/trunk2/trunk/staging_dir/target-mips_uClibc-0.9.29/usr/include -I/home/xfs/openwrt/trunk2/trunk/staging_dir/target-mips_uClibc-0.9.29/include  -L/home/xfs/openwrt/trunk2/trunk/staging_dir/toolchain-mips_gcc-4.1.2_uClibc-0.9.29/usr/lib -L/home/xfs/openwrt/trunk2/trunk/staging_dir/toolchain-mips_gcc-4.1.2_uClibc-0.9.29/lib -L/home/xfs/openwrt/trunk2/trunk/staging_dir/target-mips_uClibc-0.9.29/usr/lib -L/home/xfs/openwrt/trunk2/trunk/staging_dir/target-mips_uClibc-0.9.29/lib  conftest.c -lstr   >&5
/home/xfs/openwrt/trunk2/trunk/staging_dir/toolchain-mips_gcc-4.1.2_uClibc-0.9.29/usr/lib/gcc/mips-openwrt-linux-uclibc/4.1.2/../../../../mips-openwrt-linux-uclibc/bin/ld: cannot find -lstr
collect2: ld returned 1 exit status
configure:5667: $? = 1
configure: failed program was:
| /* confdefs.h.  */
| #define PACKAGE_NAME ""
| #define PACKAGE_TARNAME ""
| #define PACKAGE_VERSION ""
| #define PACKAGE_STRING ""
| #define PACKAGE_BUGREPORT ""
| #define inline inline
| #define HAVE___ATTRIBUTE__ 1
| #define _FILE_OFFSET_BITS 64
| #define HAVE_FSEEKO 1
| #define STDC_HEADERS 1
| #define HAVE_SYS_TYPES_H 1
| #define HAVE_SYS_STAT_H 1
| #define HAVE_STDLIB_H 1
| #define HAVE_STRING_H 1
| #define HAVE_MEMORY_H 1
| #define HAVE_STRINGS_H 1
| #define HAVE_INTTYPES_H 1
| #define HAVE_STDINT_H 1
| #define HAVE_UNISTD_H 1
| #define HAVE_LIMITS_H 1
| #define HAVE_PATHS_H 1
| #define HAVE_NETINET_IF_ETHER_H 1
| #define HAVE_STRERROR 1
| #define HAVE_STRLCPY 1
| #define HAVE_VSNPRINTF 1
| #define HAVE_SNPRINTF 1
| /* end confdefs.h.  */
| 
| /* Override any GCC internal prototype to avoid an error.
|    Use char because int might match the return type of a GCC
|    builtin and then its argument prototype would still apply.  */
| #ifdef __cplusplus
| extern "C"
| #endif
| char putmsg ();
| int
| main ()
| {
| return putmsg ();
|   ;
|   return 0;
| }
configure:5695: result: no
configure:5720: checking for ether_hostton
configure:5776: mips-openwrt-linux-uclibc-gcc -o conftest -Os -pipe -mips32 -mtune=mips32 -funit-at-a-time -fhonour-copts -ffunction-sections -fdata-sections  -I/home/xfs/openwrt/trunk2/trunk/staging_dir/target-mips_uClibc-0.9.29/usr/include -I/home/xfs/openwrt/trunk2/trunk/staging_dir/target-mips_uClibc-0.9.29/include  -L/home/xfs/openwrt/trunk2/trunk/staging_dir/toolchain-mips_gcc-4.1.2_uClibc-0.9.29/usr/lib -L/home/xfs/openwrt/trunk2/trunk/staging_dir/toolchain-mips_gcc-4.1.2_uClibc-0.9.29/lib -L/home/xfs/openwrt/trunk2/trunk/staging_dir/target-mips_uClibc-0.9.29/usr/lib -L/home/xfs/openwrt/trunk2/trunk/staging_dir/target-mips_uClibc-0.9.29/lib  conftest.c  >&5
/tmp/cc2yNIL4.o: In function `main':
conftest.c:(.text.main+0x18): undefined reference to `ether_hostton'
collect2: ld returned 1 exit status
configure:5782: $? = 1
configure: failed program was:
| /* confdefs.h.  */
| #define PACKAGE_NAME ""
| #define PACKAGE_TARNAME ""
| #define PACKAGE_VERSION ""
| #define PACKAGE_STRING ""
| #define PACKAGE_BUGREPORT ""
| #define inline inline
| #define HAVE___ATTRIBUTE__ 1
| #define _FILE_OFFSET_BITS 64
| #define HAVE_FSEEKO 1
| #define STDC_HEADERS 1
| #define HAVE_SYS_TYPES_H 1
| #define HAVE_SYS_STAT_H 1
| #define HAVE_STDLIB_H 1
| #define HAVE_STRING_H 1
| #define HAVE_MEMORY_H 1
| #define HAVE_STRINGS_H 1
| #define HAVE_INTTYPES_H 1
| #define HAVE_STDINT_H 1
| #define HAVE_UNISTD_H 1
| #define HAVE_LIMITS_H 1
| #define HAVE_PATHS_H 1
| #define HAVE_NETINET_IF_ETHER_H 1
| #define HAVE_STRERROR 1
| #define HAVE_STRLCPY 1
| #define HAVE_VSNPRINTF 1
| #define HAVE_SNPRINTF 1
| /* end confdefs.h.  */
| /* Define ether_hostton to an innocuous variant, in case <limits.h> declares ether_hostton.
|    For example, HP-UX 11i <limits.h> declares gettimeofday.  */
| #define ether_hostton innocuous_ether_hostton
| 
| /* System header to define __stub macros and hopefully few prototypes,
|     which can conflict with char ether_hostton (); below.
|     Prefer <limits.h> to <assert.h> if __STDC__ is defined, since
|     <limits.h> exists even on freestanding compilers.  */
| 
| #ifdef __STDC__
| # include <limits.h>
| #else
| # include <assert.h>
| #endif
| 
| #undef ether_hostton
| 
| /* Override any GCC internal prototype to avoid an error.
|    Use char because int might match the return type of a GCC
|    builtin and then its argument prototype would still apply.  */
| #ifdef __cplusplus
| extern "C"
| #endif
| char ether_hostton ();
| /* The GNU C library defines this for functions which it implements
|     to always fail with ENOSYS.  Some functions are actually named
|     something starting with __ and the normal name is an alias.  */
| #if defined __stub_ether_hostton || defined __stub___ether_hostton
| choke me
| #endif
| 
| int
| main ()
| {
| return ether_hostton ();
|   ;
|   return 0;
| }
configure:5800: result: no
configure:6207: checking if --disable-protochain option is specified
configure:6227: result: enabled
configure:6261: checking packet capture type
configure:6307: result: linux
configure:6566: checking Linux kernel version
configure:6584: result: 2
configure:6600: checking for linux/wireless.h
configure:6625: mips-openwrt-linux-uclibc-gcc -c -Os -pipe -mips32 -mtune=mips32 -funit-at-a-time -fhonour-copts -ffunction-sections -fdata-sections  -I/home/xfs/openwrt/trunk2/trunk/staging_dir/target-mips_uClibc-0.9.29/usr/include -I/home/xfs/openwrt/trunk2/trunk/staging_dir/target-mips_uClibc-0.9.29/include  conftest.c >&5
In file included from /home/xfs/openwrt/trunk2/trunk/staging_dir/toolchain-mips_gcc-4.1.2_uClibc-0.9.29/usr/lib/gcc/mips-openwrt-linux-uclibc/4.1.2/../../../../mips-openwrt-linux-uclibc/sys-include/linux/wireless.h:74,
                 from conftest.c:35:
/home/xfs/openwrt/trunk2/trunk/staging_dir/toolchain-mips_gcc-4.1.2_uClibc-0.9.29/usr/lib/gcc/mips-openwrt-linux-uclibc/4.1.2/../../../../mips-openwrt-linux-uclibc/sys-include/linux/if.h:124: error: redefinition of 'struct ifmap'
/home/xfs/openwrt/trunk2/trunk/staging_dir/toolchain-mips_gcc-4.1.2_uClibc-0.9.29/usr/lib/gcc/mips-openwrt-linux-uclibc/4.1.2/../../../../mips-openwrt-linux-uclibc/sys-include/linux/if.h:160: error: redefinition of 'struct ifreq'
/home/xfs/openwrt/trunk2/trunk/staging_dir/toolchain-mips_gcc-4.1.2_uClibc-0.9.29/usr/lib/gcc/mips-openwrt-linux-uclibc/4.1.2/../../../../mips-openwrt-linux-uclibc/sys-include/linux/if.h:210: error: redefinition of 'struct ifconf'
configure:6631: $? = 1
configure: failed program was:
| /* confdefs.h.  */
| #define PACKAGE_NAME ""
| #define PACKAGE_TARNAME ""
| #define PACKAGE_VERSION ""
| #define PACKAGE_STRING ""
| #define PACKAGE_BUGREPORT ""
| #define inline inline
| #define HAVE___ATTRIBUTE__ 1
| #define _FILE_OFFSET_BITS 64
| #define HAVE_FSEEKO 1
| #define STDC_HEADERS 1
| #define HAVE_SYS_TYPES_H 1
| #define HAVE_SYS_STAT_H 1
| #define HAVE_STDLIB_H 1
| #define HAVE_STRING_H 1
| #define HAVE_MEMORY_H 1
| #define HAVE_STRINGS_H 1
| #define HAVE_INTTYPES_H 1
| #define HAVE_STDINT_H 1
| #define HAVE_UNISTD_H 1
| #define HAVE_LIMITS_H 1
| #define HAVE_PATHS_H 1
| #define HAVE_NETINET_IF_ETHER_H 1
| #define HAVE_STRERROR 1
| #define HAVE_STRLCPY 1
| #define HAVE_VSNPRINTF 1
| #define HAVE_SNPRINTF 1
| /* end confdefs.h.  */
| 
| #include <sys/socket.h>
| #include <net/if.h>
| #include <linux/types.h>
| 
| 
| #include <linux/wireless.h>
configure:6647: result: no
configure:6797: checking if if_packet.h has tpacket_stats defined
configure:6824: mips-openwrt-linux-uclibc-gcc -c -Os -pipe -mips32 -mtune=mips32 -funit-at-a-time -fhonour-copts -ffunction-sections -fdata-sections  -I/home/xfs/openwrt/trunk2/trunk/staging_dir/target-mips_uClibc-0.9.29/usr/include -I/home/xfs/openwrt/trunk2/trunk/staging_dir/target-mips_uClibc-0.9.29/include  conftest.c >&5
configure:6830: $? = 0
configure:6846: result: yes
configure:6855: checking if tpacket_auxdata struct has tp_vlan_tci member
configure:6882: mips-openwrt-linux-uclibc-gcc -c -Os -pipe -mips32 -mtune=mips32 -funit-at-a-time -fhonour-copts -ffunction-sections -fdata-sections  -I/home/xfs/openwrt/trunk2/trunk/staging_dir/target-mips_uClibc-0.9.29/usr/include -I/home/xfs/openwrt/trunk2/trunk/staging_dir/target-mips_uClibc-0.9.29/include  conftest.c >&5
configure:6888: $? = 0
configure:6904: result: yes
configure:7141: checking for getifaddrs
configure:7197: mips-openwrt-linux-uclibc-gcc -o conftest -Os -pipe -mips32 -mtune=mips32 -funit-at-a-time -fhonour-copts -ffunction-sections -fdata-sections  -I/home/xfs/openwrt/trunk2/trunk/staging_dir/target-mips_uClibc-0.9.29/usr/include -I/home/xfs/openwrt/trunk2/trunk/staging_dir/target-mips_uClibc-0.9.29/include  -L/home/xfs/openwrt/trunk2/trunk/staging_dir/toolchain-mips_gcc-4.1.2_uClibc-0.9.29/usr/lib -L/home/xfs/openwrt/trunk2/trunk/staging_dir/toolchain-mips_gcc-4.1.2_uClibc-0.9.29/lib -L/home/xfs/openwrt/trunk2/trunk/staging_dir/target-mips_uClibc-0.9.29/usr/lib -L/home/xfs/openwrt/trunk2/trunk/staging_dir/target-mips_uClibc-0.9.29/lib  conftest.c  >&5
configure:7203: $? = 0
configure:7220: result: yes
configure:7238: checking ifaddrs.h usability
configure:7255: mips-openwrt-linux-uclibc-gcc -c -Os -pipe -mips32 -mtune=mips32 -funit-at-a-time -fhonour-copts -ffunction-sections -fdata-sections  -I/home/xfs/openwrt/trunk2/trunk/staging_dir/target-mips_uClibc-0.9.29/usr/include -I/home/xfs/openwrt/trunk2/trunk/staging_dir/target-mips_uClibc-0.9.29/include  conftest.c >&5
configure:7261: $? = 0
configure:7275: result: yes
configure:7279: checking ifaddrs.h presence
configure:7294: mips-openwrt-linux-uclibc-gcc -E -I/home/xfs/openwrt/trunk2/trunk/staging_dir/target-mips_uClibc-0.9.29/usr/include -I/home/xfs/openwrt/trunk2/trunk/staging_dir/target-mips_uClibc-0.9.29/include  conftest.c
configure:7300: $? = 0
configure:7314: result: yes
configure:7342: checking for ifaddrs.h
configure:7349: result: yes
configure:7621: checking for socklen_t
configure:7647: mips-openwrt-linux-uclibc-gcc -c -Os -pipe -mips32 -mtune=mips32 -funit-at-a-time -fhonour-copts -ffunction-sections -fdata-sections  -I/home/xfs/openwrt/trunk2/trunk/staging_dir/target-mips_uClibc-0.9.29/usr/include -I/home/xfs/openwrt/trunk2/trunk/staging_dir/target-mips_uClibc-0.9.29/include  conftest.c >&5
configure:7653: $? = 0
configure:7674: result: yes
configure:7685: checking for getaddrinfo
configure:7764: result: yes
configure:7788: checking whether to build optimizer debugging code
configure:7802: result: no
configure:7805: checking whether to build parser debugging code
configure:7819: result: no
configure:7822: checking whether we have /proc/net/dev
configure:7836: result: yes
configure:8282: checking whether we have the DAG API
configure:8286: result: no
configure:8427: checking for flex
configure:8443: found /usr/bin/flex
configure:8454: result: flex
configure:8469: checking for flex 2.4 or higher
configure:8481: result: yes
configure:8497: checking for bison
configure:8513: found /home/xfs/openwrt/trunk2/trunk/staging_dir/host/bin/bison
configure:8524: result: bison
configure:8750: checking for mips-openwrt-linux-ranlib
configure:8777: result: mips-openwrt-linux-uclibc-ranlib
configure:8885: checking if sockaddr struct has sa_len member
configure:8913: mips-openwrt-linux-uclibc-gcc -c -Os -pipe -mips32 -mtune=mips32 -funit-at-a-time -fhonour-copts -ffunction-sections -fdata-sections  -I/home/xfs/openwrt/trunk2/trunk/staging_dir/target-mips_uClibc-0.9.29/usr/include -I/home/xfs/openwrt/trunk2/trunk/staging_dir/target-mips_uClibc-0.9.29/include  conftest.c >&5
conftest.c: In function 'main':
conftest.c:40: error: 'struct sockaddr' has no member named 'sa_len'
configure:8919: $? = 1
configure: failed program was:
| /* confdefs.h.  */
| #define PACKAGE_NAME ""
| #define PACKAGE_TARNAME ""
| #define PACKAGE_VERSION ""
| #define PACKAGE_STRING ""
| #define PACKAGE_BUGREPORT ""
| #define inline inline
| #define HAVE___ATTRIBUTE__ 1
| #define _FILE_OFFSET_BITS 64
| #define HAVE_FSEEKO 1
| #define STDC_HEADERS 1
| #define HAVE_SYS_TYPES_H 1
| #define HAVE_SYS_STAT_H 1
| #define HAVE_STDLIB_H 1
| #define HAVE_STRING_H 1
| #define HAVE_MEMORY_H 1
| #define HAVE_STRINGS_H 1
| #define HAVE_INTTYPES_H 1
| #define HAVE_STDINT_H 1
| #define HAVE_UNISTD_H 1
| #define HAVE_LIMITS_H 1
| #define HAVE_PATHS_H 1
| #define HAVE_NETINET_IF_ETHER_H 1
| #define HAVE_STRERROR 1
| #define HAVE_STRLCPY 1
| #define HAVE_VSNPRINTF 1
| #define HAVE_SNPRINTF 1
| #define HAVE_TPACKET_STATS 1
| #define HAVE_LINUX_TPACKET_AUXDATA_TP_VLAN_TCI 1
| #define HAVE_SOCKLEN_T 1
| #define INET6 1
| #define HAVE_PROC_NET_DEV 1
| /* end confdefs.h.  */
| 
| #	include <sys/types.h>
| #	include <sys/socket.h>
| int
| main ()
| {
| u_int i = sizeof(((struct sockaddr *)0)->sa_len)
|   ;
|   return 0;
| }
configure:8935: result: no
configure:8945: checking if sockaddr_storage struct exists
configure:8973: mips-openwrt-linux-uclibc-gcc -c -Os -pipe -mips32 -mtune=mips32 -funit-at-a-time -fhonour-copts -ffunction-sections -fdata-sections  -I/home/xfs/openwrt/trunk2/trunk/staging_dir/target-mips_uClibc-0.9.29/usr/include -I/home/xfs/openwrt/trunk2/trunk/staging_dir/target-mips_uClibc-0.9.29/include  conftest.c >&5
configure:8979: $? = 0
configure:8995: result: yes
configure:9005: checking if dl_hp_ppa_info_t struct has dl_module_id_1 member
configure:9034: mips-openwrt-linux-uclibc-gcc -c -Os -pipe -mips32 -mtune=mips32 -funit-at-a-time -fhonour-copts -ffunction-sections -fdata-sections  -I/home/xfs/openwrt/trunk2/trunk/staging_dir/target-mips_uClibc-0.9.29/usr/include -I/home/xfs/openwrt/trunk2/trunk/staging_dir/target-mips_uClibc-0.9.29/include  conftest.c >&5
conftest.c:37:23: error: sys/dlpi.h: No such file or directory
conftest.c:38:27: error: sys/dlpi_ext.h: No such file or directory
conftest.c: In function 'main':
conftest.c:42: error: 'dl_hp_ppa_info_t' undeclared (first use in this function)
conftest.c:42: error: (Each undeclared identifier is reported only once
conftest.c:42: error: for each function it appears in.)
conftest.c:42: error: expected expression before ')' token
configure:9040: $? = 1
configure: failed program was:
| /* confdefs.h.  */
| #define PACKAGE_NAME ""
| #define PACKAGE_TARNAME ""
| #define PACKAGE_VERSION ""
| #define PACKAGE_STRING ""
| #define PACKAGE_BUGREPORT ""
| #define inline inline
| #define HAVE___ATTRIBUTE__ 1
| #define _FILE_OFFSET_BITS 64
| #define HAVE_FSEEKO 1
| #define STDC_HEADERS 1
| #define HAVE_SYS_TYPES_H 1
| #define HAVE_SYS_STAT_H 1
| #define HAVE_STDLIB_H 1
| #define HAVE_STRING_H 1
| #define HAVE_MEMORY_H 1
| #define HAVE_STRINGS_H 1
| #define HAVE_INTTYPES_H 1
| #define HAVE_STDINT_H 1
| #define HAVE_UNISTD_H 1
| #define HAVE_LIMITS_H 1
| #define HAVE_PATHS_H 1
| #define HAVE_NETINET_IF_ETHER_H 1
| #define HAVE_STRERROR 1
| #define HAVE_STRLCPY 1
| #define HAVE_VSNPRINTF 1
| #define HAVE_SNPRINTF 1
| #define HAVE_TPACKET_STATS 1
| #define HAVE_LINUX_TPACKET_AUXDATA_TP_VLAN_TCI 1
| #define HAVE_SOCKLEN_T 1
| #define INET6 1
| #define HAVE_PROC_NET_DEV 1
| #define HAVE_SOCKADDR_STORAGE 1
| /* end confdefs.h.  */
| 
| #	include <sys/types.h>
| #	include <sys/dlpi.h>
| #	include <sys/dlpi_ext.h>
| int
| main ()
| {
| u_int i = sizeof(((dl_hp_ppa_info_t *)0)->dl_module_id_1)
|   ;
|   return 0;
| }
configure:9056: result: no
configure:9066: checking if unaligned accesses fail
configure:9153: result: no
configure:9191: checking for USB sniffing support
configure:9201: result: yes
configure:9212: Device for USB sniffing is /dev/usbmon
configure:9235: checking bluetooth/bluetooth.h usability
configure:9252: mips-openwrt-linux-uclibc-gcc -c -Os -pipe -mips32 -mtune=mips32 -funit-at-a-time -fhonour-copts -ffunction-sections -fdata-sections  -I/home/xfs/openwrt/trunk2/trunk/staging_dir/target-mips_uClibc-0.9.29/usr/include -I/home/xfs/openwrt/trunk2/trunk/staging_dir/target-mips_uClibc-0.9.29/include  conftest.c >&5
conftest.c:71:33: error: bluetooth/bluetooth.h: No such file or directory
configure:9258: $? = 1
configure: failed program was:
| /* confdefs.h.  */
| #define PACKAGE_NAME ""
| #define PACKAGE_TARNAME ""
| #define PACKAGE_VERSION ""
| #define PACKAGE_STRING ""
| #define PACKAGE_BUGREPORT ""
| #define inline inline
| #define HAVE___ATTRIBUTE__ 1
| #define _FILE_OFFSET_BITS 64
| #define HAVE_FSEEKO 1
| #define STDC_HEADERS 1
| #define HAVE_SYS_TYPES_H 1
| #define HAVE_SYS_STAT_H 1
| #define HAVE_STDLIB_H 1
| #define HAVE_STRING_H 1
| #define HAVE_MEMORY_H 1
| #define HAVE_STRINGS_H 1
| #define HAVE_INTTYPES_H 1
| #define HAVE_STDINT_H 1
| #define HAVE_UNISTD_H 1
| #define HAVE_LIMITS_H 1
| #define HAVE_PATHS_H 1
| #define HAVE_NETINET_IF_ETHER_H 1
| #define HAVE_STRERROR 1
| #define HAVE_STRLCPY 1
| #define HAVE_VSNPRINTF 1
| #define HAVE_SNPRINTF 1
| #define HAVE_TPACKET_STATS 1
| #define HAVE_LINUX_TPACKET_AUXDATA_TP_VLAN_TCI 1
| #define HAVE_SOCKLEN_T 1
| #define INET6 1
| #define HAVE_PROC_NET_DEV 1
| #define HAVE_SOCKADDR_STORAGE 1
| #define HAVE_VERSION_H 1
| #define PCAP_SUPPORT_USB 1
| #define LINUX_USB_MON_DEV "/dev/usbmon"
| /* end confdefs.h.  */
| #include <stdio.h>
| #ifdef HAVE_SYS_TYPES_H
| # include <sys/types.h>
| #endif
| #ifdef HAVE_SYS_STAT_H
| # include <sys/stat.h>
| #endif
| #ifdef STDC_HEADERS
| # include <stdlib.h>
| # include <stddef.h>
| #else
| # ifdef HAVE_STDLIB_H
| #  include <stdlib.h>
| # endif
| #endif
| #ifdef HAVE_STRING_H
| # if !defined STDC_HEADERS && defined HAVE_MEMORY_H
| #  include <memory.h>
| # endif
| # include <string.h>
| #endif
| #ifdef HAVE_STRINGS_H
| # include <strings.h>
| #endif
| #ifdef HAVE_INTTYPES_H
| # include <inttypes.h>
| #endif
| #ifdef HAVE_STDINT_H
| # include <stdint.h>
| #endif
| #ifdef HAVE_UNISTD_H
| # include <unistd.h>
| #endif
| #include <bluetooth/bluetooth.h>
configure:9272: result: no
configure:9276: checking bluetooth/bluetooth.h presence
configure:9291: mips-openwrt-linux-uclibc-gcc -E -I/home/xfs/openwrt/trunk2/trunk/staging_dir/target-mips_uClibc-0.9.29/usr/include -I/home/xfs/openwrt/trunk2/trunk/staging_dir/target-mips_uClibc-0.9.29/include  conftest.c
conftest.c:38:33: error: bluetooth/bluetooth.h: No such file or directory
configure:9297: $? = 1
configure: failed program was:
| /* confdefs.h.  */
| #define PACKAGE_NAME ""
| #define PACKAGE_TARNAME ""
| #define PACKAGE_VERSION ""
| #define PACKAGE_STRING ""
| #define PACKAGE_BUGREPORT ""
| #define inline inline
| #define HAVE___ATTRIBUTE__ 1
| #define _FILE_OFFSET_BITS 64
| #define HAVE_FSEEKO 1
| #define STDC_HEADERS 1
| #define HAVE_SYS_TYPES_H 1
| #define HAVE_SYS_STAT_H 1
| #define HAVE_STDLIB_H 1
| #define HAVE_STRING_H 1
| #define HAVE_MEMORY_H 1
| #define HAVE_STRINGS_H 1
| #define HAVE_INTTYPES_H 1
| #define HAVE_STDINT_H 1
| #define HAVE_UNISTD_H 1
| #define HAVE_LIMITS_H 1
| #define HAVE_PATHS_H 1
| #define HAVE_NETINET_IF_ETHER_H 1
| #define HAVE_STRERROR 1
| #define HAVE_STRLCPY 1
| #define HAVE_VSNPRINTF 1
| #define HAVE_SNPRINTF 1
| #define HAVE_TPACKET_STATS 1
| #define HAVE_LINUX_TPACKET_AUXDATA_TP_VLAN_TCI 1
| #define HAVE_SOCKLEN_T 1
| #define INET6 1
| #define HAVE_PROC_NET_DEV 1
| #define HAVE_SOCKADDR_STORAGE 1
| #define HAVE_VERSION_H 1
| #define PCAP_SUPPORT_USB 1
| #define LINUX_USB_MON_DEV "/dev/usbmon"
| /* end confdefs.h.  */
| #include <bluetooth/bluetooth.h>
configure:9311: result: no
configure:9339: checking for bluetooth/bluetooth.h
configure:9346: result: no
configure:9362: Bluetooth sniffing is not supported; install bluez-lib devel to enable it
configure:9390: checking for a BSD-compatible install
configure:9446: result: /usr/bin/install -c
configure:9563: creating ./config.status

## ---------------------- ##
## Running config.status. ##
## ---------------------- ##

This file was extended by config.status, which was
generated by GNU Autoconf 2.61.  Invocation command line was

  CONFIG_FILES    = 
  CONFIG_HEADERS  = 
  CONFIG_LINKS    = 
  CONFIG_COMMANDS = 
  $ ./config.status 

on dd-wrt

config.status:637: creating Makefile
config.status:637: creating pcap-filter.manmisc
config.status:637: creating pcap-linktype.manmisc
config.status:637: creating pcap-savefile.manfile
config.status:637: creating pcap.3pcap
config.status:637: creating pcap_compile.3pcap
config.status:637: creating pcap_datalink.3pcap
config.status:637: creating pcap_dump_open.3pcap
config.status:637: creating pcap_list_datalinks.3pcap
config.status:637: creating pcap_open_dead.3pcap
config.status:637: creating pcap_open_offline.3pcap
config.status:637: creating config.h

## ---------------- ##
## Cache variables. ##
## ---------------- ##

ac_cv___attribute__=yes
ac_cv_build=x86_64-suse-linux-gnu
ac_cv_c_bigendian=yes
ac_cv_c_compiler_gnu=yes
ac_cv_c_gettext_without_libintl=yes
ac_cv_c_littleendian=no
ac_cv_c_long_double=no
ac_cv_conv_longlong_to_float=yes
ac_cv_env_CC_set=set
ac_cv_env_CC_value=mips-openwrt-linux-uclibc-gcc
ac_cv_env_CFLAGS_set=set
ac_cv_env_CFLAGS_value='-Os -pipe -mips32 -mtune=mips32 -funit-at-a-time -fhonour-copts -ffunction-sections -fdata-sections '
ac_cv_env_CPPFLAGS_set=set
ac_cv_env_CPPFLAGS_value='-I/home/xfs/openwrt/trunk2/trunk/staging_dir/target-mips_uClibc-0.9.29/usr/include -I/home/xfs/openwrt/trunk2/trunk/staging_dir/target-mips_uClibc-0.9.29/include '
ac_cv_env_CPP_set=
ac_cv_env_CPP_value=
ac_cv_env_LDFLAGS_set=set
ac_cv_env_LDFLAGS_value='-L/home/xfs/openwrt/trunk2/trunk/staging_dir/toolchain-mips_gcc-4.1.2_uClibc-0.9.29/usr/lib -L/home/xfs/openwrt/trunk2/trunk/staging_dir/toolchain-mips_gcc-4.1.2_uClibc-0.9.29/lib -L/home/xfs/openwrt/trunk2/trunk/staging_dir/target-mips_uClibc-0.9.29/usr/lib -L/home/xfs/openwrt/trunk2/trunk/staging_dir/target-mips_uClibc-0.9.29/lib '
ac_cv_env_LIBS_set=
ac_cv_env_LIBS_value=
ac_cv_env_build_alias_set=set
ac_cv_env_build_alias_value=x86_64-suse-linux
ac_cv_env_host_alias_set=set
ac_cv_env_host_alias_value=mips-openwrt-linux
ac_cv_env_target_alias_set=set
ac_cv_env_target_alias_value=mips-openwrt-linux
ac_cv_file__dev_zero=yes
ac_cv_func___adjtimex=yes
ac_cv_func___va_copy=no
ac_cv_func__exit=yes
ac_cv_func_bcmp=yes
ac_cv_func_bcopy=yes
ac_cv_func_bzero=yes
ac_cv_func_ether_hostton=no
ac_cv_func_fchmod=yes
ac_cv_func_getaddrinfo=yes
ac_cv_func_getcwd=yes
ac_cv_func_getdomainname=yes
ac_cv_func_getifaddrs=yes
ac_cv_func_getpgrp_void=yes
ac_cv_func_getpwuid_r=yes
ac_cv_func_index=yes
ac_cv_func_lstat=yes
ac_cv_func_lstat_dereferences_slashed_symlink=yes
ac_cv_func_lstat_empty_string_bug=no
ac_cv_func_malloc_0_nonnull=yes
ac_cv_func_malloc_works=yes
ac_cv_func_memcmp_clean=yes
ac_cv_func_memcmp_working=yes
ac_cv_func_posix_getgrgid_r=yes
ac_cv_func_posix_getpwuid_r=yes
ac_cv_func_pthread_key_delete=yes
ac_cv_func_realloc_0_nonnull=yes
ac_cv_func_realloc_works=yes
ac_cv_func_rename=yes
ac_cv_func_rindex=yes
ac_cv_func_setlocale=yes
ac_cv_func_setpgrp_void=yes
ac_cv_func_setresuid=no
ac_cv_func_setvbuf_reversed=no
ac_cv_func_snprintf=yes
ac_cv_func_stat_empty_string_bug=no
ac_cv_func_stat_ignores_trailing_slash=no
ac_cv_func_strerror=yes
ac_cv_func_strftime=yes
ac_cv_func_strlcpy=yes
ac_cv_func_utimes=yes
ac_cv_func_va_copy=no
ac_cv_func_vsnprintf=yes
ac_cv_have_accrights_in_msghdr=no
ac_cv_have_broken_snprintf=no
ac_cv_have_control_in_msghdr=yes
ac_cv_have_decl_sys_siglist=no
ac_cv_have_openpty_ctty_bug=yes
ac_cv_have_space_d_name_in_struct_dirent=yes
ac_cv_header_bluetooth_bluetooth_h=no
ac_cv_header_ifaddrs_h=yes
ac_cv_header_inttypes_h=yes
ac_cv_header_limits_h=yes
ac_cv_header_linux_wireless_h=no
ac_cv_header_memory_h=yes
ac_cv_header_net_pfvar_h=no
ac_cv_header_netinet_if_ether_h=yes
ac_cv_header_netinet_sctp_h=no
ac_cv_header_netinet_sctp_uio_h=no
ac_cv_header_paths_h=yes
ac_cv_header_stdc=yes
ac_cv_header_stdint_h=yes
ac_cv_header_stdlib_h=yes
ac_cv_header_string_h=yes
ac_cv_header_strings_h=yes
ac_cv_header_sys_ioccom_h=no
ac_cv_header_sys_sockio_h=no
ac_cv_header_sys_stat_h=yes
ac_cv_header_sys_types_h=yes
ac_cv_header_unistd_h=yes
ac_cv_host=mips-openwrt-linux-gnu
ac_cv_int64_t=yes
ac_cv_lbl_dag_api=no
ac_cv_lbl_dl_hp_ppa_info_t_has_dl_module_id_1=no
ac_cv_lbl_flex_v24=yes
ac_cv_lbl_gcc_fixincludes=yes
ac_cv_lbl_gcc_vers=4
ac_cv_lbl_has_sockaddr_storage=yes
ac_cv_lbl_have_u_int16_t=yes
ac_cv_lbl_have_u_int32_t=yes
ac_cv_lbl_have_u_int64_t=yes
ac_cv_lbl_have_u_int8_t=yes
ac_cv_lbl_inline=inline
ac_cv_lbl_linux_tpacket_auxdata_tp_vlan_tci=yes
ac_cv_lbl_proc_net_dev=yes
ac_cv_lbl_septel_api=no
ac_cv_lbl_sockaddr_has_sa_len=no
ac_cv_lbl_tpacket_stats=yes
ac_cv_lbl_unaligned_fail=no
ac_cv_linux_kernel_pppoe=yes
ac_cv_linux_vers=2
ac_cv_objext=o
ac_cv_pack_bitfields_reversed=yes
ac_cv_path_EGREP='/usr/bin/grep -E'
ac_cv_path_GREP=/usr/bin/grep
ac_cv_path_LDCONFIG=
ac_cv_path_install='/usr/bin/install -c'
ac_cv_prog_CC=mips-openwrt-linux-uclibc-gcc
ac_cv_prog_CPP='mips-openwrt-linux-uclibc-gcc -E'
ac_cv_prog_RANLIB=mips-openwrt-linux-uclibc-ranlib
ac_cv_prog_V_LEX=flex
ac_cv_prog_V_YACC=bison
ac_cv_prog_cc_c89=
ac_cv_prog_cc_g=yes
ac_cv_regexec_segfault_emptystr=no
ac_cv_sctp=no
ac_cv_search_gethostbyname='none required'
ac_cv_search_putmsg=no
ac_cv_search_socket='none required'
ac_cv_sizeof___int64=0
ac_cv_sizeof_char=1
ac_cv_sizeof_int16_t=2
ac_cv_sizeof_int32_t=4
ac_cv_sizeof_int64_t=8
ac_cv_sizeof_int=4
ac_cv_sizeof_long=4
ac_cv_sizeof_long_int=4
ac_cv_sizeof_long_long=8
ac_cv_sizeof_off_t=4
ac_cv_sizeof_short=2
ac_cv_sizeof_short_int=2
ac_cv_sizeof_size_t=4
ac_cv_sizeof_ssize_t=4
ac_cv_sizeof_u_int16_t=2
ac_cv_sizeof_u_int32_t=4
ac_cv_sizeof_u_int64_t=8
ac_cv_sizeof_uint16_t=2
ac_cv_sizeof_uint32_t=4
ac_cv_sizeof_uint64_t=8
ac_cv_sizeof_unsigned_int=4
ac_cv_sizeof_unsigned_long=4
ac_cv_sizeof_unsigned_long_long=8
ac_cv_sizeof_unsigned_short=2
ac_cv_sizeof_void_p=4
ac_cv_sys_file_offset_bits=64
ac_cv_sys_largefile_CC=no
ac_cv_sys_largefile_source=no
ac_cv_sys_restartable_syscalls=yes
ac_cv_target=mips-openwrt-linux-gnu
ac_cv_time_r_type=POSIX
ac_cv_type_suseconds_t=yes
ac_cv_uchar=no
ac_cv_uint64_t=yes
ac_cv_uint=yes
ac_cv_ulong=yes
ac_cv_ushort=yes
ac_cv_va_copy=C99
ac_cv_va_val_copy=yes
as_cv_unaligned_access=yes

## ----------------- ##
## Output variables. ##
## ----------------- ##

BT_SRC=''
CC='mips-openwrt-linux-uclibc-gcc'
CFLAGS='-Os -pipe -mips32 -mtune=mips32 -funit-at-a-time -fhonour-copts -ffunction-sections -fdata-sections '
CPP='mips-openwrt-linux-uclibc-gcc -E'
CPPFLAGS='-I/home/xfs/openwrt/trunk2/trunk/staging_dir/target-mips_uClibc-0.9.29/usr/include -I/home/xfs/openwrt/trunk2/trunk/staging_dir/target-mips_uClibc-0.9.29/include '
DAGLIBS=''
DEFS='-DHAVE_CONFIG_H'
DEPLIBS=''
DYEXT='so'
ECHO_C=''
ECHO_N='-n'
ECHO_T=''
EGREP='/usr/bin/grep -E'
EXEEXT=''
GREP='/usr/bin/grep'
INSTALL_DATA='${INSTALL} -m 644'
INSTALL_PROGRAM='${INSTALL}'
INSTALL_SCRIPT='${INSTALL}'
LDFLAGS='-L/home/xfs/openwrt/trunk2/trunk/staging_dir/toolchain-mips_gcc-4.1.2_uClibc-0.9.29/usr/lib -L/home/xfs/openwrt/trunk2/trunk/staging_dir/toolchain-mips_gcc-4.1.2_uClibc-0.9.29/lib -L/home/xfs/openwrt/trunk2/trunk/staging_dir/target-mips_uClibc-0.9.29/usr/lib -L/home/xfs/openwrt/trunk2/trunk/staging_dir/target-mips_uClibc-0.9.29/lib '
LIBOBJS=''
LIBS=''
LTLIBOBJS=''
MAN_FILE_FORMATS='5'
MAN_MISC_INFO='7'
OBJEXT='o'
PACKAGE_BUGREPORT=''
PACKAGE_NAME=''
PACKAGE_STRING=''
PACKAGE_TARNAME=''
PACKAGE_VERSION=''
PATH_SEPARATOR=':'
PCAP_SUPPORT_BT=''
PCAP_SUPPORT_USB=''
RANLIB='mips-openwrt-linux-uclibc-ranlib'
SHELL='/bin/sh'
SHLICC2=''
SSRC=''
USB_SRC='pcap-usb-linux.c'
V_CCOPT='-O2 -Os -pipe -mips32 -mtune=mips32 -funit-at-a-time -fhonour-copts -ffunction-sections -fdata-sections '
V_DEFS=' -D_U_="__attribute__((unused))"'
V_FINDALLDEVS='getad'
V_INCLS=''
V_LEX='flex -Ppcap_'
V_LIBS=''
V_PCAP='linux'
V_YACC='bison -y -p pcap_'
ac_ct_CC=''
bindir='/usr/bin'
build='x86_64-suse-linux-gnu'
build_alias='x86_64-suse-linux'
build_cpu='x86_64'
build_os='linux-gnu'
build_vendor='suse'
datadir='/usr/share'
datarootdir='${prefix}/share'
docdir='${datarootdir}/doc/${PACKAGE}'
dvidir='${docdir}'
exec_prefix='/usr'
host='mips-openwrt-linux-gnu'
host_alias='mips-openwrt-linux'
host_cpu='mips'
host_os='linux-gnu'
host_vendor='openwrt'
htmldir='${docdir}'
includedir='${prefix}/include'
infodir='/usr/info'
libdir='${exec_prefix}/lib'
libexecdir='/usr/lib'
localedir='${datarootdir}/locale'
localstatedir='/var'
mandir='/usr/man'
oldincludedir='/usr/include'
pdfdir='${docdir}'
prefix='/usr'
program_transform_name='s,x,x,'
psdir='${docdir}'
sbindir='/usr/sbin'
sharedstatedir='${prefix}/com'
sysconfdir='/etc'
target='mips-openwrt-linux-gnu'
target_alias='mips-openwrt-linux'
target_cpu='mips'
target_os='linux-gnu'
target_vendor='openwrt'

## ----------- ##
## confdefs.h. ##
## ----------- ##

#define PACKAGE_NAME ""
#define PACKAGE_TARNAME ""
#define PACKAGE_VERSION ""
#define PACKAGE_STRING ""
#define PACKAGE_BUGREPORT ""
#define inline inline
#define HAVE___ATTRIBUTE__ 1
#define _FILE_OFFSET_BITS 64
#define HAVE_FSEEKO 1
#define STDC_HEADERS 1
#define HAVE_SYS_TYPES_H 1
#define HAVE_SYS_STAT_H 1
#define HAVE_STDLIB_H 1
#define HAVE_STRING_H 1
#define HAVE_MEMORY_H 1
#define HAVE_STRINGS_H 1
#define HAVE_INTTYPES_H 1
#define HAVE_STDINT_H 1
#define HAVE_UNISTD_H 1
#define HAVE_LIMITS_H 1
#define HAVE_PATHS_H 1
#define HAVE_NETINET_IF_ETHER_H 1
#define HAVE_STRERROR 1
#define HAVE_STRLCPY 1
#define HAVE_VSNPRINTF 1
#define HAVE_SNPRINTF 1
#define HAVE_TPACKET_STATS 1
#define HAVE_LINUX_TPACKET_AUXDATA_TP_VLAN_TCI 1
#define HAVE_SOCKLEN_T 1
#define INET6 1
#define HAVE_PROC_NET_DEV 1
#define HAVE_SOCKADDR_STORAGE 1
#define HAVE_VERSION_H 1
#define PCAP_SUPPORT_USB 1
#define LINUX_USB_MON_DEV "/dev/usbmon"

configure: exit 0
