This file contains any messages produced by compilers while
running configure, to aid debugging if configure makes a mistake.

It was created by configure, which was
generated by GNU Autoconf 2.59.  Invocation command line was

  $ ./configure --host=mipsel-linux CC=mipsel-linux-uclibc-gcc CFLAGS=-Os -mips32 -funit-at-a-time -pipe -mtune=mips32 --with-bcrelay --no-recursion --prefix=/usr host_alias=mips

## --------- ##
## Platform. ##
## --------- ##

hostname = dbserver
uname -m = x86_64
uname -r = 2.6.11.4-21.7-smp
uname -s = Linux
uname -v = #1 SMP Thu Jun 2 14:23:14 UTC 2005

/usr/bin/uname -p = unknown
/bin/uname -X     = unknown

/bin/arch              = x86_64
/usr/bin/arch -k       = unknown
/usr/convex/getsysinfo = unknown
hostinfo               = unknown
/bin/machine           = unknown
/usr/bin/oslevel       = unknown
/bin/universe          = unknown

PATH: /opt/4.1.0/bin/
PATH: /sbin
PATH: /usr/sbin
PATH: /usr/local/sbin
PATH: /root/bin
PATH: /usr/local/bin
PATH: /usr/bin
PATH: /usr/X11R6/bin
PATH: /bin
PATH: /usr/games
PATH: /opt/gnome/bin
PATH: /opt/kde3/bin
PATH: /usr/lib/jvm/jre/bin


## ----------- ##
## Core tests. ##
## ----------- ##

configure:1351: checking for a BSD-compatible install
configure:1406: result: /usr/bin/install -c
configure:1417: checking whether build environment is sane
configure:1460: result: yes
configure:1484: WARNING: `missing' script is too old or missing
configure:1525: checking for gawk
configure:1541: found /usr/bin/gawk
configure:1551: result: gawk
configure:1561: checking whether make sets $(MAKE)
configure:1581: result: yes
configure:1657: checking for mips-strip
configure:1686: result: no
configure:1695: checking for strip
configure:1711: found /usr/bin/strip
configure:1722: result: strip
configure:1757: checking for mips-gcc
configure:1783: result: mipsel-linux-uclibc-gcc
configure:2065: checking for C compiler version
configure:2068: mipsel-linux-uclibc-gcc --version </dev/null >&5
mipsel-linux-uclibc-gcc (GCC) 4.1.0
Copyright (C) 2006 Free Software Foundation, Inc.
This is free software; see the source for copying conditions.  There is NO
warranty; not even for MERCHANTABILITY or FITNESS FOR A PARTICULAR PURPOSE.

configure:2071: $? = 0
configure:2073: mipsel-linux-uclibc-gcc -v </dev/null >&5
Using built-in specs.
Target: mipsel-linux-uclibc
Configured with: /home/dd-wrt/trunk/openwrt/toolchain_build_mipsel/gcc-4.1.0/configure --prefix=/home/dd-wrt/trunk/openwrt/staging_dir_mipsel --build=x86_64-pc-linux-gnu --host=x86_64-pc-linux-gnu --target=mipsel-linux-uclibc --enable-languages=c,c++ --enable-shared --disable-__cxa_atexit --enable-target-optspace --with-gnu-ld --disable-nls
Thread model: posix
gcc version 4.1.0
configure:2076: $? = 0
configure:2078: mipsel-linux-uclibc-gcc -V </dev/null >&5
mipsel-linux-uclibc-gcc: '-V' option must have argument
configure:2081: $? = 1
configure:2104: checking for C compiler default output file name
configure:2107: mipsel-linux-uclibc-gcc -Os -mips32 -funit-at-a-time -pipe -mtune=mips32   conftest.c  >&5
configure:2110: $? = 0
configure:2156: result: a.out
configure:2161: checking whether the C compiler works
configure:2167: ./a.out
./configure: line 2168: ./a.out: cannot execute binary file
configure:2170: $? = 126
configure:2187: result: yes
configure:2194: checking whether we are cross compiling
configure:2196: result: yes
configure:2199: checking for suffix of executables
configure:2201: mipsel-linux-uclibc-gcc -o conftest -Os -mips32 -funit-at-a-time -pipe -mtune=mips32   conftest.c  >&5
configure:2204: $? = 0
configure:2229: result: 
configure:2235: checking for suffix of object files
configure:2256: mipsel-linux-uclibc-gcc -c -Os -mips32 -funit-at-a-time -pipe -mtune=mips32  conftest.c >&5
configure:2259: $? = 0
configure:2281: result: o
configure:2285: checking whether we are using the GNU C compiler
configure:2309: mipsel-linux-uclibc-gcc -c -Os -mips32 -funit-at-a-time -pipe -mtune=mips32  conftest.c >&5
configure:2315: $? = 0
configure:2318: test -z 			 || test ! -s conftest.err
configure:2321: $? = 0
configure:2324: test -s conftest.o
configure:2327: $? = 0
configure:2340: result: yes
configure:2346: checking whether mipsel-linux-uclibc-gcc accepts -g
configure:2367: mipsel-linux-uclibc-gcc -c -g  conftest.c >&5
configure:2373: $? = 0
configure:2376: test -z 			 || test ! -s conftest.err
configure:2379: $? = 0
configure:2382: test -s conftest.o
configure:2385: $? = 0
configure:2396: result: yes
configure:2413: checking for mipsel-linux-uclibc-gcc option to accept ANSI C
configure:2483: mipsel-linux-uclibc-gcc  -c -Os -mips32 -funit-at-a-time -pipe -mtune=mips32  conftest.c >&5
configure:2489: $? = 0
configure:2492: test -z 			 || test ! -s conftest.err
configure:2495: $? = 0
configure:2498: test -s conftest.o
configure:2501: $? = 0
configure:2519: result: none needed
configure:2537: mipsel-linux-uclibc-gcc -c -Os -mips32 -funit-at-a-time -pipe -mtune=mips32  conftest.c >&5
conftest.c:2: error: expected '=', ',', ';', 'asm' or '__attribute__' before 'me'
configure:2543: $? = 1
configure: failed program was:
| #ifndef __cplusplus
|   choke me
| #endif
configure:2684: checking for style of include used by make
configure:2712: result: GNU
configure:2740: checking dependency style of mipsel-linux-uclibc-gcc
configure:2830: result: none
configure:2850: checking for mips-ranlib
configure:2879: result: no
configure:2888: checking for ranlib
configure:2904: found /usr/bin/ranlib
configure:2915: result: ranlib
configure:2940: checking for a BSD-compatible install
configure:2995: result: /usr/bin/install -c
configure:3006: checking whether ln -s works
configure:3010: result: yes
configure:3017: checking whether make sets $(MAKE)
configure:3037: result: yes
configure:3048: checking for an ANSI C-conforming const
configure:3115: mipsel-linux-uclibc-gcc -c -Os -mips32 -funit-at-a-time -pipe -mtune=mips32  conftest.c >&5
configure:3121: $? = 0
configure:3124: test -z 			 || test ! -s conftest.err
configure:3127: $? = 0
configure:3130: test -s conftest.o
configure:3133: $? = 0
configure:3144: result: yes
configure:3154: checking for inline
configure:3175: mipsel-linux-uclibc-gcc -c -Os -mips32 -funit-at-a-time -pipe -mtune=mips32  conftest.c >&5
configure:3181: $? = 0
configure:3184: test -z 			 || test ! -s conftest.err
configure:3187: $? = 0
configure:3190: test -s conftest.o
configure:3193: $? = 0
configure:3205: result: inline
configure:3227: checking whether #! works in shell scripts
configure:3244: result: yes
configure:3261: checking for setsid
configure:3318: mipsel-linux-uclibc-gcc -o conftest -Os -mips32 -funit-at-a-time -pipe -mtune=mips32   conftest.c  >&5
configure:3324: $? = 0
configure:3327: test -z 			 || test ! -s conftest.err
configure:3330: $? = 0
configure:3333: test -s conftest
configure:3336: $? = 0
configure:3348: result: yes
configure:3261: checking for daemon
configure:3318: mipsel-linux-uclibc-gcc -o conftest -Os -mips32 -funit-at-a-time -pipe -mtune=mips32   conftest.c  >&5
configure:3324: $? = 0
configure:3327: test -z 			 || test ! -s conftest.err
configure:3330: $? = 0
configure:3333: test -s conftest
configure:3336: $? = 0
configure:3348: result: yes
configure:3261: checking for setproctitle
configure:3318: mipsel-linux-uclibc-gcc -o conftest -Os -mips32 -funit-at-a-time -pipe -mtune=mips32   conftest.c  >&5
/tmp/ccR18XIK.o: In function `main':
conftest.c:(.text+0x10): undefined reference to `setproctitle'
/tmp/ccR18XIK.o:(.data.rel+0x0): undefined reference to `setproctitle'
collect2: ld returned 1 exit status
configure:3324: $? = 1
configure: failed program was:
| /* confdefs.h.  */
| 
| #define PACKAGE_NAME ""
| #define PACKAGE_TARNAME ""
| #define PACKAGE_VERSION ""
| #define PACKAGE_STRING ""
| #define PACKAGE_BUGREPORT ""
| #define PACKAGE "pptpd"
| #define VERSION "1.3.0"
| #define HAVE_SETSID 1
| #define HAVE_DAEMON 1
| /* end confdefs.h.  */
| /* Define setproctitle to an innocuous variant, in case <limits.h> declares setproctitle.
|    For example, HP-UX 11i <limits.h> declares gettimeofday.  */
| #define setproctitle innocuous_setproctitle
| 
| /* System header to define __stub macros and hopefully few prototypes,
|     which can conflict with char setproctitle (); below.
|     Prefer <limits.h> to <assert.h> if __STDC__ is defined, since
|     <limits.h> exists even on freestanding compilers.  */
| 
| #ifdef __STDC__
| # include <limits.h>
| #else
| # include <assert.h>
| #endif
| 
| #undef setproctitle
| 
| /* Override any gcc2 internal prototype to avoid an error.  */
| #ifdef __cplusplus
| extern "C"
| {
| #endif
| /* We use char because int might match the return type of a gcc2
|    builtin and then its argument prototype would still apply.  */
| char setproctitle ();
| /* The GNU C library defines this for functions which it implements
|     to always fail with ENOSYS.  Some functions are actually named
|     something starting with __ and the normal name is an alias.  */
| #if defined (__stub_setproctitle) || defined (__stub___setproctitle)
| choke me
| #else
| char (*f) () = setproctitle;
| #endif
| #ifdef __cplusplus
| }
| #endif
| 
| int
| main ()
| {
| return f != setproctitle;
|   ;
|   return 0;
| }
configure:3348: result: no
configure:3261: checking for getservbyname
configure:3318: mipsel-linux-uclibc-gcc -o conftest -Os -mips32 -funit-at-a-time -pipe -mtune=mips32   conftest.c  >&5
configure:3324: $? = 0
configure:3327: test -z 			 || test ! -s conftest.err
configure:3330: $? = 0
configure:3333: test -s conftest
configure:3336: $? = 0
configure:3348: result: yes
configure:3261: checking for strlcpy
configure:3318: mipsel-linux-uclibc-gcc -o conftest -Os -mips32 -funit-at-a-time -pipe -mtune=mips32   conftest.c  >&5
configure:3324: $? = 0
configure:3327: test -z 			 || test ! -s conftest.err
configure:3330: $? = 0
configure:3333: test -s conftest
configure:3336: $? = 0
configure:3348: result: yes
configure:3261: checking for fork
configure:3318: mipsel-linux-uclibc-gcc -o conftest -Os -mips32 -funit-at-a-time -pipe -mtune=mips32   conftest.c  >&5
conftest.c:39: warning: conflicting types for built-in function 'fork'
configure:3324: $? = 0
configure:3327: test -z 			 || test ! -s conftest.err
configure:3330: $? = 0
configure:3333: test -s conftest
configure:3336: $? = 0
configure:3348: result: yes
configure:3261: checking for memmove
configure:3318: mipsel-linux-uclibc-gcc -o conftest -Os -mips32 -funit-at-a-time -pipe -mtune=mips32   conftest.c  >&5
conftest.c:40: warning: conflicting types for built-in function 'memmove'
configure:3324: $? = 0
configure:3327: test -z 			 || test ! -s conftest.err
configure:3330: $? = 0
configure:3333: test -s conftest
configure:3336: $? = 0
configure:3348: result: yes
configure:3261: checking for strerror
configure:3318: mipsel-linux-uclibc-gcc -o conftest -Os -mips32 -funit-at-a-time -pipe -mtune=mips32   conftest.c  >&5
configure:3324: $? = 0
configure:3327: test -z 			 || test ! -s conftest.err
configure:3330: $? = 0
configure:3333: test -s conftest
configure:3336: $? = 0
configure:3348: result: yes
configure:3261: checking for writev
configure:3318: mipsel-linux-uclibc-gcc -o conftest -Os -mips32 -funit-at-a-time -pipe -mtune=mips32   conftest.c  >&5
configure:3324: $? = 0
configure:3327: test -z 			 || test ! -s conftest.err
configure:3330: $? = 0
configure:3333: test -s conftest
configure:3336: $? = 0
configure:3348: result: yes
configure:3364: checking how to run the C preprocessor
configure:3399: mipsel-linux-uclibc-gcc -E  conftest.c
configure:3405: $? = 0
configure:3437: mipsel-linux-uclibc-gcc -E  conftest.c
conftest.c:19:28: error: ac_nonexistent.h: No such file or directory
configure:3443: $? = 1
configure: failed program was:
| /* confdefs.h.  */
| 
| #define PACKAGE_NAME ""
| #define PACKAGE_TARNAME ""
| #define PACKAGE_VERSION ""
| #define PACKAGE_STRING ""
| #define PACKAGE_BUGREPORT ""
| #define PACKAGE "pptpd"
| #define VERSION "1.3.0"
| #define HAVE_SETSID 1
| #define HAVE_DAEMON 1
| #define HAVE_GETSERVBYNAME 1
| #define HAVE_STRLCPY 1
| #define HAVE_FORK 1
| #define HAVE_MEMMOVE 1
| #define HAVE_STRERROR 1
| #define HAVE_WRITEV 1
| /* end confdefs.h.  */
| #include <ac_nonexistent.h>
configure:3482: result: mipsel-linux-uclibc-gcc -E
configure:3506: mipsel-linux-uclibc-gcc -E  conftest.c
configure:3512: $? = 0
configure:3544: mipsel-linux-uclibc-gcc -E  conftest.c
conftest.c:19:28: error: ac_nonexistent.h: No such file or directory
configure:3550: $? = 1
configure: failed program was:
| /* confdefs.h.  */
| 
| #define PACKAGE_NAME ""
| #define PACKAGE_TARNAME ""
| #define PACKAGE_VERSION ""
| #define PACKAGE_STRING ""
| #define PACKAGE_BUGREPORT ""
| #define PACKAGE "pptpd"
| #define VERSION "1.3.0"
| #define HAVE_SETSID 1
| #define HAVE_DAEMON 1
| #define HAVE_GETSERVBYNAME 1
| #define HAVE_STRLCPY 1
| #define HAVE_FORK 1
| #define HAVE_MEMMOVE 1
| #define HAVE_STRERROR 1
| #define HAVE_WRITEV 1
| /* end confdefs.h.  */
| #include <ac_nonexistent.h>
configure:3594: checking for egrep
configure:3604: result: grep -E
configure:3609: checking for ANSI C header files
configure:3634: mipsel-linux-uclibc-gcc -c -Os -mips32 -funit-at-a-time -pipe -mtune=mips32  conftest.c >&5
configure:3640: $? = 0
configure:3643: test -z 			 || test ! -s conftest.err
configure:3646: $? = 0
configure:3649: test -s conftest.o
configure:3652: $? = 0
configure:3764: result: yes
configure:3788: checking for sys/types.h
configure:3804: mipsel-linux-uclibc-gcc -c -Os -mips32 -funit-at-a-time -pipe -mtune=mips32  conftest.c >&5
configure:3810: $? = 0
configure:3813: test -z 			 || test ! -s conftest.err
configure:3816: $? = 0
configure:3819: test -s conftest.o
configure:3822: $? = 0
configure:3833: result: yes
configure:3788: checking for sys/stat.h
configure:3804: mipsel-linux-uclibc-gcc -c -Os -mips32 -funit-at-a-time -pipe -mtune=mips32  conftest.c >&5
configure:3810: $? = 0
configure:3813: test -z 			 || test ! -s conftest.err
configure:3816: $? = 0
configure:3819: test -s conftest.o
configure:3822: $? = 0
configure:3833: result: yes
configure:3788: checking for stdlib.h
configure:3804: mipsel-linux-uclibc-gcc -c -Os -mips32 -funit-at-a-time -pipe -mtune=mips32  conftest.c >&5
configure:3810: $? = 0
configure:3813: test -z 			 || test ! -s conftest.err
configure:3816: $? = 0
configure:3819: test -s conftest.o
configure:3822: $? = 0
configure:3833: result: yes
configure:3788: checking for string.h
configure:3804: mipsel-linux-uclibc-gcc -c -Os -mips32 -funit-at-a-time -pipe -mtune=mips32  conftest.c >&5
configure:3810: $? = 0
configure:3813: test -z 			 || test ! -s conftest.err
configure:3816: $? = 0
configure:3819: test -s conftest.o
configure:3822: $? = 0
configure:3833: result: yes
configure:3788: checking for memory.h
configure:3804: mipsel-linux-uclibc-gcc -c -Os -mips32 -funit-at-a-time -pipe -mtune=mips32  conftest.c >&5
configure:3810: $? = 0
configure:3813: test -z 			 || test ! -s conftest.err
configure:3816: $? = 0
configure:3819: test -s conftest.o
configure:3822: $? = 0
configure:3833: result: yes
configure:3788: checking for strings.h
configure:3804: mipsel-linux-uclibc-gcc -c -Os -mips32 -funit-at-a-time -pipe -mtune=mips32  conftest.c >&5
configure:3810: $? = 0
configure:3813: test -z 			 || test ! -s conftest.err
configure:3816: $? = 0
configure:3819: test -s conftest.o
configure:3822: $? = 0
configure:3833: result: yes
configure:3788: checking for inttypes.h
configure:3804: mipsel-linux-uclibc-gcc -c -Os -mips32 -funit-at-a-time -pipe -mtune=mips32  conftest.c >&5
configure:3810: $? = 0
configure:3813: test -z 			 || test ! -s conftest.err
configure:3816: $? = 0
configure:3819: test -s conftest.o
configure:3822: $? = 0
configure:3833: result: yes
configure:3788: checking for stdint.h
configure:3804: mipsel-linux-uclibc-gcc -c -Os -mips32 -funit-at-a-time -pipe -mtune=mips32  conftest.c >&5
configure:3810: $? = 0
configure:3813: test -z 			 || test ! -s conftest.err
configure:3816: $? = 0
configure:3819: test -s conftest.o
configure:3822: $? = 0
configure:3833: result: yes
configure:3788: checking for unistd.h
configure:3804: mipsel-linux-uclibc-gcc -c -Os -mips32 -funit-at-a-time -pipe -mtune=mips32  conftest.c >&5
configure:3810: $? = 0
configure:3813: test -z 			 || test ! -s conftest.err
configure:3816: $? = 0
configure:3819: test -s conftest.o
configure:3822: $? = 0
configure:3833: result: yes
configure:3859: checking pty.h usability
configure:3871: mipsel-linux-uclibc-gcc -c -Os -mips32 -funit-at-a-time -pipe -mtune=mips32  conftest.c >&5
configure:3877: $? = 0
configure:3880: test -z 			 || test ! -s conftest.err
configure:3883: $? = 0
configure:3886: test -s conftest.o
configure:3889: $? = 0
configure:3899: result: yes
configure:3903: checking pty.h presence
configure:3913: mipsel-linux-uclibc-gcc -E  conftest.c
configure:3919: $? = 0
configure:3939: result: yes
configure:3974: checking for pty.h
configure:3981: result: yes
configure:3999: checking for string.h
configure:4004: result: yes
configure:4157: checking syslog.h usability
configure:4169: mipsel-linux-uclibc-gcc -c -Os -mips32 -funit-at-a-time -pipe -mtune=mips32  conftest.c >&5
configure:4175: $? = 0
configure:4178: test -z 			 || test ! -s conftest.err
configure:4181: $? = 0
configure:4184: test -s conftest.o
configure:4187: $? = 0
configure:4197: result: yes
configure:4201: checking syslog.h presence
configure:4211: mipsel-linux-uclibc-gcc -E  conftest.c
configure:4217: $? = 0
configure:4237: result: yes
configure:4272: checking for syslog.h
configure:4279: result: yes
configure:4306: checking libintl.h usability
configure:4318: mipsel-linux-uclibc-gcc -c -Os -mips32 -funit-at-a-time -pipe -mtune=mips32  conftest.c >&5
conftest.c:66:21: error: libintl.h: No such file or directory
configure:4324: $? = 1
configure: failed program was:
| /* confdefs.h.  */
| 
| #define PACKAGE_NAME ""
| #define PACKAGE_TARNAME ""
| #define PACKAGE_VERSION ""
| #define PACKAGE_STRING ""
| #define PACKAGE_BUGREPORT ""
| #define PACKAGE "pptpd"
| #define VERSION "1.3.0"
| #define HAVE_SETSID 1
| #define HAVE_DAEMON 1
| #define HAVE_GETSERVBYNAME 1
| #define HAVE_STRLCPY 1
| #define HAVE_FORK 1
| #define HAVE_MEMMOVE 1
| #define HAVE_STRERROR 1
| #define HAVE_WRITEV 1
| #define STDC_HEADERS 1
| #define HAVE_SYS_TYPES_H 1
| #define HAVE_SYS_STAT_H 1
| #define HAVE_STDLIB_H 1
| #define HAVE_STRING_H 1
| #define HAVE_MEMORY_H 1
| #define HAVE_STRINGS_H 1
| #define HAVE_INTTYPES_H 1
| #define HAVE_STDINT_H 1
| #define HAVE_UNISTD_H 1
| #define HAVE_PTY_H 1
| #define HAVE_STRING_H 1
| #define HAVE_SYSLOG_H 1
| /* end confdefs.h.  */
| #include <stdio.h>
| #if HAVE_SYS_TYPES_H
| # include <sys/types.h>
| #endif
| #if HAVE_SYS_STAT_H
| # include <sys/stat.h>
| #endif
| #if STDC_HEADERS
| # include <stdlib.h>
| # include <stddef.h>
| #else
| # if HAVE_STDLIB_H
| #  include <stdlib.h>
| # endif
| #endif
| #if HAVE_STRING_H
| # if !STDC_HEADERS && HAVE_MEMORY_H
| #  include <memory.h>
| # endif
| # include <string.h>
| #endif
| #if HAVE_STRINGS_H
| # include <strings.h>
| #endif
| #if HAVE_INTTYPES_H
| # include <inttypes.h>
| #else
| # if HAVE_STDINT_H
| #  include <stdint.h>
| # endif
| #endif
| #if HAVE_UNISTD_H
| # include <unistd.h>
| #endif
| #include <libintl.h>
configure:4346: result: no
configure:4350: checking libintl.h presence
configure:4360: mipsel-linux-uclibc-gcc -E  conftest.c
conftest.c:32:21: error: libintl.h: No such file or directory
configure:4366: $? = 1
configure: failed program was:
| /* confdefs.h.  */
| 
| #define PACKAGE_NAME ""
| #define PACKAGE_TARNAME ""
| #define PACKAGE_VERSION ""
| #define PACKAGE_STRING ""
| #define PACKAGE_BUGREPORT ""
| #define PACKAGE "pptpd"
| #define VERSION "1.3.0"
| #define HAVE_SETSID 1
| #define HAVE_DAEMON 1
| #define HAVE_GETSERVBYNAME 1
| #define HAVE_STRLCPY 1
| #define HAVE_FORK 1
| #define HAVE_MEMMOVE 1
| #define HAVE_STRERROR 1
| #define HAVE_WRITEV 1
| #define STDC_HEADERS 1
| #define HAVE_SYS_TYPES_H 1
| #define HAVE_SYS_STAT_H 1
| #define HAVE_STDLIB_H 1
| #define HAVE_STRING_H 1
| #define HAVE_MEMORY_H 1
| #define HAVE_STRINGS_H 1
| #define HAVE_INTTYPES_H 1
| #define HAVE_STDINT_H 1
| #define HAVE_UNISTD_H 1
| #define HAVE_PTY_H 1
| #define HAVE_STRING_H 1
| #define HAVE_SYSLOG_H 1
| /* end confdefs.h.  */
| #include <libintl.h>
configure:4386: result: no
configure:4421: checking for libintl.h
configure:4428: result: no
configure:4455: checking libutil.h usability
configure:4467: mipsel-linux-uclibc-gcc -c -Os -mips32 -funit-at-a-time -pipe -mtune=mips32  conftest.c >&5
conftest.c:66:21: error: libutil.h: No such file or directory
configure:4473: $? = 1
configure: failed program was:
| /* confdefs.h.  */
| 
| #define PACKAGE_NAME ""
| #define PACKAGE_TARNAME ""
| #define PACKAGE_VERSION ""
| #define PACKAGE_STRING ""
| #define PACKAGE_BUGREPORT ""
| #define PACKAGE "pptpd"
| #define VERSION "1.3.0"
| #define HAVE_SETSID 1
| #define HAVE_DAEMON 1
| #define HAVE_GETSERVBYNAME 1
| #define HAVE_STRLCPY 1
| #define HAVE_FORK 1
| #define HAVE_MEMMOVE 1
| #define HAVE_STRERROR 1
| #define HAVE_WRITEV 1
| #define STDC_HEADERS 1
| #define HAVE_SYS_TYPES_H 1
| #define HAVE_SYS_STAT_H 1
| #define HAVE_STDLIB_H 1
| #define HAVE_STRING_H 1
| #define HAVE_MEMORY_H 1
| #define HAVE_STRINGS_H 1
| #define HAVE_INTTYPES_H 1
| #define HAVE_STDINT_H 1
| #define HAVE_UNISTD_H 1
| #define HAVE_PTY_H 1
| #define HAVE_STRING_H 1
| #define HAVE_SYSLOG_H 1
| /* end confdefs.h.  */
| #include <stdio.h>
| #if HAVE_SYS_TYPES_H
| # include <sys/types.h>
| #endif
| #if HAVE_SYS_STAT_H
| # include <sys/stat.h>
| #endif
| #if STDC_HEADERS
| # include <stdlib.h>
| # include <stddef.h>
| #else
| # if HAVE_STDLIB_H
| #  include <stdlib.h>
| # endif
| #endif
| #if HAVE_STRING_H
| # if !STDC_HEADERS && HAVE_MEMORY_H
| #  include <memory.h>
| # endif
| # include <string.h>
| #endif
| #if HAVE_STRINGS_H
| # include <strings.h>
| #endif
| #if HAVE_INTTYPES_H
| # include <inttypes.h>
| #else
| # if HAVE_STDINT_H
| #  include <stdint.h>
| # endif
| #endif
| #if HAVE_UNISTD_H
| # include <unistd.h>
| #endif
| #include <libutil.h>
configure:4495: result: no
configure:4499: checking libutil.h presence
configure:4509: mipsel-linux-uclibc-gcc -E  conftest.c
conftest.c:32:21: error: libutil.h: No such file or directory
configure:4515: $? = 1
configure: failed program was:
| /* confdefs.h.  */
| 
| #define PACKAGE_NAME ""
| #define PACKAGE_TARNAME ""
| #define PACKAGE_VERSION ""
| #define PACKAGE_STRING ""
| #define PACKAGE_BUGREPORT ""
| #define PACKAGE "pptpd"
| #define VERSION "1.3.0"
| #define HAVE_SETSID 1
| #define HAVE_DAEMON 1
| #define HAVE_GETSERVBYNAME 1
| #define HAVE_STRLCPY 1
| #define HAVE_FORK 1
| #define HAVE_MEMMOVE 1
| #define HAVE_STRERROR 1
| #define HAVE_WRITEV 1
| #define STDC_HEADERS 1
| #define HAVE_SYS_TYPES_H 1
| #define HAVE_SYS_STAT_H 1
| #define HAVE_STDLIB_H 1
| #define HAVE_STRING_H 1
| #define HAVE_MEMORY_H 1
| #define HAVE_STRINGS_H 1
| #define HAVE_INTTYPES_H 1
| #define HAVE_STDINT_H 1
| #define HAVE_UNISTD_H 1
| #define HAVE_PTY_H 1
| #define HAVE_STRING_H 1
| #define HAVE_SYSLOG_H 1
| /* end confdefs.h.  */
| #include <libutil.h>
configure:4535: result: no
configure:4570: checking for libutil.h
configure:4577: result: no
configure:4604: checking sys/uio.h usability
configure:4616: mipsel-linux-uclibc-gcc -c -Os -mips32 -funit-at-a-time -pipe -mtune=mips32  conftest.c >&5
configure:4622: $? = 0
configure:4625: test -z 			 || test ! -s conftest.err
configure:4628: $? = 0
configure:4631: test -s conftest.o
configure:4634: $? = 0
configure:4644: result: yes
configure:4648: checking sys/uio.h presence
configure:4658: mipsel-linux-uclibc-gcc -E  conftest.c
configure:4664: $? = 0
configure:4684: result: yes
configure:4719: checking for sys/uio.h
configure:4726: result: yes
configure:4740: checking for size_t
configure:4764: mipsel-linux-uclibc-gcc -c -Os -mips32 -funit-at-a-time -pipe -mtune=mips32  conftest.c >&5
configure:4770: $? = 0
configure:4773: test -z 			 || test ! -s conftest.err
configure:4776: $? = 0
configure:4779: test -s conftest.o
configure:4782: $? = 0
configure:4793: result: yes
configure:4805: checking for ssize_t
configure:4829: mipsel-linux-uclibc-gcc -c -Os -mips32 -funit-at-a-time -pipe -mtune=mips32  conftest.c >&5
configure:4835: $? = 0
configure:4838: test -z 			 || test ! -s conftest.err
configure:4841: $? = 0
configure:4844: test -s conftest.o
configure:4847: $? = 0
configure:4858: result: yes
configure:4870: checking for u_int8_t
configure:4894: mipsel-linux-uclibc-gcc -c -Os -mips32 -funit-at-a-time -pipe -mtune=mips32  conftest.c >&5
configure:4900: $? = 0
configure:4903: test -z 			 || test ! -s conftest.err
configure:4906: $? = 0
configure:4909: test -s conftest.o
configure:4912: $? = 0
configure:4923: result: yes
configure:4935: checking for u_int16_t
configure:4959: mipsel-linux-uclibc-gcc -c -Os -mips32 -funit-at-a-time -pipe -mtune=mips32  conftest.c >&5
configure:4965: $? = 0
configure:4968: test -z 			 || test ! -s conftest.err
configure:4971: $? = 0
configure:4974: test -s conftest.o
configure:4977: $? = 0
configure:4988: result: yes
configure:5000: checking for u_int32_t
configure:5024: mipsel-linux-uclibc-gcc -c -Os -mips32 -funit-at-a-time -pipe -mtune=mips32  conftest.c >&5
configure:5030: $? = 0
configure:5033: test -z 			 || test ! -s conftest.err
configure:5036: $? = 0
configure:5039: test -s conftest.o
configure:5042: $? = 0
configure:5053: result: yes
configure:5066: checking for socklen_t
configure:5095: result: yes
configure:5229: checking for accept in -lc
configure:5259: mipsel-linux-uclibc-gcc -o conftest -Os -mips32 -funit-at-a-time -pipe -mtune=mips32   conftest.c -lc   >&5
configure:5265: $? = 0
configure:5268: test -z 			 || test ! -s conftest.err
configure:5271: $? = 0
configure:5274: test -s conftest
configure:5277: $? = 0
configure:5290: result: yes
configure:5302: checking for gethostbyname in -lc
configure:5332: mipsel-linux-uclibc-gcc -o conftest -Os -mips32 -funit-at-a-time -pipe -mtune=mips32   conftest.c -lc  -lc  >&5
configure:5338: $? = 0
configure:5341: test -z 			 || test ! -s conftest.err
configure:5344: $? = 0
configure:5347: test -s conftest
configure:5350: $? = 0
configure:5363: result: yes
configure:5375: checking for openpty in -lc
configure:5405: mipsel-linux-uclibc-gcc -o conftest -Os -mips32 -funit-at-a-time -pipe -mtune=mips32   conftest.c -lc  -lc -lc  >&5
/tmp/ccDqE1RL.o: In function `main':
conftest.c:(.text+0x18): undefined reference to `openpty'
collect2: ld returned 1 exit status
configure:5411: $? = 1
configure: failed program was:
| /* confdefs.h.  */
| 
| #define PACKAGE_NAME ""
| #define PACKAGE_TARNAME ""
| #define PACKAGE_VERSION ""
| #define PACKAGE_STRING ""
| #define PACKAGE_BUGREPORT ""
| #define PACKAGE "pptpd"
| #define VERSION "1.3.0"
| #define HAVE_SETSID 1
| #define HAVE_DAEMON 1
| #define HAVE_GETSERVBYNAME 1
| #define HAVE_STRLCPY 1
| #define HAVE_FORK 1
| #define HAVE_MEMMOVE 1
| #define HAVE_STRERROR 1
| #define HAVE_WRITEV 1
| #define STDC_HEADERS 1
| #define HAVE_SYS_TYPES_H 1
| #define HAVE_SYS_STAT_H 1
| #define HAVE_STDLIB_H 1
| #define HAVE_STRING_H 1
| #define HAVE_MEMORY_H 1
| #define HAVE_STRINGS_H 1
| #define HAVE_INTTYPES_H 1
| #define HAVE_STDINT_H 1
| #define HAVE_UNISTD_H 1
| #define HAVE_PTY_H 1
| #define HAVE_STRING_H 1
| #define HAVE_SYSLOG_H 1
| #define HAVE_SYS_UIO_H 1
| #define HAVE_LIBC 1
| #define HAVE_LIBC 1
| /* end confdefs.h.  */
| 
| /* Override any gcc2 internal prototype to avoid an error.  */
| #ifdef __cplusplus
| extern "C"
| #endif
| /* We use char because int might match the return type of a gcc2
|    builtin and then its argument prototype would still apply.  */
| char openpty ();
| int
| main ()
| {
| openpty ();
|   ;
|   return 0;
| }
configure:5436: result: no
configure:5448: checking for gettext in -lc
configure:5478: mipsel-linux-uclibc-gcc -o conftest -Os -mips32 -funit-at-a-time -pipe -mtune=mips32   conftest.c -lc  -lc -lc  >&5
conftest.c:42: warning: conflicting types for built-in function 'gettext'
/tmp/ccYPdsFR.o: In function `main':
conftest.c:(.text+0x18): undefined reference to `gettext'
collect2: ld returned 1 exit status
configure:5484: $? = 1
configure: failed program was:
| /* confdefs.h.  */
| 
| #define PACKAGE_NAME ""
| #define PACKAGE_TARNAME ""
| #define PACKAGE_VERSION ""
| #define PACKAGE_STRING ""
| #define PACKAGE_BUGREPORT ""
| #define PACKAGE "pptpd"
| #define VERSION "1.3.0"
| #define HAVE_SETSID 1
| #define HAVE_DAEMON 1
| #define HAVE_GETSERVBYNAME 1
| #define HAVE_STRLCPY 1
| #define HAVE_FORK 1
| #define HAVE_MEMMOVE 1
| #define HAVE_STRERROR 1
| #define HAVE_WRITEV 1
| #define STDC_HEADERS 1
| #define HAVE_SYS_TYPES_H 1
| #define HAVE_SYS_STAT_H 1
| #define HAVE_STDLIB_H 1
| #define HAVE_STRING_H 1
| #define HAVE_MEMORY_H 1
| #define HAVE_STRINGS_H 1
| #define HAVE_INTTYPES_H 1
| #define HAVE_STDINT_H 1
| #define HAVE_UNISTD_H 1
| #define HAVE_PTY_H 1
| #define HAVE_STRING_H 1
| #define HAVE_SYSLOG_H 1
| #define HAVE_SYS_UIO_H 1
| #define HAVE_LIBC 1
| #define HAVE_LIBC 1
| /* end confdefs.h.  */
| 
| /* Override any gcc2 internal prototype to avoid an error.  */
| #ifdef __cplusplus
| extern "C"
| #endif
| /* We use char because int might match the return type of a gcc2
|    builtin and then its argument prototype would still apply.  */
| char gettext ();
| int
| main ()
| {
| gettext ();
|   ;
|   return 0;
| }
configure:5509: result: no
configure:5521: checking for accept in -lsocket
configure:5551: mipsel-linux-uclibc-gcc -o conftest -Os -mips32 -funit-at-a-time -pipe -mtune=mips32   conftest.c -lsocket  -lc -lc  >&5
/opt/4.1.0/bin/../lib/gcc/mipsel-linux-uclibc/4.1.0/../../../../mipsel-linux-uclibc/bin/ld: cannot find -lsocket
collect2: ld returned 1 exit status
configure:5557: $? = 1
configure: failed program was:
| /* confdefs.h.  */
| 
| #define PACKAGE_NAME ""
| #define PACKAGE_TARNAME ""
| #define PACKAGE_VERSION ""
| #define PACKAGE_STRING ""
| #define PACKAGE_BUGREPORT ""
| #define PACKAGE "pptpd"
| #define VERSION "1.3.0"
| #define HAVE_SETSID 1
| #define HAVE_DAEMON 1
| #define HAVE_GETSERVBYNAME 1
| #define HAVE_STRLCPY 1
| #define HAVE_FORK 1
| #define HAVE_MEMMOVE 1
| #define HAVE_STRERROR 1
| #define HAVE_WRITEV 1
| #define STDC_HEADERS 1
| #define HAVE_SYS_TYPES_H 1
| #define HAVE_SYS_STAT_H 1
| #define HAVE_STDLIB_H 1
| #define HAVE_STRING_H 1
| #define HAVE_MEMORY_H 1
| #define HAVE_STRINGS_H 1
| #define HAVE_INTTYPES_H 1
| #define HAVE_STDINT_H 1
| #define HAVE_UNISTD_H 1
| #define HAVE_PTY_H 1
| #define HAVE_STRING_H 1
| #define HAVE_SYSLOG_H 1
| #define HAVE_SYS_UIO_H 1
| #define HAVE_LIBC 1
| #define HAVE_LIBC 1
| /* end confdefs.h.  */
| 
| /* Override any gcc2 internal prototype to avoid an error.  */
| #ifdef __cplusplus
| extern "C"
| #endif
| /* We use char because int might match the return type of a gcc2
|    builtin and then its argument prototype would still apply.  */
| char accept ();
| int
| main ()
| {
| accept ();
|   ;
|   return 0;
| }
configure:5582: result: no
configure:5594: checking for gethostbyname in -lnsl
configure:5624: mipsel-linux-uclibc-gcc -o conftest -Os -mips32 -funit-at-a-time -pipe -mtune=mips32   conftest.c -lnsl  -lc -lc  >&5
configure:5630: $? = 0
configure:5633: test -z 			 || test ! -s conftest.err
configure:5636: $? = 0
configure:5639: test -s conftest
configure:5642: $? = 0
configure:5655: result: yes
configure:5667: checking for openpty in -lutil
configure:5697: mipsel-linux-uclibc-gcc -o conftest -Os -mips32 -funit-at-a-time -pipe -mtune=mips32   conftest.c -lutil  -lnsl -lc -lc  >&5
configure:5703: $? = 0
configure:5706: test -z 			 || test ! -s conftest.err
configure:5709: $? = 0
configure:5712: test -s conftest
configure:5715: $? = 0
configure:5728: result: yes
configure:5740: checking for gettext in -lintl
configure:5770: mipsel-linux-uclibc-gcc -o conftest -Os -mips32 -funit-at-a-time -pipe -mtune=mips32   conftest.c -lintl  -lutil -lnsl -lc -lc  >&5
conftest.c:44: warning: conflicting types for built-in function 'gettext'
/opt/4.1.0/bin/../lib/gcc/mipsel-linux-uclibc/4.1.0/../../../../mipsel-linux-uclibc/bin/ld: cannot find -lintl
collect2: ld returned 1 exit status
configure:5776: $? = 1
configure: failed program was:
| /* confdefs.h.  */
| 
| #define PACKAGE_NAME ""
| #define PACKAGE_TARNAME ""
| #define PACKAGE_VERSION ""
| #define PACKAGE_STRING ""
| #define PACKAGE_BUGREPORT ""
| #define PACKAGE "pptpd"
| #define VERSION "1.3.0"
| #define HAVE_SETSID 1
| #define HAVE_DAEMON 1
| #define HAVE_GETSERVBYNAME 1
| #define HAVE_STRLCPY 1
| #define HAVE_FORK 1
| #define HAVE_MEMMOVE 1
| #define HAVE_STRERROR 1
| #define HAVE_WRITEV 1
| #define STDC_HEADERS 1
| #define HAVE_SYS_TYPES_H 1
| #define HAVE_SYS_STAT_H 1
| #define HAVE_STDLIB_H 1
| #define HAVE_STRING_H 1
| #define HAVE_MEMORY_H 1
| #define HAVE_STRINGS_H 1
| #define HAVE_INTTYPES_H 1
| #define HAVE_STDINT_H 1
| #define HAVE_UNISTD_H 1
| #define HAVE_PTY_H 1
| #define HAVE_STRING_H 1
| #define HAVE_SYSLOG_H 1
| #define HAVE_SYS_UIO_H 1
| #define HAVE_LIBC 1
| #define HAVE_LIBC 1
| #define HAVE_LIBNSL 1
| #define HAVE_LIBUTIL 1
| /* end confdefs.h.  */
| 
| /* Override any gcc2 internal prototype to avoid an error.  */
| #ifdef __cplusplus
| extern "C"
| #endif
| /* We use char because int might match the return type of a gcc2
|    builtin and then its argument prototype would still apply.  */
| char gettext ();
| int
| main ()
| {
| gettext ();
|   ;
|   return 0;
| }
configure:5801: result: no
configure:5883: checking which syslog facility to use
configure:5898: result: LOG_DAEMON (the default)
configure:6161: creating ./config.status

## ---------------------- ##
## Running config.status. ##
## ---------------------- ##

This file was extended by config.status, which was
generated by GNU Autoconf 2.59.  Invocation command line was

  CONFIG_FILES    = 
  CONFIG_HEADERS  = 
  CONFIG_LINKS    = 
  CONFIG_COMMANDS = 
  $ ./config.status 

on dbserver

config.status:735: creating Makefile
config.status:801: creating config.h
config.status:945: config.h is unchanged
config.status:1125: executing depfiles commands

## ---------------- ##
## Cache variables. ##
## ---------------- ##

ac_cv_c_compiler_gnu=yes
ac_cv_c_const=yes
ac_cv_c_inline=inline
ac_cv_env_CC_set=set
ac_cv_env_CC_value=mipsel-linux-uclibc-gcc
ac_cv_env_CFLAGS_set=set
ac_cv_env_CFLAGS_value='-Os -mips32 -funit-at-a-time -pipe -mtune=mips32'
ac_cv_env_CPPFLAGS_set=
ac_cv_env_CPPFLAGS_value=
ac_cv_env_CPP_set=
ac_cv_env_CPP_value=
ac_cv_env_LDFLAGS_set=
ac_cv_env_LDFLAGS_value=
ac_cv_env_build_alias_set=
ac_cv_env_build_alias_value=
ac_cv_env_host_alias_set=set
ac_cv_env_host_alias_value=mips
ac_cv_env_target_alias_set=
ac_cv_env_target_alias_value=
ac_cv_exeext=
ac_cv_func_daemon=yes
ac_cv_func_fork=yes
ac_cv_func_getservbyname=yes
ac_cv_func_memmove=yes
ac_cv_func_setproctitle=no
ac_cv_func_setsid=yes
ac_cv_func_strerror=yes
ac_cv_func_strlcpy=yes
ac_cv_func_writev=yes
ac_cv_header_inttypes_h=yes
ac_cv_header_libintl_h=no
ac_cv_header_libutil_h=no
ac_cv_header_memory_h=yes
ac_cv_header_pty_h=yes
ac_cv_header_stdc=yes
ac_cv_header_stdint_h=yes
ac_cv_header_stdlib_h=yes
ac_cv_header_string_h=yes
ac_cv_header_strings_h=yes
ac_cv_header_sys_stat_h=yes
ac_cv_header_sys_types_h=yes
ac_cv_header_sys_uio_h=yes
ac_cv_header_syslog_h=yes
ac_cv_header_unistd_h=yes
ac_cv_lib_c_accept=yes
ac_cv_lib_c_gethostbyname=yes
ac_cv_lib_c_gettext=no
ac_cv_lib_c_openpty=no
ac_cv_lib_intl_gettext=no
ac_cv_lib_nsl_gethostbyname=yes
ac_cv_lib_socket_accept=no
ac_cv_lib_util_openpty=yes
ac_cv_objext=o
ac_cv_path_install='/usr/bin/install -c'
ac_cv_prog_AWK=gawk
ac_cv_prog_CC=mipsel-linux-uclibc-gcc
ac_cv_prog_CPP='mipsel-linux-uclibc-gcc -E'
ac_cv_prog_ac_ct_RANLIB=ranlib
ac_cv_prog_ac_ct_STRIP=strip
ac_cv_prog_cc_g=yes
ac_cv_prog_cc_stdc=
ac_cv_prog_egrep='grep -E'
ac_cv_prog_make_make_set=yes
ac_cv_sys_interpreter=yes
ac_cv_type_size_t=yes
ac_cv_type_socklen_t=yes
ac_cv_type_ssize_t=yes
ac_cv_type_u_int16_t=yes
ac_cv_type_u_int32_t=yes
ac_cv_type_u_int8_t=yes
am_cv_CC_dependencies_compiler_type=none

## ----------------- ##
## Output variables. ##
## ----------------- ##

ACLOCAL='aclocal-1.9'
AMDEPBACKSLASH='\'
AMDEP_FALSE='#'
AMDEP_TRUE=''
AMTAR='tar'
AUTOCONF='autoconf'
AUTOHEADER='autoheader'
AUTOMAKE='automake-1.9'
AWK='gawk'
CC='mipsel-linux-uclibc-gcc'
CCDEPMODE='depmode=none'
CFLAGS='-Os -mips32 -funit-at-a-time -pipe -mtune=mips32'
CPP='mipsel-linux-uclibc-gcc -E'
CPPFLAGS=''
CYGPATH_W='echo'
DEFS='-DHAVE_CONFIG_H'
DEPDIR='.deps'
ECHO_C=''
ECHO_N='-n'
ECHO_T=''
EGREP='grep -E'
EXEEXT=''
HAVE_OPENPTY=''
INSTALL_DATA='${INSTALL} -m 644'
INSTALL_PROGRAM='${INSTALL}'
INSTALL_SCRIPT='${INSTALL}'
INSTALL_STRIP_PROGRAM='${SHELL} $(install_sh) -c -s'
LDFLAGS=''
LIBOBJS=''
LIBS=''
LN_S='ln -s'
LTLIBOBJS=''
MAKEINFO='makeinfo'
OBJEXT='o'
PACKAGE='pptpd'
PACKAGE_BUGREPORT=''
PACKAGE_NAME=''
PACKAGE_STRING=''
PACKAGE_TARNAME=''
PACKAGE_VERSION=''
PATH_SEPARATOR=':'
RANLIB='ranlib'
SET_MAKE=''
SHELL='/bin/sh'
STRIP='strip'
VERSION='1.3.0'
XTRALIBS_CTRL='-lutil'
XTRALIBS_MGR=''
XTRA_PROG='bcrelay'
ac_ct_CC=''
ac_ct_RANLIB='ranlib'
ac_ct_STRIP='strip'
am__fastdepCC_FALSE=''
am__fastdepCC_TRUE='#'
am__include='include'
am__leading_dot='.'
am__quote=''
am__tar='${AMTAR} chof - "$$tardir"'
am__untar='${AMTAR} xf -'
bindir='${exec_prefix}/bin'
build_alias=''
datadir='${prefix}/share'
exec_prefix='${prefix}'
host_alias='mips'
includedir='${prefix}/include'
infodir='${prefix}/info'
install_sh='/home/dd-wrt/DEV/src/router/pptpd/install-sh'
libdir='${exec_prefix}/lib'
libexecdir='${exec_prefix}/libexec'
localstatedir='${prefix}/var'
mandir='${prefix}/man'
mkdir_p='mkdir -p --'
oldincludedir='/usr/include'
prefix='/usr'
program_transform_name='s,x,x,'
sbindir='${exec_prefix}/sbin'
sharedstatedir='${prefix}/com'
sysconfdir='${prefix}/etc'
target_alias=''

## ----------- ##
## confdefs.h. ##
## ----------- ##

#define BCRELAY 1
#define HAVE_DAEMON 1
#define HAVE_FORK 1
#define HAVE_GETSERVBYNAME 1
#define HAVE_INTTYPES_H 1
#define HAVE_LIBC 1
#define HAVE_LIBC 1
#define HAVE_LIBNSL 1
#define HAVE_LIBUTIL 1
#define HAVE_MEMMOVE 1
#define HAVE_MEMORY_H 1
#define HAVE_OPENPTY 1
#define HAVE_PTY_H 1
#define HAVE_SETSID 1
#define HAVE_STDINT_H 1
#define HAVE_STDLIB_H 1
#define HAVE_STRERROR 1
#define HAVE_STRINGS_H 1
#define HAVE_STRING_H 1
#define HAVE_STRING_H 1
#define HAVE_STRLCPY 1
#define HAVE_SYSLOG_H 1
#define HAVE_SYS_STAT_H 1
#define HAVE_SYS_TYPES_H 1
#define HAVE_SYS_UIO_H 1
#define HAVE_UNISTD_H 1
#define HAVE_WRITEV 1
#define PACKAGE "pptpd"
#define PACKAGE_BUGREPORT ""
#define PACKAGE_NAME ""
#define PACKAGE_STRING ""
#define PACKAGE_TARNAME ""
#define PACKAGE_VERSION ""
#define PPP_BINARY "/usr/sbin/pppd"
#define PPTP_FACILITY LOG_DAEMON
#define STDC_HEADERS 1
#define VERSION "1.3.0"

configure: exit 0

## ---------------------- ##
## Running config.status. ##
## ---------------------- ##

This file was extended by config.status, which was
generated by GNU Autoconf 2.59.  Invocation command line was

  CONFIG_FILES    = 
  CONFIG_HEADERS  = 
  CONFIG_LINKS    = 
  CONFIG_COMMANDS = 
  $ ./config.status config.h

on colinux

config.status:801: creating config.h
config.status:945: config.h is unchanged
