This file contains any messages produced by compilers while
running configure, to aid debugging if configure makes a mistake.

It was created by configure, which was
generated by GNU Autoconf 2.68.  Invocation command line was

  $ ./configure --host=arm-linux CFLAGS=-Os -D_LARGEFILE64_SOURCE -D_FILE_OFFSET_BITS=64 -D_GNU_SOURCE -I/home/seg/DEV/laguna/src/router/e2fsprogs/lib -DNEED_PRINTF LDFLAGS=-L/home/seg/DEV/laguna/src/router/e2fsprogs/lib/uuid CC=arm-linux-uclibc-gcc -Os -pipe -march=armv6k -mtune=mpcore -mfloat-abi=softfp -mfpu=vfp -fno-caller-saves --disable-static --enable-shared --with-gnu-ld --disable-rpath --enable-gettext=no --enable-lib64=no root_prefix=/home/seg/DEV/laguna/src/router/arm-uclibc/install/e2fsprogs

## --------- ##
## Platform. ##
## --------- ##

hostname = dd-wrt
uname -m = x86_64
uname -r = 3.1.0-2-default
uname -s = Linux
uname -v = #1 SMP Sun Oct 30 11:59:05 UTC 2011 (5312d70)

/usr/bin/uname -p = unknown
/bin/uname -X     = unknown

/bin/arch              = x86_64
/usr/bin/arch -k       = unknown
/usr/convex/getsysinfo = unknown
/usr/bin/hostinfo      = unknown
/bin/machine           = unknown
/usr/bin/oslevel       = unknown
/bin/universe          = unknown

PATH: /xfs/toolchains/toolchain-arm_v6k_gcc-linaro_uClibc-0.9.32_eabi/bin/
PATH: /xfs/toolchains/toolchain-arm_gcc4.2.3/bin/
PATH: /sbin
PATH: /usr/sbin
PATH: /usr/local/sbin
PATH: /root/bin
PATH: /usr/local/bin
PATH: /usr/bin
PATH: /bin
PATH: /usr/bin/X11
PATH: /usr/X11R6/bin
PATH: /usr/games
PATH: /opt/kde3/bin
PATH: /usr/lib64/jvm/jre/bin
PATH: /usr/lib/mit/bin
PATH: /usr/lib/mit/sbin


## ----------- ##
## Core tests. ##
## ----------- ##

configure:2579: checking build system type
configure:2593: result: x86_64-unknown-linux-gnu
configure:2613: checking host system type
configure:2626: result: arm-unknown-linux-gnu
configure:2654: checking for arm-linux-gcc
configure:2681: result: arm-linux-uclibc-gcc -Os -pipe -march=armv6k -mtune=mpcore -mfloat-abi=softfp -mfpu=vfp -fno-caller-saves
configure:2950: checking for C compiler version
configure:2959: arm-linux-uclibc-gcc -Os -pipe -march=armv6k -mtune=mpcore -mfloat-abi=softfp -mfpu=vfp -fno-caller-saves --version >&5
arm-linux-uclibc-gcc (Linaro GCC 4.5-2011.06-0) 4.5.4 20110526 (prerelease)
Copyright (C) 2010 Free Software Foundation, Inc.
This is free software; see the source for copying conditions.  There is NO
warranty; not even for MERCHANTABILITY or FITNESS FOR A PARTICULAR PURPOSE.

configure:2970: $? = 0
configure:2959: arm-linux-uclibc-gcc -Os -pipe -march=armv6k -mtune=mpcore -mfloat-abi=softfp -mfpu=vfp -fno-caller-saves -v >&5
Using built-in specs.
COLLECT_GCC=arm-linux-uclibc-gcc
COLLECT_LTO_WRAPPER=/home/xfs/toolchains/toolchain-arm_v6k_gcc-linaro_uClibc-0.9.32_eabi/bin/../libexec/gcc/arm-openwrt-linux-uclibcgnueabi/4.5.4/lto-wrapper
Target: arm-openwrt-linux-uclibcgnueabi
Configured with: /home/xfs/openwrt/trunk2/trunk/build_dir/toolchain-arm_v6k_gcc-linaro_uClibc-0.9.32_eabi/gcc-linaro-4.5-2011.06-0/configure --prefix=/home/xfs/openwrt/trunk2/trunk/staging_dir/toolchain-arm_v6k_gcc-linaro_uClibc-0.9.32_eabi --build=x86_64-suse-linux --host=x86_64-suse-linux --target=arm-openwrt-linux-uclibcgnueabi --with-gnu-ld --enable-target-optspace --disable-libgomp --disable-libmudflap --disable-multilib --disable-nls --with-gmp=/home/xfs/openwrt/trunk2/trunk/staging_dir/host --with-mpfr=/home/xfs/openwrt/trunk2/trunk/staging_dir/host --disable-decimal-float --with-mpc=/home/xfs/openwrt/trunk2/trunk/staging_dir/host --disable-libssp --disable-__cxa_atexit --with-arch=armv6k --enable-languages=c,c++ --enable-shared --enable-threads --with-slibdir=/home/xfs/openwrt/trunk2/trunk/staging_dir/toolchain-arm_v6k_gcc-linaro_uClibc-0.9.32_eabi/lib --enable-lto --with-libelf=/home/xfs/openwrt/trunk2/trunk/staging_dir/host --disable-tls
Thread model: posix
gcc version 4.5.4 20110526 (prerelease) (Linaro GCC 4.5-2011.06-0) 
configure:2970: $? = 0
configure:2959: arm-linux-uclibc-gcc -Os -pipe -march=armv6k -mtune=mpcore -mfloat-abi=softfp -mfpu=vfp -fno-caller-saves -V >&5
arm-linux-uclibc-gcc: '-V' must come at the start of the command line
configure:2970: $? = 1
configure:2959: arm-linux-uclibc-gcc -Os -pipe -march=armv6k -mtune=mpcore -mfloat-abi=softfp -mfpu=vfp -fno-caller-saves -qversion >&5
arm-linux-uclibc-gcc: unrecognized option '-qversion'
arm-linux-uclibc-gcc: no input files
configure:2970: $? = 1
configure:2990: checking whether the C compiler works
configure:3012: arm-linux-uclibc-gcc -Os -pipe -march=armv6k -mtune=mpcore -mfloat-abi=softfp -mfpu=vfp -fno-caller-saves -Os -D_LARGEFILE64_SOURCE -D_FILE_OFFSET_BITS=64 -D_GNU_SOURCE -I/home/seg/DEV/laguna/src/router/e2fsprogs/lib -DNEED_PRINTF  -L/home/seg/DEV/laguna/src/router/e2fsprogs/lib/uuid conftest.c  >&5
configure:3016: $? = 0
configure:3064: result: yes
configure:3067: checking for C compiler default output file name
configure:3069: result: a.out
configure:3075: checking for suffix of executables
configure:3082: arm-linux-uclibc-gcc -Os -pipe -march=armv6k -mtune=mpcore -mfloat-abi=softfp -mfpu=vfp -fno-caller-saves -o conftest -Os -D_LARGEFILE64_SOURCE -D_FILE_OFFSET_BITS=64 -D_GNU_SOURCE -I/home/seg/DEV/laguna/src/router/e2fsprogs/lib -DNEED_PRINTF  -L/home/seg/DEV/laguna/src/router/e2fsprogs/lib/uuid conftest.c  >&5
configure:3086: $? = 0
configure:3108: result: 
configure:3130: checking whether we are cross compiling
configure:3138: arm-linux-uclibc-gcc -Os -pipe -march=armv6k -mtune=mpcore -mfloat-abi=softfp -mfpu=vfp -fno-caller-saves -o conftest -Os -D_LARGEFILE64_SOURCE -D_FILE_OFFSET_BITS=64 -D_GNU_SOURCE -I/home/seg/DEV/laguna/src/router/e2fsprogs/lib -DNEED_PRINTF  -L/home/seg/DEV/laguna/src/router/e2fsprogs/lib/uuid conftest.c  >&5
configure:3142: $? = 0
configure:3149: ./conftest
./configure: line 3151: ./conftest: cannot execute binary file
configure:3153: $? = 126
configure:3168: result: yes
configure:3173: checking for suffix of object files
configure:3195: arm-linux-uclibc-gcc -Os -pipe -march=armv6k -mtune=mpcore -mfloat-abi=softfp -mfpu=vfp -fno-caller-saves -c -Os -D_LARGEFILE64_SOURCE -D_FILE_OFFSET_BITS=64 -D_GNU_SOURCE -I/home/seg/DEV/laguna/src/router/e2fsprogs/lib -DNEED_PRINTF  conftest.c >&5
configure:3199: $? = 0
configure:3220: result: o
configure:3224: checking whether we are using the GNU C compiler
configure:3243: arm-linux-uclibc-gcc -Os -pipe -march=armv6k -mtune=mpcore -mfloat-abi=softfp -mfpu=vfp -fno-caller-saves -c -Os -D_LARGEFILE64_SOURCE -D_FILE_OFFSET_BITS=64 -D_GNU_SOURCE -I/home/seg/DEV/laguna/src/router/e2fsprogs/lib -DNEED_PRINTF  conftest.c >&5
configure:3243: $? = 0
configure:3252: result: yes
configure:3261: checking whether arm-linux-uclibc-gcc -Os -pipe -march=armv6k -mtune=mpcore -mfloat-abi=softfp -mfpu=vfp -fno-caller-saves accepts -g
configure:3281: arm-linux-uclibc-gcc -Os -pipe -march=armv6k -mtune=mpcore -mfloat-abi=softfp -mfpu=vfp -fno-caller-saves -c -g  conftest.c >&5
configure:3281: $? = 0
configure:3322: result: yes
configure:3339: checking for arm-linux-uclibc-gcc -Os -pipe -march=armv6k -mtune=mpcore -mfloat-abi=softfp -mfpu=vfp -fno-caller-saves option to accept ISO C89
configure:3403: arm-linux-uclibc-gcc -Os -pipe -march=armv6k -mtune=mpcore -mfloat-abi=softfp -mfpu=vfp -fno-caller-saves  -c -Os -D_LARGEFILE64_SOURCE -D_FILE_OFFSET_BITS=64 -D_GNU_SOURCE -I/home/seg/DEV/laguna/src/router/e2fsprogs/lib -DNEED_PRINTF  conftest.c >&5
configure:3403: $? = 0
configure:3416: result: none needed
configure:3436: checking for a sed that does not truncate output
configure:3500: result: /xfs/toolchains/toolchain-arm_v6k_gcc-linaro_uClibc-0.9.32_eabi/bin//sed
configure:3518: checking for grep that handles long lines and -e
configure:3576: result: /usr/bin/grep
configure:3581: checking for egrep
configure:3643: result: /usr/bin/grep -E
configure:3648: checking for fgrep
configure:3710: result: /usr/bin/grep -F
configure:3745: checking for ld used by arm-linux-uclibc-gcc -Os -pipe -march=armv6k -mtune=mpcore -mfloat-abi=softfp -mfpu=vfp -fno-caller-saves
configure:3812: result: arm-linux-uclibc-ld
configure:3819: checking if the linker (arm-linux-uclibc-ld) is GNU ld
configure:3834: result: yes
configure:3846: checking for BSD- or MS-compatible name lister (nm)
configure:3895: result: arm-linux-uclibc-nm
configure:4013: checking the name lister (arm-linux-uclibc-nm) interface
configure:4020: arm-linux-uclibc-gcc -Os -pipe -march=armv6k -mtune=mpcore -mfloat-abi=softfp -mfpu=vfp -fno-caller-saves -c -Os -D_LARGEFILE64_SOURCE -D_FILE_OFFSET_BITS=64 -D_GNU_SOURCE -I/home/seg/DEV/laguna/src/router/e2fsprogs/lib -DNEED_PRINTF  conftest.c >&5
configure:4023: arm-linux-uclibc-nm "conftest.o"
configure:4026: output
00000000 B some_variable
configure:4033: result: BSD nm
configure:4036: checking whether ln -s works
configure:4040: result: yes
configure:4048: checking the maximum length of command line arguments
configure:4168: result: 1572864
configure:4185: checking whether the shell understands some XSI constructs
configure:4195: result: yes
configure:4199: checking whether the shell understands "+="
configure:4205: result: yes
configure:4240: checking for arm-linux-uclibc-ld option to reload object files
configure:4247: result: -r
configure:4276: checking for arm-linux-objdump
configure:4292: found /xfs/toolchains/toolchain-arm_v6k_gcc-linaro_uClibc-0.9.32_eabi/bin//arm-linux-objdump
configure:4303: result: arm-linux-objdump
configure:4375: checking how to recognize dependent libraries
configure:4571: result: pass_all
configure:4591: checking for arm-linux-ar
configure:4618: result: arm-linux-uclibc-ar
configure:4696: checking for arm-linux-strip
configure:4723: result: arm-linux-uclibc-strip
configure:4795: checking for arm-linux-ranlib
configure:4822: result: arm-linux-uclibc-ranlib
configure:4952: checking command to parse arm-linux-uclibc-nm output from arm-linux-uclibc-gcc -Os -pipe -march=armv6k -mtune=mpcore -mfloat-abi=softfp -mfpu=vfp -fno-caller-saves object
configure:5070: arm-linux-uclibc-gcc -Os -pipe -march=armv6k -mtune=mpcore -mfloat-abi=softfp -mfpu=vfp -fno-caller-saves -c -Os -D_LARGEFILE64_SOURCE -D_FILE_OFFSET_BITS=64 -D_GNU_SOURCE -I/home/seg/DEV/laguna/src/router/e2fsprogs/lib -DNEED_PRINTF  conftest.c >&5
configure:5073: $? = 0
configure:5077: arm-linux-uclibc-nm conftest.o \| sed -n -e 's/^.*[	 ]\([ABCDGIRSTW][ABCDGIRSTW]*\)[	 ][	 ]*\([_A-Za-z][_A-Za-z0-9]*\)$/\1 \2 \2/p' \> conftest.nm
configure:5080: $? = 0
configure:5134: arm-linux-uclibc-gcc -Os -pipe -march=armv6k -mtune=mpcore -mfloat-abi=softfp -mfpu=vfp -fno-caller-saves -o conftest -Os -D_LARGEFILE64_SOURCE -D_FILE_OFFSET_BITS=64 -D_GNU_SOURCE -I/home/seg/DEV/laguna/src/router/e2fsprogs/lib -DNEED_PRINTF  -L/home/seg/DEV/laguna/src/router/e2fsprogs/lib/uuid conftest.c conftstm.o >&5
configure:5137: $? = 0
configure:5175: result: ok
configure:5984: checking how to run the C preprocessor
configure:6015: arm-linux-uclibc-gcc -Os -pipe -march=armv6k -mtune=mpcore -mfloat-abi=softfp -mfpu=vfp -fno-caller-saves -E  conftest.c
configure:6015: $? = 0
configure:6029: arm-linux-uclibc-gcc -Os -pipe -march=armv6k -mtune=mpcore -mfloat-abi=softfp -mfpu=vfp -fno-caller-saves -E  conftest.c
conftest.c:9:28: fatal error: ac_nonexistent.h: No such file or directory
compilation terminated.
configure:6029: $? = 1
configure: failed program was:
| /* confdefs.h */
| #define PACKAGE_NAME ""
| #define PACKAGE_TARNAME ""
| #define PACKAGE_VERSION ""
| #define PACKAGE_STRING ""
| #define PACKAGE_BUGREPORT ""
| #define PACKAGE_URL ""
| /* end confdefs.h.  */
| #include <ac_nonexistent.h>
configure:6054: result: arm-linux-uclibc-gcc -Os -pipe -march=armv6k -mtune=mpcore -mfloat-abi=softfp -mfpu=vfp -fno-caller-saves -E
configure:6074: arm-linux-uclibc-gcc -Os -pipe -march=armv6k -mtune=mpcore -mfloat-abi=softfp -mfpu=vfp -fno-caller-saves -E  conftest.c
configure:6074: $? = 0
configure:6088: arm-linux-uclibc-gcc -Os -pipe -march=armv6k -mtune=mpcore -mfloat-abi=softfp -mfpu=vfp -fno-caller-saves -E  conftest.c
conftest.c:9:28: fatal error: ac_nonexistent.h: No such file or directory
compilation terminated.
configure:6088: $? = 1
configure: failed program was:
| /* confdefs.h */
| #define PACKAGE_NAME ""
| #define PACKAGE_TARNAME ""
| #define PACKAGE_VERSION ""
| #define PACKAGE_STRING ""
| #define PACKAGE_BUGREPORT ""
| #define PACKAGE_URL ""
| /* end confdefs.h.  */
| #include <ac_nonexistent.h>
configure:6117: checking for ANSI C header files
configure:6137: arm-linux-uclibc-gcc -Os -pipe -march=armv6k -mtune=mpcore -mfloat-abi=softfp -mfpu=vfp -fno-caller-saves -c -Os -D_LARGEFILE64_SOURCE -D_FILE_OFFSET_BITS=64 -D_GNU_SOURCE -I/home/seg/DEV/laguna/src/router/e2fsprogs/lib -DNEED_PRINTF  conftest.c >&5
configure:6137: $? = 0
configure:6221: result: yes
configure:6234: checking for sys/types.h
configure:6234: arm-linux-uclibc-gcc -Os -pipe -march=armv6k -mtune=mpcore -mfloat-abi=softfp -mfpu=vfp -fno-caller-saves -c -Os -D_LARGEFILE64_SOURCE -D_FILE_OFFSET_BITS=64 -D_GNU_SOURCE -I/home/seg/DEV/laguna/src/router/e2fsprogs/lib -DNEED_PRINTF  conftest.c >&5
configure:6234: $? = 0
configure:6234: result: yes
configure:6234: checking for sys/stat.h
configure:6234: arm-linux-uclibc-gcc -Os -pipe -march=armv6k -mtune=mpcore -mfloat-abi=softfp -mfpu=vfp -fno-caller-saves -c -Os -D_LARGEFILE64_SOURCE -D_FILE_OFFSET_BITS=64 -D_GNU_SOURCE -I/home/seg/DEV/laguna/src/router/e2fsprogs/lib -DNEED_PRINTF  conftest.c >&5
configure:6234: $? = 0
configure:6234: result: yes
configure:6234: checking for stdlib.h
configure:6234: arm-linux-uclibc-gcc -Os -pipe -march=armv6k -mtune=mpcore -mfloat-abi=softfp -mfpu=vfp -fno-caller-saves -c -Os -D_LARGEFILE64_SOURCE -D_FILE_OFFSET_BITS=64 -D_GNU_SOURCE -I/home/seg/DEV/laguna/src/router/e2fsprogs/lib -DNEED_PRINTF  conftest.c >&5
configure:6234: $? = 0
configure:6234: result: yes
configure:6234: checking for string.h
configure:6234: arm-linux-uclibc-gcc -Os -pipe -march=armv6k -mtune=mpcore -mfloat-abi=softfp -mfpu=vfp -fno-caller-saves -c -Os -D_LARGEFILE64_SOURCE -D_FILE_OFFSET_BITS=64 -D_GNU_SOURCE -I/home/seg/DEV/laguna/src/router/e2fsprogs/lib -DNEED_PRINTF  conftest.c >&5
configure:6234: $? = 0
configure:6234: result: yes
configure:6234: checking for memory.h
configure:6234: arm-linux-uclibc-gcc -Os -pipe -march=armv6k -mtune=mpcore -mfloat-abi=softfp -mfpu=vfp -fno-caller-saves -c -Os -D_LARGEFILE64_SOURCE -D_FILE_OFFSET_BITS=64 -D_GNU_SOURCE -I/home/seg/DEV/laguna/src/router/e2fsprogs/lib -DNEED_PRINTF  conftest.c >&5
configure:6234: $? = 0
configure:6234: result: yes
configure:6234: checking for strings.h
configure:6234: arm-linux-uclibc-gcc -Os -pipe -march=armv6k -mtune=mpcore -mfloat-abi=softfp -mfpu=vfp -fno-caller-saves -c -Os -D_LARGEFILE64_SOURCE -D_FILE_OFFSET_BITS=64 -D_GNU_SOURCE -I/home/seg/DEV/laguna/src/router/e2fsprogs/lib -DNEED_PRINTF  conftest.c >&5
configure:6234: $? = 0
configure:6234: result: yes
configure:6234: checking for inttypes.h
configure:6234: arm-linux-uclibc-gcc -Os -pipe -march=armv6k -mtune=mpcore -mfloat-abi=softfp -mfpu=vfp -fno-caller-saves -c -Os -D_LARGEFILE64_SOURCE -D_FILE_OFFSET_BITS=64 -D_GNU_SOURCE -I/home/seg/DEV/laguna/src/router/e2fsprogs/lib -DNEED_PRINTF  conftest.c >&5
configure:6234: $? = 0
configure:6234: result: yes
configure:6234: checking for stdint.h
configure:6234: arm-linux-uclibc-gcc -Os -pipe -march=armv6k -mtune=mpcore -mfloat-abi=softfp -mfpu=vfp -fno-caller-saves -c -Os -D_LARGEFILE64_SOURCE -D_FILE_OFFSET_BITS=64 -D_GNU_SOURCE -I/home/seg/DEV/laguna/src/router/e2fsprogs/lib -DNEED_PRINTF  conftest.c >&5
configure:6234: $? = 0
configure:6234: result: yes
configure:6234: checking for unistd.h
configure:6234: arm-linux-uclibc-gcc -Os -pipe -march=armv6k -mtune=mpcore -mfloat-abi=softfp -mfpu=vfp -fno-caller-saves -c -Os -D_LARGEFILE64_SOURCE -D_FILE_OFFSET_BITS=64 -D_GNU_SOURCE -I/home/seg/DEV/laguna/src/router/e2fsprogs/lib -DNEED_PRINTF  conftest.c >&5
configure:6234: $? = 0
configure:6234: result: yes
configure:6248: checking for dlfcn.h
configure:6248: arm-linux-uclibc-gcc -Os -pipe -march=armv6k -mtune=mpcore -mfloat-abi=softfp -mfpu=vfp -fno-caller-saves -c -Os -D_LARGEFILE64_SOURCE -D_FILE_OFFSET_BITS=64 -D_GNU_SOURCE -I/home/seg/DEV/laguna/src/router/e2fsprogs/lib -DNEED_PRINTF  conftest.c >&5
configure:6248: $? = 0
configure:6248: result: yes
configure:6432: checking for objdir
configure:6447: result: .libs
configure:6743: checking if arm-linux-uclibc-gcc -Os -pipe -march=armv6k -mtune=mpcore -mfloat-abi=softfp -mfpu=vfp -fno-caller-saves supports -fno-rtti -fno-exceptions
configure:6761: arm-linux-uclibc-gcc -Os -pipe -march=armv6k -mtune=mpcore -mfloat-abi=softfp -mfpu=vfp -fno-caller-saves -c -Os -D_LARGEFILE64_SOURCE -D_FILE_OFFSET_BITS=64 -D_GNU_SOURCE -I/home/seg/DEV/laguna/src/router/e2fsprogs/lib -DNEED_PRINTF  -fno-rtti -fno-exceptions conftest.c >&5
cc1: warning: command line option "-fno-rtti" is valid for C++/ObjC++ but not for C
configure:6765: $? = 0
configure:6778: result: no
configure:6798: checking for arm-linux-uclibc-gcc -Os -pipe -march=armv6k -mtune=mpcore -mfloat-abi=softfp -mfpu=vfp -fno-caller-saves option to produce PIC
configure:7070: result: -fPIC -DPIC
configure:7082: checking if arm-linux-uclibc-gcc -Os -pipe -march=armv6k -mtune=mpcore -mfloat-abi=softfp -mfpu=vfp -fno-caller-saves PIC flag -fPIC -DPIC works
configure:7100: arm-linux-uclibc-gcc -Os -pipe -march=armv6k -mtune=mpcore -mfloat-abi=softfp -mfpu=vfp -fno-caller-saves -c -Os -D_LARGEFILE64_SOURCE -D_FILE_OFFSET_BITS=64 -D_GNU_SOURCE -I/home/seg/DEV/laguna/src/router/e2fsprogs/lib -DNEED_PRINTF  -fPIC -DPIC -DPIC conftest.c >&5
configure:7104: $? = 0
configure:7117: result: yes
configure:7141: checking if arm-linux-uclibc-gcc -Os -pipe -march=armv6k -mtune=mpcore -mfloat-abi=softfp -mfpu=vfp -fno-caller-saves static flag -static works
configure:7169: result: no
configure:7184: checking if arm-linux-uclibc-gcc -Os -pipe -march=armv6k -mtune=mpcore -mfloat-abi=softfp -mfpu=vfp -fno-caller-saves supports -c -o file.o
configure:7205: arm-linux-uclibc-gcc -Os -pipe -march=armv6k -mtune=mpcore -mfloat-abi=softfp -mfpu=vfp -fno-caller-saves -c -Os -D_LARGEFILE64_SOURCE -D_FILE_OFFSET_BITS=64 -D_GNU_SOURCE -I/home/seg/DEV/laguna/src/router/e2fsprogs/lib -DNEED_PRINTF  -o out/conftest2.o conftest.c >&5
configure:7209: $? = 0
configure:7231: result: yes
configure:7239: checking if arm-linux-uclibc-gcc -Os -pipe -march=armv6k -mtune=mpcore -mfloat-abi=softfp -mfpu=vfp -fno-caller-saves supports -c -o file.o
configure:7286: result: yes
configure:7319: checking whether the arm-linux-uclibc-gcc -Os -pipe -march=armv6k -mtune=mpcore -mfloat-abi=softfp -mfpu=vfp -fno-caller-saves linker (arm-linux-uclibc-ld) supports shared libraries
configure:8305: result: yes
configure:8342: checking whether -lc should be explicitly linked in
configure:8347: arm-linux-uclibc-gcc -Os -pipe -march=armv6k -mtune=mpcore -mfloat-abi=softfp -mfpu=vfp -fno-caller-saves -c -Os -D_LARGEFILE64_SOURCE -D_FILE_OFFSET_BITS=64 -D_GNU_SOURCE -I/home/seg/DEV/laguna/src/router/e2fsprogs/lib -DNEED_PRINTF  conftest.c >&5
configure:8350: $? = 0
configure:8365: arm-linux-uclibc-gcc -Os -pipe -march=armv6k -mtune=mpcore -mfloat-abi=softfp -mfpu=vfp -fno-caller-saves -shared conftest.o  -v -Wl,-soname -Wl,conftest -o conftest 2\>\&1 \| /usr/bin/grep  -lc  \>/dev/null 2\>\&1
configure:8368: $? = 0
configure:8380: result: no
configure:8544: checking dynamic linker characteristics
configure:8977: arm-linux-uclibc-gcc -Os -pipe -march=armv6k -mtune=mpcore -mfloat-abi=softfp -mfpu=vfp -fno-caller-saves -o conftest -Os -D_LARGEFILE64_SOURCE -D_FILE_OFFSET_BITS=64 -D_GNU_SOURCE -I/home/seg/DEV/laguna/src/router/e2fsprogs/lib -DNEED_PRINTF  -L/home/seg/DEV/laguna/src/router/e2fsprogs/lib/uuid -Wl,-rpath -Wl,/foo conftest.c  >&5
configure:8977: $? = 0
configure:9195: result: GNU/Linux ld.so
configure:9297: checking how to hardcode library paths into programs
configure:9322: result: immediate
configure:9842: checking whether stripping libraries is possible
configure:9847: result: yes
configure:9882: checking if libtool supports shared libraries
configure:9884: result: yes
configure:9887: checking whether to build shared libraries
configure:9908: result: yes
configure:9911: checking whether to build static libraries
configure:9915: result: no
configure:10066: checking for arm-linux-gcc
configure:10093: result: arm-linux-uclibc-gcc -Os -pipe -march=armv6k -mtune=mpcore -mfloat-abi=softfp -mfpu=vfp -fno-caller-saves
configure:10362: checking for C compiler version
configure:10371: arm-linux-uclibc-gcc -Os -pipe -march=armv6k -mtune=mpcore -mfloat-abi=softfp -mfpu=vfp -fno-caller-saves --version >&5
arm-linux-uclibc-gcc (Linaro GCC 4.5-2011.06-0) 4.5.4 20110526 (prerelease)
Copyright (C) 2010 Free Software Foundation, Inc.
This is free software; see the source for copying conditions.  There is NO
warranty; not even for MERCHANTABILITY or FITNESS FOR A PARTICULAR PURPOSE.

configure:10382: $? = 0
configure:10371: arm-linux-uclibc-gcc -Os -pipe -march=armv6k -mtune=mpcore -mfloat-abi=softfp -mfpu=vfp -fno-caller-saves -v >&5
Using built-in specs.
COLLECT_GCC=arm-linux-uclibc-gcc
COLLECT_LTO_WRAPPER=/home/xfs/toolchains/toolchain-arm_v6k_gcc-linaro_uClibc-0.9.32_eabi/bin/../libexec/gcc/arm-openwrt-linux-uclibcgnueabi/4.5.4/lto-wrapper
Target: arm-openwrt-linux-uclibcgnueabi
Configured with: /home/xfs/openwrt/trunk2/trunk/build_dir/toolchain-arm_v6k_gcc-linaro_uClibc-0.9.32_eabi/gcc-linaro-4.5-2011.06-0/configure --prefix=/home/xfs/openwrt/trunk2/trunk/staging_dir/toolchain-arm_v6k_gcc-linaro_uClibc-0.9.32_eabi --build=x86_64-suse-linux --host=x86_64-suse-linux --target=arm-openwrt-linux-uclibcgnueabi --with-gnu-ld --enable-target-optspace --disable-libgomp --disable-libmudflap --disable-multilib --disable-nls --with-gmp=/home/xfs/openwrt/trunk2/trunk/staging_dir/host --with-mpfr=/home/xfs/openwrt/trunk2/trunk/staging_dir/host --disable-decimal-float --with-mpc=/home/xfs/openwrt/trunk2/trunk/staging_dir/host --disable-libssp --disable-__cxa_atexit --with-arch=armv6k --enable-languages=c,c++ --enable-shared --enable-threads --with-slibdir=/home/xfs/openwrt/trunk2/trunk/staging_dir/toolchain-arm_v6k_gcc-linaro_uClibc-0.9.32_eabi/lib --enable-lto --with-libelf=/home/xfs/openwrt/trunk2/trunk/staging_dir/host --disable-tls
Thread model: posix
gcc version 4.5.4 20110526 (prerelease) (Linaro GCC 4.5-2011.06-0) 
configure:10382: $? = 0
configure:10371: arm-linux-uclibc-gcc -Os -pipe -march=armv6k -mtune=mpcore -mfloat-abi=softfp -mfpu=vfp -fno-caller-saves -V >&5
arm-linux-uclibc-gcc: '-V' must come at the start of the command line
configure:10382: $? = 1
configure:10371: arm-linux-uclibc-gcc -Os -pipe -march=armv6k -mtune=mpcore -mfloat-abi=softfp -mfpu=vfp -fno-caller-saves -qversion >&5
arm-linux-uclibc-gcc: unrecognized option '-qversion'
arm-linux-uclibc-gcc: no input files
configure:10382: $? = 1
configure:10386: checking whether we are using the GNU C compiler
configure:10414: result: yes
configure:10423: checking whether arm-linux-uclibc-gcc -Os -pipe -march=armv6k -mtune=mpcore -mfloat-abi=softfp -mfpu=vfp -fno-caller-saves accepts -g
configure:10484: result: yes
configure:10501: checking for arm-linux-uclibc-gcc -Os -pipe -march=armv6k -mtune=mpcore -mfloat-abi=softfp -mfpu=vfp -fno-caller-saves option to accept ISO C89
configure:10578: result: none needed
configure:10640: checking for arm-linux-gcc
configure:10667: result: arm-linux-uclibc-gcc -Os -pipe -march=armv6k -mtune=mpcore -mfloat-abi=softfp -mfpu=vfp -fno-caller-saves
configure:10936: checking for C compiler version
configure:10945: arm-linux-uclibc-gcc -Os -pipe -march=armv6k -mtune=mpcore -mfloat-abi=softfp -mfpu=vfp -fno-caller-saves --version >&5
arm-linux-uclibc-gcc (Linaro GCC 4.5-2011.06-0) 4.5.4 20110526 (prerelease)
Copyright (C) 2010 Free Software Foundation, Inc.
This is free software; see the source for copying conditions.  There is NO
warranty; not even for MERCHANTABILITY or FITNESS FOR A PARTICULAR PURPOSE.

configure:10956: $? = 0
configure:10945: arm-linux-uclibc-gcc -Os -pipe -march=armv6k -mtune=mpcore -mfloat-abi=softfp -mfpu=vfp -fno-caller-saves -v >&5
Using built-in specs.
COLLECT_GCC=arm-linux-uclibc-gcc
COLLECT_LTO_WRAPPER=/home/xfs/toolchains/toolchain-arm_v6k_gcc-linaro_uClibc-0.9.32_eabi/bin/../libexec/gcc/arm-openwrt-linux-uclibcgnueabi/4.5.4/lto-wrapper
Target: arm-openwrt-linux-uclibcgnueabi
Configured with: /home/xfs/openwrt/trunk2/trunk/build_dir/toolchain-arm_v6k_gcc-linaro_uClibc-0.9.32_eabi/gcc-linaro-4.5-2011.06-0/configure --prefix=/home/xfs/openwrt/trunk2/trunk/staging_dir/toolchain-arm_v6k_gcc-linaro_uClibc-0.9.32_eabi --build=x86_64-suse-linux --host=x86_64-suse-linux --target=arm-openwrt-linux-uclibcgnueabi --with-gnu-ld --enable-target-optspace --disable-libgomp --disable-libmudflap --disable-multilib --disable-nls --with-gmp=/home/xfs/openwrt/trunk2/trunk/staging_dir/host --with-mpfr=/home/xfs/openwrt/trunk2/trunk/staging_dir/host --disable-decimal-float --with-mpc=/home/xfs/openwrt/trunk2/trunk/staging_dir/host --disable-libssp --disable-__cxa_atexit --with-arch=armv6k --enable-languages=c,c++ --enable-shared --enable-threads --with-slibdir=/home/xfs/openwrt/trunk2/trunk/staging_dir/toolchain-arm_v6k_gcc-linaro_uClibc-0.9.32_eabi/lib --enable-lto --with-libelf=/home/xfs/openwrt/trunk2/trunk/staging_dir/host --disable-tls
Thread model: posix
gcc version 4.5.4 20110526 (prerelease) (Linaro GCC 4.5-2011.06-0) 
configure:10956: $? = 0
configure:10945: arm-linux-uclibc-gcc -Os -pipe -march=armv6k -mtune=mpcore -mfloat-abi=softfp -mfpu=vfp -fno-caller-saves -V >&5
arm-linux-uclibc-gcc: '-V' must come at the start of the command line
configure:10956: $? = 1
configure:10945: arm-linux-uclibc-gcc -Os -pipe -march=armv6k -mtune=mpcore -mfloat-abi=softfp -mfpu=vfp -fno-caller-saves -qversion >&5
arm-linux-uclibc-gcc: unrecognized option '-qversion'
arm-linux-uclibc-gcc: no input files
configure:10956: $? = 1
configure:10960: checking whether we are using the GNU C compiler
configure:10988: result: yes
configure:10997: checking whether arm-linux-uclibc-gcc -Os -pipe -march=armv6k -mtune=mpcore -mfloat-abi=softfp -mfpu=vfp -fno-caller-saves accepts -g
configure:11058: result: yes
configure:11075: checking for arm-linux-uclibc-gcc -Os -pipe -march=armv6k -mtune=mpcore -mfloat-abi=softfp -mfpu=vfp -fno-caller-saves option to accept ISO C89
configure:11152: result: none needed
configure:11185: checking for gmake
configure:11204: found /usr/bin/gmake
configure:11216: result: /usr/bin/gmake
configure:11280: checking for tar
configure:11299: found /bin/tar
configure:11311: result: /bin/tar
configure:11325: checking for gzip
configure:11344: found /bin/gzip
configure:11356: result: /bin/gzip
configure:11369: checking whether gcc -MM is supported
configure:11385: result: yes
configure:11397: checking for awk
configure:11416: found /bin/awk
configure:11428: result: /bin/awk
configure:11535: checking for sort
configure:11554: found /bin/sort
configure:11566: result: /bin/sort
configure:11578: checking whether ln -s works
configure:11582: result: yes
configure:11754: checking for rpm
configure:11773: found /bin/rpm
configure:11785: result: /bin/rpm
configure:11804: checking for rpmbuild
configure:11822: found /usr/bin/rpmbuild
configure:11834: result: /usr/bin/rpmbuild
configure:11876: checking uuid.h usability
configure:11876: arm-linux-uclibc-gcc -Os -pipe -march=armv6k -mtune=mpcore -mfloat-abi=softfp -mfpu=vfp -fno-caller-saves -c -Os -D_LARGEFILE64_SOURCE -D_FILE_OFFSET_BITS=64 -D_GNU_SOURCE -I/home/seg/DEV/laguna/src/router/e2fsprogs/lib -DNEED_PRINTF  conftest.c >&5
conftest.c:54:18: fatal error: uuid.h: No such file or directory
compilation terminated.
configure:11876: $? = 1
configure: failed program was:
| /* confdefs.h */
| #define PACKAGE_NAME ""
| #define PACKAGE_TARNAME ""
| #define PACKAGE_VERSION ""
| #define PACKAGE_STRING ""
| #define PACKAGE_BUGREPORT ""
| #define PACKAGE_URL ""
| #define STDC_HEADERS 1
| #define HAVE_SYS_TYPES_H 1
| #define HAVE_SYS_STAT_H 1
| #define HAVE_STDLIB_H 1
| #define HAVE_STRING_H 1
| #define HAVE_MEMORY_H 1
| #define HAVE_STRINGS_H 1
| #define HAVE_INTTYPES_H 1
| #define HAVE_STDINT_H 1
| #define HAVE_UNISTD_H 1
| #define HAVE_DLFCN_H 1
| #define LT_OBJDIR ".libs/"
| /* end confdefs.h.  */
| #include <stdio.h>
| #ifdef HAVE_SYS_TYPES_H
| # include <sys/types.h>
| #endif
| #ifdef HAVE_SYS_STAT_H
| # include <sys/stat.h>
| #endif
| #ifdef STDC_HEADERS
| # include <stdlib.h>
| # include <stddef.h>
| #else
| # ifdef HAVE_STDLIB_H
| #  include <stdlib.h>
| # endif
| #endif
| #ifdef HAVE_STRING_H
| # if !defined STDC_HEADERS && defined HAVE_MEMORY_H
| #  include <memory.h>
| # endif
| # include <string.h>
| #endif
| #ifdef HAVE_STRINGS_H
| # include <strings.h>
| #endif
| #ifdef HAVE_INTTYPES_H
| # include <inttypes.h>
| #endif
| #ifdef HAVE_STDINT_H
| # include <stdint.h>
| #endif
| #ifdef HAVE_UNISTD_H
| # include <unistd.h>
| #endif
| #include <uuid.h>
configure:11876: result: no
configure:11876: checking uuid.h presence
configure:11876: arm-linux-uclibc-gcc -Os -pipe -march=armv6k -mtune=mpcore -mfloat-abi=softfp -mfpu=vfp -fno-caller-saves -E  conftest.c
conftest.c:21:18: fatal error: uuid.h: No such file or directory
compilation terminated.
configure:11876: $? = 1
configure: failed program was:
| /* confdefs.h */
| #define PACKAGE_NAME ""
| #define PACKAGE_TARNAME ""
| #define PACKAGE_VERSION ""
| #define PACKAGE_STRING ""
| #define PACKAGE_BUGREPORT ""
| #define PACKAGE_URL ""
| #define STDC_HEADERS 1
| #define HAVE_SYS_TYPES_H 1
| #define HAVE_SYS_STAT_H 1
| #define HAVE_STDLIB_H 1
| #define HAVE_STRING_H 1
| #define HAVE_MEMORY_H 1
| #define HAVE_STRINGS_H 1
| #define HAVE_INTTYPES_H 1
| #define HAVE_STDINT_H 1
| #define HAVE_UNISTD_H 1
| #define HAVE_DLFCN_H 1
| #define LT_OBJDIR ".libs/"
| /* end confdefs.h.  */
| #include <uuid.h>
configure:11876: result: no
configure:11876: checking for uuid.h
configure:11876: result: no
configure:11876: checking sys/uuid.h usability
configure:11876: arm-linux-uclibc-gcc -Os -pipe -march=armv6k -mtune=mpcore -mfloat-abi=softfp -mfpu=vfp -fno-caller-saves -c -Os -D_LARGEFILE64_SOURCE -D_FILE_OFFSET_BITS=64 -D_GNU_SOURCE -I/home/seg/DEV/laguna/src/router/e2fsprogs/lib -DNEED_PRINTF  conftest.c >&5
conftest.c:54:22: fatal error: sys/uuid.h: No such file or directory
compilation terminated.
configure:11876: $? = 1
configure: failed program was:
| /* confdefs.h */
| #define PACKAGE_NAME ""
| #define PACKAGE_TARNAME ""
| #define PACKAGE_VERSION ""
| #define PACKAGE_STRING ""
| #define PACKAGE_BUGREPORT ""
| #define PACKAGE_URL ""
| #define STDC_HEADERS 1
| #define HAVE_SYS_TYPES_H 1
| #define HAVE_SYS_STAT_H 1
| #define HAVE_STDLIB_H 1
| #define HAVE_STRING_H 1
| #define HAVE_MEMORY_H 1
| #define HAVE_STRINGS_H 1
| #define HAVE_INTTYPES_H 1
| #define HAVE_STDINT_H 1
| #define HAVE_UNISTD_H 1
| #define HAVE_DLFCN_H 1
| #define LT_OBJDIR ".libs/"
| /* end confdefs.h.  */
| #include <stdio.h>
| #ifdef HAVE_SYS_TYPES_H
| # include <sys/types.h>
| #endif
| #ifdef HAVE_SYS_STAT_H
| # include <sys/stat.h>
| #endif
| #ifdef STDC_HEADERS
| # include <stdlib.h>
| # include <stddef.h>
| #else
| # ifdef HAVE_STDLIB_H
| #  include <stdlib.h>
| # endif
| #endif
| #ifdef HAVE_STRING_H
| # if !defined STDC_HEADERS && defined HAVE_MEMORY_H
| #  include <memory.h>
| # endif
| # include <string.h>
| #endif
| #ifdef HAVE_STRINGS_H
| # include <strings.h>
| #endif
| #ifdef HAVE_INTTYPES_H
| # include <inttypes.h>
| #endif
| #ifdef HAVE_STDINT_H
| # include <stdint.h>
| #endif
| #ifdef HAVE_UNISTD_H
| # include <unistd.h>
| #endif
| #include <sys/uuid.h>
configure:11876: result: no
configure:11876: checking sys/uuid.h presence
configure:11876: arm-linux-uclibc-gcc -Os -pipe -march=armv6k -mtune=mpcore -mfloat-abi=softfp -mfpu=vfp -fno-caller-saves -E  conftest.c
conftest.c:21:22: fatal error: sys/uuid.h: No such file or directory
compilation terminated.
configure:11876: $? = 1
configure: failed program was:
| /* confdefs.h */
| #define PACKAGE_NAME ""
| #define PACKAGE_TARNAME ""
| #define PACKAGE_VERSION ""
| #define PACKAGE_STRING ""
| #define PACKAGE_BUGREPORT ""
| #define PACKAGE_URL ""
| #define STDC_HEADERS 1
| #define HAVE_SYS_TYPES_H 1
| #define HAVE_SYS_STAT_H 1
| #define HAVE_STDLIB_H 1
| #define HAVE_STRING_H 1
| #define HAVE_MEMORY_H 1
| #define HAVE_STRINGS_H 1
| #define HAVE_INTTYPES_H 1
| #define HAVE_STDINT_H 1
| #define HAVE_UNISTD_H 1
| #define HAVE_DLFCN_H 1
| #define LT_OBJDIR ".libs/"
| /* end confdefs.h.  */
| #include <sys/uuid.h>
configure:11876: result: no
configure:11876: checking for sys/uuid.h
configure:11876: result: no
configure:11876: checking uuid/uuid.h usability
configure:11876: arm-linux-uclibc-gcc -Os -pipe -march=armv6k -mtune=mpcore -mfloat-abi=softfp -mfpu=vfp -fno-caller-saves -c -Os -D_LARGEFILE64_SOURCE -D_FILE_OFFSET_BITS=64 -D_GNU_SOURCE -I/home/seg/DEV/laguna/src/router/e2fsprogs/lib -DNEED_PRINTF  conftest.c >&5
configure:11876: $? = 0
configure:11876: result: yes
configure:11876: checking uuid/uuid.h presence
configure:11876: arm-linux-uclibc-gcc -Os -pipe -march=armv6k -mtune=mpcore -mfloat-abi=softfp -mfpu=vfp -fno-caller-saves -E  conftest.c
conftest.c:21:23: fatal error: uuid/uuid.h: No such file or directory
compilation terminated.
configure:11876: $? = 1
configure: failed program was:
| /* confdefs.h */
| #define PACKAGE_NAME ""
| #define PACKAGE_TARNAME ""
| #define PACKAGE_VERSION ""
| #define PACKAGE_STRING ""
| #define PACKAGE_BUGREPORT ""
| #define PACKAGE_URL ""
| #define STDC_HEADERS 1
| #define HAVE_SYS_TYPES_H 1
| #define HAVE_SYS_STAT_H 1
| #define HAVE_STDLIB_H 1
| #define HAVE_STRING_H 1
| #define HAVE_MEMORY_H 1
| #define HAVE_STRINGS_H 1
| #define HAVE_INTTYPES_H 1
| #define HAVE_STDINT_H 1
| #define HAVE_UNISTD_H 1
| #define HAVE_DLFCN_H 1
| #define LT_OBJDIR ".libs/"
| /* end confdefs.h.  */
| #include <uuid/uuid.h>
configure:11876: result: no
configure:11876: WARNING: uuid/uuid.h: accepted by the compiler, rejected by the preprocessor!
configure:11876: WARNING: uuid/uuid.h: proceeding with the compiler's result
configure:11876: checking for uuid/uuid.h
configure:11876: result: yes
configure:11897: checking for uuid_compare
configure:11897: arm-linux-uclibc-gcc -Os -pipe -march=armv6k -mtune=mpcore -mfloat-abi=softfp -mfpu=vfp -fno-caller-saves -o conftest -Os -D_LARGEFILE64_SOURCE -D_FILE_OFFSET_BITS=64 -D_GNU_SOURCE -I/home/seg/DEV/laguna/src/router/e2fsprogs/lib -DNEED_PRINTF  -L/home/seg/DEV/laguna/src/router/e2fsprogs/lib/uuid conftest.c  >&5
/tmp/ccCXGWF6.o: In function `main':
conftest.c:(.text+0x4): undefined reference to `uuid_compare'
collect2: ld returned 1 exit status
configure:11897: $? = 1
configure: failed program was:
| /* confdefs.h */
| #define PACKAGE_NAME ""
| #define PACKAGE_TARNAME ""
| #define PACKAGE_VERSION ""
| #define PACKAGE_STRING ""
| #define PACKAGE_BUGREPORT ""
| #define PACKAGE_URL ""
| #define STDC_HEADERS 1
| #define HAVE_SYS_TYPES_H 1
| #define HAVE_SYS_STAT_H 1
| #define HAVE_STDLIB_H 1
| #define HAVE_STRING_H 1
| #define HAVE_MEMORY_H 1
| #define HAVE_STRINGS_H 1
| #define HAVE_INTTYPES_H 1
| #define HAVE_STDINT_H 1
| #define HAVE_UNISTD_H 1
| #define HAVE_DLFCN_H 1
| #define LT_OBJDIR ".libs/"
| #define HAVE_UUID_UUID_H 1
| /* end confdefs.h.  */
| /* Define uuid_compare to an innocuous variant, in case <limits.h> declares uuid_compare.
|    For example, HP-UX 11i <limits.h> declares gettimeofday.  */
| #define uuid_compare innocuous_uuid_compare
| 
| /* System header to define __stub macros and hopefully few prototypes,
|     which can conflict with char uuid_compare (); below.
|     Prefer <limits.h> to <assert.h> if __STDC__ is defined, since
|     <limits.h> exists even on freestanding compilers.  */
| 
| #ifdef __STDC__
| # include <limits.h>
| #else
| # include <assert.h>
| #endif
| 
| #undef uuid_compare
| 
| /* Override any GCC internal prototype to avoid an error.
|    Use char because int might match the return type of a GCC
|    builtin and then its argument prototype would still apply.  */
| #ifdef __cplusplus
| extern "C"
| #endif
| char uuid_compare ();
| /* The GNU C library defines this for functions which it implements
|     to always fail with ENOSYS.  Some functions are actually named
|     something starting with __ and the normal name is an alias.  */
| #if defined __stub_uuid_compare || defined __stub___uuid_compare
| choke me
| #endif
| 
| int
| main ()
| {
| return uuid_compare ();
|   ;
|   return 0;
| }
configure:11897: result: no
configure:11909: checking for uuid_compare in -luuid
configure:11934: arm-linux-uclibc-gcc -Os -pipe -march=armv6k -mtune=mpcore -mfloat-abi=softfp -mfpu=vfp -fno-caller-saves -o conftest -Os -D_LARGEFILE64_SOURCE -D_FILE_OFFSET_BITS=64 -D_GNU_SOURCE -I/home/seg/DEV/laguna/src/router/e2fsprogs/lib -DNEED_PRINTF  -L/home/seg/DEV/laguna/src/router/e2fsprogs/lib/uuid conftest.c -luuid   >&5
configure:11934: $? = 0
configure:11943: result: yes
configure:11967: checking pthread.h usability
configure:11967: arm-linux-uclibc-gcc -Os -pipe -march=armv6k -mtune=mpcore -mfloat-abi=softfp -mfpu=vfp -fno-caller-saves -c -Os -D_LARGEFILE64_SOURCE -D_FILE_OFFSET_BITS=64 -D_GNU_SOURCE -I/home/seg/DEV/laguna/src/router/e2fsprogs/lib -DNEED_PRINTF  conftest.c >&5
configure:11967: $? = 0
configure:11967: result: yes
configure:11967: checking pthread.h presence
configure:11967: arm-linux-uclibc-gcc -Os -pipe -march=armv6k -mtune=mpcore -mfloat-abi=softfp -mfpu=vfp -fno-caller-saves -E  conftest.c
configure:11967: $? = 0
configure:11967: result: yes
configure:11967: checking for pthread.h
configure:11967: result: yes
configure:11997: checking for pthread_mutex_init in -lpthread
configure:12022: arm-linux-uclibc-gcc -Os -pipe -march=armv6k -mtune=mpcore -mfloat-abi=softfp -mfpu=vfp -fno-caller-saves -o conftest -Os -D_LARGEFILE64_SOURCE -D_FILE_OFFSET_BITS=64 -D_GNU_SOURCE -I/home/seg/DEV/laguna/src/router/e2fsprogs/lib -DNEED_PRINTF  -L/home/seg/DEV/laguna/src/router/e2fsprogs/lib/uuid conftest.c -lpthread  -luuid  >&5
configure:12022: $? = 0
configure:12031: result: yes
configure:12052: checking for fadvise 
configure:12071: arm-linux-uclibc-gcc -Os -pipe -march=armv6k -mtune=mpcore -mfloat-abi=softfp -mfpu=vfp -fno-caller-saves -c -Os -D_LARGEFILE64_SOURCE -D_FILE_OFFSET_BITS=64 -D_GNU_SOURCE -I/home/seg/DEV/laguna/src/router/e2fsprogs/lib -DNEED_PRINTF  conftest.c >&5
conftest.c:26:0: warning: "_GNU_SOURCE" redefined
<command-line>:0:0: note: this is the location of the previous definition
configure:12071: $? = 0
configure:12073: result: yes
configure:12082: checking for madvise 
configure:12101: arm-linux-uclibc-gcc -Os -pipe -march=armv6k -mtune=mpcore -mfloat-abi=softfp -mfpu=vfp -fno-caller-saves -c -Os -D_LARGEFILE64_SOURCE -D_FILE_OFFSET_BITS=64 -D_GNU_SOURCE -I/home/seg/DEV/laguna/src/router/e2fsprogs/lib -DNEED_PRINTF  conftest.c >&5
conftest.c:26:0: warning: "_GNU_SOURCE" redefined
<command-line>:0:0: note: this is the location of the previous definition
configure:12101: $? = 0
configure:12103: result: yes
configure:12112: checking for mincore 
configure:12131: arm-linux-uclibc-gcc -Os -pipe -march=armv6k -mtune=mpcore -mfloat-abi=softfp -mfpu=vfp -fno-caller-saves -c -Os -D_LARGEFILE64_SOURCE -D_FILE_OFFSET_BITS=64 -D_GNU_SOURCE -I/home/seg/DEV/laguna/src/router/e2fsprogs/lib -DNEED_PRINTF  conftest.c >&5
conftest.c:26:0: warning: "_GNU_SOURCE" redefined
<command-line>:0:0: note: this is the location of the previous definition
configure:12131: $? = 0
configure:12133: result: yes
configure:12142: checking for sendfile 
configure:12161: arm-linux-uclibc-gcc -Os -pipe -march=armv6k -mtune=mpcore -mfloat-abi=softfp -mfpu=vfp -fno-caller-saves -c -Os -D_LARGEFILE64_SOURCE -D_FILE_OFFSET_BITS=64 -D_GNU_SOURCE -I/home/seg/DEV/laguna/src/router/e2fsprogs/lib -DNEED_PRINTF  conftest.c >&5
conftest.c:26:0: warning: "_GNU_SOURCE" redefined
<command-line>:0:0: note: this is the location of the previous definition
configure:12161: $? = 0
configure:12163: result: yes
configure:12172: checking for getmntent 
configure:12190: arm-linux-uclibc-gcc -Os -pipe -march=armv6k -mtune=mpcore -mfloat-abi=softfp -mfpu=vfp -fno-caller-saves -c -Os -D_LARGEFILE64_SOURCE -D_FILE_OFFSET_BITS=64 -D_GNU_SOURCE -I/home/seg/DEV/laguna/src/router/e2fsprogs/lib -DNEED_PRINTF  conftest.c >&5
configure:12190: $? = 0
configure:12192: result: yes
configure:12201: checking for getmntinfo 
configure:12220: arm-linux-uclibc-gcc -Os -pipe -march=armv6k -mtune=mpcore -mfloat-abi=softfp -mfpu=vfp -fno-caller-saves -c -Os -D_LARGEFILE64_SOURCE -D_FILE_OFFSET_BITS=64 -D_GNU_SOURCE -I/home/seg/DEV/laguna/src/router/e2fsprogs/lib -DNEED_PRINTF  conftest.c >&5
conftest.c:27:23: fatal error: sys/ucred.h: No such file or directory
compilation terminated.
configure:12220: $? = 1
configure: failed program was:
| /* confdefs.h */
| #define PACKAGE_NAME ""
| #define PACKAGE_TARNAME ""
| #define PACKAGE_VERSION ""
| #define PACKAGE_STRING ""
| #define PACKAGE_BUGREPORT ""
| #define PACKAGE_URL ""
| #define STDC_HEADERS 1
| #define HAVE_SYS_TYPES_H 1
| #define HAVE_SYS_STAT_H 1
| #define HAVE_STDLIB_H 1
| #define HAVE_STRING_H 1
| #define HAVE_MEMORY_H 1
| #define HAVE_STRINGS_H 1
| #define HAVE_INTTYPES_H 1
| #define HAVE_STDINT_H 1
| #define HAVE_UNISTD_H 1
| #define HAVE_DLFCN_H 1
| #define LT_OBJDIR ".libs/"
| #define HAVE_UUID_UUID_H 1
| #define HAVE_LIBUUID 1
| #define HAVE_PTHREAD_H 1
| #define HAVE_LIBPTHREAD 1
| /* end confdefs.h.  */
| 
| #include <sys/param.h>
| #include <sys/ucred.h>
| #include <sys/mount.h>
| 
| int
| main ()
| {
| 
|          getmntinfo(0, 0);
| 
|   ;
|   return 0;
| }
configure:12225: result: no
configure:12231: checking for fallocate
configure:12251: arm-linux-uclibc-gcc -Os -pipe -march=armv6k -mtune=mpcore -mfloat-abi=softfp -mfpu=vfp -fno-caller-saves -o conftest -Os -D_LARGEFILE64_SOURCE -D_FILE_OFFSET_BITS=64 -D_GNU_SOURCE -I/home/seg/DEV/laguna/src/router/e2fsprogs/lib -DNEED_PRINTF  -L/home/seg/DEV/laguna/src/router/e2fsprogs/lib/uuid conftest.c -lpthread -luuid  >&5
conftest.c:26:0: warning: "_GNU_SOURCE" redefined
<command-line>:0:0: note: this is the location of the previous definition
/tmp/ccHWZAed.o: In function `main':
conftest.c:(.text+0x14): undefined reference to `fallocate'
collect2: ld returned 1 exit status
configure:12251: $? = 1
configure: failed program was:
| /* confdefs.h */
| #define PACKAGE_NAME ""
| #define PACKAGE_TARNAME ""
| #define PACKAGE_VERSION ""
| #define PACKAGE_STRING ""
| #define PACKAGE_BUGREPORT ""
| #define PACKAGE_URL ""
| #define STDC_HEADERS 1
| #define HAVE_SYS_TYPES_H 1
| #define HAVE_SYS_STAT_H 1
| #define HAVE_STDLIB_H 1
| #define HAVE_STRING_H 1
| #define HAVE_MEMORY_H 1
| #define HAVE_STRINGS_H 1
| #define HAVE_INTTYPES_H 1
| #define HAVE_STDINT_H 1
| #define HAVE_UNISTD_H 1
| #define HAVE_DLFCN_H 1
| #define LT_OBJDIR ".libs/"
| #define HAVE_UUID_UUID_H 1
| #define HAVE_LIBUUID 1
| #define HAVE_PTHREAD_H 1
| #define HAVE_LIBPTHREAD 1
| /* end confdefs.h.  */
| 
| #define _GNU_SOURCE
| #define _FILE_OFFSET_BITS 64
| #include <fcntl.h>
| #include <linux/falloc.h>
| 
| int
| main ()
| {
| 
|          fallocate(0, 0, 0, 0);
| 
|   ;
|   return 0;
| }
configure:12256: result: no
configure:12265: checking linux/fiemap.h usability
configure:12265: arm-linux-uclibc-gcc -Os -pipe -march=armv6k -mtune=mpcore -mfloat-abi=softfp -mfpu=vfp -fno-caller-saves -c -Os -D_LARGEFILE64_SOURCE -D_FILE_OFFSET_BITS=64 -D_GNU_SOURCE -I/home/seg/DEV/laguna/src/router/e2fsprogs/lib -DNEED_PRINTF  conftest.c >&5
configure:12265: $? = 0
configure:12265: result: yes
configure:12265: checking linux/fiemap.h presence
configure:12265: arm-linux-uclibc-gcc -Os -pipe -march=armv6k -mtune=mpcore -mfloat-abi=softfp -mfpu=vfp -fno-caller-saves -E  conftest.c
configure:12265: $? = 0
configure:12265: result: yes
configure:12265: checking for linux/fiemap.h
configure:12265: result: yes
configure:12282: checking for library containing blkid_probe_all
configure:12313: arm-linux-uclibc-gcc -Os -pipe -march=armv6k -mtune=mpcore -mfloat-abi=softfp -mfpu=vfp -fno-caller-saves -o conftest -Os -D_LARGEFILE64_SOURCE -D_FILE_OFFSET_BITS=64 -D_GNU_SOURCE -I/home/seg/DEV/laguna/src/router/e2fsprogs/lib -DNEED_PRINTF  -L/home/seg/DEV/laguna/src/router/e2fsprogs/lib/uuid conftest.c -lpthread -luuid  >&5
/tmp/ccxuFizH.o: In function `main':
conftest.c:(.text+0x4): undefined reference to `blkid_probe_all'
collect2: ld returned 1 exit status
configure:12313: $? = 1
configure: failed program was:
| /* confdefs.h */
| #define PACKAGE_NAME ""
| #define PACKAGE_TARNAME ""
| #define PACKAGE_VERSION ""
| #define PACKAGE_STRING ""
| #define PACKAGE_BUGREPORT ""
| #define PACKAGE_URL ""
| #define STDC_HEADERS 1
| #define HAVE_SYS_TYPES_H 1
| #define HAVE_SYS_STAT_H 1
| #define HAVE_STDLIB_H 1
| #define HAVE_STRING_H 1
| #define HAVE_MEMORY_H 1
| #define HAVE_STRINGS_H 1
| #define HAVE_INTTYPES_H 1
| #define HAVE_STDINT_H 1
| #define HAVE_UNISTD_H 1
| #define HAVE_DLFCN_H 1
| #define LT_OBJDIR ".libs/"
| #define HAVE_UUID_UUID_H 1
| #define HAVE_LIBUUID 1
| #define HAVE_PTHREAD_H 1
| #define HAVE_LIBPTHREAD 1
| #define HAVE_LINUX_FIEMAP_H 1
| /* end confdefs.h.  */
| 
| /* Override any GCC internal prototype to avoid an error.
|    Use char because int might match the return type of a GCC
|    builtin and then its argument prototype would still apply.  */
| #ifdef __cplusplus
| extern "C"
| #endif
| char blkid_probe_all ();
| int
| main ()
| {
| return blkid_probe_all ();
|   ;
|   return 0;
| }
configure:12313: arm-linux-uclibc-gcc -Os -pipe -march=armv6k -mtune=mpcore -mfloat-abi=softfp -mfpu=vfp -fno-caller-saves -o conftest -Os -D_LARGEFILE64_SOURCE -D_FILE_OFFSET_BITS=64 -D_GNU_SOURCE -I/home/seg/DEV/laguna/src/router/e2fsprogs/lib -DNEED_PRINTF  -L/home/seg/DEV/laguna/src/router/e2fsprogs/lib/uuid conftest.c -lblkid  -lpthread -luuid  >&5
/home/xfs/toolchains/toolchain-arm_v6k_gcc-linaro_uClibc-0.9.32_eabi/bin/../lib/gcc/arm-openwrt-linux-uclibcgnueabi/4.5.4/../../../../arm-openwrt-linux-uclibcgnueabi/bin/ld: cannot find -lblkid
collect2: ld returned 1 exit status
configure:12313: $? = 1
configure: failed program was:
| /* confdefs.h */
| #define PACKAGE_NAME ""
| #define PACKAGE_TARNAME ""
| #define PACKAGE_VERSION ""
| #define PACKAGE_STRING ""
| #define PACKAGE_BUGREPORT ""
| #define PACKAGE_URL ""
| #define STDC_HEADERS 1
| #define HAVE_SYS_TYPES_H 1
| #define HAVE_SYS_STAT_H 1
| #define HAVE_STDLIB_H 1
| #define HAVE_STRING_H 1
| #define HAVE_MEMORY_H 1
| #define HAVE_STRINGS_H 1
| #define HAVE_INTTYPES_H 1
| #define HAVE_STDINT_H 1
| #define HAVE_UNISTD_H 1
| #define HAVE_DLFCN_H 1
| #define LT_OBJDIR ".libs/"
| #define HAVE_UUID_UUID_H 1
| #define HAVE_LIBUUID 1
| #define HAVE_PTHREAD_H 1
| #define HAVE_LIBPTHREAD 1
| #define HAVE_LINUX_FIEMAP_H 1
| /* end confdefs.h.  */
| 
| /* Override any GCC internal prototype to avoid an error.
|    Use char because int might match the return type of a GCC
|    builtin and then its argument prototype would still apply.  */
| #ifdef __cplusplus
| extern "C"
| #endif
| char blkid_probe_all ();
| int
| main ()
| {
| return blkid_probe_all ();
|   ;
|   return 0;
| }
configure:12330: result: no
configure:12340: checking for blkid_probe_get_topology
configure:12340: arm-linux-uclibc-gcc -Os -pipe -march=armv6k -mtune=mpcore -mfloat-abi=softfp -mfpu=vfp -fno-caller-saves -o conftest -Os -D_LARGEFILE64_SOURCE -D_FILE_OFFSET_BITS=64 -D_GNU_SOURCE -I/home/seg/DEV/laguna/src/router/e2fsprogs/lib -DNEED_PRINTF  -L/home/seg/DEV/laguna/src/router/e2fsprogs/lib/uuid conftest.c -lpthread -luuid  >&5
/tmp/cc4dsrq7.o: In function `main':
conftest.c:(.text+0x4): undefined reference to `blkid_probe_get_topology'
collect2: ld returned 1 exit status
configure:12340: $? = 1
configure: failed program was:
| /* confdefs.h */
| #define PACKAGE_NAME ""
| #define PACKAGE_TARNAME ""
| #define PACKAGE_VERSION ""
| #define PACKAGE_STRING ""
| #define PACKAGE_BUGREPORT ""
| #define PACKAGE_URL ""
| #define STDC_HEADERS 1
| #define HAVE_SYS_TYPES_H 1
| #define HAVE_SYS_STAT_H 1
| #define HAVE_STDLIB_H 1
| #define HAVE_STRING_H 1
| #define HAVE_MEMORY_H 1
| #define HAVE_STRINGS_H 1
| #define HAVE_INTTYPES_H 1
| #define HAVE_STDINT_H 1
| #define HAVE_UNISTD_H 1
| #define HAVE_DLFCN_H 1
| #define LT_OBJDIR ".libs/"
| #define HAVE_UUID_UUID_H 1
| #define HAVE_LIBUUID 1
| #define HAVE_PTHREAD_H 1
| #define HAVE_LIBPTHREAD 1
| #define HAVE_LINUX_FIEMAP_H 1
| /* end confdefs.h.  */
| /* Define blkid_probe_get_topology to an innocuous variant, in case <limits.h> declares blkid_probe_get_topology.
|    For example, HP-UX 11i <limits.h> declares gettimeofday.  */
| #define blkid_probe_get_topology innocuous_blkid_probe_get_topology
| 
| /* System header to define __stub macros and hopefully few prototypes,
|     which can conflict with char blkid_probe_get_topology (); below.
|     Prefer <limits.h> to <assert.h> if __STDC__ is defined, since
|     <limits.h> exists even on freestanding compilers.  */
| 
| #ifdef __STDC__
| # include <limits.h>
| #else
| # include <assert.h>
| #endif
| 
| #undef blkid_probe_get_topology
| 
| /* Override any GCC internal prototype to avoid an error.
|    Use char because int might match the return type of a GCC
|    builtin and then its argument prototype would still apply.  */
| #ifdef __cplusplus
| extern "C"
| #endif
| char blkid_probe_get_topology ();
| /* The GNU C library defines this for functions which it implements
|     to always fail with ENOSYS.  Some functions are actually named
|     something starting with __ and the normal name is an alias.  */
| #if defined __stub_blkid_probe_get_topology || defined __stub___blkid_probe_get_topology
| choke me
| #endif
| 
| int
| main ()
| {
| return blkid_probe_get_topology ();
|   ;
|   return 0;
| }
configure:12340: result: no
configure:12360: checking for __psint_t 
configure:12379: arm-linux-uclibc-gcc -Os -pipe -march=armv6k -mtune=mpcore -mfloat-abi=softfp -mfpu=vfp -fno-caller-saves -c -Os -D_LARGEFILE64_SOURCE -D_FILE_OFFSET_BITS=64 -D_GNU_SOURCE -I/home/seg/DEV/laguna/src/router/e2fsprogs/lib -DNEED_PRINTF  conftest.c >&5
conftest.c: In function 'main':
conftest.c:35:10: error: '__psint_t' undeclared (first use in this function)
conftest.c:35:10: note: each undeclared identifier is reported only once for each function it appears in
conftest.c:35:21: error: expected ';' before 'psint'
configure:12379: $? = 1
configure: failed program was:
| /* confdefs.h */
| #define PACKAGE_NAME ""
| #define PACKAGE_TARNAME ""
| #define PACKAGE_VERSION ""
| #define PACKAGE_STRING ""
| #define PACKAGE_BUGREPORT ""
| #define PACKAGE_URL ""
| #define STDC_HEADERS 1
| #define HAVE_SYS_TYPES_H 1
| #define HAVE_SYS_STAT_H 1
| #define HAVE_STDLIB_H 1
| #define HAVE_STRING_H 1
| #define HAVE_MEMORY_H 1
| #define HAVE_STRINGS_H 1
| #define HAVE_INTTYPES_H 1
| #define HAVE_STDINT_H 1
| #define HAVE_UNISTD_H 1
| #define HAVE_DLFCN_H 1
| #define LT_OBJDIR ".libs/"
| #define HAVE_UUID_UUID_H 1
| #define HAVE_LIBUUID 1
| #define HAVE_PTHREAD_H 1
| #define HAVE_LIBPTHREAD 1
| #define HAVE_LINUX_FIEMAP_H 1
| /* end confdefs.h.  */
| 
| #include <sys/types.h>
| #include <stdlib.h>
| #include <stddef.h>
| 
| int
| main ()
| {
| 
|          __psint_t  psint;
| 
|   ;
|   return 0;
| }
configure:12385: result: no
configure:12390: checking for __psunsigned_t 
configure:12409: arm-linux-uclibc-gcc -Os -pipe -march=armv6k -mtune=mpcore -mfloat-abi=softfp -mfpu=vfp -fno-caller-saves -c -Os -D_LARGEFILE64_SOURCE -D_FILE_OFFSET_BITS=64 -D_GNU_SOURCE -I/home/seg/DEV/laguna/src/router/e2fsprogs/lib -DNEED_PRINTF  conftest.c >&5
conftest.c: In function 'main':
conftest.c:35:9: error: '__psunsigned_t' undeclared (first use in this function)
conftest.c:35:9: note: each undeclared identifier is reported only once for each function it appears in
conftest.c:35:25: error: expected ';' before 'psuint'
configure:12409: $? = 1
configure: failed program was:
| /* confdefs.h */
| #define PACKAGE_NAME ""
| #define PACKAGE_TARNAME ""
| #define PACKAGE_VERSION ""
| #define PACKAGE_STRING ""
| #define PACKAGE_BUGREPORT ""
| #define PACKAGE_URL ""
| #define STDC_HEADERS 1
| #define HAVE_SYS_TYPES_H 1
| #define HAVE_SYS_STAT_H 1
| #define HAVE_STDLIB_H 1
| #define HAVE_STRING_H 1
| #define HAVE_MEMORY_H 1
| #define HAVE_STRINGS_H 1
| #define HAVE_INTTYPES_H 1
| #define HAVE_STDINT_H 1
| #define HAVE_UNISTD_H 1
| #define HAVE_DLFCN_H 1
| #define LT_OBJDIR ".libs/"
| #define HAVE_UUID_UUID_H 1
| #define HAVE_LIBUUID 1
| #define HAVE_PTHREAD_H 1
| #define HAVE_LIBPTHREAD 1
| #define HAVE_LINUX_FIEMAP_H 1
| /* end confdefs.h.  */
| 
| #include <sys/types.h>
| #include <stdlib.h>
| #include <stddef.h>
| 
| int
| main ()
| {
| 
|         __psunsigned_t  psuint;
| 
|   ;
|   return 0;
| }
configure:12415: result: no
configure:12420: checking for __u32 
configure:12439: arm-linux-uclibc-gcc -Os -pipe -march=armv6k -mtune=mpcore -mfloat-abi=softfp -mfpu=vfp -fno-caller-saves -c -Os -D_LARGEFILE64_SOURCE -D_FILE_OFFSET_BITS=64 -D_GNU_SOURCE -I/home/seg/DEV/laguna/src/router/e2fsprogs/lib -DNEED_PRINTF  conftest.c >&5
configure:12439: $? = 0
configure:12442: result: yes
configure:12451: WARNING: Cross compiling; assuming 32bit long and 32bit pointers
configure:12458: checking size of long
configure:12463: arm-linux-uclibc-gcc -Os -pipe -march=armv6k -mtune=mpcore -mfloat-abi=softfp -mfpu=vfp -fno-caller-saves -c -Os -D_LARGEFILE64_SOURCE -D_FILE_OFFSET_BITS=64 -D_GNU_SOURCE -I/home/seg/DEV/laguna/src/router/e2fsprogs/lib -DNEED_PRINTF  conftest.c >&5
configure:12463: $? = 0
configure:12463: arm-linux-uclibc-gcc -Os -pipe -march=armv6k -mtune=mpcore -mfloat-abi=softfp -mfpu=vfp -fno-caller-saves -c -Os -D_LARGEFILE64_SOURCE -D_FILE_OFFSET_BITS=64 -D_GNU_SOURCE -I/home/seg/DEV/laguna/src/router/e2fsprogs/lib -DNEED_PRINTF  conftest.c >&5
conftest.c: In function 'main':
conftest.c:63:12: error: size of array 'test_array' is negative
configure:12463: $? = 1
configure: failed program was:
| /* confdefs.h */
| #define PACKAGE_NAME ""
| #define PACKAGE_TARNAME ""
| #define PACKAGE_VERSION ""
| #define PACKAGE_STRING ""
| #define PACKAGE_BUGREPORT ""
| #define PACKAGE_URL ""
| #define STDC_HEADERS 1
| #define HAVE_SYS_TYPES_H 1
| #define HAVE_SYS_STAT_H 1
| #define HAVE_STDLIB_H 1
| #define HAVE_STRING_H 1
| #define HAVE_MEMORY_H 1
| #define HAVE_STRINGS_H 1
| #define HAVE_INTTYPES_H 1
| #define HAVE_STDINT_H 1
| #define HAVE_UNISTD_H 1
| #define HAVE_DLFCN_H 1
| #define LT_OBJDIR ".libs/"
| #define HAVE_UUID_UUID_H 1
| #define HAVE_LIBUUID 1
| #define HAVE_PTHREAD_H 1
| #define HAVE_LIBPTHREAD 1
| #define HAVE_LINUX_FIEMAP_H 1
| #define HAVE___U32 1
| /* end confdefs.h.  */
| #include <stdio.h>
| #ifdef HAVE_SYS_TYPES_H
| # include <sys/types.h>
| #endif
| #ifdef HAVE_SYS_STAT_H
| # include <sys/stat.h>
| #endif
| #ifdef STDC_HEADERS
| # include <stdlib.h>
| # include <stddef.h>
| #else
| # ifdef HAVE_STDLIB_H
| #  include <stdlib.h>
| # endif
| #endif
| #ifdef HAVE_STRING_H
| # if !defined STDC_HEADERS && defined HAVE_MEMORY_H
| #  include <memory.h>
| # endif
| # include <string.h>
| #endif
| #ifdef HAVE_STRINGS_H
| # include <strings.h>
| #endif
| #ifdef HAVE_INTTYPES_H
| # include <inttypes.h>
| #endif
| #ifdef HAVE_STDINT_H
| # include <stdint.h>
| #endif
| #ifdef HAVE_UNISTD_H
| # include <unistd.h>
| #endif
| int
| main ()
| {
| static int test_array [1 - 2 * !(((long int) (sizeof (long))) <= 0)];
| test_array [0] = 0
| 
|   ;
|   return 0;
| }
configure:12463: arm-linux-uclibc-gcc -Os -pipe -march=armv6k -mtune=mpcore -mfloat-abi=softfp -mfpu=vfp -fno-caller-saves -c -Os -D_LARGEFILE64_SOURCE -D_FILE_OFFSET_BITS=64 -D_GNU_SOURCE -I/home/seg/DEV/laguna/src/router/e2fsprogs/lib -DNEED_PRINTF  conftest.c >&5
conftest.c: In function 'main':
conftest.c:63:12: error: size of array 'test_array' is negative
configure:12463: $? = 1
configure: failed program was:
| /* confdefs.h */
| #define PACKAGE_NAME ""
| #define PACKAGE_TARNAME ""
| #define PACKAGE_VERSION ""
| #define PACKAGE_STRING ""
| #define PACKAGE_BUGREPORT ""
| #define PACKAGE_URL ""
| #define STDC_HEADERS 1
| #define HAVE_SYS_TYPES_H 1
| #define HAVE_SYS_STAT_H 1
| #define HAVE_STDLIB_H 1
| #define HAVE_STRING_H 1
| #define HAVE_MEMORY_H 1
| #define HAVE_STRINGS_H 1
| #define HAVE_INTTYPES_H 1
| #define HAVE_STDINT_H 1
| #define HAVE_UNISTD_H 1
| #define HAVE_DLFCN_H 1
| #define LT_OBJDIR ".libs/"
| #define HAVE_UUID_UUID_H 1
| #define HAVE_LIBUUID 1
| #define HAVE_PTHREAD_H 1
| #define HAVE_LIBPTHREAD 1
| #define HAVE_LINUX_FIEMAP_H 1
| #define HAVE___U32 1
| /* end confdefs.h.  */
| #include <stdio.h>
| #ifdef HAVE_SYS_TYPES_H
| # include <sys/types.h>
| #endif
| #ifdef HAVE_SYS_STAT_H
| # include <sys/stat.h>
| #endif
| #ifdef STDC_HEADERS
| # include <stdlib.h>
| # include <stddef.h>
| #else
| # ifdef HAVE_STDLIB_H
| #  include <stdlib.h>
| # endif
| #endif
| #ifdef HAVE_STRING_H
| # if !defined STDC_HEADERS && defined HAVE_MEMORY_H
| #  include <memory.h>
| # endif
| # include <string.h>
| #endif
| #ifdef HAVE_STRINGS_H
| # include <strings.h>
| #endif
| #ifdef HAVE_INTTYPES_H
| # include <inttypes.h>
| #endif
| #ifdef HAVE_STDINT_H
| # include <stdint.h>
| #endif
| #ifdef HAVE_UNISTD_H
| # include <unistd.h>
| #endif
| int
| main ()
| {
| static int test_array [1 - 2 * !(((long int) (sizeof (long))) <= 1)];
| test_array [0] = 0
| 
|   ;
|   return 0;
| }
configure:12463: arm-linux-uclibc-gcc -Os -pipe -march=armv6k -mtune=mpcore -mfloat-abi=softfp -mfpu=vfp -fno-caller-saves -c -Os -D_LARGEFILE64_SOURCE -D_FILE_OFFSET_BITS=64 -D_GNU_SOURCE -I/home/seg/DEV/laguna/src/router/e2fsprogs/lib -DNEED_PRINTF  conftest.c >&5
conftest.c: In function 'main':
conftest.c:63:12: error: size of array 'test_array' is negative
configure:12463: $? = 1
configure: failed program was:
| /* confdefs.h */
| #define PACKAGE_NAME ""
| #define PACKAGE_TARNAME ""
| #define PACKAGE_VERSION ""
| #define PACKAGE_STRING ""
| #define PACKAGE_BUGREPORT ""
| #define PACKAGE_URL ""
| #define STDC_HEADERS 1
| #define HAVE_SYS_TYPES_H 1
| #define HAVE_SYS_STAT_H 1
| #define HAVE_STDLIB_H 1
| #define HAVE_STRING_H 1
| #define HAVE_MEMORY_H 1
| #define HAVE_STRINGS_H 1
| #define HAVE_INTTYPES_H 1
| #define HAVE_STDINT_H 1
| #define HAVE_UNISTD_H 1
| #define HAVE_DLFCN_H 1
| #define LT_OBJDIR ".libs/"
| #define HAVE_UUID_UUID_H 1
| #define HAVE_LIBUUID 1
| #define HAVE_PTHREAD_H 1
| #define HAVE_LIBPTHREAD 1
| #define HAVE_LINUX_FIEMAP_H 1
| #define HAVE___U32 1
| /* end confdefs.h.  */
| #include <stdio.h>
| #ifdef HAVE_SYS_TYPES_H
| # include <sys/types.h>
| #endif
| #ifdef HAVE_SYS_STAT_H
| # include <sys/stat.h>
| #endif
| #ifdef STDC_HEADERS
| # include <stdlib.h>
| # include <stddef.h>
| #else
| # ifdef HAVE_STDLIB_H
| #  include <stdlib.h>
| # endif
| #endif
| #ifdef HAVE_STRING_H
| # if !defined STDC_HEADERS && defined HAVE_MEMORY_H
| #  include <memory.h>
| # endif
| # include <string.h>
| #endif
| #ifdef HAVE_STRINGS_H
| # include <strings.h>
| #endif
| #ifdef HAVE_INTTYPES_H
| # include <inttypes.h>
| #endif
| #ifdef HAVE_STDINT_H
| # include <stdint.h>
| #endif
| #ifdef HAVE_UNISTD_H
| # include <unistd.h>
| #endif
| int
| main ()
| {
| static int test_array [1 - 2 * !(((long int) (sizeof (long))) <= 3)];
| test_array [0] = 0
| 
|   ;
|   return 0;
| }
configure:12463: arm-linux-uclibc-gcc -Os -pipe -march=armv6k -mtune=mpcore -mfloat-abi=softfp -mfpu=vfp -fno-caller-saves -c -Os -D_LARGEFILE64_SOURCE -D_FILE_OFFSET_BITS=64 -D_GNU_SOURCE -I/home/seg/DEV/laguna/src/router/e2fsprogs/lib -DNEED_PRINTF  conftest.c >&5
configure:12463: $? = 0
configure:12463: arm-linux-uclibc-gcc -Os -pipe -march=armv6k -mtune=mpcore -mfloat-abi=softfp -mfpu=vfp -fno-caller-saves -c -Os -D_LARGEFILE64_SOURCE -D_FILE_OFFSET_BITS=64 -D_GNU_SOURCE -I/home/seg/DEV/laguna/src/router/e2fsprogs/lib -DNEED_PRINTF  conftest.c >&5
configure:12463: $? = 0
configure:12463: arm-linux-uclibc-gcc -Os -pipe -march=armv6k -mtune=mpcore -mfloat-abi=softfp -mfpu=vfp -fno-caller-saves -c -Os -D_LARGEFILE64_SOURCE -D_FILE_OFFSET_BITS=64 -D_GNU_SOURCE -I/home/seg/DEV/laguna/src/router/e2fsprogs/lib -DNEED_PRINTF  conftest.c >&5
configure:12463: $? = 0
configure:12477: result: 4
configure:12491: checking size of char *
configure:12496: arm-linux-uclibc-gcc -Os -pipe -march=armv6k -mtune=mpcore -mfloat-abi=softfp -mfpu=vfp -fno-caller-saves -c -Os -D_LARGEFILE64_SOURCE -D_FILE_OFFSET_BITS=64 -D_GNU_SOURCE -I/home/seg/DEV/laguna/src/router/e2fsprogs/lib -DNEED_PRINTF  conftest.c >&5
configure:12496: $? = 0
configure:12496: arm-linux-uclibc-gcc -Os -pipe -march=armv6k -mtune=mpcore -mfloat-abi=softfp -mfpu=vfp -fno-caller-saves -c -Os -D_LARGEFILE64_SOURCE -D_FILE_OFFSET_BITS=64 -D_GNU_SOURCE -I/home/seg/DEV/laguna/src/router/e2fsprogs/lib -DNEED_PRINTF  conftest.c >&5
conftest.c: In function 'main':
conftest.c:64:12: error: size of array 'test_array' is negative
configure:12496: $? = 1
configure: failed program was:
| /* confdefs.h */
| #define PACKAGE_NAME ""
| #define PACKAGE_TARNAME ""
| #define PACKAGE_VERSION ""
| #define PACKAGE_STRING ""
| #define PACKAGE_BUGREPORT ""
| #define PACKAGE_URL ""
| #define STDC_HEADERS 1
| #define HAVE_SYS_TYPES_H 1
| #define HAVE_SYS_STAT_H 1
| #define HAVE_STDLIB_H 1
| #define HAVE_STRING_H 1
| #define HAVE_MEMORY_H 1
| #define HAVE_STRINGS_H 1
| #define HAVE_INTTYPES_H 1
| #define HAVE_STDINT_H 1
| #define HAVE_UNISTD_H 1
| #define HAVE_DLFCN_H 1
| #define LT_OBJDIR ".libs/"
| #define HAVE_UUID_UUID_H 1
| #define HAVE_LIBUUID 1
| #define HAVE_PTHREAD_H 1
| #define HAVE_LIBPTHREAD 1
| #define HAVE_LINUX_FIEMAP_H 1
| #define HAVE___U32 1
| #define SIZEOF_LONG 4
| /* end confdefs.h.  */
| #include <stdio.h>
| #ifdef HAVE_SYS_TYPES_H
| # include <sys/types.h>
| #endif
| #ifdef HAVE_SYS_STAT_H
| # include <sys/stat.h>
| #endif
| #ifdef STDC_HEADERS
| # include <stdlib.h>
| # include <stddef.h>
| #else
| # ifdef HAVE_STDLIB_H
| #  include <stdlib.h>
| # endif
| #endif
| #ifdef HAVE_STRING_H
| # if !defined STDC_HEADERS && defined HAVE_MEMORY_H
| #  include <memory.h>
| # endif
| # include <string.h>
| #endif
| #ifdef HAVE_STRINGS_H
| # include <strings.h>
| #endif
| #ifdef HAVE_INTTYPES_H
| # include <inttypes.h>
| #endif
| #ifdef HAVE_STDINT_H
| # include <stdint.h>
| #endif
| #ifdef HAVE_UNISTD_H
| # include <unistd.h>
| #endif
| int
| main ()
| {
| static int test_array [1 - 2 * !(((long int) (sizeof (char *))) <= 0)];
| test_array [0] = 0
| 
|   ;
|   return 0;
| }
configure:12496: arm-linux-uclibc-gcc -Os -pipe -march=armv6k -mtune=mpcore -mfloat-abi=softfp -mfpu=vfp -fno-caller-saves -c -Os -D_LARGEFILE64_SOURCE -D_FILE_OFFSET_BITS=64 -D_GNU_SOURCE -I/home/seg/DEV/laguna/src/router/e2fsprogs/lib -DNEED_PRINTF  conftest.c >&5
conftest.c: In function 'main':
conftest.c:64:12: error: size of array 'test_array' is negative
configure:12496: $? = 1
configure: failed program was:
| /* confdefs.h */
| #define PACKAGE_NAME ""
| #define PACKAGE_TARNAME ""
| #define PACKAGE_VERSION ""
| #define PACKAGE_STRING ""
| #define PACKAGE_BUGREPORT ""
| #define PACKAGE_URL ""
| #define STDC_HEADERS 1
| #define HAVE_SYS_TYPES_H 1
| #define HAVE_SYS_STAT_H 1
| #define HAVE_STDLIB_H 1
| #define HAVE_STRING_H 1
| #define HAVE_MEMORY_H 1
| #define HAVE_STRINGS_H 1
| #define HAVE_INTTYPES_H 1
| #define HAVE_STDINT_H 1
| #define HAVE_UNISTD_H 1
| #define HAVE_DLFCN_H 1
| #define LT_OBJDIR ".libs/"
| #define HAVE_UUID_UUID_H 1
| #define HAVE_LIBUUID 1
| #define HAVE_PTHREAD_H 1
| #define HAVE_LIBPTHREAD 1
| #define HAVE_LINUX_FIEMAP_H 1
| #define HAVE___U32 1
| #define SIZEOF_LONG 4
| /* end confdefs.h.  */
| #include <stdio.h>
| #ifdef HAVE_SYS_TYPES_H
| # include <sys/types.h>
| #endif
| #ifdef HAVE_SYS_STAT_H
| # include <sys/stat.h>
| #endif
| #ifdef STDC_HEADERS
| # include <stdlib.h>
| # include <stddef.h>
| #else
| # ifdef HAVE_STDLIB_H
| #  include <stdlib.h>
| # endif
| #endif
| #ifdef HAVE_STRING_H
| # if !defined STDC_HEADERS && defined HAVE_MEMORY_H
| #  include <memory.h>
| # endif
| # include <string.h>
| #endif
| #ifdef HAVE_STRINGS_H
| # include <strings.h>
| #endif
| #ifdef HAVE_INTTYPES_H
| # include <inttypes.h>
| #endif
| #ifdef HAVE_STDINT_H
| # include <stdint.h>
| #endif
| #ifdef HAVE_UNISTD_H
| # include <unistd.h>
| #endif
| int
| main ()
| {
| static int test_array [1 - 2 * !(((long int) (sizeof (char *))) <= 1)];
| test_array [0] = 0
| 
|   ;
|   return 0;
| }
configure:12496: arm-linux-uclibc-gcc -Os -pipe -march=armv6k -mtune=mpcore -mfloat-abi=softfp -mfpu=vfp -fno-caller-saves -c -Os -D_LARGEFILE64_SOURCE -D_FILE_OFFSET_BITS=64 -D_GNU_SOURCE -I/home/seg/DEV/laguna/src/router/e2fsprogs/lib -DNEED_PRINTF  conftest.c >&5
conftest.c: In function 'main':
conftest.c:64:12: error: size of array 'test_array' is negative
configure:12496: $? = 1
configure: failed program was:
| /* confdefs.h */
| #define PACKAGE_NAME ""
| #define PACKAGE_TARNAME ""
| #define PACKAGE_VERSION ""
| #define PACKAGE_STRING ""
| #define PACKAGE_BUGREPORT ""
| #define PACKAGE_URL ""
| #define STDC_HEADERS 1
| #define HAVE_SYS_TYPES_H 1
| #define HAVE_SYS_STAT_H 1
| #define HAVE_STDLIB_H 1
| #define HAVE_STRING_H 1
| #define HAVE_MEMORY_H 1
| #define HAVE_STRINGS_H 1
| #define HAVE_INTTYPES_H 1
| #define HAVE_STDINT_H 1
| #define HAVE_UNISTD_H 1
| #define HAVE_DLFCN_H 1
| #define LT_OBJDIR ".libs/"
| #define HAVE_UUID_UUID_H 1
| #define HAVE_LIBUUID 1
| #define HAVE_PTHREAD_H 1
| #define HAVE_LIBPTHREAD 1
| #define HAVE_LINUX_FIEMAP_H 1
| #define HAVE___U32 1
| #define SIZEOF_LONG 4
| /* end confdefs.h.  */
| #include <stdio.h>
| #ifdef HAVE_SYS_TYPES_H
| # include <sys/types.h>
| #endif
| #ifdef HAVE_SYS_STAT_H
| # include <sys/stat.h>
| #endif
| #ifdef STDC_HEADERS
| # include <stdlib.h>
| # include <stddef.h>
| #else
| # ifdef HAVE_STDLIB_H
| #  include <stdlib.h>
| # endif
| #endif
| #ifdef HAVE_STRING_H
| # if !defined STDC_HEADERS && defined HAVE_MEMORY_H
| #  include <memory.h>
| # endif
| # include <string.h>
| #endif
| #ifdef HAVE_STRINGS_H
| # include <strings.h>
| #endif
| #ifdef HAVE_INTTYPES_H
| # include <inttypes.h>
| #endif
| #ifdef HAVE_STDINT_H
| # include <stdint.h>
| #endif
| #ifdef HAVE_UNISTD_H
| # include <unistd.h>
| #endif
| int
| main ()
| {
| static int test_array [1 - 2 * !(((long int) (sizeof (char *))) <= 3)];
| test_array [0] = 0
| 
|   ;
|   return 0;
| }
configure:12496: arm-linux-uclibc-gcc -Os -pipe -march=armv6k -mtune=mpcore -mfloat-abi=softfp -mfpu=vfp -fno-caller-saves -c -Os -D_LARGEFILE64_SOURCE -D_FILE_OFFSET_BITS=64 -D_GNU_SOURCE -I/home/seg/DEV/laguna/src/router/e2fsprogs/lib -DNEED_PRINTF  conftest.c >&5
configure:12496: $? = 0
configure:12496: arm-linux-uclibc-gcc -Os -pipe -march=armv6k -mtune=mpcore -mfloat-abi=softfp -mfpu=vfp -fno-caller-saves -c -Os -D_LARGEFILE64_SOURCE -D_FILE_OFFSET_BITS=64 -D_GNU_SOURCE -I/home/seg/DEV/laguna/src/router/e2fsprogs/lib -DNEED_PRINTF  conftest.c >&5
configure:12496: $? = 0
configure:12496: arm-linux-uclibc-gcc -Os -pipe -march=armv6k -mtune=mpcore -mfloat-abi=softfp -mfpu=vfp -fno-caller-saves -c -Os -D_LARGEFILE64_SOURCE -D_FILE_OFFSET_BITS=64 -D_GNU_SOURCE -I/home/seg/DEV/laguna/src/router/e2fsprogs/lib -DNEED_PRINTF  conftest.c >&5
configure:12496: $? = 0
configure:12510: result: 4
configure:12668: creating ./config.status

## ---------------------- ##
## Running config.status. ##
## ---------------------- ##

This file was extended by config.status, which was
generated by GNU Autoconf 2.68.  Invocation command line was

  CONFIG_FILES    = 
  CONFIG_HEADERS  = 
  CONFIG_LINKS    = 
  CONFIG_COMMANDS = 
  $ ./config.status 

on dd-wrt

config.status:1135: creating include/builddefs
config.status:1135: creating include/platform_defs.h
config.status:1319: executing libtool commands
configure:14740: WARNING: unrecognized options: --disable-rpath

## ---------------- ##
## Cache variables. ##
## ---------------- ##

ac_cv_build=x86_64-unknown-linux-gnu
ac_cv_c_compiler_gnu=yes
ac_cv_env_CC_set=set
ac_cv_env_CC_value='arm-linux-uclibc-gcc -Os -pipe -march=armv6k -mtune=mpcore -mfloat-abi=softfp -mfpu=vfp -fno-caller-saves'
ac_cv_env_CFLAGS_set=set
ac_cv_env_CFLAGS_value='-Os -D_LARGEFILE64_SOURCE -D_FILE_OFFSET_BITS=64 -D_GNU_SOURCE -I/home/seg/DEV/laguna/src/router/e2fsprogs/lib -DNEED_PRINTF'
ac_cv_env_CPPFLAGS_set=
ac_cv_env_CPPFLAGS_value=
ac_cv_env_CPP_set=
ac_cv_env_CPP_value=
ac_cv_env_LDFLAGS_set=set
ac_cv_env_LDFLAGS_value=-L/home/seg/DEV/laguna/src/router/e2fsprogs/lib/uuid
ac_cv_env_LIBS_set=
ac_cv_env_LIBS_value=
ac_cv_env_build_alias_set=
ac_cv_env_build_alias_value=
ac_cv_env_host_alias_set=set
ac_cv_env_host_alias_value=arm-linux
ac_cv_env_target_alias_set=
ac_cv_env_target_alias_value=
ac_cv_func_blkid_probe_get_topology=no
ac_cv_func_mmap_fixed_mapped='yes '
ac_cv_func_posix_getgrgid_r=no
ac_cv_func_posix_getpwuid_r=no
ac_cv_func_uuid_compare=no
ac_cv_gcc_nodeps=yes
ac_cv_header_dlfcn_h=yes
ac_cv_header_inttypes_h=yes
ac_cv_header_linux_fiemap_h=yes
ac_cv_header_memory_h=yes
ac_cv_header_pthread_h=yes
ac_cv_header_stdc=yes
ac_cv_header_stdint_h=yes
ac_cv_header_stdlib_h=yes
ac_cv_header_string_h=yes
ac_cv_header_strings_h=yes
ac_cv_header_sys_stat_h=yes
ac_cv_header_sys_types_h=yes
ac_cv_header_sys_uuid_h=no
ac_cv_header_unistd_h=yes
ac_cv_header_uuid_h=no
ac_cv_header_uuid_uuid_h=yes
ac_cv_host=arm-unknown-linux-gnu
ac_cv_lib_pthread_pthread_mutex_init=yes
ac_cv_lib_uuid_uuid_compare=yes
ac_cv_objext=o
ac_cv_path_AWK=/bin/awk
ac_cv_path_EGREP='/usr/bin/grep -E'
ac_cv_path_FGREP='/usr/bin/grep -F'
ac_cv_path_GREP=/usr/bin/grep
ac_cv_path_MAKE=/usr/bin/gmake
ac_cv_path_RPM=/bin/rpm
ac_cv_path_RPMBUILD=/usr/bin/rpmbuild
ac_cv_path_SED=/xfs/toolchains/toolchain-arm_v6k_gcc-linaro_uClibc-0.9.32_eabi/bin//sed
ac_cv_path_SORT=/bin/sort
ac_cv_path_TAR=/bin/tar
ac_cv_path_ZIP=/bin/gzip
ac_cv_prog_AR=arm-linux-uclibc-ar
ac_cv_prog_CC='arm-linux-uclibc-gcc -Os -pipe -march=armv6k -mtune=mpcore -mfloat-abi=softfp -mfpu=vfp -fno-caller-saves'
ac_cv_prog_CPP='arm-linux-uclibc-gcc -Os -pipe -march=armv6k -mtune=mpcore -mfloat-abi=softfp -mfpu=vfp -fno-caller-saves -E'
ac_cv_prog_OBJDUMP=arm-linux-objdump
ac_cv_prog_RANLIB=arm-linux-uclibc-ranlib
ac_cv_prog_STRIP=arm-linux-uclibc-strip
ac_cv_prog_cc_c89=
ac_cv_prog_cc_g=yes
ac_cv_search_blkid_probe_all=no
ac_cv_sizeof_char_p=4
ac_cv_sizeof_long=4
glib_cv_stack_grows='no '
glib_cv_uscore='no '
lt_cv_deplibs_check_method=pass_all
lt_cv_file_magic_cmd='$MAGIC_CMD'
lt_cv_file_magic_test_file=
lt_cv_ld_reload_flag=-r
lt_cv_nm_interface='BSD nm'
lt_cv_objdir=.libs
lt_cv_path_LD=arm-linux-uclibc-ld
lt_cv_path_NM=arm-linux-uclibc-nm
lt_cv_prog_compiler_c_o=yes
lt_cv_prog_compiler_pic_works=yes
lt_cv_prog_compiler_rtti_exceptions=no
lt_cv_prog_compiler_static_works=no
lt_cv_prog_gnu_ld=yes
lt_cv_sys_global_symbol_pipe='sed -n -e '\''s/^.*[	 ]\([ABCDGIRSTW][ABCDGIRSTW]*\)[	 ][	 ]*\([_A-Za-z][_A-Za-z0-9]*\)$/\1 \2 \2/p'\'''
lt_cv_sys_global_symbol_to_c_name_address='sed -n -e '\''s/^: \([^ ]*\) $/  {\"\1\", (void *) 0},/p'\'' -e '\''s/^[ABCDGIRSTW]* \([^ ]*\) \([^ ]*\)$/  {"\2", (void *) \&\2},/p'\'''
lt_cv_sys_global_symbol_to_c_name_address_lib_prefix='sed -n -e '\''s/^: \([^ ]*\) $/  {\"\1\", (void *) 0},/p'\'' -e '\''s/^[ABCDGIRSTW]* \([^ ]*\) \(lib[^ ]*\)$/  {"\2", (void *) \&\2},/p'\'' -e '\''s/^[ABCDGIRSTW]* \([^ ]*\) \([^ ]*\)$/  {"lib\2", (void *) \&\2},/p'\'''
lt_cv_sys_global_symbol_to_cdecl='sed -n -e '\''s/^T .* \(.*\)$/extern int \1();/p'\'' -e '\''s/^[ABCDGIRSTW]* .* \(.*\)$/extern char \1;/p'\'''
lt_cv_sys_max_cmd_len=1572864

## ----------------- ##
## Output variables. ##
## ----------------- ##

AR='arm-linux-uclibc-ar'
AWK='/bin/awk'
CC='arm-linux-uclibc-gcc -Os -pipe -march=armv6k -mtune=mpcore -mfloat-abi=softfp -mfpu=vfp -fno-caller-saves'
CFLAGS='-Os -D_LARGEFILE64_SOURCE -D_FILE_OFFSET_BITS=64 -D_GNU_SOURCE -I/home/seg/DEV/laguna/src/router/e2fsprogs/lib -DNEED_PRINTF'
CPP='arm-linux-uclibc-gcc -Os -pipe -march=armv6k -mtune=mpcore -mfloat-abi=softfp -mfpu=vfp -fno-caller-saves -E'
CPPFLAGS=''
DEFS='-DHAVE_CONFIG_H'
DSYMUTIL=''
DUMPBIN=''
ECHO='echo'
ECHO_C=''
ECHO_N='-n'
ECHO_T=''
EGREP='/usr/bin/grep -E'
EXEEXT=''
FGREP='/usr/bin/grep -F'
GREP='/usr/bin/grep'
LD='arm-linux-uclibc-ld'
LDFLAGS='-L/home/seg/DEV/laguna/src/router/e2fsprogs/lib/uuid'
LIBOBJS=''
LIBS='-lpthread -luuid '
LIBTOOL='$(SHELL) $(top_builddir)/libtool'
LIPO=''
LN_S='ln -s'
LOCALIZED_FILES=' $(TOPDIR)/./growfs/xfs_growfs.c $(TOPDIR)/./quota/state.c $(TOPDIR)/./quota/quot.c $(TOPDIR)/./quota/quota.c $(TOPDIR)/./quota/project.c $(TOPDIR)/./quota/linux.c $(TOPDIR)/./quota/init.c $(TOPDIR)/./quota/util.c $(TOPDIR)/./quota/report.c $(TOPDIR)/./quota/path.c $(TOPDIR)/./quota/freebsd.c $(TOPDIR)/./quota/edit.c $(TOPDIR)/./quota/irix.c $(TOPDIR)/./quota/darwin.c $(TOPDIR)/./quota/free.c $(TOPDIR)/./libxcmd/projects.c $(TOPDIR)/./libxcmd/paths.c $(TOPDIR)/./libxcmd/command.c $(TOPDIR)/./libxcmd/input.c $(TOPDIR)/./libxcmd/help.c $(TOPDIR)/./libxcmd/quit.c $(TOPDIR)/./fsr/xfs_fsr.c $(TOPDIR)/./libxfs/xfs_dir2_sf.c $(TOPDIR)/./libxfs/logitem.c $(TOPDIR)/./libxfs/radix-tree.c $(TOPDIR)/./libxfs/xfs_dir2_block.c $(TOPDIR)/./libxfs/xfs_mount.c $(TOPDIR)/./libxfs/xfs_da_btree.c $(TOPDIR)/./libxfs/linux.c $(TOPDIR)/./libxfs/xfs_inode.c $(TOPDIR)/./libxfs/init.c $(TOPDIR)/./libxfs/xfs_alloc.c $(TOPDIR)/./libxfs/xfs_attr.c $(TOPDIR)/./libxfs/xfs_dir2_data.c $(TOPDIR)/./libxfs/xfs_dir2_node.c $(TOPDIR)/./libxfs/util.c $(TOPDIR)/./libxfs/xfs_dir2.c $(TOPDIR)/./libxfs/cache.c $(TOPDIR)/./libxfs/xfs_ialloc_btree.c $(TOPDIR)/./libxfs/trans.c $(TOPDIR)/./libxfs/xfs_btree.c $(TOPDIR)/./libxfs/xfs_bmap.c $(TOPDIR)/./libxfs/freebsd.c $(TOPDIR)/./libxfs/xfs_ialloc.c $(TOPDIR)/./libxfs/xfs_dir2_leaf.c $(TOPDIR)/./libxfs/xfs_rtalloc.c $(TOPDIR)/./libxfs/irix.c $(TOPDIR)/./libxfs/xfs_trans.c $(TOPDIR)/./libxfs/rdwr.c $(TOPDIR)/./libxfs/darwin.c $(TOPDIR)/./libxfs/xfs_bmap_btree.c $(TOPDIR)/./libxfs/xfs_alloc_btree.c $(TOPDIR)/./libxfs/kmem.c $(TOPDIR)/./libxfs/xfs_attr_leaf.c $(TOPDIR)/./repair/sb.c $(TOPDIR)/./repair/phase5.c $(TOPDIR)/./repair/progress.c $(TOPDIR)/./repair/threads.c $(TOPDIR)/./repair/agheader.c $(TOPDIR)/./repair/phase7.c $(TOPDIR)/./repair/incore.c $(TOPDIR)/./repair/avl64.c $(TOPDIR)/./repair/phase2.c $(TOPDIR)/./repair/init.c $(TOPDIR)/./repair/incore_bmc.c $(TOPDIR)/./repair/attr_repair.c $(TOPDIR)/./repair/incore_ino.c $(TOPDIR)/./repair/avl.c $(TOPDIR)/./repair/scan.c $(TOPDIR)/./repair/xfs_repair.c $(TOPDIR)/./repair/bmap.c $(TOPDIR)/./repair/versions.c $(TOPDIR)/./repair/phase4.c $(TOPDIR)/./repair/btree.c $(TOPDIR)/./repair/dino_chunks.c $(TOPDIR)/./repair/dir.c $(TOPDIR)/./repair/phase3.c $(TOPDIR)/./repair/dir2.c $(TOPDIR)/./repair/dinode.c $(TOPDIR)/./repair/rt.c $(TOPDIR)/./repair/phase6.c $(TOPDIR)/./repair/prefetch.c $(TOPDIR)/./repair/incore_ext.c $(TOPDIR)/./repair/globals.c $(TOPDIR)/./repair/phase1.c $(TOPDIR)/./mkfs/xfs_mkfs.c $(TOPDIR)/./mkfs/fstyp.c $(TOPDIR)/./mkfs/maxtrres.c $(TOPDIR)/./mkfs/proto.c $(TOPDIR)/./logprint/logprint.c $(TOPDIR)/./logprint/log_misc.c $(TOPDIR)/./logprint/log_copy.c $(TOPDIR)/./logprint/log_print_trans.c $(TOPDIR)/./logprint/log_dump.c $(TOPDIR)/./logprint/log_print_all.c $(TOPDIR)/./mdrestore/xfs_mdrestore.c $(TOPDIR)/./rtcp/xfs_rtcp.c $(TOPDIR)/./libdisk/xvm.c $(TOPDIR)/./libdisk/md.c $(TOPDIR)/./libdisk/pttype.c $(TOPDIR)/./libdisk/fstype.c $(TOPDIR)/./libdisk/evms.c $(TOPDIR)/./libdisk/drivers.c $(TOPDIR)/./libdisk/dm.c $(TOPDIR)/./libdisk/lvm.c $(TOPDIR)/./copy/xfs_copy.c $(TOPDIR)/./estimate/xfs_estimate.c $(TOPDIR)/./libxlog/util.c $(TOPDIR)/./libxlog/xfs_log_recover.c $(TOPDIR)/./io/file.c $(TOPDIR)/./io/pread.c $(TOPDIR)/./io/attr.c $(TOPDIR)/./io/init.c $(TOPDIR)/./io/parent.c $(TOPDIR)/./io/pwrite.c $(TOPDIR)/./io/prealloc.c $(TOPDIR)/./io/fadvise.c $(TOPDIR)/./io/madvise.c $(TOPDIR)/./io/fsync.c $(TOPDIR)/./io/sendfile.c $(TOPDIR)/./io/bmap.c $(TOPDIR)/./io/mmap.c $(TOPDIR)/./io/getrusage.c $(TOPDIR)/./io/fiemap.c $(TOPDIR)/./io/inject.c $(TOPDIR)/./io/resblks.c $(TOPDIR)/./io/freeze.c $(TOPDIR)/./io/mincore.c $(TOPDIR)/./io/truncate.c $(TOPDIR)/./io/shutdown.c $(TOPDIR)/./io/open.c $(TOPDIR)/./io/imap.c $(TOPDIR)/./db/sb.c $(TOPDIR)/./db/flist.c $(TOPDIR)/./db/block.c $(TOPDIR)/./db/agfl.c $(TOPDIR)/./db/attr.c $(TOPDIR)/./db/freesp.c $(TOPDIR)/./db/hash.c $(TOPDIR)/./db/init.c $(TOPDIR)/./db/faddr.c $(TOPDIR)/./db/command.c $(TOPDIR)/./db/debug.c $(TOPDIR)/./db/io.c $(TOPDIR)/./db/bmroot.c $(TOPDIR)/./db/echo.c $(TOPDIR)/./db/type.c $(TOPDIR)/./db/malloc.c $(TOPDIR)/./db/dirshort.c $(TOPDIR)/./db/bmap.c $(TOPDIR)/./db/frag.c $(TOPDIR)/./db/inode.c $(TOPDIR)/./db/agf.c $(TOPDIR)/./db/write.c $(TOPDIR)/./db/dquot.c $(TOPDIR)/./db/strvec.c $(TOPDIR)/./db/field.c $(TOPDIR)/./db/dir2sf.c $(TOPDIR)/./db/input.c $(TOPDIR)/./db/addr.c $(TOPDIR)/./db/dir.c $(TOPDIR)/./db/dir2.c $(TOPDIR)/./db/help.c $(TOPDIR)/./db/quit.c $(TOPDIR)/./db/check.c $(TOPDIR)/./db/metadump.c $(TOPDIR)/./db/attrset.c $(TOPDIR)/./db/convert.c $(TOPDIR)/./db/output.c $(TOPDIR)/./db/fprint.c $(TOPDIR)/./db/bit.c $(TOPDIR)/./db/text.c $(TOPDIR)/./db/btblock.c $(TOPDIR)/./db/agi.c $(TOPDIR)/./db/attrshort.c $(TOPDIR)/./db/print.c $(TOPDIR)/./db/sig.c $(TOPDIR)/./libhandle/handle.c $(TOPDIR)/./libhandle/jdm.c'
LTLIBOBJS=''
MAKE='/usr/bin/gmake'
MSGFMT=''
MSGMERGE=''
NM='arm-linux-uclibc-nm'
NMEDIT=''
OBJDUMP='arm-linux-objdump'
OBJEXT='o'
OTOOL64=''
OTOOL=''
PACKAGE_BUGREPORT=''
PACKAGE_NAME=''
PACKAGE_STRING=''
PACKAGE_TARNAME=''
PACKAGE_URL=''
PACKAGE_VERSION=''
PATH_SEPARATOR=':'
RANLIB='arm-linux-uclibc-ranlib'
RPM='/bin/rpm'
RPMBUILD='/usr/bin/rpmbuild'
SED='/xfs/toolchains/toolchain-arm_v6k_gcc-linaro_uClibc-0.9.32_eabi/bin//sed'
SHELL='/bin/sh'
SORT='/bin/sort'
STRIP='arm-linux-uclibc-strip'
TAR='/bin/tar'
XGETTEXT=''
ZIP='/bin/gzip'
ac_ct_CC=''
ac_ct_DUMPBIN=''
awk='/bin/awk'
bindir='${exec_prefix}/bin'
build='x86_64-unknown-linux-gnu'
build_alias=''
build_cpu='x86_64'
build_os='linux-gnu'
build_vendor='unknown'
cc='arm-linux-uclibc-gcc -Os -pipe -march=armv6k -mtune=mpcore -mfloat-abi=softfp -mfpu=vfp -fno-caller-saves'
datadir='${datarootdir}'
datarootdir='${prefix}/share'
debug_build='-DDEBUG'
docdir='${datarootdir}/doc/${PACKAGE}'
dvidir='${docdir}'
echo='echo'
enable_blkid='no'
enable_editline='no'
enable_gettext='no'
enable_lib64='no'
enable_readline='no'
enable_shared='yes'
exec_prefix='${prefix}'
have_fadvise='yes'
have_fallocate=''
have_fiemap='yes'
have_getmntent='yes'
have_getmntinfo=''
have_madvise='yes'
have_mincore='yes'
have_sendfile='yes'
have_zipped_manpages='false'
host='arm-unknown-linux-gnu'
host_alias='arm-linux'
host_cpu='arm'
host_os='linux-gnu'
host_vendor='unknown'
htmldir='${docdir}'
includedir='${prefix}/include'
infodir='${datarootdir}/info'
libblkid=''
libdir='${exec_prefix}/lib'
libdirsuffix=''
libeditline=''
libexecdir='${exec_prefix}/libexec'
libpthread='-lpthread'
libreadline=''
librt='-lrt'
libtermcap=''
libuuid='-luuid'
localedir='${datarootdir}/locale'
localstatedir='${prefix}/var'
lt_ECHO='echo'
make='/usr/bin/gmake'
makedepend='arm-linux-uclibc-gcc -Os -pipe -march=armv6k -mtune=mpcore -mfloat-abi=softfp -mfpu=vfp -fno-caller-saves -MM'
malloc_lib=''
mandir='${datarootdir}/man'
msgfmt=''
msgmerge=''
oldincludedir='/usr/include'
opt_build='-g -O2'
pdfdir='${docdir}'
pkg_distribution='Linux'
pkg_group='root'
pkg_name='xfsprogs'
pkg_platform='linux'
pkg_release='1'
pkg_user='root'
pkg_version='3.1.6'
prefix='/usr'
program_transform_name='s,x,x,'
psdir='${docdir}'
root_libdir='/lib'
root_sbindir='/sbin'
rpm='/bin/rpm'
rpm_version='4'
rpmbuild='/usr/bin/rpmbuild'
sbindir='${exec_prefix}/sbin'
sed='/xfs/toolchains/toolchain-arm_v6k_gcc-linaro_uClibc-0.9.32_eabi/bin//sed'
sharedstatedir='${prefix}/com'
sort='/bin/sort'
sysconfdir='${prefix}/etc'
tar='/bin/tar'
target_alias=''
xgettext=''
zip='/bin/gzip'

## ----------- ##
## confdefs.h. ##
## ----------- ##

/* confdefs.h */
#define PACKAGE_NAME ""
#define PACKAGE_TARNAME ""
#define PACKAGE_VERSION ""
#define PACKAGE_STRING ""
#define PACKAGE_BUGREPORT ""
#define PACKAGE_URL ""
#define STDC_HEADERS 1
#define HAVE_SYS_TYPES_H 1
#define HAVE_SYS_STAT_H 1
#define HAVE_STDLIB_H 1
#define HAVE_STRING_H 1
#define HAVE_MEMORY_H 1
#define HAVE_STRINGS_H 1
#define HAVE_INTTYPES_H 1
#define HAVE_STDINT_H 1
#define HAVE_UNISTD_H 1
#define HAVE_DLFCN_H 1
#define LT_OBJDIR ".libs/"
#define HAVE_UUID_UUID_H 1
#define HAVE_LIBUUID 1
#define HAVE_PTHREAD_H 1
#define HAVE_LIBPTHREAD 1
#define HAVE_LINUX_FIEMAP_H 1
#define HAVE___U32 1
#define SIZEOF_LONG 4
#define SIZEOF_CHAR_P 4
#define HAVE_32BIT_LONG 1
#define HAVE_32BIT_PTR 1

configure: exit 0
