This file contains any messages produced by compilers while
running configure, to aid debugging if configure makes a mistake.

It was created by chillispot configure 1.0, which was
generated by GNU Autoconf 2.59.  Invocation command line was

  $ ./configure --host=mipsel-linux-elf CC=mipsel-linux-uclibc-gcc CFLAGS=-Os -mtune=mips32 -pipe -mips32 -funit-at-a-time -DHAVE_MALLOC=1 -Drpl_malloc=malloc

## --------- ##
## Platform. ##
## --------- ##

hostname = dbserver
uname -m = x86_64
uname -r = 2.6.11.4-21.7-smp
uname -s = Linux
uname -v = #1 SMP Thu Jun 2 14:23:14 UTC 2005

/usr/bin/uname -p = unknown
/bin/uname -X     = unknown

/bin/arch              = x86_64
/usr/bin/arch -k       = unknown
/usr/convex/getsysinfo = unknown
hostinfo               = unknown
/bin/machine           = unknown
/usr/bin/oslevel       = unknown
/bin/universe          = unknown

PATH: /home/dd-wrt/openwrt/openwrt/staging_dir_mipsel/bin/
PATH: /sbin
PATH: /usr/sbin
PATH: /usr/local/sbin
PATH: /root/bin
PATH: /usr/local/bin
PATH: /usr/bin
PATH: /usr/X11R6/bin
PATH: /bin
PATH: /usr/games
PATH: /opt/gnome/bin
PATH: /opt/kde3/bin
PATH: /usr/lib/jvm/jre/bin


## ----------- ##
## Core tests. ##
## ----------- ##

configure:1553: checking for a BSD-compatible install
configure:1608: result: /usr/bin/install -c
configure:1619: checking whether build environment is sane
configure:1662: result: yes
configure:1727: checking for gawk
configure:1743: found /usr/bin/gawk
configure:1753: result: gawk
configure:1763: checking whether make sets $(MAKE)
configure:1783: result: yes
configure:1859: checking for mipsel-linux-elf-strip
configure:1885: result: mipsel-linux-uclibc-strip
configure:1964: checking for mipsel-linux-elf-gcc
configure:1990: result: mipsel-linux-uclibc-gcc
configure:2272: checking for C compiler version
configure:2275: mipsel-linux-uclibc-gcc --version </dev/null >&5
mipsel-linux-uclibc-gcc (GCC) 3.4.5 (OpenWrt-2.0)
Copyright (C) 2004 Free Software Foundation, Inc.
This is free software; see the source for copying conditions.  There is NO
warranty; not even for MERCHANTABILITY or FITNESS FOR A PARTICULAR PURPOSE.

configure:2278: $? = 0
configure:2280: mipsel-linux-uclibc-gcc -v </dev/null >&5
Reading specs from /home/dd-wrt/openwrt/openwrt/staging_dir_mipsel/bin/../lib/gcc/mipsel-linux-uclibc/3.4.5/specs
Configured with: /home/dd-wrt/trunk/openwrt/toolchain_build_mipsel/gcc-3.4.5/configure --prefix=/home/dd-wrt/trunk/openwrt/staging_dir_mipsel --build=x86_64-pc-linux-gnu --host=x86_64-pc-linux-gnu --target=mipsel-linux-uclibc --enable-languages=c,c++ --enable-shared --disable-__cxa_atexit --enable-target-optspace --with-gnu-ld --disable-nls
Thread model: posix
gcc version 3.4.5 (OpenWrt-2.0)
configure:2283: $? = 0
configure:2285: mipsel-linux-uclibc-gcc -V </dev/null >&5
mipsel-linux-uclibc-gcc: `-V' option must have argument
configure:2288: $? = 1
configure:2311: checking for C compiler default output file name
configure:2314: mipsel-linux-uclibc-gcc -Os -mtune=mips32 -pipe -mips32 -funit-at-a-time -DHAVE_MALLOC=1 -Drpl_malloc=malloc  -s conftest.c  >&5
configure:2317: $? = 0
configure:2363: result: a.out
configure:2368: checking whether the C compiler works
configure:2374: ./a.out
./configure: line 2375: ./a.out: cannot execute binary file
configure:2377: $? = 126
configure:2394: result: yes
configure:2401: checking whether we are cross compiling
configure:2403: result: yes
configure:2406: checking for suffix of executables
configure:2408: mipsel-linux-uclibc-gcc -o conftest -Os -mtune=mips32 -pipe -mips32 -funit-at-a-time -DHAVE_MALLOC=1 -Drpl_malloc=malloc  -s conftest.c  >&5
configure:2411: $? = 0
configure:2436: result: 
configure:2442: checking for suffix of object files
configure:2463: mipsel-linux-uclibc-gcc -c -Os -mtune=mips32 -pipe -mips32 -funit-at-a-time -DHAVE_MALLOC=1 -Drpl_malloc=malloc  conftest.c >&5
configure:2466: $? = 0
configure:2488: result: o
configure:2492: checking whether we are using the GNU C compiler
configure:2516: mipsel-linux-uclibc-gcc -c -Os -mtune=mips32 -pipe -mips32 -funit-at-a-time -DHAVE_MALLOC=1 -Drpl_malloc=malloc  conftest.c >&5
configure:2522: $? = 0
configure:2526: test -z 
			 || test ! -s conftest.err
configure:2529: $? = 0
configure:2532: test -s conftest.o
configure:2535: $? = 0
configure:2548: result: yes
configure:2554: checking whether mipsel-linux-uclibc-gcc accepts -g
configure:2575: mipsel-linux-uclibc-gcc -c -g  conftest.c >&5
configure:2581: $? = 0
configure:2585: test -z 
			 || test ! -s conftest.err
configure:2588: $? = 0
configure:2591: test -s conftest.o
configure:2594: $? = 0
configure:2605: result: yes
configure:2622: checking for mipsel-linux-uclibc-gcc option to accept ANSI C
configure:2692: mipsel-linux-uclibc-gcc  -c -Os -mtune=mips32 -pipe -mips32 -funit-at-a-time -DHAVE_MALLOC=1 -Drpl_malloc=malloc  conftest.c >&5
configure:2698: $? = 0
configure:2702: test -z 
			 || test ! -s conftest.err
configure:2705: $? = 0
configure:2708: test -s conftest.o
configure:2711: $? = 0
configure:2729: result: none needed
configure:2747: mipsel-linux-uclibc-gcc -c -Os -mtune=mips32 -pipe -mips32 -funit-at-a-time -DHAVE_MALLOC=1 -Drpl_malloc=malloc  conftest.c >&5
conftest.c:2: error: syntax error before "me"
configure:2753: $? = 1
configure: failed program was:
| #ifndef __cplusplus
|   choke me
| #endif
configure:2897: checking for style of include used by make
configure:2925: result: GNU
configure:2953: checking dependency style of mipsel-linux-uclibc-gcc
configure:3043: result: gcc3
configure:3140: checking build system type
configure:3158: result: x86_64-unknown-linux-gnu
configure:3166: checking host system type
configure:3180: result: mipsel-linux-elf
configure:3188: checking for a sed that does not truncate output
configure:3242: result: /home/dd-wrt/openwrt/openwrt/staging_dir_mipsel/bin//sed
configure:3245: checking for egrep
configure:3255: result: grep -E
configure:3271: checking for ld used by mipsel-linux-uclibc-gcc
configure:3338: result: mipsel-linux-uclibc-ld
configure:3347: checking if the linker (mipsel-linux-uclibc-ld) is GNU ld
configure:3362: result: yes
configure:3367: checking for mipsel-linux-uclibc-ld option to reload object files
configure:3374: result: -r
configure:3392: checking for BSD-compatible nm
configure:3434: result: mipsel-linux-uclibc-nm
configure:3438: checking whether ln -s works
configure:3442: result: yes
configure:3449: checking how to recognise dependent libraries
configure:3621: result: unknown
configure:3835: checking how to run the C preprocessor
configure:3870: mipsel-linux-uclibc-gcc -E  conftest.c
configure:3876: $? = 0
configure:3908: mipsel-linux-uclibc-gcc -E  conftest.c
conftest.c:11:28: ac_nonexistent.h: No such file or directory
configure:3914: $? = 1
configure: failed program was:
| /* confdefs.h.  */
| 
| #define PACKAGE_NAME "chillispot"
| #define PACKAGE_TARNAME "chillispot"
| #define PACKAGE_VERSION "1.0"
| #define PACKAGE_STRING "chillispot 1.0"
| #define PACKAGE_BUGREPORT "bugs@chillispot.org"
| #define PACKAGE "chillispot"
| #define VERSION "1.0"
| /* end confdefs.h.  */
| #include <ac_nonexistent.h>
configure:3953: result: mipsel-linux-uclibc-gcc -E
configure:3977: mipsel-linux-uclibc-gcc -E  conftest.c
configure:3983: $? = 0
configure:4015: mipsel-linux-uclibc-gcc -E  conftest.c
conftest.c:11:28: ac_nonexistent.h: No such file or directory
configure:4021: $? = 1
configure: failed program was:
| /* confdefs.h.  */
| 
| #define PACKAGE_NAME "chillispot"
| #define PACKAGE_TARNAME "chillispot"
| #define PACKAGE_VERSION "1.0"
| #define PACKAGE_STRING "chillispot 1.0"
| #define PACKAGE_BUGREPORT "bugs@chillispot.org"
| #define PACKAGE "chillispot"
| #define VERSION "1.0"
| /* end confdefs.h.  */
| #include <ac_nonexistent.h>
configure:4065: checking for ANSI C header files
configure:4090: mipsel-linux-uclibc-gcc -c -Os -mtune=mips32 -pipe -mips32 -funit-at-a-time -DHAVE_MALLOC=1 -Drpl_malloc=malloc  conftest.c >&5
configure:4096: $? = 0
configure:4100: test -z 
			 || test ! -s conftest.err
configure:4103: $? = 0
configure:4106: test -s conftest.o
configure:4109: $? = 0
configure:4221: result: yes
configure:4245: checking for sys/types.h
configure:4261: mipsel-linux-uclibc-gcc -c -Os -mtune=mips32 -pipe -mips32 -funit-at-a-time -DHAVE_MALLOC=1 -Drpl_malloc=malloc  conftest.c >&5
configure:4267: $? = 0
configure:4271: test -z 
			 || test ! -s conftest.err
configure:4274: $? = 0
configure:4277: test -s conftest.o
configure:4280: $? = 0
configure:4291: result: yes
configure:4245: checking for sys/stat.h
configure:4261: mipsel-linux-uclibc-gcc -c -Os -mtune=mips32 -pipe -mips32 -funit-at-a-time -DHAVE_MALLOC=1 -Drpl_malloc=malloc  conftest.c >&5
configure:4267: $? = 0
configure:4271: test -z 
			 || test ! -s conftest.err
configure:4274: $? = 0
configure:4277: test -s conftest.o
configure:4280: $? = 0
configure:4291: result: yes
configure:4245: checking for stdlib.h
configure:4261: mipsel-linux-uclibc-gcc -c -Os -mtune=mips32 -pipe -mips32 -funit-at-a-time -DHAVE_MALLOC=1 -Drpl_malloc=malloc  conftest.c >&5
configure:4267: $? = 0
configure:4271: test -z 
			 || test ! -s conftest.err
configure:4274: $? = 0
configure:4277: test -s conftest.o
configure:4280: $? = 0
configure:4291: result: yes
configure:4245: checking for string.h
configure:4261: mipsel-linux-uclibc-gcc -c -Os -mtune=mips32 -pipe -mips32 -funit-at-a-time -DHAVE_MALLOC=1 -Drpl_malloc=malloc  conftest.c >&5
configure:4267: $? = 0
configure:4271: test -z 
			 || test ! -s conftest.err
configure:4274: $? = 0
configure:4277: test -s conftest.o
configure:4280: $? = 0
configure:4291: result: yes
configure:4245: checking for memory.h
configure:4261: mipsel-linux-uclibc-gcc -c -Os -mtune=mips32 -pipe -mips32 -funit-at-a-time -DHAVE_MALLOC=1 -Drpl_malloc=malloc  conftest.c >&5
configure:4267: $? = 0
configure:4271: test -z 
			 || test ! -s conftest.err
configure:4274: $? = 0
configure:4277: test -s conftest.o
configure:4280: $? = 0
configure:4291: result: yes
configure:4245: checking for strings.h
configure:4261: mipsel-linux-uclibc-gcc -c -Os -mtune=mips32 -pipe -mips32 -funit-at-a-time -DHAVE_MALLOC=1 -Drpl_malloc=malloc  conftest.c >&5
configure:4267: $? = 0
configure:4271: test -z 
			 || test ! -s conftest.err
configure:4274: $? = 0
configure:4277: test -s conftest.o
configure:4280: $? = 0
configure:4291: result: yes
configure:4245: checking for inttypes.h
configure:4261: mipsel-linux-uclibc-gcc -c -Os -mtune=mips32 -pipe -mips32 -funit-at-a-time -DHAVE_MALLOC=1 -Drpl_malloc=malloc  conftest.c >&5
configure:4267: $? = 0
configure:4271: test -z 
			 || test ! -s conftest.err
configure:4274: $? = 0
configure:4277: test -s conftest.o
configure:4280: $? = 0
configure:4291: result: yes
configure:4245: checking for stdint.h
configure:4261: mipsel-linux-uclibc-gcc -c -Os -mtune=mips32 -pipe -mips32 -funit-at-a-time -DHAVE_MALLOC=1 -Drpl_malloc=malloc  conftest.c >&5
configure:4267: $? = 0
configure:4271: test -z 
			 || test ! -s conftest.err
configure:4274: $? = 0
configure:4277: test -s conftest.o
configure:4280: $? = 0
configure:4291: result: yes
configure:4245: checking for unistd.h
configure:4261: mipsel-linux-uclibc-gcc -c -Os -mtune=mips32 -pipe -mips32 -funit-at-a-time -DHAVE_MALLOC=1 -Drpl_malloc=malloc  conftest.c >&5
configure:4267: $? = 0
configure:4271: test -z 
			 || test ! -s conftest.err
configure:4274: $? = 0
configure:4277: test -s conftest.o
configure:4280: $? = 0
configure:4291: result: yes
configure:4317: checking dlfcn.h usability
configure:4329: mipsel-linux-uclibc-gcc -c -Os -mtune=mips32 -pipe -mips32 -funit-at-a-time -DHAVE_MALLOC=1 -Drpl_malloc=malloc  conftest.c >&5
configure:4335: $? = 0
configure:4339: test -z 
			 || test ! -s conftest.err
configure:4342: $? = 0
configure:4345: test -s conftest.o
configure:4348: $? = 0
configure:4358: result: yes
configure:4362: checking dlfcn.h presence
configure:4372: mipsel-linux-uclibc-gcc -E  conftest.c
configure:4378: $? = 0
configure:4398: result: yes
configure:4433: checking for dlfcn.h
configure:4440: result: yes
configure:4463: checking for mipsel-linux-elf-g++
configure:4492: result: no
configure:4463: checking for mipsel-linux-elf-c++
configure:4492: result: no
configure:4463: checking for mipsel-linux-elf-gpp
configure:4492: result: no
configure:4463: checking for mipsel-linux-elf-aCC
configure:4492: result: no
configure:4463: checking for mipsel-linux-elf-CC
configure:4492: result: no
configure:4463: checking for mipsel-linux-elf-cxx
configure:4492: result: no
configure:4463: checking for mipsel-linux-elf-cc++
configure:4492: result: no
configure:4463: checking for mipsel-linux-elf-cl
configure:4492: result: no
configure:4463: checking for mipsel-linux-elf-FCC
configure:4492: result: no
configure:4463: checking for mipsel-linux-elf-KCC
configure:4492: result: no
configure:4463: checking for mipsel-linux-elf-RCC
configure:4492: result: no
configure:4463: checking for mipsel-linux-elf-xlC_r
configure:4492: result: no
configure:4463: checking for mipsel-linux-elf-xlC
configure:4492: result: no
configure:4505: checking for g++
configure:4521: found /usr/bin/g++
configure:4531: result: g++
configure:4547: checking for C++ compiler version
configure:4550: g++ --version </dev/null >&5
g++ (GCC) 3.3.5 20050117 (prerelease) (SUSE Linux)
Copyright (C) 2003 Free Software Foundation, Inc.
This is free software; see the source for copying conditions.  There is NO
warranty; not even for MERCHANTABILITY or FITNESS FOR A PARTICULAR PURPOSE.

configure:4553: $? = 0
configure:4555: g++ -v </dev/null >&5
Reading specs from /usr/lib64/gcc-lib/x86_64-suse-linux/3.3.5/specs
Configured with: ../configure --enable-threads=posix --prefix=/usr --with-local-prefix=/usr/local --infodir=/usr/share/info --mandir=/usr/share/man --enable-languages=c,c++,f77,objc,java,ada --disable-checking --libdir=/usr/lib64 --enable-libgcj --with-slibdir=/lib64 --with-system-zlib --enable-shared --enable-__cxa_atexit x86_64-suse-linux
Thread model: posix
gcc version 3.3.5 20050117 (prerelease) (SUSE Linux)
configure:4558: $? = 0
configure:4560: g++ -V </dev/null >&5
g++: `-V' option must have argument
configure:4563: $? = 1
configure:4566: checking whether we are using the GNU C++ compiler
configure:4590: g++ -c   conftest.cc >&5
configure:4596: $? = 0
configure:4600: test -z 
			 || test ! -s conftest.err
configure:4603: $? = 0
configure:4606: test -s conftest.o
configure:4609: $? = 0
configure:4622: result: yes
configure:4628: checking whether g++ accepts -g
configure:4649: g++ -c -g  conftest.cc >&5
configure:4655: $? = 0
configure:4659: test -z 
			 || test ! -s conftest.err
configure:4662: $? = 0
configure:4665: test -s conftest.o
configure:4668: $? = 0
configure:4679: result: yes
configure:4721: g++ -c -g -O2  conftest.cc >&5
configure:4727: $? = 0
configure:4731: test -z 
			 || test ! -s conftest.err
configure:4734: $? = 0
configure:4737: test -s conftest.o
configure:4740: $? = 0
configure:4766: g++ -c -g -O2  conftest.cc >&5
conftest.cc: In function `int main()':
conftest.cc:26: error: `exit' undeclared (first use this function)
conftest.cc:26: error: (Each undeclared identifier is reported only once for 
   each function it appears in.)
configure:4772: $? = 1
configure: failed program was:
| /* confdefs.h.  */
| 
| #define PACKAGE_NAME "chillispot"
| #define PACKAGE_TARNAME "chillispot"
| #define PACKAGE_VERSION "1.0"
| #define PACKAGE_STRING "chillispot 1.0"
| #define PACKAGE_BUGREPORT "bugs@chillispot.org"
| #define PACKAGE "chillispot"
| #define VERSION "1.0"
| #define STDC_HEADERS 1
| #define HAVE_SYS_TYPES_H 1
| #define HAVE_SYS_STAT_H 1
| #define HAVE_STDLIB_H 1
| #define HAVE_STRING_H 1
| #define HAVE_MEMORY_H 1
| #define HAVE_STRINGS_H 1
| #define HAVE_INTTYPES_H 1
| #define HAVE_STDINT_H 1
| #define HAVE_UNISTD_H 1
| #define HAVE_DLFCN_H 1
| /* end confdefs.h.  */
| 
| int
| main ()
| {
| exit (42);
|   ;
|   return 0;
| }
configure:4721: g++ -c -g -O2  conftest.cc >&5
configure:4727: $? = 0
configure:4731: test -z 
			 || test ! -s conftest.err
configure:4734: $? = 0
configure:4737: test -s conftest.o
configure:4740: $? = 0
configure:4766: g++ -c -g -O2  conftest.cc >&5
configure:4772: $? = 0
configure:4776: test -z 
			 || test ! -s conftest.err
configure:4779: $? = 0
configure:4782: test -s conftest.o
configure:4785: $? = 0
configure:4810: checking dependency style of g++
configure:4900: result: gcc3
configure:4927: checking how to run the C++ preprocessor
configure:4958: g++ -E  conftest.cc
configure:4964: $? = 0
configure:4996: g++ -E  conftest.cc
conftest.cc:25:28: ac_nonexistent.h: No such file or directory
configure:5002: $? = 1
configure: failed program was:
| /* confdefs.h.  */
| 
| #define PACKAGE_NAME "chillispot"
| #define PACKAGE_TARNAME "chillispot"
| #define PACKAGE_VERSION "1.0"
| #define PACKAGE_STRING "chillispot 1.0"
| #define PACKAGE_BUGREPORT "bugs@chillispot.org"
| #define PACKAGE "chillispot"
| #define VERSION "1.0"
| #define STDC_HEADERS 1
| #define HAVE_SYS_TYPES_H 1
| #define HAVE_SYS_STAT_H 1
| #define HAVE_STDLIB_H 1
| #define HAVE_STRING_H 1
| #define HAVE_MEMORY_H 1
| #define HAVE_STRINGS_H 1
| #define HAVE_INTTYPES_H 1
| #define HAVE_STDINT_H 1
| #define HAVE_UNISTD_H 1
| #define HAVE_DLFCN_H 1
| #ifdef __cplusplus
| extern "C" void std::exit (int) throw (); using std::exit;
| #endif
| /* end confdefs.h.  */
| #include <ac_nonexistent.h>
configure:5041: result: g++ -E
configure:5065: g++ -E  conftest.cc
configure:5071: $? = 0
configure:5103: g++ -E  conftest.cc
conftest.cc:25:28: ac_nonexistent.h: No such file or directory
configure:5109: $? = 1
configure: failed program was:
| /* confdefs.h.  */
| 
| #define PACKAGE_NAME "chillispot"
| #define PACKAGE_TARNAME "chillispot"
| #define PACKAGE_VERSION "1.0"
| #define PACKAGE_STRING "chillispot 1.0"
| #define PACKAGE_BUGREPORT "bugs@chillispot.org"
| #define PACKAGE "chillispot"
| #define VERSION "1.0"
| #define STDC_HEADERS 1
| #define HAVE_SYS_TYPES_H 1
| #define HAVE_SYS_STAT_H 1
| #define HAVE_STDLIB_H 1
| #define HAVE_STRING_H 1
| #define HAVE_MEMORY_H 1
| #define HAVE_STRINGS_H 1
| #define HAVE_INTTYPES_H 1
| #define HAVE_STDINT_H 1
| #define HAVE_UNISTD_H 1
| #define HAVE_DLFCN_H 1
| #ifdef __cplusplus
| extern "C" void std::exit (int) throw (); using std::exit;
| #endif
| /* end confdefs.h.  */
| #include <ac_nonexistent.h>
configure:5164: checking for mipsel-linux-elf-g77
configure:5193: result: no
configure:5164: checking for mipsel-linux-elf-f77
configure:5193: result: no
configure:5164: checking for mipsel-linux-elf-xlf
configure:5193: result: no
configure:5164: checking for mipsel-linux-elf-frt
configure:5193: result: no
configure:5164: checking for mipsel-linux-elf-pgf77
configure:5193: result: no
configure:5164: checking for mipsel-linux-elf-fort77
configure:5193: result: no
configure:5164: checking for mipsel-linux-elf-fl32
configure:5193: result: no
configure:5164: checking for mipsel-linux-elf-af77
configure:5193: result: no
configure:5164: checking for mipsel-linux-elf-f90
configure:5193: result: no
configure:5164: checking for mipsel-linux-elf-xlf90
configure:5193: result: no
configure:5164: checking for mipsel-linux-elf-pgf90
configure:5193: result: no
configure:5164: checking for mipsel-linux-elf-epcf90
configure:5193: result: no
configure:5164: checking for mipsel-linux-elf-f95
configure:5193: result: no
configure:5164: checking for mipsel-linux-elf-fort
configure:5193: result: no
configure:5164: checking for mipsel-linux-elf-xlf95
configure:5193: result: no
configure:5164: checking for mipsel-linux-elf-ifc
configure:5193: result: no
configure:5164: checking for mipsel-linux-elf-efc
configure:5193: result: no
configure:5164: checking for mipsel-linux-elf-pgf95
configure:5193: result: no
configure:5164: checking for mipsel-linux-elf-lf95
configure:5193: result: no
configure:5164: checking for mipsel-linux-elf-gfortran
configure:5193: result: no
configure:5206: checking for g77
configure:5235: result: no
configure:5206: checking for f77
configure:5235: result: no
configure:5206: checking for xlf
configure:5235: result: no
configure:5206: checking for frt
configure:5235: result: no
configure:5206: checking for pgf77
configure:5235: result: no
configure:5206: checking for fort77
configure:5235: result: no
configure:5206: checking for fl32
configure:5235: result: no
configure:5206: checking for af77
configure:5235: result: no
configure:5206: checking for f90
configure:5235: result: no
configure:5206: checking for xlf90
configure:5235: result: no
configure:5206: checking for pgf90
configure:5235: result: no
configure:5206: checking for epcf90
configure:5235: result: no
configure:5206: checking for f95
configure:5235: result: no
configure:5206: checking for fort
configure:5235: result: no
configure:5206: checking for xlf95
configure:5235: result: no
configure:5206: checking for ifc
configure:5235: result: no
configure:5206: checking for efc
configure:5235: result: no
configure:5206: checking for pgf95
configure:5235: result: no
configure:5206: checking for lf95
configure:5235: result: no
configure:5206: checking for gfortran
configure:5235: result: no
configure:5247: checking for Fortran 77 compiler version
configure:5250:  --version </dev/null >&5
./configure: line 5251: --version: command not found
configure:5253: $? = 127
configure:5255:  -v </dev/null >&5
./configure: line 5256: -v: command not found
configure:5258: $? = 127
configure:5260:  -V </dev/null >&5
./configure: line 5261: -V: command not found
configure:5263: $? = 127
configure:5271: checking whether we are using the GNU Fortran 77 compiler
configure:5285:  -c  conftest.F >&5
./configure: line 5286: -c: command not found
configure:5291: $? = 127
configure: failed program was:
|       program main
| #ifndef __GNUC__
|        choke me
| #endif
| 
|       end
configure:5317: result: no
configure:5323: checking whether  accepts -g
configure:5335:  -c -g conftest.f >&5
./configure: line 5336: -c: command not found
configure:5341: $? = 127
configure: failed program was:
|       program main
| 
|       end
configure:5366: result: no
configure:5396: checking the maximum length of command line arguments
configure:5488: result: 32768
configure:5499: checking command to parse mipsel-linux-uclibc-nm output from mipsel-linux-uclibc-gcc object
configure:5595: mipsel-linux-uclibc-gcc -c -Os -mtune=mips32 -pipe -mips32 -funit-at-a-time -DHAVE_MALLOC=1 -Drpl_malloc=malloc  conftest.c >&5
configure:5598: $? = 0
configure:5602: mipsel-linux-uclibc-nm conftest.o \| sed -n -e 's/^.*[ 	]\([ABCDGIRSTW][ABCDGIRSTW]*\)[ 	][ 	]*\([_A-Za-z][_A-Za-z0-9]*\)$/\1 \2 \2/p' \> conftest.nm
configure:5605: $? = 0
configure:5657: mipsel-linux-uclibc-gcc -o conftest -Os -mtune=mips32 -pipe -mips32 -funit-at-a-time -DHAVE_MALLOC=1 -Drpl_malloc=malloc  -s conftest.c conftstm.o >&5
configure:5660: $? = 0
configure:5698: result: ok
configure:5702: checking for objdir
configure:5717: result: .libs
configure:5769: checking for mipsel-linux-elf-ar
configure:5795: result: mipsel-linux-uclibc-ar
configure:5849: checking for mipsel-linux-elf-ranlib
configure:5875: result: mipsel-linux-uclibc-ranlib
configure:5929: checking for mipsel-linux-elf-strip
configure:5955: result: mipsel-linux-uclibc-strip
configure:6281: checking if mipsel-linux-uclibc-gcc static flag  works
configure:6309: result: yes
configure:6327: checking if mipsel-linux-uclibc-gcc supports -fno-rtti -fno-exceptions
configure:6345: mipsel-linux-uclibc-gcc -c -Os -mtune=mips32 -pipe -mips32 -funit-at-a-time -DHAVE_MALLOC=1 -Drpl_malloc=malloc  -fno-rtti -fno-exceptions conftest.c >&5
cc1: warning: command line option "-fno-rtti" is valid for C++/ObjC++ but not for C
configure:6349: $? = 0
configure:6362: result: no
configure:6377: checking for mipsel-linux-uclibc-gcc option to produce PIC
configure:6581: result: -fPIC
configure:6589: checking if mipsel-linux-uclibc-gcc PIC flag -fPIC works
configure:6607: mipsel-linux-uclibc-gcc -c -Os -mtune=mips32 -pipe -mips32 -funit-at-a-time -DHAVE_MALLOC=1 -Drpl_malloc=malloc  -fPIC -DPIC conftest.c >&5
configure:6611: $? = 0
configure:6624: result: yes
configure:6648: checking if mipsel-linux-uclibc-gcc supports -c -o file.o
configure:6669: mipsel-linux-uclibc-gcc -c -Os -mtune=mips32 -pipe -mips32 -funit-at-a-time -DHAVE_MALLOC=1 -Drpl_malloc=malloc  -o out/conftest2.o conftest.c >&5
configure:6673: $? = 0
configure:6695: result: yes
configure:6721: checking whether the mipsel-linux-uclibc-gcc linker (mipsel-linux-uclibc-ld) supports shared libraries
configure:7616: result: yes
configure:7642: checking whether -lc should be explicitly linked in
configure:7647: mipsel-linux-uclibc-gcc -c -Os -mtune=mips32 -pipe -mips32 -funit-at-a-time -DHAVE_MALLOC=1 -Drpl_malloc=malloc  conftest.c >&5
configure:7650: $? = 0
configure:7664: mipsel-linux-uclibc-gcc -shared conftest.o  -v -Wl,-soname -Wl,conftest -o conftest 2\>\&1 \| grep  -lc  \>/dev/null 2\>\&1
configure:7667: $? = 0
configure:7679: result: no
configure:7687: checking dynamic linker characteristics
configure:8250: result: no
configure:8254: checking how to hardcode library paths into programs
configure:8279: result: immediate
configure:8293: checking whether stripping libraries is possible
configure:8298: result: yes
configure:9128: checking if libtool supports shared libraries
configure:9130: result: no
configure:9133: checking whether to build shared libraries
configure:9154: result: no
configure:9157: checking whether to build static libraries
configure:9161: result: yes
configure:9253: creating libtool
configure:9831: checking for ld used by g++
configure:9898: result: mipsel-linux-uclibc-ld
configure:9907: checking if the linker (mipsel-linux-uclibc-ld) is GNU ld
configure:9922: result: yes
configure:9973: checking whether the g++ linker (mipsel-linux-uclibc-ld) supports shared libraries
configure:10860: result: no
configure:10878: g++ -c -g -O2  conftest.cc >&5
configure:10881: $? = 0
configure:10977: checking for g++ option to produce PIC
configure:11245: result: -fPIC
configure:11253: checking if g++ PIC flag -fPIC works
configure:11271: g++ -c -g -O2  -fPIC -DPIC conftest.cc >&5
configure:11275: $? = 0
configure:11288: result: yes
configure:11312: checking if g++ supports -c -o file.o
configure:11333: g++ -c -g -O2  -o out/conftest2.o conftest.cc >&5
configure:11337: $? = 0
configure:11359: result: yes
configure:11385: checking whether the g++ linker (mipsel-linux-uclibc-ld) supports shared libraries
configure:11410: result: no
configure:11481: checking dynamic linker characteristics
configure:12044: result: no
configure:12048: checking how to hardcode library paths into programs
configure:12073: result: immediate
configure:12087: checking whether stripping libraries is possible
configure:12092: result: yes
configure:19635: checking for ANSI C header files
configure:19791: result: yes
configure:19826: checking arpa/inet.h usability
configure:19838: mipsel-linux-uclibc-gcc -c -Os -mtune=mips32 -pipe -mips32 -funit-at-a-time -DHAVE_MALLOC=1 -Drpl_malloc=malloc  conftest.c >&5
configure:19844: $? = 0
configure:19848: test -z 
			 || test ! -s conftest.err
configure:19851: $? = 0
configure:19854: test -s conftest.o
configure:19857: $? = 0
configure:19867: result: yes
configure:19871: checking arpa/inet.h presence
configure:19881: mipsel-linux-uclibc-gcc -E  conftest.c
configure:19887: $? = 0
configure:19907: result: yes
configure:19942: checking for arpa/inet.h
configure:19949: result: yes
configure:19826: checking fcntl.h usability
configure:19838: mipsel-linux-uclibc-gcc -c -Os -mtune=mips32 -pipe -mips32 -funit-at-a-time -DHAVE_MALLOC=1 -Drpl_malloc=malloc  conftest.c >&5
configure:19844: $? = 0
configure:19848: test -z 
			 || test ! -s conftest.err
configure:19851: $? = 0
configure:19854: test -s conftest.o
configure:19857: $? = 0
configure:19867: result: yes
configure:19871: checking fcntl.h presence
configure:19881: mipsel-linux-uclibc-gcc -E  conftest.c
configure:19887: $? = 0
configure:19907: result: yes
configure:19942: checking for fcntl.h
configure:19949: result: yes
configure:19826: checking netdb.h usability
configure:19838: mipsel-linux-uclibc-gcc -c -Os -mtune=mips32 -pipe -mips32 -funit-at-a-time -DHAVE_MALLOC=1 -Drpl_malloc=malloc  conftest.c >&5
configure:19844: $? = 0
configure:19848: test -z 
			 || test ! -s conftest.err
configure:19851: $? = 0
configure:19854: test -s conftest.o
configure:19857: $? = 0
configure:19867: result: yes
configure:19871: checking netdb.h presence
configure:19881: mipsel-linux-uclibc-gcc -E  conftest.c
configure:19887: $? = 0
configure:19907: result: yes
configure:19942: checking for netdb.h
configure:19949: result: yes
configure:19826: checking netinet/in.h usability
configure:19838: mipsel-linux-uclibc-gcc -c -Os -mtune=mips32 -pipe -mips32 -funit-at-a-time -DHAVE_MALLOC=1 -Drpl_malloc=malloc  conftest.c >&5
configure:19844: $? = 0
configure:19848: test -z 
			 || test ! -s conftest.err
configure:19851: $? = 0
configure:19854: test -s conftest.o
configure:19857: $? = 0
configure:19867: result: yes
configure:19871: checking netinet/in.h presence
configure:19881: mipsel-linux-uclibc-gcc -E  conftest.c
configure:19887: $? = 0
configure:19907: result: yes
configure:19942: checking for netinet/in.h
configure:19949: result: yes
configure:19817: checking for stdint.h
configure:19822: result: yes
configure:19817: checking for stdlib.h
configure:19822: result: yes
configure:19817: checking for string.h
configure:19822: result: yes
configure:19826: checking sys/ioctl.h usability
configure:19838: mipsel-linux-uclibc-gcc -c -Os -mtune=mips32 -pipe -mips32 -funit-at-a-time -DHAVE_MALLOC=1 -Drpl_malloc=malloc  conftest.c >&5
configure:19844: $? = 0
configure:19848: test -z 
			 || test ! -s conftest.err
configure:19851: $? = 0
configure:19854: test -s conftest.o
configure:19857: $? = 0
configure:19867: result: yes
configure:19871: checking sys/ioctl.h presence
configure:19881: mipsel-linux-uclibc-gcc -E  conftest.c
configure:19887: $? = 0
configure:19907: result: yes
configure:19942: checking for sys/ioctl.h
configure:19949: result: yes
configure:19826: checking sys/socket.h usability
configure:19838: mipsel-linux-uclibc-gcc -c -Os -mtune=mips32 -pipe -mips32 -funit-at-a-time -DHAVE_MALLOC=1 -Drpl_malloc=malloc  conftest.c >&5
configure:19844: $? = 0
configure:19848: test -z 
			 || test ! -s conftest.err
configure:19851: $? = 0
configure:19854: test -s conftest.o
configure:19857: $? = 0
configure:19867: result: yes
configure:19871: checking sys/socket.h presence
configure:19881: mipsel-linux-uclibc-gcc -E  conftest.c
configure:19887: $? = 0
configure:19907: result: yes
configure:19942: checking for sys/socket.h
configure:19949: result: yes
configure:19826: checking sys/time.h usability
configure:19838: mipsel-linux-uclibc-gcc -c -Os -mtune=mips32 -pipe -mips32 -funit-at-a-time -DHAVE_MALLOC=1 -Drpl_malloc=malloc  conftest.c >&5
configure:19844: $? = 0
configure:19848: test -z 
			 || test ! -s conftest.err
configure:19851: $? = 0
configure:19854: test -s conftest.o
configure:19857: $? = 0
configure:19867: result: yes
configure:19871: checking sys/time.h presence
configure:19881: mipsel-linux-uclibc-gcc -E  conftest.c
configure:19887: $? = 0
configure:19907: result: yes
configure:19942: checking for sys/time.h
configure:19949: result: yes
configure:19826: checking syslog.h usability
configure:19838: mipsel-linux-uclibc-gcc -c -Os -mtune=mips32 -pipe -mips32 -funit-at-a-time -DHAVE_MALLOC=1 -Drpl_malloc=malloc  conftest.c >&5
configure:19844: $? = 0
configure:19848: test -z 
			 || test ! -s conftest.err
configure:19851: $? = 0
configure:19854: test -s conftest.o
configure:19857: $? = 0
configure:19867: result: yes
configure:19871: checking syslog.h presence
configure:19881: mipsel-linux-uclibc-gcc -E  conftest.c
configure:19887: $? = 0
configure:19907: result: yes
configure:19942: checking for syslog.h
configure:19949: result: yes
configure:19817: checking for unistd.h
configure:19822: result: yes
configure:19964: checking for an ANSI C-conforming const
configure:20031: mipsel-linux-uclibc-gcc -c -Os -mtune=mips32 -pipe -mips32 -funit-at-a-time -DHAVE_MALLOC=1 -Drpl_malloc=malloc  conftest.c >&5
configure:20037: $? = 0
configure:20041: test -z 
			 || test ! -s conftest.err
configure:20044: $? = 0
configure:20047: test -s conftest.o
configure:20050: $? = 0
configure:20061: result: yes
configure:20071: checking for mode_t
configure:20095: mipsel-linux-uclibc-gcc -c -Os -mtune=mips32 -pipe -mips32 -funit-at-a-time -DHAVE_MALLOC=1 -Drpl_malloc=malloc  conftest.c >&5
configure:20101: $? = 0
configure:20105: test -z 
			 || test ! -s conftest.err
configure:20108: $? = 0
configure:20111: test -s conftest.o
configure:20114: $? = 0
configure:20125: result: yes
configure:20137: checking whether time.h and sys/time.h may both be included
configure:20162: mipsel-linux-uclibc-gcc -c -Os -mtune=mips32 -pipe -mips32 -funit-at-a-time -DHAVE_MALLOC=1 -Drpl_malloc=malloc  conftest.c >&5
configure:20168: $? = 0
configure:20172: test -z 
			 || test ! -s conftest.err
configure:20175: $? = 0
configure:20178: test -s conftest.o
configure:20181: $? = 0
configure:20192: result: yes
configure:20204: checking for pid_t
configure:20228: mipsel-linux-uclibc-gcc -c -Os -mtune=mips32 -pipe -mips32 -funit-at-a-time -DHAVE_MALLOC=1 -Drpl_malloc=malloc  conftest.c >&5
configure:20234: $? = 0
configure:20238: test -z 
			 || test ! -s conftest.err
configure:20241: $? = 0
configure:20244: test -s conftest.o
configure:20247: $? = 0
configure:20258: result: yes
configure:20276: checking for unistd.h
configure:20281: result: yes
configure:20285: checking vfork.h usability
configure:20297: mipsel-linux-uclibc-gcc -c -Os -mtune=mips32 -pipe -mips32 -funit-at-a-time -DHAVE_MALLOC=1 -Drpl_malloc=malloc  conftest.c >&5
conftest.c:74:19: vfork.h: No such file or directory
configure:20303: $? = 1
configure: failed program was:
| /* confdefs.h.  */
| 
| #define PACKAGE_NAME "chillispot"
| #define PACKAGE_TARNAME "chillispot"
| #define PACKAGE_VERSION "1.0"
| #define PACKAGE_STRING "chillispot 1.0"
| #define PACKAGE_BUGREPORT "bugs@chillispot.org"
| #define PACKAGE "chillispot"
| #define VERSION "1.0"
| #define STDC_HEADERS 1
| #define HAVE_SYS_TYPES_H 1
| #define HAVE_SYS_STAT_H 1
| #define HAVE_STDLIB_H 1
| #define HAVE_STRING_H 1
| #define HAVE_MEMORY_H 1
| #define HAVE_STRINGS_H 1
| #define HAVE_INTTYPES_H 1
| #define HAVE_STDINT_H 1
| #define HAVE_UNISTD_H 1
| #define HAVE_DLFCN_H 1
| #ifdef __cplusplus
| extern "C" void std::exit (int) throw (); using std::exit;
| #endif
| #define STDC_HEADERS 1
| #define HAVE_ARPA_INET_H 1
| #define HAVE_FCNTL_H 1
| #define HAVE_NETDB_H 1
| #define HAVE_NETINET_IN_H 1
| #define HAVE_STDINT_H 1
| #define HAVE_STDLIB_H 1
| #define HAVE_STRING_H 1
| #define HAVE_SYS_IOCTL_H 1
| #define HAVE_SYS_SOCKET_H 1
| #define HAVE_SYS_TIME_H 1
| #define HAVE_SYSLOG_H 1
| #define HAVE_UNISTD_H 1
| #define TIME_WITH_SYS_TIME 1
| #define HAVE_UNISTD_H 1
| /* end confdefs.h.  */
| #include <stdio.h>
| #if HAVE_SYS_TYPES_H
| # include <sys/types.h>
| #endif
| #if HAVE_SYS_STAT_H
| # include <sys/stat.h>
| #endif
| #if STDC_HEADERS
| # include <stdlib.h>
| # include <stddef.h>
| #else
| # if HAVE_STDLIB_H
| #  include <stdlib.h>
| # endif
| #endif
| #if HAVE_STRING_H
| # if !STDC_HEADERS && HAVE_MEMORY_H
| #  include <memory.h>
| # endif
| # include <string.h>
| #endif
| #if HAVE_STRINGS_H
| # include <strings.h>
| #endif
| #if HAVE_INTTYPES_H
| # include <inttypes.h>
| #else
| # if HAVE_STDINT_H
| #  include <stdint.h>
| # endif
| #endif
| #if HAVE_UNISTD_H
| # include <unistd.h>
| #endif
| #include <vfork.h>
configure:20326: result: no
configure:20330: checking vfork.h presence
configure:20340: mipsel-linux-uclibc-gcc -E  conftest.c
conftest.c:40:19: vfork.h: No such file or directory
configure:20346: $? = 1
configure: failed program was:
| /* confdefs.h.  */
| 
| #define PACKAGE_NAME "chillispot"
| #define PACKAGE_TARNAME "chillispot"
| #define PACKAGE_VERSION "1.0"
| #define PACKAGE_STRING "chillispot 1.0"
| #define PACKAGE_BUGREPORT "bugs@chillispot.org"
| #define PACKAGE "chillispot"
| #define VERSION "1.0"
| #define STDC_HEADERS 1
| #define HAVE_SYS_TYPES_H 1
| #define HAVE_SYS_STAT_H 1
| #define HAVE_STDLIB_H 1
| #define HAVE_STRING_H 1
| #define HAVE_MEMORY_H 1
| #define HAVE_STRINGS_H 1
| #define HAVE_INTTYPES_H 1
| #define HAVE_STDINT_H 1
| #define HAVE_UNISTD_H 1
| #define HAVE_DLFCN_H 1
| #ifdef __cplusplus
| extern "C" void std::exit (int) throw (); using std::exit;
| #endif
| #define STDC_HEADERS 1
| #define HAVE_ARPA_INET_H 1
| #define HAVE_FCNTL_H 1
| #define HAVE_NETDB_H 1
| #define HAVE_NETINET_IN_H 1
| #define HAVE_STDINT_H 1
| #define HAVE_STDLIB_H 1
| #define HAVE_STRING_H 1
| #define HAVE_SYS_IOCTL_H 1
| #define HAVE_SYS_SOCKET_H 1
| #define HAVE_SYS_TIME_H 1
| #define HAVE_SYSLOG_H 1
| #define HAVE_UNISTD_H 1
| #define TIME_WITH_SYS_TIME 1
| #define HAVE_UNISTD_H 1
| /* end confdefs.h.  */
| #include <vfork.h>
configure:20366: result: no
configure:20401: checking for vfork.h
configure:20408: result: no
configure:20426: checking for fork
configure:20483: mipsel-linux-uclibc-gcc -o conftest -Os -mtune=mips32 -pipe -mips32 -funit-at-a-time -DHAVE_MALLOC=1 -Drpl_malloc=malloc  -s conftest.c  >&5
configure:20489: $? = 0
configure:20493: test -z 
			 || test ! -s conftest.err
configure:20496: $? = 0
configure:20499: test -s conftest
configure:20502: $? = 0
configure:20514: result: yes
configure:20426: checking for vfork
configure:20483: mipsel-linux-uclibc-gcc -o conftest -Os -mtune=mips32 -pipe -mips32 -funit-at-a-time -DHAVE_MALLOC=1 -Drpl_malloc=malloc  -s conftest.c  >&5
configure:20489: $? = 0
configure:20493: test -z 
			 || test ! -s conftest.err
configure:20496: $? = 0
configure:20499: test -s conftest
configure:20502: $? = 0
configure:20514: result: yes
configure:20525: checking for working fork
configure:20570: result: cross
configure:20586: WARNING: result yes guessed because of cross compilation
configure:20591: checking for working vfork
configure:20724: result: yes
configure:20756: checking whether mipsel-linux-uclibc-gcc needs -traditional
configure:20798: result: no
configure:20810: checking for stdlib.h
configure:20815: result: yes
configure:20955: checking for GNU libc compatible malloc
configure:21006: result: no
configure:21036: checking for working memcmp
configure:21106: result: no
configure:21132: checking sys/select.h usability
configure:21144: mipsel-linux-uclibc-gcc -c -Os -mtune=mips32 -pipe -mips32 -funit-at-a-time -DHAVE_MALLOC=1 -Drpl_malloc=malloc  conftest.c >&5
conftest.c:44:1: warning: "HAVE_MALLOC" redefined
<command line>:1:1: warning: this is the location of the previous definition
configure:21150: $? = 0
configure:21154: test -z 
			 || test ! -s conftest.err
configure:21157: $? = 0
configure:21160: test -s conftest.o
configure:21163: $? = 0
configure:21173: result: yes
configure:21177: checking sys/select.h presence
configure:21187: mipsel-linux-uclibc-gcc -E  conftest.c
configure:21193: $? = 0
configure:21213: result: yes
configure:21248: checking for sys/select.h
configure:21255: result: yes
configure:21123: checking for sys/socket.h
configure:21128: result: yes
configure:21268: checking types of arguments for select
configure:21301: mipsel-linux-uclibc-gcc -c -Os -mtune=mips32 -pipe -mips32 -funit-at-a-time -DHAVE_MALLOC=1 -Drpl_malloc=malloc  conftest.c >&5
conftest.c:44:1: warning: "HAVE_MALLOC" redefined
<command line>:1:1: warning: this is the location of the previous definition
configure:21307: $? = 0
configure:21311: test -z 
			 || test ! -s conftest.err
configure:21314: $? = 0
configure:21317: test -s conftest.o
configure:21320: $? = 0
configure:21336: result: int,fd_set *,struct timeval *
configure:21372: checking for gethostbyname
configure:21429: mipsel-linux-uclibc-gcc -o conftest -Os -mtune=mips32 -pipe -mips32 -funit-at-a-time -DHAVE_MALLOC=1 -Drpl_malloc=malloc  -s conftest.c  >&5
conftest.c:44:1: warning: "HAVE_MALLOC" redefined
<command line>:1:1: warning: this is the location of the previous definition
configure:21435: $? = 0
configure:21439: test -z 
			 || test ! -s conftest.err
configure:21442: $? = 0
configure:21445: test -s conftest
configure:21448: $? = 0
configure:21460: result: yes
configure:21372: checking for gettimeofday
configure:21429: mipsel-linux-uclibc-gcc -o conftest -Os -mtune=mips32 -pipe -mips32 -funit-at-a-time -DHAVE_MALLOC=1 -Drpl_malloc=malloc  -s conftest.c  >&5
conftest.c:44:1: warning: "HAVE_MALLOC" redefined
<command line>:1:1: warning: this is the location of the previous definition
configure:21435: $? = 0
configure:21439: test -z 
			 || test ! -s conftest.err
configure:21442: $? = 0
configure:21445: test -s conftest
configure:21448: $? = 0
configure:21460: result: yes
configure:21372: checking for inet_ntoa
configure:21429: mipsel-linux-uclibc-gcc -o conftest -Os -mtune=mips32 -pipe -mips32 -funit-at-a-time -DHAVE_MALLOC=1 -Drpl_malloc=malloc  -s conftest.c  >&5
conftest.c:44:1: warning: "HAVE_MALLOC" redefined
<command line>:1:1: warning: this is the location of the previous definition
configure:21435: $? = 0
configure:21439: test -z 
			 || test ! -s conftest.err
configure:21442: $? = 0
configure:21445: test -s conftest
configure:21448: $? = 0
configure:21460: result: yes
configure:21372: checking for memset
configure:21429: mipsel-linux-uclibc-gcc -o conftest -Os -mtune=mips32 -pipe -mips32 -funit-at-a-time -DHAVE_MALLOC=1 -Drpl_malloc=malloc  -s conftest.c  >&5
conftest.c:44:1: warning: "HAVE_MALLOC" redefined
<command line>:1:1: warning: this is the location of the previous definition
conftest.c:79: warning: conflicting types for built-in function 'memset'
configure:21435: $? = 0
configure:21439: test -z 
			 || test ! -s conftest.err
configure:21442: $? = 0
configure:21445: test -s conftest
configure:21448: $? = 0
configure:21460: result: yes
configure:21372: checking for select
configure:21429: mipsel-linux-uclibc-gcc -o conftest -Os -mtune=mips32 -pipe -mips32 -funit-at-a-time -DHAVE_MALLOC=1 -Drpl_malloc=malloc  -s conftest.c  >&5
conftest.c:44:1: warning: "HAVE_MALLOC" redefined
<command line>:1:1: warning: this is the location of the previous definition
configure:21435: $? = 0
configure:21439: test -z 
			 || test ! -s conftest.err
configure:21442: $? = 0
configure:21445: test -s conftest
configure:21448: $? = 0
configure:21460: result: yes
configure:21372: checking for socket
configure:21429: mipsel-linux-uclibc-gcc -o conftest -Os -mtune=mips32 -pipe -mips32 -funit-at-a-time -DHAVE_MALLOC=1 -Drpl_malloc=malloc  -s conftest.c  >&5
conftest.c:44:1: warning: "HAVE_MALLOC" redefined
<command line>:1:1: warning: this is the location of the previous definition
configure:21435: $? = 0
configure:21439: test -z 
			 || test ! -s conftest.err
configure:21442: $? = 0
configure:21445: test -s conftest
configure:21448: $? = 0
configure:21460: result: yes
configure:21372: checking for strdup
configure:21429: mipsel-linux-uclibc-gcc -o conftest -Os -mtune=mips32 -pipe -mips32 -funit-at-a-time -DHAVE_MALLOC=1 -Drpl_malloc=malloc  -s conftest.c  >&5
conftest.c:44:1: warning: "HAVE_MALLOC" redefined
<command line>:1:1: warning: this is the location of the previous definition
conftest.c:82: warning: conflicting types for built-in function 'strdup'
configure:21435: $? = 0
configure:21439: test -z 
			 || test ! -s conftest.err
configure:21442: $? = 0
configure:21445: test -s conftest
configure:21448: $? = 0
configure:21460: result: yes
configure:21372: checking for strerror
configure:21429: mipsel-linux-uclibc-gcc -o conftest -Os -mtune=mips32 -pipe -mips32 -funit-at-a-time -DHAVE_MALLOC=1 -Drpl_malloc=malloc  -s conftest.c  >&5
conftest.c:44:1: warning: "HAVE_MALLOC" redefined
<command line>:1:1: warning: this is the location of the previous definition
configure:21435: $? = 0
configure:21439: test -z 
			 || test ! -s conftest.err
configure:21442: $? = 0
configure:21445: test -s conftest
configure:21448: $? = 0
configure:21460: result: yes
configure:21372: checking for strstr
configure:21429: mipsel-linux-uclibc-gcc -o conftest -Os -mtune=mips32 -pipe -mips32 -funit-at-a-time -DHAVE_MALLOC=1 -Drpl_malloc=malloc  -s conftest.c  >&5
conftest.c:44:1: warning: "HAVE_MALLOC" redefined
<command line>:1:1: warning: this is the location of the previous definition
conftest.c:84: warning: conflicting types for built-in function 'strstr'
configure:21435: $? = 0
configure:21439: test -z 
			 || test ! -s conftest.err
configure:21442: $? = 0
configure:21445: test -s conftest
configure:21448: $? = 0
configure:21460: result: yes
configure:21372: checking for strtol
configure:21429: mipsel-linux-uclibc-gcc -o conftest -Os -mtune=mips32 -pipe -mips32 -funit-at-a-time -DHAVE_MALLOC=1 -Drpl_malloc=malloc  -s conftest.c  >&5
conftest.c:44:1: warning: "HAVE_MALLOC" redefined
<command line>:1:1: warning: this is the location of the previous definition
configure:21435: $? = 0
configure:21439: test -z 
			 || test ! -s conftest.err
configure:21442: $? = 0
configure:21445: test -s conftest
configure:21448: $? = 0
configure:21460: result: yes
configure:21589: creating ./config.status

## ---------------------- ##
## Running config.status. ##
## ---------------------- ##

This file was extended by chillispot config.status 1.0, which was
generated by GNU Autoconf 2.59.  Invocation command line was

  CONFIG_FILES    = 
  CONFIG_HEADERS  = 
  CONFIG_LINKS    = 
  CONFIG_COMMANDS = 
  $ ./config.status 

on dbserver

config.status:717: creating Makefile
config.status:717: creating doc/Makefile
config.status:717: creating src/Makefile
config.status:717: creating chillispot.spec
config.status:821: creating config.h
config.status:1021: config.h is unchanged
config.status:1201: executing depfiles commands

## ---------------- ##
## Cache variables. ##
## ---------------- ##

ac_cv_build=x86_64-unknown-linux-gnu
ac_cv_build_alias=x86_64-unknown-linux-gnu
ac_cv_c_compiler_gnu=yes
ac_cv_c_const=yes
ac_cv_cxx_compiler_gnu=yes
ac_cv_env_CC_set=set
ac_cv_env_CC_value=mipsel-linux-uclibc-gcc
ac_cv_env_CFLAGS_set=set
ac_cv_env_CFLAGS_value='-Os -mtune=mips32 -pipe -mips32 -funit-at-a-time -DHAVE_MALLOC=1 -Drpl_malloc=malloc'
ac_cv_env_CPPFLAGS_set=
ac_cv_env_CPPFLAGS_value=
ac_cv_env_CPP_set=
ac_cv_env_CPP_value=
ac_cv_env_CXXCPP_set=
ac_cv_env_CXXCPP_value=
ac_cv_env_CXXFLAGS_set=
ac_cv_env_CXXFLAGS_value=
ac_cv_env_CXX_set=
ac_cv_env_CXX_value=
ac_cv_env_F77_set=
ac_cv_env_F77_value=
ac_cv_env_FFLAGS_set=
ac_cv_env_FFLAGS_value=
ac_cv_env_LDFLAGS_set=set
ac_cv_env_LDFLAGS_value=-s
ac_cv_env_build_alias_set=
ac_cv_env_build_alias_value=
ac_cv_env_host_alias_set=set
ac_cv_env_host_alias_value=mipsel-linux-elf
ac_cv_env_target_alias_set=
ac_cv_env_target_alias_value=
ac_cv_exeext=
ac_cv_f77_compiler_gnu=no
ac_cv_func_fork=yes
ac_cv_func_fork_works=yes
ac_cv_func_gethostbyname=yes
ac_cv_func_gettimeofday=yes
ac_cv_func_inet_ntoa=yes
ac_cv_func_malloc_0_nonnull=no
ac_cv_func_memcmp_working=no
ac_cv_func_memset=yes
ac_cv_func_select=yes
ac_cv_func_select_args='int,fd_set *,struct timeval *'
ac_cv_func_socket=yes
ac_cv_func_strdup=yes
ac_cv_func_strerror=yes
ac_cv_func_strstr=yes
ac_cv_func_strtol=yes
ac_cv_func_vfork=yes
ac_cv_func_vfork_works=yes
ac_cv_header_arpa_inet_h=yes
ac_cv_header_dlfcn_h=yes
ac_cv_header_fcntl_h=yes
ac_cv_header_inttypes_h=yes
ac_cv_header_memory_h=yes
ac_cv_header_netdb_h=yes
ac_cv_header_netinet_in_h=yes
ac_cv_header_stdc=yes
ac_cv_header_stdint_h=yes
ac_cv_header_stdlib_h=yes
ac_cv_header_string_h=yes
ac_cv_header_strings_h=yes
ac_cv_header_sys_ioctl_h=yes
ac_cv_header_sys_select_h=yes
ac_cv_header_sys_socket_h=yes
ac_cv_header_sys_stat_h=yes
ac_cv_header_sys_time_h=yes
ac_cv_header_sys_types_h=yes
ac_cv_header_syslog_h=yes
ac_cv_header_time=yes
ac_cv_header_unistd_h=yes
ac_cv_header_vfork_h=no
ac_cv_host=mipsel-linux-elf
ac_cv_host_alias=mipsel-linux-elf
ac_cv_objext=o
ac_cv_path_install='/usr/bin/install -c'
ac_cv_prog_AR=mipsel-linux-uclibc-ar
ac_cv_prog_AWK=gawk
ac_cv_prog_CC=mipsel-linux-uclibc-gcc
ac_cv_prog_CPP='mipsel-linux-uclibc-gcc -E'
ac_cv_prog_CXXCPP='g++ -E'
ac_cv_prog_RANLIB=mipsel-linux-uclibc-ranlib
ac_cv_prog_STRIP=mipsel-linux-uclibc-strip
ac_cv_prog_ac_ct_CXX=g++
ac_cv_prog_cc_g=yes
ac_cv_prog_cc_stdc=
ac_cv_prog_cxx_g=yes
ac_cv_prog_egrep='grep -E'
ac_cv_prog_f77_g=no
ac_cv_prog_gcc_traditional=no
ac_cv_prog_make_make_set=yes
ac_cv_type_mode_t=yes
ac_cv_type_pid_t=yes
am_cv_CC_dependencies_compiler_type=gcc3
am_cv_CXX_dependencies_compiler_type=gcc3
lt_cv_deplibs_check_method=unknown
lt_cv_file_magic_cmd='$MAGIC_CMD'
lt_cv_file_magic_test_file=
lt_cv_ld_reload_flag=-r
lt_cv_objdir=.libs
lt_cv_path_LD=mipsel-linux-uclibc-ld
lt_cv_path_LDCXX=mipsel-linux-uclibc-ld
lt_cv_path_NM=mipsel-linux-uclibc-nm
lt_cv_path_SED=/home/dd-wrt/openwrt/openwrt/staging_dir_mipsel/bin//sed
lt_cv_prog_compiler_c_o=yes
lt_cv_prog_compiler_c_o_CXX=yes
lt_cv_prog_compiler_rtti_exceptions=no
lt_cv_prog_gnu_ld=yes
lt_cv_prog_gnu_ldcxx=yes
lt_cv_sys_global_symbol_pipe='sed -n -e '\''s/^.*[ 	]\([ABCDGIRSTW][ABCDGIRSTW]*\)[ 	][ 	]*\([_A-Za-z][_A-Za-z0-9]*\)$/\1 \2 \2/p'\'''
lt_cv_sys_global_symbol_to_c_name_address='sed -n -e '\''s/^: \([^ ]*\) $/  {\"\1\", (lt_ptr) 0},/p'\'' -e '\''s/^[BCDEGRST] \([^ ]*\) \([^ ]*\)$/  {"\2", (lt_ptr) \&\2},/p'\'''
lt_cv_sys_global_symbol_to_cdecl='sed -n -e '\''s/^. .* \(.*\)$/extern int \1;/p'\'''
lt_cv_sys_max_cmd_len=32768
lt_lt_cv_prog_compiler_c_o='"yes"'
lt_lt_cv_prog_compiler_c_o_CXX='"yes"'
lt_lt_cv_sys_global_symbol_pipe='"sed -n -e '\''s/^.*[ 	]\\([ABCDGIRSTW][ABCDGIRSTW]*\\)[ 	][ 	]*\\([_A-Za-z][_A-Za-z0-9]*\\)\$/\\1 \\2 \\2/p'\''"'
lt_lt_cv_sys_global_symbol_to_c_name_address='"sed -n -e '\''s/^: \\([^ ]*\\) \$/  {\\\"\\1\\\", (lt_ptr) 0},/p'\'' -e '\''s/^[BCDEGRST] \\([^ ]*\\) \\([^ ]*\\)\$/  {\"\\2\", (lt_ptr) \\&\\2},/p'\''"'
lt_lt_cv_sys_global_symbol_to_cdecl='"sed -n -e '\''s/^. .* \\(.*\\)\$/extern int \\1;/p'\''"'

## ----------------- ##
## Output variables. ##
## ----------------- ##

ACLOCAL='${SHELL} /home/dd-wrt/DEV/src/router/chillispot/missing --run aclocal-1.9'
AMDEPBACKSLASH='\'
AMDEP_FALSE='#'
AMDEP_TRUE=''
AMTAR='${SHELL} /home/dd-wrt/DEV/src/router/chillispot/missing --run tar'
AR='mipsel-linux-uclibc-ar'
AUTOCONF='${SHELL} /home/dd-wrt/DEV/src/router/chillispot/missing --run autoconf'
AUTOHEADER='${SHELL} /home/dd-wrt/DEV/src/router/chillispot/missing --run autoheader'
AUTOMAKE='${SHELL} /home/dd-wrt/DEV/src/router/chillispot/missing --run automake-1.9'
AWK='gawk'
CC='mipsel-linux-uclibc-gcc'
CCDEPMODE='depmode=gcc3'
CFLAGS='-Os -mtune=mips32 -pipe -mips32 -funit-at-a-time -DHAVE_MALLOC=1 -Drpl_malloc=malloc'
CPP='mipsel-linux-uclibc-gcc -E'
CPPFLAGS=''
CXX='g++'
CXXCPP='g++ -E'
CXXDEPMODE='depmode=gcc3'
CXXFLAGS='-g -O2'
CYGPATH_W='echo'
DEFS='-DHAVE_CONFIG_H'
DEPDIR='.deps'
ECHO='echo'
ECHO_C=''
ECHO_N='-n'
ECHO_T=''
EGREP='grep -E'
EXEEXT=''
F77=''
FFLAGS=''
INSTALL_DATA='${INSTALL} -m 644'
INSTALL_PROGRAM='${INSTALL}'
INSTALL_SCRIPT='${INSTALL}'
INSTALL_STRIP_PROGRAM='${SHELL} $(install_sh) -c -s'
LDFLAGS='-s'
LIBOBJS=' malloc$U.o memcmp$U.o'
LIBS=''
LIBTOOL='$(SHELL) $(top_builddir)/libtool'
LN_S='ln -s'
LTLIBOBJS=' malloc$U.lo memcmp$U.lo'
MAKEINFO='${SHELL} /home/dd-wrt/DEV/src/router/chillispot/missing --run makeinfo'
OBJEXT='o'
PACKAGE='chillispot'
PACKAGE_BUGREPORT='bugs@chillispot.org'
PACKAGE_NAME='chillispot'
PACKAGE_STRING='chillispot 1.0'
PACKAGE_TARNAME='chillispot'
PACKAGE_VERSION='1.0'
PATH_SEPARATOR=':'
RANLIB='mipsel-linux-uclibc-ranlib'
SET_MAKE=''
SHELL='/bin/sh'
STRIP='mipsel-linux-uclibc-strip'
VERSION='1.0'
ac_ct_AR=''
ac_ct_CC=''
ac_ct_CXX='g++'
ac_ct_F77=''
ac_ct_RANLIB=''
ac_ct_STRIP=''
am__fastdepCC_FALSE='#'
am__fastdepCC_TRUE=''
am__fastdepCXX_FALSE='#'
am__fastdepCXX_TRUE=''
am__include='include'
am__leading_dot='.'
am__quote=''
am__tar='${AMTAR} chof - "$$tardir"'
am__untar='${AMTAR} xf -'
bindir='${exec_prefix}/bin'
build='x86_64-unknown-linux-gnu'
build_alias=''
build_cpu='x86_64'
build_os='linux-gnu'
build_vendor='unknown'
datadir='${prefix}/share'
exec_prefix='${prefix}'
host='mipsel-linux-elf'
host_alias='mipsel-linux-elf'
host_cpu='mipsel'
host_os='elf'
host_vendor='linux'
includedir='${prefix}/include'
infodir='${prefix}/info'
install_sh='/home/dd-wrt/DEV/src/router/chillispot/install-sh'
libdir='${exec_prefix}/lib'
libexecdir='${exec_prefix}/libexec'
localstatedir='${prefix}/var'
mandir='${prefix}/man'
mkdir_p='mkdir -p --'
oldincludedir='/usr/include'
prefix='/usr/local'
program_transform_name='s,x,x,'
sbindir='${exec_prefix}/sbin'
sharedstatedir='${prefix}/com'
sysconfdir='${prefix}/etc'
target_alias=''

## ----------- ##
## confdefs.h. ##
## ----------- ##

#define HAVE_ARPA_INET_H 1
#define HAVE_DLFCN_H 1
#define HAVE_FCNTL_H 1
#define HAVE_FORK 1
#define HAVE_GETHOSTBYNAME 1
#define HAVE_GETTIMEOFDAY 1
#define HAVE_INET_NTOA 1
#define HAVE_INTTYPES_H 1
#define HAVE_MALLOC 0
#define HAVE_MEMORY_H 1
#define HAVE_MEMSET 1
#define HAVE_NETDB_H 1
#define HAVE_NETINET_IN_H 1
#define HAVE_SELECT 1
#define HAVE_SOCKET 1
#define HAVE_STDINT_H 1
#define HAVE_STDINT_H 1
#define HAVE_STDLIB_H 1
#define HAVE_STDLIB_H 1
#define HAVE_STDLIB_H 1
#define HAVE_STRDUP 1
#define HAVE_STRERROR 1
#define HAVE_STRINGS_H 1
#define HAVE_STRING_H 1
#define HAVE_STRING_H 1
#define HAVE_STRSTR 1
#define HAVE_STRTOL 1
#define HAVE_SYSLOG_H 1
#define HAVE_SYS_IOCTL_H 1
#define HAVE_SYS_SELECT_H 1
#define HAVE_SYS_SOCKET_H 1
#define HAVE_SYS_SOCKET_H 1
#define HAVE_SYS_STAT_H 1
#define HAVE_SYS_TIME_H 1
#define HAVE_SYS_TYPES_H 1
#define HAVE_UNISTD_H 1
#define HAVE_UNISTD_H 1
#define HAVE_UNISTD_H 1
#define HAVE_VFORK 1
#define HAVE_WORKING_FORK 1
#define HAVE_WORKING_VFORK 1
#define PACKAGE "chillispot"
#define PACKAGE_BUGREPORT "bugs@chillispot.org"
#define PACKAGE_NAME "chillispot"
#define PACKAGE_STRING "chillispot 1.0"
#define PACKAGE_TARNAME "chillispot"
#define PACKAGE_VERSION "1.0"
#define SELECT_TYPE_ARG1 int
#define SELECT_TYPE_ARG234 (fd_set *)
#define SELECT_TYPE_ARG5 (struct timeval *)
#define STDC_HEADERS 1
#define STDC_HEADERS 1
#define TIME_WITH_SYS_TIME 1
#define VERSION "1.0"
#define malloc rpl_malloc
#endif
#ifdef __cplusplus
extern "C" void std::exit (int) throw (); using std::exit;

configure: exit 0
