This file contains any messages produced by compilers while
running configure, to aid debugging if configure makes a mistake.

It was created by configure, which was
generated by GNU Autoconf 2.53.  Invocation command line was

  $ ./configure --host=mipsel-linux --prefix=/usr --disable-client --with-sysconfig=sysdep/cf/linux-22.h --localstatedir=/tmp/bird --sysconfdir=/tmp/bird --no-create --no-recursion

## --------- ##
## Platform. ##
## --------- ##

hostname = colinux
uname -m = i686
uname -r = 2.6.10-co-0.6.2
uname -s = Linux
uname -v = #5 Sat Feb 5 10:19:16 IST 2005

/usr/bin/uname -p = unknown
/bin/uname -X     = unknown

/bin/arch              = i686
/usr/bin/arch -k       = unknown
/usr/convex/getsysinfo = unknown
hostinfo               = unknown
/bin/machine           = unknown
/usr/bin/oslevel       = unknown
/bin/universe          = unknown

PATH: /home/backup/mikrotik/toolchain/bin/
PATH: /usr/local/sbin
PATH: /usr/local/bin
PATH: /usr/sbin
PATH: /usr/bin
PATH: /sbin
PATH: /bin
PATH: /usr/bin/X11


## ----------- ##
## Core tests. ##
## ----------- ##

configure:1322: checking build system type
configure:1340: result: i686-pc-linux-gnu
configure:1348: checking host system type
configure:1362: result: mipsel-unknown-linux-gnu
configure:1379: checking for mipsel-linux-gcc
configure:1395: found /home/backup/mikrotik/toolchain/bin//mipsel-linux-gcc
configure:1405: result: mipsel-linux-gcc
configure:1687: checking for C compiler version
configure:1690: mipsel-linux-gcc --version </dev/null >&5
mipsel-linux-gcc (GCC) 3.4.5
Copyright (C) 2004 Free Software Foundation, Inc.
This is free software; see the source for copying conditions.  There is NO
warranty; not even for MERCHANTABILITY or FITNESS FOR A PARTICULAR PURPOSE.

configure:1693: $? = 0
configure:1695: mipsel-linux-gcc -v </dev/null >&5
Reading specs from /home/backup/mikrotik/toolchain/bin/../lib/gcc/mipsel-linux-uclibc/3.4.5/specs
Configured with: /home/backup/whiterussian/openwrt/toolchain_build_mipsel/gcc-3.4.5/configure --prefix=/home/backup/whiterussian/openwrt/staging_dir_mipsel --build=i386-pc-linux-gnu --host=i386-pc-linux-gnu --target=mipsel-linux-uclibc --enable-languages=c,c++ --enable-shared --disable-__cxa_atexit --enable-target-optspace --with-gnu-ld --disable-nls
Thread model: posix
gcc version 3.4.5
configure:1698: $? = 0
configure:1700: mipsel-linux-gcc -V </dev/null >&5
mipsel-linux-gcc: `-V' option must have argument
configure:1703: $? = 1
configure:1729: checking for C compiler default output
configure:1732: mipsel-linux-gcc    conftest.c  >&5
configure:1735: $? = 0
configure:1768: result: a.out
configure:1773: checking whether the C compiler works
configure:1779: ./a.out
./configure: line 1780: ./a.out: cannot execute binary file
configure:1782: $? = 126
configure:1797: result: yes
configure:1804: checking whether we are cross compiling
configure:1806: result: yes
configure:1809: checking for suffix of executables
configure:1811: mipsel-linux-gcc -o conftest    conftest.c  >&5
configure:1814: $? = 0
configure:1836: result: 
configure:1842: checking for suffix of object files
configure:1866: mipsel-linux-gcc -c   conftest.c >&5
configure:1869: $? = 0
configure:1888: result: o
configure:1892: checking whether we are using the GNU C compiler
configure:1919: mipsel-linux-gcc -c   conftest.c >&5
configure:1922: $? = 0
configure:1925: test -s conftest.o
configure:1928: $? = 0
configure:1940: result: yes
configure:1946: checking whether mipsel-linux-gcc accepts -g
configure:1970: mipsel-linux-gcc -c -g  conftest.c >&5
configure:1973: $? = 0
configure:1976: test -s conftest.o
configure:1979: $? = 0
configure:1989: result: yes
configure:2016: mipsel-linux-gcc -c -g -O2  conftest.c >&5
conftest.c:2: error: syntax error before "me"
configure:2019: $? = 1
configure: failed program was:
#ifndef __cplusplus
  choke me
#endif
configure:2134: checking what CFLAGS should we use
configure:2147: result: -g -O2 -Wall -W -Wstrict-prototypes -Wno-parentheses -Wno-unused
configure:2155: checking how to run the C preprocessor
configure:2181: mipsel-linux-gcc -E  conftest.c
configure:2187: $? = 0
configure:2214: mipsel-linux-gcc -E  conftest.c
configure:2210:28: ac_nonexistent.h: No such file or directory
configure:2220: $? = 1
configure: failed program was:
#line 2209 "configure"
#include "confdefs.h"
#include <ac_nonexistent.h>
configure:2257: result: mipsel-linux-gcc -E
configure:2272: mipsel-linux-gcc -E  conftest.c
configure:2278: $? = 0
configure:2305: mipsel-linux-gcc -E  conftest.c
configure:2301:28: ac_nonexistent.h: No such file or directory
configure:2311: $? = 1
configure: failed program was:
#line 2300 "configure"
#include "confdefs.h"
#include <ac_nonexistent.h>
configure:2362: checking for a BSD-compatible install
configure:2416: result: /usr/bin/install -c
configure:2430: checking for mipsel-linux-ranlib
configure:2446: found /home/backup/mikrotik/toolchain/bin//mipsel-linux-ranlib
configure:2456: result: mipsel-linux-ranlib
configure:2509: checking for flex
configure:2525: found /usr/bin/flex
configure:2535: result: flex
configure:2544: checking for bison
configure:2560: found /usr/bin/bison
configure:2570: result: bison
configure:2581: checking for gm4
configure:2610: result: no
configure:2581: checking for m4
configure:2597: found /usr/bin/m4
configure:2607: result: m4
configure:2716: checking which OS configuration should we use
configure:2718: result: sysdep/cf/linux-22.h
configure:2731: checking system-dependent directories
configure:2734: result: sysdep/linux/netlink sysdep/linux sysdep/unix  lib
configure:2738: checking protocols
configure:2755: result: ok
configure:2761: checking for linux/rtnetlink.h
configure:2777: mipsel-linux-gcc -c -g -O2 -Wall -W -Wstrict-prototypes -Wno-parentheses -Wno-unused  conftest.c >&5
configure:2780: $? = 0
configure:2783: test -s conftest.o
configure:2786: $? = 0
configure:2796: result: yes
configure:2810: checking for ANSI C header files
configure:2824: mipsel-linux-gcc -E  conftest.c
configure:2830: $? = 0
configure:2939: result: yes
configure:2963: checking for sys/types.h
configure:2976: mipsel-linux-gcc -c -g -O2 -Wall -W -Wstrict-prototypes -Wno-parentheses -Wno-unused  conftest.c >&5
configure:2979: $? = 0
configure:2982: test -s conftest.o
configure:2985: $? = 0
configure:2995: result: yes
configure:2963: checking for sys/stat.h
configure:2976: mipsel-linux-gcc -c -g -O2 -Wall -W -Wstrict-prototypes -Wno-parentheses -Wno-unused  conftest.c >&5
configure:2979: $? = 0
configure:2982: test -s conftest.o
configure:2985: $? = 0
configure:2995: result: yes
configure:2963: checking for stdlib.h
configure:2976: mipsel-linux-gcc -c -g -O2 -Wall -W -Wstrict-prototypes -Wno-parentheses -Wno-unused  conftest.c >&5
configure:2979: $? = 0
configure:2982: test -s conftest.o
configure:2985: $? = 0
configure:2995: result: yes
configure:2963: checking for string.h
configure:2976: mipsel-linux-gcc -c -g -O2 -Wall -W -Wstrict-prototypes -Wno-parentheses -Wno-unused  conftest.c >&5
configure:2979: $? = 0
configure:2982: test -s conftest.o
configure:2985: $? = 0
configure:2995: result: yes
configure:2963: checking for memory.h
configure:2976: mipsel-linux-gcc -c -g -O2 -Wall -W -Wstrict-prototypes -Wno-parentheses -Wno-unused  conftest.c >&5
configure:2979: $? = 0
configure:2982: test -s conftest.o
configure:2985: $? = 0
configure:2995: result: yes
configure:2963: checking for strings.h
configure:2976: mipsel-linux-gcc -c -g -O2 -Wall -W -Wstrict-prototypes -Wno-parentheses -Wno-unused  conftest.c >&5
configure:2979: $? = 0
configure:2982: test -s conftest.o
configure:2985: $? = 0
configure:2995: result: yes
configure:2963: checking for inttypes.h
configure:2976: mipsel-linux-gcc -c -g -O2 -Wall -W -Wstrict-prototypes -Wno-parentheses -Wno-unused  conftest.c >&5
configure:2979: $? = 0
configure:2982: test -s conftest.o
configure:2985: $? = 0
configure:2995: result: yes
configure:2963: checking for stdint.h
configure:2976: mipsel-linux-gcc -c -g -O2 -Wall -W -Wstrict-prototypes -Wno-parentheses -Wno-unused  conftest.c >&5
configure:2979: $? = 0
configure:2982: test -s conftest.o
configure:2985: $? = 0
configure:2995: result: yes
configure:2963: checking for unistd.h
configure:2976: mipsel-linux-gcc -c -g -O2 -Wall -W -Wstrict-prototypes -Wno-parentheses -Wno-unused  conftest.c >&5
configure:2979: $? = 0
configure:2982: test -s conftest.o
configure:2985: $? = 0
configure:2995: result: yes
configure:3017: checking syslog.h usability
configure:3026: mipsel-linux-gcc -c -g -O2 -Wall -W -Wstrict-prototypes -Wno-parentheses -Wno-unused  conftest.c >&5
configure:3029: $? = 0
configure:3032: test -s conftest.o
configure:3035: $? = 0
configure:3044: result: yes
configure:3048: checking syslog.h presence
configure:3055: mipsel-linux-gcc -E  conftest.c
configure:3061: $? = 0
configure:3079: result: yes
configure:3097: checking for syslog.h
configure:3104: result: yes
configure:3126: checking alloca.h usability
configure:3135: mipsel-linux-gcc -c -g -O2 -Wall -W -Wstrict-prototypes -Wno-parentheses -Wno-unused  conftest.c >&5
configure:3138: $? = 0
configure:3141: test -s conftest.o
configure:3144: $? = 0
configure:3153: result: yes
configure:3157: checking alloca.h presence
configure:3164: mipsel-linux-gcc -E  conftest.c
configure:3170: $? = 0
configure:3188: result: yes
configure:3206: checking for alloca.h
configure:3213: result: yes
configure:3225: checking whether 'struct sockaddr' has sa_len
configure:3248: mipsel-linux-gcc -c -g -O2 -Wall -W -Wstrict-prototypes -Wno-parentheses -Wno-unused  conftest.c >&5
configure:3239: warning: function declaration isn't a prototype
configure: In function `main':
configure:3240: error: structure has no member named `sa_len'
configure:3251: $? = 1
configure: failed program was:
#line 3227 "configure"
#include "confdefs.h"
#include <sys/types.h>
  #include <sys/socket.h>

#ifdef F77_DUMMY_MAIN
#  ifdef __cplusplus
     extern "C"
#  endif
   int F77_DUMMY_MAIN() { return 1; }
#endif
int
main ()
{
static struct sockaddr sa; int i = sizeof(sa.sa_len);
  ;
  return 0;
}
configure:3269: result: no
configure:3274: checking for char
configure:3301: mipsel-linux-gcc -c -g -O2 -Wall -W -Wstrict-prototypes -Wno-parentheses -Wno-unused  conftest.c >&5
configure:3322: warning: function declaration isn't a prototype
configure:3304: $? = 0
configure:3307: test -s conftest.o
configure:3310: $? = 0
configure:3320: result: yes
configure:3323: checking size of char
configure:3356: mipsel-linux-gcc -c -g -O2 -Wall -W -Wstrict-prototypes -Wno-parentheses -Wno-unused  conftest.c >&5
configure:3378: warning: function declaration isn't a prototype
configure:3359: $? = 0
configure:3362: test -s conftest.o
configure:3365: $? = 0
configure:3390: mipsel-linux-gcc -c -g -O2 -Wall -W -Wstrict-prototypes -Wno-parentheses -Wno-unused  conftest.c >&5
configure:3412: warning: function declaration isn't a prototype
configure: In function `main':
configure:3413: error: size of array `test_array' is negative
configure:3393: $? = 1
configure: failed program was:
#line 3369 "configure"
#include "confdefs.h"
#include <stdio.h>
#if HAVE_SYS_TYPES_H
# include <sys/types.h>
#endif
#if HAVE_SYS_STAT_H
# include <sys/stat.h>
#endif
#if STDC_HEADERS
# include <stdlib.h>
# include <stddef.h>
#else
# if HAVE_STDLIB_H
#  include <stdlib.h>
# endif
#endif
#if HAVE_STRING_H
# if !STDC_HEADERS && HAVE_MEMORY_H
#  include <memory.h>
# endif
# include <string.h>
#endif
#if HAVE_STRINGS_H
# include <strings.h>
#endif
#if HAVE_INTTYPES_H
# include <inttypes.h>
#else
# if HAVE_STDINT_H
#  include <stdint.h>
# endif
#endif
#if HAVE_UNISTD_H
# include <unistd.h>
#endif
#ifdef F77_DUMMY_MAIN
#  ifdef __cplusplus
     extern "C"
#  endif
   int F77_DUMMY_MAIN() { return 1; }
#endif
int
main ()
{
static int test_array [1 - 2 * !(((long) (sizeof (char))) <= 0)];
test_array [0] = 0

  ;
  return 0;
}
configure:3390: mipsel-linux-gcc -c -g -O2 -Wall -W -Wstrict-prototypes -Wno-parentheses -Wno-unused  conftest.c >&5
configure:3412: warning: function declaration isn't a prototype
configure:3393: $? = 0
configure:3396: test -s conftest.o
configure:3399: $? = 0
configure:3629: result: 1
configure:3636: checking for short int
configure:3663: mipsel-linux-gcc -c -g -O2 -Wall -W -Wstrict-prototypes -Wno-parentheses -Wno-unused  conftest.c >&5
configure:3684: warning: function declaration isn't a prototype
configure:3666: $? = 0
configure:3669: test -s conftest.o
configure:3672: $? = 0
configure:3682: result: yes
configure:3685: checking size of short int
configure:3718: mipsel-linux-gcc -c -g -O2 -Wall -W -Wstrict-prototypes -Wno-parentheses -Wno-unused  conftest.c >&5
configure:3740: warning: function declaration isn't a prototype
configure:3721: $? = 0
configure:3724: test -s conftest.o
configure:3727: $? = 0
configure:3752: mipsel-linux-gcc -c -g -O2 -Wall -W -Wstrict-prototypes -Wno-parentheses -Wno-unused  conftest.c >&5
configure:3774: warning: function declaration isn't a prototype
configure: In function `main':
configure:3775: error: size of array `test_array' is negative
configure:3755: $? = 1
configure: failed program was:
#line 3731 "configure"
#include "confdefs.h"
#include <stdio.h>
#if HAVE_SYS_TYPES_H
# include <sys/types.h>
#endif
#if HAVE_SYS_STAT_H
# include <sys/stat.h>
#endif
#if STDC_HEADERS
# include <stdlib.h>
# include <stddef.h>
#else
# if HAVE_STDLIB_H
#  include <stdlib.h>
# endif
#endif
#if HAVE_STRING_H
# if !STDC_HEADERS && HAVE_MEMORY_H
#  include <memory.h>
# endif
# include <string.h>
#endif
#if HAVE_STRINGS_H
# include <strings.h>
#endif
#if HAVE_INTTYPES_H
# include <inttypes.h>
#else
# if HAVE_STDINT_H
#  include <stdint.h>
# endif
#endif
#if HAVE_UNISTD_H
# include <unistd.h>
#endif
#ifdef F77_DUMMY_MAIN
#  ifdef __cplusplus
     extern "C"
#  endif
   int F77_DUMMY_MAIN() { return 1; }
#endif
int
main ()
{
static int test_array [1 - 2 * !(((long) (sizeof (short int))) <= 0)];
test_array [0] = 0

  ;
  return 0;
}
configure:3752: mipsel-linux-gcc -c -g -O2 -Wall -W -Wstrict-prototypes -Wno-parentheses -Wno-unused  conftest.c >&5
configure:3774: warning: function declaration isn't a prototype
configure: In function `main':
configure:3775: error: size of array `test_array' is negative
configure:3755: $? = 1
configure: failed program was:
#line 3731 "configure"
#include "confdefs.h"
#include <stdio.h>
#if HAVE_SYS_TYPES_H
# include <sys/types.h>
#endif
#if HAVE_SYS_STAT_H
# include <sys/stat.h>
#endif
#if STDC_HEADERS
# include <stdlib.h>
# include <stddef.h>
#else
# if HAVE_STDLIB_H
#  include <stdlib.h>
# endif
#endif
#if HAVE_STRING_H
# if !STDC_HEADERS && HAVE_MEMORY_H
#  include <memory.h>
# endif
# include <string.h>
#endif
#if HAVE_STRINGS_H
# include <strings.h>
#endif
#if HAVE_INTTYPES_H
# include <inttypes.h>
#else
# if HAVE_STDINT_H
#  include <stdint.h>
# endif
#endif
#if HAVE_UNISTD_H
# include <unistd.h>
#endif
#ifdef F77_DUMMY_MAIN
#  ifdef __cplusplus
     extern "C"
#  endif
   int F77_DUMMY_MAIN() { return 1; }
#endif
int
main ()
{
static int test_array [1 - 2 * !(((long) (sizeof (short int))) <= 1)];
test_array [0] = 0

  ;
  return 0;
}
configure:3752: mipsel-linux-gcc -c -g -O2 -Wall -W -Wstrict-prototypes -Wno-parentheses -Wno-unused  conftest.c >&5
configure:3774: warning: function declaration isn't a prototype
configure:3755: $? = 0
configure:3758: test -s conftest.o
configure:3761: $? = 0
configure:3890: mipsel-linux-gcc -c -g -O2 -Wall -W -Wstrict-prototypes -Wno-parentheses -Wno-unused  conftest.c >&5
configure:3912: warning: function declaration isn't a prototype
configure:3893: $? = 0
configure:3896: test -s conftest.o
configure:3899: $? = 0
configure:3991: result: 2
configure:3998: checking for int
configure:4025: mipsel-linux-gcc -c -g -O2 -Wall -W -Wstrict-prototypes -Wno-parentheses -Wno-unused  conftest.c >&5
configure:4046: warning: function declaration isn't a prototype
configure:4028: $? = 0
configure:4031: test -s conftest.o
configure:4034: $? = 0
configure:4044: result: yes
configure:4047: checking size of int
configure:4080: mipsel-linux-gcc -c -g -O2 -Wall -W -Wstrict-prototypes -Wno-parentheses -Wno-unused  conftest.c >&5
configure:4102: warning: function declaration isn't a prototype
configure:4083: $? = 0
configure:4086: test -s conftest.o
configure:4089: $? = 0
configure:4114: mipsel-linux-gcc -c -g -O2 -Wall -W -Wstrict-prototypes -Wno-parentheses -Wno-unused  conftest.c >&5
configure:4136: warning: function declaration isn't a prototype
configure: In function `main':
configure:4137: error: size of array `test_array' is negative
configure:4117: $? = 1
configure: failed program was:
#line 4093 "configure"
#include "confdefs.h"
#include <stdio.h>
#if HAVE_SYS_TYPES_H
# include <sys/types.h>
#endif
#if HAVE_SYS_STAT_H
# include <sys/stat.h>
#endif
#if STDC_HEADERS
# include <stdlib.h>
# include <stddef.h>
#else
# if HAVE_STDLIB_H
#  include <stdlib.h>
# endif
#endif
#if HAVE_STRING_H
# if !STDC_HEADERS && HAVE_MEMORY_H
#  include <memory.h>
# endif
# include <string.h>
#endif
#if HAVE_STRINGS_H
# include <strings.h>
#endif
#if HAVE_INTTYPES_H
# include <inttypes.h>
#else
# if HAVE_STDINT_H
#  include <stdint.h>
# endif
#endif
#if HAVE_UNISTD_H
# include <unistd.h>
#endif
#ifdef F77_DUMMY_MAIN
#  ifdef __cplusplus
     extern "C"
#  endif
   int F77_DUMMY_MAIN() { return 1; }
#endif
int
main ()
{
static int test_array [1 - 2 * !(((long) (sizeof (int))) <= 0)];
test_array [0] = 0

  ;
  return 0;
}
configure:4114: mipsel-linux-gcc -c -g -O2 -Wall -W -Wstrict-prototypes -Wno-parentheses -Wno-unused  conftest.c >&5
configure:4136: warning: function declaration isn't a prototype
configure: In function `main':
configure:4137: error: size of array `test_array' is negative
configure:4117: $? = 1
configure: failed program was:
#line 4093 "configure"
#include "confdefs.h"
#include <stdio.h>
#if HAVE_SYS_TYPES_H
# include <sys/types.h>
#endif
#if HAVE_SYS_STAT_H
# include <sys/stat.h>
#endif
#if STDC_HEADERS
# include <stdlib.h>
# include <stddef.h>
#else
# if HAVE_STDLIB_H
#  include <stdlib.h>
# endif
#endif
#if HAVE_STRING_H
# if !STDC_HEADERS && HAVE_MEMORY_H
#  include <memory.h>
# endif
# include <string.h>
#endif
#if HAVE_STRINGS_H
# include <strings.h>
#endif
#if HAVE_INTTYPES_H
# include <inttypes.h>
#else
# if HAVE_STDINT_H
#  include <stdint.h>
# endif
#endif
#if HAVE_UNISTD_H
# include <unistd.h>
#endif
#ifdef F77_DUMMY_MAIN
#  ifdef __cplusplus
     extern "C"
#  endif
   int F77_DUMMY_MAIN() { return 1; }
#endif
int
main ()
{
static int test_array [1 - 2 * !(((long) (sizeof (int))) <= 1)];
test_array [0] = 0

  ;
  return 0;
}
configure:4114: mipsel-linux-gcc -c -g -O2 -Wall -W -Wstrict-prototypes -Wno-parentheses -Wno-unused  conftest.c >&5
configure:4136: warning: function declaration isn't a prototype
configure: In function `main':
configure:4137: error: size of array `test_array' is negative
configure:4117: $? = 1
configure: failed program was:
#line 4093 "configure"
#include "confdefs.h"
#include <stdio.h>
#if HAVE_SYS_TYPES_H
# include <sys/types.h>
#endif
#if HAVE_SYS_STAT_H
# include <sys/stat.h>
#endif
#if STDC_HEADERS
# include <stdlib.h>
# include <stddef.h>
#else
# if HAVE_STDLIB_H
#  include <stdlib.h>
# endif
#endif
#if HAVE_STRING_H
# if !STDC_HEADERS && HAVE_MEMORY_H
#  include <memory.h>
# endif
# include <string.h>
#endif
#if HAVE_STRINGS_H
# include <strings.h>
#endif
#if HAVE_INTTYPES_H
# include <inttypes.h>
#else
# if HAVE_STDINT_H
#  include <stdint.h>
# endif
#endif
#if HAVE_UNISTD_H
# include <unistd.h>
#endif
#ifdef F77_DUMMY_MAIN
#  ifdef __cplusplus
     extern "C"
#  endif
   int F77_DUMMY_MAIN() { return 1; }
#endif
int
main ()
{
static int test_array [1 - 2 * !(((long) (sizeof (int))) <= 3)];
test_array [0] = 0

  ;
  return 0;
}
configure:4114: mipsel-linux-gcc -c -g -O2 -Wall -W -Wstrict-prototypes -Wno-parentheses -Wno-unused  conftest.c >&5
configure:4136: warning: function declaration isn't a prototype
configure:4117: $? = 0
configure:4120: test -s conftest.o
configure:4123: $? = 0
configure:4252: mipsel-linux-gcc -c -g -O2 -Wall -W -Wstrict-prototypes -Wno-parentheses -Wno-unused  conftest.c >&5
configure:4274: warning: function declaration isn't a prototype
configure:4255: $? = 0
configure:4258: test -s conftest.o
configure:4261: $? = 0
configure:4252: mipsel-linux-gcc -c -g -O2 -Wall -W -Wstrict-prototypes -Wno-parentheses -Wno-unused  conftest.c >&5
configure:4274: warning: function declaration isn't a prototype
configure:4255: $? = 0
configure:4258: test -s conftest.o
configure:4261: $? = 0
configure:4353: result: 4
configure:4360: checking for long int
configure:4387: mipsel-linux-gcc -c -g -O2 -Wall -W -Wstrict-prototypes -Wno-parentheses -Wno-unused  conftest.c >&5
configure:4408: warning: function declaration isn't a prototype
configure:4390: $? = 0
configure:4393: test -s conftest.o
configure:4396: $? = 0
configure:4406: result: yes
configure:4409: checking size of long int
configure:4442: mipsel-linux-gcc -c -g -O2 -Wall -W -Wstrict-prototypes -Wno-parentheses -Wno-unused  conftest.c >&5
configure:4464: warning: function declaration isn't a prototype
configure:4445: $? = 0
configure:4448: test -s conftest.o
configure:4451: $? = 0
configure:4476: mipsel-linux-gcc -c -g -O2 -Wall -W -Wstrict-prototypes -Wno-parentheses -Wno-unused  conftest.c >&5
configure:4498: warning: function declaration isn't a prototype
configure: In function `main':
configure:4499: error: size of array `test_array' is negative
configure:4479: $? = 1
configure: failed program was:
#line 4455 "configure"
#include "confdefs.h"
#include <stdio.h>
#if HAVE_SYS_TYPES_H
# include <sys/types.h>
#endif
#if HAVE_SYS_STAT_H
# include <sys/stat.h>
#endif
#if STDC_HEADERS
# include <stdlib.h>
# include <stddef.h>
#else
# if HAVE_STDLIB_H
#  include <stdlib.h>
# endif
#endif
#if HAVE_STRING_H
# if !STDC_HEADERS && HAVE_MEMORY_H
#  include <memory.h>
# endif
# include <string.h>
#endif
#if HAVE_STRINGS_H
# include <strings.h>
#endif
#if HAVE_INTTYPES_H
# include <inttypes.h>
#else
# if HAVE_STDINT_H
#  include <stdint.h>
# endif
#endif
#if HAVE_UNISTD_H
# include <unistd.h>
#endif
#ifdef F77_DUMMY_MAIN
#  ifdef __cplusplus
     extern "C"
#  endif
   int F77_DUMMY_MAIN() { return 1; }
#endif
int
main ()
{
static int test_array [1 - 2 * !(((long) (sizeof (long int))) <= 0)];
test_array [0] = 0

  ;
  return 0;
}
configure:4476: mipsel-linux-gcc -c -g -O2 -Wall -W -Wstrict-prototypes -Wno-parentheses -Wno-unused  conftest.c >&5
configure:4498: warning: function declaration isn't a prototype
configure: In function `main':
configure:4499: error: size of array `test_array' is negative
configure:4479: $? = 1
configure: failed program was:
#line 4455 "configure"
#include "confdefs.h"
#include <stdio.h>
#if HAVE_SYS_TYPES_H
# include <sys/types.h>
#endif
#if HAVE_SYS_STAT_H
# include <sys/stat.h>
#endif
#if STDC_HEADERS
# include <stdlib.h>
# include <stddef.h>
#else
# if HAVE_STDLIB_H
#  include <stdlib.h>
# endif
#endif
#if HAVE_STRING_H
# if !STDC_HEADERS && HAVE_MEMORY_H
#  include <memory.h>
# endif
# include <string.h>
#endif
#if HAVE_STRINGS_H
# include <strings.h>
#endif
#if HAVE_INTTYPES_H
# include <inttypes.h>
#else
# if HAVE_STDINT_H
#  include <stdint.h>
# endif
#endif
#if HAVE_UNISTD_H
# include <unistd.h>
#endif
#ifdef F77_DUMMY_MAIN
#  ifdef __cplusplus
     extern "C"
#  endif
   int F77_DUMMY_MAIN() { return 1; }
#endif
int
main ()
{
static int test_array [1 - 2 * !(((long) (sizeof (long int))) <= 1)];
test_array [0] = 0

  ;
  return 0;
}
configure:4476: mipsel-linux-gcc -c -g -O2 -Wall -W -Wstrict-prototypes -Wno-parentheses -Wno-unused  conftest.c >&5
configure:4498: warning: function declaration isn't a prototype
configure: In function `main':
configure:4499: error: size of array `test_array' is negative
configure:4479: $? = 1
configure: failed program was:
#line 4455 "configure"
#include "confdefs.h"
#include <stdio.h>
#if HAVE_SYS_TYPES_H
# include <sys/types.h>
#endif
#if HAVE_SYS_STAT_H
# include <sys/stat.h>
#endif
#if STDC_HEADERS
# include <stdlib.h>
# include <stddef.h>
#else
# if HAVE_STDLIB_H
#  include <stdlib.h>
# endif
#endif
#if HAVE_STRING_H
# if !STDC_HEADERS && HAVE_MEMORY_H
#  include <memory.h>
# endif
# include <string.h>
#endif
#if HAVE_STRINGS_H
# include <strings.h>
#endif
#if HAVE_INTTYPES_H
# include <inttypes.h>
#else
# if HAVE_STDINT_H
#  include <stdint.h>
# endif
#endif
#if HAVE_UNISTD_H
# include <unistd.h>
#endif
#ifdef F77_DUMMY_MAIN
#  ifdef __cplusplus
     extern "C"
#  endif
   int F77_DUMMY_MAIN() { return 1; }
#endif
int
main ()
{
static int test_array [1 - 2 * !(((long) (sizeof (long int))) <= 3)];
test_array [0] = 0

  ;
  return 0;
}
configure:4476: mipsel-linux-gcc -c -g -O2 -Wall -W -Wstrict-prototypes -Wno-parentheses -Wno-unused  conftest.c >&5
configure:4498: warning: function declaration isn't a prototype
configure:4479: $? = 0
configure:4482: test -s conftest.o
configure:4485: $? = 0
configure:4614: mipsel-linux-gcc -c -g -O2 -Wall -W -Wstrict-prototypes -Wno-parentheses -Wno-unused  conftest.c >&5
configure:4636: warning: function declaration isn't a prototype
configure:4617: $? = 0
configure:4620: test -s conftest.o
configure:4623: $? = 0
configure:4614: mipsel-linux-gcc -c -g -O2 -Wall -W -Wstrict-prototypes -Wno-parentheses -Wno-unused  conftest.c >&5
configure:4636: warning: function declaration isn't a prototype
configure:4617: $? = 0
configure:4620: test -s conftest.o
configure:4623: $? = 0
configure:4715: result: 4
configure:4724: checking for 8-bit type
configure:4741: result: char
configure:4724: checking for 16-bit type
configure:4741: result: short int
configure:4724: checking for 32-bit type
configure:4741: result: int
configure:4749: checking CPU endianity
configure:4806: result: not available, we're cross compiling
configure:4808: error: Cannot determine CPU endianity.

## ---------------- ##
## Cache variables. ##
## ---------------- ##

ac_cv_build=i686-pc-linux-gnu
ac_cv_build_alias=i686-pc-linux-gnu
ac_cv_c_compiler_gnu=yes
ac_cv_env_CC_set=
ac_cv_env_CC_value=
ac_cv_env_CFLAGS_set=
ac_cv_env_CFLAGS_value=
ac_cv_env_CPPFLAGS_set=
ac_cv_env_CPPFLAGS_value=
ac_cv_env_CPP_set=
ac_cv_env_CPP_value=
ac_cv_env_LDFLAGS_set=
ac_cv_env_LDFLAGS_value=
ac_cv_env_build_alias_set=
ac_cv_env_build_alias_value=
ac_cv_env_host_alias_set=set
ac_cv_env_host_alias_value=mipsel-linux
ac_cv_env_target_alias_set=
ac_cv_env_target_alias_value=
ac_cv_exeext=
ac_cv_header_alloca_h=yes
ac_cv_header_inttypes_h=yes
ac_cv_header_linux_rtnetlink_h=yes
ac_cv_header_memory_h=yes
ac_cv_header_stdc=yes
ac_cv_header_stdint_h=yes
ac_cv_header_stdlib_h=yes
ac_cv_header_string_h=yes
ac_cv_header_strings_h=yes
ac_cv_header_sys_stat_h=yes
ac_cv_header_sys_types_h=yes
ac_cv_header_syslog_h=yes
ac_cv_header_unistd_h=yes
ac_cv_host=mipsel-unknown-linux-gnu
ac_cv_host_alias=mipsel-linux
ac_cv_objext=o
ac_cv_path_install='/usr/bin/install -c'
ac_cv_prog_BISON=bison
ac_cv_prog_CC=mipsel-linux-gcc
ac_cv_prog_CPP='mipsel-linux-gcc -E'
ac_cv_prog_FLEX=flex
ac_cv_prog_M4=m4
ac_cv_prog_RANLIB=mipsel-linux-ranlib
ac_cv_prog_cc_g=yes
ac_cv_sizeof_char=1
ac_cv_sizeof_int=4
ac_cv_sizeof_long_int=4
ac_cv_sizeof_short_int=2
ac_cv_type_char=yes
ac_cv_type_int=yes
ac_cv_type_long_int=yes
ac_cv_type_short_int=yes

## ----------- ##
## confdefs.h. ##
## ----------- ##

#define PACKAGE_NAME ""
#define PACKAGE_TARNAME ""
#define PACKAGE_VERSION ""
#define PACKAGE_STRING ""
#define PACKAGE_BUGREPORT ""
#define SYSCONF_INCLUDE "sysdep/cf/linux-22.h"
#define CONFIG_BGP 1
#define CONFIG_OSPF 1
#define CONFIG_PIPE 1
#define CONFIG_RIP 1
#define CONFIG_STATIC 1
#define STDC_HEADERS 1
#define HAVE_SYS_TYPES_H 1
#define HAVE_SYS_STAT_H 1
#define HAVE_STDLIB_H 1
#define HAVE_STRING_H 1
#define HAVE_MEMORY_H 1
#define HAVE_STRINGS_H 1
#define HAVE_INTTYPES_H 1
#define HAVE_STDINT_H 1
#define HAVE_UNISTD_H 1
#define HAVE_SYSLOG 1
#define HAVE_ALLOCA_H 1
#define SIZEOF_CHAR 1
#define SIZEOF_SHORT_INT 2
#define SIZEOF_INT 4
#define SIZEOF_LONG_INT 4
#define INTEGER_8 char
#define INTEGER_16 short int
#define INTEGER_32 int

configure: exit 1
