This file contains any messages produced by compilers while
running configure, to aid debugging if configure makes a mistake.

configure:597: checking for a BSD compatible install
configure:650: checking whether build environment is sane
configure:707: checking whether make sets ${MAKE}
configure:753: checking for working aclocal
configure:766: checking for working autoconf
configure:779: checking for working automake
configure:792: checking for working autoheader
configure:805: checking for working makeinfo
configure:824: checking whether to enable maintainer-specific portions of Makefiles
configure:850: checking for gcc
configure:963: checking whether the C compiler (gcc  ) works
configure:979: gcc -o conftest    conftest.c  1>&5
configure:1005: checking whether the C compiler (gcc  ) is a cross-compiler
configure:1010: checking whether we are using GNU C
configure:1038: checking whether gcc accepts -g
configure:1070: checking for POSIXized ISC
configure:1093: checking for gcc
configure:1206: checking whether the C compiler (gcc -g -O2 ) works
configure:1222: gcc -o conftest -g -O2   conftest.c  1>&5
configure:1248: checking whether the C compiler (gcc -g -O2 ) is a cross-compiler
configure:1253: checking whether we are using GNU C
configure:1281: checking whether gcc accepts -g
configure:1313: checking how to run the C preprocessor
configure:1393: checking for ANSI C header files
configure:1591: checking host system type
configure:1612: checking build system type
configure:1632: checking for ranlib
configure:1671: checking for ld used by GCC
configure:1733: checking if the linker (/usr/bin/ld) is GNU ld
configure:1749: checking for BSD-compatible nm
configure:1785: checking whether ln -s works
ltconfig:603: checking for object suffix
ltconfig:604: gcc -c -g -O2  conftest.c 1>&5
ltconfig:629: checking for executable suffix
ltconfig:630: gcc -o conftest -g -O2   conftest.c  1>&5
ltconfig:776: checking if gcc PIC flag -fPIC works
ltconfig:777: gcc -c -g -O2 -fPIC -DPIC  conftest.c 1>&5
ltconfig:829: checking if gcc supports -c -o file.o
ltconfig:830: gcc -c -g -O2 -o out/conftest2.o  conftest.c 1>&5
ltconfig:862: checking if gcc supports -c -o file.lo
ltconfig:863: gcc -c -g -O2 -c -o conftest.lo  conftest.c 1>&5
ltconfig:914: checking if gcc supports -fno-rtti -fno-exceptions
ltconfig:915: gcc -c -g -O2 -fno-rtti -fno-exceptions -c conftest.c  conftest.c 1>&5
ltconfig:958: checking if gcc static flag -static works
ltconfig:959: gcc -o conftest -g -O2   -static conftest.c  1>&5
GNU ld version 2.16.1 Debian GNU/Linux
ltconfig:1653: checking if global_symbol_pipe works
ltconfig:1654: gcc -c -g -O2  conftest.c 1>&5
ltconfig:1657: eval "/usr/bin/nm -B conftest.o | sed -n -e 's/^.*[ 	]\([ABCDGISTW]\)[ 	][ 	]*\(\)\([_A-Za-z][_A-Za-z0-9]*\)$/\1 \2\3 \3/p' > conftest.nm"
ltconfig:1709: gcc -o conftest -g -O2 -fno-builtin   conftest.c conftstm.o 1>&5
configure:1982: checking host system type
