This file contains any messages produced by compilers while
running configure, to aid debugging if configure makes a mistake.

It was created by configure, which was
generated by GNU Autoconf 2.57.  Invocation command line was

  $ ./configure --host=mipsel-linux --enable-shared --disable-static --without-crypto CC=mipsel-linux-uclibc-gcc ac_cv_linux_vers=2 CPPFLAGS=-I../libpcap CFLAGS=-I../libpcap LDFLAGS=-L../libpcap

## --------- ##
## Platform. ##
## --------- ##

hostname = colinux
uname -m = i686
uname -r = 2.6.10-co-0.6.2
uname -s = Linux
uname -v = #5 Sat Feb 5 10:19:16 IST 2005

/usr/bin/uname -p = unknown
/bin/uname -X     = unknown

/bin/arch              = i686
/usr/bin/arch -k       = unknown
/usr/convex/getsysinfo = unknown
hostinfo               = unknown
/bin/machine           = unknown
/usr/bin/oslevel       = unknown
/bin/universe          = unknown

PATH: /opt/openwrt/bin
PATH: /usr/local/sbin
PATH: /usr/local/bin
PATH: /usr/sbin
PATH: /usr/bin
PATH: /sbin
PATH: /bin
PATH: /usr/bin/X11


## ----------- ##
## Core tests. ##
## ----------- ##

configure:1305: checking build system type
configure:1323: result: i686-pc-linux-gnu
configure:1331: checking host system type
configure:1345: result: mipsel-unknown-linux-gnu
configure:1431: checking for mipsel-linux-gcc
configure:1457: result: mipsel-linux-uclibc-gcc
configure:1739: checking for C compiler version
configure:1742: mipsel-linux-uclibc-gcc --version </dev/null >&5
mipsel-linux-uclibc-gcc (GCC) 3.4.4
Copyright (C) 2004 Free Software Foundation, Inc.
This is free software; see the source for copying conditions.  There is NO
warranty; not even for MERCHANTABILITY or FITNESS FOR A PARTICULAR PURPOSE.

configure:1745: $? = 0
configure:1747: mipsel-linux-uclibc-gcc -v </dev/null >&5
Reading specs from /opt/openwrt/bin/../lib/gcc/mipsel-linux-uclibc/3.4.4/specs
Configured with: /home/backup/openwrt/openwrt/toolchain_build_mipsel/gcc-3.4.4/configure --prefix=/home/backup/openwrt/openwrt/staging_dir_mipsel --build=i386-pc-linux-gnu --host=i386-pc-linux-gnu --target=mipsel-linux-uclibc --enable-languages=c,c++ --enable-shared --disable-__cxa_atexit --enable-target-optspace --with-gnu-ld --disable-nls
Thread model: posix
gcc version 3.4.4
configure:1750: $? = 0
configure:1752: mipsel-linux-uclibc-gcc -V </dev/null >&5
mipsel-linux-uclibc-gcc: `-V' option must have argument
configure:1755: $? = 1
configure:1779: checking for C compiler default output
configure:1782: mipsel-linux-uclibc-gcc -I../libpcap -I../libpcap -L../libpcap conftest.c  >&5
configure:1785: $? = 0
configure:1831: result: a.out
configure:1836: checking whether the C compiler works
configure:1842: ./a.out
./configure: line 1843: ./a.out: cannot execute binary file
configure:1845: $? = 126
configure:1862: result: yes
configure:1869: checking whether we are cross compiling
configure:1871: result: yes
configure:1874: checking for suffix of executables
configure:1876: mipsel-linux-uclibc-gcc -o conftest -I../libpcap -I../libpcap -L../libpcap conftest.c  >&5
configure:1879: $? = 0
configure:1904: result: 
configure:1910: checking for suffix of object files
configure:1932: mipsel-linux-uclibc-gcc -c -I../libpcap -I../libpcap conftest.c >&5
configure:1935: $? = 0
configure:1957: result: o
configure:1961: checking whether we are using the GNU C compiler
configure:1986: mipsel-linux-uclibc-gcc -c -I../libpcap -I../libpcap conftest.c >&5
configure:1989: $? = 0
configure:1992: test -s conftest.o
configure:1995: $? = 0
configure:2008: result: yes
configure:2014: checking whether mipsel-linux-uclibc-gcc accepts -g
configure:2036: mipsel-linux-uclibc-gcc -c -g -I../libpcap conftest.c >&5
configure:2039: $? = 0
configure:2042: test -s conftest.o
configure:2045: $? = 0
configure:2056: result: yes
configure:2073: checking for mipsel-linux-uclibc-gcc option to accept ANSI C
configure:2134: mipsel-linux-uclibc-gcc  -c -I../libpcap -I../libpcap conftest.c >&5
configure:2137: $? = 0
configure:2140: test -s conftest.o
configure:2143: $? = 0
configure:2161: result: none needed
configure:2179: mipsel-linux-uclibc-gcc -c -I../libpcap -I../libpcap conftest.c >&5
conftest.c:2: error: parse error before "me"
configure:2182: $? = 1
configure: failed program was:
| #ifndef __cplusplus
|   choke me
| #endif
configure:2296: checking gcc version
configure:2308: result: 3
configure:2502: checking for inline
configure:2542: mipsel-linux-uclibc-gcc -c -I../libpcap -I../libpcap conftest.c >&5
configure:2545: $? = 0
configure:2548: test -s conftest.o
configure:2551: $? = 0
configure:2570: result: inline
configure:2582: checking for __attribute__
configure:2615: mipsel-linux-uclibc-gcc -c -I../libpcap -I../libpcap conftest.c >&5
configure:2618: $? = 0
configure:2621: test -s conftest.o
configure:2624: $? = 0
configure:2646: result: yes
configure:2655: checking how to run the C preprocessor
configure:2691: mipsel-linux-uclibc-gcc -E -I../libpcap conftest.c
configure:2697: $? = 0
configure:2729: mipsel-linux-uclibc-gcc -E -I../libpcap conftest.c
configure:2730:28: ac_nonexistent.h: No such file or directory
configure:2735: $? = 1
configure: failed program was:
| #line 2720 "configure"
| /* confdefs.h.  */
| 
| #define PACKAGE_NAME ""
| #define PACKAGE_TARNAME ""
| #define PACKAGE_VERSION ""
| #define PACKAGE_STRING ""
| #define PACKAGE_BUGREPORT ""
| #define inline inline
| #define HAVE___ATTRIBUTE__ 1
| /* end confdefs.h.  */
| #include <ac_nonexistent.h>
configure:2773: result: mipsel-linux-uclibc-gcc -E
configure:2798: mipsel-linux-uclibc-gcc -E -I../libpcap conftest.c
configure:2804: $? = 0
configure:2836: mipsel-linux-uclibc-gcc -E -I../libpcap conftest.c
configure:2837:28: ac_nonexistent.h: No such file or directory
configure:2842: $? = 1
configure: failed program was:
| #line 2827 "configure"
| /* confdefs.h.  */
| 
| #define PACKAGE_NAME ""
| #define PACKAGE_TARNAME ""
| #define PACKAGE_VERSION ""
| #define PACKAGE_STRING ""
| #define PACKAGE_BUGREPORT ""
| #define inline inline
| #define HAVE___ATTRIBUTE__ 1
| /* end confdefs.h.  */
| #include <ac_nonexistent.h>
configure:2885: checking for egrep
configure:2895: result: grep -E
configure:2900: checking for ANSI C header files
configure:2926: mipsel-linux-uclibc-gcc -c -I../libpcap -I../libpcap conftest.c >&5
configure:2929: $? = 0
configure:2932: test -s conftest.o
configure:2935: $? = 0
configure:3050: result: yes
configure:3074: checking for sys/types.h
configure:3091: mipsel-linux-uclibc-gcc -c -I../libpcap -I../libpcap conftest.c >&5
configure:3094: $? = 0
configure:3097: test -s conftest.o
configure:3100: $? = 0
configure:3111: result: yes
configure:3074: checking for sys/stat.h
configure:3091: mipsel-linux-uclibc-gcc -c -I../libpcap -I../libpcap conftest.c >&5
configure:3094: $? = 0
configure:3097: test -s conftest.o
configure:3100: $? = 0
configure:3111: result: yes
configure:3074: checking for stdlib.h
configure:3091: mipsel-linux-uclibc-gcc -c -I../libpcap -I../libpcap conftest.c >&5
configure:3094: $? = 0
configure:3097: test -s conftest.o
configure:3100: $? = 0
configure:3111: result: yes
configure:3074: checking for string.h
configure:3091: mipsel-linux-uclibc-gcc -c -I../libpcap -I../libpcap conftest.c >&5
configure:3094: $? = 0
configure:3097: test -s conftest.o
configure:3100: $? = 0
configure:3111: result: yes
configure:3074: checking for memory.h
configure:3091: mipsel-linux-uclibc-gcc -c -I../libpcap -I../libpcap conftest.c >&5
configure:3094: $? = 0
configure:3097: test -s conftest.o
configure:3100: $? = 0
configure:3111: result: yes
configure:3074: checking for strings.h
configure:3091: mipsel-linux-uclibc-gcc -c -I../libpcap -I../libpcap conftest.c >&5
configure:3094: $? = 0
configure:3097: test -s conftest.o
configure:3100: $? = 0
configure:3111: result: yes
configure:3074: checking for inttypes.h
configure:3091: mipsel-linux-uclibc-gcc -c -I../libpcap -I../libpcap conftest.c >&5
configure:3094: $? = 0
configure:3097: test -s conftest.o
configure:3100: $? = 0
configure:3111: result: yes
configure:3074: checking for stdint.h
configure:3091: mipsel-linux-uclibc-gcc -c -I../libpcap -I../libpcap conftest.c >&5
configure:3094: $? = 0
configure:3097: test -s conftest.o
configure:3100: $? = 0
configure:3111: result: yes
configure:3074: checking for unistd.h
configure:3091: mipsel-linux-uclibc-gcc -c -I../libpcap -I../libpcap conftest.c >&5
configure:3094: $? = 0
configure:3097: test -s conftest.o
configure:3100: $? = 0
configure:3111: result: yes
configure:3140: checking fcntl.h usability
configure:3153: mipsel-linux-uclibc-gcc -c -I../libpcap -I../libpcap conftest.c >&5
configure:3156: $? = 0
configure:3159: test -s conftest.o
configure:3162: $? = 0
configure:3172: result: yes
configure:3176: checking fcntl.h presence
configure:3187: mipsel-linux-uclibc-gcc -E -I../libpcap conftest.c
configure:3193: $? = 0
configure:3212: result: yes
configure:3248: checking for fcntl.h
configure:3255: result: yes
configure:3140: checking rpc/rpcent.h usability
configure:3153: mipsel-linux-uclibc-gcc -c -I../libpcap -I../libpcap conftest.c >&5
configure:3197:24: rpc/rpcent.h: No such file or directory
configure:3156: $? = 1
configure: failed program was:
| #line 3142 "configure"
| /* confdefs.h.  */
| 
| #define PACKAGE_NAME ""
| #define PACKAGE_TARNAME ""
| #define PACKAGE_VERSION ""
| #define PACKAGE_STRING ""
| #define PACKAGE_BUGREPORT ""
| #define inline inline
| #define HAVE___ATTRIBUTE__ 1
| #define STDC_HEADERS 1
| #define HAVE_SYS_TYPES_H 1
| #define HAVE_SYS_STAT_H 1
| #define HAVE_STDLIB_H 1
| #define HAVE_STRING_H 1
| #define HAVE_MEMORY_H 1
| #define HAVE_STRINGS_H 1
| #define HAVE_INTTYPES_H 1
| #define HAVE_STDINT_H 1
| #define HAVE_UNISTD_H 1
| #define HAVE_FCNTL_H 1
| /* end confdefs.h.  */
| #include <stdio.h>
| #if HAVE_SYS_TYPES_H
| # include <sys/types.h>
| #endif
| #if HAVE_SYS_STAT_H
| # include <sys/stat.h>
| #endif
| #if STDC_HEADERS
| # include <stdlib.h>
| # include <stddef.h>
| #else
| # if HAVE_STDLIB_H
| #  include <stdlib.h>
| # endif
| #endif
| #if HAVE_STRING_H
| # if !STDC_HEADERS && HAVE_MEMORY_H
| #  include <memory.h>
| # endif
| # include <string.h>
| #endif
| #if HAVE_STRINGS_H
| # include <strings.h>
| #endif
| #if HAVE_INTTYPES_H
| # include <inttypes.h>
| #else
| # if HAVE_STDINT_H
| #  include <stdint.h>
| # endif
| #endif
| #if HAVE_UNISTD_H
| # include <unistd.h>
| #endif
| #include <rpc/rpcent.h>
configure:3172: result: no
configure:3176: checking rpc/rpcent.h presence
configure:3187: mipsel-linux-uclibc-gcc -E -I../libpcap conftest.c
configure:3199:24: rpc/rpcent.h: No such file or directory
configure:3193: $? = 1
configure: failed program was:
| #line 3178 "configure"
| /* confdefs.h.  */
| 
| #define PACKAGE_NAME ""
| #define PACKAGE_TARNAME ""
| #define PACKAGE_VERSION ""
| #define PACKAGE_STRING ""
| #define PACKAGE_BUGREPORT ""
| #define inline inline
| #define HAVE___ATTRIBUTE__ 1
| #define STDC_HEADERS 1
| #define HAVE_SYS_TYPES_H 1
| #define HAVE_SYS_STAT_H 1
| #define HAVE_STDLIB_H 1
| #define HAVE_STRING_H 1
| #define HAVE_MEMORY_H 1
| #define HAVE_STRINGS_H 1
| #define HAVE_INTTYPES_H 1
| #define HAVE_STDINT_H 1
| #define HAVE_UNISTD_H 1
| #define HAVE_FCNTL_H 1
| /* end confdefs.h.  */
| #include <rpc/rpcent.h>
configure:3212: result: no
configure:3248: checking for rpc/rpcent.h
configure:3255: result: no
configure:3140: checking netdnet/dnetdb.h usability
configure:3153: mipsel-linux-uclibc-gcc -c -I../libpcap -I../libpcap conftest.c >&5
configure:3197:28: netdnet/dnetdb.h: No such file or directory
configure:3156: $? = 1
configure: failed program was:
| #line 3142 "configure"
| /* confdefs.h.  */
| 
| #define PACKAGE_NAME ""
| #define PACKAGE_TARNAME ""
| #define PACKAGE_VERSION ""
| #define PACKAGE_STRING ""
| #define PACKAGE_BUGREPORT ""
| #define inline inline
| #define HAVE___ATTRIBUTE__ 1
| #define STDC_HEADERS 1
| #define HAVE_SYS_TYPES_H 1
| #define HAVE_SYS_STAT_H 1
| #define HAVE_STDLIB_H 1
| #define HAVE_STRING_H 1
| #define HAVE_MEMORY_H 1
| #define HAVE_STRINGS_H 1
| #define HAVE_INTTYPES_H 1
| #define HAVE_STDINT_H 1
| #define HAVE_UNISTD_H 1
| #define HAVE_FCNTL_H 1
| /* end confdefs.h.  */
| #include <stdio.h>
| #if HAVE_SYS_TYPES_H
| # include <sys/types.h>
| #endif
| #if HAVE_SYS_STAT_H
| # include <sys/stat.h>
| #endif
| #if STDC_HEADERS
| # include <stdlib.h>
| # include <stddef.h>
| #else
| # if HAVE_STDLIB_H
| #  include <stdlib.h>
| # endif
| #endif
| #if HAVE_STRING_H
| # if !STDC_HEADERS && HAVE_MEMORY_H
| #  include <memory.h>
| # endif
| # include <string.h>
| #endif
| #if HAVE_STRINGS_H
| # include <strings.h>
| #endif
| #if HAVE_INTTYPES_H
| # include <inttypes.h>
| #else
| # if HAVE_STDINT_H
| #  include <stdint.h>
| # endif
| #endif
| #if HAVE_UNISTD_H
| # include <unistd.h>
| #endif
| #include <netdnet/dnetdb.h>
configure:3172: result: no
configure:3176: checking netdnet/dnetdb.h presence
configure:3187: mipsel-linux-uclibc-gcc -E -I../libpcap conftest.c
configure:3199:28: netdnet/dnetdb.h: No such file or directory
configure:3193: $? = 1
configure: failed program was:
| #line 3178 "configure"
| /* confdefs.h.  */
| 
| #define PACKAGE_NAME ""
| #define PACKAGE_TARNAME ""
| #define PACKAGE_VERSION ""
| #define PACKAGE_STRING ""
| #define PACKAGE_BUGREPORT ""
| #define inline inline
| #define HAVE___ATTRIBUTE__ 1
| #define STDC_HEADERS 1
| #define HAVE_SYS_TYPES_H 1
| #define HAVE_SYS_STAT_H 1
| #define HAVE_STDLIB_H 1
| #define HAVE_STRING_H 1
| #define HAVE_MEMORY_H 1
| #define HAVE_STRINGS_H 1
| #define HAVE_INTTYPES_H 1
| #define HAVE_STDINT_H 1
| #define HAVE_UNISTD_H 1
| #define HAVE_FCNTL_H 1
| /* end confdefs.h.  */
| #include <netdnet/dnetdb.h>
configure:3212: result: no
configure:3248: checking for netdnet/dnetdb.h
configure:3255: result: no
configure:3140: checking netinet/ether.h usability
configure:3153: mipsel-linux-uclibc-gcc -c -I../libpcap -I../libpcap conftest.c >&5
configure:3156: $? = 0
configure:3159: test -s conftest.o
configure:3162: $? = 0
configure:3172: result: yes
configure:3176: checking netinet/ether.h presence
configure:3187: mipsel-linux-uclibc-gcc -E -I../libpcap conftest.c
configure:3193: $? = 0
configure:3212: result: yes
configure:3248: checking for netinet/ether.h
configure:3255: result: yes
configure:3272: checking for netinet/if_ether.h
configure:3290: mipsel-linux-uclibc-gcc -c -I../libpcap -I../libpcap conftest.c >&5
configure:3293: $? = 0
configure:3296: test -s conftest.o
configure:3299: $? = 0
configure:3310: result: yes
configure:3321: checking whether time.h and sys/time.h may both be included
configure:3347: mipsel-linux-uclibc-gcc -c -I../libpcap -I../libpcap conftest.c >&5
configure:3350: $? = 0
configure:3353: test -s conftest.o
configure:3356: $? = 0
configure:3367: result: yes
configure:3381: checking Linux kernel version
configure:3399: result: 2
configure:3432: checking smi.h usability
configure:3445: mipsel-linux-uclibc-gcc -c -I../libpcap -I../libpcap conftest.c >&5
configure:3492:17: smi.h: No such file or directory
configure:3448: $? = 1
configure: failed program was:
| #line 3434 "configure"
| /* confdefs.h.  */
| 
| #define PACKAGE_NAME ""
| #define PACKAGE_TARNAME ""
| #define PACKAGE_VERSION ""
| #define PACKAGE_STRING ""
| #define PACKAGE_BUGREPORT ""
| #define inline inline
| #define HAVE___ATTRIBUTE__ 1
| #define STDC_HEADERS 1
| #define HAVE_SYS_TYPES_H 1
| #define HAVE_SYS_STAT_H 1
| #define HAVE_STDLIB_H 1
| #define HAVE_STRING_H 1
| #define HAVE_MEMORY_H 1
| #define HAVE_STRINGS_H 1
| #define HAVE_INTTYPES_H 1
| #define HAVE_STDINT_H 1
| #define HAVE_UNISTD_H 1
| #define HAVE_FCNTL_H 1
| #define HAVE_NETINET_ETHER_H 1
| #define HAVE_NETINET_IF_ETHER_H 1
| #define TIME_WITH_SYS_TIME 1
| /* end confdefs.h.  */
| #include <stdio.h>
| #if HAVE_SYS_TYPES_H
| # include <sys/types.h>
| #endif
| #if HAVE_SYS_STAT_H
| # include <sys/stat.h>
| #endif
| #if STDC_HEADERS
| # include <stdlib.h>
| # include <stddef.h>
| #else
| # if HAVE_STDLIB_H
| #  include <stdlib.h>
| # endif
| #endif
| #if HAVE_STRING_H
| # if !STDC_HEADERS && HAVE_MEMORY_H
| #  include <memory.h>
| # endif
| # include <string.h>
| #endif
| #if HAVE_STRINGS_H
| # include <strings.h>
| #endif
| #if HAVE_INTTYPES_H
| # include <inttypes.h>
| #else
| # if HAVE_STDINT_H
| #  include <stdint.h>
| # endif
| #endif
| #if HAVE_UNISTD_H
| # include <unistd.h>
| #endif
| #include <smi.h>
configure:3464: result: no
configure:3468: checking smi.h presence
configure:3479: mipsel-linux-uclibc-gcc -E -I../libpcap conftest.c
configure:3494:17: smi.h: No such file or directory
configure:3485: $? = 1
configure: failed program was:
| #line 3470 "configure"
| /* confdefs.h.  */
| 
| #define PACKAGE_NAME ""
| #define PACKAGE_TARNAME ""
| #define PACKAGE_VERSION ""
| #define PACKAGE_STRING ""
| #define PACKAGE_BUGREPORT ""
| #define inline inline
| #define HAVE___ATTRIBUTE__ 1
| #define STDC_HEADERS 1
| #define HAVE_SYS_TYPES_H 1
| #define HAVE_SYS_STAT_H 1
| #define HAVE_STDLIB_H 1
| #define HAVE_STRING_H 1
| #define HAVE_MEMORY_H 1
| #define HAVE_STRINGS_H 1
| #define HAVE_INTTYPES_H 1
| #define HAVE_STDINT_H 1
| #define HAVE_UNISTD_H 1
| #define HAVE_FCNTL_H 1
| #define HAVE_NETINET_ETHER_H 1
| #define HAVE_NETINET_IF_ETHER_H 1
| #define TIME_WITH_SYS_TIME 1
| /* end confdefs.h.  */
| #include <smi.h>
configure:3504: result: no
configure:3540: checking for smi.h
configure:3547: result: no
configure:3561: checking for smiInit in -lsmi
configure:3592: mipsel-linux-uclibc-gcc -o conftest -I../libpcap -I../libpcap -L../libpcap conftest.c -lsmi   >&5
/opt/openwrt/bin/../lib/gcc/mipsel-linux-uclibc/3.4.4/../../../../mipsel-linux-uclibc/bin/ld: cannot find -lsmi
collect2: ld returned 1 exit status
configure:3595: $? = 1
configure: failed program was:
| #line 3568 "configure"
| /* confdefs.h.  */
| 
| #define PACKAGE_NAME ""
| #define PACKAGE_TARNAME ""
| #define PACKAGE_VERSION ""
| #define PACKAGE_STRING ""
| #define PACKAGE_BUGREPORT ""
| #define inline inline
| #define HAVE___ATTRIBUTE__ 1
| #define STDC_HEADERS 1
| #define HAVE_SYS_TYPES_H 1
| #define HAVE_SYS_STAT_H 1
| #define HAVE_STDLIB_H 1
| #define HAVE_STRING_H 1
| #define HAVE_MEMORY_H 1
| #define HAVE_STRINGS_H 1
| #define HAVE_INTTYPES_H 1
| #define HAVE_STDINT_H 1
| #define HAVE_UNISTD_H 1
| #define HAVE_FCNTL_H 1
| #define HAVE_NETINET_ETHER_H 1
| #define HAVE_NETINET_IF_ETHER_H 1
| #define TIME_WITH_SYS_TIME 1
| /* end confdefs.h.  */
| 
| /* Override any gcc2 internal prototype to avoid an error.  */
| #ifdef __cplusplus
| extern "C"
| #endif
| /* We use char because int might match the return type of a gcc2
|    builtin and then its argument prototype would still apply.  */
| char smiInit ();
| int
| main ()
| {
| smiInit ();
|   ;
|   return 0;
| }
configure:3613: result: no
configure:3702: checking whether to enable the possibly-buggy SMB printer
configure:3712: result: yes
configure:3714: WARNING: The SMB printer may have exploitable buffer overflows!!!
configure:3727: checking whether to enable ipv6
configure:3750: result: no
configure:4357: checking for dnet_htoa declaration in netdnet/dnetdb.h
configure:4387:28: netdnet/dnetdb.h: No such file or directory
configure:4381: result: no
configure:4390: checking for char
configure:4415: mipsel-linux-uclibc-gcc -c -I../libpcap -I../libpcap conftest.c >&5
configure:4418: $? = 0
configure:4421: test -s conftest.o
configure:4424: $? = 0
configure:4435: result: yes
configure:4438: checking size of char
configure:4469: mipsel-linux-uclibc-gcc -c -I../libpcap -I../libpcap conftest.c >&5
configure:4472: $? = 0
configure:4475: test -s conftest.o
configure:4478: $? = 0
configure:4501: mipsel-linux-uclibc-gcc -c -I../libpcap -I../libpcap conftest.c >&5
configure: In function `main':
configure:4544: error: size of array `test_array' is negative
configure:4504: $? = 1
configure: failed program was:
| #line 4482 "configure"
| /* confdefs.h.  */
| 
| #define PACKAGE_NAME ""
| #define PACKAGE_TARNAME ""
| #define PACKAGE_VERSION ""
| #define PACKAGE_STRING ""
| #define PACKAGE_BUGREPORT ""
| #define inline inline
| #define HAVE___ATTRIBUTE__ 1
| #define STDC_HEADERS 1
| #define HAVE_SYS_TYPES_H 1
| #define HAVE_SYS_STAT_H 1
| #define HAVE_STDLIB_H 1
| #define HAVE_STRING_H 1
| #define HAVE_MEMORY_H 1
| #define HAVE_STRINGS_H 1
| #define HAVE_INTTYPES_H 1
| #define HAVE_STDINT_H 1
| #define HAVE_UNISTD_H 1
| #define HAVE_FCNTL_H 1
| #define HAVE_NETINET_ETHER_H 1
| #define HAVE_NETINET_IF_ETHER_H 1
| #define TIME_WITH_SYS_TIME 1
| #define TCPDUMP_DO_SMB 1
| /* end confdefs.h.  */
| #include <stdio.h>
| #if HAVE_SYS_TYPES_H
| # include <sys/types.h>
| #endif
| #if HAVE_SYS_STAT_H
| # include <sys/stat.h>
| #endif
| #if STDC_HEADERS
| # include <stdlib.h>
| # include <stddef.h>
| #else
| # if HAVE_STDLIB_H
| #  include <stdlib.h>
| # endif
| #endif
| #if HAVE_STRING_H
| # if !STDC_HEADERS && HAVE_MEMORY_H
| #  include <memory.h>
| # endif
| # include <string.h>
| #endif
| #if HAVE_STRINGS_H
| # include <strings.h>
| #endif
| #if HAVE_INTTYPES_H
| # include <inttypes.h>
| #else
| # if HAVE_STDINT_H
| #  include <stdint.h>
| # endif
| #endif
| #if HAVE_UNISTD_H
| # include <unistd.h>
| #endif
| int
| main ()
| {
| static int test_array [1 - 2 * !(((long) (sizeof (char))) <= 0)];
| test_array [0] = 0
| 
|   ;
|   return 0;
| }
configure:4501: mipsel-linux-uclibc-gcc -c -I../libpcap -I../libpcap conftest.c >&5
configure:4504: $? = 0
configure:4507: test -s conftest.o
configure:4510: $? = 0
configure:4744: result: 1
configure:4751: checking for short
configure:4776: mipsel-linux-uclibc-gcc -c -I../libpcap -I../libpcap conftest.c >&5
configure:4779: $? = 0
configure:4782: test -s conftest.o
configure:4785: $? = 0
configure:4796: result: yes
configure:4799: checking size of short
configure:4830: mipsel-linux-uclibc-gcc -c -I../libpcap -I../libpcap conftest.c >&5
configure:4833: $? = 0
configure:4836: test -s conftest.o
configure:4839: $? = 0
configure:4862: mipsel-linux-uclibc-gcc -c -I../libpcap -I../libpcap conftest.c >&5
configure: In function `main':
configure:4906: error: size of array `test_array' is negative
configure:4865: $? = 1
configure: failed program was:
| #line 4843 "configure"
| /* confdefs.h.  */
| 
| #define PACKAGE_NAME ""
| #define PACKAGE_TARNAME ""
| #define PACKAGE_VERSION ""
| #define PACKAGE_STRING ""
| #define PACKAGE_BUGREPORT ""
| #define inline inline
| #define HAVE___ATTRIBUTE__ 1
| #define STDC_HEADERS 1
| #define HAVE_SYS_TYPES_H 1
| #define HAVE_SYS_STAT_H 1
| #define HAVE_STDLIB_H 1
| #define HAVE_STRING_H 1
| #define HAVE_MEMORY_H 1
| #define HAVE_STRINGS_H 1
| #define HAVE_INTTYPES_H 1
| #define HAVE_STDINT_H 1
| #define HAVE_UNISTD_H 1
| #define HAVE_FCNTL_H 1
| #define HAVE_NETINET_ETHER_H 1
| #define HAVE_NETINET_IF_ETHER_H 1
| #define TIME_WITH_SYS_TIME 1
| #define TCPDUMP_DO_SMB 1
| #define SIZEOF_CHAR 1
| /* end confdefs.h.  */
| #include <stdio.h>
| #if HAVE_SYS_TYPES_H
| # include <sys/types.h>
| #endif
| #if HAVE_SYS_STAT_H
| # include <sys/stat.h>
| #endif
| #if STDC_HEADERS
| # include <stdlib.h>
| # include <stddef.h>
| #else
| # if HAVE_STDLIB_H
| #  include <stdlib.h>
| # endif
| #endif
| #if HAVE_STRING_H
| # if !STDC_HEADERS && HAVE_MEMORY_H
| #  include <memory.h>
| # endif
| # include <string.h>
| #endif
| #if HAVE_STRINGS_H
| # include <strings.h>
| #endif
| #if HAVE_INTTYPES_H
| # include <inttypes.h>
| #else
| # if HAVE_STDINT_H
| #  include <stdint.h>
| # endif
| #endif
| #if HAVE_UNISTD_H
| # include <unistd.h>
| #endif
| int
| main ()
| {
| static int test_array [1 - 2 * !(((long) (sizeof (short))) <= 0)];
| test_array [0] = 0
| 
|   ;
|   return 0;
| }
configure:4862: mipsel-linux-uclibc-gcc -c -I../libpcap -I../libpcap conftest.c >&5
configure: In function `main':
configure:4906: error: size of array `test_array' is negative
configure:4865: $? = 1
configure: failed program was:
| #line 4843 "configure"
| /* confdefs.h.  */
| 
| #define PACKAGE_NAME ""
| #define PACKAGE_TARNAME ""
| #define PACKAGE_VERSION ""
| #define PACKAGE_STRING ""
| #define PACKAGE_BUGREPORT ""
| #define inline inline
| #define HAVE___ATTRIBUTE__ 1
| #define STDC_HEADERS 1
| #define HAVE_SYS_TYPES_H 1
| #define HAVE_SYS_STAT_H 1
| #define HAVE_STDLIB_H 1
| #define HAVE_STRING_H 1
| #define HAVE_MEMORY_H 1
| #define HAVE_STRINGS_H 1
| #define HAVE_INTTYPES_H 1
| #define HAVE_STDINT_H 1
| #define HAVE_UNISTD_H 1
| #define HAVE_FCNTL_H 1
| #define HAVE_NETINET_ETHER_H 1
| #define HAVE_NETINET_IF_ETHER_H 1
| #define TIME_WITH_SYS_TIME 1
| #define TCPDUMP_DO_SMB 1
| #define SIZEOF_CHAR 1
| /* end confdefs.h.  */
| #include <stdio.h>
| #if HAVE_SYS_TYPES_H
| # include <sys/types.h>
| #endif
| #if HAVE_SYS_STAT_H
| # include <sys/stat.h>
| #endif
| #if STDC_HEADERS
| # include <stdlib.h>
| # include <stddef.h>
| #else
| # if HAVE_STDLIB_H
| #  include <stdlib.h>
| # endif
| #endif
| #if HAVE_STRING_H
| # if !STDC_HEADERS && HAVE_MEMORY_H
| #  include <memory.h>
| # endif
| # include <string.h>
| #endif
| #if HAVE_STRINGS_H
| # include <strings.h>
| #endif
| #if HAVE_INTTYPES_H
| # include <inttypes.h>
| #else
| # if HAVE_STDINT_H
| #  include <stdint.h>
| # endif
| #endif
| #if HAVE_UNISTD_H
| # include <unistd.h>
| #endif
| int
| main ()
| {
| static int test_array [1 - 2 * !(((long) (sizeof (short))) <= 1)];
| test_array [0] = 0
| 
|   ;
|   return 0;
| }
configure:4862: mipsel-linux-uclibc-gcc -c -I../libpcap -I../libpcap conftest.c >&5
configure:4865: $? = 0
configure:4868: test -s conftest.o
configure:4871: $? = 0
configure:4998: mipsel-linux-uclibc-gcc -c -I../libpcap -I../libpcap conftest.c >&5
configure:5001: $? = 0
configure:5004: test -s conftest.o
configure:5007: $? = 0
configure:5105: result: 2
configure:5112: checking for int
configure:5137: mipsel-linux-uclibc-gcc -c -I../libpcap -I../libpcap conftest.c >&5
configure:5140: $? = 0
configure:5143: test -s conftest.o
configure:5146: $? = 0
configure:5157: result: yes
configure:5160: checking size of int
configure:5191: mipsel-linux-uclibc-gcc -c -I../libpcap -I../libpcap conftest.c >&5
configure:5194: $? = 0
configure:5197: test -s conftest.o
configure:5200: $? = 0
configure:5223: mipsel-linux-uclibc-gcc -c -I../libpcap -I../libpcap conftest.c >&5
configure: In function `main':
configure:5268: error: size of array `test_array' is negative
configure:5226: $? = 1
configure: failed program was:
| #line 5204 "configure"
| /* confdefs.h.  */
| 
| #define PACKAGE_NAME ""
| #define PACKAGE_TARNAME ""
| #define PACKAGE_VERSION ""
| #define PACKAGE_STRING ""
| #define PACKAGE_BUGREPORT ""
| #define inline inline
| #define HAVE___ATTRIBUTE__ 1
| #define STDC_HEADERS 1
| #define HAVE_SYS_TYPES_H 1
| #define HAVE_SYS_STAT_H 1
| #define HAVE_STDLIB_H 1
| #define HAVE_STRING_H 1
| #define HAVE_MEMORY_H 1
| #define HAVE_STRINGS_H 1
| #define HAVE_INTTYPES_H 1
| #define HAVE_STDINT_H 1
| #define HAVE_UNISTD_H 1
| #define HAVE_FCNTL_H 1
| #define HAVE_NETINET_ETHER_H 1
| #define HAVE_NETINET_IF_ETHER_H 1
| #define TIME_WITH_SYS_TIME 1
| #define TCPDUMP_DO_SMB 1
| #define SIZEOF_CHAR 1
| #define SIZEOF_SHORT 2
| /* end confdefs.h.  */
| #include <stdio.h>
| #if HAVE_SYS_TYPES_H
| # include <sys/types.h>
| #endif
| #if HAVE_SYS_STAT_H
| # include <sys/stat.h>
| #endif
| #if STDC_HEADERS
| # include <stdlib.h>
| # include <stddef.h>
| #else
| # if HAVE_STDLIB_H
| #  include <stdlib.h>
| # endif
| #endif
| #if HAVE_STRING_H
| # if !STDC_HEADERS && HAVE_MEMORY_H
| #  include <memory.h>
| # endif
| # include <string.h>
| #endif
| #if HAVE_STRINGS_H
| # include <strings.h>
| #endif
| #if HAVE_INTTYPES_H
| # include <inttypes.h>
| #else
| # if HAVE_STDINT_H
| #  include <stdint.h>
| # endif
| #endif
| #if HAVE_UNISTD_H
| # include <unistd.h>
| #endif
| int
| main ()
| {
| static int test_array [1 - 2 * !(((long) (sizeof (int))) <= 0)];
| test_array [0] = 0
| 
|   ;
|   return 0;
| }
configure:5223: mipsel-linux-uclibc-gcc -c -I../libpcap -I../libpcap conftest.c >&5
configure: In function `main':
configure:5268: error: size of array `test_array' is negative
configure:5226: $? = 1
configure: failed program was:
| #line 5204 "configure"
| /* confdefs.h.  */
| 
| #define PACKAGE_NAME ""
| #define PACKAGE_TARNAME ""
| #define PACKAGE_VERSION ""
| #define PACKAGE_STRING ""
| #define PACKAGE_BUGREPORT ""
| #define inline inline
| #define HAVE___ATTRIBUTE__ 1
| #define STDC_HEADERS 1
| #define HAVE_SYS_TYPES_H 1
| #define HAVE_SYS_STAT_H 1
| #define HAVE_STDLIB_H 1
| #define HAVE_STRING_H 1
| #define HAVE_MEMORY_H 1
| #define HAVE_STRINGS_H 1
| #define HAVE_INTTYPES_H 1
| #define HAVE_STDINT_H 1
| #define HAVE_UNISTD_H 1
| #define HAVE_FCNTL_H 1
| #define HAVE_NETINET_ETHER_H 1
| #define HAVE_NETINET_IF_ETHER_H 1
| #define TIME_WITH_SYS_TIME 1
| #define TCPDUMP_DO_SMB 1
| #define SIZEOF_CHAR 1
| #define SIZEOF_SHORT 2
| /* end confdefs.h.  */
| #include <stdio.h>
| #if HAVE_SYS_TYPES_H
| # include <sys/types.h>
| #endif
| #if HAVE_SYS_STAT_H
| # include <sys/stat.h>
| #endif
| #if STDC_HEADERS
| # include <stdlib.h>
| # include <stddef.h>
| #else
| # if HAVE_STDLIB_H
| #  include <stdlib.h>
| # endif
| #endif
| #if HAVE_STRING_H
| # if !STDC_HEADERS && HAVE_MEMORY_H
| #  include <memory.h>
| # endif
| # include <string.h>
| #endif
| #if HAVE_STRINGS_H
| # include <strings.h>
| #endif
| #if HAVE_INTTYPES_H
| # include <inttypes.h>
| #else
| # if HAVE_STDINT_H
| #  include <stdint.h>
| # endif
| #endif
| #if HAVE_UNISTD_H
| # include <unistd.h>
| #endif
| int
| main ()
| {
| static int test_array [1 - 2 * !(((long) (sizeof (int))) <= 1)];
| test_array [0] = 0
| 
|   ;
|   return 0;
| }
configure:5223: mipsel-linux-uclibc-gcc -c -I../libpcap -I../libpcap conftest.c >&5
configure: In function `main':
configure:5268: error: size of array `test_array' is negative
configure:5226: $? = 1
configure: failed program was:
| #line 5204 "configure"
| /* confdefs.h.  */
| 
| #define PACKAGE_NAME ""
| #define PACKAGE_TARNAME ""
| #define PACKAGE_VERSION ""
| #define PACKAGE_STRING ""
| #define PACKAGE_BUGREPORT ""
| #define inline inline
| #define HAVE___ATTRIBUTE__ 1
| #define STDC_HEADERS 1
| #define HAVE_SYS_TYPES_H 1
| #define HAVE_SYS_STAT_H 1
| #define HAVE_STDLIB_H 1
| #define HAVE_STRING_H 1
| #define HAVE_MEMORY_H 1
| #define HAVE_STRINGS_H 1
| #define HAVE_INTTYPES_H 1
| #define HAVE_STDINT_H 1
| #define HAVE_UNISTD_H 1
| #define HAVE_FCNTL_H 1
| #define HAVE_NETINET_ETHER_H 1
| #define HAVE_NETINET_IF_ETHER_H 1
| #define TIME_WITH_SYS_TIME 1
| #define TCPDUMP_DO_SMB 1
| #define SIZEOF_CHAR 1
| #define SIZEOF_SHORT 2
| /* end confdefs.h.  */
| #include <stdio.h>
| #if HAVE_SYS_TYPES_H
| # include <sys/types.h>
| #endif
| #if HAVE_SYS_STAT_H
| # include <sys/stat.h>
| #endif
| #if STDC_HEADERS
| # include <stdlib.h>
| # include <stddef.h>
| #else
| # if HAVE_STDLIB_H
| #  include <stdlib.h>
| # endif
| #endif
| #if HAVE_STRING_H
| # if !STDC_HEADERS && HAVE_MEMORY_H
| #  include <memory.h>
| # endif
| # include <string.h>
| #endif
| #if HAVE_STRINGS_H
| # include <strings.h>
| #endif
| #if HAVE_INTTYPES_H
| # include <inttypes.h>
| #else
| # if HAVE_STDINT_H
| #  include <stdint.h>
| # endif
| #endif
| #if HAVE_UNISTD_H
| # include <unistd.h>
| #endif
| int
| main ()
| {
| static int test_array [1 - 2 * !(((long) (sizeof (int))) <= 3)];
| test_array [0] = 0
| 
|   ;
|   return 0;
| }
configure:5223: mipsel-linux-uclibc-gcc -c -I../libpcap -I../libpcap conftest.c >&5
configure:5226: $? = 0
configure:5229: test -s conftest.o
configure:5232: $? = 0
configure:5359: mipsel-linux-uclibc-gcc -c -I../libpcap -I../libpcap conftest.c >&5
configure:5362: $? = 0
configure:5365: test -s conftest.o
configure:5368: $? = 0
configure:5359: mipsel-linux-uclibc-gcc -c -I../libpcap -I../libpcap conftest.c >&5
configure:5362: $? = 0
configure:5365: test -s conftest.o
configure:5368: $? = 0
configure:5466: result: 4
configure:5473: checking for long
configure:5498: mipsel-linux-uclibc-gcc -c -I../libpcap -I../libpcap conftest.c >&5
configure:5501: $? = 0
configure:5504: test -s conftest.o
configure:5507: $? = 0
configure:5518: result: yes
configure:5521: checking size of long
configure:5552: mipsel-linux-uclibc-gcc -c -I../libpcap -I../libpcap conftest.c >&5
configure:5555: $? = 0
configure:5558: test -s conftest.o
configure:5561: $? = 0
configure:5584: mipsel-linux-uclibc-gcc -c -I../libpcap -I../libpcap conftest.c >&5
configure: In function `main':
configure:5630: error: size of array `test_array' is negative
configure:5587: $? = 1
configure: failed program was:
| #line 5565 "configure"
| /* confdefs.h.  */
| 
| #define PACKAGE_NAME ""
| #define PACKAGE_TARNAME ""
| #define PACKAGE_VERSION ""
| #define PACKAGE_STRING ""
| #define PACKAGE_BUGREPORT ""
| #define inline inline
| #define HAVE___ATTRIBUTE__ 1
| #define STDC_HEADERS 1
| #define HAVE_SYS_TYPES_H 1
| #define HAVE_SYS_STAT_H 1
| #define HAVE_STDLIB_H 1
| #define HAVE_STRING_H 1
| #define HAVE_MEMORY_H 1
| #define HAVE_STRINGS_H 1
| #define HAVE_INTTYPES_H 1
| #define HAVE_STDINT_H 1
| #define HAVE_UNISTD_H 1
| #define HAVE_FCNTL_H 1
| #define HAVE_NETINET_ETHER_H 1
| #define HAVE_NETINET_IF_ETHER_H 1
| #define TIME_WITH_SYS_TIME 1
| #define TCPDUMP_DO_SMB 1
| #define SIZEOF_CHAR 1
| #define SIZEOF_SHORT 2
| #define SIZEOF_INT 4
| /* end confdefs.h.  */
| #include <stdio.h>
| #if HAVE_SYS_TYPES_H
| # include <sys/types.h>
| #endif
| #if HAVE_SYS_STAT_H
| # include <sys/stat.h>
| #endif
| #if STDC_HEADERS
| # include <stdlib.h>
| # include <stddef.h>
| #else
| # if HAVE_STDLIB_H
| #  include <stdlib.h>
| # endif
| #endif
| #if HAVE_STRING_H
| # if !STDC_HEADERS && HAVE_MEMORY_H
| #  include <memory.h>
| # endif
| # include <string.h>
| #endif
| #if HAVE_STRINGS_H
| # include <strings.h>
| #endif
| #if HAVE_INTTYPES_H
| # include <inttypes.h>
| #else
| # if HAVE_STDINT_H
| #  include <stdint.h>
| # endif
| #endif
| #if HAVE_UNISTD_H
| # include <unistd.h>
| #endif
| int
| main ()
| {
| static int test_array [1 - 2 * !(((long) (sizeof (long))) <= 0)];
| test_array [0] = 0
| 
|   ;
|   return 0;
| }
configure:5584: mipsel-linux-uclibc-gcc -c -I../libpcap -I../libpcap conftest.c >&5
configure: In function `main':
configure:5630: error: size of array `test_array' is negative
configure:5587: $? = 1
configure: failed program was:
| #line 5565 "configure"
| /* confdefs.h.  */
| 
| #define PACKAGE_NAME ""
| #define PACKAGE_TARNAME ""
| #define PACKAGE_VERSION ""
| #define PACKAGE_STRING ""
| #define PACKAGE_BUGREPORT ""
| #define inline inline
| #define HAVE___ATTRIBUTE__ 1
| #define STDC_HEADERS 1
| #define HAVE_SYS_TYPES_H 1
| #define HAVE_SYS_STAT_H 1
| #define HAVE_STDLIB_H 1
| #define HAVE_STRING_H 1
| #define HAVE_MEMORY_H 1
| #define HAVE_STRINGS_H 1
| #define HAVE_INTTYPES_H 1
| #define HAVE_STDINT_H 1
| #define HAVE_UNISTD_H 1
| #define HAVE_FCNTL_H 1
| #define HAVE_NETINET_ETHER_H 1
| #define HAVE_NETINET_IF_ETHER_H 1
| #define TIME_WITH_SYS_TIME 1
| #define TCPDUMP_DO_SMB 1
| #define SIZEOF_CHAR 1
| #define SIZEOF_SHORT 2
| #define SIZEOF_INT 4
| /* end confdefs.h.  */
| #include <stdio.h>
| #if HAVE_SYS_TYPES_H
| # include <sys/types.h>
| #endif
| #if HAVE_SYS_STAT_H
| # include <sys/stat.h>
| #endif
| #if STDC_HEADERS
| # include <stdlib.h>
| # include <stddef.h>
| #else
| # if HAVE_STDLIB_H
| #  include <stdlib.h>
| # endif
| #endif
| #if HAVE_STRING_H
| # if !STDC_HEADERS && HAVE_MEMORY_H
| #  include <memory.h>
| # endif
| # include <string.h>
| #endif
| #if HAVE_STRINGS_H
| # include <strings.h>
| #endif
| #if HAVE_INTTYPES_H
| # include <inttypes.h>
| #else
| # if HAVE_STDINT_H
| #  include <stdint.h>
| # endif
| #endif
| #if HAVE_UNISTD_H
| # include <unistd.h>
| #endif
| int
| main ()
| {
| static int test_array [1 - 2 * !(((long) (sizeof (long))) <= 1)];
| test_array [0] = 0
| 
|   ;
|   return 0;
| }
configure:5584: mipsel-linux-uclibc-gcc -c -I../libpcap -I../libpcap conftest.c >&5
configure: In function `main':
configure:5630: error: size of array `test_array' is negative
configure:5587: $? = 1
configure: failed program was:
| #line 5565 "configure"
| /* confdefs.h.  */
| 
| #define PACKAGE_NAME ""
| #define PACKAGE_TARNAME ""
| #define PACKAGE_VERSION ""
| #define PACKAGE_STRING ""
| #define PACKAGE_BUGREPORT ""
| #define inline inline
| #define HAVE___ATTRIBUTE__ 1
| #define STDC_HEADERS 1
| #define HAVE_SYS_TYPES_H 1
| #define HAVE_SYS_STAT_H 1
| #define HAVE_STDLIB_H 1
| #define HAVE_STRING_H 1
| #define HAVE_MEMORY_H 1
| #define HAVE_STRINGS_H 1
| #define HAVE_INTTYPES_H 1
| #define HAVE_STDINT_H 1
| #define HAVE_UNISTD_H 1
| #define HAVE_FCNTL_H 1
| #define HAVE_NETINET_ETHER_H 1
| #define HAVE_NETINET_IF_ETHER_H 1
| #define TIME_WITH_SYS_TIME 1
| #define TCPDUMP_DO_SMB 1
| #define SIZEOF_CHAR 1
| #define SIZEOF_SHORT 2
| #define SIZEOF_INT 4
| /* end confdefs.h.  */
| #include <stdio.h>
| #if HAVE_SYS_TYPES_H
| # include <sys/types.h>
| #endif
| #if HAVE_SYS_STAT_H
| # include <sys/stat.h>
| #endif
| #if STDC_HEADERS
| # include <stdlib.h>
| # include <stddef.h>
| #else
| # if HAVE_STDLIB_H
| #  include <stdlib.h>
| # endif
| #endif
| #if HAVE_STRING_H
| # if !STDC_HEADERS && HAVE_MEMORY_H
| #  include <memory.h>
| # endif
| # include <string.h>
| #endif
| #if HAVE_STRINGS_H
| # include <strings.h>
| #endif
| #if HAVE_INTTYPES_H
| # include <inttypes.h>
| #else
| # if HAVE_STDINT_H
| #  include <stdint.h>
| # endif
| #endif
| #if HAVE_UNISTD_H
| # include <unistd.h>
| #endif
| int
| main ()
| {
| static int test_array [1 - 2 * !(((long) (sizeof (long))) <= 3)];
| test_array [0] = 0
| 
|   ;
|   return 0;
| }
configure:5584: mipsel-linux-uclibc-gcc -c -I../libpcap -I../libpcap conftest.c >&5
configure:5587: $? = 0
configure:5590: test -s conftest.o
configure:5593: $? = 0
configure:5720: mipsel-linux-uclibc-gcc -c -I../libpcap -I../libpcap conftest.c >&5
configure:5723: $? = 0
configure:5726: test -s conftest.o
configure:5729: $? = 0
configure:5720: mipsel-linux-uclibc-gcc -c -I../libpcap -I../libpcap conftest.c >&5
configure:5723: $? = 0
configure:5726: test -s conftest.o
configure:5729: $? = 0
configure:5827: result: 4
configure:5837: checking for addrinfo
configure:5860: mipsel-linux-uclibc-gcc -c -I../libpcap -I../libpcap conftest.c >&5
configure:5863: $? = 0
configure:5866: test -s conftest.o
configure:5869: $? = 0
configure:5881: result: yes
configure:5900: checking for NI_MAXSERV
configure:5927: result: yes
configure:5941: checking for NI_NAMEREQD
configure:5968: result: yes
configure:5982: checking for sockaddr_storage
configure:6006: mipsel-linux-uclibc-gcc -c -I../libpcap -I../libpcap conftest.c >&5
configure:6009: $? = 0
configure:6012: test -s conftest.o
configure:6015: $? = 0
configure:6027: result: yes
configure:6042: checking for INADDRSZ
configure:6065: mipsel-linux-uclibc-gcc -c -I../libpcap -I../libpcap conftest.c >&5
configure:6068: $? = 0
configure:6071: test -s conftest.o
configure:6074: $? = 0
configure:6086: result: yes
configure:6096: checking for IN6ADDRSZ
configure:6119: mipsel-linux-uclibc-gcc -c -I../libpcap -I../libpcap conftest.c >&5
configure:6122: $? = 0
configure:6125: test -s conftest.o
configure:6128: $? = 0
configure:6140: result: yes
configure:6156: checking for RES_USE_INET6
configure:6181: mipsel-linux-uclibc-gcc -c -I../libpcap -I../libpcap conftest.c >&5
configure:6184: $? = 0
configure:6187: test -s conftest.o
configure:6190: $? = 0
configure:6202: result: yes
configure:6216: checking for res_state_ext
configure:6242: mipsel-linux-uclibc-gcc -c -I../libpcap -I../libpcap conftest.c >&5
configure:6258:28: netinet6/in6.h: No such file or directory
configure: In function `main':
configure:6264: error: storage size of 'e' isn't known
configure:6245: $? = 1
configure: failed program was:
| #line 6221 "configure"
| /* confdefs.h.  */
| 
| #define PACKAGE_NAME ""
| #define PACKAGE_TARNAME ""
| #define PACKAGE_VERSION ""
| #define PACKAGE_STRING ""
| #define PACKAGE_BUGREPORT ""
| #define inline inline
| #define HAVE___ATTRIBUTE__ 1
| #define STDC_HEADERS 1
| #define HAVE_SYS_TYPES_H 1
| #define HAVE_SYS_STAT_H 1
| #define HAVE_STDLIB_H 1
| #define HAVE_STRING_H 1
| #define HAVE_MEMORY_H 1
| #define HAVE_STRINGS_H 1
| #define HAVE_INTTYPES_H 1
| #define HAVE_STDINT_H 1
| #define HAVE_UNISTD_H 1
| #define HAVE_FCNTL_H 1
| #define HAVE_NETINET_ETHER_H 1
| #define HAVE_NETINET_IF_ETHER_H 1
| #define TIME_WITH_SYS_TIME 1
| #define TCPDUMP_DO_SMB 1
| #define SIZEOF_CHAR 1
| #define SIZEOF_SHORT 2
| #define SIZEOF_INT 4
| #define SIZEOF_LONG 4
| #define HAVE_ADDRINFO 1
| #define HAVE_SOCKADDR_STORAGE 1
| #define HAVE_INADDRSZ 1
| #define HAVE_IN6ADDRSZ 1
| #define HAVE_RES_USE_INET6 1
| /* end confdefs.h.  */
| 
| #		include <sys/types.h>
| #		include <netinet/in.h>
| #		include <netinet6/in6.h>
| #		include <resolv.h>
| int
| main ()
| {
| struct __res_state_ext e
|   ;
|   return 0;
| }
configure:6263: result: no
configure:6277: checking for nsort in res_state
configure:6303: mipsel-linux-uclibc-gcc -c -I../libpcap -I../libpcap conftest.c >&5
configure:6319:28: netinet6/in6.h: No such file or directory
configure:6306: $? = 1
configure: failed program was:
| #line 6282 "configure"
| /* confdefs.h.  */
| 
| #define PACKAGE_NAME ""
| #define PACKAGE_TARNAME ""
| #define PACKAGE_VERSION ""
| #define PACKAGE_STRING ""
| #define PACKAGE_BUGREPORT ""
| #define inline inline
| #define HAVE___ATTRIBUTE__ 1
| #define STDC_HEADERS 1
| #define HAVE_SYS_TYPES_H 1
| #define HAVE_SYS_STAT_H 1
| #define HAVE_STDLIB_H 1
| #define HAVE_STRING_H 1
| #define HAVE_MEMORY_H 1
| #define HAVE_STRINGS_H 1
| #define HAVE_INTTYPES_H 1
| #define HAVE_STDINT_H 1
| #define HAVE_UNISTD_H 1
| #define HAVE_FCNTL_H 1
| #define HAVE_NETINET_ETHER_H 1
| #define HAVE_NETINET_IF_ETHER_H 1
| #define TIME_WITH_SYS_TIME 1
| #define TCPDUMP_DO_SMB 1
| #define SIZEOF_CHAR 1
| #define SIZEOF_SHORT 2
| #define SIZEOF_INT 4
| #define SIZEOF_LONG 4
| #define HAVE_ADDRINFO 1
| #define HAVE_SOCKADDR_STORAGE 1
| #define HAVE_INADDRSZ 1
| #define HAVE_IN6ADDRSZ 1
| #define HAVE_RES_USE_INET6 1
| /* end confdefs.h.  */
| 
| #		include <sys/types.h>
| #		include <netinet/in.h>
| #		include <netinet6/in6.h>
| #		include <resolv.h>
| int
| main ()
| {
| struct __res_state e; e.nsort = 0
|   ;
|   return 0;
| }
configure:6324: result: no
configure:6349: checking for vfprintf
configure:6399: mipsel-linux-uclibc-gcc -o conftest -I../libpcap -I../libpcap -I$(srcdir)/missing -L../libpcap conftest.c  >&5
configure:6404: warning: conflicting types for built-in function 'vfprintf'
configure:6402: $? = 0
configure:6405: test -s conftest
configure:6408: $? = 0
configure:6419: result: yes
configure:6349: checking for strcasecmp
configure:6399: mipsel-linux-uclibc-gcc -o conftest -I../libpcap -I../libpcap -I$(srcdir)/missing -L../libpcap conftest.c  >&5
configure:6402: $? = 0
configure:6405: test -s conftest
configure:6408: $? = 0
configure:6419: result: yes
configure:6349: checking for strlcat
configure:6399: mipsel-linux-uclibc-gcc -o conftest -I../libpcap -I../libpcap -I$(srcdir)/missing -L../libpcap conftest.c  >&5
configure:6402: $? = 0
configure:6405: test -s conftest
configure:6408: $? = 0
configure:6419: result: yes
configure:6349: checking for strlcpy
configure:6399: mipsel-linux-uclibc-gcc -o conftest -I../libpcap -I../libpcap -I$(srcdir)/missing -L../libpcap conftest.c  >&5
configure:6402: $? = 0
configure:6405: test -s conftest
configure:6408: $? = 0
configure:6419: result: yes
configure:6349: checking for strdup
configure:6399: mipsel-linux-uclibc-gcc -o conftest -I../libpcap -I../libpcap -I$(srcdir)/missing -L../libpcap conftest.c  >&5
configure:6408: warning: conflicting types for built-in function 'strdup'
configure:6402: $? = 0
configure:6405: test -s conftest
configure:6408: $? = 0
configure:6419: result: yes
configure:6349: checking for strsep
configure:6399: mipsel-linux-uclibc-gcc -o conftest -I../libpcap -I../libpcap -I$(srcdir)/missing -L../libpcap conftest.c  >&5
configure:6402: $? = 0
configure:6405: test -s conftest
configure:6408: $? = 0
configure:6419: result: yes
configure:6436: checking for strftime
configure:6486: mipsel-linux-uclibc-gcc -o conftest -I../libpcap -I../libpcap -I$(srcdir)/missing -L../libpcap conftest.c  >&5
configure:6497: warning: conflicting types for built-in function 'strftime'
configure:6489: $? = 0
configure:6492: test -s conftest
configure:6495: $? = 0
configure:6506: result: yes
configure:6520: checking for ether_ntohost
configure:6570: mipsel-linux-uclibc-gcc -o conftest -I../libpcap -I../libpcap -I$(srcdir)/missing -L../libpcap conftest.c  >&5
/tmp/ccUT3zrw.o(.text+0x24): In function `main':
conftest.c: undefined reference to `ether_ntohost'
/tmp/ccUT3zrw.o(.data.rel+0x0): undefined reference to `ether_ntohost'
collect2: ld returned 1 exit status
configure:6573: $? = 1
configure: failed program was:
| #line 6525 "configure"
| /* confdefs.h.  */
| 
| #define PACKAGE_NAME ""
| #define PACKAGE_TARNAME ""
| #define PACKAGE_VERSION ""
| #define PACKAGE_STRING ""
| #define PACKAGE_BUGREPORT ""
| #define inline inline
| #define HAVE___ATTRIBUTE__ 1
| #define STDC_HEADERS 1
| #define HAVE_SYS_TYPES_H 1
| #define HAVE_SYS_STAT_H 1
| #define HAVE_STDLIB_H 1
| #define HAVE_STRING_H 1
| #define HAVE_MEMORY_H 1
| #define HAVE_STRINGS_H 1
| #define HAVE_INTTYPES_H 1
| #define HAVE_STDINT_H 1
| #define HAVE_UNISTD_H 1
| #define HAVE_FCNTL_H 1
| #define HAVE_NETINET_ETHER_H 1
| #define HAVE_NETINET_IF_ETHER_H 1
| #define TIME_WITH_SYS_TIME 1
| #define TCPDUMP_DO_SMB 1
| #define SIZEOF_CHAR 1
| #define SIZEOF_SHORT 2
| #define SIZEOF_INT 4
| #define SIZEOF_LONG 4
| #define HAVE_ADDRINFO 1
| #define HAVE_SOCKADDR_STORAGE 1
| #define HAVE_INADDRSZ 1
| #define HAVE_IN6ADDRSZ 1
| #define HAVE_RES_USE_INET6 1
| #define HAVE_VFPRINTF 1
| #define HAVE_STRCASECMP 1
| #define HAVE_STRLCAT 1
| #define HAVE_STRLCPY 1
| #define HAVE_STRDUP 1
| #define HAVE_STRSEP 1
| #define HAVE_STRFTIME 1
| /* end confdefs.h.  */
| /* System header to define __stub macros and hopefully few prototypes,
|     which can conflict with char ether_ntohost (); below.
|     Prefer <limits.h> to <assert.h> if __STDC__ is defined, since
|     <limits.h> exists even on freestanding compilers.  */
| #ifdef __STDC__
| # include <limits.h>
| #else
| # include <assert.h>
| #endif
| /* Override any gcc2 internal prototype to avoid an error.  */
| #ifdef __cplusplus
| extern "C"
| {
| #endif
| /* We use char because int might match the return type of a gcc2
|    builtin and then its argument prototype would still apply.  */
| char ether_ntohost ();
| /* The GNU C library defines this for functions which it implements
|     to always fail with ENOSYS.  Some functions are actually named
|     something starting with __ and the normal name is an alias.  */
| #if defined (__stub_ether_ntohost) || defined (__stub___ether_ntohost)
| choke me
| #else
| char (*f) () = ether_ntohost;
| #endif
| #ifdef __cplusplus
| }
| #endif
| 
| int
| main ()
| {
| return f != ether_ntohost;
|   ;
|   return 0;
| }
configure:6590: result: no
configure:6669: checking for setlinebuf
configure:6719: mipsel-linux-uclibc-gcc -o conftest -I../libpcap -I../libpcap -I$(srcdir)/missing -L../libpcap conftest.c  >&5
configure:6722: $? = 0
configure:6725: test -s conftest
configure:6728: $? = 0
configure:6739: result: yes
configure:6756: checking for vsnprintf
configure:6806: mipsel-linux-uclibc-gcc -o conftest -I../libpcap -I../libpcap -I$(srcdir)/missing -L../libpcap conftest.c  >&5
configure:6819: warning: conflicting types for built-in function 'vsnprintf'
configure:6809: $? = 0
configure:6812: test -s conftest
configure:6815: $? = 0
configure:6826: result: yes
configure:6756: checking for snprintf
configure:6806: mipsel-linux-uclibc-gcc -o conftest -I../libpcap -I../libpcap -I$(srcdir)/missing -L../libpcap conftest.c  >&5
configure:6820: warning: conflicting types for built-in function 'snprintf'
configure:6809: $? = 0
configure:6812: test -s conftest
configure:6815: $? = 0
configure:6826: result: yes
configure:6843: checking return type of signal handlers
configure:6875: mipsel-linux-uclibc-gcc -c -I../libpcap -I../libpcap -I$(srcdir)/missing conftest.c >&5
configure:6878: $? = 0
configure:6881: test -s conftest.o
configure:6884: $? = 0
configure:6895: result: void
configure:6928: checking for sigaction
configure:6978: mipsel-linux-uclibc-gcc -o conftest -I../libpcap -I../libpcap -I$(srcdir)/missing -L../libpcap conftest.c  >&5
configure:6981: $? = 0
configure:6984: test -s conftest
configure:6987: $? = 0
configure:6998: result: yes
configure:7097: checking for library containing dnet_htoa
configure:7128: mipsel-linux-uclibc-gcc -o conftest -I../libpcap -I../libpcap -I$(srcdir)/missing -L../libpcap conftest.c  >&5
/tmp/ccew6Nkj.o(.text+0x20): In function `main':
conftest.c: undefined reference to `dnet_htoa'
collect2: ld returned 1 exit status
configure:7131: $? = 1
configure: failed program was:
| #line 7104 "configure"
| /* confdefs.h.  */
| 
| #define PACKAGE_NAME ""
| #define PACKAGE_TARNAME ""
| #define PACKAGE_VERSION ""
| #define PACKAGE_STRING ""
| #define PACKAGE_BUGREPORT ""
| #define inline inline
| #define HAVE___ATTRIBUTE__ 1
| #define STDC_HEADERS 1
| #define HAVE_SYS_TYPES_H 1
| #define HAVE_SYS_STAT_H 1
| #define HAVE_STDLIB_H 1
| #define HAVE_STRING_H 1
| #define HAVE_MEMORY_H 1
| #define HAVE_STRINGS_H 1
| #define HAVE_INTTYPES_H 1
| #define HAVE_STDINT_H 1
| #define HAVE_UNISTD_H 1
| #define HAVE_FCNTL_H 1
| #define HAVE_NETINET_ETHER_H 1
| #define HAVE_NETINET_IF_ETHER_H 1
| #define TIME_WITH_SYS_TIME 1
| #define TCPDUMP_DO_SMB 1
| #define SIZEOF_CHAR 1
| #define SIZEOF_SHORT 2
| #define SIZEOF_INT 4
| #define SIZEOF_LONG 4
| #define HAVE_ADDRINFO 1
| #define HAVE_SOCKADDR_STORAGE 1
| #define HAVE_INADDRSZ 1
| #define HAVE_IN6ADDRSZ 1
| #define HAVE_RES_USE_INET6 1
| #define HAVE_VFPRINTF 1
| #define HAVE_STRCASECMP 1
| #define HAVE_STRLCAT 1
| #define HAVE_STRLCPY 1
| #define HAVE_STRDUP 1
| #define HAVE_STRSEP 1
| #define HAVE_STRFTIME 1
| #define HAVE_SETLINEBUF 1
| #define HAVE_VSNPRINTF 1
| #define HAVE_SNPRINTF 1
| #define RETSIGTYPE void
| #define RETSIGVAL
| #define HAVE_SIGACTION 1
| /* end confdefs.h.  */
| 
| /* Override any gcc2 internal prototype to avoid an error.  */
| #ifdef __cplusplus
| extern "C"
| #endif
| /* We use char because int might match the return type of a gcc2
|    builtin and then its argument prototype would still apply.  */
| char dnet_htoa ();
| int
| main ()
| {
| dnet_htoa ();
|   ;
|   return 0;
| }
configure:7173: mipsel-linux-uclibc-gcc -o conftest -I../libpcap -I../libpcap -I$(srcdir)/missing -L../libpcap conftest.c -ldnet   >&5
/opt/openwrt/bin/../lib/gcc/mipsel-linux-uclibc/3.4.4/../../../../mipsel-linux-uclibc/bin/ld: cannot find -ldnet
collect2: ld returned 1 exit status
configure:7176: $? = 1
configure: failed program was:
| #line 7149 "configure"
| /* confdefs.h.  */
| 
| #define PACKAGE_NAME ""
| #define PACKAGE_TARNAME ""
| #define PACKAGE_VERSION ""
| #define PACKAGE_STRING ""
| #define PACKAGE_BUGREPORT ""
| #define inline inline
| #define HAVE___ATTRIBUTE__ 1
| #define STDC_HEADERS 1
| #define HAVE_SYS_TYPES_H 1
| #define HAVE_SYS_STAT_H 1
| #define HAVE_STDLIB_H 1
| #define HAVE_STRING_H 1
| #define HAVE_MEMORY_H 1
| #define HAVE_STRINGS_H 1
| #define HAVE_INTTYPES_H 1
| #define HAVE_STDINT_H 1
| #define HAVE_UNISTD_H 1
| #define HAVE_FCNTL_H 1
| #define HAVE_NETINET_ETHER_H 1
| #define HAVE_NETINET_IF_ETHER_H 1
| #define TIME_WITH_SYS_TIME 1
| #define TCPDUMP_DO_SMB 1
| #define SIZEOF_CHAR 1
| #define SIZEOF_SHORT 2
| #define SIZEOF_INT 4
| #define SIZEOF_LONG 4
| #define HAVE_ADDRINFO 1
| #define HAVE_SOCKADDR_STORAGE 1
| #define HAVE_INADDRSZ 1
| #define HAVE_IN6ADDRSZ 1
| #define HAVE_RES_USE_INET6 1
| #define HAVE_VFPRINTF 1
| #define HAVE_STRCASECMP 1
| #define HAVE_STRLCAT 1
| #define HAVE_STRLCPY 1
| #define HAVE_STRDUP 1
| #define HAVE_STRSEP 1
| #define HAVE_STRFTIME 1
| #define HAVE_SETLINEBUF 1
| #define HAVE_VSNPRINTF 1
| #define HAVE_SNPRINTF 1
| #define RETSIGTYPE void
| #define RETSIGVAL
| #define HAVE_SIGACTION 1
| /* end confdefs.h.  */
| 
| /* Override any gcc2 internal prototype to avoid an error.  */
| #ifdef __cplusplus
| extern "C"
| #endif
| /* We use char because int might match the return type of a gcc2
|    builtin and then its argument prototype would still apply.  */
| char dnet_htoa ();
| int
| main ()
| {
| dnet_htoa ();
|   ;
|   return 0;
| }
configure:7196: result: no
configure:7208: checking for main in -lrpc
configure:7233: mipsel-linux-uclibc-gcc -o conftest -I../libpcap -I../libpcap -I$(srcdir)/missing -L../libpcap conftest.c -lrpc   >&5
/opt/openwrt/bin/../lib/gcc/mipsel-linux-uclibc/3.4.4/../../../../mipsel-linux-uclibc/bin/ld: cannot find -lrpc
collect2: ld returned 1 exit status
configure:7236: $? = 1
configure: failed program was:
| #line 7215 "configure"
| /* confdefs.h.  */
| 
| #define PACKAGE_NAME ""
| #define PACKAGE_TARNAME ""
| #define PACKAGE_VERSION ""
| #define PACKAGE_STRING ""
| #define PACKAGE_BUGREPORT ""
| #define inline inline
| #define HAVE___ATTRIBUTE__ 1
| #define STDC_HEADERS 1
| #define HAVE_SYS_TYPES_H 1
| #define HAVE_SYS_STAT_H 1
| #define HAVE_STDLIB_H 1
| #define HAVE_STRING_H 1
| #define HAVE_MEMORY_H 1
| #define HAVE_STRINGS_H 1
| #define HAVE_INTTYPES_H 1
| #define HAVE_STDINT_H 1
| #define HAVE_UNISTD_H 1
| #define HAVE_FCNTL_H 1
| #define HAVE_NETINET_ETHER_H 1
| #define HAVE_NETINET_IF_ETHER_H 1
| #define TIME_WITH_SYS_TIME 1
| #define TCPDUMP_DO_SMB 1
| #define SIZEOF_CHAR 1
| #define SIZEOF_SHORT 2
| #define SIZEOF_INT 4
| #define SIZEOF_LONG 4
| #define HAVE_ADDRINFO 1
| #define HAVE_SOCKADDR_STORAGE 1
| #define HAVE_INADDRSZ 1
| #define HAVE_IN6ADDRSZ 1
| #define HAVE_RES_USE_INET6 1
| #define HAVE_VFPRINTF 1
| #define HAVE_STRCASECMP 1
| #define HAVE_STRLCAT 1
| #define HAVE_STRLCPY 1
| #define HAVE_STRDUP 1
| #define HAVE_STRSEP 1
| #define HAVE_STRFTIME 1
| #define HAVE_SETLINEBUF 1
| #define HAVE_VSNPRINTF 1
| #define HAVE_SNPRINTF 1
| #define RETSIGTYPE void
| #define RETSIGVAL
| #define HAVE_SIGACTION 1
| /* end confdefs.h.  */
| 
| 
| int
| main ()
| {
| main ();
|   ;
|   return 0;
| }
configure:7254: result: no
configure:7265: checking for library containing getrpcbynumber
configure:7296: mipsel-linux-uclibc-gcc -o conftest -I../libpcap -I../libpcap -I$(srcdir)/missing -L../libpcap conftest.c  >&5
configure:7299: $? = 0
configure:7302: test -s conftest
configure:7305: $? = 0
configure:7364: result: none required
configure:7378: checking for library containing gethostbyname
configure:7409: mipsel-linux-uclibc-gcc -o conftest -I../libpcap -I../libpcap -I$(srcdir)/missing -L../libpcap conftest.c  >&5
configure:7412: $? = 0
configure:7415: test -s conftest
configure:7418: $? = 0
configure:7477: result: none required
configure:7547: checking for library containing socket
configure:7578: mipsel-linux-uclibc-gcc -o conftest -I../libpcap -I../libpcap -I$(srcdir)/missing -L../libpcap conftest.c  >&5
configure:7581: $? = 0
configure:7584: test -s conftest
configure:7587: $? = 0
configure:7646: result: none required
configure:7713: checking for library containing putmsg
configure:7744: mipsel-linux-uclibc-gcc -o conftest -I../libpcap -I../libpcap -I$(srcdir)/missing -L../libpcap conftest.c  >&5
/tmp/cciqViaZ.o(.text+0x20): In function `main':
conftest.c: undefined reference to `putmsg'
collect2: ld returned 1 exit status
configure:7747: $? = 1
configure: failed program was:
| #line 7720 "configure"
| /* confdefs.h.  */
| 
| #define PACKAGE_NAME ""
| #define PACKAGE_TARNAME ""
| #define PACKAGE_VERSION ""
| #define PACKAGE_STRING ""
| #define PACKAGE_BUGREPORT ""
| #define inline inline
| #define HAVE___ATTRIBUTE__ 1
| #define STDC_HEADERS 1
| #define HAVE_SYS_TYPES_H 1
| #define HAVE_SYS_STAT_H 1
| #define HAVE_STDLIB_H 1
| #define HAVE_STRING_H 1
| #define HAVE_MEMORY_H 1
| #define HAVE_STRINGS_H 1
| #define HAVE_INTTYPES_H 1
| #define HAVE_STDINT_H 1
| #define HAVE_UNISTD_H 1
| #define HAVE_FCNTL_H 1
| #define HAVE_NETINET_ETHER_H 1
| #define HAVE_NETINET_IF_ETHER_H 1
| #define TIME_WITH_SYS_TIME 1
| #define TCPDUMP_DO_SMB 1
| #define SIZEOF_CHAR 1
| #define SIZEOF_SHORT 2
| #define SIZEOF_INT 4
| #define SIZEOF_LONG 4
| #define HAVE_ADDRINFO 1
| #define HAVE_SOCKADDR_STORAGE 1
| #define HAVE_INADDRSZ 1
| #define HAVE_IN6ADDRSZ 1
| #define HAVE_RES_USE_INET6 1
| #define HAVE_VFPRINTF 1
| #define HAVE_STRCASECMP 1
| #define HAVE_STRLCAT 1
| #define HAVE_STRLCPY 1
| #define HAVE_STRDUP 1
| #define HAVE_STRSEP 1
| #define HAVE_STRFTIME 1
| #define HAVE_SETLINEBUF 1
| #define HAVE_VSNPRINTF 1
| #define HAVE_SNPRINTF 1
| #define RETSIGTYPE void
| #define RETSIGVAL
| #define HAVE_SIGACTION 1
| /* end confdefs.h.  */
| 
| /* Override any gcc2 internal prototype to avoid an error.  */
| #ifdef __cplusplus
| extern "C"
| #endif
| /* We use char because int might match the return type of a gcc2
|    builtin and then its argument prototype would still apply.  */
| char putmsg ();
| int
| main ()
| {
| putmsg ();
|   ;
|   return 0;
| }
configure:7789: mipsel-linux-uclibc-gcc -o conftest -I../libpcap -I../libpcap -I$(srcdir)/missing -L../libpcap conftest.c -lstr   >&5
/opt/openwrt/bin/../lib/gcc/mipsel-linux-uclibc/3.4.4/../../../../mipsel-linux-uclibc/bin/ld: cannot find -lstr
collect2: ld returned 1 exit status
configure:7792: $? = 1
configure: failed program was:
| #line 7765 "configure"
| /* confdefs.h.  */
| 
| #define PACKAGE_NAME ""
| #define PACKAGE_TARNAME ""
| #define PACKAGE_VERSION ""
| #define PACKAGE_STRING ""
| #define PACKAGE_BUGREPORT ""
| #define inline inline
| #define HAVE___ATTRIBUTE__ 1
| #define STDC_HEADERS 1
| #define HAVE_SYS_TYPES_H 1
| #define HAVE_SYS_STAT_H 1
| #define HAVE_STDLIB_H 1
| #define HAVE_STRING_H 1
| #define HAVE_MEMORY_H 1
| #define HAVE_STRINGS_H 1
| #define HAVE_INTTYPES_H 1
| #define HAVE_STDINT_H 1
| #define HAVE_UNISTD_H 1
| #define HAVE_FCNTL_H 1
| #define HAVE_NETINET_ETHER_H 1
| #define HAVE_NETINET_IF_ETHER_H 1
| #define TIME_WITH_SYS_TIME 1
| #define TCPDUMP_DO_SMB 1
| #define SIZEOF_CHAR 1
| #define SIZEOF_SHORT 2
| #define SIZEOF_INT 4
| #define SIZEOF_LONG 4
| #define HAVE_ADDRINFO 1
| #define HAVE_SOCKADDR_STORAGE 1
| #define HAVE_INADDRSZ 1
| #define HAVE_IN6ADDRSZ 1
| #define HAVE_RES_USE_INET6 1
| #define HAVE_VFPRINTF 1
| #define HAVE_STRCASECMP 1
| #define HAVE_STRLCAT 1
| #define HAVE_STRLCPY 1
| #define HAVE_STRDUP 1
| #define HAVE_STRSEP 1
| #define HAVE_STRFTIME 1
| #define HAVE_SETLINEBUF 1
| #define HAVE_VSNPRINTF 1
| #define HAVE_SNPRINTF 1
| #define RETSIGTYPE void
| #define RETSIGVAL
| #define HAVE_SIGACTION 1
| /* end confdefs.h.  */
| 
| /* Override any gcc2 internal prototype to avoid an error.  */
| #ifdef __cplusplus
| extern "C"
| #endif
| /* We use char because int might match the return type of a gcc2
|    builtin and then its argument prototype would still apply.  */
| char putmsg ();
| int
| main ()
| {
| putmsg ();
|   ;
|   return 0;
| }
configure:7812: result: no
configure:7914: checking for local pcap library
configure:7932: result: not found
configure:7934: checking for main in -lpcap
configure:7959: mipsel-linux-uclibc-gcc -o conftest -I../libpcap -I../libpcap -I$(srcdir)/missing -L../libpcap conftest.c -lpcap   >&5
configure:7962: $? = 0
configure:7965: test -s conftest
configure:7968: $? = 0
configure:7980: result: yes
configure:7991: checking for extraneous pcap header directories
configure:8002: result: not found
configure:8047: checking for pcap_list_datalinks
configure:8097: mipsel-linux-uclibc-gcc -o conftest -I../libpcap -I../libpcap -I$(srcdir)/missing -L../libpcap conftest.c -lpcap  >&5
configure:8100: $? = 0
configure:8103: test -s conftest
configure:8106: $? = 0
configure:8117: result: yes
configure:8128: checking for pcap_set_datalink
configure:8178: mipsel-linux-uclibc-gcc -o conftest -I../libpcap -I../libpcap -I$(srcdir)/missing -L../libpcap conftest.c -lpcap  >&5
configure:8181: $? = 0
configure:8184: test -s conftest
configure:8187: $? = 0
configure:8198: result: yes
configure:8207: checking for pcap_datalink_name_to_val
configure:8257: mipsel-linux-uclibc-gcc -o conftest -I../libpcap -I../libpcap -I$(srcdir)/missing -L../libpcap conftest.c -lpcap  >&5
configure:8260: $? = 0
configure:8263: test -s conftest
configure:8266: $? = 0
configure:8277: result: yes
configure:8285: checking for pcap_datalink_val_to_description
configure:8335: mipsel-linux-uclibc-gcc -o conftest -I../libpcap -I../libpcap -I$(srcdir)/missing -L../libpcap conftest.c -lpcap  >&5
configure:8338: $? = 0
configure:8341: test -s conftest
configure:8344: $? = 0
configure:8355: result: yes
configure:8376: checking for pcap_breakloop
configure:8426: mipsel-linux-uclibc-gcc -o conftest -I../libpcap -I../libpcap -I$(srcdir)/missing -L../libpcap conftest.c -lpcap  >&5
configure:8429: $? = 0
configure:8432: test -s conftest
configure:8435: $? = 0
configure:8446: result: yes
configure:8470: checking for inet_ntop
configure:8493: mipsel-linux-uclibc-gcc -o conftest -I../libpcap -I../libpcap -I$(srcdir)/missing -L../libpcap conftest.c -lpcap  >&5
configure:8496: $? = 0
configure:8499: test -s conftest
configure:8502: $? = 0
configure:8504: result: yes
configure:8515: checking for inet_pton
configure:8538: mipsel-linux-uclibc-gcc -o conftest -I../libpcap -I../libpcap -I$(srcdir)/missing -L../libpcap conftest.c -lpcap  >&5
configure:8541: $? = 0
configure:8544: test -s conftest
configure:8547: $? = 0
configure:8549: result: yes
configure:8560: checking for inet_aton
configure:8583: mipsel-linux-uclibc-gcc -o conftest -I../libpcap -I../libpcap -I$(srcdir)/missing -L../libpcap conftest.c -lpcap  >&5
configure:8586: $? = 0
configure:8589: test -s conftest
configure:8592: $? = 0
configure:8594: result: yes
configure:8607: checking if sockaddr struct has sa_len member
configure:8631: mipsel-linux-uclibc-gcc -c -I../libpcap -I../libpcap -I$(srcdir)/missing conftest.c >&5
configure: In function `main':
configure:8670: error: structure has no member named `sa_len'
configure:8634: $? = 1
configure: failed program was:
| #line 8612 "configure"
| /* confdefs.h.  */
| 
| #define PACKAGE_NAME ""
| #define PACKAGE_TARNAME ""
| #define PACKAGE_VERSION ""
| #define PACKAGE_STRING ""
| #define PACKAGE_BUGREPORT ""
| #define inline inline
| #define HAVE___ATTRIBUTE__ 1
| #define STDC_HEADERS 1
| #define HAVE_SYS_TYPES_H 1
| #define HAVE_SYS_STAT_H 1
| #define HAVE_STDLIB_H 1
| #define HAVE_STRING_H 1
| #define HAVE_MEMORY_H 1
| #define HAVE_STRINGS_H 1
| #define HAVE_INTTYPES_H 1
| #define HAVE_STDINT_H 1
| #define HAVE_UNISTD_H 1
| #define HAVE_FCNTL_H 1
| #define HAVE_NETINET_ETHER_H 1
| #define HAVE_NETINET_IF_ETHER_H 1
| #define TIME_WITH_SYS_TIME 1
| #define TCPDUMP_DO_SMB 1
| #define SIZEOF_CHAR 1
| #define SIZEOF_SHORT 2
| #define SIZEOF_INT 4
| #define SIZEOF_LONG 4
| #define HAVE_ADDRINFO 1
| #define HAVE_SOCKADDR_STORAGE 1
| #define HAVE_INADDRSZ 1
| #define HAVE_IN6ADDRSZ 1
| #define HAVE_RES_USE_INET6 1
| #define HAVE_VFPRINTF 1
| #define HAVE_STRCASECMP 1
| #define HAVE_STRLCAT 1
| #define HAVE_STRLCPY 1
| #define HAVE_STRDUP 1
| #define HAVE_STRSEP 1
| #define HAVE_STRFTIME 1
| #define HAVE_SETLINEBUF 1
| #define HAVE_VSNPRINTF 1
| #define HAVE_SNPRINTF 1
| #define RETSIGTYPE void
| #define RETSIGVAL
| #define HAVE_SIGACTION 1
| #define HAVE_PCAP_LIST_DATALINKS 1
| #define HAVE_PCAP_SET_DATALINK 1
| #define HAVE_PCAP_DATALINK_NAME_TO_VAL 1
| #define HAVE_PCAP_DATALINK_VAL_TO_DESCRIPTION 1
| #define HAVE_PCAP_BREAKLOOP 1
| /* end confdefs.h.  */
| 
| #		include <sys/types.h>
| #		include <sys/socket.h>
| int
| main ()
| {
| u_int i = sizeof(((struct sockaddr *)0)->sa_len)
|   ;
|   return 0;
| }
configure:8652: result: no
configure:8671: checking for pcap_findalldevs
configure:8721: mipsel-linux-uclibc-gcc -o conftest -I../libpcap -I../libpcap -I$(srcdir)/missing -L../libpcap conftest.c -lpcap  >&5
configure:8724: $? = 0
configure:8727: test -s conftest
configure:8730: $? = 0
configure:8741: result: yes
configure:8671: checking for pcap_dump_flush
configure:8721: mipsel-linux-uclibc-gcc -o conftest -I../libpcap -I../libpcap -I$(srcdir)/missing -L../libpcap conftest.c -lpcap  >&5
configure:8724: $? = 0
configure:8727: test -s conftest
configure:8730: $? = 0
configure:8741: result: yes
configure:8671: checking for pcap_lib_version
configure:8721: mipsel-linux-uclibc-gcc -o conftest -I../libpcap -I../libpcap -I$(srcdir)/missing -L../libpcap conftest.c -lpcap  >&5
configure:8724: $? = 0
configure:8727: test -s conftest
configure:8730: $? = 0
configure:8741: result: yes
configure:8752: checking for pcap_if_t
configure:8778: mipsel-linux-uclibc-gcc -c -I../libpcap -I../libpcap -I$(srcdir)/missing conftest.c >&5
configure:8781: $? = 0
configure:8784: test -s conftest.o
configure:8787: $? = 0
configure:8798: result: yes
configure:8869: checking whether pcap_debug is defined by libpcap
configure:8896: mipsel-linux-uclibc-gcc -o conftest -I../libpcap -I../libpcap -I$(srcdir)/missing -L../libpcap conftest.c -lpcap  >&5
/tmp/ccilor9f.o(.text+0x1c): In function `return_pcap_debug.0':
conftest.c: undefined reference to `pcap_debug'
collect2: ld returned 1 exit status
configure:8899: $? = 1
configure: failed program was:
| #line 8871 "configure"
| /* confdefs.h.  */
| 
| #define PACKAGE_NAME ""
| #define PACKAGE_TARNAME ""
| #define PACKAGE_VERSION ""
| #define PACKAGE_STRING ""
| #define PACKAGE_BUGREPORT ""
| #define inline inline
| #define HAVE___ATTRIBUTE__ 1
| #define STDC_HEADERS 1
| #define HAVE_SYS_TYPES_H 1
| #define HAVE_SYS_STAT_H 1
| #define HAVE_STDLIB_H 1
| #define HAVE_STRING_H 1
| #define HAVE_MEMORY_H 1
| #define HAVE_STRINGS_H 1
| #define HAVE_INTTYPES_H 1
| #define HAVE_STDINT_H 1
| #define HAVE_UNISTD_H 1
| #define HAVE_FCNTL_H 1
| #define HAVE_NETINET_ETHER_H 1
| #define HAVE_NETINET_IF_ETHER_H 1
| #define TIME_WITH_SYS_TIME 1
| #define TCPDUMP_DO_SMB 1
| #define SIZEOF_CHAR 1
| #define SIZEOF_SHORT 2
| #define SIZEOF_INT 4
| #define SIZEOF_LONG 4
| #define HAVE_ADDRINFO 1
| #define HAVE_SOCKADDR_STORAGE 1
| #define HAVE_INADDRSZ 1
| #define HAVE_IN6ADDRSZ 1
| #define HAVE_RES_USE_INET6 1
| #define HAVE_VFPRINTF 1
| #define HAVE_STRCASECMP 1
| #define HAVE_STRLCAT 1
| #define HAVE_STRLCPY 1
| #define HAVE_STRDUP 1
| #define HAVE_STRSEP 1
| #define HAVE_STRFTIME 1
| #define HAVE_SETLINEBUF 1
| #define HAVE_VSNPRINTF 1
| #define HAVE_SNPRINTF 1
| #define RETSIGTYPE void
| #define RETSIGVAL
| #define HAVE_SIGACTION 1
| #define HAVE_PCAP_LIST_DATALINKS 1
| #define HAVE_PCAP_SET_DATALINK 1
| #define HAVE_PCAP_DATALINK_NAME_TO_VAL 1
| #define HAVE_PCAP_DATALINK_VAL_TO_DESCRIPTION 1
| #define HAVE_PCAP_BREAKLOOP 1
| #define HAVE_PCAP_FINDALLDEVS 1
| #define HAVE_PCAP_DUMP_FLUSH 1
| #define HAVE_PCAP_LIB_VERSION 1
| #define HAVE_PCAP_IF_T 1
| /* end confdefs.h.  */
| 
| int
| main ()
| {
| 
| int
| return_pcap_debug(void)
| {
| 	extern int pcap_debug;
| 
| 	return pcap_debug;
| }
| 
|   ;
|   return 0;
| }
configure:8923: result: no
configure:8928: checking whether yydebug is defined by libpcap
configure:8955: mipsel-linux-uclibc-gcc -o conftest -I../libpcap -I../libpcap -I$(srcdir)/missing -L../libpcap conftest.c -lpcap  >&5
/tmp/cc0Pt09x.o(.text+0x1c): In function `return_yydebug.0':
conftest.c: undefined reference to `yydebug'
collect2: ld returned 1 exit status
configure:8958: $? = 1
configure: failed program was:
| #line 8930 "configure"
| /* confdefs.h.  */
| 
| #define PACKAGE_NAME ""
| #define PACKAGE_TARNAME ""
| #define PACKAGE_VERSION ""
| #define PACKAGE_STRING ""
| #define PACKAGE_BUGREPORT ""
| #define inline inline
| #define HAVE___ATTRIBUTE__ 1
| #define STDC_HEADERS 1
| #define HAVE_SYS_TYPES_H 1
| #define HAVE_SYS_STAT_H 1
| #define HAVE_STDLIB_H 1
| #define HAVE_STRING_H 1
| #define HAVE_MEMORY_H 1
| #define HAVE_STRINGS_H 1
| #define HAVE_INTTYPES_H 1
| #define HAVE_STDINT_H 1
| #define HAVE_UNISTD_H 1
| #define HAVE_FCNTL_H 1
| #define HAVE_NETINET_ETHER_H 1
| #define HAVE_NETINET_IF_ETHER_H 1
| #define TIME_WITH_SYS_TIME 1
| #define TCPDUMP_DO_SMB 1
| #define SIZEOF_CHAR 1
| #define SIZEOF_SHORT 2
| #define SIZEOF_INT 4
| #define SIZEOF_LONG 4
| #define HAVE_ADDRINFO 1
| #define HAVE_SOCKADDR_STORAGE 1
| #define HAVE_INADDRSZ 1
| #define HAVE_IN6ADDRSZ 1
| #define HAVE_RES_USE_INET6 1
| #define HAVE_VFPRINTF 1
| #define HAVE_STRCASECMP 1
| #define HAVE_STRLCAT 1
| #define HAVE_STRLCPY 1
| #define HAVE_STRDUP 1
| #define HAVE_STRSEP 1
| #define HAVE_STRFTIME 1
| #define HAVE_SETLINEBUF 1
| #define HAVE_VSNPRINTF 1
| #define HAVE_SNPRINTF 1
| #define RETSIGTYPE void
| #define RETSIGVAL
| #define HAVE_SIGACTION 1
| #define HAVE_PCAP_LIST_DATALINKS 1
| #define HAVE_PCAP_SET_DATALINK 1
| #define HAVE_PCAP_DATALINK_NAME_TO_VAL 1
| #define HAVE_PCAP_DATALINK_VAL_TO_DESCRIPTION 1
| #define HAVE_PCAP_BREAKLOOP 1
| #define HAVE_PCAP_FINDALLDEVS 1
| #define HAVE_PCAP_DUMP_FLUSH 1
| #define HAVE_PCAP_LIB_VERSION 1
| #define HAVE_PCAP_IF_T 1
| /* end confdefs.h.  */
| 
| int
| main ()
| {
| 
| 	int
| 	return_yydebug(void)
| 	{
| 		extern int yydebug;
| 
| 		return yydebug;
| 	}
| 
|   ;
|   return 0;
| }
configure:8982: result: no
configure:8990: checking for bpf_dump
configure:9040: mipsel-linux-uclibc-gcc -o conftest -I../libpcap -I../libpcap -I$(srcdir)/missing -L../libpcap conftest.c -lpcap  >&5
configure:9043: $? = 0
configure:9046: test -s conftest
configure:9049: $? = 0
configure:9060: result: yes
configure:9103: checking for int8_t using mipsel-linux-uclibc-gcc
configure:9131: mipsel-linux-uclibc-gcc -c -I../libpcap -I../libpcap -I$(srcdir)/missing conftest.c >&5
configure:9134: $? = 0
configure:9137: test -s conftest.o
configure:9140: $? = 0
configure:9152: result: yes
configure:9160: checking for u_int8_t using mipsel-linux-uclibc-gcc
configure:9188: mipsel-linux-uclibc-gcc -c -I../libpcap -I../libpcap -I$(srcdir)/missing conftest.c >&5
configure:9191: $? = 0
configure:9194: test -s conftest.o
configure:9197: $? = 0
configure:9209: result: yes
configure:9217: checking for int16_t using mipsel-linux-uclibc-gcc
configure:9245: mipsel-linux-uclibc-gcc -c -I../libpcap -I../libpcap -I$(srcdir)/missing conftest.c >&5
configure:9248: $? = 0
configure:9251: test -s conftest.o
configure:9254: $? = 0
configure:9266: result: yes
configure:9274: checking for u_int16_t using mipsel-linux-uclibc-gcc
configure:9302: mipsel-linux-uclibc-gcc -c -I../libpcap -I../libpcap -I$(srcdir)/missing conftest.c >&5
configure:9305: $? = 0
configure:9308: test -s conftest.o
configure:9311: $? = 0
configure:9323: result: yes
configure:9331: checking for int32_t using mipsel-linux-uclibc-gcc
configure:9359: mipsel-linux-uclibc-gcc -c -I../libpcap -I../libpcap -I$(srcdir)/missing conftest.c >&5
configure:9362: $? = 0
configure:9365: test -s conftest.o
configure:9368: $? = 0
configure:9380: result: yes
configure:9388: checking for u_int32_t using mipsel-linux-uclibc-gcc
configure:9416: mipsel-linux-uclibc-gcc -c -I../libpcap -I../libpcap -I$(srcdir)/missing conftest.c >&5
configure:9419: $? = 0
configure:9422: test -s conftest.o
configure:9425: $? = 0
configure:9437: result: yes
configure:9486: checking if sockaddr struct has sa_len member
configure:9510: mipsel-linux-uclibc-gcc -c -I../libpcap -I../libpcap -I$(srcdir)/missing conftest.c >&5
configure: In function `main':
configure:9554: error: structure has no member named `sa_len'
configure:9513: $? = 1
configure: failed program was:
| #line 9491 "configure"
| /* confdefs.h.  */
| 
| #define PACKAGE_NAME ""
| #define PACKAGE_TARNAME ""
| #define PACKAGE_VERSION ""
| #define PACKAGE_STRING ""
| #define PACKAGE_BUGREPORT ""
| #define inline inline
| #define HAVE___ATTRIBUTE__ 1
| #define STDC_HEADERS 1
| #define HAVE_SYS_TYPES_H 1
| #define HAVE_SYS_STAT_H 1
| #define HAVE_STDLIB_H 1
| #define HAVE_STRING_H 1
| #define HAVE_MEMORY_H 1
| #define HAVE_STRINGS_H 1
| #define HAVE_INTTYPES_H 1
| #define HAVE_STDINT_H 1
| #define HAVE_UNISTD_H 1
| #define HAVE_FCNTL_H 1
| #define HAVE_NETINET_ETHER_H 1
| #define HAVE_NETINET_IF_ETHER_H 1
| #define TIME_WITH_SYS_TIME 1
| #define TCPDUMP_DO_SMB 1
| #define SIZEOF_CHAR 1
| #define SIZEOF_SHORT 2
| #define SIZEOF_INT 4
| #define SIZEOF_LONG 4
| #define HAVE_ADDRINFO 1
| #define HAVE_SOCKADDR_STORAGE 1
| #define HAVE_INADDRSZ 1
| #define HAVE_IN6ADDRSZ 1
| #define HAVE_RES_USE_INET6 1
| #define HAVE_VFPRINTF 1
| #define HAVE_STRCASECMP 1
| #define HAVE_STRLCAT 1
| #define HAVE_STRLCPY 1
| #define HAVE_STRDUP 1
| #define HAVE_STRSEP 1
| #define HAVE_STRFTIME 1
| #define HAVE_SETLINEBUF 1
| #define HAVE_VSNPRINTF 1
| #define HAVE_SNPRINTF 1
| #define RETSIGTYPE void
| #define RETSIGVAL
| #define HAVE_SIGACTION 1
| #define HAVE_PCAP_LIST_DATALINKS 1
| #define HAVE_PCAP_SET_DATALINK 1
| #define HAVE_PCAP_DATALINK_NAME_TO_VAL 1
| #define HAVE_PCAP_DATALINK_VAL_TO_DESCRIPTION 1
| #define HAVE_PCAP_BREAKLOOP 1
| #define HAVE_PCAP_FINDALLDEVS 1
| #define HAVE_PCAP_DUMP_FLUSH 1
| #define HAVE_PCAP_LIB_VERSION 1
| #define HAVE_PCAP_IF_T 1
| #define HAVE_BPF_DUMP 1
| /* end confdefs.h.  */
| 
| #	include <sys/types.h>
| #	include <sys/socket.h>
| int
| main ()
| {
| u_int i = sizeof(((struct sockaddr *)0)->sa_len)
|   ;
|   return 0;
| }
configure:9531: result: no
configure:9540: checking if unaligned accesses fail
configure:9627: result: yes
configure:9637: checking for h_errno
configure:9661: mipsel-linux-uclibc-gcc -c -I../libpcap -I../libpcap -I$(srcdir)/missing conftest.c >&5
configure:9664: $? = 0
configure:9667: test -s conftest.o
configure:9670: $? = 0
configure:9682: result: yes
configure:9972: checking for a BSD-compatible install
configure:10026: result: /usr/bin/install -c
configure:10139: creating ./config.status

## ---------------------- ##
## Running config.status. ##
## ---------------------- ##

This file was extended by config.status, which was
generated by GNU Autoconf 2.57.  Invocation command line was

  CONFIG_FILES    = 
  CONFIG_HEADERS  = 
  CONFIG_LINKS    = 
  CONFIG_COMMANDS = 
  $ ./config.status 

on colinux

config.status:642: creating Makefile
config.status:746: creating config.h
config.status:1047: executing default-1 commands

## ---------------- ##
## Cache variables. ##
## ---------------- ##

ac_cv___attribute__=yes
ac_cv_addrinfo=yes
ac_cv_addrsz=yes
ac_cv_build=i686-pc-linux-gnu
ac_cv_build_alias=i686-pc-linux-gnu
ac_cv_c_compiler_gnu=yes
ac_cv_env_CC_set=set
ac_cv_env_CC_value=mipsel-linux-uclibc-gcc
ac_cv_env_CFLAGS_set=set
ac_cv_env_CFLAGS_value=-I../libpcap
ac_cv_env_CPPFLAGS_set=set
ac_cv_env_CPPFLAGS_value=-I../libpcap
ac_cv_env_CPP_set=
ac_cv_env_CPP_value=
ac_cv_env_LDFLAGS_set=set
ac_cv_env_LDFLAGS_value=-L../libpcap
ac_cv_env_build_alias_set=
ac_cv_env_build_alias_value=
ac_cv_env_host_alias_set=set
ac_cv_env_host_alias_value=mipsel-linux
ac_cv_env_target_alias_set=
ac_cv_env_target_alias_value=
ac_cv_exeext=
ac_cv_func_bpf_dump=yes
ac_cv_func_ether_ntohost=no
ac_cv_func_pcap_breakloop=yes
ac_cv_func_pcap_datalink_name_to_val=yes
ac_cv_func_pcap_datalink_val_to_description=yes
ac_cv_func_pcap_dump_flush=yes
ac_cv_func_pcap_findalldevs=yes
ac_cv_func_pcap_lib_version=yes
ac_cv_func_pcap_list_datalinks=yes
ac_cv_func_pcap_set_datalink=yes
ac_cv_func_setlinebuf=yes
ac_cv_func_sigaction=yes
ac_cv_func_snprintf=yes
ac_cv_func_strcasecmp=yes
ac_cv_func_strdup=yes
ac_cv_func_strftime=yes
ac_cv_func_strlcat=yes
ac_cv_func_strlcpy=yes
ac_cv_func_strsep=yes
ac_cv_func_vfprintf=yes
ac_cv_func_vsnprintf=yes
ac_cv_header_fcntl_h=yes
ac_cv_header_inttypes_h=yes
ac_cv_header_memory_h=yes
ac_cv_header_netdnet_dnetdb_h=no
ac_cv_header_netinet_ether_h=yes
ac_cv_header_netinet_if_ether_h=yes
ac_cv_header_rpc_rpcent_h=no
ac_cv_header_smi_h=no
ac_cv_header_stdc=yes
ac_cv_header_stdint_h=yes
ac_cv_header_stdlib_h=yes
ac_cv_header_string_h=yes
ac_cv_header_strings_h=yes
ac_cv_header_sys_stat_h=yes
ac_cv_header_sys_types_h=yes
ac_cv_header_time=yes
ac_cv_header_unistd_h=yes
ac_cv_host=mipsel-unknown-linux-gnu
ac_cv_host_alias=mipsel-linux
ac_cv_in6addrsz=yes
ac_cv_inaddrsz=yes
ac_cv_lbl_gcc_vers=3
ac_cv_lbl_have_int16_t=yes
ac_cv_lbl_have_int32_t=yes
ac_cv_lbl_have_int8_t=yes
ac_cv_lbl_have_u_int16_t=yes
ac_cv_lbl_have_u_int32_t=yes
ac_cv_lbl_have_u_int8_t=yes
ac_cv_lbl_inline=inline
ac_cv_lbl_sockaddr_has_sa_len=no
ac_cv_lbl_unaligned_fail=yes
ac_cv_lib_pcap_main=yes
ac_cv_lib_rpc_main=no
ac_cv_lib_smi_smiInit=no
ac_cv_linux_vers=2
ac_cv_maxserv=yes
ac_cv_namereqd=yes
ac_cv_objext=o
ac_cv_path_install='/usr/bin/install -c'
ac_cv_prog_CC=mipsel-linux-uclibc-gcc
ac_cv_prog_CPP='mipsel-linux-uclibc-gcc -E'
ac_cv_prog_cc_g=yes
ac_cv_prog_cc_stdc=
ac_cv_prog_egrep='grep -E'
ac_cv_res_inet6=yes
ac_cv_res_state=no
ac_cv_res_state_ext=no
ac_cv_sa_storage=yes
ac_cv_search_dnet_htoa=no
ac_cv_search_gethostbyname='none required'
ac_cv_search_getrpcbynumber='none required'
ac_cv_search_putmsg=no
ac_cv_search_socket='none required'
ac_cv_sizeof_char=1
ac_cv_sizeof_int=4
ac_cv_sizeof_long=4
ac_cv_sizeof_short=2
ac_cv_sockaddr_has_sa_len=no
ac_cv_type_char=yes
ac_cv_type_int=yes
ac_cv_type_long=yes
ac_cv_type_pcap_if_t=yes
ac_cv_type_short=yes
ac_cv_type_signal=void
ac_cv_var_h_errno=yes
ac_lbl_cv_pcap_debug_defined=no
ac_lbl_cv_yydebug_defined=no
td_cv_decl_netdnet_dnetdb_h_dnet_htoa=no

## ----------------- ##
## Output variables. ##
## ----------------- ##

CC='mipsel-linux-uclibc-gcc'
CFLAGS='-I../libpcap'
CPP='mipsel-linux-uclibc-gcc -E'
CPPFLAGS='-I../libpcap -I$(srcdir)/missing'
DEFS='-DHAVE_CONFIG_H'
ECHO_C=''
ECHO_N='-n'
ECHO_T=''
EGREP='grep -E'
EXEEXT=''
INSTALL_DATA='${INSTALL} -m 644'
INSTALL_PROGRAM='${INSTALL}'
INSTALL_SCRIPT='${INSTALL}'
LDFLAGS='-L../libpcap'
LIBOBJS=''
LIBS='-lpcap '
LOCALSRC='print-smb.c smbutil.c '
LTLIBOBJS=''
OBJEXT='o'
PACKAGE_BUGREPORT=''
PACKAGE_NAME=''
PACKAGE_STRING=''
PACKAGE_TARNAME=''
PACKAGE_VERSION=''
PATH_SEPARATOR=':'
SHELL='/bin/sh'
SHLICC2=''
V_CCOPT='-O2 -I../libpcap'
V_DEFS=' -D_U_="__attribute__((unused))"'
V_GROUP='0'
V_INCLS=' -I$(srcdir)/missing'
V_PCAPDEP=''
ac_ct_CC=''
bindir='${exec_prefix}/bin'
build='i686-pc-linux-gnu'
build_alias=''
build_cpu='i686'
build_os='linux-gnu'
build_vendor='pc'
datadir='${prefix}/share'
exec_prefix='${prefix}'
host='mipsel-unknown-linux-gnu'
host_alias='mipsel-linux'
host_cpu='mipsel'
host_os='linux-gnu'
host_vendor='unknown'
includedir='${prefix}/include'
infodir='${prefix}/info'
libdir='${exec_prefix}/lib'
libexecdir='${exec_prefix}/libexec'
localstatedir='${prefix}/var'
mandir='${prefix}/man'
oldincludedir='/usr/include'
prefix='/usr/local'
program_transform_name='s,x,x,'
sbindir='${exec_prefix}/sbin'
sharedstatedir='${prefix}/com'
sysconfdir='${prefix}/etc'
target_alias=''

## ----------- ##
## confdefs.h. ##
## ----------- ##

#define HAVE_ADDRINFO 1
#define HAVE_BPF_DUMP 1
#define HAVE_FCNTL_H 1
#define HAVE_H_ERRNO 1
#define HAVE_IN6ADDRSZ 1
#define HAVE_INADDRSZ 1
#define HAVE_INTTYPES_H 1
#define HAVE_MEMORY_H 1
#define HAVE_NETINET_ETHER_H 1
#define HAVE_NETINET_IF_ETHER_H 1
#define HAVE_PCAP_BREAKLOOP 1
#define HAVE_PCAP_DATALINK_NAME_TO_VAL 1
#define HAVE_PCAP_DATALINK_VAL_TO_DESCRIPTION 1
#define HAVE_PCAP_DUMP_FLUSH 1
#define HAVE_PCAP_FINDALLDEVS 1
#define HAVE_PCAP_IF_T 1
#define HAVE_PCAP_LIB_VERSION 1
#define HAVE_PCAP_LIST_DATALINKS 1
#define HAVE_PCAP_SET_DATALINK 1
#define HAVE_RES_USE_INET6 1
#define HAVE_SETLINEBUF 1
#define HAVE_SIGACTION 1
#define HAVE_SNPRINTF 1
#define HAVE_SOCKADDR_STORAGE 1
#define HAVE_STDINT_H 1
#define HAVE_STDLIB_H 1
#define HAVE_STRCASECMP 1
#define HAVE_STRDUP 1
#define HAVE_STRFTIME 1
#define HAVE_STRINGS_H 1
#define HAVE_STRING_H 1
#define HAVE_STRLCAT 1
#define HAVE_STRLCPY 1
#define HAVE_STRSEP 1
#define HAVE_SYS_STAT_H 1
#define HAVE_SYS_TYPES_H 1
#define HAVE_UNISTD_H 1
#define HAVE_VFPRINTF 1
#define HAVE_VSNPRINTF 1
#define HAVE___ATTRIBUTE__ 1
#define LBL_ALIGN 1
#define PACKAGE_BUGREPORT ""
#define PACKAGE_NAME ""
#define PACKAGE_STRING ""
#define PACKAGE_TARNAME ""
#define PACKAGE_VERSION ""
#define RETSIGTYPE void
#define RETSIGVAL
#define SIZEOF_CHAR 1
#define SIZEOF_INT 4
#define SIZEOF_LONG 4
#define SIZEOF_SHORT 2
#define STDC_HEADERS 1
#define TCPDUMP_DO_SMB 1
#define TIME_WITH_SYS_TIME 1
#define inline inline

configure: exit 0
