This file contains any messages produced by compilers while
running configure, to aid debugging if configure makes a mistake.

configure:552: checking for Cygwin environment
configure:585: checking for mingw32 environment
configure:662: checking host system type
configure:683: checking target system type
configure:701: checking build system type
configure:725: checking for strerror in -lcposix
configure:780: checking for a BSD compatible install
configure:833: checking whether build environment is sane
configure:890: checking whether make sets ${MAKE}
configure:936: checking for working aclocal
configure:949: checking for working autoconf
configure:962: checking for working automake
configure:975: checking for working autoheader
configure:988: checking for working makeinfo
configure:1074: checking for gcc
configure:1187: checking whether the C compiler (gcc -g -O2 ) works
configure:1203: gcc -o conftest -g -O2   conftest.c  1>&5
configure:1229: checking whether the C compiler (gcc -g -O2 ) is a cross-compiler
configure:1234: checking whether we are using GNU C
configure:1262: checking whether gcc accepts -g
configure:1305: checking for ld used by GCC
configure:1373: checking if the linker (/usr/lib64/gcc/x86_64-suse-linux/4.3/../../../../x86_64-suse-linux/bin/ld) is GNU ld
configure:1390: checking for /usr/lib64/gcc/x86_64-suse-linux/4.3/../../../../x86_64-suse-linux/bin/ld option to reload object files
configure:1402: checking for BSD-compatible nm
configure:1440: checking whether ln -s works
configure:1461: checking how to recognise dependant libraries
configure:1634: checking for object suffix
configure:1660: checking for executable suffix
configure:1703: checking for file
configure:1836: checking for ranlib
configure:1903: checking for strip
ltconfig:678:checking for gcc option to produce PIC
ltconfig:687:checking that gcc PIC flag  -fPIC -DPIC works.
ltconfig:749: checking if gcc static flag -static works
ltconfig:780: finding the maximum length of command line arguments
ltconfig:@lineno@: result: 49153
ltconfig:887: checking if gcc supports -fno-rtti -fno-exceptions
ltconfig:888: gcc -c -g -O2 -fno-rtti -fno-exceptions -c conftest.c  conftest.c 1>&5
ltconfig:1431: checking if global_symbol_pipe works
ltconfig:1432: gcc -c -g -O2  conftest.c 1>&5
ltconfig:1435: eval "nm conftest.o | sed -n -e 's/^.*[ 	]\([ABCDGISTW][ABCDGISTW]*\)[ 	][ 	]*\(\)\([_A-Za-z][_A-Za-z0-9]*\)$/\1 \2\3 \3/p' > conftest.nm"
ltconfig:1487: gcc -o conftest -g -O2 -fno-builtin   conftest.c conftstm.o 1>&5
configure:3265: checking for gcc
configure:3378: checking whether the C compiler (gcc -g -O2 ) works
configure:3394: gcc -o conftest -g -O2   conftest.c  1>&5
configure:3420: checking whether the C compiler (gcc -g -O2 ) is a cross-compiler
configure:3425: checking whether we are using GNU C
configure:3453: checking whether gcc accepts -g
configure:3490: checking for bison
configure:3521: checking how to run the C preprocessor
configure:3606: checking for flex
configure:3639: checking for flex
configure:3673: checking for yywrap in -lfl
configure:3715: checking lex output file root
configure:3736: checking whether yytext is a pointer
configure:3781: checking for ranlib
configure:3809: checking for ANSI C header files
configure:3913: checking for working const
configure:3988: checking for inline
configure:4028: checking for off_t
configure:4061: checking for size_t
configure:4096: checking for working alloca.h
configure:4129: checking for alloca
configure:4331: checking for stdlib.h
configure:4331: checking for unistd.h
configure:4331: checking for sys/stat.h
configure:4331: checking for sys/types.h
configure:4370: checking for getpagesize
configure:4423: checking for working mmap
configure:4612: checking for argz.h
configure:4612: checking for limits.h
configure:4612: checking for locale.h
configure:4612: checking for nl_types.h
configure:4612: checking for malloc.h
configure:4612: checking for string.h
configure:4612: checking for unistd.h
configure:4612: checking for values.h
configure:4612: checking for sys/param.h
configure:4652: checking for getcwd
configure:4652: checking for munmap
configure:4652: checking for putenv
configure:4652: checking for setenv
configure:4652: checking for setlocale
configure:4652: checking for strchr
configure:4652: checking for strcasecmp
configure:4652: checking for __argz_count
configure:4652: checking for __argz_stringify
configure:4652: checking for __argz_next
configure:4771: checking for LC_MESSAGES
configure:4804: checking whether NLS is requested
configure:4824: checking whether included gettext is requested
configure:4843: checking for libintl.h
configure:4870: checking for gettext in libc
configure:4973: checking for msgfmt
configure:5007: checking for dcgettext
configure:5062: checking for gmsgfmt
configure:5098: checking for xgettext
configure:5138: gcc -o conftest -g -O2   conftest.c  1>&5
configure:5330: checking for catalogs to be installed
configure:5431: checking whether to enable maintainer-specific portions of Makefiles
configure:5456: checking for executable suffix
configure:5491: checking for string.h
configure:5491: checking for stdlib.h
configure:5491: checking for memory.h
configure:5501: gcc -E  conftest.c >/dev/null 2>conftest.out
configure:5491: checking for strings.h
configure:5491: checking for unistd.h
configure:5491: checking for stdarg.h
configure:5501: gcc -E  conftest.c >/dev/null 2>conftest.out
configure:5491: checking for varargs.h
configure:5501: gcc -E  conftest.c >/dev/null 2>conftest.out
In file included from configure:5497:
/usr/lib64/gcc/x86_64-suse-linux/4.3/include/varargs.h:4:2: error: #error "GCC no longer implements <varargs.h>."
/usr/lib64/gcc/x86_64-suse-linux/4.3/include/varargs.h:5:2: error: #error "Revise your code to use <stdarg.h>."
configure: failed program was:
#line 5496 "configure"
#include "confdefs.h"
#include <varargs.h>
configure:5491: checking for errno.h
configure:5501: gcc -E  conftest.c >/dev/null 2>conftest.out
configure:5491: checking for sys/types.h
configure:5531: checking whether compiling a cross-assembler
configure:5546: checking for working alloca.h
configure:5579: checking for alloca
configure:5778: checking for inline
configure:5822: checking for unlink
configure:5850: gcc -o conftest -g -O2   conftest.c  1>&5
configure:5879: checking for sbrk
configure:6066: checking for working assert macro
configure:6087: gcc -o conftest -g -O2   conftest.c  1>&5
configure:6128: checking whether declaration is required for strstr
configure:6144: gcc -o conftest -g -O2   conftest.c  1>&5
configure:6165: checking whether declaration is required for malloc
configure:6181: gcc -o conftest -g -O2   conftest.c  1>&5
configure:6202: checking whether declaration is required for free
configure:6218: gcc -o conftest -g -O2   conftest.c  1>&5
configure:6239: checking whether declaration is required for sbrk
configure:6255: gcc -o conftest -g -O2   conftest.c  1>&5
configure:6276: checking whether declaration is required for environ
configure:6292: gcc -o conftest -g -O2   conftest.c  1>&5
configure: In function 'main':
configure:6304: error: 'environ' undeclared (first use in this function)
configure:6304: error: (Each undeclared identifier is reported only once
configure:6304: error: for each function it appears in.)
configure: failed program was:
#line 6281 "configure"
#include "confdefs.h"

#ifdef HAVE_MEMORY_H
#include <memory.h>
#endif
#ifdef HAVE_STRING_H
#include <string.h>
#else
#ifdef HAVE_STRINGS_H
#include <strings.h>
#endif
#endif
#ifdef HAVE_STDLIB_H
#include <stdlib.h>
#endif
#ifdef HAVE_UNISTD_H
#include <unistd.h>
#endif

int main() {

typedef char **f;
f x;
x = (f) environ;

; return 0; }
configure:6316: checking whether declaration is required for errno
configure:6336: gcc -o conftest -g -O2   conftest.c  1>&5
