This file contains any messages produced by compilers while
running configure, to aid debugging if configure makes a mistake.

It was created by libnetfilter_log configure 1.0.1, which was
generated by GNU Autoconf 2.67.  Invocation command line was

  $ ./configure --build=armeb-linux --host=armeb-linux-gnu --prefix=/usr --libdir=/home/seg/DEV/xscale/src/router/libnfnetlink/src/.libs

## --------- ##
## Platform. ##
## --------- ##

hostname = linux.site
uname -m = x86_64
uname -r = 3.7.10-1.1-xen
uname -s = Linux
uname -v = #1 SMP Thu Feb 28 15:06:29 UTC 2013 (82d3f21)

/usr/bin/uname -p = x86_64
/bin/uname -X     = unknown

/bin/arch              = x86_64
/usr/bin/arch -k       = unknown
/usr/convex/getsysinfo = unknown
/usr/bin/hostinfo      = unknown
/bin/machine           = unknown
/usr/bin/oslevel       = unknown
/bin/universe          = unknown

PATH: /xfs/toolchains/toolchain-armeb_v5te_gcc-4.7-linaro_uClibc-0.9.33.2-7/bin
PATH: /sbin
PATH: /usr/sbin
PATH: /usr/local/sbin
PATH: /root/bin
PATH: /usr/local/bin
PATH: /usr/bin
PATH: /bin
PATH: /usr/X11R6/bin
PATH: /usr/games


## ----------- ##
## Core tests. ##
## ----------- ##

configure:2137: loading site script /usr/share/site/x86_64-unknown-linux-gnu
| #!/bin/sh
| # Site script for configure. It is resourced via $CONFIG_SITE environment varaible.
| 
| # If user did not specify libdir, guess the correct target:
| # Use lib64 for 64 bit bi-arch targets, keep the default for the rest.
| if test "$libdir" = '${exec_prefix}/lib' ; then
| 
| 	ac_config_site_64bit_host=NONE
| 
| 	case "$host" in
| 	"" )
| 		# User did not specify host target.
| 		# The native platform x86_64 is a bi-arch platform.
| 		# Try to detect cross-compilation to inferior architecture.
| 
| 		# We are trying to guess 32-bit target compilation. It's not as easy as
| 		# it sounds, as there is possible several intermediate combinations.
| 		ac_config_site_cross_to_32bit_host=NONE
| 
| 		# User defined -m32 in CFLAGS or CXXFLAGS:
| 		# (It's sufficient for 32-bit, but alone may cause mis-behavior of some checks.)
| 		case "$CFLAGS" in
| 		*-m32*)
| 			ac_config_site_cross_to_32bit_host=YES
| 			;;
| 		esac
| 		case "$CXXFLAGS" in
| 		*-m32*)
| 			ac_config_site_cross_to_32bit_host=YES
| 			;;
| 		esac
| 
| 		# Running with linux32:
| 		# (Changes detected platform, but not the toolchain target.)
| 		case "`/bin/uname -i`" in
| 		x86_64 | ppc64 | s390x )
| 			;;
| 		* )
| 			ac_config_site_cross_to_32bit_host=YES
| 			;;
| 		esac
| 
| 		if test "x$ac_config_site_cross_to_32bit_host" = xNONE; then
| 			ac_config_site_64bit_host=YES
| 		fi
| 
| 		;;
| 	*x86_64* | *ppc64* | *s390x* )
| 		ac_config_site_64bit_host=YES
| 		;;
| 	esac
| 
| 	if test "x$ac_config_site_64bit_host" = xYES; then
| 		libdir='${exec_prefix}/lib64'
| 	fi
| fi
| 
| # If user did not specify libexecdir, set the correct target:
| # Nor FHS nor openSUSE allow prefix/libexec. Let's default to prefix/lib.
| 
| if test "$libexecdir" = '${exec_prefix}/libexec' ; then
| 	libexecdir='${exec_prefix}/lib'
| fi
| 
| # Continue with the standard behavior of configure defined in AC_SITE_LOAD:
| if test "x$prefix" != xNONE; then
| 	ac_site_file1=$prefix/share/config.site
| 	ac_site_file2=$prefix/etc/config.site
| else
| 	ac_site_file1=$ac_default_prefix/share/config.site
| 	ac_site_file2=$ac_default_prefix/etc/config.site
| fi
| for ac_site_file in "$ac_site_file1" "$ac_site_file2"
| do
| 	test "x$ac_site_file" = xNONE && continue
| 	if test /dev/null != "$ac_site_file" && test -r "$ac_site_file"; then
| 		{ $as_echo "/usr/share/site/x86_64-unknown-linux-gnu:${as_lineno-$LINENO}: loading site script $ac_site_file" >&5
| $as_echo "/usr/share/site/x86_64-unknown-linux-gnu: loading site script $ac_site_file" >&6;}
| 		sed 's/^/| /' "$ac_site_file" >&5
| 		. "$ac_site_file" \
| 			|| { { $as_echo "/usr/share/site/x86_64-unknown-linux-gnu:${as_lineno-$LINENO}: error: in \`$ac_pwd':" >&5
| $as_echo "/usr/share/site/x86_64-unknown-linux-gnu: error: in \`$ac_pwd':" >&2;}
| as_fn_error $? "failed to load site script $ac_site_file
| See \`config.log' for more details" "$LINENO" 5; }
| 	fi
| done
configure:2266: checking build system type
configure:2280: result: armeb-unknown-linux-gnu
configure:2300: checking host system type
configure:2313: result: armeb-unknown-linux-gnu
configure:2351: checking for a BSD-compatible install
configure:2419: result: /usr/bin/install -c
configure:2430: checking whether build environment is sane
configure:2480: result: yes
configure:2529: checking for armeb-linux-gnu-strip
configure:2556: result: armeb-linux-uclibc-strip
configure:2621: checking for a thread-safe mkdir -p
configure:2660: result: /usr/bin/mkdir -p
configure:2673: checking for gawk
configure:2689: found /usr/bin/gawk
configure:2700: result: gawk
configure:2711: checking whether make sets $(MAKE)
configure:2733: result: yes
configure:2808: checking how to create a pax tar archive
configure:2821: tar --version
tar (GNU tar) 1.26
Copyright (C) 2011 Free Software Foundation, Inc.
License GPLv3+: GNU GPL version 3 or later <http://gnu.org/licenses/gpl.html>.
This is free software: you are free to change and redistribute it.
There is NO WARRANTY, to the extent permitted by law.

Written by John Gilmore and Jay Fenlason.
configure:2824: $? = 0
configure:2864: tardir=conftest.dir && eval tar --format=posix -chf - "$tardir" >conftest.tar
configure:2867: $? = 0
configure:2871: tar -xf - <conftest.tar
configure:2874: $? = 0
configure:2887: result: gnutar
configure:2916: checking for armeb-linux-gnu-gcc
configure:2943: result: ccache armeb-linux-uclibc-gcc
configure:3212: checking for C compiler version
configure:3221: ccache armeb-linux-uclibc-gcc --version >&5
armeb-linux-uclibc-gcc (Linaro GCC 4.7-2012.11) 4.7.3 20121106 (prerelease)
Copyright (C) 2012 Free Software Foundation, Inc.
This is free software; see the source for copying conditions.  There is NO
warranty; not even for MERCHANTABILITY or FITNESS FOR A PARTICULAR PURPOSE.

configure:3232: $? = 0
configure:3221: ccache armeb-linux-uclibc-gcc -v >&5
Using built-in specs.
COLLECT_GCC=/xfs/toolchains/toolchain-armeb_v5te_gcc-4.7-linaro_uClibc-0.9.33.2-7/bin/armeb-linux-uclibc-gcc
COLLECT_LTO_WRAPPER=/home/xfs/toolchains/toolchain-armeb_v5te_gcc-4.7-linaro_uClibc-0.9.33.2-7/bin/../lib/gcc/armeb-openwrt-linux-uclibcgnueabi/4.7.3/lto-wrapper
Target: armeb-openwrt-linux-uclibcgnueabi
Configured with: /home/xfs/openwrt/trunk2/trunk/build_dir/toolchain-armeb_v5te_gcc-4.7-linaro_uClibc-0.9.33.2/gcc-linaro-4.7-2012.11/configure --prefix=/home/xfs/openwrt/trunk2/trunk/staging_dir/toolchain-armeb_v5te_gcc-4.7-linaro_uClibc-0.9.33.2 --build=x86_64-suse-linux --host=x86_64-suse-linux --target=armeb-openwrt-linux-uclibcgnueabi --with-gnu-ld --enable-target-optspace --disable-libgomp --disable-libmudflap --disable-multilib --disable-nls --with-host-libstdcxx=-lstdc++ --with-float=soft --with-gmp=/home/xfs/openwrt/trunk2/trunk/staging_dir/host --with-mpfr=/home/xfs/openwrt/trunk2/trunk/staging_dir/host --disable-decimal-float --disable-libssp --disable-__cxa_atexit --with-arch=armv5te --with-headers=/home/xfs/openwrt/trunk2/trunk/staging_dir/toolchain-armeb_v5te_gcc-4.7-linaro_uClibc-0.9.33.2/include --enable-languages=c,c++ --enable-shared --enable-threads --with-slibdir=/home/xfs/openwrt/trunk2/trunk/staging_dir/toolchain-armeb_v5te_gcc-4.7-linaro_uClibc-0.9.33.2/lib --disable-tls
Thread model: posix
gcc version 4.7.3 20121106 (prerelease) (Linaro GCC 4.7-2012.11) 
configure:3232: $? = 0
configure:3221: ccache armeb-linux-uclibc-gcc -V >&5
armeb-linux-uclibc-gcc: error: unrecognized command line option '-V'
armeb-linux-uclibc-gcc: fatal error: no input files
compilation terminated.
configure:3232: $? = 1
configure:3221: ccache armeb-linux-uclibc-gcc -qversion >&5
armeb-linux-uclibc-gcc: error: unrecognized command line option '-qversion'
armeb-linux-uclibc-gcc: fatal error: no input files
compilation terminated.
configure:3232: $? = 1
configure:3252: checking whether the C compiler works
configure:3274: ccache armeb-linux-uclibc-gcc -Os -pipe -mtune=xscale -march=armv5t -Wa,-mcpu=xscale -mno-thumb-interwork -fno-caller-saves   conftest.c  >&5
configure:3278: $? = 0
configure:3326: result: yes
configure:3329: checking for C compiler default output file name
configure:3331: result: a.out
configure:3337: checking for suffix of executables
configure:3344: ccache armeb-linux-uclibc-gcc -o conftest -Os -pipe -mtune=xscale -march=armv5t -Wa,-mcpu=xscale -mno-thumb-interwork -fno-caller-saves   conftest.c  >&5
configure:3348: $? = 0
configure:3370: result: 
configure:3392: checking whether we are cross compiling
configure:3430: result: yes
configure:3435: checking for suffix of object files
configure:3457: ccache armeb-linux-uclibc-gcc -c -Os -pipe -mtune=xscale -march=armv5t -Wa,-mcpu=xscale -mno-thumb-interwork -fno-caller-saves  conftest.c >&5
configure:3461: $? = 0
configure:3482: result: o
configure:3486: checking whether we are using the GNU C compiler
configure:3505: ccache armeb-linux-uclibc-gcc -c -Os -pipe -mtune=xscale -march=armv5t -Wa,-mcpu=xscale -mno-thumb-interwork -fno-caller-saves  conftest.c >&5
configure:3505: $? = 0
configure:3514: result: yes
configure:3523: checking whether ccache armeb-linux-uclibc-gcc accepts -g
configure:3543: ccache armeb-linux-uclibc-gcc -c -g  conftest.c >&5
configure:3543: $? = 0
configure:3584: result: yes
configure:3601: checking for ccache armeb-linux-uclibc-gcc option to accept ISO C89
configure:3665: ccache armeb-linux-uclibc-gcc  -c -Os -pipe -mtune=xscale -march=armv5t -Wa,-mcpu=xscale -mno-thumb-interwork -fno-caller-saves  conftest.c >&5
configure:3665: $? = 0
configure:3678: result: none needed
configure:3709: checking for style of include used by make
configure:3737: result: GNU
configure:3762: checking dependency style of ccache armeb-linux-uclibc-gcc
configure:3872: result: gcc3
configure:3888: checking whether ccache armeb-linux-uclibc-gcc and cc understand -c and -o together
configure:3919: ccache armeb-linux-uclibc-gcc -c conftest.c -o conftest2.o >&5
configure:3923: $? = 0
configure:3929: ccache armeb-linux-uclibc-gcc -c conftest.c -o conftest2.o >&5
configure:3933: $? = 0
configure:3944: cc -c conftest.c >&5
configure:3948: $? = 0
configure:3956: cc -c conftest.c -o conftest2.o >&5
configure:3960: $? = 0
configure:3966: cc -c conftest.c -o conftest2.o >&5
configure:3970: $? = 0
configure:3988: result: yes
configure:4069: checking for a sed that does not truncate output
configure:4133: result: /xfs/toolchains/toolchain-armeb_v5te_gcc-4.7-linaro_uClibc-0.9.33.2-7/bin/sed
configure:4151: checking for grep that handles long lines and -e
configure:4209: result: /usr/bin/grep
configure:4214: checking for egrep
configure:4276: result: /usr/bin/grep -E
configure:4281: checking for fgrep
configure:4343: result: /usr/bin/grep -F
configure:4378: checking for ld used by ccache armeb-linux-uclibc-gcc
configure:4445: result: armeb-linux-uclibc-ld
configure:4452: checking if the linker (armeb-linux-uclibc-ld) is GNU ld
configure:4467: result: yes
configure:4479: checking for BSD- or MS-compatible name lister (nm)
configure:4528: result: armeb-linux-uclibc-nm
configure:4646: checking the name lister (armeb-linux-uclibc-nm) interface
configure:4653: ccache armeb-linux-uclibc-gcc -c -Os -pipe -mtune=xscale -march=armv5t -Wa,-mcpu=xscale -mno-thumb-interwork -fno-caller-saves  conftest.c >&5
configure:4656: armeb-linux-uclibc-nm "conftest.o"
configure:4659: output
00000000 B some_variable
configure:4666: result: BSD nm
configure:4669: checking whether ln -s works
configure:4673: result: yes
configure:4681: checking the maximum length of command line arguments
configure:4801: result: 1572864
configure:4818: checking whether the shell understands some XSI constructs
configure:4828: result: yes
configure:4832: checking whether the shell understands "+="
configure:4838: result: yes
configure:4873: checking for armeb-linux-uclibc-ld option to reload object files
configure:4880: result: -r
configure:4909: checking for armeb-linux-gnu-objdump
configure:4939: result: no
configure:4949: checking for objdump
configure:4965: found /usr/bin/objdump
configure:4976: result: objdump
configure:4988: WARNING: using cross tools not prefixed with host triplet
configure:5008: checking how to recognize dependent libraries
configure:5204: result: pass_all
configure:5224: checking for armeb-linux-gnu-ar
configure:5251: result: armeb-linux-uclibc-ar
configure:5329: checking for armeb-linux-gnu-strip
configure:5356: result: armeb-linux-uclibc-strip
configure:5428: checking for armeb-linux-gnu-ranlib
configure:5455: result: armeb-linux-uclibc-ranlib
configure:5585: checking command to parse armeb-linux-uclibc-nm output from ccache armeb-linux-uclibc-gcc object
configure:5703: ccache armeb-linux-uclibc-gcc -c -Os -pipe -mtune=xscale -march=armv5t -Wa,-mcpu=xscale -mno-thumb-interwork -fno-caller-saves  conftest.c >&5
configure:5706: $? = 0
configure:5710: armeb-linux-uclibc-nm conftest.o \| sed -n -e 's/^.*[	 ]\([ABCDGIRSTW][ABCDGIRSTW]*\)[	 ][	 ]*\([_A-Za-z][_A-Za-z0-9]*\)$/\1 \2 \2/p' \> conftest.nm
configure:5713: $? = 0
configure:5767: ccache armeb-linux-uclibc-gcc -o conftest -Os -pipe -mtune=xscale -march=armv5t -Wa,-mcpu=xscale -mno-thumb-interwork -fno-caller-saves   conftest.c conftstm.o >&5
configure:5770: $? = 0
configure:5808: result: ok
configure:6617: checking how to run the C preprocessor
configure:6648: ccache armeb-linux-uclibc-gcc -E  conftest.c
configure:6648: $? = 0
configure:6662: ccache armeb-linux-uclibc-gcc -E  conftest.c
conftest.c:11:28: fatal error: ac_nonexistent.h: No such file or directory
compilation terminated.
configure:6662: $? = 1
configure: failed program was:
| /* confdefs.h */
| #define PACKAGE_NAME "libnetfilter_log"
| #define PACKAGE_TARNAME "libnetfilter_log"
| #define PACKAGE_VERSION "1.0.1"
| #define PACKAGE_STRING "libnetfilter_log 1.0.1"
| #define PACKAGE_BUGREPORT ""
| #define PACKAGE_URL ""
| #define PACKAGE "libnetfilter_log"
| #define VERSION "1.0.1"
| /* end confdefs.h.  */
| #include <ac_nonexistent.h>
configure:6687: result: ccache armeb-linux-uclibc-gcc -E
configure:6707: ccache armeb-linux-uclibc-gcc -E  conftest.c
configure:6707: $? = 0
configure:6721: ccache armeb-linux-uclibc-gcc -E  conftest.c
conftest.c:11:28: fatal error: ac_nonexistent.h: No such file or directory
compilation terminated.
configure:6721: $? = 1
configure: failed program was:
| /* confdefs.h */
| #define PACKAGE_NAME "libnetfilter_log"
| #define PACKAGE_TARNAME "libnetfilter_log"
| #define PACKAGE_VERSION "1.0.1"
| #define PACKAGE_STRING "libnetfilter_log 1.0.1"
| #define PACKAGE_BUGREPORT ""
| #define PACKAGE_URL ""
| #define PACKAGE "libnetfilter_log"
| #define VERSION "1.0.1"
| /* end confdefs.h.  */
| #include <ac_nonexistent.h>
configure:6750: checking for ANSI C header files
configure:6770: ccache armeb-linux-uclibc-gcc -c -Os -pipe -mtune=xscale -march=armv5t -Wa,-mcpu=xscale -mno-thumb-interwork -fno-caller-saves  conftest.c >&5
configure:6770: $? = 0
configure:6854: result: yes
configure:6867: checking for sys/types.h
configure:6867: ccache armeb-linux-uclibc-gcc -c -Os -pipe -mtune=xscale -march=armv5t -Wa,-mcpu=xscale -mno-thumb-interwork -fno-caller-saves  conftest.c >&5
configure:6867: $? = 0
configure:6867: result: yes
configure:6867: checking for sys/stat.h
configure:6867: ccache armeb-linux-uclibc-gcc -c -Os -pipe -mtune=xscale -march=armv5t -Wa,-mcpu=xscale -mno-thumb-interwork -fno-caller-saves  conftest.c >&5
configure:6867: $? = 0
configure:6867: result: yes
configure:6867: checking for stdlib.h
configure:6867: ccache armeb-linux-uclibc-gcc -c -Os -pipe -mtune=xscale -march=armv5t -Wa,-mcpu=xscale -mno-thumb-interwork -fno-caller-saves  conftest.c >&5
configure:6867: $? = 0
configure:6867: result: yes
configure:6867: checking for string.h
configure:6867: ccache armeb-linux-uclibc-gcc -c -Os -pipe -mtune=xscale -march=armv5t -Wa,-mcpu=xscale -mno-thumb-interwork -fno-caller-saves  conftest.c >&5
configure:6867: $? = 0
configure:6867: result: yes
configure:6867: checking for memory.h
configure:6867: ccache armeb-linux-uclibc-gcc -c -Os -pipe -mtune=xscale -march=armv5t -Wa,-mcpu=xscale -mno-thumb-interwork -fno-caller-saves  conftest.c >&5
configure:6867: $? = 0
configure:6867: result: yes
configure:6867: checking for strings.h
configure:6867: ccache armeb-linux-uclibc-gcc -c -Os -pipe -mtune=xscale -march=armv5t -Wa,-mcpu=xscale -mno-thumb-interwork -fno-caller-saves  conftest.c >&5
configure:6867: $? = 0
configure:6867: result: yes
configure:6867: checking for inttypes.h
configure:6867: ccache armeb-linux-uclibc-gcc -c -Os -pipe -mtune=xscale -march=armv5t -Wa,-mcpu=xscale -mno-thumb-interwork -fno-caller-saves  conftest.c >&5
configure:6867: $? = 0
configure:6867: result: yes
configure:6867: checking for stdint.h
configure:6867: ccache armeb-linux-uclibc-gcc -c -Os -pipe -mtune=xscale -march=armv5t -Wa,-mcpu=xscale -mno-thumb-interwork -fno-caller-saves  conftest.c >&5
configure:6867: $? = 0
configure:6867: result: yes
configure:6867: checking for unistd.h
configure:6867: ccache armeb-linux-uclibc-gcc -c -Os -pipe -mtune=xscale -march=armv5t -Wa,-mcpu=xscale -mno-thumb-interwork -fno-caller-saves  conftest.c >&5
configure:6867: $? = 0
configure:6867: result: yes
configure:6881: checking for dlfcn.h
configure:6881: ccache armeb-linux-uclibc-gcc -c -Os -pipe -mtune=xscale -march=armv5t -Wa,-mcpu=xscale -mno-thumb-interwork -fno-caller-saves  conftest.c >&5
configure:6881: $? = 0
configure:6881: result: yes
configure:7035: checking for objdir
configure:7050: result: .libs
configure:7346: checking if ccache armeb-linux-uclibc-gcc supports -fno-rtti -fno-exceptions
configure:7364: ccache armeb-linux-uclibc-gcc -c -Os -pipe -mtune=xscale -march=armv5t -Wa,-mcpu=xscale -mno-thumb-interwork -fno-caller-saves  -fno-rtti -fno-exceptions conftest.c >&5
cc1: warning: command line option '-fno-rtti' is valid for C++/ObjC++ but not for C [enabled by default]
cc1: warning: command line option '-fno-rtti' is valid for C++/ObjC++ but not for C [enabled by default]
configure:7368: $? = 0
configure:7381: result: no
configure:7401: checking for ccache armeb-linux-uclibc-gcc option to produce PIC
configure:7673: result: -fPIC -DPIC
configure:7685: checking if ccache armeb-linux-uclibc-gcc PIC flag -fPIC -DPIC works
configure:7703: ccache armeb-linux-uclibc-gcc -c -Os -pipe -mtune=xscale -march=armv5t -Wa,-mcpu=xscale -mno-thumb-interwork -fno-caller-saves  -fPIC -DPIC -DPIC conftest.c >&5
configure:7707: $? = 0
configure:7720: result: yes
configure:7744: checking if ccache armeb-linux-uclibc-gcc static flag -static works
configure:7772: result: yes
configure:7787: checking if ccache armeb-linux-uclibc-gcc supports -c -o file.o
configure:7808: ccache armeb-linux-uclibc-gcc -c -Os -pipe -mtune=xscale -march=armv5t -Wa,-mcpu=xscale -mno-thumb-interwork -fno-caller-saves  -o out/conftest2.o conftest.c >&5
configure:7812: $? = 0
configure:7834: result: yes
configure:7842: checking if ccache armeb-linux-uclibc-gcc supports -c -o file.o
configure:7889: result: yes
configure:7922: checking whether the ccache armeb-linux-uclibc-gcc linker (armeb-linux-uclibc-ld) supports shared libraries
configure:8913: result: yes
configure:8950: checking whether -lc should be explicitly linked in
configure:8955: ccache armeb-linux-uclibc-gcc -c -Os -pipe -mtune=xscale -march=armv5t -Wa,-mcpu=xscale -mno-thumb-interwork -fno-caller-saves  conftest.c >&5
configure:8958: $? = 0
configure:8973: ccache armeb-linux-uclibc-gcc -shared conftest.o  -v -Wl,-soname -Wl,conftest -o conftest 2\>\&1 \| /usr/bin/grep  -lc  \>/dev/null 2\>\&1
configure:8976: $? = 0
configure:8988: result: no
configure:9152: checking dynamic linker characteristics
configure:9585: ccache armeb-linux-uclibc-gcc -o conftest -Os -pipe -mtune=xscale -march=armv5t -Wa,-mcpu=xscale -mno-thumb-interwork -fno-caller-saves   -Wl,-rpath -Wl,/foo conftest.c  >&5
configure:9585: $? = 0
configure:9815: result: GNU/Linux ld.so
configure:9917: checking how to hardcode library paths into programs
configure:9942: result: immediate
configure:10462: checking whether stripping libraries is possible
configure:10467: result: yes
configure:10502: checking if libtool supports shared libraries
configure:10504: result: yes
configure:10507: checking whether to build shared libraries
configure:10528: result: yes
configure:10531: checking whether to build static libraries
configure:10535: result: no
configure:10571: checking whether ln -s works
configure:10575: result: yes
configure:10599: checking for armeb-linux-gnu-pkg-config
configure:10632: result: no
configure:10642: checking for pkg-config
configure:10660: found /usr/bin/pkg-config
configure:10672: result: /usr/bin/pkg-config
configure:10697: checking pkg-config is at least version 0.9.0
configure:10700: result: yes
configure:10710: checking for LIBNFNETLINK
configure:10795: result: yes
configure:10957: creating ./config.status

## ---------------------- ##
## Running config.status. ##
## ---------------------- ##

This file was extended by libnetfilter_log config.status 1.0.1, which was
generated by GNU Autoconf 2.67.  Invocation command line was

  CONFIG_FILES    = 
  CONFIG_HEADERS  = 
  CONFIG_LINKS    = 
  CONFIG_COMMANDS = 
  $ ./config.status 

on linux.site

config.status:1004: creating Makefile
config.status:1004: creating src/Makefile
config.status:1004: creating include/Makefile
config.status:1004: creating include/libnetfilter_log/Makefile
config.status:1004: creating utils/Makefile
config.status:1004: creating libnetfilter_log.pc
config.status:1004: creating doxygen.cfg
config.status:1175: executing depfiles commands
config.status:1175: executing libtool commands

## ---------------- ##
## Cache variables. ##
## ---------------- ##

ac_cv_build=armeb-unknown-linux-gnu
ac_cv_c_compiler_gnu=yes
ac_cv_env_CC_set=set
ac_cv_env_CC_value='ccache armeb-linux-uclibc-gcc'
ac_cv_env_CFLAGS_set=set
ac_cv_env_CFLAGS_value='-Os -pipe -mtune=xscale -march=armv5t -Wa,-mcpu=xscale -mno-thumb-interwork -fno-caller-saves'
ac_cv_env_CPPFLAGS_set=
ac_cv_env_CPPFLAGS_value=
ac_cv_env_CPP_set=
ac_cv_env_CPP_value=
ac_cv_env_LDFLAGS_set=
ac_cv_env_LDFLAGS_value=
ac_cv_env_LIBNFNETLINK_CFLAGS_set=set
ac_cv_env_LIBNFNETLINK_CFLAGS_value=-I/home/seg/DEV/xscale/src/router/libnfnetlink/include
ac_cv_env_LIBNFNETLINK_LIBS_set=set
ac_cv_env_LIBNFNETLINK_LIBS_value=-L/home/seg/DEV/xscale/src/router/libnfnetlink/src/.libs
ac_cv_env_LIBS_set=
ac_cv_env_LIBS_value=
ac_cv_env_PKG_CONFIG_LIBDIR_set=
ac_cv_env_PKG_CONFIG_LIBDIR_value=
ac_cv_env_PKG_CONFIG_PATH_set=
ac_cv_env_PKG_CONFIG_PATH_value=
ac_cv_env_PKG_CONFIG_set=
ac_cv_env_PKG_CONFIG_value=
ac_cv_env_build_alias_set=set
ac_cv_env_build_alias_value=armeb-linux
ac_cv_env_host_alias_set=set
ac_cv_env_host_alias_value=armeb-linux-gnu
ac_cv_env_target_alias_set=
ac_cv_env_target_alias_value=
ac_cv_func_mmap_fixed_mapped='yes '
ac_cv_func_posix_getgrgid_r=no
ac_cv_func_posix_getpwuid_r=no
ac_cv_header_dlfcn_h=yes
ac_cv_header_inttypes_h=yes
ac_cv_header_memory_h=yes
ac_cv_header_stdc=yes
ac_cv_header_stdint_h=yes
ac_cv_header_stdlib_h=yes
ac_cv_header_string_h=yes
ac_cv_header_strings_h=yes
ac_cv_header_sys_stat_h=yes
ac_cv_header_sys_types_h=yes
ac_cv_header_unistd_h=yes
ac_cv_host=armeb-unknown-linux-gnu
ac_cv_lib_rt_clock_gettime=no
ac_cv_objext=o
ac_cv_path_EGREP='/usr/bin/grep -E'
ac_cv_path_FGREP='/usr/bin/grep -F'
ac_cv_path_GREP=/usr/bin/grep
ac_cv_path_SED=/xfs/toolchains/toolchain-armeb_v5te_gcc-4.7-linaro_uClibc-0.9.33.2-7/bin/sed
ac_cv_path_ac_pt_PKG_CONFIG=/usr/bin/pkg-config
ac_cv_path_install='/usr/bin/install -c'
ac_cv_path_mkdir=/usr/bin/mkdir
ac_cv_prog_AR=armeb-linux-uclibc-ar
ac_cv_prog_AWK=gawk
ac_cv_prog_CC='ccache armeb-linux-uclibc-gcc'
ac_cv_prog_CPP='ccache armeb-linux-uclibc-gcc -E'
ac_cv_prog_RANLIB=armeb-linux-uclibc-ranlib
ac_cv_prog_STRIP=armeb-linux-uclibc-strip
ac_cv_prog_ac_ct_OBJDUMP=objdump
ac_cv_prog_cc_c89=
ac_cv_prog_cc_ccache_c_o=yes
ac_cv_prog_cc_g=yes
ac_cv_prog_make_make_set=yes
am_cv_CC_dependencies_compiler_type=gcc3
am_cv_prog_tar_pax=gnutar
glib_cv_stack_grows='no '
glib_cv_uscore='no '
lt_cv_deplibs_check_method=pass_all
lt_cv_file_magic_cmd='$MAGIC_CMD'
lt_cv_file_magic_test_file=
lt_cv_ld_reload_flag=-r
lt_cv_nm_interface='BSD nm'
lt_cv_objdir=.libs
lt_cv_path_LD=armeb-linux-uclibc-ld
lt_cv_path_NM=armeb-linux-uclibc-nm
lt_cv_prog_compiler_c_o=yes
lt_cv_prog_compiler_pic_works=yes
lt_cv_prog_compiler_rtti_exceptions=no
lt_cv_prog_compiler_static_works=yes
lt_cv_prog_gnu_ld=yes
lt_cv_sys_global_symbol_pipe='sed -n -e '\''s/^.*[	 ]\([ABCDGIRSTW][ABCDGIRSTW]*\)[	 ][	 ]*\([_A-Za-z][_A-Za-z0-9]*\)$/\1 \2 \2/p'\'''
lt_cv_sys_global_symbol_to_c_name_address='sed -n -e '\''s/^: \([^ ]*\) $/  {\"\1\", (void *) 0},/p'\'' -e '\''s/^[ABCDGIRSTW]* \([^ ]*\) \([^ ]*\)$/  {"\2", (void *) \&\2},/p'\'''
lt_cv_sys_global_symbol_to_c_name_address_lib_prefix='sed -n -e '\''s/^: \([^ ]*\) $/  {\"\1\", (void *) 0},/p'\'' -e '\''s/^[ABCDGIRSTW]* \([^ ]*\) \(lib[^ ]*\)$/  {"\2", (void *) \&\2},/p'\'' -e '\''s/^[ABCDGIRSTW]* \([^ ]*\) \([^ ]*\)$/  {"lib\2", (void *) \&\2},/p'\'''
lt_cv_sys_global_symbol_to_cdecl='sed -n -e '\''s/^T .* \(.*\)$/extern int \1();/p'\'' -e '\''s/^[ABCDGIRSTW]* .* \(.*\)$/extern char \1;/p'\'''
lt_cv_sys_max_cmd_len=1572864
pkg_cv_LIBNFNETLINK_CFLAGS=-I/home/seg/DEV/xscale/src/router/libnfnetlink/include
pkg_cv_LIBNFNETLINK_LIBS=-L/home/seg/DEV/xscale/src/router/libnfnetlink/src/.libs

## ----------------- ##
## Output variables. ##
## ----------------- ##

ACLOCAL='${SHELL} /home/seg/DEV/xscale/src/router/libnetfilter_log/build-aux/missing --run aclocal-1.11'
AMDEPBACKSLASH='\'
AMDEP_FALSE='#'
AMDEP_TRUE=''
AMTAR='${SHELL} /home/seg/DEV/xscale/src/router/libnetfilter_log/build-aux/missing --run tar'
AM_BACKSLASH='\'
AM_DEFAULT_VERBOSITY='0'
AR='armeb-linux-uclibc-ar'
AUTOCONF='${SHELL} /home/seg/DEV/xscale/src/router/libnetfilter_log/build-aux/missing --run autoconf'
AUTOHEADER='${SHELL} /home/seg/DEV/xscale/src/router/libnetfilter_log/build-aux/missing --run autoheader'
AUTOMAKE='${SHELL} /home/seg/DEV/xscale/src/router/libnetfilter_log/build-aux/missing --run automake-1.11'
AWK='gawk'
CC='ccache armeb-linux-uclibc-gcc'
CCDEPMODE='depmode=gcc3'
CFLAGS='-Os -pipe -mtune=xscale -march=armv5t -Wa,-mcpu=xscale -mno-thumb-interwork -fno-caller-saves'
CPP='ccache armeb-linux-uclibc-gcc -E'
CPPFLAGS=''
CYGPATH_W='echo'
DEFS='-DPACKAGE_NAME=\"libnetfilter_log\" -DPACKAGE_TARNAME=\"libnetfilter_log\" -DPACKAGE_VERSION=\"1.0.1\" -DPACKAGE_STRING=\"libnetfilter_log\ 1.0.1\" -DPACKAGE_BUGREPORT=\"\" -DPACKAGE_URL=\"\" -DPACKAGE=\"libnetfilter_log\" -DVERSION=\"1.0.1\" -DSTDC_HEADERS=1 -DHAVE_SYS_TYPES_H=1 -DHAVE_SYS_STAT_H=1 -DHAVE_STDLIB_H=1 -DHAVE_STRING_H=1 -DHAVE_MEMORY_H=1 -DHAVE_STRINGS_H=1 -DHAVE_INTTYPES_H=1 -DHAVE_STDINT_H=1 -DHAVE_UNISTD_H=1 -DHAVE_DLFCN_H=1 -DLT_OBJDIR=\".libs/\"'
DEPDIR='.deps'
DSYMUTIL=''
DUMPBIN=''
ECHO_C=''
ECHO_N='-n'
ECHO_T=''
EGREP='/usr/bin/grep -E'
EXEEXT=''
FGREP='/usr/bin/grep -F'
GREP='/usr/bin/grep'
INSTALL_DATA='${INSTALL} -m 644'
INSTALL_PROGRAM='${INSTALL}'
INSTALL_SCRIPT='${INSTALL}'
INSTALL_STRIP_PROGRAM='$(install_sh) -c -s'
LD='armeb-linux-uclibc-ld'
LDFLAGS=''
LIBNFNETLINK_CFLAGS='-I/home/seg/DEV/xscale/src/router/libnfnetlink/include'
LIBNFNETLINK_LIBS='-L/home/seg/DEV/xscale/src/router/libnfnetlink/src/.libs'
LIBOBJS=''
LIBS=''
LIBTOOL='$(SHELL) $(top_builddir)/libtool'
LIPO=''
LN_S='ln -s'
LTLIBOBJS=''
MAKEINFO='${SHELL} /home/seg/DEV/xscale/src/router/libnetfilter_log/build-aux/missing --run makeinfo'
MKDIR_P='/usr/bin/mkdir -p'
NM='armeb-linux-uclibc-nm'
NMEDIT=''
OBJDUMP='objdump'
OBJEXT='o'
OTOOL64=''
OTOOL=''
PACKAGE='libnetfilter_log'
PACKAGE_BUGREPORT=''
PACKAGE_NAME='libnetfilter_log'
PACKAGE_STRING='libnetfilter_log 1.0.1'
PACKAGE_TARNAME='libnetfilter_log'
PACKAGE_URL=''
PACKAGE_VERSION='1.0.1'
PATH_SEPARATOR=':'
PKG_CONFIG='/usr/bin/pkg-config'
PKG_CONFIG_LIBDIR=''
PKG_CONFIG_PATH=''
RANLIB='armeb-linux-uclibc-ranlib'
SED='/xfs/toolchains/toolchain-armeb_v5te_gcc-4.7-linaro_uClibc-0.9.33.2-7/bin/sed'
SET_MAKE=''
SHELL='/bin/sh'
STRIP='armeb-linux-uclibc-strip'
VERSION='1.0.1'
ac_ct_CC=''
ac_ct_DUMPBIN=''
am__EXEEXT_FALSE=''
am__EXEEXT_TRUE='#'
am__fastdepCC_FALSE='#'
am__fastdepCC_TRUE=''
am__include='include'
am__isrc=''
am__leading_dot='.'
am__quote=''
am__tar='tar --format=posix -chf - "$$tardir"'
am__untar='tar -xf -'
bindir='${exec_prefix}/bin'
build='armeb-unknown-linux-gnu'
build_alias='armeb-linux'
build_cpu='armeb'
build_os='linux-gnu'
build_vendor='unknown'
datadir='${datarootdir}'
datarootdir='${prefix}/share'
docdir='${datarootdir}/doc/${PACKAGE_TARNAME}'
dvidir='${docdir}'
exec_prefix='${prefix}'
host='armeb-unknown-linux-gnu'
host_alias='armeb-linux-gnu'
host_cpu='armeb'
host_os='linux-gnu'
host_vendor='unknown'
htmldir='${docdir}'
includedir='${prefix}/include'
infodir='${datarootdir}/info'
install_sh='${SHELL} /home/seg/DEV/xscale/src/router/libnetfilter_log/build-aux/install-sh'
libdir='/home/seg/DEV/xscale/src/router/libnfnetlink/src/.libs'
libexecdir='${exec_prefix}/lib'
localedir='${datarootdir}/locale'
localstatedir='${prefix}/var'
lt_ECHO='echo'
mandir='${datarootdir}/man'
mkdir_p='/usr/bin/mkdir -p'
oldincludedir='/usr/include'
pdfdir='${docdir}'
prefix='/usr'
program_transform_name='s,x,x,'
psdir='${docdir}'
sbindir='${exec_prefix}/sbin'
sharedstatedir='${prefix}/com'
sysconfdir='${prefix}/etc'
target_alias=''

## ----------- ##
## confdefs.h. ##
## ----------- ##

/* confdefs.h */
#define PACKAGE_NAME "libnetfilter_log"
#define PACKAGE_TARNAME "libnetfilter_log"
#define PACKAGE_VERSION "1.0.1"
#define PACKAGE_STRING "libnetfilter_log 1.0.1"
#define PACKAGE_BUGREPORT ""
#define PACKAGE_URL ""
#define PACKAGE "libnetfilter_log"
#define VERSION "1.0.1"
#define STDC_HEADERS 1
#define HAVE_SYS_TYPES_H 1
#define HAVE_SYS_STAT_H 1
#define HAVE_STDLIB_H 1
#define HAVE_STRING_H 1
#define HAVE_MEMORY_H 1
#define HAVE_STRINGS_H 1
#define HAVE_INTTYPES_H 1
#define HAVE_STDINT_H 1
#define HAVE_UNISTD_H 1
#define HAVE_DLFCN_H 1
#define LT_OBJDIR ".libs/"

configure: exit 0
