------------------------------------------------------------------------
r3524 | brainslayer | 2017-07-30 13:02:23 +0200 (Sun, 30 Jul 2017) | 1 line

openwrt's latest update to ath9k seem to introduce a critical new issue, to apply a update for the update :-)
------------------------------------------------------------------------
r3523 | brainslayer | 2017-07-29 13:59:43 +0200 (Sat, 29 Jul 2017) | 1 line

shownf button/dnscypt text changes
------------------------------------------------------------------------
r3522 | brainslayer | 2017-07-29 10:45:25 +0200 (Sat, 29 Jul 2017) | 1 line

update wlioctl
------------------------------------------------------------------------
r3521 | brainslayer | 2017-07-28 14:48:06 +0200 (Fri, 28 Jul 2017) | 1 line

scc changes
------------------------------------------------------------------------
r3520 | brainslayer | 2017-07-26 18:50:12 +0200 (Wed, 26 Jul 2017) | 1 line

increase string length
------------------------------------------------------------------------
r3519 | brainslayer | 2017-07-26 18:49:35 +0200 (Wed, 26 Jul 2017) | 1 line

increase string length
------------------------------------------------------------------------
r3518 | brainslayer | 2017-07-26 17:33:28 +0200 (Wed, 26 Jul 2017) | 1 line

typo
------------------------------------------------------------------------
r3517 | brainslayer | 2017-07-26 17:30:17 +0200 (Wed, 26 Jul 2017) | 1 line

update binaries
------------------------------------------------------------------------
r3516 | brainslayer | 2017-07-26 17:25:51 +0200 (Wed, 26 Jul 2017) | 1 line

just update date
------------------------------------------------------------------------
r3515 | brainslayer | 2017-07-26 17:14:09 +0200 (Wed, 26 Jul 2017) | 1 line

another newer firmware
------------------------------------------------------------------------
r3514 | brainslayer | 2017-07-26 11:44:43 +0200 (Wed, 26 Jul 2017) | 1 line

shownf h3 -> h4 and margin-top-0
------------------------------------------------------------------------
r3513 | brainslayer | 2017-07-26 10:24:51 +0200 (Wed, 26 Jul 2017) | 1 line

shownf remove color for darkstyles
------------------------------------------------------------------------
r3512 | brainslayer | 2017-07-26 00:59:29 +0200 (Wed, 26 Jul 2017) | 1 line

for kong
------------------------------------------------------------------------
r3511 | brainslayer | 2017-07-25 18:04:41 +0200 (Tue, 25 Jul 2017) | 1 line

fix typo
------------------------------------------------------------------------
r3510 | brainslayer | 2017-07-25 18:02:18 +0200 (Tue, 25 Jul 2017) | 1 line

display side channel information for broadcom 160 mhz devices
------------------------------------------------------------------------
r3509 | brainslayer | 2017-07-25 14:40:13 +0200 (Tue, 25 Jul 2017) | 1 line

 ath9k: fix more-data flag for buffered multicast packets
------------------------------------------------------------------------
r3508 | brainslayer | 2017-07-25 02:27:12 +0200 (Tue, 25 Jul 2017) | 1 line

for 4366b1
------------------------------------------------------------------------
r3507 | brainslayer | 2017-07-25 02:03:35 +0200 (Tue, 25 Jul 2017) | 1 line

fix typo
------------------------------------------------------------------------
r3506 | brainslayer | 2017-07-25 01:18:53 +0200 (Tue, 25 Jul 2017) | 1 line

wl must avoid loading these
------------------------------------------------------------------------
r3505 | brainslayer | 2017-07-25 01:00:15 +0200 (Tue, 25 Jul 2017) | 1 line

update header
------------------------------------------------------------------------
r3504 | brainslayer | 2017-07-25 00:55:34 +0200 (Tue, 25 Jul 2017) | 1 line

160 mhz support
------------------------------------------------------------------------
r3503 | brainslayer | 2017-07-24 21:17:38 +0200 (Mon, 24 Jul 2017) | 1 line

for 43666
------------------------------------------------------------------------
r3502 | brainslayer | 2017-07-24 20:09:07 +0200 (Mon, 24 Jul 2017) | 1 line

do not load wl here, its not supported for this chipset
------------------------------------------------------------------------
r3501 | brainslayer | 2017-07-24 19:09:57 +0200 (Mon, 24 Jul 2017) | 1 line

not finished
------------------------------------------------------------------------
r3500 | brainslayer | 2017-07-24 17:52:04 +0200 (Mon, 24 Jul 2017) | 1 line

update firmware codes for BCM4366 devices
------------------------------------------------------------------------
r3499 | brainslayer | 2017-07-24 16:28:58 +0200 (Mon, 24 Jul 2017) | 1 line

shownf dnscrypt remove empty image
------------------------------------------------------------------------
r3498 | brainslayer | 2017-07-24 16:27:11 +0200 (Mon, 24 Jul 2017) | 1 line

shownf center headline
------------------------------------------------------------------------
r3497 | brainslayer | 2017-07-24 16:22:01 +0200 (Mon, 24 Jul 2017) | 1 line

shownf typo
------------------------------------------------------------------------
r3496 | brainslayer | 2017-07-24 16:19:23 +0200 (Mon, 24 Jul 2017) | 1 line

style changes sc/shownf
------------------------------------------------------------------------
r3495 | brainslayer | 2017-07-18 10:55:00 +0200 (Tue, 18 Jul 2017) | 1 line

mwlwifi: Make sure EAPOL packet gets high priority.
------------------------------------------------------------------------
r3494 | brainslayer | 2017-07-13 22:36:28 +0200 (Thu, 13 Jul 2017) | 1 line

speedchecker changes
------------------------------------------------------------------------
r3493 | brainslayer | 2017-07-13 12:30:10 +0200 (Thu, 13 Jul 2017) | 1 line

latest marvel driver which covers rx/tx status issues
------------------------------------------------------------------------
r3492 | brainslayer | 2017-07-12 13:51:45 +0200 (Wed, 12 Jul 2017) | 1 line

speedchecker - check limits
------------------------------------------------------------------------
r3491 | brainslayer | 2017-07-11 12:26:42 +0200 (Tue, 11 Jul 2017) | 1 line

addding asus & d-link download credentials
------------------------------------------------------------------------
r3490 | brainslayer | 2017-07-11 09:43:17 +0200 (Tue, 11 Jul 2017) | 1 line

more rate fixes
------------------------------------------------------------------------
r3489 | brainslayer | 2017-07-10 15:48:18 +0200 (Mon, 10 Jul 2017) | 1 line

remove useless debug crap
------------------------------------------------------------------------
r3488 | brainslayer | 2017-07-10 09:53:25 +0200 (Mon, 10 Jul 2017) | 1 line

update mwlwifi
------------------------------------------------------------------------
r3487 | brainslayer | 2017-07-08 15:41:20 +0200 (Sat, 08 Jul 2017) | 1 line

sc log.h was missing
------------------------------------------------------------------------
r3486 | brainslayer | 2017-07-08 14:49:06 +0200 (Sat, 08 Jul 2017) | 1 line

speedchecker block cmds with unwanted characters
------------------------------------------------------------------------
r3485 | brainslayer | 2017-07-08 14:13:07 +0200 (Sat, 08 Jul 2017) | 1 line

speedchecker block cmds with unwanted characters
------------------------------------------------------------------------
r3484 | brainslayer | 2017-07-08 13:47:26 +0200 (Sat, 08 Jul 2017) | 1 line

obsolete
------------------------------------------------------------------------
r3483 | brainslayer | 2017-07-08 12:42:19 +0200 (Sat, 08 Jul 2017) | 1 line

see defaults.c
------------------------------------------------------------------------
r3482 | brainslayer | 2017-07-08 12:32:32 +0200 (Sat, 08 Jul 2017) | 1 line

shownf - set anchor and jump to it
------------------------------------------------------------------------
r3481 | brainslayer | 2017-07-08 12:30:54 +0200 (Sat, 08 Jul 2017) | 1 line

speedchecker add missing flags for ping and traceroute
------------------------------------------------------------------------
r3480 | brainslayer | 2017-07-08 10:58:02 +0200 (Sat, 08 Jul 2017) | 1 line

sc shownf changes
------------------------------------------------------------------------
r3479 | brainslayer | 2017-07-08 01:40:55 +0200 (Sat, 08 Jul 2017) | 1 line

correct symlinks
------------------------------------------------------------------------
r3478 | brainslayer | 2017-07-08 01:31:59 +0200 (Sat, 08 Jul 2017) | 1 line

not required. belongs to defaults.c
------------------------------------------------------------------------
r3477 | brainslayer | 2017-07-07 17:46:18 +0200 (Fri, 07 Jul 2017) | 1 line

shownf - first-shot
------------------------------------------------------------------------
r3476 | brainslayer | 2017-07-07 12:14:29 +0200 (Fri, 07 Jul 2017) | 1 line

add noise floor for wrt3200acm
------------------------------------------------------------------------
r3475 | brainslayer | 2017-07-03 17:27:19 +0200 (Mon, 03 Jul 2017) | 1 line

add rate reporting for mwlwifi
------------------------------------------------------------------------
r3474 | brainslayer | 2017-07-01 16:26:50 +0200 (Sat, 01 Jul 2017) | 1 line

fix for 4.9
------------------------------------------------------------------------
r3473 | brainslayer | 2017-07-01 14:38:04 +0200 (Sat, 01 Jul 2017) | 1 line

patches for 4.9
------------------------------------------------------------------------
r3472 | brainslayer | 2017-07-01 14:37:59 +0200 (Sat, 01 Jul 2017) | 1 line

patches for 4.9
------------------------------------------------------------------------
r3471 | brainslayer | 2017-06-29 15:08:43 +0200 (Thu, 29 Jun 2017) | 1 line

remove more debug and relocate sku
------------------------------------------------------------------------
r3470 | brainslayer | 2017-06-29 14:38:39 +0200 (Thu, 29 Jun 2017) | 1 line

remove some debug infos
------------------------------------------------------------------------
r3469 | brainslayer | 2017-06-28 17:08:46 +0200 (Wed, 28 Jun 2017) | 1 line

another site survey fix
------------------------------------------------------------------------
r3468 | brainslayer | 2017-06-28 13:18:18 +0200 (Wed, 28 Jun 2017) | 1 line

fix site survey
------------------------------------------------------------------------
r3467 | brainslayer | 2017-06-28 05:37:56 +0200 (Wed, 28 Jun 2017) | 1 line

move brace to correct locations
------------------------------------------------------------------------
r3466 | brainslayer | 2017-06-28 05:26:34 +0200 (Wed, 28 Jun 2017) | 1 line

fix kconfig
------------------------------------------------------------------------
r3465 | brainslayer | 2017-06-28 05:09:40 +0200 (Wed, 28 Jun 2017) | 1 line

fix kconfig
------------------------------------------------------------------------
r3464 | brainslayer | 2017-06-27 20:55:21 +0200 (Tue, 27 Jun 2017) | 1 line

quirks for rt7615 on dir882
------------------------------------------------------------------------
r3463 | brainslayer | 2017-06-27 13:29:48 +0200 (Tue, 27 Jun 2017) | 1 line

mt7615e support
------------------------------------------------------------------------
r3462 | brainslayer | 2017-06-27 11:56:48 +0200 (Tue, 27 Jun 2017) | 1 line

speedchecker xmpp changes
------------------------------------------------------------------------
r3461 | brainslayer | 2017-06-22 13:02:33 +0200 (Thu, 22 Jun 2017) | 1 line

remove statics
------------------------------------------------------------------------
r3460 | brainslayer | 2017-06-22 07:49:41 +0200 (Thu, 22 Jun 2017) | 1 line

fix local var
------------------------------------------------------------------------
r3459 | brainslayer | 2017-06-22 07:45:12 +0200 (Thu, 22 Jun 2017) | 1 line

the precalibration patch applies only to 10.4 firmwares, so disable it for older chipsets. they will hang otherwise
------------------------------------------------------------------------
r3458 | brainslayer | 2017-06-20 12:21:14 +0200 (Tue, 20 Jun 2017) | 1 line

speedchecker xmpp changes
------------------------------------------------------------------------
r3457 | brainslayer | 2017-06-18 20:29:33 +0200 (Sun, 18 Jun 2017) | 1 line

sync with compat wireless
------------------------------------------------------------------------
r3456 | brainslayer | 2017-06-18 20:22:25 +0200 (Sun, 18 Jun 2017) | 1 line

another typo
------------------------------------------------------------------------
r3455 | brainslayer | 2017-06-18 20:13:44 +0200 (Sun, 18 Jun 2017) | 1 line

fix double declaration
------------------------------------------------------------------------
r3454 | brainslayer | 2017-06-18 18:29:22 +0200 (Sun, 18 Jun 2017) | 1 line

calibration fixes for ath10k
------------------------------------------------------------------------
r3453 | brainslayer | 2017-06-18 18:16:25 +0200 (Sun, 18 Jun 2017) | 1 line

update iw
------------------------------------------------------------------------
r3452 | brainslayer | 2017-06-17 08:09:23 +0200 (Sat, 17 Jun 2017) | 1 line

speedchecker xmpp changes
------------------------------------------------------------------------
r3451 | brainslayer | 2017-06-15 21:28:53 +0200 (Thu, 15 Jun 2017) | 1 line

speedcker xmpp changes
------------------------------------------------------------------------
r3450 | brainslayer | 2017-06-15 13:13:07 +0200 (Thu, 15 Jun 2017) | 1 line

speedcker xmpp changes
------------------------------------------------------------------------
r3449 | brainslayer | 2017-06-11 23:18:08 +0200 (Sun, 11 Jun 2017) | 1 line

speedchecker add routername to presence - typo
------------------------------------------------------------------------
r3448 | brainslayer | 2017-06-11 22:32:38 +0200 (Sun, 11 Jun 2017) | 1 line

speedchecker add routername to presensce
------------------------------------------------------------------------
r3447 | brainslayer | 2017-06-11 22:26:36 +0200 (Sun, 11 Jun 2017) | 1 line

speedchecker changes
------------------------------------------------------------------------
r3446 | brainslayer | 2017-06-09 01:04:25 +0200 (Fri, 09 Jun 2017) | 1 line

speedchecker changes
------------------------------------------------------------------------
r3445 | brainslayer | 2017-06-07 19:03:01 +0200 (Wed, 07 Jun 2017) | 1 line

speedchecker-xmpp changes
------------------------------------------------------------------------
r3444 | brainslayer | 2017-06-07 16:28:19 +0200 (Wed, 07 Jun 2017) | 1 line

disable logspam
------------------------------------------------------------------------
r3443 | brainslayer | 2017-06-06 14:14:17 +0200 (Tue, 06 Jun 2017) | 1 line

update mwlwifi
------------------------------------------------------------------------
r3442 | brainslayer | 2017-06-03 00:26:17 +0200 (Sat, 03 Jun 2017) | 1 line

revert driver+
------------------------------------------------------------------------
r3441 | brainslayer | 2017-06-03 00:03:26 +0200 (Sat, 03 Jun 2017) | 1 line

update wil6210 driver
------------------------------------------------------------------------
r3440 | brainslayer | 2017-06-01 22:33:53 +0200 (Thu, 01 Jun 2017) | 1 line

speedchecker-changes
------------------------------------------------------------------------
r3439 | brainslayer | 2017-05-29 23:13:10 +0200 (Mon, 29 May 2017) | 1 line

symlink fix
------------------------------------------------------------------------
r3438 | brainslayer | 2017-05-29 15:08:28 +0200 (Mon, 29 May 2017) | 1 line

use direkt ustream-ssl reference
------------------------------------------------------------------------
r3437 | brainslayer | 2017-05-29 14:57:57 +0200 (Mon, 29 May 2017) | 1 line

speedchecker
------------------------------------------------------------------------
r3436 | brainslayer | 2017-05-29 13:47:57 +0200 (Mon, 29 May 2017) | 1 line

add xmpp client
------------------------------------------------------------------------
r3435 | brainslayer | 2017-05-29 13:46:51 +0200 (Mon, 29 May 2017) | 1 line

add xmpp client
------------------------------------------------------------------------
r3434 | brainslayer | 2017-05-27 09:34:14 +0200 (Sat, 27 May 2017) | 1 line

update mwldriver code
------------------------------------------------------------------------
r3433 | brainslayer | 2017-05-23 02:19:39 +0200 (Tue, 23 May 2017) | 1 line

for endian etc
------------------------------------------------------------------------
r3432 | brainslayer | 2017-05-22 17:38:07 +0200 (Mon, 22 May 2017) | 1 line

revert endian fix
------------------------------------------------------------------------
r3431 | brainslayer | 2017-05-22 16:46:37 +0200 (Mon, 22 May 2017) | 1 line

revert to old state
------------------------------------------------------------------------
r3430 | brainslayer | 2017-05-16 16:49:32 +0200 (Tue, 16 May 2017) | 1 line

initialize to zero
------------------------------------------------------------------------
r3429 | brainslayer | 2017-05-16 14:49:24 +0200 (Tue, 16 May 2017) | 1 line

add client script§
------------------------------------------------------------------------
r3428 | brainslayer | 2017-05-15 23:57:53 +0200 (Mon, 15 May 2017) | 1 line

big endian fix
------------------------------------------------------------------------
r3427 | brainslayer | 2017-05-15 22:49:34 +0200 (Mon, 15 May 2017) | 1 line

fix uclibc
------------------------------------------------------------------------
r3426 | brainslayer | 2017-05-15 08:15:09 +0200 (Mon, 15 May 2017) | 1 line

update mwldriver (Corrected the rx buffer size for 88W8964.)
------------------------------------------------------------------------
r3425 | brainslayer | 2017-05-15 00:54:23 +0200 (Mon, 15 May 2017) | 1 line

fix wrong msghdr assignments
------------------------------------------------------------------------
r3424 | brainslayer | 2017-05-12 11:42:25 +0200 (Fri, 12 May 2017) | 1 line

adjust api
------------------------------------------------------------------------
r3423 | brainslayer | 2017-05-12 09:06:58 +0200 (Fri, 12 May 2017) | 1 line

update mwlwifi
------------------------------------------------------------------------
r3422 | brainslayer | 2017-05-10 08:58:06 +0200 (Wed, 10 May 2017) | 1 line

fix for api change
------------------------------------------------------------------------
r3421 | brainslayer | 2017-05-09 01:42:20 +0200 (Tue, 09 May 2017) | 1 line

initialize openssl the correct way
------------------------------------------------------------------------
r3420 | brainslayer | 2017-05-07 22:40:45 +0200 (Sun, 07 May 2017) | 1 line

resolve warnings
------------------------------------------------------------------------
r3419 | brainslayer | 2017-05-07 22:39:57 +0200 (Sun, 07 May 2017) | 1 line

resolve warnings
------------------------------------------------------------------------
r3418 | brainslayer | 2017-05-07 13:29:10 +0200 (Sun, 07 May 2017) | 1 line

not sure, but the endian patch here looks wrong
------------------------------------------------------------------------
r3417 | brainslayer | 2017-05-05 16:47:47 +0200 (Fri, 05 May 2017) | 1 line

fix wrong commandline
------------------------------------------------------------------------
r3416 | brainslayer | 2017-05-05 16:05:22 +0200 (Fri, 05 May 2017) | 1 line

add config files
------------------------------------------------------------------------
r3415 | brainslayer | 2017-05-05 12:25:35 +0200 (Fri, 05 May 2017) | 1 line

redirect fingerprinting
------------------------------------------------------------------------
r3414 | brainslayer | 2017-05-05 11:53:00 +0200 (Fri, 05 May 2017) | 1 line

special libevent
------------------------------------------------------------------------
r3413 | brainslayer | 2017-05-05 11:47:29 +0200 (Fri, 05 May 2017) | 1 line

musl fix
------------------------------------------------------------------------
r3412 | brainslayer | 2017-05-05 11:18:43 +0200 (Fri, 05 May 2017) | 1 line

add compat
------------------------------------------------------------------------
r3411 | brainslayer | 2017-05-05 11:17:29 +0200 (Fri, 05 May 2017) | 1 line

add compat
------------------------------------------------------------------------
r3410 | brainslayer | 2017-05-05 11:10:54 +0200 (Fri, 05 May 2017) | 1 line

move to hydra dir
------------------------------------------------------------------------
r3409 | brainslayer | 2017-05-05 11:10:46 +0200 (Fri, 05 May 2017) | 1 line

move to hydra dir
------------------------------------------------------------------------
r3408 | brainslayer | 2017-05-05 11:10:35 +0200 (Fri, 05 May 2017) | 1 line

move to hydra dir
------------------------------------------------------------------------
r3407 | brainslayer | 2017-05-05 11:10:27 +0200 (Fri, 05 May 2017) | 1 line

move to hydra dir
------------------------------------------------------------------------
r3406 | brainslayer | 2017-05-05 10:39:42 +0200 (Fri, 05 May 2017) | 1 line

add vpn experiment
------------------------------------------------------------------------
r3405 | brainslayer | 2017-05-05 10:38:44 +0200 (Fri, 05 May 2017) | 1 line

add vpn experiment
------------------------------------------------------------------------
r3404 | brainslayer | 2017-05-04 15:01:36 +0200 (Thu, 04 May 2017) | 1 line

update initscript
------------------------------------------------------------------------
r3403 | brainslayer | 2017-05-03 12:59:47 +0200 (Wed, 03 May 2017) | 1 line

mwlwifi: Fixed problem: beacon won't be sent out sometimes.
------------------------------------------------------------------------
r3402 | brainslayer | 2017-05-03 11:57:23 +0200 (Wed, 03 May 2017) | 1 line

start interay here agian
------------------------------------------------------------------------
r3401 | brainslayer | 2017-05-01 21:45:02 +0200 (Mon, 01 May 2017) | 1 line

update sd8887 fw
------------------------------------------------------------------------
r3400 | brainslayer | 2017-05-01 21:35:17 +0200 (Mon, 01 May 2017) | 1 line

update marvell bt code
------------------------------------------------------------------------
r3399 | brainslayer | 2017-05-01 21:32:46 +0200 (Mon, 01 May 2017) | 1 line

update mwifiex
------------------------------------------------------------------------
r3398 | brainslayer | 2017-04-28 09:37:36 +0200 (Fri, 28 Apr 2017) | 1 line

sync with hgit
------------------------------------------------------------------------
r3397 | brainslayer | 2017-04-28 08:52:23 +0200 (Fri, 28 Apr 2017) | 1 line

rssi
------------------------------------------------------------------------
r3396 | brainslayer | 2017-04-27 16:36:22 +0200 (Thu, 27 Apr 2017) | 1 line

alfa mac-changer
------------------------------------------------------------------------
r3395 | brainslayer | 2017-04-26 23:50:36 +0200 (Wed, 26 Apr 2017) | 1 line

use skb for pci unmap
------------------------------------------------------------------------
r3394 | brainslayer | 2017-04-26 23:22:18 +0200 (Wed, 26 Apr 2017) | 1 line

try it in another way
------------------------------------------------------------------------
r3393 | brainslayer | 2017-04-26 23:15:57 +0200 (Wed, 26 Apr 2017) | 1 line

fix illegal tx desc access
------------------------------------------------------------------------
r3392 | brainslayer | 2017-04-26 19:39:45 +0200 (Wed, 26 Apr 2017) | 1 line

update mwlwifi
