This file contains any messages produced by compilers while
running configure, to aid debugging if configure makes a mistake.

It was created by dhcp-forwarder configure 0.7, which was
generated by GNU Autoconf 2.59.  Invocation command line was

  $ ./configure --host=mipsel-linux-elf --sysconfdir=/tmp/dhcp-fwd CC=mipsel-linux-uclibc-gcc CFLAGS=-Os -mips32 -mtune=mips32 -funit-at-a-time -pipe -DHAVE_MALLOC=1 -Drpl_malloc=malloc

## --------- ##
## Platform. ##
## --------- ##

hostname = linux
uname -m = x86_64
uname -r = 2.6.13-15.10-smp
uname -s = Linux
uname -v = #1 SMP Fri May 12 16:11:24 UTC 2006

/usr/bin/uname -p = unknown
/bin/uname -X     = unknown

/bin/arch              = x86_64
/usr/bin/arch -k       = unknown
/usr/convex/getsysinfo = unknown
hostinfo               = unknown
/bin/machine           = unknown
/usr/bin/oslevel       = unknown
/bin/universe          = unknown

PATH: /home/dd-wrt/DEV/tools
PATH: /opt/4.1.1/bin/
PATH: /opt/4.1.1/bin/
PATH: /sbin
PATH: /usr/sbin
PATH: /usr/local/sbin
PATH: /opt/gnome/sbin
PATH: /root/bin
PATH: /usr/local/bin
PATH: /usr/bin
PATH: /usr/X11R6/bin
PATH: /bin
PATH: /usr/games
PATH: /opt/gnome/bin
PATH: /usr/lib/mit/bin
PATH: /usr/lib/mit/sbin


## ----------- ##
## Core tests. ##
## ----------- ##

configure:1369: checking for a BSD-compatible install
configure:1424: result: /usr/bin/install -c
configure:1435: checking whether build environment is sane
configure:1478: result: yes
configure:1543: checking for gawk
configure:1559: found /usr/bin/gawk
configure:1569: result: gawk
configure:1579: checking whether make sets $(MAKE)
configure:1599: result: yes
configure:1675: checking for mipsel-linux-elf-strip
configure:1701: result: @true
configure:1768: checking whether to enable maintainer-specific portions of Makefiles
configure:1777: result: no
configure:1802: checking for cvs2cl
configure:1831: result: no
configure:1853: checking for rcs2log
configure:1869: found /usr/bin/rcs2log
configure:1879: result: rcs2log
configure:1915: checking for mipsel-linux-elf-gcc
configure:1941: result: mipsel-linux-uclibc-gcc
configure:2223: checking for C compiler version
configure:2226: mipsel-linux-uclibc-gcc --version </dev/null >&5
mipsel-linux-uclibc-gcc (GCC) 4.1.1
Copyright (C) 2006 Free Software Foundation, Inc.
This is free software; see the source for copying conditions.  There is NO
warranty; not even for MERCHANTABILITY or FITNESS FOR A PARTICULAR PURPOSE.

configure:2229: $? = 0
configure:2231: mipsel-linux-uclibc-gcc -v </dev/null >&5
Using built-in specs.
Target: mipsel-linux-uclibc
Configured with: /home/dd-wrt/trunk/openwrt/toolchain_build_mipsel/gcc-4.1.1/configure --prefix=/home/dd-wrt/trunk/openwrt/staging_dir_mipsel --build=x86_64-pc-linux-gnu --host=x86_64-pc-linux-gnu --target=mipsel-linux-uclibc --enable-languages=c,c++ --enable-shared --disable-__cxa_atexit --enable-target-optspace --with-gnu-ld --disable-nls
Thread model: posix
gcc version 4.1.1
configure:2234: $? = 0
configure:2236: mipsel-linux-uclibc-gcc -V </dev/null >&5
mipsel-linux-uclibc-gcc: '-V' option must have argument
configure:2239: $? = 1
configure:2262: checking for C compiler default output file name
configure:2265: mipsel-linux-uclibc-gcc -Os -mips32 -mtune=mips32 -funit-at-a-time -pipe -DHAVE_MALLOC=1 -Drpl_malloc=malloc  -s conftest.c  >&5
configure:2268: $? = 0
configure:2314: result: a.out
configure:2319: checking whether the C compiler works
configure:2325: ./a.out
./configure: line 2326: ./a.out: cannot execute binary file
configure:2328: $? = 126
configure:2345: result: yes
configure:2352: checking whether we are cross compiling
configure:2354: result: yes
configure:2357: checking for suffix of executables
configure:2359: mipsel-linux-uclibc-gcc -o conftest -Os -mips32 -mtune=mips32 -funit-at-a-time -pipe -DHAVE_MALLOC=1 -Drpl_malloc=malloc  -s conftest.c  >&5
configure:2362: $? = 0
configure:2387: result: 
configure:2393: checking for suffix of object files
configure:2414: mipsel-linux-uclibc-gcc -c -Os -mips32 -mtune=mips32 -funit-at-a-time -pipe -DHAVE_MALLOC=1 -Drpl_malloc=malloc  conftest.c >&5
configure:2417: $? = 0
configure:2439: result: o
configure:2443: checking whether we are using the GNU C compiler
configure:2467: mipsel-linux-uclibc-gcc -c -Os -mips32 -mtune=mips32 -funit-at-a-time -pipe -DHAVE_MALLOC=1 -Drpl_malloc=malloc  conftest.c >&5
configure:2473: $? = 0
configure:2477: test -z 
			 || test ! -s conftest.err
configure:2480: $? = 0
configure:2483: test -s conftest.o
configure:2486: $? = 0
configure:2499: result: yes
configure:2505: checking whether mipsel-linux-uclibc-gcc accepts -g
configure:2526: mipsel-linux-uclibc-gcc -c -g  conftest.c >&5
configure:2532: $? = 0
configure:2536: test -z 
			 || test ! -s conftest.err
configure:2539: $? = 0
configure:2542: test -s conftest.o
configure:2545: $? = 0
configure:2556: result: yes
configure:2573: checking for mipsel-linux-uclibc-gcc option to accept ANSI C
configure:2643: mipsel-linux-uclibc-gcc  -c -Os -mips32 -mtune=mips32 -funit-at-a-time -pipe -DHAVE_MALLOC=1 -Drpl_malloc=malloc  conftest.c >&5
configure:2649: $? = 0
configure:2653: test -z 
			 || test ! -s conftest.err
configure:2656: $? = 0
configure:2659: test -s conftest.o
configure:2662: $? = 0
configure:2680: result: none needed
configure:2698: mipsel-linux-uclibc-gcc -c -Os -mips32 -mtune=mips32 -funit-at-a-time -pipe -DHAVE_MALLOC=1 -Drpl_malloc=malloc  conftest.c >&5
conftest.c:2: error: expected '=', ',', ';', 'asm' or '__attribute__' before 'me'
configure:2704: $? = 1
configure: failed program was:
| #ifndef __cplusplus
|   choke me
| #endif
configure:2848: checking for style of include used by make
configure:2876: result: GNU
configure:2904: checking dependency style of mipsel-linux-uclibc-gcc
configure:2994: result: gcc3
configure:3012: checking whether mipsel-linux-uclibc-gcc and cc understand -c and -o together
configure:3042: mipsel-linux-uclibc-gcc -c conftest.c -o conftest.o >&5
configure:3045: $? = 0
configure:3047: mipsel-linux-uclibc-gcc -c conftest.c -o conftest.o >&5
configure:3050: $? = 0
configure:3057: cc -c conftest.c >&5
configure:3060: $? = 0
configure:3063: cc -c conftest.c -o conftest.o >&5
configure:3066: $? = 0
configure:3068: cc -c conftest.c -o conftest.o >&5
configure:3071: $? = 0
configure:3089: result: yes
configure:3127: checking for a BSD-compatible install
configure:3182: result: /usr/bin/install -c
configure:3197: checking for gawk
configure:3223: result: gawk
configure:3233: checking whether ln -s works
configure:3237: result: yes
configure:3249: checking for splint
configure:3282: result: no
configure:3295: checking for sed
configure:3313: found /opt/4.1.1/bin//sed
configure:3325: result: /opt/4.1.1/bin//sed
configure:3339: checking for cat
configure:3357: found /bin/cat
configure:3369: result: /bin/cat
configure:3383: checking for cp
configure:3401: found /bin/cp
configure:3413: result: /bin/cp
configure:3427: checking for grep
configure:3445: found /usr/bin/grep
configure:3457: result: /usr/bin/grep
configure:3471: checking for egrep
configure:3489: found /usr/bin/egrep
configure:3501: result: /usr/bin/egrep
configure:3515: checking for chmod
configure:3533: found /bin/chmod
configure:3545: result: /bin/chmod
configure:3559: checking for chown
configure:3577: found /bin/chown
configure:3589: result: /bin/chown
configure:3603: checking for touch
configure:3621: found /usr/bin/touch
configure:3633: result: /usr/bin/touch
configure:3647: checking for sh
configure:3665: found /bin/sh
configure:3677: result: /bin/sh
configure:3691: checking for rm
configure:3709: found /bin/rm
configure:3721: result: /bin/rm
configure:3735: checking for rmdir
configure:3753: found /bin/rmdir
configure:3765: result: /bin/rmdir
configure:3779: checking for diff
configure:3797: found /usr/bin/diff
configure:3809: result: /usr/bin/diff
configure:3823: checking for mv
configure:3841: found /bin/mv
configure:3853: result: /bin/mv
configure:3867: checking for ln
configure:3885: found /bin/ln
configure:3897: result: /bin/ln
configure:3911: checking for dirname
configure:3929: found /usr/bin/dirname
configure:3941: result: /usr/bin/dirname
configure:3955: checking for mkdir
configure:3973: found /bin/mkdir
configure:3985: result: /bin/mkdir
configure:4011: checking whether chown understands the --references option
configure:4018: result: yes
configure:4024: checking whether chmod understands the --references option
configure:4031: result: yes
configure:4042: checking whether to enable release-mode
configure:4076: result: no
configure:4081: checking whether to use dietlibc
configure:4122: result: no
configure:4140: checking for initrddir
configure:4161: result: $(sysconfdir)/init.d
configure:4193: checking whether mipsel-linux-uclibc-gcc accepts -Wall
configure:4198: result: yes
configure:4193: checking whether mipsel-linux-uclibc-gcc accepts -W
configure:4198: result: yes
configure:4193: checking whether mipsel-linux-uclibc-gcc accepts -Wno-unused-function
configure:4198: result: yes
configure:4213: checking whether mipsel-linux-uclibc-gcc accepts -std=c99
configure:4218: result: yes
configure:4213: checking whether mipsel-linux-uclibc-gcc accepts -pedantic
configure:4218: result: yes
configure:4247: checking whether mipsel-linux-uclibc-gcc is modern
configure:4277: mipsel-linux-uclibc-gcc -c -Werror -pedantic  conftest.c >&5
configure:4283: $? = 0
configure:4287: test -z 
			 || test ! -s conftest.err
configure:4290: $? = 0
configure:4293: test -s conftest.o
configure:4296: $? = 0
configure:4315: result: yes
configure:4328: checking whether to enable logging
configure:4342: result: no
configure:4382: checking how to run the C preprocessor
configure:4417: mipsel-linux-uclibc-gcc -E  conftest.c
configure:4423: $? = 0
configure:4455: mipsel-linux-uclibc-gcc -E  conftest.c
conftest.c:13:28: error: ac_nonexistent.h: No such file or directory
configure:4461: $? = 1
configure: failed program was:
| /* confdefs.h.  */
| 
| #define PACKAGE_NAME "dhcp-forwarder"
| #define PACKAGE_TARNAME "dhcp-forwarder"
| #define PACKAGE_VERSION "0.7"
| #define PACKAGE_STRING "dhcp-forwarder 0.7"
| #define PACKAGE_BUGREPORT "enrico.scholz@informatik.tu-chemnitz.de"
| #define PACKAGE "dhcp-forwarder"
| #define VERSION "0.7"
| #define _GNU_SOURCE 1
| #define HAVE_MODERN_COMPILER 1
| /* end confdefs.h.  */
| #include <ac_nonexistent.h>
configure:4500: result: mipsel-linux-uclibc-gcc -E
configure:4524: mipsel-linux-uclibc-gcc -E  conftest.c
configure:4530: $? = 0
configure:4562: mipsel-linux-uclibc-gcc -E  conftest.c
conftest.c:13:28: error: ac_nonexistent.h: No such file or directory
configure:4568: $? = 1
configure: failed program was:
| /* confdefs.h.  */
| 
| #define PACKAGE_NAME "dhcp-forwarder"
| #define PACKAGE_TARNAME "dhcp-forwarder"
| #define PACKAGE_VERSION "0.7"
| #define PACKAGE_STRING "dhcp-forwarder 0.7"
| #define PACKAGE_BUGREPORT "enrico.scholz@informatik.tu-chemnitz.de"
| #define PACKAGE "dhcp-forwarder"
| #define VERSION "0.7"
| #define _GNU_SOURCE 1
| #define HAVE_MODERN_COMPILER 1
| /* end confdefs.h.  */
| #include <ac_nonexistent.h>
configure:4612: checking for egrep
configure:4622: result: grep -E
configure:4627: checking for ANSI C header files
configure:4652: mipsel-linux-uclibc-gcc -c -Os -mips32 -mtune=mips32 -funit-at-a-time -pipe -DHAVE_MALLOC=1 -Drpl_malloc=malloc -Wall -W -Wno-unused-function -std=c99 -pedantic  conftest.c >&5
configure:4658: $? = 0
configure:4662: test -z 
			 || test ! -s conftest.err
configure:4665: $? = 0
configure:4668: test -s conftest.o
configure:4671: $? = 0
configure:4783: result: yes
configure:4807: checking for sys/types.h
configure:4823: mipsel-linux-uclibc-gcc -c -Os -mips32 -mtune=mips32 -funit-at-a-time -pipe -DHAVE_MALLOC=1 -Drpl_malloc=malloc -Wall -W -Wno-unused-function -std=c99 -pedantic  conftest.c >&5
configure:4829: $? = 0
configure:4833: test -z 
			 || test ! -s conftest.err
configure:4836: $? = 0
configure:4839: test -s conftest.o
configure:4842: $? = 0
configure:4853: result: yes
configure:4807: checking for sys/stat.h
configure:4823: mipsel-linux-uclibc-gcc -c -Os -mips32 -mtune=mips32 -funit-at-a-time -pipe -DHAVE_MALLOC=1 -Drpl_malloc=malloc -Wall -W -Wno-unused-function -std=c99 -pedantic  conftest.c >&5
configure:4829: $? = 0
configure:4833: test -z 
			 || test ! -s conftest.err
configure:4836: $? = 0
configure:4839: test -s conftest.o
configure:4842: $? = 0
configure:4853: result: yes
configure:4807: checking for stdlib.h
configure:4823: mipsel-linux-uclibc-gcc -c -Os -mips32 -mtune=mips32 -funit-at-a-time -pipe -DHAVE_MALLOC=1 -Drpl_malloc=malloc -Wall -W -Wno-unused-function -std=c99 -pedantic  conftest.c >&5
configure:4829: $? = 0
configure:4833: test -z 
			 || test ! -s conftest.err
configure:4836: $? = 0
configure:4839: test -s conftest.o
configure:4842: $? = 0
configure:4853: result: yes
configure:4807: checking for string.h
configure:4823: mipsel-linux-uclibc-gcc -c -Os -mips32 -mtune=mips32 -funit-at-a-time -pipe -DHAVE_MALLOC=1 -Drpl_malloc=malloc -Wall -W -Wno-unused-function -std=c99 -pedantic  conftest.c >&5
configure:4829: $? = 0
configure:4833: test -z 
			 || test ! -s conftest.err
configure:4836: $? = 0
configure:4839: test -s conftest.o
configure:4842: $? = 0
configure:4853: result: yes
configure:4807: checking for memory.h
configure:4823: mipsel-linux-uclibc-gcc -c -Os -mips32 -mtune=mips32 -funit-at-a-time -pipe -DHAVE_MALLOC=1 -Drpl_malloc=malloc -Wall -W -Wno-unused-function -std=c99 -pedantic  conftest.c >&5
configure:4829: $? = 0
configure:4833: test -z 
			 || test ! -s conftest.err
configure:4836: $? = 0
configure:4839: test -s conftest.o
configure:4842: $? = 0
configure:4853: result: yes
configure:4807: checking for strings.h
configure:4823: mipsel-linux-uclibc-gcc -c -Os -mips32 -mtune=mips32 -funit-at-a-time -pipe -DHAVE_MALLOC=1 -Drpl_malloc=malloc -Wall -W -Wno-unused-function -std=c99 -pedantic  conftest.c >&5
configure:4829: $? = 0
configure:4833: test -z 
			 || test ! -s conftest.err
configure:4836: $? = 0
configure:4839: test -s conftest.o
configure:4842: $? = 0
configure:4853: result: yes
configure:4807: checking for inttypes.h
configure:4823: mipsel-linux-uclibc-gcc -c -Os -mips32 -mtune=mips32 -funit-at-a-time -pipe -DHAVE_MALLOC=1 -Drpl_malloc=malloc -Wall -W -Wno-unused-function -std=c99 -pedantic  conftest.c >&5
configure:4829: $? = 0
configure:4833: test -z 
			 || test ! -s conftest.err
configure:4836: $? = 0
configure:4839: test -s conftest.o
configure:4842: $? = 0
configure:4853: result: yes
configure:4807: checking for stdint.h
configure:4823: mipsel-linux-uclibc-gcc -c -Os -mips32 -mtune=mips32 -funit-at-a-time -pipe -DHAVE_MALLOC=1 -Drpl_malloc=malloc -Wall -W -Wno-unused-function -std=c99 -pedantic  conftest.c >&5
configure:4829: $? = 0
configure:4833: test -z 
			 || test ! -s conftest.err
configure:4836: $? = 0
configure:4839: test -s conftest.o
configure:4842: $? = 0
configure:4853: result: yes
configure:4807: checking for unistd.h
configure:4823: mipsel-linux-uclibc-gcc -c -Os -mips32 -mtune=mips32 -funit-at-a-time -pipe -DHAVE_MALLOC=1 -Drpl_malloc=malloc -Wall -W -Wno-unused-function -std=c99 -pedantic  conftest.c >&5
configure:4829: $? = 0
configure:4833: test -z 
			 || test ! -s conftest.err
configure:4836: $? = 0
configure:4839: test -s conftest.o
configure:4842: $? = 0
configure:4853: result: yes
configure:4884: checking arpa/inet.h usability
configure:4896: mipsel-linux-uclibc-gcc -c -Os -mips32 -mtune=mips32 -funit-at-a-time -pipe -DHAVE_MALLOC=1 -Drpl_malloc=malloc -Wall -W -Wno-unused-function -std=c99 -pedantic  conftest.c >&5
configure:4902: $? = 0
configure:4906: test -z 
			 || test ! -s conftest.err
configure:4909: $? = 0
configure:4912: test -s conftest.o
configure:4915: $? = 0
configure:4925: result: yes
configure:4929: checking arpa/inet.h presence
configure:4939: mipsel-linux-uclibc-gcc -E  conftest.c
configure:4945: $? = 0
configure:4965: result: yes
configure:5000: checking for arpa/inet.h
configure:5007: result: yes
configure:4884: checking fcntl.h usability
configure:4896: mipsel-linux-uclibc-gcc -c -Os -mips32 -mtune=mips32 -funit-at-a-time -pipe -DHAVE_MALLOC=1 -Drpl_malloc=malloc -Wall -W -Wno-unused-function -std=c99 -pedantic  conftest.c >&5
configure:4902: $? = 0
configure:4906: test -z 
			 || test ! -s conftest.err
configure:4909: $? = 0
configure:4912: test -s conftest.o
configure:4915: $? = 0
configure:4925: result: yes
configure:4929: checking fcntl.h presence
configure:4939: mipsel-linux-uclibc-gcc -E  conftest.c
configure:4945: $? = 0
configure:4965: result: yes
configure:5000: checking for fcntl.h
configure:5007: result: yes
configure:4875: checking for inttypes.h
configure:4880: result: yes
configure:4884: checking limits.h usability
configure:4896: mipsel-linux-uclibc-gcc -c -Os -mips32 -mtune=mips32 -funit-at-a-time -pipe -DHAVE_MALLOC=1 -Drpl_malloc=malloc -Wall -W -Wno-unused-function -std=c99 -pedantic  conftest.c >&5
configure:4902: $? = 0
configure:4906: test -z 
			 || test ! -s conftest.err
configure:4909: $? = 0
configure:4912: test -s conftest.o
configure:4915: $? = 0
configure:4925: result: yes
configure:4929: checking limits.h presence
configure:4939: mipsel-linux-uclibc-gcc -E  conftest.c
configure:4945: $? = 0
configure:4965: result: yes
configure:5000: checking for limits.h
configure:5007: result: yes
configure:4884: checking netinet/in.h usability
configure:4896: mipsel-linux-uclibc-gcc -c -Os -mips32 -mtune=mips32 -funit-at-a-time -pipe -DHAVE_MALLOC=1 -Drpl_malloc=malloc -Wall -W -Wno-unused-function -std=c99 -pedantic  conftest.c >&5
configure:4902: $? = 0
configure:4906: test -z 
			 || test ! -s conftest.err
configure:4909: $? = 0
configure:4912: test -s conftest.o
configure:4915: $? = 0
configure:4925: result: yes
configure:4929: checking netinet/in.h presence
configure:4939: mipsel-linux-uclibc-gcc -E  conftest.c
configure:4945: $? = 0
configure:4965: result: yes
configure:5000: checking for netinet/in.h
configure:5007: result: yes
configure:4875: checking for stdint.h
configure:4880: result: yes
configure:5030: checking for stdlib.h
configure:5035: result: yes
configure:5030: checking for string.h
configure:5035: result: yes
configure:5039: checking sys/ioctl.h usability
configure:5051: mipsel-linux-uclibc-gcc -c -Os -mips32 -mtune=mips32 -funit-at-a-time -pipe -DHAVE_MALLOC=1 -Drpl_malloc=malloc -Wall -W -Wno-unused-function -std=c99 -pedantic  conftest.c >&5
configure:5057: $? = 0
configure:5061: test -z 
			 || test ! -s conftest.err
configure:5064: $? = 0
configure:5067: test -s conftest.o
configure:5070: $? = 0
configure:5080: result: yes
configure:5084: checking sys/ioctl.h presence
configure:5094: mipsel-linux-uclibc-gcc -E  conftest.c
configure:5100: $? = 0
configure:5120: result: yes
configure:5155: checking for sys/ioctl.h
configure:5162: result: yes
configure:5039: checking sys/param.h usability
configure:5051: mipsel-linux-uclibc-gcc -c -Os -mips32 -mtune=mips32 -funit-at-a-time -pipe -DHAVE_MALLOC=1 -Drpl_malloc=malloc -Wall -W -Wno-unused-function -std=c99 -pedantic  conftest.c >&5
configure:5057: $? = 0
configure:5061: test -z 
			 || test ! -s conftest.err
configure:5064: $? = 0
configure:5067: test -s conftest.o
configure:5070: $? = 0
configure:5080: result: yes
configure:5084: checking sys/param.h presence
configure:5094: mipsel-linux-uclibc-gcc -E  conftest.c
configure:5100: $? = 0
configure:5120: result: yes
configure:5155: checking for sys/param.h
configure:5162: result: yes
configure:5039: checking sys/socket.h usability
configure:5051: mipsel-linux-uclibc-gcc -c -Os -mips32 -mtune=mips32 -funit-at-a-time -pipe -DHAVE_MALLOC=1 -Drpl_malloc=malloc -Wall -W -Wno-unused-function -std=c99 -pedantic  conftest.c >&5
configure:5057: $? = 0
configure:5061: test -z 
			 || test ! -s conftest.err
configure:5064: $? = 0
configure:5067: test -s conftest.o
configure:5070: $? = 0
configure:5080: result: yes
configure:5084: checking sys/socket.h presence
configure:5094: mipsel-linux-uclibc-gcc -E  conftest.c
configure:5100: $? = 0
configure:5120: result: yes
configure:5155: checking for sys/socket.h
configure:5162: result: yes
configure:5039: checking sys/time.h usability
configure:5051: mipsel-linux-uclibc-gcc -c -Os -mips32 -mtune=mips32 -funit-at-a-time -pipe -DHAVE_MALLOC=1 -Drpl_malloc=malloc -Wall -W -Wno-unused-function -std=c99 -pedantic  conftest.c >&5
configure:5057: $? = 0
configure:5061: test -z 
			 || test ! -s conftest.err
configure:5064: $? = 0
configure:5067: test -s conftest.o
configure:5070: $? = 0
configure:5080: result: yes
configure:5084: checking sys/time.h presence
configure:5094: mipsel-linux-uclibc-gcc -E  conftest.c
configure:5100: $? = 0
configure:5120: result: yes
configure:5155: checking for sys/time.h
configure:5162: result: yes
configure:5181: checking for unistd.h
configure:5186: result: yes
configure:5190: checking stdbool.h usability
configure:5202: mipsel-linux-uclibc-gcc -c -Os -mips32 -mtune=mips32 -funit-at-a-time -pipe -DHAVE_MALLOC=1 -Drpl_malloc=malloc -Wall -W -Wno-unused-function -std=c99 -pedantic  conftest.c >&5
configure:5208: $? = 0
configure:5212: test -z 
			 || test ! -s conftest.err
configure:5215: $? = 0
configure:5218: test -s conftest.o
configure:5221: $? = 0
configure:5231: result: yes
configure:5235: checking stdbool.h presence
configure:5245: mipsel-linux-uclibc-gcc -E  conftest.c
configure:5251: $? = 0
configure:5271: result: yes
configure:5306: checking for stdbool.h
configure:5313: result: yes
configure:5339: checking compat/if_packet.h usability
configure:5351: mipsel-linux-uclibc-gcc -c -Os -mips32 -mtune=mips32 -funit-at-a-time -pipe -DHAVE_MALLOC=1 -Drpl_malloc=malloc -Wall -W -Wno-unused-function -std=c99 -pedantic -I . conftest.c >&5
configure:5357: $? = 0
configure:5361: test -z 
			 || test ! -s conftest.err
configure:5364: $? = 0
configure:5367: test -s conftest.o
configure:5370: $? = 0
configure:5380: result: yes
configure:5384: checking compat/if_packet.h presence
configure:5394: mipsel-linux-uclibc-gcc -E -I . conftest.c
configure:5400: $? = 0
configure:5420: result: yes
configure:5455: checking for compat/if_packet.h
configure:5462: result: yes
configure:5572: checking whether type in_addr_t is known
configure:5601: mipsel-linux-uclibc-gcc -c -Os -mips32 -mtune=mips32 -funit-at-a-time -pipe -DHAVE_MALLOC=1 -Drpl_malloc=malloc -Wall -W -Wno-unused-function -std=c99 -pedantic  conftest.c >&5
configure:5607: $? = 0
configure:5611: test -z 
			 || test ! -s conftest.err
configure:5614: $? = 0
configure:5617: test -s conftest.o
configure:5620: $? = 0
configure:5638: result: yes
configure:5738: checking for an ANSI C-conforming const
configure:5805: mipsel-linux-uclibc-gcc -c -Os -mips32 -mtune=mips32 -funit-at-a-time -pipe -DHAVE_MALLOC=1 -Drpl_malloc=malloc -Wall -W -Wno-unused-function -std=c99 -pedantic -Werror -Wno-unused -Wno-uninitialized  conftest.c >&5
configure:5811: $? = 0
configure:5815: test -z 
			 || test ! -s conftest.err
configure:5818: $? = 0
configure:5821: test -s conftest.o
configure:5824: $? = 0
configure:5835: result: yes
configure:5845: checking for inline
configure:5866: mipsel-linux-uclibc-gcc -c -Os -mips32 -mtune=mips32 -funit-at-a-time -pipe -DHAVE_MALLOC=1 -Drpl_malloc=malloc -Wall -W -Wno-unused-function -std=c99 -pedantic -Werror -Wno-unused -Wno-uninitialized  conftest.c >&5
configure:5872: $? = 0
configure:5876: test -z 
			 || test ! -s conftest.err
configure:5879: $? = 0
configure:5882: test -s conftest.o
configure:5885: $? = 0
configure:5897: result: inline
configure:5918: checking for size_t
configure:5942: mipsel-linux-uclibc-gcc -c -Os -mips32 -mtune=mips32 -funit-at-a-time -pipe -DHAVE_MALLOC=1 -Drpl_malloc=malloc -Wall -W -Wno-unused-function -std=c99 -pedantic  conftest.c >&5
configure:5948: $? = 0
configure:5952: test -z 
			 || test ! -s conftest.err
configure:5955: $? = 0
configure:5958: test -s conftest.o
configure:5961: $? = 0
configure:5972: result: yes
configure:5984: checking whether time.h and sys/time.h may both be included
configure:6009: mipsel-linux-uclibc-gcc -c -Os -mips32 -mtune=mips32 -funit-at-a-time -pipe -DHAVE_MALLOC=1 -Drpl_malloc=malloc -Wall -W -Wno-unused-function -std=c99 -pedantic  conftest.c >&5
configure:6015: $? = 0
configure:6019: test -z 
			 || test ! -s conftest.err
configure:6022: $? = 0
configure:6025: test -s conftest.o
configure:6028: $? = 0
configure:6039: result: yes
configure:6049: checking for uid_t in sys/types.h
configure:6072: result: yes
configure:6087: checking for pid_t
configure:6111: mipsel-linux-uclibc-gcc -c -Os -mips32 -mtune=mips32 -funit-at-a-time -pipe -DHAVE_MALLOC=1 -Drpl_malloc=malloc -Wall -W -Wno-unused-function -std=c99 -pedantic  conftest.c >&5
configure:6117: $? = 0
configure:6121: test -z 
			 || test ! -s conftest.err
configure:6124: $? = 0
configure:6127: test -s conftest.o
configure:6130: $? = 0
configure:6141: result: yes
configure:6153: checking whether struct tm is in sys/time.h or time.h
configure:6176: mipsel-linux-uclibc-gcc -c -Os -mips32 -mtune=mips32 -funit-at-a-time -pipe -DHAVE_MALLOC=1 -Drpl_malloc=malloc -Wall -W -Wno-unused-function -std=c99 -pedantic  conftest.c >&5
conftest.c: In function 'main':
conftest.c:45: warning: statement with no effect
configure:6182: $? = 0
configure:6186: test -z 
			 || test ! -s conftest.err
configure:6189: $? = 0
configure:6192: test -s conftest.o
configure:6195: $? = 0
configure:6206: result: time.h
configure:6221: checking for working alloca.h
configure:6242: mipsel-linux-uclibc-gcc -o conftest -Os -mips32 -mtune=mips32 -funit-at-a-time -pipe -DHAVE_MALLOC=1 -Drpl_malloc=malloc -Wall -W -Wno-unused-function -std=c99 -pedantic  -s conftest.c  >&5
conftest.c: In function 'main':
conftest.c:43: warning: unused variable 'p'
configure:6248: $? = 0
configure:6252: test -z 
			 || test ! -s conftest.err
configure:6255: $? = 0
configure:6258: test -s conftest
configure:6261: $? = 0
configure:6273: result: yes
configure:6283: checking for alloca
configure:6324: mipsel-linux-uclibc-gcc -o conftest -Os -mips32 -mtune=mips32 -funit-at-a-time -pipe -DHAVE_MALLOC=1 -Drpl_malloc=malloc -Wall -W -Wno-unused-function -std=c99 -pedantic  -s conftest.c  >&5
conftest.c: In function 'main':
conftest.c:64: warning: unused variable 'p'
configure:6330: $? = 0
configure:6334: test -z 
			 || test ! -s conftest.err
configure:6337: $? = 0
configure:6340: test -s conftest
configure:6343: $? = 0
configure:6355: result: yes
configure:6584: checking for unistd.h
configure:6589: result: yes
configure:6593: checking vfork.h usability
configure:6605: mipsel-linux-uclibc-gcc -c -Os -mips32 -mtune=mips32 -funit-at-a-time -pipe -DHAVE_MALLOC=1 -Drpl_malloc=malloc -Wall -W -Wno-unused-function -std=c99 -pedantic  conftest.c >&5
conftest.c:76:19: error: vfork.h: No such file or directory
configure:6611: $? = 1
configure: failed program was:
| /* confdefs.h.  */
| 
| #define PACKAGE_NAME "dhcp-forwarder"
| #define PACKAGE_TARNAME "dhcp-forwarder"
| #define PACKAGE_VERSION "0.7"
| #define PACKAGE_STRING "dhcp-forwarder 0.7"
| #define PACKAGE_BUGREPORT "enrico.scholz@informatik.tu-chemnitz.de"
| #define PACKAGE "dhcp-forwarder"
| #define VERSION "0.7"
| #define _GNU_SOURCE 1
| #define HAVE_MODERN_COMPILER 1
| #define STDC_HEADERS 1
| #define HAVE_SYS_TYPES_H 1
| #define HAVE_SYS_STAT_H 1
| #define HAVE_STDLIB_H 1
| #define HAVE_STRING_H 1
| #define HAVE_MEMORY_H 1
| #define HAVE_STRINGS_H 1
| #define HAVE_INTTYPES_H 1
| #define HAVE_STDINT_H 1
| #define HAVE_UNISTD_H 1
| #define HAVE_ARPA_INET_H 1
| #define HAVE_FCNTL_H 1
| #define HAVE_INTTYPES_H 1
| #define HAVE_LIMITS_H 1
| #define HAVE_NETINET_IN_H 1
| #define HAVE_STDINT_H 1
| #define HAVE_STDLIB_H 1
| #define HAVE_STRING_H 1
| #define HAVE_SYS_IOCTL_H 1
| #define HAVE_SYS_PARAM_H 1
| #define HAVE_SYS_SOCKET_H 1
| #define HAVE_SYS_TIME_H 1
| #define HAVE_UNISTD_H 1
| #define HAVE_STDBOOL_H 1
| #define HAVE_IN_ADDR_T 1
| #define TIME_WITH_SYS_TIME 1
| #define HAVE_ALLOCA_H 1
| #define HAVE_ALLOCA 1
| #define HAVE_UNISTD_H 1
| /* end confdefs.h.  */
| #include <stdio.h>
| #if HAVE_SYS_TYPES_H
| # include <sys/types.h>
| #endif
| #if HAVE_SYS_STAT_H
| # include <sys/stat.h>
| #endif
| #if STDC_HEADERS
| # include <stdlib.h>
| # include <stddef.h>
| #else
| # if HAVE_STDLIB_H
| #  include <stdlib.h>
| # endif
| #endif
| #if HAVE_STRING_H
| # if !STDC_HEADERS && HAVE_MEMORY_H
| #  include <memory.h>
| # endif
| # include <string.h>
| #endif
| #if HAVE_STRINGS_H
| # include <strings.h>
| #endif
| #if HAVE_INTTYPES_H
| # include <inttypes.h>
| #else
| # if HAVE_STDINT_H
| #  include <stdint.h>
| # endif
| #endif
| #if HAVE_UNISTD_H
| # include <unistd.h>
| #endif
| #include <vfork.h>
configure:6634: result: no
configure:6638: checking vfork.h presence
configure:6648: mipsel-linux-uclibc-gcc -E  conftest.c
conftest.c:42:19: error: vfork.h: No such file or directory
configure:6654: $? = 1
configure: failed program was:
| /* confdefs.h.  */
| 
| #define PACKAGE_NAME "dhcp-forwarder"
| #define PACKAGE_TARNAME "dhcp-forwarder"
| #define PACKAGE_VERSION "0.7"
| #define PACKAGE_STRING "dhcp-forwarder 0.7"
| #define PACKAGE_BUGREPORT "enrico.scholz@informatik.tu-chemnitz.de"
| #define PACKAGE "dhcp-forwarder"
| #define VERSION "0.7"
| #define _GNU_SOURCE 1
| #define HAVE_MODERN_COMPILER 1
| #define STDC_HEADERS 1
| #define HAVE_SYS_TYPES_H 1
| #define HAVE_SYS_STAT_H 1
| #define HAVE_STDLIB_H 1
| #define HAVE_STRING_H 1
| #define HAVE_MEMORY_H 1
| #define HAVE_STRINGS_H 1
| #define HAVE_INTTYPES_H 1
| #define HAVE_STDINT_H 1
| #define HAVE_UNISTD_H 1
| #define HAVE_ARPA_INET_H 1
| #define HAVE_FCNTL_H 1
| #define HAVE_INTTYPES_H 1
| #define HAVE_LIMITS_H 1
| #define HAVE_NETINET_IN_H 1
| #define HAVE_STDINT_H 1
| #define HAVE_STDLIB_H 1
| #define HAVE_STRING_H 1
| #define HAVE_SYS_IOCTL_H 1
| #define HAVE_SYS_PARAM_H 1
| #define HAVE_SYS_SOCKET_H 1
| #define HAVE_SYS_TIME_H 1
| #define HAVE_UNISTD_H 1
| #define HAVE_STDBOOL_H 1
| #define HAVE_IN_ADDR_T 1
| #define TIME_WITH_SYS_TIME 1
| #define HAVE_ALLOCA_H 1
| #define HAVE_ALLOCA 1
| #define HAVE_UNISTD_H 1
| /* end confdefs.h.  */
| #include <vfork.h>
configure:6674: result: no
configure:6709: checking for vfork.h
configure:6716: result: no
configure:6734: checking for fork
configure:6791: mipsel-linux-uclibc-gcc -o conftest -Os -mips32 -mtune=mips32 -funit-at-a-time -pipe -DHAVE_MALLOC=1 -Drpl_malloc=malloc -Wall -W -Wno-unused-function -std=c99 -pedantic  -s conftest.c  >&5
configure:6797: $? = 0
configure:6801: test -z 
			 || test ! -s conftest.err
configure:6804: $? = 0
configure:6807: test -s conftest
configure:6810: $? = 0
configure:6822: result: yes
configure:6734: checking for vfork
configure:6791: mipsel-linux-uclibc-gcc -o conftest -Os -mips32 -mtune=mips32 -funit-at-a-time -pipe -DHAVE_MALLOC=1 -Drpl_malloc=malloc -Wall -W -Wno-unused-function -std=c99 -pedantic  -s conftest.c  >&5
configure:6797: $? = 0
configure:6801: test -z 
			 || test ! -s conftest.err
configure:6804: $? = 0
configure:6807: test -s conftest
configure:6810: $? = 0
configure:6822: result: yes
configure:6833: checking for working fork
configure:6878: result: cross
configure:6894: WARNING: result yes guessed because of cross compilation
configure:6899: checking for working vfork
configure:7032: result: yes
configure:7068: checking for stdlib.h
configure:7073: result: yes
configure:7213: checking for GNU libc compatible malloc
configure:7264: result: no
configure:7298: checking for strftime
configure:7355: mipsel-linux-uclibc-gcc -o conftest -Os -mips32 -mtune=mips32 -funit-at-a-time -pipe -DHAVE_MALLOC=1 -Drpl_malloc=malloc -Wall -W -Wno-unused-function -std=c99 -pedantic  -s conftest.c  >&5
conftest.c:46:1: warning: "HAVE_MALLOC" redefined
<command line>:1:1: warning: this is the location of the previous definition
conftest.c:73: warning: conflicting types for built-in function 'strftime'
configure:7361: $? = 0
configure:7365: test -z 
			 || test ! -s conftest.err
configure:7368: $? = 0
configure:7371: test -s conftest
configure:7374: $? = 0
configure:7386: result: yes
configure:7471: checking whether mipsel-linux-uclibc-gcc needs -traditional
configure:7513: result: no
configure:8052: creating ./config.status

## ---------------------- ##
## Running config.status. ##
## ---------------------- ##

This file was extended by dhcp-forwarder config.status 0.7, which was
generated by GNU Autoconf 2.59.  Invocation command line was

  CONFIG_FILES    = 
  CONFIG_HEADERS  = 
  CONFIG_LINKS    = 
  CONFIG_COMMANDS = 
  $ ./config.status 

on linux

config.status:735: creating Makefile
config.status:735: creating m4/Makefile
config.status:735: creating test/Makefile
config.status:735: creating dhcp-forwarder.spec
config.status:839: creating config.h
config.status:1021: config.h is unchanged
config.status:1201: executing depfiles commands

## ---------------- ##
## Cache variables. ##
## ---------------- ##

ac_cv_c_compiler_gnu=yes
ac_cv_c_const=yes
ac_cv_c_inline=inline
ac_cv_env_CC_set=set
ac_cv_env_CC_value=mipsel-linux-uclibc-gcc
ac_cv_env_CFLAGS_set=set
ac_cv_env_CFLAGS_value='-Os -mips32 -mtune=mips32 -funit-at-a-time -pipe -DHAVE_MALLOC=1 -Drpl_malloc=malloc'
ac_cv_env_CPPFLAGS_set=
ac_cv_env_CPPFLAGS_value=
ac_cv_env_CPP_set=
ac_cv_env_CPP_value=
ac_cv_env_LDFLAGS_set=set
ac_cv_env_LDFLAGS_value=-s
ac_cv_env_build_alias_set=
ac_cv_env_build_alias_value=
ac_cv_env_host_alias_set=set
ac_cv_env_host_alias_value=mipsel-linux-elf
ac_cv_env_target_alias_set=
ac_cv_env_target_alias_value=
ac_cv_exeext=
ac_cv_func_alloca_works=yes
ac_cv_func_fork=yes
ac_cv_func_fork_works=yes
ac_cv_func_malloc_0_nonnull=no
ac_cv_func_strftime=yes
ac_cv_func_vfork=yes
ac_cv_func_vfork_works=yes
ac_cv_header_arpa_inet_h=yes
ac_cv_header_compat_if_packet_h=yes
ac_cv_header_fcntl_h=yes
ac_cv_header_inttypes_h=yes
ac_cv_header_limits_h=yes
ac_cv_header_memory_h=yes
ac_cv_header_netinet_in_h=yes
ac_cv_header_stdbool_h=yes
ac_cv_header_stdc=yes
ac_cv_header_stdint_h=yes
ac_cv_header_stdlib_h=yes
ac_cv_header_string_h=yes
ac_cv_header_strings_h=yes
ac_cv_header_sys_ioctl_h=yes
ac_cv_header_sys_param_h=yes
ac_cv_header_sys_socket_h=yes
ac_cv_header_sys_stat_h=yes
ac_cv_header_sys_time_h=yes
ac_cv_header_sys_types_h=yes
ac_cv_header_time=yes
ac_cv_header_unistd_h=yes
ac_cv_header_vfork_h=no
ac_cv_objext=o
ac_cv_path_CAT=/bin/cat
ac_cv_path_CHMOD=/bin/chmod
ac_cv_path_CHOWN=/bin/chown
ac_cv_path_CP=/bin/cp
ac_cv_path_DIFF=/usr/bin/diff
ac_cv_path_DIRNAME=/usr/bin/dirname
ac_cv_path_EGREP=/usr/bin/egrep
ac_cv_path_GREP=/usr/bin/grep
ac_cv_path_LN=/bin/ln
ac_cv_path_MKDIR=/bin/mkdir
ac_cv_path_MV=/bin/mv
ac_cv_path_RM=/bin/rm
ac_cv_path_RMDIR=/bin/rmdir
ac_cv_path_SED=/opt/4.1.1/bin//sed
ac_cv_path_SH=/bin/sh
ac_cv_path_TOUCH=/usr/bin/touch
ac_cv_path_install='/usr/bin/install -c'
ac_cv_prog_AWK=gawk
ac_cv_prog_CC=mipsel-linux-uclibc-gcc
ac_cv_prog_CPP='mipsel-linux-uclibc-gcc -E'
ac_cv_prog_RCS2LOG=rcs2log
ac_cv_prog_STRIP=@true
ac_cv_prog_cc_g=yes
ac_cv_prog_cc_mipsel_linux_uclibc_gcc_c_o=yes
ac_cv_prog_cc_stdc=
ac_cv_prog_egrep='grep -E'
ac_cv_prog_gcc_traditional=no
ac_cv_prog_make_make_set=yes
ac_cv_struct_tm=time.h
ac_cv_type_pid_t=yes
ac_cv_type_size_t=yes
ac_cv_type_uid_t=yes
ac_cv_working_alloca_h=yes
am_cv_CC_dependencies_compiler_type=gcc3
ensc_cv_sys_modern_cc=yes
ensc_cv_type_in_addr_t=yes

## ----------------- ##
## Output variables. ##
## ----------------- ##

ACLOCAL='${SHELL} /home/dd-wrt/DEV/src/router/dhcpforwarder/missing --run aclocal-1.9'
ALLOCA=''
AMDEPBACKSLASH='\'
AMDEP_FALSE='#'
AMDEP_TRUE=''
AMTAR='${SHELL} /home/dd-wrt/DEV/src/router/dhcpforwarder/missing --run tar'
AUTOCONF='${SHELL} /home/dd-wrt/DEV/src/router/dhcpforwarder/missing --run autoconf'
AUTOHEADER='${SHELL} /home/dd-wrt/DEV/src/router/dhcpforwarder/missing --run autoheader'
AUTOMAKE='${SHELL} /home/dd-wrt/DEV/src/router/dhcpforwarder/missing --run automake-1.9'
AWK='gawk'
CAT='/bin/cat'
CC='mipsel-linux-uclibc-gcc'
CCDEPMODE='depmode=gcc3'
CFLAGS='-Os -mips32 -mtune=mips32 -funit-at-a-time -pipe -DHAVE_MALLOC=1 -Drpl_malloc=malloc -Wall -W -Wno-unused-function -std=c99 -pedantic'
CHMOD='/bin/chmod'
CHMOD_REFERENCE='${CHMOD} --reference'
CHOWN='/bin/chown'
CHOWN_REFERENCE='${CHOWN} --reference'
CP='/bin/cp'
CPP='mipsel-linux-uclibc-gcc -E'
CPPFLAGS=''
CP_P='${CP} -p'
CVS2CL=''
CVS2CL_TAG='-F trunk'
CYGPATH_W='echo'
DEFS='-DHAVE_CONFIG_H'
DEPDIR='.deps'
DIET=''
DIETFLAGS='-Os'
DIFF='/usr/bin/diff'
DIRNAME='/usr/bin/dirname'
ECHO_C=''
ECHO_N='-n'
ECHO_T=''
EGREP='grep -E'
ENSC_ENABLE_DIET_FALSE=''
ENSC_ENABLE_DIET_TRUE='#'
ENSC_NEED_ETHER_FALSE='#'
ENSC_NEED_ETHER_TRUE=''
EXEEXT=''
GREP='/usr/bin/grep'
HAVE_CVS2CL_FALSE=''
HAVE_CVS2CL_TRUE='#'
HAVE_RCS2LOG_FALSE='#'
HAVE_RCS2LOG_TRUE=''
INSTALL_DATA='${INSTALL} -m 644'
INSTALL_PROGRAM='${INSTALL}'
INSTALL_SCRIPT='${INSTALL}'
INSTALL_STRIP_PROGRAM='${SHELL} $(install_sh) -c -s'
IS_RELEASE='no'
LDFLAGS='-s'
LIBOBJS=' malloc$U.o'
LIBS=''
LN='/bin/ln'
LN_S='${LN} -s'
LTLIBOBJS=' malloc$U.lo'
MAINT='#'
MAINTAINER_MODE_FALSE=''
MAINTAINER_MODE_TRUE='#'
MAKEINFO='${SHELL} /home/dd-wrt/DEV/src/router/dhcpforwarder/missing --run makeinfo'
MKDIR='/bin/mkdir'
MKDIR_P='${MKDIR} -p'
MV='/bin/mv'
OBJEXT='o'
PACKAGE='dhcp-forwarder'
PACKAGE_BUGREPORT='enrico.scholz@informatik.tu-chemnitz.de'
PACKAGE_NAME='dhcp-forwarder'
PACKAGE_STRING='dhcp-forwarder 0.7'
PACKAGE_TARNAME='dhcp-forwarder'
PACKAGE_VERSION='0.7'
PATH_SEPARATOR=':'
RCS2LOG='rcs2log'
RM='/bin/rm'
RMDIR='/bin/rmdir'
RM_F='${RM} -f'
SED='/opt/4.1.1/bin//sed'
SET_MAKE=''
SH='/bin/sh'
SHELL='/bin/sh'
SPLINT=''
STRIP='@true'
TOUCH='/usr/bin/touch'
VERSION='0.7'
WITH_LOGGING_FALSE=''
WITH_LOGGING_TRUE='#'
ac_ct_CC=''
ac_ct_STRIP=''
am__fastdepCC_FALSE='#'
am__fastdepCC_TRUE=''
am__include='include'
am__leading_dot='.'
am__quote=''
am__tar='${AMTAR} chof - "$$tardir"'
am__untar='${AMTAR} xf -'
bindir='${exec_prefix}/bin'
build_alias=''
datadir='${prefix}/share'
exec_prefix='${prefix}'
host_alias='mipsel-linux-elf'
includedir='${prefix}/include'
infodir='${prefix}/info'
initrddir='$(sysconfdir)/init.d'
install_sh='/home/dd-wrt/DEV/src/router/dhcpforwarder/install-sh'
libdir='${exec_prefix}/lib'
libexecdir='${exec_prefix}/libexec'
localstatedir='${prefix}/var'
mandir='${prefix}/man'
mkdir_p='mkdir -p --'
oldincludedir='/usr/include'
prefix='/usr/local'
program_transform_name='s,x,x,'
sbindir='${exec_prefix}/sbin'
sharedstatedir='${prefix}/com'
sysconfdir='/tmp/dhcp-fwd'
target_alias=''

## ----------- ##
## confdefs.h. ##
## ----------- ##

#define HAVE_ALLOCA 1
#define HAVE_ALLOCA_H 1
#define HAVE_ARPA_INET_H 1
#define HAVE_FCNTL_H 1
#define HAVE_FORK 1
#define HAVE_INTTYPES_H 1
#define HAVE_INTTYPES_H 1
#define HAVE_IN_ADDR_T 1
#define HAVE_LIMITS_H 1
#define HAVE_MALLOC 0
#define HAVE_MEMORY_H 1
#define HAVE_MODERN_COMPILER 1
#define HAVE_NETINET_IN_H 1
#define HAVE_STDBOOL_H 1
#define HAVE_STDINT_H 1
#define HAVE_STDINT_H 1
#define HAVE_STDLIB_H 1
#define HAVE_STDLIB_H 1
#define HAVE_STDLIB_H 1
#define HAVE_STRFTIME 1
#define HAVE_STRINGS_H 1
#define HAVE_STRING_H 1
#define HAVE_STRING_H 1
#define HAVE_SYS_IOCTL_H 1
#define HAVE_SYS_PARAM_H 1
#define HAVE_SYS_SOCKET_H 1
#define HAVE_SYS_STAT_H 1
#define HAVE_SYS_TIME_H 1
#define HAVE_SYS_TYPES_H 1
#define HAVE_UNISTD_H 1
#define HAVE_UNISTD_H 1
#define HAVE_UNISTD_H 1
#define HAVE_VFORK 1
#define HAVE_WORKING_FORK 1
#define HAVE_WORKING_VFORK 1
#define PACKAGE "dhcp-forwarder"
#define PACKAGE_BUGREPORT "enrico.scholz@informatik.tu-chemnitz.de"
#define PACKAGE_NAME "dhcp-forwarder"
#define PACKAGE_STRING "dhcp-forwarder 0.7"
#define PACKAGE_TARNAME "dhcp-forwarder"
#define PACKAGE_VERSION "0.7"
#define STDC_HEADERS 1
#define TIME_WITH_SYS_TIME 1
#define VERSION "0.7"
#define _GNU_SOURCE 1
#define malloc rpl_malloc

configure: exit 0
