This file contains any messages produced by compilers while
running configure, to aid debugging if configure makes a mistake.

It was created by configure, which was
generated by GNU Autoconf 2.57.  Invocation command line was

  $ ./configure --prefix=/home/openwrt/workspace/DD-WRT/src/router/glib/../glib-1.2.10-install --cache-file=config.cache --host=mipsel-linux

## --------- ##
## Platform. ##
## --------- ##

hostname = colinux
uname -m = i686
uname -r = 2.6.10-co-0.6.2
uname -s = Linux
uname -v = #5 Sat Feb 5 10:19:16 IST 2005

/usr/bin/uname -p = unknown
/bin/uname -X     = unknown

/bin/arch              = i686
/usr/bin/arch -k       = unknown
/usr/convex/getsysinfo = unknown
hostinfo               = unknown
/bin/machine           = unknown
/usr/bin/oslevel       = unknown
/bin/universe          = unknown

PATH: /home/openwrt/workspace/toolchains/4.1.0-uclibc-0.9.28/bin/
PATH: /usr/local/sbin
PATH: /usr/local/bin
PATH: /usr/sbin
PATH: /usr/bin
PATH: /sbin
PATH: /bin
PATH: /usr/bin/X11


## ----------- ##
## Core tests. ##
## ----------- ##

configure:1417: creating cache config.cache
configure:1563: checking for a BSD-compatible install
configure:1617: result: /usr/bin/install -c
configure:1628: checking whether build environment is sane
configure:1671: result: yes
configure:1704: checking for gawk
configure:1733: result: no
configure:1704: checking for mawk
configure:1720: found /usr/bin/mawk
configure:1730: result: mawk
configure:1740: checking whether make sets $(MAKE)
configure:1760: result: yes
configure:1830: checking for mipsel-linux-strip
configure:1856: result: @true
configure:2019: checking build system type
configure:2037: result: i686-pc-linux-gnu
configure:2045: checking host system type
configure:2059: result: mipsel-unknown-linux-gnu
configure:2079: checking for style of include used by make
configure:2107: result: GNU
configure:2140: checking for mipsel-linux-gcc
configure:2166: result: mipsel-linux-uclibc-gcc
configure:2448: checking for C compiler version
configure:2451: mipsel-linux-uclibc-gcc --version </dev/null >&5
mipsel-linux-uclibc-gcc (GCC) 4.1.0
Copyright (C) 2006 Free Software Foundation, Inc.
This is free software; see the source for copying conditions.  There is NO
warranty; not even for MERCHANTABILITY or FITNESS FOR A PARTICULAR PURPOSE.

configure:2454: $? = 0
configure:2456: mipsel-linux-uclibc-gcc -v </dev/null >&5
Using built-in specs.
Target: mipsel-linux-uclibc
Configured with: /home/openwrt/trunk/openwrt/toolchain_build_mipsel/gcc-4.1.0/configure --prefix=/home/openwrt/trunk/openwrt/staging_dir_mipsel --build=i386-pc-linux-gnu --host=i386-pc-linux-gnu --target=mipsel-linux-uclibc --enable-languages=c,c++ --enable-shared --disable-__cxa_atexit --enable-target-optspace --with-gnu-ld --disable-nls
Thread model: posix
gcc version 4.1.0
configure:2459: $? = 0
configure:2461: mipsel-linux-uclibc-gcc -V </dev/null >&5
mipsel-linux-uclibc-gcc: '-V' option must have argument
configure:2464: $? = 1
configure:2488: checking for C compiler default output
configure:2491: mipsel-linux-uclibc-gcc -pipe -Os -fomit-frame-pointer -mips32 -mtune=mips32 -funit-at-a-time  -s conftest.c  >&5
configure:2494: $? = 0
configure:2540: result: a.out
configure:2545: checking whether the C compiler works
configure:2551: ./a.out
./configure: line 2552: ./a.out: cannot execute binary file
configure:2554: $? = 126
configure:2571: result: yes
configure:2578: checking whether we are cross compiling
configure:2580: result: yes
configure:2583: checking for suffix of executables
configure:2585: mipsel-linux-uclibc-gcc -o conftest -pipe -Os -fomit-frame-pointer -mips32 -mtune=mips32 -funit-at-a-time  -s conftest.c  >&5
configure:2588: $? = 0
configure:2613: result: 
configure:2619: checking for suffix of object files
configure:2641: mipsel-linux-uclibc-gcc -c -pipe -Os -fomit-frame-pointer -mips32 -mtune=mips32 -funit-at-a-time  conftest.c >&5
configure:2644: $? = 0
configure:2666: result: o
configure:2670: checking whether we are using the GNU C compiler
configure:2695: mipsel-linux-uclibc-gcc -c -pipe -Os -fomit-frame-pointer -mips32 -mtune=mips32 -funit-at-a-time  conftest.c >&5
configure:2698: $? = 0
configure:2701: test -s conftest.o
configure:2704: $? = 0
configure:2717: result: yes
configure:2723: checking whether mipsel-linux-uclibc-gcc accepts -g
configure:2745: mipsel-linux-uclibc-gcc -c -g  conftest.c >&5
configure:2748: $? = 0
configure:2751: test -s conftest.o
configure:2754: $? = 0
configure:2765: result: yes
configure:2782: checking for mipsel-linux-uclibc-gcc option to accept ANSI C
configure:2843: mipsel-linux-uclibc-gcc  -c -pipe -Os -fomit-frame-pointer -mips32 -mtune=mips32 -funit-at-a-time  conftest.c >&5
configure:2846: $? = 0
configure:2849: test -s conftest.o
configure:2852: $? = 0
configure:2870: result: none needed
configure:2888: mipsel-linux-uclibc-gcc -c -pipe -Os -fomit-frame-pointer -mips32 -mtune=mips32 -funit-at-a-time  conftest.c >&5
conftest.c:2: error: expected '=', ',', ';', 'asm' or '__attribute__' before 'me'
configure:2891: $? = 1
configure: failed program was:
| #ifndef __cplusplus
|   choke me
| #endif
configure:3002: checking dependency style of mipsel-linux-uclibc-gcc
configure:3085: result: gcc3
configure:3102: checking for a sed that does not truncate output
configure:3156: result: /home/openwrt/workspace/toolchains/4.1.0-uclibc-0.9.28/bin//sed
configure:3159: checking for egrep
configure:3169: result: grep -E
configure:3185: checking for ld used by mipsel-linux-uclibc-gcc
configure:3252: result: mipsel-linux-uclibc-ld
configure:3261: checking if the linker (mipsel-linux-uclibc-ld) is GNU ld
configure:3276: result: yes
configure:3281: checking for mipsel-linux-uclibc-ld option to reload object files
configure:3288: result: -r
configure:3297: checking for BSD-compatible nm
configure:3339: result: mipsel-linux-uclibc-nm
configure:3343: checking whether ln -s works
configure:3347: result: yes
configure:3354: checking how to recognise dependent libraries
configure:3554: result: pass_all
configure:3758: checking how to run the C preprocessor
configure:3794: mipsel-linux-uclibc-gcc -E  conftest.c
configure:3800: $? = 0
configure:3832: mipsel-linux-uclibc-gcc -E  conftest.c
configure:3836:28: error: ac_nonexistent.h: No such file or directory
configure:3838: $? = 1
configure: failed program was:
| #line 3823 "configure"
| /* confdefs.h.  */
| 
| #define PACKAGE_NAME ""
| #define PACKAGE_TARNAME ""
| #define PACKAGE_VERSION ""
| #define PACKAGE_STRING ""
| #define PACKAGE_BUGREPORT ""
| #define GLIB_MAJOR_VERSION 1
| #define GLIB_MINOR_VERSION 2
| #define GLIB_MICRO_VERSION 10
| #define GLIB_INTERFACE_AGE 10
| #define GLIB_BINARY_AGE 10
| /* end confdefs.h.  */
| #include <ac_nonexistent.h>
configure:3876: result: mipsel-linux-uclibc-gcc -E
configure:3901: mipsel-linux-uclibc-gcc -E  conftest.c
configure:3907: $? = 0
configure:3939: mipsel-linux-uclibc-gcc -E  conftest.c
configure:3943:28: error: ac_nonexistent.h: No such file or directory
configure:3945: $? = 1
configure: failed program was:
| #line 3930 "configure"
| /* confdefs.h.  */
| 
| #define PACKAGE_NAME ""
| #define PACKAGE_TARNAME ""
| #define PACKAGE_VERSION ""
| #define PACKAGE_STRING ""
| #define PACKAGE_BUGREPORT ""
| #define GLIB_MAJOR_VERSION 1
| #define GLIB_MINOR_VERSION 2
| #define GLIB_MICRO_VERSION 10
| #define GLIB_INTERFACE_AGE 10
| #define GLIB_BINARY_AGE 10
| /* end confdefs.h.  */
| #include <ac_nonexistent.h>
configure:3988: checking for ANSI C header files
configure:4014: mipsel-linux-uclibc-gcc -c -pipe -Os -fomit-frame-pointer -mips32 -mtune=mips32 -funit-at-a-time  conftest.c >&5
configure:4017: $? = 0
configure:4020: test -s conftest.o
configure:4023: $? = 0
configure:4138: result: yes
configure:4162: checking for sys/types.h
configure:4179: mipsel-linux-uclibc-gcc -c -pipe -Os -fomit-frame-pointer -mips32 -mtune=mips32 -funit-at-a-time  conftest.c >&5
configure:4182: $? = 0
configure:4185: test -s conftest.o
configure:4188: $? = 0
configure:4199: result: yes
configure:4162: checking for sys/stat.h
configure:4179: mipsel-linux-uclibc-gcc -c -pipe -Os -fomit-frame-pointer -mips32 -mtune=mips32 -funit-at-a-time  conftest.c >&5
configure:4182: $? = 0
configure:4185: test -s conftest.o
configure:4188: $? = 0
configure:4199: result: yes
configure:4162: checking for stdlib.h
configure:4179: mipsel-linux-uclibc-gcc -c -pipe -Os -fomit-frame-pointer -mips32 -mtune=mips32 -funit-at-a-time  conftest.c >&5
configure:4182: $? = 0
configure:4185: test -s conftest.o
configure:4188: $? = 0
configure:4199: result: yes
configure:4162: checking for string.h
configure:4179: mipsel-linux-uclibc-gcc -c -pipe -Os -fomit-frame-pointer -mips32 -mtune=mips32 -funit-at-a-time  conftest.c >&5
configure:4182: $? = 0
configure:4185: test -s conftest.o
configure:4188: $? = 0
configure:4199: result: yes
configure:4162: checking for memory.h
configure:4179: mipsel-linux-uclibc-gcc -c -pipe -Os -fomit-frame-pointer -mips32 -mtune=mips32 -funit-at-a-time  conftest.c >&5
configure:4182: $? = 0
configure:4185: test -s conftest.o
configure:4188: $? = 0
configure:4199: result: yes
configure:4162: checking for strings.h
configure:4179: mipsel-linux-uclibc-gcc -c -pipe -Os -fomit-frame-pointer -mips32 -mtune=mips32 -funit-at-a-time  conftest.c >&5
configure:4182: $? = 0
configure:4185: test -s conftest.o
configure:4188: $? = 0
configure:4199: result: yes
configure:4162: checking for inttypes.h
configure:4179: mipsel-linux-uclibc-gcc -c -pipe -Os -fomit-frame-pointer -mips32 -mtune=mips32 -funit-at-a-time  conftest.c >&5
configure:4182: $? = 0
configure:4185: test -s conftest.o
configure:4188: $? = 0
configure:4199: result: yes
configure:4162: checking for stdint.h
configure:4179: mipsel-linux-uclibc-gcc -c -pipe -Os -fomit-frame-pointer -mips32 -mtune=mips32 -funit-at-a-time  conftest.c >&5
configure:4182: $? = 0
configure:4185: test -s conftest.o
configure:4188: $? = 0
configure:4199: result: yes
configure:4162: checking for unistd.h
configure:4179: mipsel-linux-uclibc-gcc -c -pipe -Os -fomit-frame-pointer -mips32 -mtune=mips32 -funit-at-a-time  conftest.c >&5
configure:4182: $? = 0
configure:4185: test -s conftest.o
configure:4188: $? = 0
configure:4199: result: yes
configure:4225: checking dlfcn.h usability
configure:4238: mipsel-linux-uclibc-gcc -c -pipe -Os -fomit-frame-pointer -mips32 -mtune=mips32 -funit-at-a-time  conftest.c >&5
configure:4241: $? = 0
configure:4244: test -s conftest.o
configure:4247: $? = 0
configure:4257: result: yes
configure:4261: checking dlfcn.h presence
configure:4272: mipsel-linux-uclibc-gcc -E  conftest.c
configure:4278: $? = 0
configure:4297: result: yes
configure:4333: checking for dlfcn.h
configure:4340: result: yes
configure:4363: checking for mipsel-linux-g++
configure:4379: found /home/openwrt/workspace/toolchains/4.1.0-uclibc-0.9.28/bin//mipsel-linux-g++
configure:4389: result: mipsel-linux-g++
configure:4447: checking for C++ compiler version
configure:4450: mipsel-linux-g++ --version </dev/null >&5
mipsel-linux-g++ (GCC) 4.1.0
Copyright (C) 2006 Free Software Foundation, Inc.
This is free software; see the source for copying conditions.  There is NO
warranty; not even for MERCHANTABILITY or FITNESS FOR A PARTICULAR PURPOSE.

configure:4453: $? = 0
configure:4455: mipsel-linux-g++ -v </dev/null >&5
Using built-in specs.
Target: mipsel-linux-uclibc
Configured with: /home/openwrt/trunk/openwrt/toolchain_build_mipsel/gcc-4.1.0/configure --prefix=/home/openwrt/trunk/openwrt/staging_dir_mipsel --build=i386-pc-linux-gnu --host=i386-pc-linux-gnu --target=mipsel-linux-uclibc --enable-languages=c,c++ --enable-shared --disable-__cxa_atexit --enable-target-optspace --with-gnu-ld --disable-nls
Thread model: posix
gcc version 4.1.0
configure:4458: $? = 0
configure:4460: mipsel-linux-g++ -V </dev/null >&5
mipsel-linux-g++: '-V' option must have argument
configure:4463: $? = 1
configure:4466: checking whether we are using the GNU C++ compiler
configure:4491: mipsel-linux-g++ -c   conftest.cc >&5
configure:4494: $? = 0
configure:4497: test -s conftest.o
configure:4500: $? = 0
configure:4513: result: yes
configure:4519: checking whether mipsel-linux-g++ accepts -g
configure:4541: mipsel-linux-g++ -c -g  conftest.cc >&5
configure:4544: $? = 0
configure:4547: test -s conftest.o
configure:4550: $? = 0
configure:4561: result: yes
configure:4605: mipsel-linux-g++ -c -g -O2  conftest.cc >&5
configure:4608: $? = 0
configure:4611: test -s conftest.o
configure:4614: $? = 0
configure:4641: mipsel-linux-g++ -c -g -O2  conftest.cc >&5
configure: In function 'int main()':
configure:4652: error: 'exit' was not declared in this scope
configure:4644: $? = 1
configure: failed program was:
| #line 4624 "configure"
| /* confdefs.h.  */
| 
| #define PACKAGE_NAME ""
| #define PACKAGE_TARNAME ""
| #define PACKAGE_VERSION ""
| #define PACKAGE_STRING ""
| #define PACKAGE_BUGREPORT ""
| #define GLIB_MAJOR_VERSION 1
| #define GLIB_MINOR_VERSION 2
| #define GLIB_MICRO_VERSION 10
| #define GLIB_INTERFACE_AGE 10
| #define GLIB_BINARY_AGE 10
| #define STDC_HEADERS 1
| #define HAVE_SYS_TYPES_H 1
| #define HAVE_SYS_STAT_H 1
| #define HAVE_STDLIB_H 1
| #define HAVE_STRING_H 1
| #define HAVE_MEMORY_H 1
| #define HAVE_STRINGS_H 1
| #define HAVE_INTTYPES_H 1
| #define HAVE_STDINT_H 1
| #define HAVE_UNISTD_H 1
| #define HAVE_DLFCN_H 1
| /* end confdefs.h.  */
| 
| int
| main ()
| {
| exit (42);
|   ;
|   return 0;
| }
configure:4605: mipsel-linux-g++ -c -g -O2  conftest.cc >&5
configure:4608: $? = 0
configure:4611: test -s conftest.o
configure:4614: $? = 0
configure:4641: mipsel-linux-g++ -c -g -O2  conftest.cc >&5
configure:4644: $? = 0
configure:4647: test -s conftest.o
configure:4650: $? = 0
configure:4675: checking dependency style of mipsel-linux-g++
configure:4758: result: gcc3
configure:4780: checking how to run the C++ preprocessor
configure:4812: mipsel-linux-g++ -E  conftest.cc
configure:4818: $? = 0
configure:4850: mipsel-linux-g++ -E  conftest.cc
configure:4868:28: error: ac_nonexistent.h: No such file or directory
configure:4856: $? = 1
configure: failed program was:
| #line 4841 "configure"
| /* confdefs.h.  */
| 
| #define PACKAGE_NAME ""
| #define PACKAGE_TARNAME ""
| #define PACKAGE_VERSION ""
| #define PACKAGE_STRING ""
| #define PACKAGE_BUGREPORT ""
| #define GLIB_MAJOR_VERSION 1
| #define GLIB_MINOR_VERSION 2
| #define GLIB_MICRO_VERSION 10
| #define GLIB_INTERFACE_AGE 10
| #define GLIB_BINARY_AGE 10
| #define STDC_HEADERS 1
| #define HAVE_SYS_TYPES_H 1
| #define HAVE_SYS_STAT_H 1
| #define HAVE_STDLIB_H 1
| #define HAVE_STRING_H 1
| #define HAVE_MEMORY_H 1
| #define HAVE_STRINGS_H 1
| #define HAVE_INTTYPES_H 1
| #define HAVE_STDINT_H 1
| #define HAVE_UNISTD_H 1
| #define HAVE_DLFCN_H 1
| #ifdef __cplusplus
| #include <stdlib.h>
| #endif
| /* end confdefs.h.  */
| #include <ac_nonexistent.h>
configure:4894: result: mipsel-linux-g++ -E
configure:4919: mipsel-linux-g++ -E  conftest.cc
configure:4925: $? = 0
configure:4957: mipsel-linux-g++ -E  conftest.cc
configure:4975:28: error: ac_nonexistent.h: No such file or directory
configure:4963: $? = 1
configure: failed program was:
| #line 4948 "configure"
| /* confdefs.h.  */
| 
| #define PACKAGE_NAME ""
| #define PACKAGE_TARNAME ""
| #define PACKAGE_VERSION ""
| #define PACKAGE_STRING ""
| #define PACKAGE_BUGREPORT ""
| #define GLIB_MAJOR_VERSION 1
| #define GLIB_MINOR_VERSION 2
| #define GLIB_MICRO_VERSION 10
| #define GLIB_INTERFACE_AGE 10
| #define GLIB_BINARY_AGE 10
| #define STDC_HEADERS 1
| #define HAVE_SYS_TYPES_H 1
| #define HAVE_SYS_STAT_H 1
| #define HAVE_STDLIB_H 1
| #define HAVE_STRING_H 1
| #define HAVE_MEMORY_H 1
| #define HAVE_STRINGS_H 1
| #define HAVE_INTTYPES_H 1
| #define HAVE_STDINT_H 1
| #define HAVE_UNISTD_H 1
| #define HAVE_DLFCN_H 1
| #ifdef __cplusplus
| #include <stdlib.h>
| #endif
| /* end confdefs.h.  */
| #include <ac_nonexistent.h>
configure:5015: checking for mipsel-linux-g77
configure:5044: result: no
configure:5015: checking for mipsel-linux-f77
configure:5044: result: no
configure:5015: checking for mipsel-linux-xlf
configure:5044: result: no
configure:5015: checking for mipsel-linux-frt
configure:5044: result: no
configure:5015: checking for mipsel-linux-pgf77
configure:5044: result: no
configure:5015: checking for mipsel-linux-fl32
configure:5044: result: no
configure:5015: checking for mipsel-linux-af77
configure:5044: result: no
configure:5015: checking for mipsel-linux-fort77
configure:5044: result: no
configure:5015: checking for mipsel-linux-f90
configure:5044: result: no
configure:5015: checking for mipsel-linux-xlf90
configure:5044: result: no
configure:5015: checking for mipsel-linux-pgf90
configure:5044: result: no
configure:5015: checking for mipsel-linux-epcf90
configure:5044: result: no
configure:5015: checking for mipsel-linux-f95
configure:5044: result: no
configure:5015: checking for mipsel-linux-fort
configure:5044: result: no
configure:5015: checking for mipsel-linux-xlf95
configure:5044: result: no
configure:5015: checking for mipsel-linux-lf95
configure:5044: result: no
configure:5015: checking for mipsel-linux-g95
configure:5044: result: no
configure:5057: checking for g77
configure:5086: result: no
configure:5057: checking for f77
configure:5086: result: no
configure:5057: checking for xlf
configure:5086: result: no
configure:5057: checking for frt
configure:5086: result: no
configure:5057: checking for pgf77
configure:5086: result: no
configure:5057: checking for fl32
configure:5086: result: no
configure:5057: checking for af77
configure:5086: result: no
configure:5057: checking for fort77
configure:5086: result: no
configure:5057: checking for f90
configure:5086: result: no
configure:5057: checking for xlf90
configure:5086: result: no
configure:5057: checking for pgf90
configure:5086: result: no
configure:5057: checking for epcf90
configure:5086: result: no
configure:5057: checking for f95
configure:5086: result: no
configure:5057: checking for fort
configure:5086: result: no
configure:5057: checking for xlf95
configure:5086: result: no
configure:5057: checking for lf95
configure:5086: result: no
configure:5057: checking for g95
configure:5086: result: no
configure:5098: checking for Fortran 77 compiler version
configure:5101:  --version </dev/null >&5
./configure: line 5102: --version: command not found
configure:5104: $? = 127
configure:5106:  -v </dev/null >&5
./configure: line 5107: -v: command not found
configure:5109: $? = 127
configure:5111:  -V </dev/null >&5
./configure: line 5112: -V: command not found
configure:5114: $? = 127
configure:5121: checking whether we are using the GNU Fortran 77 compiler
configure:5135:  -c  conftest.F >&5
./configure: line 5136: -c: command not found
configure:5138: $? = 127
configure: failed program was:
|       program main
| #ifndef __GNUC__
|        choke me
| #endif
| 
|       end
configure:5157: result: no
configure:5164: checking whether  accepts -g
configure:5176:  -c -g conftest.f >&5
./configure: line 5177: -c: command not found
configure:5179: $? = 127
configure: failed program was:
|       program main
| 
|       end
configure:5197: result: no
configure:5225: checking the maximum length of command line arguments
configure:5284: result: 32768
configure:5295: checking command to parse mipsel-linux-uclibc-nm output from mipsel-linux-uclibc-gcc object
configure:5384: mipsel-linux-uclibc-gcc -c -pipe -Os -fomit-frame-pointer -mips32 -mtune=mips32 -funit-at-a-time  conftest.c >&5
configure:5387: $? = 0
configure:5391: mipsel-linux-uclibc-nm conftest.o \| sed -n -e 's/^.*[ 	]\([ABCDGIRSTW][ABCDGIRSTW]*\)[ 	][ 	]*\(\)\([_A-Za-z][_A-Za-z0-9]*\)$/\1 \2\3 \3/p' \> conftest.nm
configure:5394: $? = 0
configure:5446: mipsel-linux-uclibc-gcc -o conftest -pipe -Os -fomit-frame-pointer -mips32 -mtune=mips32 -funit-at-a-time  -s conftest.c conftstm.o >&5
configure:5449: $? = 0
configure:5487: result: ok
configure:5491: checking for objdir
configure:5506: result: .libs
configure:5558: checking for mipsel-linux-ar
configure:5584: result: mipsel-linux-uclibc-ar
configure:5638: checking for mipsel-linux-ranlib
configure:5664: result: mipsel-linux-uclibc-ranlib
configure:5718: checking for mipsel-linux-strip
configure:5744: result: @true
configure:6045: checking if mipsel-linux-uclibc-gcc static flag  works
configure:6068: result: yes
configure:6085: checking if mipsel-linux-uclibc-gcc supports -fno-rtti -fno-exceptions
configure:6103: mipsel-linux-uclibc-gcc -c -pipe -Os -fomit-frame-pointer -mips32 -mtune=mips32 -funit-at-a-time  -fno-rtti -fno-exceptions conftest.c >&5
cc1: warning: command line option "-fno-rtti" is valid for C++/ObjC++ but not for C
configure:6107: $? = 0
configure:6118: result: no
configure:6133: checking for mipsel-linux-uclibc-gcc option to produce PIC
configure:6310: result: -fPIC
configure:6317: checking if mipsel-linux-uclibc-gcc PIC flag -fPIC works
configure:6335: mipsel-linux-uclibc-gcc -c -pipe -Os -fomit-frame-pointer -mips32 -mtune=mips32 -funit-at-a-time  -fPIC -DPIC conftest.c >&5
configure:6339: $? = 0
configure:6350: result: yes
configure:6374: checking if mipsel-linux-uclibc-gcc supports -c -o file.o
configure:6402: mipsel-linux-uclibc-gcc -c -pipe -Os -fomit-frame-pointer -mips32 -mtune=mips32 -funit-at-a-time  -o out/conftest2.o conftest.c >&5
configure:6406: $? = 0
configure:6423: result: yes
configure:6449: checking whether the mipsel-linux-uclibc-gcc linker (mipsel-linux-uclibc-ld) supports shared libraries
configure:7268: result: yes
configure:7294: checking whether -lc should be explicitly linked in
configure:7299: mipsel-linux-uclibc-gcc -c -pipe -Os -fomit-frame-pointer -mips32 -mtune=mips32 -funit-at-a-time  conftest.c >&5
configure:7302: $? = 0
configure:7316: mipsel-linux-uclibc-gcc -shared conftest.o  -v -Wl,-soname -Wl,conftest -o conftest 2\>\&1 \| grep  -lc  \>/dev/null 2\>\&1
configure:7319: $? = 0
configure:7331: result: no
configure:7339: checking how to hardcode library paths into programs
configure:7364: result: immediate
configure:7378: checking whether stripping libraries is possible
configure:7399: result: no
configure:7405: checking dynamic linker characteristics
configure:7940: result: GNU/Linux ld.so
configure:8666: checking if libtool supports shared libraries
configure:8668: result: yes
configure:8671: checking whether to build shared libraries
configure:8720: result: yes
configure:8723: checking whether to build static libraries
configure:8727: result: yes
configure:8818: creating libtool
configure:9362: checking for ld used by mipsel-linux-g++
configure:9429: result: mipsel-linux-uclibc-ld
configure:9438: checking if the linker (mipsel-linux-uclibc-ld) is GNU ld
configure:9453: result: yes
configure:9504: checking whether the mipsel-linux-g++ linker (mipsel-linux-uclibc-ld) supports shared libraries
configure:10299: result: yes
configure:10317: mipsel-linux-g++ -c -g -O2  conftest.cc >&5
configure:10320: $? = 0
configure:10416: checking for mipsel-linux-g++ option to produce PIC
configure:10668: result: -fPIC
configure:10675: checking if mipsel-linux-g++ PIC flag -fPIC works
configure:10693: mipsel-linux-g++ -c -g -O2  -fPIC -DPIC conftest.cc >&5
configure:10697: $? = 0
configure:10708: result: yes
configure:10732: checking if mipsel-linux-g++ supports -c -o file.o
configure:10760: mipsel-linux-g++ -c -g -O2  -o out/conftest2.o conftest.cc >&5
configure:10764: $? = 0
configure:10781: result: yes
configure:10807: checking whether the mipsel-linux-g++ linker (mipsel-linux-uclibc-ld) supports shared libraries
configure:10832: result: yes
configure:10903: checking how to hardcode library paths into programs
configure:10928: result: immediate
configure:10942: checking whether stripping libraries is possible
configure:10963: result: no
configure:10969: checking dynamic linker characteristics
configure:11504: result: GNU/Linux ld.so
configure:18468: checking whether to enable maintainer-specific portions of Makefiles
configure:18477: result: no
configure:18538: checking whether to enable memory checking
configure:18550: result: no
configure:18554: checking whether to enable memory profiling
configure:18566: result: no
configure:18622: checking for mipsel-linux-gcc
configure:18648: result: mipsel-linux-uclibc-gcc
configure:18930: checking for C compiler version
configure:18933: mipsel-linux-uclibc-gcc --version </dev/null >&5
mipsel-linux-uclibc-gcc (GCC) 4.1.0
Copyright (C) 2006 Free Software Foundation, Inc.
This is free software; see the source for copying conditions.  There is NO
warranty; not even for MERCHANTABILITY or FITNESS FOR A PARTICULAR PURPOSE.

configure:18936: $? = 0
configure:18938: mipsel-linux-uclibc-gcc -v </dev/null >&5
Using built-in specs.
Target: mipsel-linux-uclibc
Configured with: /home/openwrt/trunk/openwrt/toolchain_build_mipsel/gcc-4.1.0/configure --prefix=/home/openwrt/trunk/openwrt/staging_dir_mipsel --build=i386-pc-linux-gnu --host=i386-pc-linux-gnu --target=mipsel-linux-uclibc --enable-languages=c,c++ --enable-shared --disable-__cxa_atexit --enable-target-optspace --with-gnu-ld --disable-nls
Thread model: posix
gcc version 4.1.0
configure:18941: $? = 0
configure:18943: mipsel-linux-uclibc-gcc -V </dev/null >&5
mipsel-linux-uclibc-gcc: '-V' option must have argument
configure:18946: $? = 1
configure:18949: checking whether we are using the GNU C compiler
configure:18996: result: yes
configure:19002: checking whether mipsel-linux-uclibc-gcc accepts -g
configure:19044: result: yes
configure:19061: checking for mipsel-linux-uclibc-gcc option to accept ANSI C
configure:19149: result: none needed
configure:19167: mipsel-linux-uclibc-gcc -c -pipe -Os -fomit-frame-pointer -mips32 -mtune=mips32 -funit-at-a-time  conftest.c >&5
conftest.c:2: error: expected '=', ',', ';', 'asm' or '__attribute__' before 'me'
configure:19170: $? = 1
configure: failed program was:
| #ifndef __cplusplus
|   choke me
| #endif
configure:19281: checking dependency style of mipsel-linux-uclibc-gcc
configure:19364: result: gcc3
configure:19384: checking for mipsel-linux-uclibc-gcc option to accept ANSI C
configure:19448: mipsel-linux-uclibc-gcc  -c -pipe -Os -fomit-frame-pointer -mips32 -mtune=mips32 -funit-at-a-time  conftest.c >&5
configure:19451: $? = 0
configure:19454: test -s conftest.o
configure:19457: $? = 0
configure:19472: result: none needed
configure:19495: checking for a BSD-compatible install
configure:19549: result: /usr/bin/install -c
configure:19580: checking for extra flags to get ANSI library prototypes
configure:19674: result: none needed
configure:19690: checking for extra flags for POSIX compliance
configure:19709: mipsel-linux-uclibc-gcc -c -pipe -Os -fomit-frame-pointer -mips32 -mtune=mips32 -funit-at-a-time -Wall  conftest.c >&5
configure: In function 'main':
configure:19724: warning: unused variable 'dir'
configure:19712: $? = 0
configure:19715: test -s conftest.o
configure:19718: $? = 0
configure:19720: result: none needed
configure:19773: checking for ANSI C header files
configure:19923: result: yes
configure:19939: checking for vprintf
configure:19989: mipsel-linux-uclibc-gcc -o conftest -pipe -Os -fomit-frame-pointer -mips32 -mtune=mips32 -funit-at-a-time -Wall  -s conftest.c  >&5
configure:19989: warning: conflicting types for built-in function 'vprintf'
configure:19992: $? = 0
configure:19995: test -s conftest
configure:19998: $? = 0
configure:20009: result: yes
configure:20016: checking for _doprnt
configure:20066: mipsel-linux-uclibc-gcc -o conftest -pipe -Os -fomit-frame-pointer -mips32 -mtune=mips32 -funit-at-a-time -Wall  -s conftest.c  >&5
/tmp/cc0KGCsf.o: In function `main':
conftest.c:(.text+0x10): undefined reference to `_doprnt'
/tmp/cc0KGCsf.o:(.data.rel+0x0): undefined reference to `_doprnt'
collect2: ld returned 1 exit status
configure:20069: $? = 1
configure: failed program was:
| #line 20021 "configure"
| /* confdefs.h.  */
| 
| #define PACKAGE_NAME ""
| #define PACKAGE_TARNAME ""
| #define PACKAGE_VERSION ""
| #define PACKAGE_STRING ""
| #define PACKAGE_BUGREPORT ""
| #define GLIB_MAJOR_VERSION 1
| #define GLIB_MINOR_VERSION 2
| #define GLIB_MICRO_VERSION 10
| #define GLIB_INTERFACE_AGE 10
| #define GLIB_BINARY_AGE 10
| #define STDC_HEADERS 1
| #define HAVE_SYS_TYPES_H 1
| #define HAVE_SYS_STAT_H 1
| #define HAVE_STDLIB_H 1
| #define HAVE_STRING_H 1
| #define HAVE_MEMORY_H 1
| #define HAVE_STRINGS_H 1
| #define HAVE_INTTYPES_H 1
| #define HAVE_STDINT_H 1
| #define HAVE_UNISTD_H 1
| #define HAVE_DLFCN_H 1
| #ifdef __cplusplus
| #include <stdlib.h>
| #endif
| #define G_COMPILED_WITH_DEBUGGING "minimum"
| #define STDC_HEADERS 1
| #define HAVE_VPRINTF 1
| /* end confdefs.h.  */
| /* System header to define __stub macros and hopefully few prototypes,
|     which can conflict with char _doprnt (); below.
|     Prefer <limits.h> to <assert.h> if __STDC__ is defined, since
|     <limits.h> exists even on freestanding compilers.  */
| #ifdef __STDC__
| # include <limits.h>
| #else
| # include <assert.h>
| #endif
| /* Override any gcc2 internal prototype to avoid an error.  */
| #ifdef __cplusplus
| extern "C"
| {
| #endif
| /* We use char because int might match the return type of a gcc2
|    builtin and then its argument prototype would still apply.  */
| char _doprnt ();
| /* The GNU C library defines this for functions which it implements
|     to always fail with ENOSYS.  Some functions are actually named
|     something starting with __ and the normal name is an alias.  */
| #if defined (__stub__doprnt) || defined (__stub____doprnt)
| choke me
| #else
| char (*f) () = _doprnt;
| #endif
| #ifdef __cplusplus
| }
| #endif
| 
| int
| main ()
| {
| return f != _doprnt;
|   ;
|   return 0;
| }
configure:20086: result: no
configure:20106: checking for atexit
configure:20156: mipsel-linux-uclibc-gcc -o conftest -pipe -Os -fomit-frame-pointer -mips32 -mtune=mips32 -funit-at-a-time -Wall  -s conftest.c  >&5
configure:20159: $? = 0
configure:20162: test -s conftest
configure:20165: $? = 0
configure:20176: result: yes
configure:20106: checking for on_exit
configure:20156: mipsel-linux-uclibc-gcc -o conftest -pipe -Os -fomit-frame-pointer -mips32 -mtune=mips32 -funit-at-a-time -Wall  -s conftest.c  >&5
configure:20159: $? = 0
configure:20162: test -s conftest
configure:20165: $? = 0
configure:20176: result: yes
configure:20187: checking for char
configure:20212: mipsel-linux-uclibc-gcc -c -pipe -Os -fomit-frame-pointer -mips32 -mtune=mips32 -funit-at-a-time -Wall  conftest.c >&5
configure:20215: $? = 0
configure:20218: test -s conftest.o
configure:20221: $? = 0
configure:20232: result: yes
configure:20235: checking size of char
configure:20541: result: 1
configure:20548: checking for short
configure:20573: mipsel-linux-uclibc-gcc -c -pipe -Os -fomit-frame-pointer -mips32 -mtune=mips32 -funit-at-a-time -Wall  conftest.c >&5
configure:20576: $? = 0
configure:20579: test -s conftest.o
configure:20582: $? = 0
configure:20593: result: yes
configure:20596: checking size of short
configure:20902: result: 2
configure:20909: checking for long
configure:20934: mipsel-linux-uclibc-gcc -c -pipe -Os -fomit-frame-pointer -mips32 -mtune=mips32 -funit-at-a-time -Wall  conftest.c >&5
configure:20937: $? = 0
configure:20940: test -s conftest.o
configure:20943: $? = 0
configure:20954: result: yes
configure:20957: checking size of long
configure:21263: result: 4
configure:21270: checking for int
configure:21295: mipsel-linux-uclibc-gcc -c -pipe -Os -fomit-frame-pointer -mips32 -mtune=mips32 -funit-at-a-time -Wall  conftest.c >&5
configure:21298: $? = 0
configure:21301: test -s conftest.o
configure:21304: $? = 0
configure:21315: result: yes
configure:21318: checking size of int
configure:21624: result: 4
configure:21631: checking for void *
configure:21656: mipsel-linux-uclibc-gcc -c -pipe -Os -fomit-frame-pointer -mips32 -mtune=mips32 -funit-at-a-time -Wall  conftest.c >&5
configure:21659: $? = 0
configure:21662: test -s conftest.o
configure:21665: $? = 0
configure:21676: result: yes
configure:21679: checking size of void *
configure:21985: result: 4
configure:21992: checking for long long
configure:22017: mipsel-linux-uclibc-gcc -c -pipe -Os -fomit-frame-pointer -mips32 -mtune=mips32 -funit-at-a-time -Wall  conftest.c >&5
configure:22020: $? = 0
configure:22023: test -s conftest.o
configure:22026: $? = 0
configure:22037: result: yes
configure:22040: checking size of long long
configure:22346: result: 8
configure:22354: checking for an ANSI C-conforming const
configure:22422: mipsel-linux-uclibc-gcc -c -pipe -Os -fomit-frame-pointer -mips32 -mtune=mips32 -funit-at-a-time -Wall  conftest.c >&5
configure: In function 'main':
configure:22424: warning: unused variable 's'
configure:22444: warning: unused variable 'foo'
configure:22411: warning: unused variable 'zero'
configure:22405: warning: unused variable 'x'
configure:22426: warning: 't' is used uninitialized in this function
configure:22441: warning: 'b' is used uninitialized in this function
configure:22425: $? = 0
configure:22428: test -s conftest.o
configure:22431: $? = 0
configure:22442: result: yes
configure:22453: checking for __inline
configure:22505: result: yes
configure:22513: checking for __inline__
configure:22565: result: yes
configure:22573: checking for inline
configure:22625: result: yes
configure:22634: checking whether byte ordering is bigendian
configure:22662: mipsel-linux-uclibc-gcc -c -pipe -Os -fomit-frame-pointer -mips32 -mtune=mips32 -funit-at-a-time -Wall  conftest.c >&5
configure:22665: $? = 0
configure:22668: test -s conftest.o
configure:22671: $? = 0
configure:22696: mipsel-linux-uclibc-gcc -c -pipe -Os -fomit-frame-pointer -mips32 -mtune=mips32 -funit-at-a-time -Wall  conftest.c >&5
configure: In function 'main':
configure:22722: error: 'not' undeclared (first use in this function)
configure:22722: error: (Each undeclared identifier is reported only once
configure:22722: error: for each function it appears in.)
configure:22722: error: expected ';' before 'big'
configure:22699: $? = 1
configure: failed program was:
| #line 22674 "configure"
| /* confdefs.h.  */
| 
| #define PACKAGE_NAME ""
| #define PACKAGE_TARNAME ""
| #define PACKAGE_VERSION ""
| #define PACKAGE_STRING ""
| #define PACKAGE_BUGREPORT ""
| #define GLIB_MAJOR_VERSION 1
| #define GLIB_MINOR_VERSION 2
| #define GLIB_MICRO_VERSION 10
| #define GLIB_INTERFACE_AGE 10
| #define GLIB_BINARY_AGE 10
| #define STDC_HEADERS 1
| #define HAVE_SYS_TYPES_H 1
| #define HAVE_SYS_STAT_H 1
| #define HAVE_STDLIB_H 1
| #define HAVE_STRING_H 1
| #define HAVE_MEMORY_H 1
| #define HAVE_STRINGS_H 1
| #define HAVE_INTTYPES_H 1
| #define HAVE_STDINT_H 1
| #define HAVE_UNISTD_H 1
| #define HAVE_DLFCN_H 1
| #ifdef __cplusplus
| #include <stdlib.h>
| #endif
| #define G_COMPILED_WITH_DEBUGGING "minimum"
| #define STDC_HEADERS 1
| #define HAVE_VPRINTF 1
| #define HAVE_ATEXIT 1
| #define HAVE_ON_EXIT 1
| #define SIZEOF_CHAR 1
| #define SIZEOF_SHORT 2
| #define SIZEOF_LONG 4
| #define SIZEOF_INT 4
| #define SIZEOF_VOID_P 4
| #define SIZEOF_LONG_LONG 8
| #define G_HAVE___INLINE 1
| #define G_HAVE___INLINE__ 1
| #define G_HAVE_INLINE 1
| /* end confdefs.h.  */
| #include <sys/types.h>
| #include <sys/param.h>
| 
| int
| main ()
| {
| #if BYTE_ORDER != BIG_ENDIAN
|  not big endian
| #endif
| 
|   ;
|   return 0;
| }
configure:22819: result: no
configure:22853: checking float.h usability
configure:22866: mipsel-linux-uclibc-gcc -c -pipe -Os -fomit-frame-pointer -mips32 -mtune=mips32 -funit-at-a-time -Wall  conftest.c >&5
configure:22869: $? = 0
configure:22872: test -s conftest.o
configure:22875: $? = 0
configure:22885: result: yes
configure:22889: checking float.h presence
configure:22900: mipsel-linux-uclibc-gcc -E  conftest.c
configure:22906: $? = 0
configure:22925: result: yes
configure:22961: checking for float.h
configure:22968: result: yes
configure:22998: checking limits.h usability
configure:23011: mipsel-linux-uclibc-gcc -c -pipe -Os -fomit-frame-pointer -mips32 -mtune=mips32 -funit-at-a-time -Wall  conftest.c >&5
configure:23014: $? = 0
configure:23017: test -s conftest.o
configure:23020: $? = 0
configure:23030: result: yes
configure:23034: checking limits.h presence
configure:23045: mipsel-linux-uclibc-gcc -E  conftest.c
configure:23051: $? = 0
configure:23070: result: yes
configure:23106: checking for limits.h
configure:23113: result: yes
configure:23143: checking pwd.h usability
configure:23156: mipsel-linux-uclibc-gcc -c -pipe -Os -fomit-frame-pointer -mips32 -mtune=mips32 -funit-at-a-time -Wall  conftest.c >&5
configure:23159: $? = 0
configure:23162: test -s conftest.o
configure:23165: $? = 0
configure:23175: result: yes
configure:23179: checking pwd.h presence
configure:23190: mipsel-linux-uclibc-gcc -E  conftest.c
configure:23196: $? = 0
configure:23215: result: yes
configure:23251: checking for pwd.h
configure:23258: result: yes
configure:23288: checking sys/param.h usability
configure:23301: mipsel-linux-uclibc-gcc -c -pipe -Os -fomit-frame-pointer -mips32 -mtune=mips32 -funit-at-a-time -Wall  conftest.c >&5
configure:23304: $? = 0
configure:23307: test -s conftest.o
configure:23310: $? = 0
configure:23320: result: yes
configure:23324: checking sys/param.h presence
configure:23335: mipsel-linux-uclibc-gcc -E  conftest.c
configure:23341: $? = 0
configure:23360: result: yes
configure:23396: checking for sys/param.h
configure:23403: result: yes
configure:23433: checking sys/poll.h usability
configure:23446: mipsel-linux-uclibc-gcc -c -pipe -Os -fomit-frame-pointer -mips32 -mtune=mips32 -funit-at-a-time -Wall  conftest.c >&5
configure:23449: $? = 0
configure:23452: test -s conftest.o
configure:23455: $? = 0
configure:23465: result: yes
configure:23469: checking sys/poll.h presence
configure:23480: mipsel-linux-uclibc-gcc -E  conftest.c
configure:23486: $? = 0
configure:23505: result: yes
configure:23541: checking for sys/poll.h
configure:23548: result: yes
configure:23578: checking sys/select.h usability
configure:23591: mipsel-linux-uclibc-gcc -c -pipe -Os -fomit-frame-pointer -mips32 -mtune=mips32 -funit-at-a-time -Wall  conftest.c >&5
configure:23594: $? = 0
configure:23597: test -s conftest.o
configure:23600: $? = 0
configure:23610: result: yes
configure:23614: checking sys/select.h presence
configure:23625: mipsel-linux-uclibc-gcc -E  conftest.c
configure:23631: $? = 0
configure:23650: result: yes
configure:23686: checking for sys/select.h
configure:23693: result: yes
configure:23723: checking sys/time.h usability
configure:23736: mipsel-linux-uclibc-gcc -c -pipe -Os -fomit-frame-pointer -mips32 -mtune=mips32 -funit-at-a-time -Wall  conftest.c >&5
configure:23739: $? = 0
configure:23742: test -s conftest.o
configure:23745: $? = 0
configure:23755: result: yes
configure:23759: checking sys/time.h presence
configure:23770: mipsel-linux-uclibc-gcc -E  conftest.c
configure:23776: $? = 0
configure:23795: result: yes
configure:23831: checking for sys/time.h
configure:23838: result: yes
configure:23868: checking sys/times.h usability
configure:23881: mipsel-linux-uclibc-gcc -c -pipe -Os -fomit-frame-pointer -mips32 -mtune=mips32 -funit-at-a-time -Wall  conftest.c >&5
configure:23884: $? = 0
configure:23887: test -s conftest.o
configure:23890: $? = 0
configure:23900: result: yes
configure:23904: checking sys/times.h presence
configure:23915: mipsel-linux-uclibc-gcc -E  conftest.c
configure:23921: $? = 0
configure:23940: result: yes
configure:23976: checking for sys/times.h
configure:23983: result: yes
configure:24004: checking for unistd.h
configure:24009: result: yes
configure:24158: checking values.h usability
configure:24171: mipsel-linux-uclibc-gcc -c -pipe -Os -fomit-frame-pointer -mips32 -mtune=mips32 -funit-at-a-time -Wall  conftest.c >&5
configure:24174: $? = 0
configure:24177: test -s conftest.o
configure:24180: $? = 0
configure:24190: result: yes
configure:24194: checking values.h presence
configure:24205: mipsel-linux-uclibc-gcc -E  conftest.c
configure:24211: $? = 0
configure:24230: result: yes
configure:24266: checking for values.h
configure:24273: result: yes
configure:24302: checking for lstat
configure:24352: mipsel-linux-uclibc-gcc -o conftest -pipe -Os -fomit-frame-pointer -mips32 -mtune=mips32 -funit-at-a-time -Wall  -s conftest.c  >&5
configure:24355: $? = 0
configure:24358: test -s conftest
configure:24361: $? = 0
configure:24372: result: yes
configure:24302: checking for strerror
configure:24352: mipsel-linux-uclibc-gcc -o conftest -pipe -Os -fomit-frame-pointer -mips32 -mtune=mips32 -funit-at-a-time -Wall  -s conftest.c  >&5
configure:24355: $? = 0
configure:24358: test -s conftest
configure:24361: $? = 0
configure:24372: result: yes
configure:24302: checking for strsignal
configure:24352: mipsel-linux-uclibc-gcc -o conftest -pipe -Os -fomit-frame-pointer -mips32 -mtune=mips32 -funit-at-a-time -Wall  -s conftest.c  >&5
configure:24355: $? = 0
configure:24358: test -s conftest
configure:24361: $? = 0
configure:24372: result: yes
configure:24302: checking for memmove
configure:24352: mipsel-linux-uclibc-gcc -o conftest -pipe -Os -fomit-frame-pointer -mips32 -mtune=mips32 -funit-at-a-time -Wall  -s conftest.c  >&5
configure:24387: warning: conflicting types for built-in function 'memmove'
configure:24355: $? = 0
configure:24358: test -s conftest
configure:24361: $? = 0
configure:24372: result: yes
configure:24302: checking for vsnprintf
configure:24352: mipsel-linux-uclibc-gcc -o conftest -pipe -Os -fomit-frame-pointer -mips32 -mtune=mips32 -funit-at-a-time -Wall  -s conftest.c  >&5
configure:24388: warning: conflicting types for built-in function 'vsnprintf'
configure:24355: $? = 0
configure:24358: test -s conftest
configure:24361: $? = 0
configure:24372: result: yes
configure:24302: checking for strcasecmp
configure:24352: mipsel-linux-uclibc-gcc -o conftest -pipe -Os -fomit-frame-pointer -mips32 -mtune=mips32 -funit-at-a-time -Wall  -s conftest.c  >&5
configure:24389: warning: conflicting types for built-in function 'strcasecmp'
configure:24355: $? = 0
configure:24358: test -s conftest
configure:24361: $? = 0
configure:24372: result: yes
configure:24302: checking for strncasecmp
configure:24352: mipsel-linux-uclibc-gcc -o conftest -pipe -Os -fomit-frame-pointer -mips32 -mtune=mips32 -funit-at-a-time -Wall  -s conftest.c  >&5
configure:24390: warning: conflicting types for built-in function 'strncasecmp'
configure:24355: $? = 0
configure:24358: test -s conftest
configure:24361: $? = 0
configure:24372: result: yes
configure:24302: checking for poll
configure:24352: mipsel-linux-uclibc-gcc -o conftest -pipe -Os -fomit-frame-pointer -mips32 -mtune=mips32 -funit-at-a-time -Wall  -s conftest.c  >&5
configure:24355: $? = 0
configure:24358: test -s conftest
configure:24361: $? = 0
configure:24372: result: yes
configure:24384: checking for sys_errlist
configure:24407: mipsel-linux-uclibc-gcc -o conftest -pipe -Os -fomit-frame-pointer -mips32 -mtune=mips32 -funit-at-a-time -Wall  -s conftest.c  >&5
/tmp/cc0vvJFr.o: In function `main':
conftest.c:(.text+0xc): undefined reference to `sys_nerr'
conftest.c:(.text+0x10): undefined reference to `sys_errlist'
collect2: ld returned 1 exit status
configure:24410: $? = 1
configure: failed program was:
| #line 24386 "configure"
| /* confdefs.h.  */
| 
| #define PACKAGE_NAME ""
| #define PACKAGE_TARNAME ""
| #define PACKAGE_VERSION ""
| #define PACKAGE_STRING ""
| #define PACKAGE_BUGREPORT ""
| #define GLIB_MAJOR_VERSION 1
| #define GLIB_MINOR_VERSION 2
| #define GLIB_MICRO_VERSION 10
| #define GLIB_INTERFACE_AGE 10
| #define GLIB_BINARY_AGE 10
| #define STDC_HEADERS 1
| #define HAVE_SYS_TYPES_H 1
| #define HAVE_SYS_STAT_H 1
| #define HAVE_STDLIB_H 1
| #define HAVE_STRING_H 1
| #define HAVE_MEMORY_H 1
| #define HAVE_STRINGS_H 1
| #define HAVE_INTTYPES_H 1
| #define HAVE_STDINT_H 1
| #define HAVE_UNISTD_H 1
| #define HAVE_DLFCN_H 1
| #ifdef __cplusplus
| #include <stdlib.h>
| #endif
| #define G_COMPILED_WITH_DEBUGGING "minimum"
| #define STDC_HEADERS 1
| #define HAVE_VPRINTF 1
| #define HAVE_ATEXIT 1
| #define HAVE_ON_EXIT 1
| #define SIZEOF_CHAR 1
| #define SIZEOF_SHORT 2
| #define SIZEOF_LONG 4
| #define SIZEOF_INT 4
| #define SIZEOF_VOID_P 4
| #define SIZEOF_LONG_LONG 8
| #define G_HAVE___INLINE 1
| #define G_HAVE___INLINE__ 1
| #define G_HAVE_INLINE 1
| #define HAVE_FLOAT_H 1
| #define HAVE_FLOAT_H 1
| #define HAVE_LIMITS_H 1
| #define HAVE_LIMITS_H 1
| #define HAVE_PWD_H 1
| #define HAVE_PWD_H 1
| #define HAVE_SYS_PARAM_H 1
| #define HAVE_SYS_PARAM_H 1
| #define HAVE_SYS_POLL_H 1
| #define HAVE_SYS_POLL_H 1
| #define HAVE_SYS_SELECT_H 1
| #define HAVE_SYS_SELECT_H 1
| #define HAVE_SYS_TIME_H 1
| #define HAVE_SYS_TIME_H 1
| #define HAVE_SYS_TIMES_H 1
| #define HAVE_SYS_TIMES_H 1
| #define HAVE_UNISTD_H 1
| #define HAVE_UNISTD_H 1
| #define HAVE_VALUES_H 1
| #define HAVE_VALUES_H 1
| #define HAVE_LSTAT 1
| #define HAVE_STRERROR 1
| #define HAVE_STRSIGNAL 1
| #define HAVE_MEMMOVE 1
| #define HAVE_VSNPRINTF 1
| #define HAVE_STRCASECMP 1
| #define HAVE_STRNCASECMP 1
| #define HAVE_POLL 1
| /* end confdefs.h.  */
| 
| int
| main ()
| {
| 
| extern char *sys_errlist[];
| extern int sys_nerr;
| sys_errlist[sys_nerr-1][0] = 0;
| 
|   ;
|   return 0;
| }
configure:24426: result: no
configure:24436: checking for sys_siglist
configure:24458: mipsel-linux-uclibc-gcc -o conftest -pipe -Os -fomit-frame-pointer -mips32 -mtune=mips32 -funit-at-a-time -Wall  -s conftest.c  >&5
configure: In function 'main':
configure:24514: warning: implicit declaration of function 'exit'
configure:24514: warning: incompatible implicit declaration of built-in function 'exit'
configure:24514: warning: passing argument 1 of 'exit' makes integer from pointer without a cast
/tmp/ccbtPrrC.o: In function `main':
conftest.c:(.text+0x18): undefined reference to `sys_siglist'
collect2: ld returned 1 exit status
configure:24461: $? = 1
configure: failed program was:
| #line 24438 "configure"
| /* confdefs.h.  */
| 
| #define PACKAGE_NAME ""
| #define PACKAGE_TARNAME ""
| #define PACKAGE_VERSION ""
| #define PACKAGE_STRING ""
| #define PACKAGE_BUGREPORT ""
| #define GLIB_MAJOR_VERSION 1
| #define GLIB_MINOR_VERSION 2
| #define GLIB_MICRO_VERSION 10
| #define GLIB_INTERFACE_AGE 10
| #define GLIB_BINARY_AGE 10
| #define STDC_HEADERS 1
| #define HAVE_SYS_TYPES_H 1
| #define HAVE_SYS_STAT_H 1
| #define HAVE_STDLIB_H 1
| #define HAVE_STRING_H 1
| #define HAVE_MEMORY_H 1
| #define HAVE_STRINGS_H 1
| #define HAVE_INTTYPES_H 1
| #define HAVE_STDINT_H 1
| #define HAVE_UNISTD_H 1
| #define HAVE_DLFCN_H 1
| #ifdef __cplusplus
| #include <stdlib.h>
| #endif
| #define G_COMPILED_WITH_DEBUGGING "minimum"
| #define STDC_HEADERS 1
| #define HAVE_VPRINTF 1
| #define HAVE_ATEXIT 1
| #define HAVE_ON_EXIT 1
| #define SIZEOF_CHAR 1
| #define SIZEOF_SHORT 2
| #define SIZEOF_LONG 4
| #define SIZEOF_INT 4
| #define SIZEOF_VOID_P 4
| #define SIZEOF_LONG_LONG 8
| #define G_HAVE___INLINE 1
| #define G_HAVE___INLINE__ 1
| #define G_HAVE_INLINE 1
| #define HAVE_FLOAT_H 1
| #define HAVE_FLOAT_H 1
| #define HAVE_LIMITS_H 1
| #define HAVE_LIMITS_H 1
| #define HAVE_PWD_H 1
| #define HAVE_PWD_H 1
| #define HAVE_SYS_PARAM_H 1
| #define HAVE_SYS_PARAM_H 1
| #define HAVE_SYS_POLL_H 1
| #define HAVE_SYS_POLL_H 1
| #define HAVE_SYS_SELECT_H 1
| #define HAVE_SYS_SELECT_H 1
| #define HAVE_SYS_TIME_H 1
| #define HAVE_SYS_TIME_H 1
| #define HAVE_SYS_TIMES_H 1
| #define HAVE_SYS_TIMES_H 1
| #define HAVE_UNISTD_H 1
| #define HAVE_UNISTD_H 1
| #define HAVE_VALUES_H 1
| #define HAVE_VALUES_H 1
| #define HAVE_LSTAT 1
| #define HAVE_STRERROR 1
| #define HAVE_STRSIGNAL 1
| #define HAVE_MEMMOVE 1
| #define HAVE_VSNPRINTF 1
| #define HAVE_STRCASECMP 1
| #define HAVE_STRNCASECMP 1
| #define HAVE_POLL 1
| #define NO_SYS_ERRLIST 1
| /* end confdefs.h.  */
| 
| int
| main ()
| {
| 
| extern char *sys_siglist[];
| exit (sys_siglist[0]);
| 
|   ;
|   return 0;
| }
configure:24477: result: no
configure:24487: checking for sys_siglist declaration
configure:24508: mipsel-linux-uclibc-gcc -c -pipe -Os -fomit-frame-pointer -mips32 -mtune=mips32 -funit-at-a-time -Wall  conftest.c >&5
configure: In function 'main':
configure:24565: warning: implicit declaration of function 'strlen'
configure:24565: warning: incompatible implicit declaration of built-in function 'strlen'
configure:24565: error: 'sys_siglist' undeclared (first use in this function)
configure:24565: error: (Each undeclared identifier is reported only once
configure:24565: error: for each function it appears in.)
configure:24565: warning: statement with no effect
configure:24511: $? = 1
configure: failed program was:
| #line 24489 "configure"
| /* confdefs.h.  */
| 
| #define PACKAGE_NAME ""
| #define PACKAGE_TARNAME ""
| #define PACKAGE_VERSION ""
| #define PACKAGE_STRING ""
| #define PACKAGE_BUGREPORT ""
| #define GLIB_MAJOR_VERSION 1
| #define GLIB_MINOR_VERSION 2
| #define GLIB_MICRO_VERSION 10
| #define GLIB_INTERFACE_AGE 10
| #define GLIB_BINARY_AGE 10
| #define STDC_HEADERS 1
| #define HAVE_SYS_TYPES_H 1
| #define HAVE_SYS_STAT_H 1
| #define HAVE_STDLIB_H 1
| #define HAVE_STRING_H 1
| #define HAVE_MEMORY_H 1
| #define HAVE_STRINGS_H 1
| #define HAVE_INTTYPES_H 1
| #define HAVE_STDINT_H 1
| #define HAVE_UNISTD_H 1
| #define HAVE_DLFCN_H 1
| #ifdef __cplusplus
| #include <stdlib.h>
| #endif
| #define G_COMPILED_WITH_DEBUGGING "minimum"
| #define STDC_HEADERS 1
| #define HAVE_VPRINTF 1
| #define HAVE_ATEXIT 1
| #define HAVE_ON_EXIT 1
| #define SIZEOF_CHAR 1
| #define SIZEOF_SHORT 2
| #define SIZEOF_LONG 4
| #define SIZEOF_INT 4
| #define SIZEOF_VOID_P 4
| #define SIZEOF_LONG_LONG 8
| #define G_HAVE___INLINE 1
| #define G_HAVE___INLINE__ 1
| #define G_HAVE_INLINE 1
| #define HAVE_FLOAT_H 1
| #define HAVE_FLOAT_H 1
| #define HAVE_LIMITS_H 1
| #define HAVE_LIMITS_H 1
| #define HAVE_PWD_H 1
| #define HAVE_PWD_H 1
| #define HAVE_SYS_PARAM_H 1
| #define HAVE_SYS_PARAM_H 1
| #define HAVE_SYS_POLL_H 1
| #define HAVE_SYS_POLL_H 1
| #define HAVE_SYS_SELECT_H 1
| #define HAVE_SYS_SELECT_H 1
| #define HAVE_SYS_TIME_H 1
| #define HAVE_SYS_TIME_H 1
| #define HAVE_SYS_TIMES_H 1
| #define HAVE_SYS_TIMES_H 1
| #define HAVE_UNISTD_H 1
| #define HAVE_UNISTD_H 1
| #define HAVE_VALUES_H 1
| #define HAVE_VALUES_H 1
| #define HAVE_LSTAT 1
| #define HAVE_STRERROR 1
| #define HAVE_STRSIGNAL 1
| #define HAVE_MEMMOVE 1
| #define HAVE_VSNPRINTF 1
| #define HAVE_STRCASECMP 1
| #define HAVE_STRNCASECMP 1
| #define HAVE_POLL 1
| #define NO_SYS_ERRLIST 1
| #define NO_SYS_SIGLIST 1
| /* end confdefs.h.  */
| #include <signal.h>
| int
| main ()
| {
| 
| strlen (sys_siglist[0]);
| 
|   ;
|   return 0;
| }
configure:24527: result: no
configure:24537: checking for fd_set
configure:24556: mipsel-linux-uclibc-gcc -c -pipe -Os -fomit-frame-pointer -mips32 -mtune=mips32 -funit-at-a-time -Wall  conftest.c >&5
configure: In function 'main':
configure:24615: warning: unused variable 'writeMask'
configure:24615: warning: unused variable 'readMask'
configure:24559: $? = 0
configure:24562: test -s conftest.o
configure:24565: $? = 0
configure:24576: result: yes, found in sys/types.h
configure:24619: checking for wchar.h
configure:24630: mipsel-linux-uclibc-gcc -E  conftest.c
configure:24636: $? = 0
configure:24661: result: yes
configure:24666: checking for wctype.h
configure:24677: mipsel-linux-uclibc-gcc -E  conftest.c
configure:24683: $? = 0
configure:24708: result: yes
configure:24713: checking for iswalnum
configure:24763: mipsel-linux-uclibc-gcc -o conftest -pipe -Os -fomit-frame-pointer -mips32 -mtune=mips32 -funit-at-a-time -Wall  -s conftest.c  >&5
configure:24808: warning: conflicting types for built-in function 'iswalnum'
configure:24766: $? = 0
configure:24769: test -s conftest
configure:24772: $? = 0
configure:24783: result: yes
configure:24856: checking if iswalnum() and friends are properly defined
configure:24888: mipsel-linux-uclibc-gcc -o conftest -pipe -Os -fomit-frame-pointer -mips32 -mtune=mips32 -funit-at-a-time -Wall  -s conftest.c  >&5
configure: In function 'main':
configure:24948: warning: statement with no effect
configure:24891: $? = 0
configure:24894: test -s conftest
configure:24897: $? = 0
configure:24915: result: yes
configure:24918: checking whether realloc (NULL,) will work
configure:24977: result: yes
configure:24981: checking for an implementation of va_copy()
configure:25043: result: no
configure:25045: checking for an implementation of __va_copy()
configure:25107: result: yes
configure:25109: checking whether va_lists can be copied by value
configure:25189: result: yes
configure:25199: checking for dlopen
configure:25249: mipsel-linux-uclibc-gcc -o conftest -pipe -Os -fomit-frame-pointer -mips32 -mtune=mips32 -funit-at-a-time -Wall  -s conftest.c  >&5
/tmp/ccmjDOrD.o: In function `main':
conftest.c:(.text+0x10): undefined reference to `dlopen'
/tmp/ccmjDOrD.o:(.data.rel+0x0): undefined reference to `dlopen'
collect2: ld returned 1 exit status
configure:25252: $? = 1
configure: failed program was:
| #line 25204 "configure"
| /* confdefs.h.  */
| 
| #define PACKAGE_NAME ""
| #define PACKAGE_TARNAME ""
| #define PACKAGE_VERSION ""
| #define PACKAGE_STRING ""
| #define PACKAGE_BUGREPORT ""
| #define GLIB_MAJOR_VERSION 1
| #define GLIB_MINOR_VERSION 2
| #define GLIB_MICRO_VERSION 10
| #define GLIB_INTERFACE_AGE 10
| #define GLIB_BINARY_AGE 10
| #define STDC_HEADERS 1
| #define HAVE_SYS_TYPES_H 1
| #define HAVE_SYS_STAT_H 1
| #define HAVE_STDLIB_H 1
| #define HAVE_STRING_H 1
| #define HAVE_MEMORY_H 1
| #define HAVE_STRINGS_H 1
| #define HAVE_INTTYPES_H 1
| #define HAVE_STDINT_H 1
| #define HAVE_UNISTD_H 1
| #define HAVE_DLFCN_H 1
| #ifdef __cplusplus
| #include <stdlib.h>
| #endif
| #define G_COMPILED_WITH_DEBUGGING "minimum"
| #define STDC_HEADERS 1
| #define HAVE_VPRINTF 1
| #define HAVE_ATEXIT 1
| #define HAVE_ON_EXIT 1
| #define SIZEOF_CHAR 1
| #define SIZEOF_SHORT 2
| #define SIZEOF_LONG 4
| #define SIZEOF_INT 4
| #define SIZEOF_VOID_P 4
| #define SIZEOF_LONG_LONG 8
| #define G_HAVE___INLINE 1
| #define G_HAVE___INLINE__ 1
| #define G_HAVE_INLINE 1
| #define HAVE_FLOAT_H 1
| #define HAVE_FLOAT_H 1
| #define HAVE_LIMITS_H 1
| #define HAVE_LIMITS_H 1
| #define HAVE_PWD_H 1
| #define HAVE_PWD_H 1
| #define HAVE_SYS_PARAM_H 1
| #define HAVE_SYS_PARAM_H 1
| #define HAVE_SYS_POLL_H 1
| #define HAVE_SYS_POLL_H 1
| #define HAVE_SYS_SELECT_H 1
| #define HAVE_SYS_SELECT_H 1
| #define HAVE_SYS_TIME_H 1
| #define HAVE_SYS_TIME_H 1
| #define HAVE_SYS_TIMES_H 1
| #define HAVE_SYS_TIMES_H 1
| #define HAVE_UNISTD_H 1
| #define HAVE_UNISTD_H 1
| #define HAVE_VALUES_H 1
| #define HAVE_VALUES_H 1
| #define HAVE_LSTAT 1
| #define HAVE_STRERROR 1
| #define HAVE_STRSIGNAL 1
| #define HAVE_MEMMOVE 1
| #define HAVE_VSNPRINTF 1
| #define HAVE_STRCASECMP 1
| #define HAVE_STRNCASECMP 1
| #define HAVE_POLL 1
| #define NO_SYS_ERRLIST 1
| #define NO_SYS_SIGLIST 1
| #define NO_SYS_SIGLIST_DECL 1
| #define HAVE_WCHAR_H 1
| #define HAVE_WCTYPE_H 1
| #define REALLOC_0_WORKS 1
| #define G_VA_COPY __va_copy
| /* end confdefs.h.  */
| /* System header to define __stub macros and hopefully few prototypes,
|     which can conflict with char dlopen (); below.
|     Prefer <limits.h> to <assert.h> if __STDC__ is defined, since
|     <limits.h> exists even on freestanding compilers.  */
| #ifdef __STDC__
| # include <limits.h>
| #else
| # include <assert.h>
| #endif
| /* Override any gcc2 internal prototype to avoid an error.  */
| #ifdef __cplusplus
| extern "C"
| {
| #endif
| /* We use char because int might match the return type of a gcc2
|    builtin and then its argument prototype would still apply.  */
| char dlopen ();
| /* The GNU C library defines this for functions which it implements
|     to always fail with ENOSYS.  Some functions are actually named
|     something starting with __ and the normal name is an alias.  */
| #if defined (__stub_dlopen) || defined (__stub___dlopen)
| choke me
| #else
| char (*f) () = dlopen;
| #endif
| #ifdef __cplusplus
| }
| #endif
| 
| int
| main ()
| {
| return f != dlopen;
|   ;
|   return 0;
| }
configure:25269: result: no
configure:25354: checking for dlopen in -ldl
configure:25385: mipsel-linux-uclibc-gcc -o conftest -pipe -Os -fomit-frame-pointer -mips32 -mtune=mips32 -funit-at-a-time -Wall  -s conftest.c -ldl   >&5
configure:25388: $? = 0
configure:25391: test -s conftest
configure:25394: $? = 0
configure:25406: result: yes
configure:25409: checking for dlsym in -ldl
configure:25440: mipsel-linux-uclibc-gcc -o conftest -pipe -Os -fomit-frame-pointer -mips32 -mtune=mips32 -funit-at-a-time -Wall  -s conftest.c -ldl   >&5
configure:25443: $? = 0
configure:25446: test -s conftest
configure:25449: $? = 0
configure:25461: result: yes
configure:25630: checking for RTLD_GLOBAL brokenness
configure:25693: result: no
configure:25700: checking for preceeding underscore in symbols
configure:25758: result: no
configure:25767: checking for dlerror
configure:25817: mipsel-linux-uclibc-gcc -o conftest -pipe -Os -fomit-frame-pointer -mips32 -mtune=mips32 -funit-at-a-time -Wall  -s conftest.c  -ldl >&5
configure:25820: $? = 0
configure:25823: test -s conftest
configure:25826: $? = 0
configure:25837: result: yes
configure:25981: checking pthread.h usability
configure:25994: mipsel-linux-uclibc-gcc -c -pipe -Os -fomit-frame-pointer -mips32 -mtune=mips32 -funit-at-a-time -Wall  conftest.c >&5
configure:25997: $? = 0
configure:26000: test -s conftest.o
configure:26003: $? = 0
configure:26013: result: yes
configure:26017: checking pthread.h presence
configure:26028: mipsel-linux-uclibc-gcc -E  conftest.c
configure:26034: $? = 0
configure:26053: result: yes
configure:26089: checking for pthread.h
configure:26096: result: yes
configure:26170: checking for thread implementation
configure:26179: result: posix
configure:26192: checking for pthread_attr_init in -lpthread
configure:26223: mipsel-linux-uclibc-gcc -o conftest -pipe -Os -fomit-frame-pointer -mips32 -mtune=mips32 -funit-at-a-time -Wall  -s conftest.c -lpthread   >&5
configure:26226: $? = 0
configure:26229: test -s conftest
configure:26232: $? = 0
configure:26244: result: yes
configure:26777: checking necessary linker options
configure:26779: result: -lpthread
configure:26828: checking necessary compiler options
configure:26831: result:  -D_REENTRANT
configure:26850: checking for localtime_r
configure:26900: mipsel-linux-uclibc-gcc -o conftest -pipe -Os -fomit-frame-pointer -mips32 -mtune=mips32 -funit-at-a-time -Wall  -D_REENTRANT  -s conftest.c  >&5
configure:26903: $? = 0
configure:26906: test -s conftest
configure:26909: $? = 0
configure:26920: result: yes
configure:26850: checking for rand_r
configure:26900: mipsel-linux-uclibc-gcc -o conftest -pipe -Os -fomit-frame-pointer -mips32 -mtune=mips32 -funit-at-a-time -Wall  -D_REENTRANT  -s conftest.c  >&5
configure:26903: $? = 0
configure:26906: test -s conftest
configure:26909: $? = 0
configure:26920: result: yes
configure:26931: checking for getpwuid_r
configure:26985: result: yes
configure:26996: checking whether getpwuid_r is posix like
configure:27019: mipsel-linux-uclibc-gcc -c -pipe -Os -fomit-frame-pointer -mips32 -mtune=mips32 -funit-at-a-time -Wall  -D_REENTRANT  conftest.c >&5
configure:27022: $? = 0
configure:27025: test -s conftest.o
configure:27028: $? = 0
configure:27034: result: yes
configure:27049: checking whether pthread_getspecific is posix like
configure:27071: mipsel-linux-uclibc-gcc -c -pipe -Os -fomit-frame-pointer -mips32 -mtune=mips32 -funit-at-a-time -Wall  -D_REENTRANT  conftest.c >&5
configure: In function 'main':
configure:27138: error: too many arguments to function 'pthread_getspecific'
configure:27074: $? = 1
configure: failed program was:
| #line 27054 "configure"
| /* confdefs.h.  */
| 
| #define PACKAGE_NAME ""
| #define PACKAGE_TARNAME ""
| #define PACKAGE_VERSION ""
| #define PACKAGE_STRING ""
| #define PACKAGE_BUGREPORT ""
| #define GLIB_MAJOR_VERSION 1
| #define GLIB_MINOR_VERSION 2
| #define GLIB_MICRO_VERSION 10
| #define GLIB_INTERFACE_AGE 10
| #define GLIB_BINARY_AGE 10
| #define STDC_HEADERS 1
| #define HAVE_SYS_TYPES_H 1
| #define HAVE_SYS_STAT_H 1
| #define HAVE_STDLIB_H 1
| #define HAVE_STRING_H 1
| #define HAVE_MEMORY_H 1
| #define HAVE_STRINGS_H 1
| #define HAVE_INTTYPES_H 1
| #define HAVE_STDINT_H 1
| #define HAVE_UNISTD_H 1
| #define HAVE_DLFCN_H 1
| #ifdef __cplusplus
| #include <stdlib.h>
| #endif
| #define G_COMPILED_WITH_DEBUGGING "minimum"
| #define STDC_HEADERS 1
| #define HAVE_VPRINTF 1
| #define HAVE_ATEXIT 1
| #define HAVE_ON_EXIT 1
| #define SIZEOF_CHAR 1
| #define SIZEOF_SHORT 2
| #define SIZEOF_LONG 4
| #define SIZEOF_INT 4
| #define SIZEOF_VOID_P 4
| #define SIZEOF_LONG_LONG 8
| #define G_HAVE___INLINE 1
| #define G_HAVE___INLINE__ 1
| #define G_HAVE_INLINE 1
| #define HAVE_FLOAT_H 1
| #define HAVE_FLOAT_H 1
| #define HAVE_LIMITS_H 1
| #define HAVE_LIMITS_H 1
| #define HAVE_PWD_H 1
| #define HAVE_PWD_H 1
| #define HAVE_SYS_PARAM_H 1
| #define HAVE_SYS_PARAM_H 1
| #define HAVE_SYS_POLL_H 1
| #define HAVE_SYS_POLL_H 1
| #define HAVE_SYS_SELECT_H 1
| #define HAVE_SYS_SELECT_H 1
| #define HAVE_SYS_TIME_H 1
| #define HAVE_SYS_TIME_H 1
| #define HAVE_SYS_TIMES_H 1
| #define HAVE_SYS_TIMES_H 1
| #define HAVE_UNISTD_H 1
| #define HAVE_UNISTD_H 1
| #define HAVE_VALUES_H 1
| #define HAVE_VALUES_H 1
| #define HAVE_LSTAT 1
| #define HAVE_STRERROR 1
| #define HAVE_STRSIGNAL 1
| #define HAVE_MEMMOVE 1
| #define HAVE_VSNPRINTF 1
| #define HAVE_STRCASECMP 1
| #define HAVE_STRNCASECMP 1
| #define HAVE_POLL 1
| #define NO_SYS_ERRLIST 1
| #define NO_SYS_SIGLIST 1
| #define NO_SYS_SIGLIST_DECL 1
| #define HAVE_WCHAR_H 1
| #define HAVE_WCTYPE_H 1
| #define REALLOC_0_WORKS 1
| #define G_VA_COPY __va_copy
| #define HAVE_LOCALTIME_R 1
| #define HAVE_RAND_R 1
| #define HAVE_GETPWUID_R 1
| #define HAVE_GETPWUID_R_POSIX 1
| /* end confdefs.h.  */
| #include <pthread.h>
| int
| main ()
| {
| pthread_getspecific(0,NULL);
|   ;
|   return 0;
| }
configure:27091: result: yes
configure:27102: checking whether pthread_mutex_trylock is posix like
configure:27149: result: yes
configure:27160: checking whether pthread_cond_timedwait is posix like
configure:27214: result: yes
configure:27252: checking size of pthread_mutex_t
configure:27304: result: 24
configure:27311: checking byte contents of pthread_mutex_t
configure:27364: result: 0,0,0,0,0,0,0,0,0,0,0,0,0,0,0,0,0,0,0,0,0,0,0,0
configure:27387: checking system definitions for POLLIN POLLOUT POLLPRI POLLERR POLLHUP POLLNVAL
configure:27469: result: cross
configure:27611: creating ./config.status

## ---------------------- ##
## Running config.status. ##
## ---------------------- ##

This file was extended by config.status, which was
generated by GNU Autoconf 2.57.  Invocation command line was

  CONFIG_FILES    = 
  CONFIG_HEADERS  = 
  CONFIG_LINKS    = 
  CONFIG_COMMANDS = 
  $ ./config.status 

on colinux

config.status:896: creating glib.spec
config.status:896: creating Makefile
config.status:896: creating glib-config
config.status:896: creating gmodule/gmoduleconf.h
config.status:896: creating gmodule/Makefile
config.status:896: creating gthread/Makefile
config.status:896: creating docs/Makefile
config.status:896: creating docs/glib-config.1
config.status:896: creating tests/Makefile
config.status:896: creating glib.pc
config.status:896: creating gmodule.pc
config.status:896: creating gthread.pc
config.status:1000: creating config.h
config.status:1229: config.h is unchanged
config.status:1351: executing depfiles commands
config.status:1351: executing default-1 commands
config.status:1351: executing default commands

## ---------------- ##
## Cache variables. ##
## ---------------- ##

ac_cv_build=i686-pc-linux-gnu
ac_cv_build_alias=i686-pc-linux-gnu
ac_cv_c_bigendian=no
ac_cv_c_compiler_gnu=yes
ac_cv_c_const=yes
ac_cv_cxx_compiler_gnu=yes
ac_cv_env_CC_set=set
ac_cv_env_CC_value=mipsel-linux-uclibc-gcc
ac_cv_env_CFLAGS_set=set
ac_cv_env_CFLAGS_value='-pipe -Os -fomit-frame-pointer -mips32 -mtune=mips32 -funit-at-a-time'
ac_cv_env_CPPFLAGS_set=
ac_cv_env_CPPFLAGS_value=
ac_cv_env_CPP_set=
ac_cv_env_CPP_value=
ac_cv_env_CXXCPP_set=
ac_cv_env_CXXCPP_value=
ac_cv_env_CXXFLAGS_set=
ac_cv_env_CXXFLAGS_value=
ac_cv_env_CXX_set=
ac_cv_env_CXX_value=
ac_cv_env_F77_set=
ac_cv_env_F77_value=
ac_cv_env_FFLAGS_set=
ac_cv_env_FFLAGS_value=
ac_cv_env_LDFLAGS_set=set
ac_cv_env_LDFLAGS_value=-s
ac_cv_env_build_alias_set=
ac_cv_env_build_alias_value=
ac_cv_env_host_alias_set=set
ac_cv_env_host_alias_value=mipsel-linux
ac_cv_env_target_alias_set=
ac_cv_env_target_alias_value=
ac_cv_exeext=
ac_cv_f77_compiler_gnu=no
ac_cv_func__doprnt=no
ac_cv_func_atexit=yes
ac_cv_func_dlerror=yes
ac_cv_func_dlopen=no
ac_cv_func_getpwuid_r=yes
ac_cv_func_iswalnum=yes
ac_cv_func_localtime_r=yes
ac_cv_func_lstat=yes
ac_cv_func_memmove=yes
ac_cv_func_on_exit=yes
ac_cv_func_poll=yes
ac_cv_func_rand_r=yes
ac_cv_func_strcasecmp=yes
ac_cv_func_strerror=yes
ac_cv_func_strncasecmp=yes
ac_cv_func_strsignal=yes
ac_cv_func_vprintf=yes
ac_cv_func_vsnprintf=yes
ac_cv_header_dlfcn_h=yes
ac_cv_header_float_h=yes
ac_cv_header_inttypes_h=yes
ac_cv_header_limits_h=yes
ac_cv_header_memory_h=yes
ac_cv_header_pthread_h=yes
ac_cv_header_pwd_h=yes
ac_cv_header_stdc=yes
ac_cv_header_stdint_h=yes
ac_cv_header_stdlib_h=yes
ac_cv_header_string_h=yes
ac_cv_header_strings_h=yes
ac_cv_header_sys_param_h=yes
ac_cv_header_sys_poll_h=yes
ac_cv_header_sys_select_h=yes
ac_cv_header_sys_stat_h=yes
ac_cv_header_sys_time_h=yes
ac_cv_header_sys_times_h=yes
ac_cv_header_sys_types_h=yes
ac_cv_header_unistd_h=yes
ac_cv_header_values_h=yes
ac_cv_host=mipsel-unknown-linux-gnu
ac_cv_host_alias=mipsel-linux
ac_cv_lib_dl_dlopen=yes
ac_cv_lib_dl_dlsym=yes
ac_cv_lib_pthread_pthread_attr_init=yes
ac_cv_objext=o
ac_cv_path_install='/usr/bin/install -c'
ac_cv_prog_AR=mipsel-linux-uclibc-ar
ac_cv_prog_AWK=mawk
ac_cv_prog_CC=mipsel-linux-uclibc-gcc
ac_cv_prog_CPP='mipsel-linux-uclibc-gcc -E'
ac_cv_prog_CXX=mipsel-linux-g++
ac_cv_prog_CXXCPP='mipsel-linux-g++ -E'
ac_cv_prog_RANLIB=mipsel-linux-uclibc-ranlib
ac_cv_prog_STRIP=@true
ac_cv_prog_cc_g=yes
ac_cv_prog_cc_stdc=
ac_cv_prog_cxx_g=yes
ac_cv_prog_egrep='grep -E'
ac_cv_prog_f77_g=no
ac_cv_prog_make_make_set=yes
ac_cv_sizeof_char=1
ac_cv_sizeof_int=4
ac_cv_sizeof_long=4
ac_cv_sizeof_long_long=8
ac_cv_sizeof_short=2
ac_cv_sizeof_void_p=4
ac_cv_type_char=yes
ac_cv_type_int=yes
ac_cv_type_long=yes
ac_cv_type_long_long=yes
ac_cv_type_short=yes
ac_cv_type_void_p=yes
am_cv_CC_dependencies_compiler_type=gcc3
am_cv_CXX_dependencies_compiler_type=gcc3
am_cv_prog_cc_stdc=
glib_cv___va_copy=yes
glib_cv_byte_contents_gmutex=0,0,0,0,0,0,0,0,0,0,0,0,0,0,0,0,0,0,0,0,0,0,0,0
glib_cv_func_pthread_cond_timedwait_posix=yes
glib_cv_func_pthread_getspecific_posix=yes
glib_cv_func_pthread_mutex_trylock_posix=yes
glib_cv_has__inline=yes
glib_cv_has__inline__=yes
glib_cv_hasinline=yes
glib_cv_prog_cc_ansi_proto=no
glib_cv_rtldglobal_broken=no
glib_cv_sane_realloc=yes
glib_cv_sizeof_gmutex=24
glib_cv_uscore=no
glib_cv_va_copy=no
glib_cv_va_val_copy=yes
lt_cv_deplibs_check_method=pass_all
lt_cv_file_magic_cmd='$MAGIC_CMD'
lt_cv_file_magic_test_file='/lib/libc.so.6 /lib/libc-2.3.5.so'
lt_cv_ld_reload_flag=-r
lt_cv_objdir=.libs
lt_cv_path_LD=mipsel-linux-uclibc-ld
lt_cv_path_LDCXX=mipsel-linux-uclibc-ld
lt_cv_path_NM=mipsel-linux-uclibc-nm
lt_cv_path_SED=/home/openwrt/workspace/toolchains/4.1.0-uclibc-0.9.28/bin//sed
lt_cv_prog_compiler_c_o=yes
lt_cv_prog_compiler_c_o_CXX=yes
lt_cv_prog_compiler_rtti_exceptions=no
lt_cv_prog_gnu_ld=yes
lt_cv_prog_gnu_ldcxx=yes
lt_cv_sys_global_symbol_pipe='sed -n -e '\''s/^.*[ 	]\([ABCDGIRSTW][ABCDGIRSTW]*\)[ 	][ 	]*\(\)\([_A-Za-z][_A-Za-z0-9]*\)$/\1 \2\3 \3/p'\'''
lt_cv_sys_global_symbol_to_c_name_address='sed -n -e '\''s/^: \([^ ]*\) $/  {\"\1\", (lt_ptr) 0},/p'\'' -e '\''s/^[BCDEGRST] \([^ ]*\) \([^ ]*\)$/  {"\2", (lt_ptr) \&\2},/p'\'''
lt_cv_sys_global_symbol_to_cdecl='sed -n -e '\''s/^. .* \(.*\)$/extern int \1;/p'\'''
lt_cv_sys_max_cmd_len=32768
lt_lt_cv_prog_compiler_c_o='"yes"'
lt_lt_cv_prog_compiler_c_o_CXX='"yes"'
lt_lt_cv_sys_global_symbol_pipe='"sed -n -e '\''s/^.*[ 	]\\([ABCDGIRSTW][ABCDGIRSTW]*\\)[ 	][ 	]*\\(\\)\\([_A-Za-z][_A-Za-z0-9]*\\)\$/\\1 \\2\\3 \\3/p'\''"'
lt_lt_cv_sys_global_symbol_to_c_name_address='"sed -n -e '\''s/^: \\([^ ]*\\) \$/  {\\\"\\1\\\", (lt_ptr) 0},/p'\'' -e '\''s/^[BCDEGRST] \\([^ ]*\\) \\([^ ]*\\)\$/  {\"\\2\", (lt_ptr) \\&\\2},/p'\''"'
lt_lt_cv_sys_global_symbol_to_cdecl='"sed -n -e '\''s/^. .* \\(.*\\)\$/extern int \\1;/p'\''"'

## ----------------- ##
## Output variables. ##
## ----------------- ##

ACLOCAL='${SHELL} /home/openwrt/workspace/DD-WRT/src/router/glib/missing --run aclocal-1.7'
AMDEPBACKSLASH='\'
AMDEP_FALSE='#'
AMDEP_TRUE=''
AMTAR='${SHELL} /home/openwrt/workspace/DD-WRT/src/router/glib/missing --run tar'
AR='mipsel-linux-uclibc-ar'
AUTOCONF='${SHELL} /home/openwrt/workspace/DD-WRT/src/router/glib/missing --run autoconf'
AUTOHEADER='${SHELL} /home/openwrt/workspace/DD-WRT/src/router/glib/missing --run autoheader'
AUTOMAKE='${SHELL} /home/openwrt/workspace/DD-WRT/src/router/glib/missing --run automake-1.7'
AWK='mawk'
CC='mipsel-linux-uclibc-gcc'
CCDEPMODE='depmode=gcc3'
CFLAGS='-pipe -Os -fomit-frame-pointer -mips32 -mtune=mips32 -funit-at-a-time -Wall  -D_REENTRANT'
CPP='mipsel-linux-uclibc-gcc -E'
CPPFLAGS=''
CXX='mipsel-linux-g++'
CXXCPP='mipsel-linux-g++ -E'
CXXDEPMODE='depmode=gcc3'
CXXFLAGS='-g -O2'
CYGPATH_W='echo'
DEFS='-DHAVE_CONFIG_H'
DEPDIR='.deps'
ECHO='echo'
ECHO_C=''
ECHO_N='-n'
ECHO_T=''
EGREP='grep -E'
ENABLE_MEM_CHECK=''
ENABLE_MEM_PROFILE=''
EXEEXT=''
F77=''
FFLAGS=''
GLIB_BINARY_AGE='10'
GLIB_DEBUG_FLAGS=''
GLIB_INTERFACE_AGE='10'
GLIB_MAJOR_VERSION='1'
GLIB_MICRO_VERSION='10'
GLIB_MINOR_VERSION='2'
GLIB_VERSION='1.2.10'
G_MODULE_BROKEN_RTLD_GLOBAL='0'
G_MODULE_HAVE_DLERROR='1'
G_MODULE_IMPL='G_MODULE_IMPL_DL'
G_MODULE_LDFLAGS='-rdynamic'
G_MODULE_LIBS='-ldl'
G_MODULE_NEED_USCORE='0'
G_THREAD_CFLAGS=' -D_REENTRANT'
G_THREAD_LIBS='-lpthread'
INSTALL_DATA='${INSTALL} -m 644'
INSTALL_PROGRAM='${INSTALL}'
INSTALL_SCRIPT='${INSTALL}'
INSTALL_STRIP_PROGRAM='${SHELL} $(install_sh) -c -s'
LDFLAGS='-s'
LIBOBJS=''
LIBS=''
LIBTOOL='$(SHELL) $(top_builddir)/libtool'
LN_S='ln -s'
LTLIBOBJS=''
LT_AGE='0'
LT_CURRENT='0'
LT_RELEASE='1.2'
LT_REVISION='10'
MAINT='#'
MAINTAINER_MODE_FALSE=''
MAINTAINER_MODE_TRUE='#'
MAKEINFO='${SHELL} /home/openwrt/workspace/DD-WRT/src/router/glib/missing --run makeinfo'
OBJEXT='o'
PACKAGE='glib'
PACKAGE_BUGREPORT=''
PACKAGE_NAME=''
PACKAGE_STRING=''
PACKAGE_TARNAME=''
PACKAGE_VERSION=''
PATH_SEPARATOR=':'
RANLIB='mipsel-linux-uclibc-ranlib'
SET_MAKE=''
SHELL='/bin/sh'
STRIP='@true'
VERSION='1.2.10'
ac_ct_AR=''
ac_ct_CC=''
ac_ct_CXX=''
ac_ct_F77=''
ac_ct_RANLIB=''
ac_ct_STRIP=''
am__fastdepCC_FALSE='#'
am__fastdepCC_TRUE=''
am__fastdepCXX_FALSE='#'
am__fastdepCXX_TRUE=''
am__include='include'
am__leading_dot='.'
am__quote=''
bindir='${exec_prefix}/bin'
build='i686-pc-linux-gnu'
build_alias=''
build_cpu='i686'
build_os='linux-gnu'
build_vendor='pc'
datadir='${prefix}/share'
exec_prefix='${prefix}'
host='mipsel-unknown-linux-gnu'
host_alias='mipsel-linux'
host_cpu='mipsel'
host_os='linux-gnu'
host_vendor='unknown'
includedir='${prefix}/include'
infodir='${prefix}/info'
install_sh='/home/openwrt/workspace/DD-WRT/src/router/glib/install-sh'
libdir='${exec_prefix}/lib'
libexecdir='${exec_prefix}/libexec'
localstatedir='${prefix}/var'
mandir='${prefix}/man'
oldincludedir='/usr/include'
prefix='/home/openwrt/workspace/DD-WRT/src/router/glib/../glib-1.2.10-install'
program_transform_name='s,x,x,'
sbindir='${exec_prefix}/sbin'
sharedstatedir='${prefix}/com'
sysconfdir='${prefix}/etc'
target_alias=''

## ----------- ##
## confdefs.h. ##
## ----------- ##

#define GLIB_BINARY_AGE 10
#define GLIB_BYTE_CONTENTS_GMUTEX 0,0,0,0,0,0,0,0,0,0,0,0,0,0,0,0,0,0,0,0,0,0,0,0
#define GLIB_INTERFACE_AGE 10
#define GLIB_MAJOR_VERSION 1
#define GLIB_MICRO_VERSION 10
#define GLIB_MINOR_VERSION 2
#define GLIB_SIZEOF_GMUTEX 24
#define G_COMPILED_WITH_DEBUGGING "minimum"
#define G_HAVE_INLINE 1
#define G_HAVE___INLINE 1
#define G_HAVE___INLINE__ 1
#define G_THREAD_SOURCE "gthread-posix.c"
#define G_VA_COPY __va_copy
#define HAVE_ATEXIT 1
#define HAVE_DLFCN_H 1
#define HAVE_FLOAT_H 1
#define HAVE_FLOAT_H 1
#define HAVE_GETPWUID_R 1
#define HAVE_GETPWUID_R_POSIX 1
#define HAVE_INTTYPES_H 1
#define HAVE_LIMITS_H 1
#define HAVE_LIMITS_H 1
#define HAVE_LOCALTIME_R 1
#define HAVE_LSTAT 1
#define HAVE_MEMMOVE 1
#define HAVE_MEMORY_H 1
#define HAVE_ON_EXIT 1
#define HAVE_POLL 1
#define HAVE_PTHREAD_COND_TIMEDWAIT_POSIX 1
#define HAVE_PTHREAD_GETSPECIFIC_POSIX 1
#define HAVE_PTHREAD_MUTEX_TRYLOCK_POSIX 1
#define HAVE_PWD_H 1
#define HAVE_PWD_H 1
#define HAVE_RAND_R 1
#define HAVE_STDINT_H 1
#define HAVE_STDLIB_H 1
#define HAVE_STRCASECMP 1
#define HAVE_STRERROR 1
#define HAVE_STRINGS_H 1
#define HAVE_STRING_H 1
#define HAVE_STRNCASECMP 1
#define HAVE_STRSIGNAL 1
#define HAVE_SYS_PARAM_H 1
#define HAVE_SYS_PARAM_H 1
#define HAVE_SYS_POLL_H 1
#define HAVE_SYS_POLL_H 1
#define HAVE_SYS_SELECT_H 1
#define HAVE_SYS_SELECT_H 1
#define HAVE_SYS_STAT_H 1
#define HAVE_SYS_TIMES_H 1
#define HAVE_SYS_TIMES_H 1
#define HAVE_SYS_TIME_H 1
#define HAVE_SYS_TIME_H 1
#define HAVE_SYS_TYPES_H 1
#define HAVE_UNISTD_H 1
#define HAVE_UNISTD_H 1
#define HAVE_UNISTD_H 1
#define HAVE_VALUES_H 1
#define HAVE_VALUES_H 1
#define HAVE_VPRINTF 1
#define HAVE_VSNPRINTF 1
#define HAVE_WCHAR_H 1
#define HAVE_WCTYPE_H 1
#define NO_SYS_ERRLIST 1
#define NO_SYS_SIGLIST 1
#define NO_SYS_SIGLIST_DECL 1
#define PACKAGE_BUGREPORT ""
#define PACKAGE_NAME ""
#define PACKAGE_STRING ""
#define PACKAGE_TARNAME ""
#define PACKAGE_VERSION ""
#define REALLOC_0_WORKS 1
#define SIZEOF_CHAR 1
#define SIZEOF_INT 4
#define SIZEOF_LONG 4
#define SIZEOF_LONG_LONG 8
#define SIZEOF_SHORT 2
#define SIZEOF_VOID_P 4
#define STDC_HEADERS 1
#define STDC_HEADERS 1
#endif
#ifdef __cplusplus
#include <stdlib.h>

configure: exit 0

## ---------------------- ##
## Running config.status. ##
## ---------------------- ##

This file was extended by config.status, which was
generated by GNU Autoconf 2.57.  Invocation command line was

  CONFIG_FILES    = 
  CONFIG_HEADERS  = 
  CONFIG_LINKS    = 
  CONFIG_COMMANDS = 
  $ ./config.status 

on colinux

config.status:1351: executing depfiles commands
config.status:1351: executing default-1 commands
config.status:1351: executing default commands
