This file contains any messages produced by compilers while
running configure, to aid debugging if configure makes a mistake.

It was created by libpng configure 1.2.50, which was
generated by GNU Autoconf 2.65.  Invocation command line was

  $ ./configure --host=mipsel-linux-uclibc --disable-shared --enable-static CC=mipsel-linux-uclibc-gcc CFLAGS=-fPIC -DNEED_PRINTF -Os -pipe -mips32r2 -mtune=74kc -mdspr2 -fno-caller-saves  -msoft-float  -mno-branch-likely -minterlink-mips16 -mips16 -I/home/bluebat/DEV/src/router/zlib/include CPPFLAGS=-fPIC -DNEED_PRINTF -Os -pipe -mips32r2 -mtune=74kc -mdspr2 -fno-caller-saves  -msoft-float  -mno-branch-likely -minterlink-mips16 -mips16 -I/home/bluebat/DEV/src/router/zlib/include LDFLAGS=-L/home/bluebat/DEV/src/router/zlib

## --------- ##
## Platform. ##
## --------- ##

hostname = linux-vm-os64.site
uname -m = x86_64
uname -r = 3.7.10-1.16-desktop
uname -s = Linux
uname -v = #1 SMP PREEMPT Fri May 31 20:21:23 UTC 2013 (97c14ba)

/usr/bin/uname -p = x86_64
/bin/uname -X     = unknown

/bin/arch              = x86_64
/usr/bin/arch -k       = unknown
/usr/convex/getsysinfo = unknown
/usr/bin/hostinfo      = unknown
/bin/machine           = unknown
/usr/bin/oslevel       = unknown
/bin/universe          = unknown

PATH: /home/bluebat/Dev/Toolchain/toolchain-mipsel_r2_gcc-4.7-linaro_uClibc-0.9.33.2/bin
PATH: /usr/local/bin
PATH: /usr/bin
PATH: /bin
PATH: /usr/bin/X11
PATH: /usr/X11R6/bin
PATH: /usr/games


## ----------- ##
## Core tests. ##
## ----------- ##

configure:2295: loading site script /usr/share/site/x86_64-unknown-linux-gnu
| #!/bin/sh
| # Site script for configure. It is resourced via $CONFIG_SITE environment varaible.
| 
| # If user did not specify libdir, guess the correct target:
| # Use lib64 for 64 bit bi-arch targets, keep the default for the rest.
| if test "$libdir" = '${exec_prefix}/lib' ; then
| 
| 	ac_config_site_64bit_host=NONE
| 
| 	case "$host" in
| 	"" )
| 		# User did not specify host target.
| 		# The native platform x86_64 is a bi-arch platform.
| 		# Try to detect cross-compilation to inferior architecture.
| 
| 		# We are trying to guess 32-bit target compilation. It's not as easy as
| 		# it sounds, as there is possible several intermediate combinations.
| 		ac_config_site_cross_to_32bit_host=NONE
| 
| 		# User defined -m32 in CFLAGS or CXXFLAGS:
| 		# (It's sufficient for 32-bit, but alone may cause mis-behavior of some checks.)
| 		case "$CFLAGS" in
| 		*-m32*)
| 			ac_config_site_cross_to_32bit_host=YES
| 			;;
| 		esac
| 		case "$CXXFLAGS" in
| 		*-m32*)
| 			ac_config_site_cross_to_32bit_host=YES
| 			;;
| 		esac
| 
| 		# Running with linux32:
| 		# (Changes detected platform, but not the toolchain target.)
| 		case "`/bin/uname -i`" in
| 		x86_64 | ppc64 | s390x )
| 			;;
| 		* )
| 			ac_config_site_cross_to_32bit_host=YES
| 			;;
| 		esac
| 
| 		if test "x$ac_config_site_cross_to_32bit_host" = xNONE; then
| 			ac_config_site_64bit_host=YES
| 		fi
| 
| 		;;
| 	*x86_64* | *ppc64* | *s390x* )
| 		ac_config_site_64bit_host=YES
| 		;;
| 	esac
| 
| 	if test "x$ac_config_site_64bit_host" = xYES; then
| 		libdir='${exec_prefix}/lib64'
| 	fi
| fi
| 
| # If user did not specify libexecdir, set the correct target:
| # Nor FHS nor openSUSE allow prefix/libexec. Let's default to prefix/lib.
| 
| if test "$libexecdir" = '${exec_prefix}/libexec' ; then
| 	libexecdir='${exec_prefix}/lib'
| fi
| 
| # Continue with the standard behavior of configure defined in AC_SITE_LOAD:
| if test "x$prefix" != xNONE; then
| 	ac_site_file1=$prefix/share/config.site
| 	ac_site_file2=$prefix/etc/config.site
| else
| 	ac_site_file1=$ac_default_prefix/share/config.site
| 	ac_site_file2=$ac_default_prefix/etc/config.site
| fi
| for ac_site_file in "$ac_site_file1" "$ac_site_file2"
| do
| 	test "x$ac_site_file" = xNONE && continue
| 	if test /dev/null != "$ac_site_file" && test -r "$ac_site_file"; then
| 		{ $as_echo "/usr/share/site/x86_64-unknown-linux-gnu:${as_lineno-$LINENO}: loading site script $ac_site_file" >&5
| $as_echo "/usr/share/site/x86_64-unknown-linux-gnu: loading site script $ac_site_file" >&6;}
| 		sed 's/^/| /' "$ac_site_file" >&5
| 		. "$ac_site_file" \
| 			|| { { $as_echo "/usr/share/site/x86_64-unknown-linux-gnu:${as_lineno-$LINENO}: error: in \`$ac_pwd':" >&5
| $as_echo "/usr/share/site/x86_64-unknown-linux-gnu: error: in \`$ac_pwd':" >&2;}
| as_fn_error $? "failed to load site script $ac_site_file
| See \`config.log' for more details" "$LINENO" 5; }
| 	fi
| done
configure:2426: checking for a BSD-compatible install
configure:2494: result: /usr/bin/install -c
configure:2505: checking whether build environment is sane
configure:2555: result: yes
configure:2604: checking for mipsel-linux-uclibc-strip
configure:2631: result: @true
configure:2696: checking for a thread-safe mkdir -p
configure:2735: result: /usr/bin/mkdir -p
configure:2748: checking for gawk
configure:2764: found /usr/bin/gawk
configure:2775: result: gawk
configure:2786: checking whether make sets $(MAKE)
configure:2808: result: yes
configure:2889: checking whether to enable maintainer-specific portions of Makefiles
configure:2898: result: no
configure:2931: checking for mipsel-linux-uclibc-gcc
configure:2958: result: mipsel-linux-uclibc-gcc
configure:3227: checking for C compiler version
configure:3236: mipsel-linux-uclibc-gcc --version >&5
mipsel-linux-uclibc-gcc (Linaro GCC 4.7-2012.10) 4.7.3 20121001 (prerelease)
Copyright (C) 2012 Free Software Foundation, Inc.
This is free software; see the source for copying conditions.  There is NO
warranty; not even for MERCHANTABILITY or FITNESS FOR A PARTICULAR PURPOSE.

configure:3247: $? = 0
configure:3236: mipsel-linux-uclibc-gcc -v >&5
Using built-in specs.
COLLECT_GCC=mipsel-linux-uclibc-gcc
COLLECT_LTO_WRAPPER=/home/bluebat/Dev/Toolchain/toolchain-mipsel_r2_gcc-4.7-linaro_uClibc-0.9.33.2/bin/../lib/gcc/mipsel-openwrt-linux-uclibc/4.7.3/lto-wrapper
Target: mipsel-openwrt-linux-uclibc
Configured with: /home/xfs/openwrt/trunk2/trunk/build_dir/toolchain-mipsel_r2_gcc-4.7-linaro_uClibc-0.9.33.2/gcc-linaro-4.7-2012.10/configure --prefix=/home/xfs/openwrt/trunk2/trunk/staging_dir/toolchain-mipsel_r2_gcc-4.7-linaro_uClibc-0.9.33.2 --build=x86_64-suse-linux --host=x86_64-suse-linux --target=mipsel-openwrt-linux-uclibc --with-gnu-ld --enable-target-optspace --disable-libgomp --disable-libmudflap --disable-multilib --disable-nls --with-host-libstdcxx=-lstdc++ --with-float=soft --with-gmp=/home/xfs/openwrt/trunk2/trunk/staging_dir/host --with-mpfr=/home/xfs/openwrt/trunk2/trunk/staging_dir/host --disable-decimal-float --with-mips-plt --disable-libssp --disable-__cxa_atexit --with-headers=/home/xfs/openwrt/trunk2/trunk/staging_dir/toolchain-mipsel_r2_gcc-4.7-linaro_uClibc-0.9.33.2/include --enable-languages=c,c++ --enable-shared --enable-threads --with-slibdir=/home/xfs/openwrt/trunk2/trunk/staging_dir/toolchain-mipsel_r2_gcc-4.7-linaro_uClibc-0.9.33.2/lib --disable-tls
Thread model: posix
gcc version 4.7.3 20121001 (prerelease) (Linaro GCC 4.7-2012.10) 
configure:3247: $? = 0
configure:3236: mipsel-linux-uclibc-gcc -V >&5
mipsel-linux-uclibc-gcc: error: unrecognized command line option '-V'
mipsel-linux-uclibc-gcc: fatal error: no input files
compilation terminated.
configure:3247: $? = 1
configure:3236: mipsel-linux-uclibc-gcc -qversion >&5
mipsel-linux-uclibc-gcc: error: unrecognized command line option '-qversion'
mipsel-linux-uclibc-gcc: fatal error: no input files
compilation terminated.
configure:3247: $? = 1
configure:3267: checking whether the C compiler works
configure:3289: mipsel-linux-uclibc-gcc -fPIC -DNEED_PRINTF -Os -pipe -mips32r2 -mtune=74kc -mdspr2 -fno-caller-saves  -msoft-float  -mno-branch-likely -minterlink-mips16 -mips16 -I/home/bluebat/DEV/src/router/zlib/include -fPIC -DNEED_PRINTF -Os -pipe -mips32r2 -mtune=74kc -mdspr2 -fno-caller-saves  -msoft-float  -mno-branch-likely -minterlink-mips16 -mips16 -I/home/bluebat/DEV/src/router/zlib/include -L/home/bluebat/DEV/src/router/zlib conftest.c  >&5
configure:3293: $? = 0
configure:3342: result: yes
configure:3345: checking for C compiler default output file name
configure:3347: result: a.out
configure:3353: checking for suffix of executables
configure:3360: mipsel-linux-uclibc-gcc -o conftest -fPIC -DNEED_PRINTF -Os -pipe -mips32r2 -mtune=74kc -mdspr2 -fno-caller-saves  -msoft-float  -mno-branch-likely -minterlink-mips16 -mips16 -I/home/bluebat/DEV/src/router/zlib/include -fPIC -DNEED_PRINTF -Os -pipe -mips32r2 -mtune=74kc -mdspr2 -fno-caller-saves  -msoft-float  -mno-branch-likely -minterlink-mips16 -mips16 -I/home/bluebat/DEV/src/router/zlib/include -L/home/bluebat/DEV/src/router/zlib conftest.c  >&5
configure:3364: $? = 0
configure:3386: result: 
configure:3408: checking whether we are cross compiling
configure:3416: mipsel-linux-uclibc-gcc -o conftest -fPIC -DNEED_PRINTF -Os -pipe -mips32r2 -mtune=74kc -mdspr2 -fno-caller-saves  -msoft-float  -mno-branch-likely -minterlink-mips16 -mips16 -I/home/bluebat/DEV/src/router/zlib/include -fPIC -DNEED_PRINTF -Os -pipe -mips32r2 -mtune=74kc -mdspr2 -fno-caller-saves  -msoft-float  -mno-branch-likely -minterlink-mips16 -mips16 -I/home/bluebat/DEV/src/router/zlib/include -L/home/bluebat/DEV/src/router/zlib conftest.c  >&5
configure:3420: $? = 0
configure:3427: ./conftest
./configure: line 3429: ./conftest: cannot execute binary file
configure:3431: $? = 126
configure:3446: result: yes
configure:3451: checking for suffix of object files
configure:3473: mipsel-linux-uclibc-gcc -c -fPIC -DNEED_PRINTF -Os -pipe -mips32r2 -mtune=74kc -mdspr2 -fno-caller-saves  -msoft-float  -mno-branch-likely -minterlink-mips16 -mips16 -I/home/bluebat/DEV/src/router/zlib/include -fPIC -DNEED_PRINTF -Os -pipe -mips32r2 -mtune=74kc -mdspr2 -fno-caller-saves  -msoft-float  -mno-branch-likely -minterlink-mips16 -mips16 -I/home/bluebat/DEV/src/router/zlib/include conftest.c >&5
configure:3477: $? = 0
configure:3498: result: o
configure:3502: checking whether we are using the GNU C compiler
configure:3521: mipsel-linux-uclibc-gcc -c -fPIC -DNEED_PRINTF -Os -pipe -mips32r2 -mtune=74kc -mdspr2 -fno-caller-saves  -msoft-float  -mno-branch-likely -minterlink-mips16 -mips16 -I/home/bluebat/DEV/src/router/zlib/include -fPIC -DNEED_PRINTF -Os -pipe -mips32r2 -mtune=74kc -mdspr2 -fno-caller-saves  -msoft-float  -mno-branch-likely -minterlink-mips16 -mips16 -I/home/bluebat/DEV/src/router/zlib/include conftest.c >&5
configure:3521: $? = 0
configure:3530: result: yes
configure:3539: checking whether mipsel-linux-uclibc-gcc accepts -g
configure:3559: mipsel-linux-uclibc-gcc -c -g -fPIC -DNEED_PRINTF -Os -pipe -mips32r2 -mtune=74kc -mdspr2 -fno-caller-saves  -msoft-float  -mno-branch-likely -minterlink-mips16 -mips16 -I/home/bluebat/DEV/src/router/zlib/include conftest.c >&5
configure:3559: $? = 0
configure:3600: result: yes
configure:3617: checking for mipsel-linux-uclibc-gcc option to accept ISO C89
configure:3681: mipsel-linux-uclibc-gcc  -c -fPIC -DNEED_PRINTF -Os -pipe -mips32r2 -mtune=74kc -mdspr2 -fno-caller-saves  -msoft-float  -mno-branch-likely -minterlink-mips16 -mips16 -I/home/bluebat/DEV/src/router/zlib/include -fPIC -DNEED_PRINTF -Os -pipe -mips32r2 -mtune=74kc -mdspr2 -fno-caller-saves  -msoft-float  -mno-branch-likely -minterlink-mips16 -mips16 -I/home/bluebat/DEV/src/router/zlib/include conftest.c >&5
configure:3681: $? = 0
configure:3694: result: none needed
configure:3725: checking for style of include used by make
configure:3753: result: GNU
configure:3778: checking dependency style of mipsel-linux-uclibc-gcc
configure:3888: result: gcc3
configure:3907: checking build system type
configure:3921: result: x86_64-unknown-linux-gnu
configure:3941: checking host system type
configure:3954: result: mipsel-unknown-linux-uclibc
configure:3974: checking for a sed that does not truncate output
configure:4038: result: /home/bluebat/Dev/Toolchain/toolchain-mipsel_r2_gcc-4.7-linaro_uClibc-0.9.33.2/bin/sed
configure:4056: checking for grep that handles long lines and -e
configure:4114: result: /usr/bin/grep
configure:4119: checking for egrep
configure:4181: result: /usr/bin/grep -E
configure:4186: checking for fgrep
configure:4248: result: /usr/bin/grep -F
configure:4283: checking for ld used by mipsel-linux-uclibc-gcc
configure:4350: result: mipsel-linux-uclibc-ld
configure:4357: checking if the linker (mipsel-linux-uclibc-ld) is GNU ld
configure:4372: result: yes
configure:4389: checking how to run the C preprocessor
configure:4420: mipsel-linux-uclibc-gcc -E -fPIC -DNEED_PRINTF -Os -pipe -mips32r2 -mtune=74kc -mdspr2 -fno-caller-saves  -msoft-float  -mno-branch-likely -minterlink-mips16 -mips16 -I/home/bluebat/DEV/src/router/zlib/include conftest.c
configure:4420: $? = 0
configure:4434: mipsel-linux-uclibc-gcc -E -fPIC -DNEED_PRINTF -Os -pipe -mips32r2 -mtune=74kc -mdspr2 -fno-caller-saves  -msoft-float  -mno-branch-likely -minterlink-mips16 -mips16 -I/home/bluebat/DEV/src/router/zlib/include conftest.c
conftest.c:11:28: fatal error: ac_nonexistent.h: No such file or directory
compilation terminated.
configure:4434: $? = 1
configure: failed program was:
| /* confdefs.h */
| #define PACKAGE_NAME "libpng"
| #define PACKAGE_TARNAME "libpng"
| #define PACKAGE_VERSION "1.2.50"
| #define PACKAGE_STRING "libpng 1.2.50"
| #define PACKAGE_BUGREPORT "png-mng-implement@lists.sourceforge.net"
| #define PACKAGE_URL ""
| #define PACKAGE "libpng"
| #define VERSION "1.2.50"
| /* end confdefs.h.  */
| #include <ac_nonexistent.h>
configure:4459: result: mipsel-linux-uclibc-gcc -E
configure:4479: mipsel-linux-uclibc-gcc -E -fPIC -DNEED_PRINTF -Os -pipe -mips32r2 -mtune=74kc -mdspr2 -fno-caller-saves  -msoft-float  -mno-branch-likely -minterlink-mips16 -mips16 -I/home/bluebat/DEV/src/router/zlib/include conftest.c
configure:4479: $? = 0
configure:4493: mipsel-linux-uclibc-gcc -E -fPIC -DNEED_PRINTF -Os -pipe -mips32r2 -mtune=74kc -mdspr2 -fno-caller-saves  -msoft-float  -mno-branch-likely -minterlink-mips16 -mips16 -I/home/bluebat/DEV/src/router/zlib/include conftest.c
conftest.c:11:28: fatal error: ac_nonexistent.h: No such file or directory
compilation terminated.
configure:4493: $? = 1
configure: failed program was:
| /* confdefs.h */
| #define PACKAGE_NAME "libpng"
| #define PACKAGE_TARNAME "libpng"
| #define PACKAGE_VERSION "1.2.50"
| #define PACKAGE_STRING "libpng 1.2.50"
| #define PACKAGE_BUGREPORT "png-mng-implement@lists.sourceforge.net"
| #define PACKAGE_URL ""
| #define PACKAGE "libpng"
| #define VERSION "1.2.50"
| /* end confdefs.h.  */
| #include <ac_nonexistent.h>
configure:4524: checking for mipsel-linux-uclibc-sed
configure:4551: result: /home/bluebat/Dev/Toolchain/toolchain-mipsel_r2_gcc-4.7-linaro_uClibc-0.9.33.2/bin/sed
configure:4917: checking whether ln -s works
configure:4921: result: yes
configure:4928: checking whether make sets $(MAKE)
configure:4950: result: yes
configure:4984: checking for BSD- or MS-compatible name lister (nm)
configure:5033: result: mipsel-linux-uclibc-nm
configure:5151: checking the name lister (mipsel-linux-uclibc-nm) interface
configure:5158: mipsel-linux-uclibc-gcc -c -fPIC -DNEED_PRINTF -Os -pipe -mips32r2 -mtune=74kc -mdspr2 -fno-caller-saves  -msoft-float  -mno-branch-likely -minterlink-mips16 -mips16 -I/home/bluebat/DEV/src/router/zlib/include -fPIC -DNEED_PRINTF -Os -pipe -mips32r2 -mtune=74kc -mdspr2 -fno-caller-saves  -msoft-float  -mno-branch-likely -minterlink-mips16 -mips16 -I/home/bluebat/DEV/src/router/zlib/include conftest.c >&5
configure:5161: mipsel-linux-uclibc-nm "conftest.o"
configure:5164: output
00000000 B some_variable
configure:5171: result: BSD nm
configure:5175: checking the maximum length of command line arguments
configure:5295: result: 1572864
configure:5312: checking whether the shell understands some XSI constructs
configure:5322: result: yes
configure:5326: checking whether the shell understands "+="
configure:5332: result: yes
configure:5367: checking for mipsel-linux-uclibc-ld option to reload object files
configure:5374: result: -r
configure:5403: checking for mipsel-linux-uclibc-objdump
configure:5430: result: objdump
configure:5499: checking how to recognize dependent libraries
configure:5695: result: pass_all
configure:5715: checking for mipsel-linux-uclibc-ar
configure:5742: result: mipsel-linux-uclibc-ar
configure:5820: checking for mipsel-linux-uclibc-strip
configure:5847: result: @true
configure:5919: checking for mipsel-linux-uclibc-ranlib
configure:5946: result: mipsel-linux-uclibc-ranlib
configure:6076: checking command to parse mipsel-linux-uclibc-nm output from mipsel-linux-uclibc-gcc object
configure:6194: mipsel-linux-uclibc-gcc -c -fPIC -DNEED_PRINTF -Os -pipe -mips32r2 -mtune=74kc -mdspr2 -fno-caller-saves  -msoft-float  -mno-branch-likely -minterlink-mips16 -mips16 -I/home/bluebat/DEV/src/router/zlib/include -fPIC -DNEED_PRINTF -Os -pipe -mips32r2 -mtune=74kc -mdspr2 -fno-caller-saves  -msoft-float  -mno-branch-likely -minterlink-mips16 -mips16 -I/home/bluebat/DEV/src/router/zlib/include conftest.c >&5
configure:6197: $? = 0
configure:6201: mipsel-linux-uclibc-nm conftest.o \| sed -n -e 's/^.*[	 ]\([ABCDGIRSTW][ABCDGIRSTW]*\)[	 ][	 ]*\([_A-Za-z][_A-Za-z0-9]*\)$/\1 \2 \2/p' \> conftest.nm
configure:6204: $? = 0
configure:6258: mipsel-linux-uclibc-gcc -o conftest -fPIC -DNEED_PRINTF -Os -pipe -mips32r2 -mtune=74kc -mdspr2 -fno-caller-saves  -msoft-float  -mno-branch-likely -minterlink-mips16 -mips16 -I/home/bluebat/DEV/src/router/zlib/include -fPIC -DNEED_PRINTF -Os -pipe -mips32r2 -mtune=74kc -mdspr2 -fno-caller-saves  -msoft-float  -mno-branch-likely -minterlink-mips16 -mips16 -I/home/bluebat/DEV/src/router/zlib/include -L/home/bluebat/DEV/src/router/zlib conftest.c conftstm.o >&5
configure:6261: $? = 0
configure:6299: result: ok
configure:7104: checking for ANSI C header files
configure:7124: mipsel-linux-uclibc-gcc -c -fPIC -DNEED_PRINTF -Os -pipe -mips32r2 -mtune=74kc -mdspr2 -fno-caller-saves  -msoft-float  -mno-branch-likely -minterlink-mips16 -mips16 -I/home/bluebat/DEV/src/router/zlib/include -fPIC -DNEED_PRINTF -Os -pipe -mips32r2 -mtune=74kc -mdspr2 -fno-caller-saves  -msoft-float  -mno-branch-likely -minterlink-mips16 -mips16 -I/home/bluebat/DEV/src/router/zlib/include conftest.c >&5
configure:7124: $? = 0
configure:7208: result: yes
configure:7221: checking for sys/types.h
configure:7221: mipsel-linux-uclibc-gcc -c -fPIC -DNEED_PRINTF -Os -pipe -mips32r2 -mtune=74kc -mdspr2 -fno-caller-saves  -msoft-float  -mno-branch-likely -minterlink-mips16 -mips16 -I/home/bluebat/DEV/src/router/zlib/include -fPIC -DNEED_PRINTF -Os -pipe -mips32r2 -mtune=74kc -mdspr2 -fno-caller-saves  -msoft-float  -mno-branch-likely -minterlink-mips16 -mips16 -I/home/bluebat/DEV/src/router/zlib/include conftest.c >&5
configure:7221: $? = 0
configure:7221: result: yes
configure:7221: checking for sys/stat.h
configure:7221: mipsel-linux-uclibc-gcc -c -fPIC -DNEED_PRINTF -Os -pipe -mips32r2 -mtune=74kc -mdspr2 -fno-caller-saves  -msoft-float  -mno-branch-likely -minterlink-mips16 -mips16 -I/home/bluebat/DEV/src/router/zlib/include -fPIC -DNEED_PRINTF -Os -pipe -mips32r2 -mtune=74kc -mdspr2 -fno-caller-saves  -msoft-float  -mno-branch-likely -minterlink-mips16 -mips16 -I/home/bluebat/DEV/src/router/zlib/include conftest.c >&5
configure:7221: $? = 0
configure:7221: result: yes
configure:7221: checking for stdlib.h
configure:7221: mipsel-linux-uclibc-gcc -c -fPIC -DNEED_PRINTF -Os -pipe -mips32r2 -mtune=74kc -mdspr2 -fno-caller-saves  -msoft-float  -mno-branch-likely -minterlink-mips16 -mips16 -I/home/bluebat/DEV/src/router/zlib/include -fPIC -DNEED_PRINTF -Os -pipe -mips32r2 -mtune=74kc -mdspr2 -fno-caller-saves  -msoft-float  -mno-branch-likely -minterlink-mips16 -mips16 -I/home/bluebat/DEV/src/router/zlib/include conftest.c >&5
configure:7221: $? = 0
configure:7221: result: yes
configure:7221: checking for string.h
configure:7221: mipsel-linux-uclibc-gcc -c -fPIC -DNEED_PRINTF -Os -pipe -mips32r2 -mtune=74kc -mdspr2 -fno-caller-saves  -msoft-float  -mno-branch-likely -minterlink-mips16 -mips16 -I/home/bluebat/DEV/src/router/zlib/include -fPIC -DNEED_PRINTF -Os -pipe -mips32r2 -mtune=74kc -mdspr2 -fno-caller-saves  -msoft-float  -mno-branch-likely -minterlink-mips16 -mips16 -I/home/bluebat/DEV/src/router/zlib/include conftest.c >&5
configure:7221: $? = 0
configure:7221: result: yes
configure:7221: checking for memory.h
configure:7221: mipsel-linux-uclibc-gcc -c -fPIC -DNEED_PRINTF -Os -pipe -mips32r2 -mtune=74kc -mdspr2 -fno-caller-saves  -msoft-float  -mno-branch-likely -minterlink-mips16 -mips16 -I/home/bluebat/DEV/src/router/zlib/include -fPIC -DNEED_PRINTF -Os -pipe -mips32r2 -mtune=74kc -mdspr2 -fno-caller-saves  -msoft-float  -mno-branch-likely -minterlink-mips16 -mips16 -I/home/bluebat/DEV/src/router/zlib/include conftest.c >&5
configure:7221: $? = 0
configure:7221: result: yes
configure:7221: checking for strings.h
configure:7221: mipsel-linux-uclibc-gcc -c -fPIC -DNEED_PRINTF -Os -pipe -mips32r2 -mtune=74kc -mdspr2 -fno-caller-saves  -msoft-float  -mno-branch-likely -minterlink-mips16 -mips16 -I/home/bluebat/DEV/src/router/zlib/include -fPIC -DNEED_PRINTF -Os -pipe -mips32r2 -mtune=74kc -mdspr2 -fno-caller-saves  -msoft-float  -mno-branch-likely -minterlink-mips16 -mips16 -I/home/bluebat/DEV/src/router/zlib/include conftest.c >&5
configure:7221: $? = 0
configure:7221: result: yes
configure:7221: checking for inttypes.h
configure:7221: mipsel-linux-uclibc-gcc -c -fPIC -DNEED_PRINTF -Os -pipe -mips32r2 -mtune=74kc -mdspr2 -fno-caller-saves  -msoft-float  -mno-branch-likely -minterlink-mips16 -mips16 -I/home/bluebat/DEV/src/router/zlib/include -fPIC -DNEED_PRINTF -Os -pipe -mips32r2 -mtune=74kc -mdspr2 -fno-caller-saves  -msoft-float  -mno-branch-likely -minterlink-mips16 -mips16 -I/home/bluebat/DEV/src/router/zlib/include conftest.c >&5
configure:7221: $? = 0
configure:7221: result: yes
configure:7221: checking for stdint.h
configure:7221: mipsel-linux-uclibc-gcc -c -fPIC -DNEED_PRINTF -Os -pipe -mips32r2 -mtune=74kc -mdspr2 -fno-caller-saves  -msoft-float  -mno-branch-likely -minterlink-mips16 -mips16 -I/home/bluebat/DEV/src/router/zlib/include -fPIC -DNEED_PRINTF -Os -pipe -mips32r2 -mtune=74kc -mdspr2 -fno-caller-saves  -msoft-float  -mno-branch-likely -minterlink-mips16 -mips16 -I/home/bluebat/DEV/src/router/zlib/include conftest.c >&5
configure:7221: $? = 0
configure:7221: result: yes
configure:7221: checking for unistd.h
configure:7221: mipsel-linux-uclibc-gcc -c -fPIC -DNEED_PRINTF -Os -pipe -mips32r2 -mtune=74kc -mdspr2 -fno-caller-saves  -msoft-float  -mno-branch-likely -minterlink-mips16 -mips16 -I/home/bluebat/DEV/src/router/zlib/include -fPIC -DNEED_PRINTF -Os -pipe -mips32r2 -mtune=74kc -mdspr2 -fno-caller-saves  -msoft-float  -mno-branch-likely -minterlink-mips16 -mips16 -I/home/bluebat/DEV/src/router/zlib/include conftest.c >&5
configure:7221: $? = 0
configure:7221: result: yes
configure:7236: checking for dlfcn.h
configure:7236: mipsel-linux-uclibc-gcc -c -fPIC -DNEED_PRINTF -Os -pipe -mips32r2 -mtune=74kc -mdspr2 -fno-caller-saves  -msoft-float  -mno-branch-likely -minterlink-mips16 -mips16 -I/home/bluebat/DEV/src/router/zlib/include -fPIC -DNEED_PRINTF -Os -pipe -mips32r2 -mtune=74kc -mdspr2 -fno-caller-saves  -msoft-float  -mno-branch-likely -minterlink-mips16 -mips16 -I/home/bluebat/DEV/src/router/zlib/include conftest.c >&5
configure:7236: $? = 0
configure:7236: result: yes
configure:7418: checking for objdir
configure:7433: result: .libs
configure:7725: checking if mipsel-linux-uclibc-gcc supports -fno-rtti -fno-exceptions
configure:7743: mipsel-linux-uclibc-gcc -c -fPIC -DNEED_PRINTF -Os -pipe -mips32r2 -mtune=74kc -mdspr2 -fno-caller-saves  -msoft-float  -mno-branch-likely -minterlink-mips16 -mips16 -I/home/bluebat/DEV/src/router/zlib/include -fPIC -DNEED_PRINTF -Os -pipe -mips32r2 -mtune=74kc -mdspr2 -fno-caller-saves  -msoft-float  -mno-branch-likely -minterlink-mips16 -mips16 -I/home/bluebat/DEV/src/router/zlib/include -fno-rtti -fno-exceptions conftest.c >&5
cc1: warning: command line option '-fno-rtti' is valid for C++/ObjC++ but not for C [enabled by default]
configure:7747: $? = 0
configure:7760: result: no
configure:7780: checking for mipsel-linux-uclibc-gcc option to produce PIC
configure:8052: result: -fPIC -DPIC
configure:8064: checking if mipsel-linux-uclibc-gcc PIC flag -fPIC -DPIC works
configure:8082: mipsel-linux-uclibc-gcc -c -fPIC -DNEED_PRINTF -Os -pipe -mips32r2 -mtune=74kc -mdspr2 -fno-caller-saves  -msoft-float  -mno-branch-likely -minterlink-mips16 -mips16 -I/home/bluebat/DEV/src/router/zlib/include -fPIC -DNEED_PRINTF -Os -pipe -mips32r2 -mtune=74kc -mdspr2 -fno-caller-saves  -msoft-float  -mno-branch-likely -minterlink-mips16 -mips16 -I/home/bluebat/DEV/src/router/zlib/include -fPIC -DPIC -DPIC conftest.c >&5
configure:8086: $? = 0
configure:8099: result: yes
configure:8123: checking if mipsel-linux-uclibc-gcc static flag -static works
configure:8151: result: yes
configure:8166: checking if mipsel-linux-uclibc-gcc supports -c -o file.o
configure:8187: mipsel-linux-uclibc-gcc -c -fPIC -DNEED_PRINTF -Os -pipe -mips32r2 -mtune=74kc -mdspr2 -fno-caller-saves  -msoft-float  -mno-branch-likely -minterlink-mips16 -mips16 -I/home/bluebat/DEV/src/router/zlib/include -fPIC -DNEED_PRINTF -Os -pipe -mips32r2 -mtune=74kc -mdspr2 -fno-caller-saves  -msoft-float  -mno-branch-likely -minterlink-mips16 -mips16 -I/home/bluebat/DEV/src/router/zlib/include -o out/conftest2.o conftest.c >&5
configure:8191: $? = 0
configure:8213: result: yes
configure:8221: checking if mipsel-linux-uclibc-gcc supports -c -o file.o
configure:8268: result: yes
configure:8301: checking whether the mipsel-linux-uclibc-gcc linker (mipsel-linux-uclibc-ld) supports shared libraries
configure:9287: result: yes
configure:9526: checking dynamic linker characteristics
configure:9959: mipsel-linux-uclibc-gcc -o conftest -fPIC -DNEED_PRINTF -Os -pipe -mips32r2 -mtune=74kc -mdspr2 -fno-caller-saves  -msoft-float  -mno-branch-likely -minterlink-mips16 -mips16 -I/home/bluebat/DEV/src/router/zlib/include -fPIC -DNEED_PRINTF -Os -pipe -mips32r2 -mtune=74kc -mdspr2 -fno-caller-saves  -msoft-float  -mno-branch-likely -minterlink-mips16 -mips16 -I/home/bluebat/DEV/src/router/zlib/include -L/home/bluebat/DEV/src/router/zlib -Wl,-rpath -Wl,/foo conftest.c  >&5
configure:9959: $? = 0
configure:10177: result: GNU/Linux ld.so
configure:10279: checking how to hardcode library paths into programs
configure:10304: result: immediate
configure:10824: checking whether stripping libraries is possible
configure:10846: result: no
configure:10864: checking if libtool supports shared libraries
configure:10866: result: yes
configure:10869: checking whether to build shared libraries
configure:10890: result: no
configure:10893: checking whether to build static libraries
configure:10897: result: yes
configure:10934: checking for ANSI C header files
configure:11038: result: yes
configure:11049: checking malloc.h usability
configure:11049: mipsel-linux-uclibc-gcc -c -fPIC -DNEED_PRINTF -Os -pipe -mips32r2 -mtune=74kc -mdspr2 -fno-caller-saves  -msoft-float  -mno-branch-likely -minterlink-mips16 -mips16 -I/home/bluebat/DEV/src/router/zlib/include -fPIC -DNEED_PRINTF -Os -pipe -mips32r2 -mtune=74kc -mdspr2 -fno-caller-saves  -msoft-float  -mno-branch-likely -minterlink-mips16 -mips16 -I/home/bluebat/DEV/src/router/zlib/include conftest.c >&5
configure:11049: $? = 0
configure:11049: result: yes
configure:11049: checking malloc.h presence
configure:11049: mipsel-linux-uclibc-gcc -E -fPIC -DNEED_PRINTF -Os -pipe -mips32r2 -mtune=74kc -mdspr2 -fno-caller-saves  -msoft-float  -mno-branch-likely -minterlink-mips16 -mips16 -I/home/bluebat/DEV/src/router/zlib/include conftest.c
configure:11049: $? = 0
configure:11049: result: yes
configure:11049: checking for malloc.h
configure:11049: result: yes
configure:11049: checking for stdlib.h
configure:11049: result: yes
configure:11049: checking for string.h
configure:11049: result: yes
configure:11049: checking for strings.h
configure:11049: result: yes
configure:11062: checking for an ANSI C-conforming const
configure:11127: mipsel-linux-uclibc-gcc -c -fPIC -DNEED_PRINTF -Os -pipe -mips32r2 -mtune=74kc -mdspr2 -fno-caller-saves  -msoft-float  -mno-branch-likely -minterlink-mips16 -mips16 -I/home/bluebat/DEV/src/router/zlib/include -fPIC -DNEED_PRINTF -Os -pipe -mips32r2 -mtune=74kc -mdspr2 -fno-caller-saves  -msoft-float  -mno-branch-likely -minterlink-mips16 -mips16 -I/home/bluebat/DEV/src/router/zlib/include conftest.c >&5
configure:11127: $? = 0
configure:11134: result: yes
configure:11142: checking for size_t
configure:11142: mipsel-linux-uclibc-gcc -c -fPIC -DNEED_PRINTF -Os -pipe -mips32r2 -mtune=74kc -mdspr2 -fno-caller-saves  -msoft-float  -mno-branch-likely -minterlink-mips16 -mips16 -I/home/bluebat/DEV/src/router/zlib/include -fPIC -DNEED_PRINTF -Os -pipe -mips32r2 -mtune=74kc -mdspr2 -fno-caller-saves  -msoft-float  -mno-branch-likely -minterlink-mips16 -mips16 -I/home/bluebat/DEV/src/router/zlib/include conftest.c >&5
configure:11142: $? = 0
configure:11142: mipsel-linux-uclibc-gcc -c -fPIC -DNEED_PRINTF -Os -pipe -mips32r2 -mtune=74kc -mdspr2 -fno-caller-saves  -msoft-float  -mno-branch-likely -minterlink-mips16 -mips16 -I/home/bluebat/DEV/src/router/zlib/include -fPIC -DNEED_PRINTF -Os -pipe -mips32r2 -mtune=74kc -mdspr2 -fno-caller-saves  -msoft-float  -mno-branch-likely -minterlink-mips16 -mips16 -I/home/bluebat/DEV/src/router/zlib/include conftest.c >&5
conftest.c: In function 'main':
conftest.c:64:21: error: expected expression before ')' token
configure:11142: $? = 1
configure: failed program was:
| /* confdefs.h */
| #define PACKAGE_NAME "libpng"
| #define PACKAGE_TARNAME "libpng"
| #define PACKAGE_VERSION "1.2.50"
| #define PACKAGE_STRING "libpng 1.2.50"
| #define PACKAGE_BUGREPORT "png-mng-implement@lists.sourceforge.net"
| #define PACKAGE_URL ""
| #define PACKAGE "libpng"
| #define VERSION "1.2.50"
| #define STDC_HEADERS 1
| #define HAVE_SYS_TYPES_H 1
| #define HAVE_SYS_STAT_H 1
| #define HAVE_STDLIB_H 1
| #define HAVE_STRING_H 1
| #define HAVE_MEMORY_H 1
| #define HAVE_STRINGS_H 1
| #define HAVE_INTTYPES_H 1
| #define HAVE_STDINT_H 1
| #define HAVE_UNISTD_H 1
| #define HAVE_DLFCN_H 1
| #define LT_OBJDIR ".libs/"
| #define STDC_HEADERS 1
| #define HAVE_MALLOC_H 1
| #define HAVE_STDLIB_H 1
| #define HAVE_STRING_H 1
| #define HAVE_STRINGS_H 1
| /* end confdefs.h.  */
| #include <stdio.h>
| #ifdef HAVE_SYS_TYPES_H
| # include <sys/types.h>
| #endif
| #ifdef HAVE_SYS_STAT_H
| # include <sys/stat.h>
| #endif
| #ifdef STDC_HEADERS
| # include <stdlib.h>
| # include <stddef.h>
| #else
| # ifdef HAVE_STDLIB_H
| #  include <stdlib.h>
| # endif
| #endif
| #ifdef HAVE_STRING_H
| # if !defined STDC_HEADERS && defined HAVE_MEMORY_H
| #  include <memory.h>
| # endif
| # include <string.h>
| #endif
| #ifdef HAVE_STRINGS_H
| # include <strings.h>
| #endif
| #ifdef HAVE_INTTYPES_H
| # include <inttypes.h>
| #endif
| #ifdef HAVE_STDINT_H
| # include <stdint.h>
| #endif
| #ifdef HAVE_UNISTD_H
| # include <unistd.h>
| #endif
| int
| main ()
| {
| if (sizeof ((size_t)))
| 	    return 0;
|   ;
|   return 0;
| }
configure:11142: result: yes
configure:11153: checking whether struct tm is in sys/time.h or time.h
configure:11173: mipsel-linux-uclibc-gcc -c -fPIC -DNEED_PRINTF -Os -pipe -mips32r2 -mtune=74kc -mdspr2 -fno-caller-saves  -msoft-float  -mno-branch-likely -minterlink-mips16 -mips16 -I/home/bluebat/DEV/src/router/zlib/include -fPIC -DNEED_PRINTF -Os -pipe -mips32r2 -mtune=74kc -mdspr2 -fno-caller-saves  -msoft-float  -mno-branch-likely -minterlink-mips16 -mips16 -I/home/bluebat/DEV/src/router/zlib/include conftest.c >&5
configure:11173: $? = 0
configure:11180: result: time.h
configure:11190: checking for working strtod
configure:11241: result: no
configure:11250: checking for pow
configure:11250: mipsel-linux-uclibc-gcc -o conftest -fPIC -DNEED_PRINTF -Os -pipe -mips32r2 -mtune=74kc -mdspr2 -fno-caller-saves  -msoft-float  -mno-branch-likely -minterlink-mips16 -mips16 -I/home/bluebat/DEV/src/router/zlib/include -fPIC -DNEED_PRINTF -Os -pipe -mips32r2 -mtune=74kc -mdspr2 -fno-caller-saves  -msoft-float  -mno-branch-likely -minterlink-mips16 -mips16 -I/home/bluebat/DEV/src/router/zlib/include -L/home/bluebat/DEV/src/router/zlib conftest.c  >&5
conftest.c:51:6: warning: conflicting types for built-in function 'pow' [enabled by default]
/tmp/ccSEo1a1.o: In function `main':
conftest.c:(.text.startup+0x16): undefined reference to `pow'
collect2: error: ld returned 1 exit status
configure:11250: $? = 1
configure: failed program was:
| /* confdefs.h */
| #define PACKAGE_NAME "libpng"
| #define PACKAGE_TARNAME "libpng"
| #define PACKAGE_VERSION "1.2.50"
| #define PACKAGE_STRING "libpng 1.2.50"
| #define PACKAGE_BUGREPORT "png-mng-implement@lists.sourceforge.net"
| #define PACKAGE_URL ""
| #define PACKAGE "libpng"
| #define VERSION "1.2.50"
| #define STDC_HEADERS 1
| #define HAVE_SYS_TYPES_H 1
| #define HAVE_SYS_STAT_H 1
| #define HAVE_STDLIB_H 1
| #define HAVE_STRING_H 1
| #define HAVE_MEMORY_H 1
| #define HAVE_STRINGS_H 1
| #define HAVE_INTTYPES_H 1
| #define HAVE_STDINT_H 1
| #define HAVE_UNISTD_H 1
| #define HAVE_DLFCN_H 1
| #define LT_OBJDIR ".libs/"
| #define STDC_HEADERS 1
| #define HAVE_MALLOC_H 1
| #define HAVE_STDLIB_H 1
| #define HAVE_STRING_H 1
| #define HAVE_STRINGS_H 1
| /* end confdefs.h.  */
| /* Define pow to an innocuous variant, in case <limits.h> declares pow.
|    For example, HP-UX 11i <limits.h> declares gettimeofday.  */
| #define pow innocuous_pow
| 
| /* System header to define __stub macros and hopefully few prototypes,
|     which can conflict with char pow (); below.
|     Prefer <limits.h> to <assert.h> if __STDC__ is defined, since
|     <limits.h> exists even on freestanding compilers.  */
| 
| #ifdef __STDC__
| # include <limits.h>
| #else
| # include <assert.h>
| #endif
| 
| #undef pow
| 
| /* Override any GCC internal prototype to avoid an error.
|    Use char because int might match the return type of a GCC
|    builtin and then its argument prototype would still apply.  */
| #ifdef __cplusplus
| extern "C"
| #endif
| char pow ();
| /* The GNU C library defines this for functions which it implements
|     to always fail with ENOSYS.  Some functions are actually named
|     something starting with __ and the normal name is an alias.  */
| #if defined __stub_pow || defined __stub___pow
| choke me
| #endif
| 
| int
| main ()
| {
| return pow ();
|   ;
|   return 0;
| }
configure:11250: result: no
configure:11256: checking for pow in -lm
configure:11281: mipsel-linux-uclibc-gcc -o conftest -fPIC -DNEED_PRINTF -Os -pipe -mips32r2 -mtune=74kc -mdspr2 -fno-caller-saves  -msoft-float  -mno-branch-likely -minterlink-mips16 -mips16 -I/home/bluebat/DEV/src/router/zlib/include -fPIC -DNEED_PRINTF -Os -pipe -mips32r2 -mtune=74kc -mdspr2 -fno-caller-saves  -msoft-float  -mno-branch-likely -minterlink-mips16 -mips16 -I/home/bluebat/DEV/src/router/zlib/include -L/home/bluebat/DEV/src/router/zlib conftest.c -lm   >&5
conftest.c:35:6: warning: conflicting types for built-in function 'pow' [enabled by default]
configure:11281: $? = 0
configure:11290: result: yes
configure:11305: checking for memset
configure:11305: mipsel-linux-uclibc-gcc -o conftest -fPIC -DNEED_PRINTF -Os -pipe -mips32r2 -mtune=74kc -mdspr2 -fno-caller-saves  -msoft-float  -mno-branch-likely -minterlink-mips16 -mips16 -I/home/bluebat/DEV/src/router/zlib/include -fPIC -DNEED_PRINTF -Os -pipe -mips32r2 -mtune=74kc -mdspr2 -fno-caller-saves  -msoft-float  -mno-branch-likely -minterlink-mips16 -mips16 -I/home/bluebat/DEV/src/router/zlib/include -L/home/bluebat/DEV/src/router/zlib conftest.c  >&5
conftest.c:51:6: warning: conflicting types for built-in function 'memset' [enabled by default]
configure:11305: $? = 0
configure:11305: result: yes
configure:11318: checking for pow
configure:11318: result: no
configure:11325: checking for pow in -lm
configure:11359: result: yes
configure:11375: checking for zlibVersion in -lz
configure:11400: mipsel-linux-uclibc-gcc -o conftest -fPIC -DNEED_PRINTF -Os -pipe -mips32r2 -mtune=74kc -mdspr2 -fno-caller-saves  -msoft-float  -mno-branch-likely -minterlink-mips16 -mips16 -I/home/bluebat/DEV/src/router/zlib/include -fPIC -DNEED_PRINTF -Os -pipe -mips32r2 -mtune=74kc -mdspr2 -fno-caller-saves  -msoft-float  -mno-branch-likely -minterlink-mips16 -mips16 -I/home/bluebat/DEV/src/router/zlib/include -L/home/bluebat/DEV/src/router/zlib conftest.c -lz  -lm  >&5
configure:11400: $? = 0
configure:11409: result: yes
configure:11429: checking if assembler code in pnggccrd.c can be compiled without PNG_NO_MMX_CODE
configure:11442: mipsel-linux-uclibc-gcc -c -fPIC -DNEED_PRINTF -Os -pipe -mips32r2 -mtune=74kc -mdspr2 -fno-caller-saves  -msoft-float  -mno-branch-likely -minterlink-mips16 -mips16 -I/home/bluebat/DEV/src/router/zlib/include -fPIC -DNEED_PRINTF -Os -pipe -mips32r2 -mtune=74kc -mdspr2 -fno-caller-saves  -msoft-float  -mno-branch-likely -minterlink-mips16 -mips16 -I/home/bluebat/DEV/src/router/zlib/include conftest.c >&5
configure:11442: $? = 0
configure:11443: result: yes
configure:11456: checking if libraries can be versioned
configure:11461: result: yes
configure:11480: checking for symbol prefix
configure:11487: result: 
configure:11509: pkgconfig directory is ${libdir}/pkgconfig
configure:11679: creating ./config.status

## ---------------------- ##
## Running config.status. ##
## ---------------------- ##

This file was extended by libpng config.status 1.2.50, which was
generated by GNU Autoconf 2.65.  Invocation command line was

  CONFIG_FILES    = 
  CONFIG_HEADERS  = 
  CONFIG_LINKS    = 
  CONFIG_COMMANDS = 
  $ ./config.status 

on linux-vm-os64.site

config.status:1094: creating Makefile
config.status:1094: creating libpng.pc
config.status:1094: creating libpng-config
config.status:1094: creating config.h
config.status:1266: config.h is unchanged
config.status:1314: executing depfiles commands
config.status:1314: executing libtool commands

## ---------------- ##
## Cache variables. ##
## ---------------- ##

ac_cv_build=x86_64-unknown-linux-gnu
ac_cv_c_compiler_gnu=yes
ac_cv_c_const=yes
ac_cv_env_CC_set=set
ac_cv_env_CC_value=mipsel-linux-uclibc-gcc
ac_cv_env_CFLAGS_set=set
ac_cv_env_CFLAGS_value='-fPIC -DNEED_PRINTF -Os -pipe -mips32r2 -mtune=74kc -mdspr2 -fno-caller-saves  -msoft-float  -mno-branch-likely -minterlink-mips16 -mips16 -I/home/bluebat/DEV/src/router/zlib/include'
ac_cv_env_CPPFLAGS_set=set
ac_cv_env_CPPFLAGS_value='-fPIC -DNEED_PRINTF -Os -pipe -mips32r2 -mtune=74kc -mdspr2 -fno-caller-saves  -msoft-float  -mno-branch-likely -minterlink-mips16 -mips16 -I/home/bluebat/DEV/src/router/zlib/include'
ac_cv_env_CPP_set=
ac_cv_env_CPP_value=
ac_cv_env_LDFLAGS_set=set
ac_cv_env_LDFLAGS_value=-L/home/bluebat/DEV/src/router/zlib
ac_cv_env_LIBS_set=
ac_cv_env_LIBS_value=
ac_cv_env_build_alias_set=
ac_cv_env_build_alias_value=
ac_cv_env_host_alias_set=set
ac_cv_env_host_alias_value=mipsel-linux-uclibc
ac_cv_env_target_alias_set=
ac_cv_env_target_alias_value=
ac_cv_func_memset=yes
ac_cv_func_mmap_fixed_mapped='yes '
ac_cv_func_posix_getgrgid_r=no
ac_cv_func_posix_getpwuid_r=no
ac_cv_func_pow=no
ac_cv_func_strtod=no
ac_cv_header_dlfcn_h=yes
ac_cv_header_inttypes_h=yes
ac_cv_header_malloc_h=yes
ac_cv_header_memory_h=yes
ac_cv_header_stdc=yes
ac_cv_header_stdint_h=yes
ac_cv_header_stdlib_h=yes
ac_cv_header_string_h=yes
ac_cv_header_strings_h=yes
ac_cv_header_sys_stat_h=yes
ac_cv_header_sys_types_h=yes
ac_cv_header_unistd_h=yes
ac_cv_host=mipsel-unknown-linux-uclibc
ac_cv_lib_m_pow=yes
ac_cv_lib_rt_clock_gettime=no
ac_cv_lib_z_zlibVersion=yes
ac_cv_objext=o
ac_cv_path_EGREP='/usr/bin/grep -E'
ac_cv_path_FGREP='/usr/bin/grep -F'
ac_cv_path_GREP=/usr/bin/grep
ac_cv_path_SED=/home/bluebat/Dev/Toolchain/toolchain-mipsel_r2_gcc-4.7-linaro_uClibc-0.9.33.2/bin/sed
ac_cv_path_install='/usr/bin/install -c'
ac_cv_path_mkdir=/usr/bin/mkdir
ac_cv_prog_AR=mipsel-linux-uclibc-ar
ac_cv_prog_AWK=gawk
ac_cv_prog_CC=mipsel-linux-uclibc-gcc
ac_cv_prog_CPP='mipsel-linux-uclibc-gcc -E'
ac_cv_prog_OBJDUMP=objdump
ac_cv_prog_RANLIB=mipsel-linux-uclibc-ranlib
ac_cv_prog_SED=/home/bluebat/Dev/Toolchain/toolchain-mipsel_r2_gcc-4.7-linaro_uClibc-0.9.33.2/bin/sed
ac_cv_prog_STRIP=@true
ac_cv_prog_cc_c89=
ac_cv_prog_cc_g=yes
ac_cv_prog_make_make_set=yes
ac_cv_struct_tm=time.h
ac_cv_type_size_t=yes
am_cv_CC_dependencies_compiler_type=gcc3
glib_cv_stack_grows='no '
glib_cv_uscore='no '
lt_cv_deplibs_check_method=pass_all
lt_cv_file_magic_cmd='$MAGIC_CMD'
lt_cv_file_magic_test_file=
lt_cv_ld_reload_flag=-r
lt_cv_nm_interface='BSD nm'
lt_cv_objdir=.libs
lt_cv_path_LD=mipsel-linux-uclibc-ld
lt_cv_path_NM=mipsel-linux-uclibc-nm
lt_cv_prog_compiler_c_o=yes
lt_cv_prog_compiler_pic_works=yes
lt_cv_prog_compiler_rtti_exceptions=no
lt_cv_prog_compiler_static_works=yes
lt_cv_prog_gnu_ld=yes
lt_cv_sys_global_symbol_pipe='sed -n -e '\''s/^.*[	 ]\([ABCDGIRSTW][ABCDGIRSTW]*\)[	 ][	 ]*\([_A-Za-z][_A-Za-z0-9]*\)$/\1 \2 \2/p'\'''
lt_cv_sys_global_symbol_to_c_name_address='sed -n -e '\''s/^: \([^ ]*\) $/  {\"\1\", (void *) 0},/p'\'' -e '\''s/^[ABCDGIRSTW]* \([^ ]*\) \([^ ]*\)$/  {"\2", (void *) \&\2},/p'\'''
lt_cv_sys_global_symbol_to_c_name_address_lib_prefix='sed -n -e '\''s/^: \([^ ]*\) $/  {\"\1\", (void *) 0},/p'\'' -e '\''s/^[ABCDGIRSTW]* \([^ ]*\) \(lib[^ ]*\)$/  {"\2", (void *) \&\2},/p'\'' -e '\''s/^[ABCDGIRSTW]* \([^ ]*\) \([^ ]*\)$/  {"lib\2", (void *) \&\2},/p'\'''
lt_cv_sys_global_symbol_to_cdecl='sed -n -e '\''s/^T .* \(.*\)$/extern int \1();/p'\'' -e '\''s/^[ABCDGIRSTW]* .* \(.*\)$/extern char \1;/p'\'''
lt_cv_sys_max_cmd_len=1572864

## ----------------- ##
## Output variables. ##
## ----------------- ##

ACLOCAL='${SHELL} /home/bluebat/DEV/src/router/libgd/libpng/missing --run aclocal-1.11'
AMDEPBACKSLASH='\'
AMDEP_FALSE='#'
AMDEP_TRUE=''
AMTAR='${SHELL} /home/bluebat/DEV/src/router/libgd/libpng/missing --run tar'
AR='mipsel-linux-uclibc-ar'
AS='mipsel-linux-uclibc-as'
AUTOCONF='${SHELL} /home/bluebat/DEV/src/router/libgd/libpng/missing --run autoconf'
AUTOHEADER='${SHELL} /home/bluebat/DEV/src/router/libgd/libpng/missing --run autoheader'
AUTOMAKE='${SHELL} /home/bluebat/DEV/src/router/libgd/libpng/missing --run automake-1.11'
AWK='gawk'
CC='mipsel-linux-uclibc-gcc'
CCDEPMODE='depmode=gcc3'
CFLAGS='-fPIC -DNEED_PRINTF -Os -pipe -mips32r2 -mtune=74kc -mdspr2 -fno-caller-saves  -msoft-float  -mno-branch-likely -minterlink-mips16 -mips16 -I/home/bluebat/DEV/src/router/zlib/include'
CPP='mipsel-linux-uclibc-gcc -E'
CPPFLAGS='-fPIC -DNEED_PRINTF -Os -pipe -mips32r2 -mtune=74kc -mdspr2 -fno-caller-saves  -msoft-float  -mno-branch-likely -minterlink-mips16 -mips16 -I/home/bluebat/DEV/src/router/zlib/include'
CYGPATH_W='echo'
DEFS='-DHAVE_CONFIG_H'
DEPDIR='.deps'
DLLTOOL='dlltool'
DSYMUTIL=''
DUMPBIN=''
ECHO_C=''
ECHO_N='-n'
ECHO_T=''
EGREP='/usr/bin/grep -E'
EXEEXT=''
FGREP='/usr/bin/grep -F'
GREP='/usr/bin/grep'
HAVE_LD_VERSION_SCRIPT_FALSE='#'
HAVE_LD_VERSION_SCRIPT_TRUE=''
INSTALL_DATA='${INSTALL} -m 644'
INSTALL_PROGRAM='${INSTALL}'
INSTALL_SCRIPT='${INSTALL}'
INSTALL_STRIP_PROGRAM='$(install_sh) -c -s'
LD='mipsel-linux-uclibc-ld'
LDFLAGS='-L/home/bluebat/DEV/src/router/zlib'
LIBOBJS=' ${LIBOBJDIR}strtod$U.o'
LIBPNG_DEFINES='-DPNG_CONFIGURE_LIBPNG '
LIBPNG_NO_MMX=''
LIBS='-lz -lm '
LIBTOOL='$(SHELL) $(top_builddir)/libtool'
LIPO=''
LN_S='ln -s'
LTLIBOBJS=' ${LIBOBJDIR}strtod$U.lo'
MAINT='#'
MAINTAINER_MODE_FALSE=''
MAINTAINER_MODE_TRUE='#'
MAKEINFO='${SHELL} /home/bluebat/DEV/src/router/libgd/libpng/missing --run makeinfo'
MKDIR_P='/usr/bin/mkdir -p'
NM='mipsel-linux-uclibc-nm'
NMEDIT=''
OBJDUMP='objdump'
OBJEXT='o'
OTOOL64=''
OTOOL=''
PACKAGE='libpng'
PACKAGE_BUGREPORT='png-mng-implement@lists.sourceforge.net'
PACKAGE_NAME='libpng'
PACKAGE_STRING='libpng 1.2.50'
PACKAGE_TARNAME='libpng'
PACKAGE_URL=''
PACKAGE_VERSION='1.2.50'
PATH_SEPARATOR=':'
PNGLIB_MAJOR='1'
PNGLIB_MINOR='2'
PNGLIB_RELEASE='50'
PNGLIB_VERSION='1.2.50'
POW_LIB='-lm'
RANLIB='mipsel-linux-uclibc-ranlib'
SED='/home/bluebat/Dev/Toolchain/toolchain-mipsel_r2_gcc-4.7-linaro_uClibc-0.9.33.2/bin/sed'
SET_MAKE=''
SHELL='/bin/sh'
STRIP='@true'
SYMBOL_PREFIX=''
VERSION='1.2.50'
ac_ct_CC=''
ac_ct_DUMPBIN=''
am__EXEEXT_FALSE=''
am__EXEEXT_TRUE='#'
am__fastdepCC_FALSE='#'
am__fastdepCC_TRUE=''
am__include='include'
am__isrc=''
am__leading_dot='.'
am__quote=''
am__tar='${AMTAR} chof - "$$tardir"'
am__untar='${AMTAR} xf -'
binconfigs='${binconfigs}'
bindir='${exec_prefix}/bin'
build='x86_64-unknown-linux-gnu'
build_alias=''
build_cpu='x86_64'
build_os='linux-gnu'
build_vendor='unknown'
compatlib='libpng.la'
datadir='${datarootdir}'
datarootdir='${prefix}/share'
docdir='${datarootdir}/doc/${PACKAGE_TARNAME}'
dvidir='${docdir}'
exec_prefix='${prefix}'
host='mipsel-unknown-linux-uclibc'
host_alias='mipsel-linux-uclibc'
host_cpu='mipsel'
host_os='linux-uclibc'
host_vendor='unknown'
htmldir='${docdir}'
includedir='${prefix}/include'
infodir='${datarootdir}/info'
install_sh='${SHELL} /home/bluebat/DEV/src/router/libgd/libpng/install-sh'
libdir='${exec_prefix}/lib'
libexecdir='${exec_prefix}/lib'
localedir='${datarootdir}/locale'
localstatedir='${prefix}/var'
lt_ECHO='echo'
mandir='${datarootdir}/man'
mkdir_p='/usr/bin/mkdir -p'
oldincludedir='/usr/include'
pdfdir='${docdir}'
pkgconfigdir='${libdir}/pkgconfig'
prefix='/usr/local'
program_transform_name='s,x,x,'
psdir='${docdir}'
sbindir='${exec_prefix}/sbin'
sharedstatedir='${prefix}/com'
sysconfdir='${prefix}/etc'
target_alias=''

## ----------- ##
## confdefs.h. ##
## ----------- ##

/* confdefs.h */
#define PACKAGE_NAME "libpng"
#define PACKAGE_TARNAME "libpng"
#define PACKAGE_VERSION "1.2.50"
#define PACKAGE_STRING "libpng 1.2.50"
#define PACKAGE_BUGREPORT "png-mng-implement@lists.sourceforge.net"
#define PACKAGE_URL ""
#define PACKAGE "libpng"
#define VERSION "1.2.50"
#define STDC_HEADERS 1
#define HAVE_SYS_TYPES_H 1
#define HAVE_SYS_STAT_H 1
#define HAVE_STDLIB_H 1
#define HAVE_STRING_H 1
#define HAVE_MEMORY_H 1
#define HAVE_STRINGS_H 1
#define HAVE_INTTYPES_H 1
#define HAVE_STDINT_H 1
#define HAVE_UNISTD_H 1
#define HAVE_DLFCN_H 1
#define LT_OBJDIR ".libs/"
#define STDC_HEADERS 1
#define HAVE_MALLOC_H 1
#define HAVE_STDLIB_H 1
#define HAVE_STRING_H 1
#define HAVE_STRINGS_H 1
#define HAVE_MEMSET 1
#define HAVE_LIBM 1
#define HAVE_LIBZ 1

configure: exit 0
