This file contains any messages produced by compilers while
running configure, to aid debugging if configure makes a mistake.

configure:554: checking for Cygwin environment
configure:587: checking for mingw32 environment
configure:664: checking host system type
configure:685: checking target system type
configure:703: checking build system type
configure:727: checking for strerror in -lcposix
configure:782: checking for a BSD compatible install
configure:835: checking whether build environment is sane
configure:892: checking whether make sets ${MAKE}
configure:938: checking for working aclocal
configure:951: checking for working autoconf
configure:964: checking for working automake
configure:977: checking for working autoheader
configure:990: checking for working makeinfo
configure:1076: checking for gcc
configure:1189: checking whether the C compiler (gcc -g -O2 ) works
configure:1205: gcc -o conftest -g -O2   conftest.c  1>&5
configure:1231: checking whether the C compiler (gcc -g -O2 ) is a cross-compiler
configure:1236: checking whether we are using GNU C
configure:1264: checking whether gcc accepts -g
configure:1307: checking for ld used by GCC
configure:1375: checking if the linker (/usr/lib64/gcc/x86_64-suse-linux/4.3/../../../../x86_64-suse-linux/bin/ld) is GNU ld
configure:1392: checking for /usr/lib64/gcc/x86_64-suse-linux/4.3/../../../../x86_64-suse-linux/bin/ld option to reload object files
configure:1404: checking for BSD-compatible nm
configure:1442: checking whether ln -s works
configure:1463: checking how to recognise dependant libraries
configure:1636: checking for object suffix
configure:1662: checking for executable suffix
configure:1705: checking for file
configure:1838: checking for ranlib
configure:1905: checking for strip
ltconfig:678:checking for gcc option to produce PIC
ltconfig:687:checking that gcc PIC flag  -fPIC -DPIC works.
ltconfig:749: checking if gcc static flag -static works
ltconfig:780: finding the maximum length of command line arguments
ltconfig:@lineno@: result: 49153
ltconfig:887: checking if gcc supports -fno-rtti -fno-exceptions
ltconfig:888: gcc -c -g -O2 -fno-rtti -fno-exceptions -c conftest.c  conftest.c 1>&5
ltconfig:1431: checking if global_symbol_pipe works
ltconfig:1432: gcc -c -g -O2  conftest.c 1>&5
ltconfig:1435: eval "nm conftest.o | sed -n -e 's/^.*[ 	]\([ABCDGISTW][ABCDGISTW]*\)[ 	][ 	]*\(\)\([_A-Za-z][_A-Za-z0-9]*\)$/\1 \2\3 \3/p' > conftest.nm"
ltconfig:1487: gcc -o conftest -g -O2 -fno-builtin   conftest.c conftstm.o 1>&5
configure:2300: checking for gcc
configure:2413: checking whether the C compiler (gcc -g -O2 ) works
configure:2429: gcc -o conftest -g -O2   conftest.c  1>&5
configure:2455: checking whether the C compiler (gcc -g -O2 ) is a cross-compiler
configure:2460: checking whether we are using GNU C
configure:2488: checking whether gcc accepts -g
configure:2531: checking for a BSD compatible install
configure:2586: checking how to run the C preprocessor
configure:2668: checking for ranlib
configure:2696: checking for ANSI C header files
configure:2800: checking for working const
configure:2875: checking for inline
configure:2915: checking for off_t
configure:2948: checking for size_t
configure:2983: checking for working alloca.h
configure:3016: checking for alloca
configure:3218: checking for stdlib.h
configure:3218: checking for unistd.h
configure:3218: checking for sys/stat.h
configure:3218: checking for sys/types.h
configure:3257: checking for getpagesize
configure:3310: checking for working mmap
configure:3499: checking for argz.h
configure:3499: checking for limits.h
configure:3499: checking for locale.h
configure:3499: checking for nl_types.h
configure:3499: checking for malloc.h
configure:3499: checking for string.h
configure:3499: checking for unistd.h
configure:3499: checking for values.h
configure:3499: checking for sys/param.h
configure:3539: checking for getcwd
configure:3539: checking for munmap
configure:3539: checking for putenv
configure:3539: checking for setenv
configure:3539: checking for setlocale
configure:3539: checking for strchr
configure:3539: checking for strcasecmp
configure:3539: checking for __argz_count
configure:3539: checking for __argz_stringify
configure:3539: checking for __argz_next
configure:3658: checking for LC_MESSAGES
configure:3691: checking whether NLS is requested
configure:3711: checking whether included gettext is requested
configure:3730: checking for libintl.h
configure:3757: checking for gettext in libc
configure:3860: checking for msgfmt
configure:3894: checking for dcgettext
configure:3949: checking for gmsgfmt
configure:3985: checking for xgettext
configure:4025: gcc -o conftest -g -O2   conftest.c  1>&5
configure:4217: checking for catalogs to be installed
configure:4320: checking for executable suffix
configure:4356: checking for bison
configure:4392: checking for flex
configure:4425: checking for flex
configure:4459: checking for yywrap in -lfl
configure:4501: checking lex output file root
configure:4522: checking whether yytext is a pointer
configure:4564: checking whether to enable maintainer-specific portions of Makefiles
configure:4598: checking for string.h
configure:4598: checking for strings.h
configure:4598: checking for stdlib.h
configure:4598: checking for unistd.h
configure:4637: checking for sbrk
configure:4637: checking for realpath
configure:4694: checking for dirent.h that defines DIR
configure:4732: checking for opendir in -ldir
configure:4816: checking whether weak symbol works
configure:4854: checking for library containing dlopen
configure:4926: checking whether strstr must be declared
configure:4973: checking whether free must be declared
configure:5020: checking whether sbrk must be declared
configure:5067: checking whether getenv must be declared
configure:5114: checking whether environ must be declared
configure:5168: checking whether ANSI C string concatenation works
configure:5180: gcc -c -g -O2  conftest.c 1>&5
