langstr
read desc
entry
<li><a href="DDNS.asp"><% tran("bmenu.setupddns"); %></a></li>
 
entry
<li><a href="WanMAC.asp"><% tran("bmenu.setupmacclone"); %></a></li>
 
entry
<li><a href="Wireless_radauth.asp"><% tran("bmenu.wirelessRadius"); %></a></li>
 
entry
<li><a href="Wireless_WDS.asp"><% tran("bmenu.wirelessWds"); %></a></li>
 
entry
<li><a href="Wireless_MAC.asp"><% tran("bmenu.wirelessMac"); %></a></li>
 
entry
<li><a href="Management.asp"><% tran("bmenu.adminManagement"); %></a></li>
 
entry
<li><a href="Management.asp"><% tran("bmenu.admin"); %></a></li>
<li><a href="Services.asp"><% tran("bmenu.admin"); %></a></li>
entry
<li><a href="Hotspot.asp"><% tran("bmenu.adminHotspot"); %></a></li>
 
entry
<li><a href="Log.asp"><% tran("bmenu.adminLog"); %></a></li>
 
entry
<li><a href="Diagnostics.asp"><% tran("bmenu.adminDiag"); %></a></li>
 
translate
write
translate
write
translate
write
translate
write
