This file contains any messages produced by compilers while
running configure, to aid debugging if configure makes a mistake.

It was created by nocat configure 0.93pre2-ewrt0.4, which was
generated by GNU Autoconf 2.59.  Invocation command line was

  $ ./configure --with-glib-prefix=/home/openwrt/workspace/DD-WRT/src/router/nocat/../glib-1.2.10-install --disable-glibtest --host=mipsel-linux --with-remote-splash CC=mipsel-linux-uclibc-gcc CFLAGS=-Os -pipe -mips32 -mtune=mips32 -funit-at-a-time -I../libghttp

## --------- ##
## Platform. ##
## --------- ##

hostname = colinux
uname -m = i686
uname -r = 2.6.10-co-0.6.2
uname -s = Linux
uname -v = #5 Sat Feb 5 10:19:16 IST 2005

/usr/bin/uname -p = unknown
/bin/uname -X     = unknown

/bin/arch              = i686
/usr/bin/arch -k       = unknown
/usr/convex/getsysinfo = unknown
hostinfo               = unknown
/bin/machine           = unknown
/usr/bin/oslevel       = unknown
/bin/universe          = unknown

PATH: /home/openwrt/workspace/toolchains/3.4.6-uclibc-0.9.28/bin/
PATH: /usr/local/sbin
PATH: /usr/local/bin
PATH: /usr/sbin
PATH: /usr/bin
PATH: /sbin
PATH: /bin
PATH: /usr/bin/X11


## ----------- ##
## Core tests. ##
## ----------- ##

configure:1369: checking for a BSD-compatible install
configure:1424: result: /usr/bin/install -c
configure:1435: checking whether build environment is sane
configure:1478: result: yes
configure:1543: checking for gawk
configure:1572: result: no
configure:1543: checking for mawk
configure:1559: found /usr/bin/mawk
configure:1569: result: mawk
configure:1579: checking whether make sets $(MAKE)
configure:1599: result: yes
configure:1675: checking for mipsel-linux-strip
configure:1701: result: @true
configure:1767: checking whether to enable maintainer-specific portions of Makefiles
configure:1776: result: no
configure:1801: checking for mipsel-linux-gcc
configure:1827: result: mipsel-linux-uclibc-gcc
configure:2109: checking for C compiler version
configure:2112: mipsel-linux-uclibc-gcc --version </dev/null >&5
mipsel-linux-uclibc-gcc (GCC) 3.4.6 (OpenWrt-2.0)
Copyright (C) 2006 Free Software Foundation, Inc.
This is free software; see the source for copying conditions.  There is NO
warranty; not even for MERCHANTABILITY or FITNESS FOR A PARTICULAR PURPOSE.

configure:2115: $? = 0
configure:2117: mipsel-linux-uclibc-gcc -v </dev/null >&5
Reading specs from /home/openwrt/workspace/toolchains/3.4.6-uclibc-0.9.28/bin/../lib/gcc/mipsel-linux-uclibc/3.4.6/specs
Configured with: /home/openwrt/trunk/openwrt/toolchain_build_mipsel/gcc-3.4.6/configure --prefix=/home/openwrt/trunk/openwrt/staging_dir_mipsel --build=i386-pc-linux-gnu --host=i386-pc-linux-gnu --target=mipsel-linux-uclibc --enable-languages=c,c++ --enable-shared --disable-__cxa_atexit --enable-target-optspace --with-gnu-ld --disable-nls
Thread model: posix
gcc version 3.4.6 (OpenWrt-2.0)
configure:2120: $? = 0
configure:2122: mipsel-linux-uclibc-gcc -V </dev/null >&5
mipsel-linux-uclibc-gcc: `-V' option must have argument
configure:2125: $? = 1
configure:2148: checking for C compiler default output file name
configure:2151: mipsel-linux-uclibc-gcc -Os -pipe -mips32 -mtune=mips32 -funit-at-a-time -I../libghttp  -s conftest.c  >&5
configure:2154: $? = 0
configure:2200: result: a.out
configure:2205: checking whether the C compiler works
configure:2211: ./a.out
./configure: line 2212: ./a.out: cannot execute binary file
configure:2214: $? = 126
configure:2231: result: yes
configure:2238: checking whether we are cross compiling
configure:2240: result: yes
configure:2243: checking for suffix of executables
configure:2245: mipsel-linux-uclibc-gcc -o conftest -Os -pipe -mips32 -mtune=mips32 -funit-at-a-time -I../libghttp  -s conftest.c  >&5
configure:2248: $? = 0
configure:2273: result: 
configure:2279: checking for suffix of object files
configure:2300: mipsel-linux-uclibc-gcc -c -Os -pipe -mips32 -mtune=mips32 -funit-at-a-time -I../libghttp  conftest.c >&5
configure:2303: $? = 0
configure:2325: result: o
configure:2329: checking whether we are using the GNU C compiler
configure:2353: mipsel-linux-uclibc-gcc -c -Os -pipe -mips32 -mtune=mips32 -funit-at-a-time -I../libghttp  conftest.c >&5
configure:2359: $? = 0
configure:2363: test -z 
			 || test ! -s conftest.err
configure:2366: $? = 0
configure:2369: test -s conftest.o
configure:2372: $? = 0
configure:2385: result: yes
configure:2391: checking whether mipsel-linux-uclibc-gcc accepts -g
configure:2412: mipsel-linux-uclibc-gcc -c -g  conftest.c >&5
configure:2418: $? = 0
configure:2422: test -z 
			 || test ! -s conftest.err
configure:2425: $? = 0
configure:2428: test -s conftest.o
configure:2431: $? = 0
configure:2442: result: yes
configure:2459: checking for mipsel-linux-uclibc-gcc option to accept ANSI C
configure:2529: mipsel-linux-uclibc-gcc  -c -Os -pipe -mips32 -mtune=mips32 -funit-at-a-time -I../libghttp  conftest.c >&5
configure:2535: $? = 0
configure:2539: test -z 
			 || test ! -s conftest.err
configure:2542: $? = 0
configure:2545: test -s conftest.o
configure:2548: $? = 0
configure:2566: result: none needed
configure:2584: mipsel-linux-uclibc-gcc -c -Os -pipe -mips32 -mtune=mips32 -funit-at-a-time -I../libghttp  conftest.c >&5
conftest.c:2: error: syntax error before "me"
configure:2590: $? = 1
configure: failed program was:
| #ifndef __cplusplus
|   choke me
| #endif
configure:2734: checking for style of include used by make
configure:2762: result: GNU
configure:2790: checking dependency style of mipsel-linux-uclibc-gcc
configure:2880: result: gcc3
configure:2897: checking whether make sets $(MAKE)
configure:2917: result: yes
configure:2929: checking for mipsel-linux-ranlib
configure:2955: result: mipsel-linux-uclibc-ranlib
configure:3062: checking for glib-config
configure:3093: result: /home/openwrt/workspace/DD-WRT/src/router/nocat/../glib-1.2.10-install/bin/glib-config
configure:3101: checking for GLIB - version >= 1.2.0
configure:3231: result: yes
configure:3335: checking how to run the C preprocessor
configure:3370: mipsel-linux-uclibc-gcc -E  conftest.c
configure:3376: $? = 0
configure:3408: mipsel-linux-uclibc-gcc -E  conftest.c
conftest.c:11:28: ac_nonexistent.h: No such file or directory
configure:3414: $? = 1
configure: failed program was:
| /* confdefs.h.  */
| 
| #define PACKAGE_NAME "nocat"
| #define PACKAGE_TARNAME "NoCatSplash"
| #define PACKAGE_VERSION "0.93pre2-ewrt0.4"
| #define PACKAGE_STRING "nocat 0.93pre2-ewrt0.4"
| #define PACKAGE_BUGREPORT "schuyler@nocat.net"
| #define PACKAGE "NoCatSplash"
| #define VERSION "0.93pre2-ewrt0.4"
| /* end confdefs.h.  */
| #include <ac_nonexistent.h>
configure:3453: result: mipsel-linux-uclibc-gcc -E
configure:3477: mipsel-linux-uclibc-gcc -E  conftest.c
configure:3483: $? = 0
configure:3515: mipsel-linux-uclibc-gcc -E  conftest.c
conftest.c:11:28: ac_nonexistent.h: No such file or directory
configure:3521: $? = 1
configure: failed program was:
| /* confdefs.h.  */
| 
| #define PACKAGE_NAME "nocat"
| #define PACKAGE_TARNAME "NoCatSplash"
| #define PACKAGE_VERSION "0.93pre2-ewrt0.4"
| #define PACKAGE_STRING "nocat 0.93pre2-ewrt0.4"
| #define PACKAGE_BUGREPORT "schuyler@nocat.net"
| #define PACKAGE "NoCatSplash"
| #define VERSION "0.93pre2-ewrt0.4"
| /* end confdefs.h.  */
| #include <ac_nonexistent.h>
configure:3565: checking for egrep
configure:3575: result: grep -E
configure:3580: checking for ANSI C header files
configure:3605: mipsel-linux-uclibc-gcc -c -Os -pipe -mips32 -mtune=mips32 -funit-at-a-time -I../libghttp  conftest.c >&5
configure:3611: $? = 0
configure:3615: test -z 
			 || test ! -s conftest.err
configure:3618: $? = 0
configure:3621: test -s conftest.o
configure:3624: $? = 0
configure:3736: result: yes
configure:3746: checking for sys/wait.h that is POSIX.1 compatible
configure:3777: mipsel-linux-uclibc-gcc -c -Os -pipe -mips32 -mtune=mips32 -funit-at-a-time -I../libghttp  conftest.c >&5
configure:3783: $? = 0
configure:3787: test -z 
			 || test ! -s conftest.err
configure:3790: $? = 0
configure:3793: test -s conftest.o
configure:3796: $? = 0
configure:3807: result: yes
configure:3831: checking for sys/types.h
configure:3847: mipsel-linux-uclibc-gcc -c -Os -pipe -mips32 -mtune=mips32 -funit-at-a-time -I../libghttp  conftest.c >&5
configure:3853: $? = 0
configure:3857: test -z 
			 || test ! -s conftest.err
configure:3860: $? = 0
configure:3863: test -s conftest.o
configure:3866: $? = 0
configure:3877: result: yes
configure:3831: checking for sys/stat.h
configure:3847: mipsel-linux-uclibc-gcc -c -Os -pipe -mips32 -mtune=mips32 -funit-at-a-time -I../libghttp  conftest.c >&5
configure:3853: $? = 0
configure:3857: test -z 
			 || test ! -s conftest.err
configure:3860: $? = 0
configure:3863: test -s conftest.o
configure:3866: $? = 0
configure:3877: result: yes
configure:3831: checking for stdlib.h
configure:3847: mipsel-linux-uclibc-gcc -c -Os -pipe -mips32 -mtune=mips32 -funit-at-a-time -I../libghttp  conftest.c >&5
configure:3853: $? = 0
configure:3857: test -z 
			 || test ! -s conftest.err
configure:3860: $? = 0
configure:3863: test -s conftest.o
configure:3866: $? = 0
configure:3877: result: yes
configure:3831: checking for string.h
configure:3847: mipsel-linux-uclibc-gcc -c -Os -pipe -mips32 -mtune=mips32 -funit-at-a-time -I../libghttp  conftest.c >&5
configure:3853: $? = 0
configure:3857: test -z 
			 || test ! -s conftest.err
configure:3860: $? = 0
configure:3863: test -s conftest.o
configure:3866: $? = 0
configure:3877: result: yes
configure:3831: checking for memory.h
configure:3847: mipsel-linux-uclibc-gcc -c -Os -pipe -mips32 -mtune=mips32 -funit-at-a-time -I../libghttp  conftest.c >&5
configure:3853: $? = 0
configure:3857: test -z 
			 || test ! -s conftest.err
configure:3860: $? = 0
configure:3863: test -s conftest.o
configure:3866: $? = 0
configure:3877: result: yes
configure:3831: checking for strings.h
configure:3847: mipsel-linux-uclibc-gcc -c -Os -pipe -mips32 -mtune=mips32 -funit-at-a-time -I../libghttp  conftest.c >&5
configure:3853: $? = 0
configure:3857: test -z 
			 || test ! -s conftest.err
configure:3860: $? = 0
configure:3863: test -s conftest.o
configure:3866: $? = 0
configure:3877: result: yes
configure:3831: checking for inttypes.h
configure:3847: mipsel-linux-uclibc-gcc -c -Os -pipe -mips32 -mtune=mips32 -funit-at-a-time -I../libghttp  conftest.c >&5
configure:3853: $? = 0
configure:3857: test -z 
			 || test ! -s conftest.err
configure:3860: $? = 0
configure:3863: test -s conftest.o
configure:3866: $? = 0
configure:3877: result: yes
configure:3831: checking for stdint.h
configure:3847: mipsel-linux-uclibc-gcc -c -Os -pipe -mips32 -mtune=mips32 -funit-at-a-time -I../libghttp  conftest.c >&5
configure:3853: $? = 0
configure:3857: test -z 
			 || test ! -s conftest.err
configure:3860: $? = 0
configure:3863: test -s conftest.o
configure:3866: $? = 0
configure:3877: result: yes
configure:3831: checking for unistd.h
configure:3847: mipsel-linux-uclibc-gcc -c -Os -pipe -mips32 -mtune=mips32 -funit-at-a-time -I../libghttp  conftest.c >&5
configure:3853: $? = 0
configure:3857: test -z 
			 || test ! -s conftest.err
configure:3860: $? = 0
configure:3863: test -s conftest.o
configure:3866: $? = 0
configure:3877: result: yes
configure:3910: checking arpa/inet.h usability
configure:3922: mipsel-linux-uclibc-gcc -c -Os -pipe -mips32 -mtune=mips32 -funit-at-a-time -I../libghttp  conftest.c >&5
configure:3928: $? = 0
configure:3932: test -z 
			 || test ! -s conftest.err
configure:3935: $? = 0
configure:3938: test -s conftest.o
configure:3941: $? = 0
configure:3951: result: yes
configure:3955: checking arpa/inet.h presence
configure:3965: mipsel-linux-uclibc-gcc -E  conftest.c
configure:3971: $? = 0
configure:3991: result: yes
configure:4026: checking for arpa/inet.h
configure:4033: result: yes
configure:3910: checking fcntl.h usability
configure:3922: mipsel-linux-uclibc-gcc -c -Os -pipe -mips32 -mtune=mips32 -funit-at-a-time -I../libghttp  conftest.c >&5
configure:3928: $? = 0
configure:3932: test -z 
			 || test ! -s conftest.err
configure:3935: $? = 0
configure:3938: test -s conftest.o
configure:3941: $? = 0
configure:3951: result: yes
configure:3955: checking fcntl.h presence
configure:3965: mipsel-linux-uclibc-gcc -E  conftest.c
configure:3971: $? = 0
configure:3991: result: yes
configure:4026: checking for fcntl.h
configure:4033: result: yes
configure:3910: checking netinet/in.h usability
configure:3922: mipsel-linux-uclibc-gcc -c -Os -pipe -mips32 -mtune=mips32 -funit-at-a-time -I../libghttp  conftest.c >&5
configure:3928: $? = 0
configure:3932: test -z 
			 || test ! -s conftest.err
configure:3935: $? = 0
configure:3938: test -s conftest.o
configure:3941: $? = 0
configure:3951: result: yes
configure:3955: checking netinet/in.h presence
configure:3965: mipsel-linux-uclibc-gcc -E  conftest.c
configure:3971: $? = 0
configure:3991: result: yes
configure:4026: checking for netinet/in.h
configure:4033: result: yes
configure:3901: checking for stdlib.h
configure:3906: result: yes
configure:3901: checking for string.h
configure:3906: result: yes
configure:3910: checking sys/socket.h usability
configure:3922: mipsel-linux-uclibc-gcc -c -Os -pipe -mips32 -mtune=mips32 -funit-at-a-time -I../libghttp  conftest.c >&5
configure:3928: $? = 0
configure:3932: test -z 
			 || test ! -s conftest.err
configure:3935: $? = 0
configure:3938: test -s conftest.o
configure:3941: $? = 0
configure:3951: result: yes
configure:3955: checking sys/socket.h presence
configure:3965: mipsel-linux-uclibc-gcc -E  conftest.c
configure:3971: $? = 0
configure:3991: result: yes
configure:4026: checking for sys/socket.h
configure:4033: result: yes
configure:3910: checking sys/time.h usability
configure:3922: mipsel-linux-uclibc-gcc -c -Os -pipe -mips32 -mtune=mips32 -funit-at-a-time -I../libghttp  conftest.c >&5
configure:3928: $? = 0
configure:3932: test -z 
			 || test ! -s conftest.err
configure:3935: $? = 0
configure:3938: test -s conftest.o
configure:3941: $? = 0
configure:3951: result: yes
configure:3955: checking sys/time.h presence
configure:3965: mipsel-linux-uclibc-gcc -E  conftest.c
configure:3971: $? = 0
configure:3991: result: yes
configure:4026: checking for sys/time.h
configure:4033: result: yes
configure:3901: checking for unistd.h
configure:3906: result: yes
configure:4048: checking for an ANSI C-conforming const
configure:4115: mipsel-linux-uclibc-gcc -c -Os -pipe -mips32 -mtune=mips32 -funit-at-a-time -I../libghttp  conftest.c >&5
configure:4121: $? = 0
configure:4125: test -z 
			 || test ! -s conftest.err
configure:4128: $? = 0
configure:4131: test -s conftest.o
configure:4134: $? = 0
configure:4145: result: yes
configure:4155: checking for off_t
configure:4179: mipsel-linux-uclibc-gcc -c -Os -pipe -mips32 -mtune=mips32 -funit-at-a-time -I../libghttp  conftest.c >&5
configure:4185: $? = 0
configure:4189: test -z 
			 || test ! -s conftest.err
configure:4192: $? = 0
configure:4195: test -s conftest.o
configure:4198: $? = 0
configure:4209: result: yes
configure:4221: checking for pid_t
configure:4245: mipsel-linux-uclibc-gcc -c -Os -pipe -mips32 -mtune=mips32 -funit-at-a-time -I../libghttp  conftest.c >&5
configure:4251: $? = 0
configure:4255: test -z 
			 || test ! -s conftest.err
configure:4258: $? = 0
configure:4261: test -s conftest.o
configure:4264: $? = 0
configure:4275: result: yes
configure:4295: checking for unistd.h
configure:4300: result: yes
configure:4304: checking vfork.h usability
configure:4316: mipsel-linux-uclibc-gcc -c -Os -pipe -mips32 -mtune=mips32 -funit-at-a-time -I../libghttp  conftest.c >&5
conftest.c:65:19: vfork.h: No such file or directory
configure:4322: $? = 1
configure: failed program was:
| /* confdefs.h.  */
| 
| #define PACKAGE_NAME "nocat"
| #define PACKAGE_TARNAME "NoCatSplash"
| #define PACKAGE_VERSION "0.93pre2-ewrt0.4"
| #define PACKAGE_STRING "nocat 0.93pre2-ewrt0.4"
| #define PACKAGE_BUGREPORT "schuyler@nocat.net"
| #define PACKAGE "NoCatSplash"
| #define VERSION "0.93pre2-ewrt0.4"
| #define STDC_HEADERS 1
| #define HAVE_SYS_WAIT_H 1
| #define HAVE_SYS_TYPES_H 1
| #define HAVE_SYS_STAT_H 1
| #define HAVE_STDLIB_H 1
| #define HAVE_STRING_H 1
| #define HAVE_MEMORY_H 1
| #define HAVE_STRINGS_H 1
| #define HAVE_INTTYPES_H 1
| #define HAVE_STDINT_H 1
| #define HAVE_UNISTD_H 1
| #define HAVE_ARPA_INET_H 1
| #define HAVE_FCNTL_H 1
| #define HAVE_NETINET_IN_H 1
| #define HAVE_STDLIB_H 1
| #define HAVE_STRING_H 1
| #define HAVE_SYS_SOCKET_H 1
| #define HAVE_SYS_TIME_H 1
| #define HAVE_UNISTD_H 1
| #define HAVE_UNISTD_H 1
| /* end confdefs.h.  */
| #include <stdio.h>
| #if HAVE_SYS_TYPES_H
| # include <sys/types.h>
| #endif
| #if HAVE_SYS_STAT_H
| # include <sys/stat.h>
| #endif
| #if STDC_HEADERS
| # include <stdlib.h>
| # include <stddef.h>
| #else
| # if HAVE_STDLIB_H
| #  include <stdlib.h>
| # endif
| #endif
| #if HAVE_STRING_H
| # if !STDC_HEADERS && HAVE_MEMORY_H
| #  include <memory.h>
| # endif
| # include <string.h>
| #endif
| #if HAVE_STRINGS_H
| # include <strings.h>
| #endif
| #if HAVE_INTTYPES_H
| # include <inttypes.h>
| #else
| # if HAVE_STDINT_H
| #  include <stdint.h>
| # endif
| #endif
| #if HAVE_UNISTD_H
| # include <unistd.h>
| #endif
| #include <vfork.h>
configure:4345: result: no
configure:4349: checking vfork.h presence
configure:4359: mipsel-linux-uclibc-gcc -E  conftest.c
conftest.c:31:19: vfork.h: No such file or directory
configure:4365: $? = 1
configure: failed program was:
| /* confdefs.h.  */
| 
| #define PACKAGE_NAME "nocat"
| #define PACKAGE_TARNAME "NoCatSplash"
| #define PACKAGE_VERSION "0.93pre2-ewrt0.4"
| #define PACKAGE_STRING "nocat 0.93pre2-ewrt0.4"
| #define PACKAGE_BUGREPORT "schuyler@nocat.net"
| #define PACKAGE "NoCatSplash"
| #define VERSION "0.93pre2-ewrt0.4"
| #define STDC_HEADERS 1
| #define HAVE_SYS_WAIT_H 1
| #define HAVE_SYS_TYPES_H 1
| #define HAVE_SYS_STAT_H 1
| #define HAVE_STDLIB_H 1
| #define HAVE_STRING_H 1
| #define HAVE_MEMORY_H 1
| #define HAVE_STRINGS_H 1
| #define HAVE_INTTYPES_H 1
| #define HAVE_STDINT_H 1
| #define HAVE_UNISTD_H 1
| #define HAVE_ARPA_INET_H 1
| #define HAVE_FCNTL_H 1
| #define HAVE_NETINET_IN_H 1
| #define HAVE_STDLIB_H 1
| #define HAVE_STRING_H 1
| #define HAVE_SYS_SOCKET_H 1
| #define HAVE_SYS_TIME_H 1
| #define HAVE_UNISTD_H 1
| #define HAVE_UNISTD_H 1
| /* end confdefs.h.  */
| #include <vfork.h>
configure:4385: result: no
configure:4420: checking for vfork.h
configure:4427: result: no
configure:4445: checking for fork
configure:4502: mipsel-linux-uclibc-gcc -o conftest -Os -pipe -mips32 -mtune=mips32 -funit-at-a-time -I../libghttp  -s conftest.c  >&5
configure:4508: $? = 0
configure:4512: test -z 
			 || test ! -s conftest.err
configure:4515: $? = 0
configure:4518: test -s conftest
configure:4521: $? = 0
configure:4533: result: yes
configure:4445: checking for vfork
configure:4502: mipsel-linux-uclibc-gcc -o conftest -Os -pipe -mips32 -mtune=mips32 -funit-at-a-time -I../libghttp  -s conftest.c  >&5
configure:4508: $? = 0
configure:4512: test -z 
			 || test ! -s conftest.err
configure:4515: $? = 0
configure:4518: test -s conftest
configure:4521: $? = 0
configure:4533: result: yes
configure:4544: checking for working fork
configure:4589: result: cross
configure:4605: WARNING: result yes guessed because of cross compilation
configure:4610: checking for working vfork
configure:4743: result: yes
configure:4780: checking for stdlib.h
configure:4785: result: yes
configure:4780: checking for unistd.h
configure:4785: result: yes
configure:4929: checking for getpagesize
configure:4986: mipsel-linux-uclibc-gcc -o conftest -Os -pipe -mips32 -mtune=mips32 -funit-at-a-time -I../libghttp  -s conftest.c  >&5
configure:4992: $? = 0
configure:4996: test -z 
			 || test ! -s conftest.err
configure:4999: $? = 0
configure:5002: test -s conftest
configure:5005: $? = 0
configure:5017: result: yes
configure:5027: checking for working mmap
configure:5191: result: no
configure:5202: checking return type of signal handlers
configure:5233: mipsel-linux-uclibc-gcc -c -Os -pipe -mips32 -mtune=mips32 -funit-at-a-time -I../libghttp  conftest.c >&5
configure:5239: $? = 0
configure:5243: test -z 
			 || test ! -s conftest.err
configure:5246: $? = 0
configure:5249: test -s conftest.o
configure:5252: $? = 0
configure:5263: result: void
configure:5271: checking for working strtod
configure:5336: result: no
configure:5347: checking for pow
configure:5404: mipsel-linux-uclibc-gcc -o conftest -Os -pipe -mips32 -mtune=mips32 -funit-at-a-time -I../libghttp  -s conftest.c  >&5
conftest.c:63: warning: conflicting types for built-in function 'pow'
/tmp/ccrwfrfN.o: In function `main':
conftest.c:(.text+0x10): undefined reference to `pow'
/tmp/ccrwfrfN.o:(.data.rel+0x0): undefined reference to `pow'
collect2: ld returned 1 exit status
configure:5410: $? = 1
configure: failed program was:
| /* confdefs.h.  */
| 
| #define PACKAGE_NAME "nocat"
| #define PACKAGE_TARNAME "NoCatSplash"
| #define PACKAGE_VERSION "0.93pre2-ewrt0.4"
| #define PACKAGE_STRING "nocat 0.93pre2-ewrt0.4"
| #define PACKAGE_BUGREPORT "schuyler@nocat.net"
| #define PACKAGE "NoCatSplash"
| #define VERSION "0.93pre2-ewrt0.4"
| #define STDC_HEADERS 1
| #define HAVE_SYS_WAIT_H 1
| #define HAVE_SYS_TYPES_H 1
| #define HAVE_SYS_STAT_H 1
| #define HAVE_STDLIB_H 1
| #define HAVE_STRING_H 1
| #define HAVE_MEMORY_H 1
| #define HAVE_STRINGS_H 1
| #define HAVE_INTTYPES_H 1
| #define HAVE_STDINT_H 1
| #define HAVE_UNISTD_H 1
| #define HAVE_ARPA_INET_H 1
| #define HAVE_FCNTL_H 1
| #define HAVE_NETINET_IN_H 1
| #define HAVE_STDLIB_H 1
| #define HAVE_STRING_H 1
| #define HAVE_SYS_SOCKET_H 1
| #define HAVE_SYS_TIME_H 1
| #define HAVE_UNISTD_H 1
| #define HAVE_UNISTD_H 1
| #define HAVE_FORK 1
| #define HAVE_VFORK 1
| #define HAVE_WORKING_VFORK 1
| #define HAVE_WORKING_FORK 1
| #define HAVE_STDLIB_H 1
| #define HAVE_UNISTD_H 1
| #define HAVE_GETPAGESIZE 1
| #define RETSIGTYPE void
| /* end confdefs.h.  */
| /* Define pow to an innocuous variant, in case <limits.h> declares pow.
|    For example, HP-UX 11i <limits.h> declares gettimeofday.  */
| #define pow innocuous_pow
| 
| /* System header to define __stub macros and hopefully few prototypes,
|     which can conflict with char pow (); below.
|     Prefer <limits.h> to <assert.h> if __STDC__ is defined, since
|     <limits.h> exists even on freestanding compilers.  */
| 
| #ifdef __STDC__
| # include <limits.h>
| #else
| # include <assert.h>
| #endif
| 
| #undef pow
| 
| /* Override any gcc2 internal prototype to avoid an error.  */
| #ifdef __cplusplus
| extern "C"
| {
| #endif
| /* We use char because int might match the return type of a gcc2
|    builtin and then its argument prototype would still apply.  */
| char pow ();
| /* The GNU C library defines this for functions which it implements
|     to always fail with ENOSYS.  Some functions are actually named
|     something starting with __ and the normal name is an alias.  */
| #if defined (__stub_pow) || defined (__stub___pow)
| choke me
| #else
| char (*f) () = pow;
| #endif
| #ifdef __cplusplus
| }
| #endif
| 
| int
| main ()
| {
| return f != pow;
|   ;
|   return 0;
| }
configure:5435: result: no
configure:5439: checking for pow in -lm
configure:5469: mipsel-linux-uclibc-gcc -o conftest -Os -pipe -mips32 -mtune=mips32 -funit-at-a-time -I../libghttp  -s conftest.c -lm   >&5
conftest.c:46: warning: conflicting types for built-in function 'pow'
configure:5475: $? = 0
configure:5479: test -z 
			 || test ! -s conftest.err
configure:5482: $? = 0
configure:5485: test -s conftest
configure:5488: $? = 0
configure:5501: result: yes
configure:5524: checking for munmap
configure:5581: mipsel-linux-uclibc-gcc -o conftest -Os -pipe -mips32 -mtune=mips32 -funit-at-a-time -I../libghttp  -s conftest.c  >&5
configure:5587: $? = 0
configure:5591: test -z 
			 || test ! -s conftest.err
configure:5594: $? = 0
configure:5597: test -s conftest
configure:5600: $? = 0
configure:5612: result: yes
configure:5524: checking for socket
configure:5581: mipsel-linux-uclibc-gcc -o conftest -Os -pipe -mips32 -mtune=mips32 -funit-at-a-time -I../libghttp  -s conftest.c  >&5
configure:5587: $? = 0
configure:5591: test -z 
			 || test ! -s conftest.err
configure:5594: $? = 0
configure:5597: test -s conftest
configure:5600: $? = 0
configure:5612: result: yes
configure:5524: checking for strchr
configure:5581: mipsel-linux-uclibc-gcc -o conftest -Os -pipe -mips32 -mtune=mips32 -funit-at-a-time -I../libghttp  -s conftest.c  >&5
conftest.c:65: warning: conflicting types for built-in function 'strchr'
configure:5587: $? = 0
configure:5591: test -z 
			 || test ! -s conftest.err
configure:5594: $? = 0
configure:5597: test -s conftest
configure:5600: $? = 0
configure:5612: result: yes
configure:5524: checking for strcspn
configure:5581: mipsel-linux-uclibc-gcc -o conftest -Os -pipe -mips32 -mtune=mips32 -funit-at-a-time -I../libghttp  -s conftest.c  >&5
conftest.c:66: warning: conflicting types for built-in function 'strcspn'
configure:5587: $? = 0
configure:5591: test -z 
			 || test ! -s conftest.err
configure:5594: $? = 0
configure:5597: test -s conftest
configure:5600: $? = 0
configure:5612: result: yes
configure:5524: checking for strrchr
configure:5581: mipsel-linux-uclibc-gcc -o conftest -Os -pipe -mips32 -mtune=mips32 -funit-at-a-time -I../libghttp  -s conftest.c  >&5
conftest.c:67: warning: conflicting types for built-in function 'strrchr'
configure:5587: $? = 0
configure:5591: test -z 
			 || test ! -s conftest.err
configure:5594: $? = 0
configure:5597: test -s conftest
configure:5600: $? = 0
configure:5612: result: yes
configure:5524: checking for strstr
configure:5581: mipsel-linux-uclibc-gcc -o conftest -Os -pipe -mips32 -mtune=mips32 -funit-at-a-time -I../libghttp  -s conftest.c  >&5
conftest.c:68: warning: conflicting types for built-in function 'strstr'
configure:5587: $? = 0
configure:5591: test -z 
			 || test ! -s conftest.err
configure:5594: $? = 0
configure:5597: test -s conftest
configure:5600: $? = 0
configure:5612: result: yes
configure:5524: checking for strtol
configure:5581: mipsel-linux-uclibc-gcc -o conftest -Os -pipe -mips32 -mtune=mips32 -funit-at-a-time -I../libghttp  -s conftest.c  >&5
configure:5587: $? = 0
configure:5591: test -z 
			 || test ! -s conftest.err
configure:5594: $? = 0
configure:5597: test -s conftest
configure:5600: $? = 0
configure:5612: result: yes
configure:5773: checking for iptables
configure:5789: found /sbin/iptables
configure:5799: result: iptables
configure:6029: creating ./config.status

## ---------------------- ##
## Running config.status. ##
## ---------------------- ##

This file was extended by nocat config.status 0.93pre2-ewrt0.4, which was
generated by GNU Autoconf 2.59.  Invocation command line was

  CONFIG_FILES    = 
  CONFIG_HEADERS  = 
  CONFIG_LINKS    = 
  CONFIG_COMMANDS = 
  $ ./config.status 

on colinux

config.status:717: creating Makefile
config.status:717: creating src/Makefile
config.status:717: creating libghttp/Makefile
config.status:821: creating src/config.h
config.status:1011: src/config.h is unchanged
config.status:1191: executing depfiles commands

## ---------------- ##
## Cache variables. ##
## ---------------- ##

ac_cv_c_compiler_gnu=yes
ac_cv_c_const=yes
ac_cv_env_CC_set=set
ac_cv_env_CC_value=mipsel-linux-uclibc-gcc
ac_cv_env_CFLAGS_set=set
ac_cv_env_CFLAGS_value='-Os -pipe -mips32 -mtune=mips32 -funit-at-a-time -I../libghttp'
ac_cv_env_CPPFLAGS_set=
ac_cv_env_CPPFLAGS_value=
ac_cv_env_CPP_set=
ac_cv_env_CPP_value=
ac_cv_env_LDFLAGS_set=set
ac_cv_env_LDFLAGS_value=-s
ac_cv_env_build_alias_set=
ac_cv_env_build_alias_value=
ac_cv_env_host_alias_set=set
ac_cv_env_host_alias_value=mipsel-linux
ac_cv_env_target_alias_set=
ac_cv_env_target_alias_value=
ac_cv_exeext=
ac_cv_func_fork=yes
ac_cv_func_fork_works=yes
ac_cv_func_getpagesize=yes
ac_cv_func_mmap_fixed_mapped=no
ac_cv_func_munmap=yes
ac_cv_func_pow=no
ac_cv_func_socket=yes
ac_cv_func_strchr=yes
ac_cv_func_strcspn=yes
ac_cv_func_strrchr=yes
ac_cv_func_strstr=yes
ac_cv_func_strtod=no
ac_cv_func_strtol=yes
ac_cv_func_vfork=yes
ac_cv_func_vfork_works=yes
ac_cv_header_arpa_inet_h=yes
ac_cv_header_fcntl_h=yes
ac_cv_header_inttypes_h=yes
ac_cv_header_memory_h=yes
ac_cv_header_netinet_in_h=yes
ac_cv_header_stdc=yes
ac_cv_header_stdint_h=yes
ac_cv_header_stdlib_h=yes
ac_cv_header_string_h=yes
ac_cv_header_strings_h=yes
ac_cv_header_sys_socket_h=yes
ac_cv_header_sys_stat_h=yes
ac_cv_header_sys_time_h=yes
ac_cv_header_sys_types_h=yes
ac_cv_header_sys_wait_h=yes
ac_cv_header_unistd_h=yes
ac_cv_header_vfork_h=no
ac_cv_lib_m_pow=yes
ac_cv_objext=o
ac_cv_path_GLIB_CONFIG=/home/openwrt/workspace/DD-WRT/src/router/nocat/../glib-1.2.10-install/bin/glib-config
ac_cv_path_install='/usr/bin/install -c'
ac_cv_prog_AWK=mawk
ac_cv_prog_CC=mipsel-linux-uclibc-gcc
ac_cv_prog_CPP='mipsel-linux-uclibc-gcc -E'
ac_cv_prog_RANLIB=mipsel-linux-uclibc-ranlib
ac_cv_prog_STRIP=@true
ac_cv_prog_cc_g=yes
ac_cv_prog_cc_stdc=
ac_cv_prog_egrep='grep -E'
ac_cv_prog_firewall=iptables
ac_cv_prog_make_make_set=yes
ac_cv_type_off_t=yes
ac_cv_type_pid_t=yes
ac_cv_type_signal=void
am_cv_CC_dependencies_compiler_type=gcc3

## ----------------- ##
## Output variables. ##
## ----------------- ##

ACLOCAL='${SHELL} /home/openwrt/workspace/DD-WRT/src/router/nocat/missing --run aclocal-1.9'
AMDEPBACKSLASH='\'
AMDEP_FALSE='#'
AMDEP_TRUE=''
AMTAR='${SHELL} /home/openwrt/workspace/DD-WRT/src/router/nocat/missing --run tar'
AUTOCONF='${SHELL} /home/openwrt/workspace/DD-WRT/src/router/nocat/missing --run autoconf'
AUTOHEADER='${SHELL} /home/openwrt/workspace/DD-WRT/src/router/nocat/missing --run autoheader'
AUTOMAKE='${SHELL} /home/openwrt/workspace/DD-WRT/src/router/nocat/missing --run automake-1.9'
AWK='mawk'
CC='mipsel-linux-uclibc-gcc'
CCDEPMODE='depmode=gcc3'
CFLAGS='-Os -pipe -mips32 -mtune=mips32 -funit-at-a-time -I../libghttp'
CPP='mipsel-linux-uclibc-gcc -E'
CPPFLAGS=''
CYGPATH_W='echo'
DEFS='-DHAVE_CONFIG_H'
DEPDIR='.deps'
ECHO_C=''
ECHO_N='-n'
ECHO_T=''
EGREP='grep -E'
EXEEXT=''
GHTTPD_PROGRAM=''
GHTTP_INCLUDEDIR='-I${includedir}'
GHTTP_LIBDIR='-L${libdir}'
GHTTP_LIBS='-lghttp'
GHTTP_MAJOR_VERSION='1'
GHTTP_MICRO_VERSION='9'
GHTTP_MINOR_VERSION='0'
GHTTP_VERSION='1.0.9'
GLIB_CFLAGS='-I/home/openwrt/workspace/DD-WRT/src/router/nocat/../glib-1.2.10-install/include/glib-1.2 -I/home/openwrt/workspace/DD-WRT/src/router/nocat/../glib-1.2.10-install/lib/glib/include'
GLIB_CONFIG='/home/openwrt/workspace/DD-WRT/src/router/nocat/../glib-1.2.10-install/bin/glib-config'
GLIB_LIBS='-L/home/openwrt/workspace/DD-WRT/src/router/nocat/../glib-1.2.10-install/lib -lglib'
HAVE_LIBGHTTP='1'
INSTALL_DATA='${INSTALL} -m 644'
INSTALL_PROGRAM='${INSTALL}'
INSTALL_SCRIPT='${INSTALL}'
INSTALL_STRIP_PROGRAM='${SHELL} $(install_sh) -c -s'
LDFLAGS='-s'
LIBOBJS=' strtod$U.o'
LIBS=''
LTLIBOBJS=' strtod$U.lo'
MAINT='#'
MAINTAINER_MODE_FALSE=''
MAINTAINER_MODE_TRUE='#'
MAKEINFO='${SHELL} /home/openwrt/workspace/DD-WRT/src/router/nocat/missing --run makeinfo'
OBJEXT='o'
PACKAGE='NoCatSplash'
PACKAGE_BUGREPORT='schuyler@nocat.net'
PACKAGE_NAME='nocat'
PACKAGE_STRING='nocat 0.93pre2-ewrt0.4'
PACKAGE_TARNAME='NoCatSplash'
PACKAGE_VERSION='0.93pre2-ewrt0.4'
PATH_SEPARATOR=':'
POW_LIB='-lm'
RANLIB='mipsel-linux-uclibc-ranlib'
SET_MAKE=''
SHELL='/bin/sh'
SPLASHD_MODE='open.c ../libghttp/libghttp.a'
SPLASHD_SUBDIRS='libghttp'
STRIP='@true'
VERSION='0.93pre2-ewrt0.4'
ac_ct_CC=''
ac_ct_RANLIB=''
ac_ct_STRIP=''
am__fastdepCC_FALSE='#'
am__fastdepCC_TRUE=''
am__include='include'
am__leading_dot='.'
am__quote=''
am__tar='${AMTAR} chof - "$$tardir"'
am__untar='${AMTAR} xf -'
bindir='${exec_prefix}/bin'
build_alias=''
datadir='${prefix}/share'
exec_prefix='/usr/local'
firewall='iptables'
host_alias='mipsel-linux'
htdocsdir='${prefix}/share/nocat/htdocs'
imagesdir='${prefix}/share/nocat/htdocs/images'
includedir='${prefix}/include'
infodir='${prefix}/info'
install_sh='/home/openwrt/workspace/DD-WRT/src/router/nocat/install-sh'
libdir='${exec_prefix}/lib'
libexecdir='${exec_prefix}/libexec'
libexecscripts='libexec/iptables/access.fw libexec/iptables/clear.fw libexec/iptables/dump.fw libexec/iptables/initialize.fw libexec/iptables/reset.fw libexec/iptables/throttle.fw libexec/iptables/.svn/text-base/throttle.fw.svn-base libexec/iptables/.svn/text-base/dump.fw.svn-base libexec/iptables/.svn/text-base/clear.fw.svn-base libexec/iptables/.svn/text-base/access.fw.svn-base libexec/iptables/.svn/text-base/initialize.fw.svn-base libexec/iptables/.svn/text-base/reset.fw.svn-base libexec/iptables/.svn/prop-base/throttle.fw.svn-base libexec/iptables/.svn/prop-base/dump.fw.svn-base libexec/iptables/.svn/prop-base/clear.fw.svn-base libexec/iptables/.svn/prop-base/access.fw.svn-base libexec/iptables/.svn/prop-base/initialize.fw.svn-base libexec/iptables/.svn/prop-base/reset.fw.svn-base libexec/iptables/.svn/props/throttle.fw.svn-work libexec/iptables/.svn/props/dump.fw.svn-work libexec/iptables/.svn/props/clear.fw.svn-work libexec/iptables/.svn/props/access.fw.svn-work libexec/iptables/.svn/props/initialize.fw.svn-work libexec/iptables/.svn/props/reset.fw.svn-work libexec/iptables/.svn/entries libexec/iptables/.svn/empty-file libexec/iptables/.svn/README.txt libexec/iptables/.svn/format libexec/iptables/call_splashd_check.sh libexec/iptables/check_splashd.sh libexec/iptables/remote_settings.sh libexec/iptables/test_arp.sh libexec/iptables/traffic_input_count.sh libexec/iptables/traffic_output_count.sh libexec/iptables/upgrade_check.sh '
localstatedir='${prefix}/var'
mandir='${prefix}/man'
mkdir_p='mkdir -p --'
oldincludedir='/usr/include'
pgpdir='${prefix}/share/nocat/pgp'
pkglibexecdir='${exec_prefix}/libexec/nocat'
prefix='/usr/local'
program_transform_name='s,x,x,'
sbindir='${exec_prefix}/sbin'
sharedstatedir='${prefix}/com'
sysconfdir='${prefix}/etc'
target_alias=''

## ----------- ##
## confdefs.h. ##
## ----------- ##

#define GHTTP_MAJOR_VERSION 1
#define GHTTP_MICRO_VERSION 9
#define GHTTP_MINOR_VERSION 0
#define HAVE_ARPA_INET_H 1
#define HAVE_FCNTL_H 1
#define HAVE_FORK 1
#define HAVE_GETPAGESIZE 1
#define HAVE_INTTYPES_H 1
#define HAVE_MEMORY_H 1
#define HAVE_MUNMAP 1
#define HAVE_NETINET_IN_H 1
#define HAVE_SOCKET 1
#define HAVE_STDINT_H 1
#define HAVE_STDLIB_H 1
#define HAVE_STDLIB_H 1
#define HAVE_STDLIB_H 1
#define HAVE_STRCHR 1
#define HAVE_STRCSPN 1
#define HAVE_STRINGS_H 1
#define HAVE_STRING_H 1
#define HAVE_STRING_H 1
#define HAVE_STRRCHR 1
#define HAVE_STRSTR 1
#define HAVE_STRTOL 1
#define HAVE_SYS_SOCKET_H 1
#define HAVE_SYS_STAT_H 1
#define HAVE_SYS_TIME_H 1
#define HAVE_SYS_TYPES_H 1
#define HAVE_SYS_WAIT_H 1
#define HAVE_UNISTD_H 1
#define HAVE_UNISTD_H 1
#define HAVE_UNISTD_H 1
#define HAVE_UNISTD_H 1
#define HAVE_VFORK 1
#define HAVE_WORKING_FORK 1
#define HAVE_WORKING_VFORK 1
#define NC_CONF_PATH "/usr/local/etc"
#define NC_DOCUMENT_ROOT "/usr/local/share/nocat/htdocs"
#define NC_FIREWALL_PATH "/usr/local/libexec/nocat"
#define NC_PGP_PATH "/usr/local/share/nocat/pgp"
#define NC_PID_FILE "/usr/local/var/run/splashd.pid"
#define NC_STATE_DIR "/usr/local/var"
#define PACKAGE "NoCatSplash"
#define PACKAGE_BUGREPORT "schuyler@nocat.net"
#define PACKAGE_NAME "nocat"
#define PACKAGE_STRING "nocat 0.93pre2-ewrt0.4"
#define PACKAGE_TARNAME "NoCatSplash"
#define PACKAGE_VERSION "0.93pre2-ewrt0.4"
#define RETSIGTYPE void
#define STDC_HEADERS 1
#define VERSION "0.93pre2-ewrt0.4"

configure: exit 0
