This file contains any messages produced by compilers while
running configure, to aid debugging if configure makes a mistake.

It was created by configure, which was
generated by GNU Autoconf 2.59.  Invocation command line was

  $ ./configure --host=arm-linux-elf --program-prefix= --program-suffix= --prefix=/usr --exec-prefix=/usr --bindir=/usr/bin --sbindir=/usr/sbin --libexecdir=/usr/lib --sysconfdir=/etc --datadir=/usr/share --localstatedir=/var --mandir=/usr/man --infodir=/usr/info --disable-nls

## --------- ##
## Platform. ##
## --------- ##

hostname = linux
uname -m = x86_64
uname -r = 5.11.12-1.g92a542e-default
uname -s = Linux
uname -v = #1 SMP Fri Apr 9 14:32:54 +07 2021

/usr/bin/uname -p = x86_64
/bin/uname -X     = unknown

/bin/arch              = x86_64
/usr/bin/arch -k       = unknown
/usr/convex/getsysinfo = unknown
hostinfo               = unknown
/bin/machine           = unknown
/usr/bin/oslevel       = unknown
/bin/universe          = unknown

PATH: /xfs/toolchains/toolchain-arm_cortex-a9_gcc-11.1.0_musl_eabi/bin
PATH: /sbin
PATH: /usr/sbin
PATH: /usr/local/sbin
PATH: /root/bin
PATH: /usr/local/bin
PATH: /usr/bin
PATH: /bin
PATH: /usr/games
PATH: /opt/kde3/bin
PATH: /usr/lib/mit/bin
PATH: /usr/lib/mit/sbin


## ----------- ##
## Core tests. ##
## ----------- ##

configure:1199: loading site script /usr/share/site/x86_64-unknown-linux-gnu
| #!/bin/sh
| # Site script for configure. It is resourced via $CONFIG_SITE environment varaible.
| 
| # If user did not specify libdir, guess the correct target:
| # Use lib64 for 64 bit bi-arch targets, keep the default for the rest.
| if test "$libdir" = '${exec_prefix}/lib' ; then
| 
| 	ac_config_site_64bit_host=NONE
| 
| 	case "$host" in
| 	"" )
| 		# User did not specify host target.
| 		# The native platform x86_64 is a bi-arch platform.
| 		# Try to detect cross-compilation to inferior architecture.
| 
| 		# We are trying to guess 32-bit target compilation. It's not as easy as
| 		# it sounds, as there is possible several intermediate combinations.
| 		ac_config_site_cross_to_32bit_host=NONE
| 
| 		# User defined -m32 in CFLAGS or CXXFLAGS or CC or CXX:
| 		# (It's sufficient for 32-bit, but alone may cause mis-behavior of some checks.)
| 		case "$CFLAGS $CXXFLAGS $CC $CXX" in
| 		*-m32*)
| 			ac_config_site_cross_to_32bit_host=YES
| 			;;
| 		esac
| 
| 		# Running with linux32:
| 		# (Changes detected platform, but not the toolchain target.)
| 		case "`/bin/uname -i`" in
| 		x86_64 | ppc64 | s390x | aarch64 )
| 			;;
| 		* )
| 			ac_config_site_cross_to_32bit_host=YES
| 			;;
| 		esac
| 
| 		if test "x$ac_config_site_cross_to_32bit_host" = xNONE; then
| 			ac_config_site_64bit_host=YES
| 		fi
| 
| 		;;
| 	*x86_64* | *ppc64* | *s390x* | *aarch64* )
| 		ac_config_site_64bit_host=YES
| 		;;
| 	esac
| 
| 	if test "x$ac_config_site_64bit_host" = xYES; then
| 		libdir='${exec_prefix}/lib64'
| 	fi
| fi
| 
| # If user did not specify libexecdir, set the correct target:
| # Nor FHS nor openSUSE allow prefix/libexec. Let's default to prefix/lib.
| 
| if test "$libexecdir" = '${exec_prefix}/libexec' ; then
| 	libexecdir='${exec_prefix}/lib'
| fi
| 
| # Continue with the standard behavior of configure defined in AC_SITE_LOAD:
| if test "x$prefix" != xNONE; then
| 	ac_site_file1=$prefix/share/config.site
| 	ac_site_file2=$prefix/etc/config.site
| else
| 	ac_site_file1=$ac_default_prefix/share/config.site
| 	ac_site_file2=$ac_default_prefix/etc/config.site
| fi
| for ac_site_file in "$ac_site_file1" "$ac_site_file2"
| do
| 	test "x$ac_site_file" = xNONE && continue
| 	if test /dev/null != "$ac_site_file" && test -r "$ac_site_file"; then
| 		{ $as_echo "/usr/share/site/x86_64-unknown-linux-gnu:${as_lineno-$LINENO}: loading site script $ac_site_file" >&5
| $as_echo "/usr/share/site/x86_64-unknown-linux-gnu: loading site script $ac_site_file" >&6;}
| 		sed 's/^/| /' "$ac_site_file" >&5
| 		. "$ac_site_file" \
| 			|| { { $as_echo "/usr/share/site/x86_64-unknown-linux-gnu:${as_lineno-$LINENO}: error: in \`$ac_pwd':" >&5
| $as_echo "/usr/share/site/x86_64-unknown-linux-gnu: error: in \`$ac_pwd':" >&2;}
| as_fn_error $? "failed to load site script $ac_site_file
| See \`config.log' for more details" "$LINENO" 5; }
| 	fi
| done
configure:1337: checking for a BSD-compatible install
configure:1392: result: /usr/bin/install -c
configure:1403: checking whether build environment is sane
configure:1446: result: yes
configure:1503: checking for gawk
configure:1519: found /usr/bin/gawk
configure:1529: result: gawk
configure:1539: checking whether make sets $(MAKE)
configure:1559: result: yes
configure:1638: checking for arm-linux-elf-strip
configure:1664: result: arm-linux-uclibc-strip
configure:1746: checking for arm-linux-elf-gcc
configure:1772: result: ccache arm-linux-uclibc-gcc
configure:2054: checking for C compiler version
configure:2057: ccache arm-linux-uclibc-gcc --version </dev/null >&5
arm-linux-uclibc-gcc (OpenWrt GCC 11.1.0 r16592-aabc632023) 11.1.0
Copyright (C) 2021 Free Software Foundation, Inc.
This is free software; see the source for copying conditions.  There is NO
warranty; not even for MERCHANTABILITY or FITNESS FOR A PARTICULAR PURPOSE.

configure:2060: $? = 0
configure:2062: ccache arm-linux-uclibc-gcc -v </dev/null >&5
Using built-in specs.
COLLECT_GCC=/xfs/toolchains/toolchain-arm_cortex-a9_gcc-11.1.0_musl_eabi/bin/arm-linux-uclibc-gcc
COLLECT_LTO_WRAPPER=/home/xfs/toolchains/toolchain-arm_cortex-a9_gcc-11.1.0_musl_eabi/bin/../lib/gcc/arm-openwrt-linux-muslgnueabi/11.1.0/lto-wrapper
Target: arm-openwrt-linux-muslgnueabi
Configured with: /home/xfs/openwrt/lede/openwrt/build_dir/toolchain-arm_cortex-a9_gcc-11.1.0_musl_eabi/gcc-11.1.0/configure --with-bugurl=http://bugs.openwrt.org/ --with-pkgversion='OpenWrt GCC 11.1.0 r16592-aabc632023' --prefix=/home/xfs/openwrt/lede/openwrt/staging_dir/toolchain-arm_cortex-a9_gcc-11.1.0_musl_eabi --build=x86_64-pc-linux-gnu --host=x86_64-pc-linux-gnu --target=arm-openwrt-linux-muslgnueabi --with-gnu-ld --enable-target-optspace --disable-libgomp --disable-libmudflap --disable-multilib --disable-libmpx --disable-nls --disable-libssp --without-isl --without-cloog --with-host-libstdcxx=-lstdc++ --with-float=soft --with-gmp=/home/xfs/openwrt/lede/openwrt/staging_dir/host --with-mpfr=/home/xfs/openwrt/lede/openwrt/staging_dir/host --with-mpc=/home/xfs/openwrt/lede/openwrt/staging_dir/host --disable-decimal-float --with-diagnostics-color=auto-if-env --enable-__cxa_atexit --disable-libstdcxx-dual-abi --with-default-libstdcxx-abi=new --with-cpu=cortex-a9 --with-headers=/home/xfs/openwrt/lede/openwrt/staging_dir/toolchain-arm_cortex-a9_gcc-11.1.0_musl_eabi/include --enable-languages=c,c++ --enable-shared --enable-threads --with-slibdir=/home/xfs/openwrt/lede/openwrt/staging_dir/toolchain-arm_cortex-a9_gcc-11.1.0_musl_eabi/lib --enable-lto --with-libelf=/home/xfs/openwrt/lede/openwrt/staging_dir/host --disable-libsanitizer
Thread model: posix
Supported LTO compression algorithms: zlib zstd
gcc version 11.1.0 (OpenWrt GCC 11.1.0 r16592-aabc632023) 
configure:2065: $? = 0
configure:2067: ccache arm-linux-uclibc-gcc -V </dev/null >&5
arm-linux-uclibc-gcc: error: unrecognized command-line option '-V'
arm-linux-uclibc-gcc: fatal error: no input files
compilation terminated.
configure:2070: $? = 1
configure:2093: checking for C compiler default output file name
configure:2096: ccache arm-linux-uclibc-gcc -Os -pipe -mcpu=cortex-a9 -mtune=cortex-a9  -msoft-float -mfloat-abi=soft -fno-caller-saves -fno-plt -fcommon   conftest.c  >&5
configure:2099: $? = 0
configure:2145: result: a.out
configure:2150: checking whether the C compiler works
configure:2156: ./a.out
./configure: line 2157: ./a.out: cannot execute binary file: Exec format error
configure:2159: $? = 126
configure:2176: result: yes
configure:2183: checking whether we are cross compiling
configure:2185: result: yes
configure:2188: checking for suffix of executables
configure:2190: ccache arm-linux-uclibc-gcc -o conftest -Os -pipe -mcpu=cortex-a9 -mtune=cortex-a9  -msoft-float -mfloat-abi=soft -fno-caller-saves -fno-plt -fcommon   conftest.c  >&5
configure:2193: $? = 0
configure:2218: result: 
configure:2224: checking for suffix of object files
configure:2245: ccache arm-linux-uclibc-gcc -c -Os -pipe -mcpu=cortex-a9 -mtune=cortex-a9  -msoft-float -mfloat-abi=soft -fno-caller-saves -fno-plt -fcommon  conftest.c >&5
configure:2248: $? = 0
configure:2270: result: o
configure:2274: checking whether we are using the GNU C compiler
configure:2298: ccache arm-linux-uclibc-gcc -c -Os -pipe -mcpu=cortex-a9 -mtune=cortex-a9  -msoft-float -mfloat-abi=soft -fno-caller-saves -fno-plt -fcommon  conftest.c >&5
configure:2304: $? = 0
configure:2308: test -z 
			 || test ! -s conftest.err
configure:2311: $? = 0
configure:2314: test -s conftest.o
configure:2317: $? = 0
configure:2330: result: yes
configure:2336: checking whether ccache arm-linux-uclibc-gcc accepts -g
configure:2357: ccache arm-linux-uclibc-gcc -c -g  conftest.c >&5
configure:2363: $? = 0
configure:2367: test -z 
			 || test ! -s conftest.err
configure:2370: $? = 0
configure:2373: test -s conftest.o
configure:2376: $? = 0
configure:2387: result: yes
configure:2404: checking for ccache arm-linux-uclibc-gcc option to accept ANSI C
configure:2474: ccache arm-linux-uclibc-gcc  -c -Os -pipe -mcpu=cortex-a9 -mtune=cortex-a9  -msoft-float -mfloat-abi=soft -fno-caller-saves -fno-plt -fcommon  conftest.c >&5
configure:2480: $? = 0
configure:2484: test -z 
			 || test ! -s conftest.err
configure:2487: $? = 0
configure:2490: test -s conftest.o
configure:2493: $? = 0
configure:2511: result: none needed
configure:2529: ccache arm-linux-uclibc-gcc -c -Os -pipe -mcpu=cortex-a9 -mtune=cortex-a9  -msoft-float -mfloat-abi=soft -fno-caller-saves -fno-plt -fcommon  conftest.c >&5
conftest.c:2:3: error: unknown type name 'choke'
    2 |   choke me
      |   ^~~~~
conftest.c:2:3: error: expected '=', ',', ';', 'asm' or '__attribute__' at end of input
configure:2535: $? = 1
configure: failed program was:
| #ifndef __cplusplus
|   choke me
| #endif
configure:2679: checking for style of include used by make
configure:2707: result: GNU
configure:2735: checking dependency style of ccache arm-linux-uclibc-gcc
configure:2818: result: gcc3
configure:2835: checking whether make sets $(MAKE)
configure:2855: result: yes
configure:2867: checking for arm-linux-elf-ranlib
configure:2893: result: arm-linux-uclibc-ranlib
configure:2952: checking for arm-linux-elf-gcc
configure:2978: result: ccache arm-linux-uclibc-gcc
configure:3260: checking for C compiler version
configure:3263: ccache arm-linux-uclibc-gcc --version </dev/null >&5
arm-linux-uclibc-gcc (OpenWrt GCC 11.1.0 r16592-aabc632023) 11.1.0
Copyright (C) 2021 Free Software Foundation, Inc.
This is free software; see the source for copying conditions.  There is NO
warranty; not even for MERCHANTABILITY or FITNESS FOR A PARTICULAR PURPOSE.

configure:3266: $? = 0
configure:3268: ccache arm-linux-uclibc-gcc -v </dev/null >&5
Using built-in specs.
COLLECT_GCC=/xfs/toolchains/toolchain-arm_cortex-a9_gcc-11.1.0_musl_eabi/bin/arm-linux-uclibc-gcc
COLLECT_LTO_WRAPPER=/home/xfs/toolchains/toolchain-arm_cortex-a9_gcc-11.1.0_musl_eabi/bin/../lib/gcc/arm-openwrt-linux-muslgnueabi/11.1.0/lto-wrapper
Target: arm-openwrt-linux-muslgnueabi
Configured with: /home/xfs/openwrt/lede/openwrt/build_dir/toolchain-arm_cortex-a9_gcc-11.1.0_musl_eabi/gcc-11.1.0/configure --with-bugurl=http://bugs.openwrt.org/ --with-pkgversion='OpenWrt GCC 11.1.0 r16592-aabc632023' --prefix=/home/xfs/openwrt/lede/openwrt/staging_dir/toolchain-arm_cortex-a9_gcc-11.1.0_musl_eabi --build=x86_64-pc-linux-gnu --host=x86_64-pc-linux-gnu --target=arm-openwrt-linux-muslgnueabi --with-gnu-ld --enable-target-optspace --disable-libgomp --disable-libmudflap --disable-multilib --disable-libmpx --disable-nls --disable-libssp --without-isl --without-cloog --with-host-libstdcxx=-lstdc++ --with-float=soft --with-gmp=/home/xfs/openwrt/lede/openwrt/staging_dir/host --with-mpfr=/home/xfs/openwrt/lede/openwrt/staging_dir/host --with-mpc=/home/xfs/openwrt/lede/openwrt/staging_dir/host --disable-decimal-float --with-diagnostics-color=auto-if-env --enable-__cxa_atexit --disable-libstdcxx-dual-abi --with-default-libstdcxx-abi=new --with-cpu=cortex-a9 --with-headers=/home/xfs/openwrt/lede/openwrt/staging_dir/toolchain-arm_cortex-a9_gcc-11.1.0_musl_eabi/include --enable-languages=c,c++ --enable-shared --enable-threads --with-slibdir=/home/xfs/openwrt/lede/openwrt/staging_dir/toolchain-arm_cortex-a9_gcc-11.1.0_musl_eabi/lib --enable-lto --with-libelf=/home/xfs/openwrt/lede/openwrt/staging_dir/host --disable-libsanitizer
Thread model: posix
Supported LTO compression algorithms: zlib zstd
gcc version 11.1.0 (OpenWrt GCC 11.1.0 r16592-aabc632023) 
configure:3271: $? = 0
configure:3273: ccache arm-linux-uclibc-gcc -V </dev/null >&5
arm-linux-uclibc-gcc: error: unrecognized command-line option '-V'
arm-linux-uclibc-gcc: fatal error: no input files
compilation terminated.
configure:3276: $? = 1
configure:3279: checking whether we are using the GNU C compiler
configure:3335: result: yes
configure:3341: checking whether ccache arm-linux-uclibc-gcc accepts -g
configure:3392: result: yes
configure:3409: checking for ccache arm-linux-uclibc-gcc option to accept ANSI C
configure:3516: result: none needed
configure:3534: ccache arm-linux-uclibc-gcc -c -Os -pipe -mcpu=cortex-a9 -mtune=cortex-a9  -msoft-float -mfloat-abi=soft -fno-caller-saves -fno-plt -fcommon  conftest.c >&5
conftest.c:2:3: error: unknown type name 'choke'
    2 |   choke me
      |   ^~~~~
conftest.c:2:3: error: expected '=', ',', ';', 'asm' or '__attribute__' at end of input
configure:3540: $? = 1
configure: failed program was:
| #ifndef __cplusplus
|   choke me
| #endif
configure:3675: checking dependency style of ccache arm-linux-uclibc-gcc
configure:3758: result: gcc3
configure:3794: checking how to run the C preprocessor
configure:3829: ccache arm-linux-uclibc-gcc -E  conftest.c
configure:3835: $? = 0
configure:3867: ccache arm-linux-uclibc-gcc -E  conftest.c
conftest.c:12:10: fatal error: ac_nonexistent.h: No such file or directory
   12 | #include <ac_nonexistent.h>
      |          ^~~~~~~~~~~~~~~~~~
compilation terminated.
configure:3873: $? = 1
configure: failed program was:
| /* confdefs.h.  */
| 
| #define PACKAGE_NAME ""
| #define PACKAGE_TARNAME ""
| #define PACKAGE_VERSION ""
| #define PACKAGE_STRING ""
| #define PACKAGE_BUGREPORT ""
| #define PACKAGE "argp"
| #define VERSION "standalone-1.3"
| #define _GNU_SOURCE 1
| /* end confdefs.h.  */
| #include <ac_nonexistent.h>
configure:3912: result: ccache arm-linux-uclibc-gcc -E
configure:3936: ccache arm-linux-uclibc-gcc -E  conftest.c
configure:3942: $? = 0
configure:3974: ccache arm-linux-uclibc-gcc -E  conftest.c
conftest.c:12:10: fatal error: ac_nonexistent.h: No such file or directory
   12 | #include <ac_nonexistent.h>
      |          ^~~~~~~~~~~~~~~~~~
compilation terminated.
configure:3980: $? = 1
configure: failed program was:
| /* confdefs.h.  */
| 
| #define PACKAGE_NAME ""
| #define PACKAGE_TARNAME ""
| #define PACKAGE_VERSION ""
| #define PACKAGE_STRING ""
| #define PACKAGE_BUGREPORT ""
| #define PACKAGE "argp"
| #define VERSION "standalone-1.3"
| #define _GNU_SOURCE 1
| /* end confdefs.h.  */
| #include <ac_nonexistent.h>
configure:4024: checking for egrep
configure:4034: result: grep -E
configure:4039: checking for ANSI C header files
configure:4064: ccache arm-linux-uclibc-gcc -c -Os -pipe -mcpu=cortex-a9 -mtune=cortex-a9  -msoft-float -mfloat-abi=soft -fno-caller-saves -fno-plt -fcommon  conftest.c >&5
configure:4070: $? = 0
configure:4074: test -z 
			 || test ! -s conftest.err
configure:4077: $? = 0
configure:4080: test -s conftest.o
configure:4083: $? = 0
configure:4195: result: yes
configure:4219: checking for sys/types.h
configure:4235: ccache arm-linux-uclibc-gcc -c -Os -pipe -mcpu=cortex-a9 -mtune=cortex-a9  -msoft-float -mfloat-abi=soft -fno-caller-saves -fno-plt -fcommon  conftest.c >&5
configure:4241: $? = 0
configure:4245: test -z 
			 || test ! -s conftest.err
configure:4248: $? = 0
configure:4251: test -s conftest.o
configure:4254: $? = 0
configure:4265: result: yes
configure:4219: checking for sys/stat.h
configure:4235: ccache arm-linux-uclibc-gcc -c -Os -pipe -mcpu=cortex-a9 -mtune=cortex-a9  -msoft-float -mfloat-abi=soft -fno-caller-saves -fno-plt -fcommon  conftest.c >&5
configure:4241: $? = 0
configure:4245: test -z 
			 || test ! -s conftest.err
configure:4248: $? = 0
configure:4251: test -s conftest.o
configure:4254: $? = 0
configure:4265: result: yes
configure:4219: checking for stdlib.h
configure:4235: ccache arm-linux-uclibc-gcc -c -Os -pipe -mcpu=cortex-a9 -mtune=cortex-a9  -msoft-float -mfloat-abi=soft -fno-caller-saves -fno-plt -fcommon  conftest.c >&5
configure:4241: $? = 0
configure:4245: test -z 
			 || test ! -s conftest.err
configure:4248: $? = 0
configure:4251: test -s conftest.o
configure:4254: $? = 0
configure:4265: result: yes
configure:4219: checking for string.h
configure:4235: ccache arm-linux-uclibc-gcc -c -Os -pipe -mcpu=cortex-a9 -mtune=cortex-a9  -msoft-float -mfloat-abi=soft -fno-caller-saves -fno-plt -fcommon  conftest.c >&5
configure:4241: $? = 0
configure:4245: test -z 
			 || test ! -s conftest.err
configure:4248: $? = 0
configure:4251: test -s conftest.o
configure:4254: $? = 0
configure:4265: result: yes
configure:4219: checking for memory.h
configure:4235: ccache arm-linux-uclibc-gcc -c -Os -pipe -mcpu=cortex-a9 -mtune=cortex-a9  -msoft-float -mfloat-abi=soft -fno-caller-saves -fno-plt -fcommon  conftest.c >&5
configure:4241: $? = 0
configure:4245: test -z 
			 || test ! -s conftest.err
configure:4248: $? = 0
configure:4251: test -s conftest.o
configure:4254: $? = 0
configure:4265: result: yes
configure:4219: checking for strings.h
configure:4235: ccache arm-linux-uclibc-gcc -c -Os -pipe -mcpu=cortex-a9 -mtune=cortex-a9  -msoft-float -mfloat-abi=soft -fno-caller-saves -fno-plt -fcommon  conftest.c >&5
configure:4241: $? = 0
configure:4245: test -z 
			 || test ! -s conftest.err
configure:4248: $? = 0
configure:4251: test -s conftest.o
configure:4254: $? = 0
configure:4265: result: yes
configure:4219: checking for inttypes.h
configure:4235: ccache arm-linux-uclibc-gcc -c -Os -pipe -mcpu=cortex-a9 -mtune=cortex-a9  -msoft-float -mfloat-abi=soft -fno-caller-saves -fno-plt -fcommon  conftest.c >&5
configure:4241: $? = 0
configure:4245: test -z 
			 || test ! -s conftest.err
configure:4248: $? = 0
configure:4251: test -s conftest.o
configure:4254: $? = 0
configure:4265: result: yes
configure:4219: checking for stdint.h
configure:4235: ccache arm-linux-uclibc-gcc -c -Os -pipe -mcpu=cortex-a9 -mtune=cortex-a9  -msoft-float -mfloat-abi=soft -fno-caller-saves -fno-plt -fcommon  conftest.c >&5
configure:4241: $? = 0
configure:4245: test -z 
			 || test ! -s conftest.err
configure:4248: $? = 0
configure:4251: test -s conftest.o
configure:4254: $? = 0
configure:4265: result: yes
configure:4219: checking for unistd.h
configure:4235: ccache arm-linux-uclibc-gcc -c -Os -pipe -mcpu=cortex-a9 -mtune=cortex-a9  -msoft-float -mfloat-abi=soft -fno-caller-saves -fno-plt -fcommon  conftest.c >&5
configure:4241: $? = 0
configure:4245: test -z 
			 || test ! -s conftest.err
configure:4248: $? = 0
configure:4251: test -s conftest.o
configure:4254: $? = 0
configure:4265: result: yes
configure:4293: checking limits.h usability
configure:4305: ccache arm-linux-uclibc-gcc -c -Os -pipe -mcpu=cortex-a9 -mtune=cortex-a9  -msoft-float -mfloat-abi=soft -fno-caller-saves -fno-plt -fcommon  conftest.c >&5
configure:4311: $? = 0
configure:4315: test -z 
			 || test ! -s conftest.err
configure:4318: $? = 0
configure:4321: test -s conftest.o
configure:4324: $? = 0
configure:4334: result: yes
configure:4338: checking limits.h presence
configure:4348: ccache arm-linux-uclibc-gcc -E  conftest.c
configure:4354: $? = 0
configure:4374: result: yes
configure:4409: checking for limits.h
configure:4416: result: yes
configure:4293: checking malloc.h usability
configure:4305: ccache arm-linux-uclibc-gcc -c -Os -pipe -mcpu=cortex-a9 -mtune=cortex-a9  -msoft-float -mfloat-abi=soft -fno-caller-saves -fno-plt -fcommon  conftest.c >&5
configure:4311: $? = 0
configure:4315: test -z 
			 || test ! -s conftest.err
configure:4318: $? = 0
configure:4321: test -s conftest.o
configure:4324: $? = 0
configure:4334: result: yes
configure:4338: checking malloc.h presence
configure:4348: ccache arm-linux-uclibc-gcc -E  conftest.c
configure:4354: $? = 0
configure:4374: result: yes
configure:4409: checking for malloc.h
configure:4416: result: yes
configure:4284: checking for unistd.h
configure:4289: result: yes
configure:4431: checking for an ANSI C-conforming const
configure:4498: ccache arm-linux-uclibc-gcc -c -Os -pipe -mcpu=cortex-a9 -mtune=cortex-a9  -msoft-float -mfloat-abi=soft -fno-caller-saves -fno-plt -fcommon  conftest.c >&5
configure:4504: $? = 0
configure:4508: test -z 
			 || test ! -s conftest.err
configure:4511: $? = 0
configure:4514: test -s conftest.o
configure:4517: $? = 0
configure:4528: result: yes
configure:4538: checking for inline
configure:4559: ccache arm-linux-uclibc-gcc -c -Os -pipe -mcpu=cortex-a9 -mtune=cortex-a9  -msoft-float -mfloat-abi=soft -fno-caller-saves -fno-plt -fcommon  conftest.c >&5
configure:4565: $? = 0
configure:4569: test -z 
			 || test ! -s conftest.err
configure:4572: $? = 0
configure:4575: test -s conftest.o
configure:4578: $? = 0
configure:4590: result: inline
configure:4609: checking for size_t
configure:4633: ccache arm-linux-uclibc-gcc -c -Os -pipe -mcpu=cortex-a9 -mtune=cortex-a9  -msoft-float -mfloat-abi=soft -fno-caller-saves -fno-plt -fcommon  conftest.c >&5
configure:4639: $? = 0
configure:4643: test -z 
			 || test ! -s conftest.err
configure:4646: $? = 0
configure:4649: test -s conftest.o
configure:4652: $? = 0
configure:4663: result: yes
configure:4676: checking for __attribute__
configure:4707: ccache arm-linux-uclibc-gcc -c -Os -pipe -mcpu=cortex-a9 -mtune=cortex-a9  -msoft-float -mfloat-abi=soft -fno-caller-saves -fno-plt -fcommon  conftest.c >&5
conftest.c: In function 'main':
conftest.c:32:13: error: invalid storage class for function 'foo'
   32 | static void foo(void) __attribute__ ((noreturn));
      |             ^~~
conftest.c:35:1: error: invalid storage class for function 'foo'
   35 | foo(void)
      | ^~~
configure:4713: $? = 1
configure: failed program was:
| /* confdefs.h.  */
| 
| #define PACKAGE_NAME ""
| #define PACKAGE_TARNAME ""
| #define PACKAGE_VERSION ""
| #define PACKAGE_STRING ""
| #define PACKAGE_BUGREPORT ""
| #define PACKAGE "argp"
| #define VERSION "standalone-1.3"
| #define _GNU_SOURCE 1
| #define STDC_HEADERS 1
| #define HAVE_SYS_TYPES_H 1
| #define HAVE_SYS_STAT_H 1
| #define HAVE_STDLIB_H 1
| #define HAVE_STRING_H 1
| #define HAVE_MEMORY_H 1
| #define HAVE_STRINGS_H 1
| #define HAVE_INTTYPES_H 1
| #define HAVE_STDINT_H 1
| #define HAVE_UNISTD_H 1
| #define HAVE_LIMITS_H 1
| #define HAVE_MALLOC_H 1
| #define HAVE_UNISTD_H 1
| /* end confdefs.h.  */
| 
| #include <stdlib.h>
| 
| int
| main ()
| {
| 
| static void foo(void) __attribute__ ((noreturn));
| 
| static void __attribute__ ((noreturn))
| foo(void)
| {
|   exit(1);
| }
| 
|   ;
|   return 0;
| }
configure:4737: result: no
configure:4755: checking for working alloca.h
configure:4776: ccache arm-linux-uclibc-gcc -o conftest -Os -pipe -mcpu=cortex-a9 -mtune=cortex-a9  -msoft-float -mfloat-abi=soft -fno-caller-saves -fno-plt -fcommon   conftest.c  >&5
configure:4782: $? = 0
configure:4786: test -z 
			 || test ! -s conftest.err
configure:4789: $? = 0
configure:4792: test -s conftest
configure:4795: $? = 0
configure:4807: result: yes
configure:4817: checking for alloca
configure:4858: ccache arm-linux-uclibc-gcc -o conftest -Os -pipe -mcpu=cortex-a9 -mtune=cortex-a9  -msoft-float -mfloat-abi=soft -fno-caller-saves -fno-plt -fcommon   conftest.c  >&5
configure:4864: $? = 0
configure:4868: test -z 
			 || test ! -s conftest.err
configure:4871: $? = 0
configure:4874: test -s conftest
configure:4877: $? = 0
configure:4889: result: yes
configure:5116: checking for vprintf
configure:5173: ccache arm-linux-uclibc-gcc -o conftest -Os -pipe -mcpu=cortex-a9 -mtune=cortex-a9  -msoft-float -mfloat-abi=soft -fno-caller-saves -fno-plt -fcommon   conftest.c  >&5
conftest.c:51:6: warning: conflicting types for built-in function 'vprintf'; expected 'int(const char *, __va_list)' [-Wbuiltin-declaration-mismatch]
   51 | char vprintf ();
      |      ^~~~~~~
conftest.c:38:1: note: 'vprintf' is declared in header '<stdio.h>'
   37 | # include <limits.h>
   38 | #else
configure:5179: $? = 0
configure:5183: test -z 
			 || test ! -s conftest.err
configure:5186: $? = 0
configure:5189: test -s conftest
configure:5192: $? = 0
configure:5204: result: yes
configure:5211: checking for _doprnt
configure:5268: ccache arm-linux-uclibc-gcc -o conftest -Os -pipe -mcpu=cortex-a9 -mtune=cortex-a9  -msoft-float -mfloat-abi=soft -fno-caller-saves -fno-plt -fcommon   conftest.c  >&5
/home/xfs/toolchains/toolchain-arm_cortex-a9_gcc-11.1.0_musl_eabi/bin/../lib64/gcc/arm-openwrt-linux-muslgnueabi/11.1.0/../../../../arm-openwrt-linux-muslgnueabi/bin/ld: /tmp/ccNmjWVb.o:(.data+0x0): undefined reference to `_doprnt'
/home/xfs/toolchains/toolchain-arm_cortex-a9_gcc-11.1.0_musl_eabi/bin/../lib64/gcc/arm-openwrt-linux-muslgnueabi/11.1.0/../../../../arm-openwrt-linux-muslgnueabi/bin/ld: /tmp/ccNmjWVb.o: in function `main':
conftest.c:(.text.startup+0x1c): undefined reference to `_doprnt'
collect2: error: ld returned 1 exit status
configure:5274: $? = 1
configure: failed program was:
| /* confdefs.h.  */
| 
| #define PACKAGE_NAME ""
| #define PACKAGE_TARNAME ""
| #define PACKAGE_VERSION ""
| #define PACKAGE_STRING ""
| #define PACKAGE_BUGREPORT ""
| #define PACKAGE "argp"
| #define VERSION "standalone-1.3"
| #define _GNU_SOURCE 1
| #define STDC_HEADERS 1
| #define HAVE_SYS_TYPES_H 1
| #define HAVE_SYS_STAT_H 1
| #define HAVE_STDLIB_H 1
| #define HAVE_STRING_H 1
| #define HAVE_MEMORY_H 1
| #define HAVE_STRINGS_H 1
| #define HAVE_INTTYPES_H 1
| #define HAVE_STDINT_H 1
| #define HAVE_UNISTD_H 1
| #define HAVE_LIMITS_H 1
| #define HAVE_MALLOC_H 1
| #define HAVE_UNISTD_H 1
| #define HAVE_ALLOCA_H 1
| #define HAVE_ALLOCA 1
| #define HAVE_VPRINTF 1
| /* end confdefs.h.  */
| /* Define _doprnt to an innocuous variant, in case <limits.h> declares _doprnt.
|    For example, HP-UX 11i <limits.h> declares gettimeofday.  */
| #define _doprnt innocuous__doprnt
| 
| /* System header to define __stub macros and hopefully few prototypes,
|     which can conflict with char _doprnt (); below.
|     Prefer <limits.h> to <assert.h> if __STDC__ is defined, since
|     <limits.h> exists even on freestanding compilers.  */
| 
| #ifdef __STDC__
| # include <limits.h>
| #else
| # include <assert.h>
| #endif
| 
| #undef _doprnt
| 
| /* Override any gcc2 internal prototype to avoid an error.  */
| #ifdef __cplusplus
| extern "C"
| {
| #endif
| /* We use char because int might match the return type of a gcc2
|    builtin and then its argument prototype would still apply.  */
| char _doprnt ();
| /* The GNU C library defines this for functions which it implements
|     to always fail with ENOSYS.  Some functions are actually named
|     something starting with __ and the normal name is an alias.  */
| #if defined (__stub__doprnt) || defined (__stub____doprnt)
| choke me
| #else
| char (*f) () = _doprnt;
| #endif
| #ifdef __cplusplus
| }
| #endif
| 
| int
| main ()
| {
| return f != _doprnt;
|   ;
|   return 0;
| }
configure:5299: result: no
configure:5317: checking for strerror
configure:5374: ccache arm-linux-uclibc-gcc -o conftest -Os -pipe -mcpu=cortex-a9 -mtune=cortex-a9  -msoft-float -mfloat-abi=soft -fno-caller-saves -fno-plt -fcommon   conftest.c  >&5
configure:5380: $? = 0
configure:5384: test -z 
			 || test ! -s conftest.err
configure:5387: $? = 0
configure:5390: test -s conftest
configure:5393: $? = 0
configure:5405: result: yes
configure:5422: checking for mempcpy
configure:5479: ccache arm-linux-uclibc-gcc -o conftest -Os -pipe -mcpu=cortex-a9 -mtune=cortex-a9  -msoft-float -mfloat-abi=soft -fno-caller-saves -fno-plt -fcommon   conftest.c  >&5
conftest.c:53:6: warning: conflicting types for built-in function 'mempcpy'; expected 'void *(void *, const void *, unsigned int)' [-Wbuiltin-declaration-mismatch]
   53 | char mempcpy ();
      |      ^~~~~~~
configure:5485: $? = 0
configure:5489: test -z 
			 || test ! -s conftest.err
configure:5492: $? = 0
configure:5495: test -s conftest
configure:5498: $? = 0
configure:5510: result: yes
configure:5422: checking for strndup
configure:5479: ccache arm-linux-uclibc-gcc -o conftest -Os -pipe -mcpu=cortex-a9 -mtune=cortex-a9  -msoft-float -mfloat-abi=soft -fno-caller-saves -fno-plt -fcommon   conftest.c  >&5
conftest.c:54:6: warning: conflicting types for built-in function 'strndup'; expected 'char *(const char *, unsigned int)' [-Wbuiltin-declaration-mismatch]
   54 | char strndup ();
      |      ^~~~~~~
configure:5485: $? = 0
configure:5489: test -z 
			 || test ! -s conftest.err
configure:5492: $? = 0
configure:5495: test -s conftest
configure:5498: $? = 0
configure:5510: result: yes
configure:5422: checking for strchrnul
configure:5479: ccache arm-linux-uclibc-gcc -o conftest -Os -pipe -mcpu=cortex-a9 -mtune=cortex-a9  -msoft-float -mfloat-abi=soft -fno-caller-saves -fno-plt -fcommon   conftest.c  >&5
configure:5485: $? = 0
configure:5489: test -z 
			 || test ! -s conftest.err
configure:5492: $? = 0
configure:5495: test -s conftest
configure:5498: $? = 0
configure:5510: result: yes
configure:5539: checking for putc_unlocked('x', stdout)
configure:5560: ccache arm-linux-uclibc-gcc -o conftest -Os -pipe -mcpu=cortex-a9 -mtune=cortex-a9  -msoft-float -mfloat-abi=soft -fno-caller-saves -fno-plt -fcommon   conftest.c  >&5
configure:5566: $? = 0
configure:5570: test -z 
			 || test ! -s conftest.err
configure:5573: $? = 0
configure:5576: test -s conftest
configure:5579: $? = 0
configure:5591: result: yes
configure:5609: checking for flockfile
configure:5666: ccache arm-linux-uclibc-gcc -o conftest -Os -pipe -mcpu=cortex-a9 -mtune=cortex-a9  -msoft-float -mfloat-abi=soft -fno-caller-saves -fno-plt -fcommon   conftest.c  >&5
configure:5672: $? = 0
configure:5676: test -z 
			 || test ! -s conftest.err
configure:5679: $? = 0
configure:5682: test -s conftest
configure:5685: $? = 0
configure:5697: result: yes
configure:5712: checking for fputs_unlocked
configure:5769: ccache arm-linux-uclibc-gcc -o conftest -Os -pipe -mcpu=cortex-a9 -mtune=cortex-a9  -msoft-float -mfloat-abi=soft -fno-caller-saves -fno-plt -fcommon   conftest.c  >&5
conftest.c:58:6: warning: conflicting types for built-in function 'fputs_unlocked'; expected 'int(const char *, void *)' [-Wbuiltin-declaration-mismatch]
   58 | char fputs_unlocked ();
      |      ^~~~~~~~~~~~~~
configure:5775: $? = 0
configure:5779: test -z 
			 || test ! -s conftest.err
configure:5782: $? = 0
configure:5785: test -s conftest
configure:5788: $? = 0
configure:5800: result: yes
configure:5712: checking for fwrite_unlocked
configure:5769: ccache arm-linux-uclibc-gcc -o conftest -Os -pipe -mcpu=cortex-a9 -mtune=cortex-a9  -msoft-float -mfloat-abi=soft -fno-caller-saves -fno-plt -fcommon   conftest.c  >&5
conftest.c:59:6: warning: conflicting types for built-in function 'fwrite_unlocked'; expected 'unsigned int(const void *, unsigned int,  unsigned int,  void *)' [-Wbuiltin-declaration-mismatch]
   59 | char fwrite_unlocked ();
      |      ^~~~~~~~~~~~~~~
configure:5775: $? = 0
configure:5779: test -z 
			 || test ! -s conftest.err
configure:5782: $? = 0
configure:5785: test -s conftest
configure:5788: $? = 0
configure:5800: result: yes
configure:5817: checking for strdup
configure:5874: ccache arm-linux-uclibc-gcc -o conftest -Os -pipe -mcpu=cortex-a9 -mtune=cortex-a9  -msoft-float -mfloat-abi=soft -fno-caller-saves -fno-plt -fcommon   conftest.c  >&5
conftest.c:60:6: warning: conflicting types for built-in function 'strdup'; expected 'char *(const char *)' [-Wbuiltin-declaration-mismatch]
   60 | char strdup ();
      |      ^~~~~~
configure:5880: $? = 0
configure:5884: test -z 
			 || test ! -s conftest.err
configure:5887: $? = 0
configure:5890: test -s conftest
configure:5893: $? = 0
configure:5905: result: yes
configure:5817: checking for asprintf
configure:5874: ccache arm-linux-uclibc-gcc -o conftest -Os -pipe -mcpu=cortex-a9 -mtune=cortex-a9  -msoft-float -mfloat-abi=soft -fno-caller-saves -fno-plt -fcommon   conftest.c  >&5
configure:5880: $? = 0
configure:5884: test -z 
			 || test ! -s conftest.err
configure:5887: $? = 0
configure:5890: test -s conftest
configure:5893: $? = 0
configure:5905: result: yes
configure:5916: checking whether program_invocation_name is declared
configure:5941: ccache arm-linux-uclibc-gcc -c -Os -pipe -mcpu=cortex-a9 -mtune=cortex-a9  -msoft-float -mfloat-abi=soft -fno-caller-saves -fno-plt -fcommon  conftest.c >&5
configure:5947: $? = 0
configure:5951: test -z 
			 || test ! -s conftest.err
configure:5954: $? = 0
configure:5957: test -s conftest.o
configure:5960: $? = 0
configure:5971: result: yes
configure:5987: checking whether program_invocation_short_name is declared
configure:6012: ccache arm-linux-uclibc-gcc -c -Os -pipe -mcpu=cortex-a9 -mtune=cortex-a9  -msoft-float -mfloat-abi=soft -fno-caller-saves -fno-plt -fcommon  conftest.c >&5
configure:6018: $? = 0
configure:6022: test -z 
			 || test ! -s conftest.err
configure:6025: $? = 0
configure:6028: test -s conftest.o
configure:6031: $? = 0
configure:6042: result: yes
configure:6194: creating ./config.status

## ---------------------- ##
## Running config.status. ##
## ---------------------- ##

This file was extended by config.status, which was
generated by GNU Autoconf 2.59.  Invocation command line was

  CONFIG_FILES    = 
  CONFIG_HEADERS  = 
  CONFIG_LINKS    = 
  CONFIG_COMMANDS = 
  $ ./config.status 

on linux

config.status:691: creating Makefile
config.status:691: creating testsuite/Makefile
config.status:795: creating config.h
config.status:939: config.h is unchanged
config.status:1119: executing depfiles commands

## ---------------- ##
## Cache variables. ##
## ---------------- ##

ac_cv_c_compiler_gnu=yes
ac_cv_c_const=yes
ac_cv_c_inline=inline
ac_cv_env_CC_set=set
ac_cv_env_CC_value='ccache arm-linux-uclibc-gcc'
ac_cv_env_CFLAGS_set=set
ac_cv_env_CFLAGS_value='-Os -pipe -mcpu=cortex-a9 -mtune=cortex-a9  -msoft-float -mfloat-abi=soft -fno-caller-saves -fno-plt -fcommon'
ac_cv_env_CPPFLAGS_set=
ac_cv_env_CPPFLAGS_value=
ac_cv_env_CPP_set=
ac_cv_env_CPP_value=
ac_cv_env_LDFLAGS_set=
ac_cv_env_LDFLAGS_value=
ac_cv_env_build_alias_set=
ac_cv_env_build_alias_value=
ac_cv_env_host_alias_set=set
ac_cv_env_host_alias_value=arm-linux-elf
ac_cv_env_target_alias_set=
ac_cv_env_target_alias_value=
ac_cv_exeext=
ac_cv_func__doprnt=no
ac_cv_func_alloca_works=yes
ac_cv_func_asprintf=yes
ac_cv_func_call_putc_unlocked=yes
ac_cv_func_flockfile=yes
ac_cv_func_fputs_unlocked=yes
ac_cv_func_fwrite_unlocked=yes
ac_cv_func_mempcpy=yes
ac_cv_func_mmap_fixed_mapped='yes '
ac_cv_func_posix_getgrgid_r=no
ac_cv_func_posix_getpwuid_r=no
ac_cv_func_strchrnul=yes
ac_cv_func_strdup=yes
ac_cv_func_strerror=yes
ac_cv_func_strndup=yes
ac_cv_func_vprintf=yes
ac_cv_have_decl_program_invocation_name=yes
ac_cv_have_decl_program_invocation_short_name=yes
ac_cv_header_inttypes_h=yes
ac_cv_header_limits_h=yes
ac_cv_header_malloc_h=yes
ac_cv_header_memory_h=yes
ac_cv_header_stdc=yes
ac_cv_header_stdint_h=yes
ac_cv_header_stdlib_h=yes
ac_cv_header_string_h=yes
ac_cv_header_strings_h=yes
ac_cv_header_sys_stat_h=yes
ac_cv_header_sys_types_h=yes
ac_cv_header_unistd_h=yes
ac_cv_lib_rt_clock_gettime=no
ac_cv_objext=o
ac_cv_path_install='/usr/bin/install -c'
ac_cv_prog_AWK=gawk
ac_cv_prog_CC='ccache arm-linux-uclibc-gcc'
ac_cv_prog_CPP='ccache arm-linux-uclibc-gcc -E'
ac_cv_prog_RANLIB=arm-linux-uclibc-ranlib
ac_cv_prog_STRIP=arm-linux-uclibc-strip
ac_cv_prog_cc_g=yes
ac_cv_prog_cc_stdc=
ac_cv_prog_egrep='grep -E'
ac_cv_prog_make_make_set=yes
ac_cv_type_size_t=yes
ac_cv_working_alloca_h=yes
am_cv_CC_dependencies_compiler_type=gcc3
am_cv_prog_cc_stdc=
glib_cv_stack_grows='no '
glib_cv_uscore='no '
lsh_cv_c_attribute=no

## ----------------- ##
## Output variables. ##
## ----------------- ##

ACLOCAL='${SHELL} /home/seg/DEV/northstar/src/router/perf/argp/missing --run aclocal-1.8'
ALLOCA=''
AMDEPBACKSLASH='\'
AMDEP_FALSE='#'
AMDEP_TRUE=''
AMTAR='${SHELL} /home/seg/DEV/northstar/src/router/perf/argp/missing --run tar'
AUTOCONF='${SHELL} /home/seg/DEV/northstar/src/router/perf/argp/missing --run autoconf'
AUTOHEADER='${SHELL} /home/seg/DEV/northstar/src/router/perf/argp/missing --run autoheader'
AUTOMAKE='${SHELL} /home/seg/DEV/northstar/src/router/perf/argp/missing --run automake-1.8'
AWK='gawk'
CC='ccache arm-linux-uclibc-gcc'
CCDEPMODE='depmode=gcc3'
CFLAGS='-Os -pipe -mcpu=cortex-a9 -mtune=cortex-a9  -msoft-float -mfloat-abi=soft -fno-caller-saves -fno-plt -fcommon -ggdb3 -Wall -W  -Wmissing-prototypes -Wmissing-declarations -Wstrict-prototypes  -Waggregate-return  -Wpointer-arith -Wbad-function-cast -Wnested-externs'
CPP='ccache arm-linux-uclibc-gcc -E'
CPPFLAGS=' -I.'
CYGPATH_W='echo'
DEFS='-DHAVE_CONFIG_H'
DEPDIR='.deps'
ECHO_C=''
ECHO_N='-n'
ECHO_T=''
EGREP='grep -E'
EXEEXT=''
INSTALL_DATA='${INSTALL} -m 644'
INSTALL_PROGRAM='${INSTALL}'
INSTALL_SCRIPT='${INSTALL}'
INSTALL_STRIP_PROGRAM='${SHELL} $(install_sh) -c -s'
LDFLAGS=''
LIBOBJS=''
LIBS=''
LTLIBOBJS=''
MAKEINFO='${SHELL} /home/seg/DEV/northstar/src/router/perf/argp/missing --run makeinfo'
OBJEXT='o'
PACKAGE='argp'
PACKAGE_BUGREPORT=''
PACKAGE_NAME=''
PACKAGE_STRING=''
PACKAGE_TARNAME=''
PACKAGE_VERSION=''
PATH_SEPARATOR=':'
RANLIB='arm-linux-uclibc-ranlib'
SET_MAKE=''
SHELL='/bin/sh'
STRIP='arm-linux-uclibc-strip'
VERSION='standalone-1.3'
ac_ct_CC=''
ac_ct_RANLIB=''
ac_ct_STRIP=''
am__fastdepCC_FALSE='#'
am__fastdepCC_TRUE=''
am__include='include'
am__leading_dot='.'
am__quote=''
bindir='/usr/bin'
build_alias=''
datadir='/usr/share'
exec_prefix='/usr'
host_alias='arm-linux-elf'
includedir='${prefix}/include'
infodir='/usr/info'
install_sh='/home/seg/DEV/northstar/src/router/perf/argp/install-sh'
libdir='${exec_prefix}/lib'
libexecdir='/usr/lib'
localstatedir='/var'
mandir='/usr/man'
mkdir_p='mkdir -p -- .'
oldincludedir='/usr/include'
prefix='/usr'
program_transform_name='s,$$,,;s,^,,'
sbindir='/usr/sbin'
sharedstatedir='${prefix}/com'
sysconfdir='/etc'
target_alias=''

## ----------- ##
## confdefs.h. ##
## ----------- ##

#define HAVE_ALLOCA 1
#define HAVE_ALLOCA_H 1
#define HAVE_ASPRINTF 1
#define HAVE_DECL_PROGRAM_INVOCATION_NAME 1
#define HAVE_DECL_PROGRAM_INVOCATION_SHORT_NAME 1
#define HAVE_FLOCKFILE 1
#define HAVE_FPUTS_UNLOCKED 1
#define HAVE_FWRITE_UNLOCKED 1
#define HAVE_INTTYPES_H 1
#define HAVE_LIMITS_H 1
#define HAVE_MALLOC_H 1
#define HAVE_MEMORY_H 1
#define HAVE_MEMPCPY 1
#define HAVE_PUTC_UNLOCKED 1
#define HAVE_STDINT_H 1
#define HAVE_STDLIB_H 1
#define HAVE_STRCHRNUL 1
#define HAVE_STRDUP 1
#define HAVE_STRERROR 1
#define HAVE_STRINGS_H 1
#define HAVE_STRING_H 1
#define HAVE_STRNDUP 1
#define HAVE_SYS_STAT_H 1
#define HAVE_SYS_TYPES_H 1
#define HAVE_UNISTD_H 1
#define HAVE_UNISTD_H 1
#define HAVE_VPRINTF 1
#define PACKAGE "argp"
#define PACKAGE_BUGREPORT ""
#define PACKAGE_NAME ""
#define PACKAGE_STRING ""
#define PACKAGE_TARNAME ""
#define PACKAGE_VERSION ""
#define STDC_HEADERS 1
#define VERSION "standalone-1.3"
#define _GNU_SOURCE 1

configure: exit 0
