This file contains any messages produced by compilers while
running configure, to aid debugging if configure makes a mistake.

configure:610: checking for gcc
configure:723: checking whether the C compiler (mipsel-linux-uclibc-gcc -Os -mips32 -mtune=mips32 -pipe -funit-at-a-time ) works
configure:739: mipsel-linux-uclibc-gcc -o conftest -Os -mips32 -mtune=mips32 -pipe -funit-at-a-time   conftest.c  1>&5
configure:765: checking whether the C compiler (mipsel-linux-uclibc-gcc -Os -mips32 -mtune=mips32 -pipe -funit-at-a-time ) is a cross-compiler
configure:770: checking whether we are using GNU C
configure:798: checking whether mipsel-linux-uclibc-gcc accepts -g
configure:860: checking for a BSD compatible install
configure:917: checking for gawk
configure:949: checking whether mipsel-linux-uclibc-gcc and cc understand -c and -o together
configure:1007: checking that the C compiler understands volatile
configure:1070: checking host system type
configure:1091: checking target system type
configure:1109: checking build system type
configure:1143: checking config.cache system type
configure:1173: checking for autoconf
configure:1210: checking for autoheader
configure:1429: checking for inline
configure:1469: checking how to run the C preprocessor
configure:1549: checking for ANSI C header files
configure:1657: checking for dirent.h that defines DIR
configure:1695: checking for opendir in -ldir
configure:1778: checking whether time.h and sys/time.h may both be included
configure:1813: checking for sys/wait.h that is POSIX.1 compatible
configure:1858: checking for arpa/inet.h
configure:1858: checking for sys/fcntl.h
configure:1858: checking for sys/select.h
configure:1858: checking for fcntl.h
configure:1858: checking for sys/time.h
configure:1858: checking for sys/unistd.h
configure:1898: checking for unistd.h
configure:1898: checking for utime.h
configure:1898: checking for grp.h
configure:1898: checking for sys/id.h
configure:1898: checking for limits.h
configure:1898: checking for memory.h
configure:1898: checking for net/if.h
configure:1938: checking for compat.h
configure:1938: checking for rpc/rpc.h
configure:1938: checking for rpcsvc/nis.h
configure:1938: checking for rpcsvc/yp_prot.h
configure:1938: checking for rpcsvc/ypclnt.h
configure:1978: checking for sys/param.h
configure:1978: checking for ctype.h
configure:1978: checking for sys/wait.h
configure:1978: checking for sys/resource.h
configure:1978: checking for sys/ioctl.h
configure:1978: checking for sys/mode.h
configure:2018: checking for sys/mman.h
configure:2018: checking for sys/filio.h
configure:2018: checking for sys/priv.h
configure:2018: checking for string.h
configure:2018: checking for strings.h
configure:2018: checking for stdlib.h
configure:2018: checking for sys/socket.h
configure:2058: checking for sys/mount.h
configure:2058: checking for sys/vfs.h
configure:2058: checking for sys/fs/s5param.h
configure:2058: checking for sys/filsys.h
configure:2058: checking for termios.h
configure:2058: checking for termio.h
configure:2098: checking for sys/termio.h
configure:2098: checking for sys/statfs.h
configure:2098: checking for sys/dustat.h
configure:2098: checking for sys/statvfs.h
configure:2098: checking for stdarg.h
configure:2098: checking for sys/sockio.h
configure:2170: checking for shadow.h
configure:2170: checking for netinet/ip.h
configure:2170: checking for netinet/tcp.h
configure:2170: checking for netinet/in_systm.h
configure:2170: checking for netinet/in_ip.h
configure:2210: checking for sys/security.h
configure:2210: checking for security/pam_appl.h
configure:2250: checking for stropts.h
configure:2250: checking for poll.h
configure:2250: checking for readline.h
configure:2250: checking for history.h
configure:2250: checking for readline/readline.h
configure:2290: checking for readline/history.h
configure:2290: checking for sys/capability.h
configure:2290: checking for syscall.h
configure:2290: checking for sys/syscall.h
configure:2330: checking for sys/acl.h
configure:2330: checking for sys/cdefs.h
configure:2330: checking for glob.h
configure:2372: checking for utmp.h
configure:2372: checking for utmpx.h
configure:2414: checking for sys/fs/vx_quota.h
configure:2452: checking size of int
configure:2491: checking size of long
configure:2530: checking size of short
configure:2570: checking for working const
configure:2645: checking for inline
configure:2685: checking whether byte ordering is bigendian
configure:2775: checking whether char is unsigned
configure:2839: checking return type of signal handlers
configure:2880: checking for uid_t in sys/types.h
configure:2914: checking for mode_t
configure:2947: checking for off_t
configure:2980: checking for size_t
configure:3013: checking for pid_t
configure:3046: checking for st_rdev in struct stat
configure:3080: checking for d_off in dirent
configure:3116: checking for ino_t
configure:3149: checking for loff_t
configure:3182: checking for offset_t
configure:3215: checking for ssize_t
configure:3250: checking for httpConnect in -lcups
configure:3299: checking for main in -ldl
configure:3343: checking for sig_atomic_t type
configure:3383: checking for errno in errno.h
configure:3418: checking for setresuid declaration
configure:3453: checking for setresgid declaration
configure:3489: checking for real setresuid
configure:3528: checking for real setresgid
configure:3566: checking for 8-bit clean memcmp
configure:3607: checking for crypt
configure:3661: checking for crypt in -lcrypt
configure:3770: checking for connect
configure:4038: checking for execl
configure:4099: checking for waitpid
configure:4099: checking for getcwd
configure:4099: checking for strdup
configure:4099: checking for strtoul
configure:4099: checking for strerror
configure:4099: checking for chown
configure:4099: checking for chmod
configure:4099: checking for chroot
configure:4154: checking for fstat
configure:4154: checking for strchr
configure:4154: checking for utime
configure:4154: checking for utimes
configure:4154: checking for getrlimit
configure:4154: checking for fsync
configure:4154: checking for bzero
configure:4154: checking for memset
configure:4209: checking for memmove
configure:4209: checking for vsnprintf
configure:4209: checking for snprintf
configure:4209: checking for setsid
configure:4209: checking for glob
configure:4209: checking for strpbrk
configure:4209: checking for pipe
configure:4209: checking for crypt16
configure:4209: checking for getauthuid
configure:4264: checking for strftime
configure:4264: checking for sigprocmask
configure:4264: checking for sigblock
configure:4264: checking for sigaction
configure:4264: checking for innetgr
configure:4264: checking for setnetgrent
configure:4264: checking for getnetgrent
configure:4264: checking for endnetgrent
configure:4319: checking for initgroups
configure:4319: checking for select
configure:4319: checking for rdchk
configure:4319: checking for getgrnam
configure:4319: checking for getgrent
configure:4319: checking for pathconf
configure:4374: checking for setpriv
configure:4374: checking for setgidx
configure:4374: checking for setuidx
configure:4374: checking for setgroups
configure:4374: checking for sysconf
configure:4374: checking for mktime
configure:4374: checking for rename
configure:4374: checking for ftruncate
configure:4374: checking for stat64
configure:4374: checking for fstat64
configure:4429: checking for lstat64
configure:4429: checking for fopen64
configure:4429: checking for atexit
configure:4429: checking for grantpt
configure:4429: checking for dup2
configure:4429: checking for lseek64
configure:4429: checking for ftruncate64
configure:4429: checking for readdir64
configure:4484: checking for fseek64
configure:4484: checking for fseeko64
configure:4484: checking for ftell64
configure:4484: checking for ftello64
configure:4484: checking for setluid
configure:4484: checking for yp_get_default_domain
configure:4484: checking for getpwanam
configure:4539: checking for srandom
configure:4539: checking for random
configure:4539: checking for srand
configure:4539: checking for rand
configure:4539: checking for setenv
configure:4539: checking for usleep
configure:4539: checking for mmap64
configure:4539: checking for strcasecmp
configure:4539: checking for fcvt
configure:4539: checking for fcvtl
configure:4596: checking for syscall
configure:4652: checking for _dup
configure:4652: checking for _dup2
configure:4652: checking for _opendir
configure:4652: checking for _readdir
configure:4652: checking for _seekdir
configure:4652: checking for _telldir
configure:4652: checking for _closedir
configure:4707: checking for __dup
configure:4707: checking for __dup2
configure:4707: checking for __opendir
configure:4707: checking for __readdir
configure:4707: checking for __seekdir
configure:4707: checking for __telldir
configure:4707: checking for __closedir
configure:4762: checking for __getcwd
configure:4762: checking for _getcwd
configure:4817: checking for __xstat
configure:4817: checking for __fxstat
configure:4817: checking for __lxstat
configure:4872: checking for _stat
configure:4872: checking for _lstat
configure:4872: checking for _fstat
configure:4872: checking for __stat
configure:4872: checking for __lstat
configure:4872: checking for __fstat
configure:4927: checking for _acl
configure:4927: checking for __acl
configure:4927: checking for _facl
configure:4927: checking for __facl
configure:4927: checking for _open
configure:4927: checking for __open
configure:4927: checking for _chdir
configure:4927: checking for __chdir
configure:4982: checking for _close
configure:4982: checking for __close
configure:4982: checking for _fchdir
configure:4982: checking for __fchdir
configure:4982: checking for _fcntl
configure:4982: checking for __fcntl
configure:5037: checking for getdents
configure:5037: checking for _getdents
configure:5037: checking for __getdents
configure:5037: checking for _lseek
configure:5037: checking for __lseek
configure:5037: checking for _read
configure:5037: checking for __read
configure:5092: checking for _write
configure:5092: checking for __write
configure:5092: checking for _fork
configure:5092: checking for __fork
configure:5147: checking for _stat64
configure:5147: checking for __stat64
configure:5147: checking for _fstat64
configure:5147: checking for __fstat64
configure:5147: checking for _lstat64
configure:5147: checking for __lstat64
configure:5202: checking for __sys_llseek
configure:5202: checking for llseek
configure:5202: checking for _llseek
configure:5202: checking for __llseek
configure:5202: checking for readdir64
configure:5202: checking for _readdir64
configure:5202: checking for __readdir64
configure:5257: checking for pread
configure:5257: checking for _pread
configure:5257: checking for __pread
configure:5257: checking for pread64
configure:5257: checking for _pread64
configure:5257: checking for __pread64
configure:5312: checking for pwrite
configure:5312: checking for _pwrite
configure:5312: checking for __pwrite
configure:5312: checking for pwrite64
configure:5312: checking for _pwrite64
configure:5312: checking for __pwrite64
configure:5367: checking for open64
configure:5367: checking for _open64
configure:5367: checking for __open64
configure:5367: checking for creat64
configure:5639: checking for putprpwnam in -lsecurity
configure:5688: checking for putprpwnam
configure:5800: checking for putprpwnam in -lsec
configure:5849: checking for putprpwnam
configure:5962: checking for set_auth_parameters in -lsecurity
configure:6011: checking for set_auth_parameters
configure:6123: checking for set_auth_parameters in -lsec
configure:6172: checking for set_auth_parameters
configure:6286: checking for getspnam in -lgen
configure:6335: checking for getspnam
configure:6448: checking for getspnam in -lsecurity
configure:6497: checking for getspnam
configure:6609: checking for getspnam in -lsec
configure:6658: checking for getspnam
configure:6771: checking for bigcrypt in -lsecurity
configure:6820: checking for bigcrypt
configure:6932: checking for bigcrypt in -lsec
configure:6981: checking for bigcrypt
configure:7094: checking for getprpwnam in -lsecurity
configure:7143: checking for getprpwnam
configure:7255: checking for getprpwnam in -lsec
configure:7304: checking for getprpwnam
configure:7492: checking whether mipsel-linux-uclibc-gcc accepts -fpic
configure:7556: checking for long long
configure:7597: checking for LL suffix on long long integers
configure:7632: checking for 64 bit off_t
configure:7670: checking for off64_t
configure:7712: checking for 64 bit ino_t
configure:7750: checking for ino64_t
configure:7792: checking for struct dirent64
configure:7831: checking for union semun
configure:7871: checking for unsigned char
configure:7908: checking for sin_len in sock
configure:7944: checking whether seekdir returns void
configure:7980: checking for __FILE__ macro
configure:8014: checking for __FUNCTION__ macro
configure:8048: checking if gettimeofday takes tz argument
configure:8088: checking for broken readdir
configure:8128: checking for utimbuf
configure:8164: checking for ut_name in utmp
configure:8198: checking for ut_user in utmp
configure:8232: checking for ut_id in utmp
configure:8266: checking for ut_host in utmp
configure:8300: checking for ut_time in utmp
configure:8334: checking for ut_tv in utmp
configure:8368: checking for ut_syslen in utmpx
configure:8402: checking for kernel oplock type definitions
configure:8437: checking for irix specific capabilities
configure:8489: checking for int16 typedef included by rpc/rpc.h
configure:8526: checking for uint16 typedef included by rpc/rpc.h
configure:8563: checking for int32 typedef included by rpc/rpc.h
configure:8600: checking for uint32 typedef included by rpc/rpc.h
configure:8638: checking for conflicting AUTH_ERROR define in rpc/rpc.h
configure:8679: checking for test routines
configure:8702: checking for ftruncate extend
configure:8738: checking for broken getgroups
configure:8774: checking whether getpass should be replaced
configure:8818: checking for working fnmatch
configure:8855: checking for broken inet_ntoa
configure:8901: checking for sysconf(_SC_NGROUPS_MAX)
configure:8938: checking for root
configure:8979: checking for iface AIX
configure:9020: checking for iface ifconf
configure:9062: checking for iface ifreq
configure:9108: checking for setresuid
configure:9151: checking for setreuid
configure:9193: checking for seteuid
configure:9235: checking for setuidx
configure:9277: checking for shared mmap
configure:9317: checking for ftruncate needs root
configure:9353: checking for fcntl locking
configure:9389: checking for broken (glibc2.1/x86) 64 bit fcntl locking
configure:9427: checking for 64 bit fcntl locking
configure:9485: checking for sysv ipc
configure:9521: checking for IRIX sysv ipc semun problem using gcc
configure:9557: checking for a crypt that needs truncated salt
configure:9593: checking for broken nisplus include files
configure:9633: checking whether to use smbwrapper
configure:9677: checking whether to use AFS
configure:9703: checking whether to use DFS auth
configure:9728: checking whether to use Kerberos IV
configure:9796: checking whether to use Kerberos 5
configure:9817: checking whether to use AUTOMOUNT
configure:9842: checking whether to use SMBMOUNT
configure:9871: checking whether to use PAM password database
configure:9898: checking whether to use LDAP password database
configure:9924: checking whether to use NISPLUS password database
configure:9949: checking whether to use NISPLUS_HOME
configure:9974: checking whether to use SSL
configure:10033: checking whether to use syslog logging
configure:10058: checking whether to use profiling
configure:10084: checking whether to support netatalk
configure:10111: checking whether to support disk-quotas
configure:10135: checking whether to support utmp accounting
configure:10235: checking whether to install Using Samba book
configure:10265: checking how to get filesystem space usage
configure:10272: checking statvfs64 function (SVR4)
configure:10327: checking statvfs function (SVR4)
configure:10638: mipsel-linux-uclibc-gcc -c -Os -mips32 -mtune=mips32 -pipe -funit-at-a-time  conftest.c 1>&5
configure:10633: error: syntax error before "int"
configure: failed program was:
#line 10625 "configure"
#include "confdefs.h"

#if defined(HAVE_LONGLONG) && (defined(HAVE_OFF64_T) || (defined(SIZEOF_OFF_T) && (SIZEOF_OFF_T == 8)))
#include <sys/types.h>
#else
__COMPILE_ERROR_
#endif

int main() {
int i
; return 0; }
