This file contains any messages produced by compilers while
running configure, to aid debugging if configure makes a mistake.

configure:554: checking for Cygwin environment
configure:587: checking for mingw32 environment
configure:664: checking host system type
configure:685: checking target system type
configure:703: checking build system type
configure:727: checking for strerror in -lcposix
configure:786: checking for a BSD compatible install
configure:839: checking whether build environment is sane
configure:896: checking whether make sets ${MAKE}
configure:942: checking for working aclocal
configure:955: checking for working autoconf
configure:968: checking for working automake
configure:981: checking for working autoheader
configure:994: checking for working makeinfo
configure:1017: checking for ar
configure:1049: checking for ranlib
configure:1187: checking for gcc
configure:1300: checking whether the C compiler (gcc -g -O2 ) works
configure:1316: gcc -o conftest -g -O2   conftest.c  1>&5
configure:1342: checking whether the C compiler (gcc -g -O2 ) is a cross-compiler
configure:1347: checking whether we are using GNU C
configure:1375: checking whether gcc accepts -g
configure:1418: checking for ld used by GCC
configure:1486: checking if the linker (/usr/lib64/gcc/x86_64-suse-linux/4.3/../../../../x86_64-suse-linux/bin/ld) is GNU ld
configure:1503: checking for /usr/lib64/gcc/x86_64-suse-linux/4.3/../../../../x86_64-suse-linux/bin/ld option to reload object files
configure:1515: checking for BSD-compatible nm
configure:1553: checking whether ln -s works
configure:1574: checking how to recognise dependant libraries
configure:1747: checking for object suffix
configure:1773: checking for executable suffix
configure:1810: checking for file
configure:1943: checking for ranlib
configure:2010: checking for strip
ltconfig:678:checking for gcc option to produce PIC
ltconfig:687:checking that gcc PIC flag  -fPIC -DPIC works.
ltconfig:749: checking if gcc static flag -static works
ltconfig:780: finding the maximum length of command line arguments
ltconfig:@lineno@: result: 49153
ltconfig:887: checking if gcc supports -fno-rtti -fno-exceptions
ltconfig:888: gcc -c -g -O2 -fno-rtti -fno-exceptions -c conftest.c  conftest.c 1>&5
ltconfig:1431: checking if global_symbol_pipe works
ltconfig:1432: gcc -c -g -O2  conftest.c 1>&5
ltconfig:1435: eval "nm conftest.o | sed -n -e 's/^.*[ 	]\([ABCDGISTW][ABCDGISTW]*\)[ 	][ 	]*\(\)\([_A-Za-z][_A-Za-z0-9]*\)$/\1 \2\3 \3/p' > conftest.nm"
ltconfig:1487: gcc -o conftest -g -O2 -fno-builtin   conftest.c conftstm.o 1>&5
configure:2349: checking whether to enable maintainer-specific portions of Makefiles
configure:2372: checking whether to install libbfd
configure:2409: checking for executable suffix
configure:2445: checking for gcc
configure:2558: checking whether the C compiler (gcc -g -O2 ) works
configure:2574: gcc -o conftest -g -O2   conftest.c  1>&5
configure:2600: checking whether the C compiler (gcc -g -O2 ) is a cross-compiler
configure:2605: checking whether we are using GNU C
configure:2633: checking whether gcc accepts -g
configure:2667: checking how to run the C preprocessor
configure:2749: checking for ranlib
configure:2777: checking for ANSI C header files
configure:2881: checking for working const
configure:2956: checking for inline
configure:2996: checking for off_t
configure:3029: checking for size_t
configure:3064: checking for working alloca.h
configure:3097: checking for alloca
configure:3299: checking for stdlib.h
configure:3299: checking for unistd.h
configure:3299: checking for sys/stat.h
configure:3299: checking for sys/types.h
configure:3338: checking for getpagesize
configure:3391: checking for working mmap
configure:3580: checking for argz.h
configure:3580: checking for limits.h
configure:3580: checking for locale.h
configure:3580: checking for nl_types.h
configure:3580: checking for malloc.h
configure:3580: checking for string.h
configure:3580: checking for unistd.h
configure:3580: checking for values.h
configure:3580: checking for sys/param.h
configure:3620: checking for getcwd
configure:3620: checking for munmap
configure:3620: checking for putenv
configure:3620: checking for setenv
configure:3620: checking for setlocale
configure:3620: checking for strchr
configure:3620: checking for strcasecmp
configure:3620: checking for __argz_count
configure:3620: checking for __argz_stringify
configure:3620: checking for __argz_next
configure:3739: checking for LC_MESSAGES
configure:3772: checking whether NLS is requested
configure:3792: checking whether included gettext is requested
configure:3811: checking for libintl.h
configure:3838: checking for gettext in libc
configure:3941: checking for msgfmt
configure:3975: checking for dcgettext
configure:4030: checking for gmsgfmt
configure:4066: checking for xgettext
configure:4106: gcc -o conftest -g -O2   conftest.c  1>&5
configure:4298: checking for catalogs to be installed
configure:4451: checking for a BSD compatible install
configure:4508: checking for string.h
configure:4508: checking for strings.h
configure:4508: checking for stdlib.h
