\BOOKMARK [0][-]{chapter.1}{Introduction }{}% 1
\BOOKMARK [1][-]{section.1.1}{What is BIRD }{chapter.1}% 2
\BOOKMARK [1][-]{section.1.2}{Installing BIRD }{chapter.1}% 3
\BOOKMARK [1][-]{section.1.3}{Running BIRD }{chapter.1}% 4
\BOOKMARK [1][-]{section.1.4}{Privileges }{chapter.1}% 5
\BOOKMARK [0][-]{chapter.2}{About routing tables }{}% 6
\BOOKMARK [1][-]{section.2.1}{Graceful restart }{chapter.2}% 7
\BOOKMARK [0][-]{chapter.3}{Configuration }{}% 8
\BOOKMARK [1][-]{section.3.1}{Introduction }{chapter.3}% 9
\BOOKMARK [1][-]{section.3.2}{Global options }{chapter.3}% 10
\BOOKMARK [1][-]{section.3.3}{Protocol options }{chapter.3}% 11
\BOOKMARK [0][-]{chapter.4}{Remote control }{}% 12
\BOOKMARK [0][-]{chapter.5}{Filters }{}% 13
\BOOKMARK [1][-]{section.5.1}{Introduction }{chapter.5}% 14
\BOOKMARK [1][-]{section.5.2}{Data types }{chapter.5}% 15
\BOOKMARK [1][-]{section.5.3}{Operators }{chapter.5}% 16
\BOOKMARK [1][-]{section.5.4}{Control structures }{chapter.5}% 17
\BOOKMARK [1][-]{section.5.5}{Route attributes }{chapter.5}% 18
\BOOKMARK [1][-]{section.5.6}{Other statements }{chapter.5}% 19
\BOOKMARK [0][-]{chapter.6}{Protocols }{}% 20
\BOOKMARK [1][-]{section.6.1}{Babel }{chapter.6}% 21
\BOOKMARK [1][-]{section.6.2}{BFD }{chapter.6}% 22
\BOOKMARK [1][-]{section.6.3}{BGP }{chapter.6}% 23
\BOOKMARK [1][-]{section.6.4}{Device }{chapter.6}% 24
\BOOKMARK [1][-]{section.6.5}{Direct }{chapter.6}% 25
\BOOKMARK [1][-]{section.6.6}{Kernel }{chapter.6}% 26
\BOOKMARK [1][-]{section.6.7}{OSPF }{chapter.6}% 27
\BOOKMARK [1][-]{section.6.8}{Pipe }{chapter.6}% 28
\BOOKMARK [1][-]{section.6.9}{RAdv }{chapter.6}% 29
\BOOKMARK [1][-]{section.6.10}{RIP }{chapter.6}% 30
\BOOKMARK [1][-]{section.6.11}{Static }{chapter.6}% 31
\BOOKMARK [0][-]{chapter.7}{Conclusions }{}% 32
\BOOKMARK [1][-]{section.7.1}{Future work }{chapter.7}% 33
\BOOKMARK [1][-]{section.7.2}{Getting more help }{chapter.7}% 34
