This file contains any messages produced by compilers while
running configure, to aid debugging if configure makes a mistake.

It was created by jansson configure 1.3, which was
generated by GNU Autoconf 2.64.  Invocation command line was

  $ ./configure --host=mips-linux CC=mips-linux-uclibc-gcc CFLAGS=-Os -pipe -mips32r2 -mtune=mips32r2 -funit-at-a-time -msoft-float -ffunction-sections -fdata-sections -Wl,--gc-sections

## --------- ##
## Platform. ##
## --------- ##

hostname = dd-wrt
uname -m = x86_64
uname -r = 2.6.37.2-1-default
uname -s = Linux
uname -v = #1 SMP 2011-02-25 22:30:06 +0100

/usr/bin/uname -p = unknown
/bin/uname -X     = unknown

/bin/arch              = x86_64
/usr/bin/arch -k       = unknown
/usr/convex/getsysinfo = unknown
/usr/bin/hostinfo      = unknown
/bin/machine           = unknown
/usr/bin/oslevel       = unknown
/bin/universe          = unknown

PATH: /xfs/toolchains/toolchain-mips_r2_gcc-linaro_uClibc-0.9.32/bin
PATH: /sbin
PATH: /usr/sbin
PATH: /usr/local/sbin
PATH: /opt/kde3/sbin
PATH: /root/bin
PATH: /usr/local/bin
PATH: /usr/bin
PATH: /bin
PATH: /usr/bin/X11
PATH: /usr/X11R6/bin
PATH: /usr/games
PATH: /opt/kde3/bin
PATH: /usr/lib64/jvm/jre/bin
PATH: /usr/lib/mit/bin
PATH: /usr/lib/mit/sbin


## ----------- ##
## Core tests. ##
## ----------- ##

configure:2454: checking for a BSD-compatible install
configure:2522: result: /usr/bin/install -c
configure:2533: checking whether build environment is sane
configure:2583: result: yes
configure:2632: checking for mips-linux-strip
configure:2659: result: mips-linux-uclibc-strip
configure:2724: checking for a thread-safe mkdir -p
configure:2763: result: /bin/mkdir -p
configure:2776: checking for gawk
configure:2792: found /usr/bin/gawk
configure:2803: result: gawk
configure:2814: checking whether make sets $(MAKE)
configure:2836: result: yes
configure:2930: checking for mips-linux-gcc
configure:2957: result: mips-linux-uclibc-gcc
configure:3226: checking for C compiler version
configure:3235: mips-linux-uclibc-gcc --version >&5
mips-linux-uclibc-gcc (Linaro GCC 4.5-2011.02-0) 4.5.2
Copyright (C) 2010 Free Software Foundation, Inc.
This is free software; see the source for copying conditions.  There is NO
warranty; not even for MERCHANTABILITY or FITNESS FOR A PARTICULAR PURPOSE.

configure:3246: $? = 0
configure:3235: mips-linux-uclibc-gcc -v >&5
Using built-in specs.
COLLECT_GCC=mips-linux-uclibc-gcc
COLLECT_LTO_WRAPPER=/home/xfs/toolchains/toolchain-mips_r2_gcc-linaro_uClibc-0.9.32/bin/../libexec/gcc/mips-openwrt-linux-uclibc/4.5.2/lto-wrapper
Target: mips-openwrt-linux-uclibc
Configured with: /home/xfs/openwrt/trunk2/trunk/build_dir/toolchain-mips_r2_gcc-linaro_uClibc-0.9.32/gcc-linaro-4.5-2011.02-0/configure --prefix=/home/xfs/openwrt/trunk2/trunk/staging_dir/toolchain-mips_r2_gcc-linaro_uClibc-0.9.32 --build=x86_64-suse-linux --host=x86_64-suse-linux --target=mips-openwrt-linux-uclibc --with-gnu-ld --enable-target-optspace --disable-libgomp --disable-libmudflap --disable-multilib --disable-nls --with-float=soft --with-mips-plt --with-gmp=/home/xfs/openwrt/trunk2/trunk/staging_dir/host --with-mpfr=/home/xfs/openwrt/trunk2/trunk/staging_dir/host --disable-decimal-float --with-gmp=/home/xfs/openwrt/trunk2/trunk/staging_dir/host --with-mpc=/home/xfs/openwrt/trunk2/trunk/staging_dir/host --with-mpfr=/home/xfs/openwrt/trunk2/trunk/staging_dir/host --disable-decimal-float --disable-libssp --disable-__cxa_atexit --enable-languages=c,c++ --enable-shared --enable-threads --with-slibdir=/home/xfs/openwrt/trunk2/trunk/staging_dir/toolchain-mips_r2_gcc-linaro_uClibc-0.9.32/lib --enable-lto --with-libelf=/home/xfs/openwrt/trunk2/trunk/staging_dir/host --disable-tls
Thread model: posix
gcc version 4.5.2 (Linaro GCC 4.5-2011.02-0) 
configure:3246: $? = 0
configure:3235: mips-linux-uclibc-gcc -V >&5
mips-linux-uclibc-gcc: '-V' option must have argument
configure:3246: $? = 1
configure:3235: mips-linux-uclibc-gcc -qversion >&5
mips-linux-uclibc-gcc: unrecognized option '-qversion'
mips-linux-uclibc-gcc: no input files
configure:3246: $? = 1
configure:3268: checking for C compiler default output file name
configure:3290: mips-linux-uclibc-gcc -Os -pipe -mips32r2 -mtune=mips32r2 -funit-at-a-time -msoft-float -ffunction-sections -fdata-sections -Wl,--gc-sections   conftest.c  >&5
configure:3294: $? = 0
configure:3331: result: a.out
configure:3347: checking whether the C compiler works
configure:3356: ./a.out
./configure: line 3358: ./a.out: cannot execute binary file
configure:3360: $? = 126
configure:3375: result: yes
configure:3382: checking whether we are cross compiling
configure:3384: result: yes
configure:3387: checking for suffix of executables
configure:3394: mips-linux-uclibc-gcc -o conftest -Os -pipe -mips32r2 -mtune=mips32r2 -funit-at-a-time -msoft-float -ffunction-sections -fdata-sections -Wl,--gc-sections   conftest.c  >&5
configure:3398: $? = 0
configure:3420: result: 
configure:3426: checking for suffix of object files
configure:3448: mips-linux-uclibc-gcc -c -Os -pipe -mips32r2 -mtune=mips32r2 -funit-at-a-time -msoft-float -ffunction-sections -fdata-sections -Wl,--gc-sections  conftest.c >&5
configure:3452: $? = 0
configure:3473: result: o
configure:3477: checking whether we are using the GNU C compiler
configure:3496: mips-linux-uclibc-gcc -c -Os -pipe -mips32r2 -mtune=mips32r2 -funit-at-a-time -msoft-float -ffunction-sections -fdata-sections -Wl,--gc-sections  conftest.c >&5
configure:3496: $? = 0
configure:3505: result: yes
configure:3514: checking whether mips-linux-uclibc-gcc accepts -g
configure:3534: mips-linux-uclibc-gcc -c -g  conftest.c >&5
configure:3534: $? = 0
configure:3575: result: yes
configure:3592: checking for mips-linux-uclibc-gcc option to accept ISO C89
configure:3656: mips-linux-uclibc-gcc  -c -Os -pipe -mips32r2 -mtune=mips32r2 -funit-at-a-time -msoft-float -ffunction-sections -fdata-sections -Wl,--gc-sections  conftest.c >&5
configure:3656: $? = 0
configure:3669: result: none needed
configure:3700: checking for style of include used by make
configure:3728: result: GNU
configure:3753: checking dependency style of mips-linux-uclibc-gcc
configure:3863: result: gcc3
configure:3990: checking for C++ compiler version
configure:3999: mips-linux-uclibc-g++ --version >&5
mips-linux-uclibc-g++ (Linaro GCC 4.5-2011.02-0) 4.5.2
Copyright (C) 2010 Free Software Foundation, Inc.
This is free software; see the source for copying conditions.  There is NO
warranty; not even for MERCHANTABILITY or FITNESS FOR A PARTICULAR PURPOSE.

configure:4010: $? = 0
configure:3999: mips-linux-uclibc-g++ -v >&5
Using built-in specs.
COLLECT_GCC=mips-linux-uclibc-g++
COLLECT_LTO_WRAPPER=/home/xfs/toolchains/toolchain-mips_r2_gcc-linaro_uClibc-0.9.32/bin/../libexec/gcc/mips-openwrt-linux-uclibc/4.5.2/lto-wrapper
Target: mips-openwrt-linux-uclibc
Configured with: /home/xfs/openwrt/trunk2/trunk/build_dir/toolchain-mips_r2_gcc-linaro_uClibc-0.9.32/gcc-linaro-4.5-2011.02-0/configure --prefix=/home/xfs/openwrt/trunk2/trunk/staging_dir/toolchain-mips_r2_gcc-linaro_uClibc-0.9.32 --build=x86_64-suse-linux --host=x86_64-suse-linux --target=mips-openwrt-linux-uclibc --with-gnu-ld --enable-target-optspace --disable-libgomp --disable-libmudflap --disable-multilib --disable-nls --with-float=soft --with-mips-plt --with-gmp=/home/xfs/openwrt/trunk2/trunk/staging_dir/host --with-mpfr=/home/xfs/openwrt/trunk2/trunk/staging_dir/host --disable-decimal-float --with-gmp=/home/xfs/openwrt/trunk2/trunk/staging_dir/host --with-mpc=/home/xfs/openwrt/trunk2/trunk/staging_dir/host --with-mpfr=/home/xfs/openwrt/trunk2/trunk/staging_dir/host --disable-decimal-float --disable-libssp --disable-__cxa_atexit --enable-languages=c,c++ --enable-shared --enable-threads --with-slibdir=/home/xfs/openwrt/trunk2/trunk/staging_dir/toolchain-mips_r2_gcc-linaro_uClibc-0.9.32/lib --enable-lto --with-libelf=/home/xfs/openwrt/trunk2/trunk/staging_dir/host --disable-tls
Thread model: posix
gcc version 4.5.2 (Linaro GCC 4.5-2011.02-0) 
configure:4010: $? = 0
configure:3999: mips-linux-uclibc-g++ -V >&5
mips-linux-uclibc-g++: '-V' option must have argument
configure:4010: $? = 1
configure:3999: mips-linux-uclibc-g++ -qversion >&5
mips-linux-uclibc-g++: unrecognized option '-qversion'
mips-linux-uclibc-g++: no input files
configure:4010: $? = 1
configure:4014: checking whether we are using the GNU C++ compiler
configure:4033: mips-linux-uclibc-g++ -c   conftest.cpp >&5
configure:4033: $? = 0
configure:4042: result: yes
configure:4051: checking whether mips-linux-uclibc-g++ accepts -g
configure:4071: mips-linux-uclibc-g++ -c -g  conftest.cpp >&5
configure:4071: $? = 0
configure:4112: result: yes
configure:4137: checking dependency style of mips-linux-uclibc-g++
configure:4247: result: gcc3
configure:4291: checking build system type
configure:4305: result: x86_64-unknown-linux-gnu
configure:4325: checking host system type
configure:4338: result: mips-unknown-linux-gnu
configure:4358: checking for a sed that does not truncate output
configure:4422: result: /xfs/toolchains/toolchain-mips_r2_gcc-linaro_uClibc-0.9.32/bin/sed
configure:4440: checking for grep that handles long lines and -e
configure:4498: result: /usr/bin/grep
configure:4503: checking for egrep
configure:4565: result: /usr/bin/grep -E
configure:4570: checking for fgrep
configure:4632: result: /usr/bin/grep -F
configure:4667: checking for ld used by mips-linux-uclibc-gcc
configure:4734: result: mips-linux-uclibc-ld
configure:4741: checking if the linker (mips-linux-uclibc-ld) is GNU ld
configure:4756: result: yes
configure:4768: checking for BSD- or MS-compatible name lister (nm)
configure:4817: result: mips-linux-uclibc-nm
configure:4935: checking the name lister (mips-linux-uclibc-nm) interface
configure:4942: mips-linux-uclibc-gcc -c -Os -pipe -mips32r2 -mtune=mips32r2 -funit-at-a-time -msoft-float -ffunction-sections -fdata-sections -Wl,--gc-sections  conftest.c >&5
configure:4945: mips-linux-uclibc-nm "conftest.o"
configure:4948: output
00000000 B some_variable
configure:4955: result: BSD nm
configure:4958: checking whether ln -s works
configure:4962: result: yes
configure:4970: checking the maximum length of command line arguments
configure:5090: result: 3458764513820540925
configure:5107: checking whether the shell understands some XSI constructs
configure:5117: result: yes
configure:5121: checking whether the shell understands "+="
configure:5127: result: yes
configure:5162: checking for mips-linux-uclibc-ld option to reload object files
configure:5169: result: -r
configure:5198: checking for mips-linux-objdump
configure:5214: found /xfs/toolchains/toolchain-mips_r2_gcc-linaro_uClibc-0.9.32/bin/mips-linux-objdump
configure:5225: result: mips-linux-objdump
configure:5297: checking how to recognize dependent libraries
configure:5493: result: pass_all
configure:5513: checking for mips-linux-ar
configure:5540: result: mips-linux-uclibc-ar
configure:5618: checking for mips-linux-strip
configure:5645: result: mips-linux-uclibc-strip
configure:5717: checking for mips-linux-ranlib
configure:5744: result: mips-linux-uclibc-ranlib
configure:5874: checking command to parse mips-linux-uclibc-nm output from mips-linux-uclibc-gcc object
configure:5992: mips-linux-uclibc-gcc -c -Os -pipe -mips32r2 -mtune=mips32r2 -funit-at-a-time -msoft-float -ffunction-sections -fdata-sections -Wl,--gc-sections  conftest.c >&5
configure:5995: $? = 0
configure:5999: mips-linux-uclibc-nm conftest.o \| sed -n -e 's/^.*[	 ]\([ABCDGIRSTW][ABCDGIRSTW]*\)[	 ][	 ]*\([_A-Za-z][_A-Za-z0-9]*\)$/\1 \2 \2/p' \> conftest.nm
configure:6002: $? = 0
configure:6056: mips-linux-uclibc-gcc -o conftest -Os -pipe -mips32r2 -mtune=mips32r2 -funit-at-a-time -msoft-float -ffunction-sections -fdata-sections -Wl,--gc-sections   conftest.c conftstm.o >&5
configure:6059: $? = 0
configure:6097: result: ok
configure:6906: checking how to run the C preprocessor
configure:6937: mips-linux-uclibc-gcc -E  conftest.c
configure:6937: $? = 0
configure:6951: mips-linux-uclibc-gcc -E  conftest.c
conftest.c:11:28: fatal error: ac_nonexistent.h: No such file or directory
compilation terminated.
configure:6951: $? = 1
configure: failed program was:
| /* confdefs.h */
| #define PACKAGE_NAME "jansson"
| #define PACKAGE_TARNAME "jansson"
| #define PACKAGE_VERSION "1.3"
| #define PACKAGE_STRING "jansson 1.3"
| #define PACKAGE_BUGREPORT "petri@digip.org"
| #define PACKAGE_URL ""
| #define PACKAGE "jansson"
| #define VERSION "1.3"
| /* end confdefs.h.  */
| #include <ac_nonexistent.h>
configure:6976: result: mips-linux-uclibc-gcc -E
configure:6996: mips-linux-uclibc-gcc -E  conftest.c
configure:6996: $? = 0
configure:7010: mips-linux-uclibc-gcc -E  conftest.c
conftest.c:11:28: fatal error: ac_nonexistent.h: No such file or directory
compilation terminated.
configure:7010: $? = 1
configure: failed program was:
| /* confdefs.h */
| #define PACKAGE_NAME "jansson"
| #define PACKAGE_TARNAME "jansson"
| #define PACKAGE_VERSION "1.3"
| #define PACKAGE_STRING "jansson 1.3"
| #define PACKAGE_BUGREPORT "petri@digip.org"
| #define PACKAGE_URL ""
| #define PACKAGE "jansson"
| #define VERSION "1.3"
| /* end confdefs.h.  */
| #include <ac_nonexistent.h>
configure:7039: checking for ANSI C header files
configure:7059: mips-linux-uclibc-gcc -c -Os -pipe -mips32r2 -mtune=mips32r2 -funit-at-a-time -msoft-float -ffunction-sections -fdata-sections -Wl,--gc-sections  conftest.c >&5
configure:7059: $? = 0
configure:7143: result: yes
configure:7156: checking for sys/types.h
configure:7156: mips-linux-uclibc-gcc -c -Os -pipe -mips32r2 -mtune=mips32r2 -funit-at-a-time -msoft-float -ffunction-sections -fdata-sections -Wl,--gc-sections  conftest.c >&5
configure:7156: $? = 0
configure:7156: result: yes
configure:7156: checking for sys/stat.h
configure:7156: mips-linux-uclibc-gcc -c -Os -pipe -mips32r2 -mtune=mips32r2 -funit-at-a-time -msoft-float -ffunction-sections -fdata-sections -Wl,--gc-sections  conftest.c >&5
configure:7156: $? = 0
configure:7156: result: yes
configure:7156: checking for stdlib.h
configure:7156: mips-linux-uclibc-gcc -c -Os -pipe -mips32r2 -mtune=mips32r2 -funit-at-a-time -msoft-float -ffunction-sections -fdata-sections -Wl,--gc-sections  conftest.c >&5
configure:7156: $? = 0
configure:7156: result: yes
configure:7156: checking for string.h
configure:7156: mips-linux-uclibc-gcc -c -Os -pipe -mips32r2 -mtune=mips32r2 -funit-at-a-time -msoft-float -ffunction-sections -fdata-sections -Wl,--gc-sections  conftest.c >&5
configure:7156: $? = 0
configure:7156: result: yes
configure:7156: checking for memory.h
configure:7156: mips-linux-uclibc-gcc -c -Os -pipe -mips32r2 -mtune=mips32r2 -funit-at-a-time -msoft-float -ffunction-sections -fdata-sections -Wl,--gc-sections  conftest.c >&5
configure:7156: $? = 0
configure:7156: result: yes
configure:7156: checking for strings.h
configure:7156: mips-linux-uclibc-gcc -c -Os -pipe -mips32r2 -mtune=mips32r2 -funit-at-a-time -msoft-float -ffunction-sections -fdata-sections -Wl,--gc-sections  conftest.c >&5
configure:7156: $? = 0
configure:7156: result: yes
configure:7156: checking for inttypes.h
configure:7156: mips-linux-uclibc-gcc -c -Os -pipe -mips32r2 -mtune=mips32r2 -funit-at-a-time -msoft-float -ffunction-sections -fdata-sections -Wl,--gc-sections  conftest.c >&5
configure:7156: $? = 0
configure:7156: result: yes
configure:7156: checking for stdint.h
configure:7156: mips-linux-uclibc-gcc -c -Os -pipe -mips32r2 -mtune=mips32r2 -funit-at-a-time -msoft-float -ffunction-sections -fdata-sections -Wl,--gc-sections  conftest.c >&5
configure:7156: $? = 0
configure:7156: result: yes
configure:7156: checking for unistd.h
configure:7156: mips-linux-uclibc-gcc -c -Os -pipe -mips32r2 -mtune=mips32r2 -funit-at-a-time -msoft-float -ffunction-sections -fdata-sections -Wl,--gc-sections  conftest.c >&5
configure:7156: $? = 0
configure:7156: result: yes
configure:7171: checking for dlfcn.h
configure:7171: mips-linux-uclibc-gcc -c -Os -pipe -mips32r2 -mtune=mips32r2 -funit-at-a-time -msoft-float -ffunction-sections -fdata-sections -Wl,--gc-sections  conftest.c >&5
configure:7171: $? = 0
configure:7171: result: yes
configure:7296: checking for C++ compiler version
configure:7305: mips-linux-uclibc-g++ --version >&5
mips-linux-uclibc-g++ (Linaro GCC 4.5-2011.02-0) 4.5.2
Copyright (C) 2010 Free Software Foundation, Inc.
This is free software; see the source for copying conditions.  There is NO
warranty; not even for MERCHANTABILITY or FITNESS FOR A PARTICULAR PURPOSE.

configure:7316: $? = 0
configure:7305: mips-linux-uclibc-g++ -v >&5
Using built-in specs.
COLLECT_GCC=mips-linux-uclibc-g++
COLLECT_LTO_WRAPPER=/home/xfs/toolchains/toolchain-mips_r2_gcc-linaro_uClibc-0.9.32/bin/../libexec/gcc/mips-openwrt-linux-uclibc/4.5.2/lto-wrapper
Target: mips-openwrt-linux-uclibc
Configured with: /home/xfs/openwrt/trunk2/trunk/build_dir/toolchain-mips_r2_gcc-linaro_uClibc-0.9.32/gcc-linaro-4.5-2011.02-0/configure --prefix=/home/xfs/openwrt/trunk2/trunk/staging_dir/toolchain-mips_r2_gcc-linaro_uClibc-0.9.32 --build=x86_64-suse-linux --host=x86_64-suse-linux --target=mips-openwrt-linux-uclibc --with-gnu-ld --enable-target-optspace --disable-libgomp --disable-libmudflap --disable-multilib --disable-nls --with-float=soft --with-mips-plt --with-gmp=/home/xfs/openwrt/trunk2/trunk/staging_dir/host --with-mpfr=/home/xfs/openwrt/trunk2/trunk/staging_dir/host --disable-decimal-float --with-gmp=/home/xfs/openwrt/trunk2/trunk/staging_dir/host --with-mpc=/home/xfs/openwrt/trunk2/trunk/staging_dir/host --with-mpfr=/home/xfs/openwrt/trunk2/trunk/staging_dir/host --disable-decimal-float --disable-libssp --disable-__cxa_atexit --enable-languages=c,c++ --enable-shared --enable-threads --with-slibdir=/home/xfs/openwrt/trunk2/trunk/staging_dir/toolchain-mips_r2_gcc-linaro_uClibc-0.9.32/lib --enable-lto --with-libelf=/home/xfs/openwrt/trunk2/trunk/staging_dir/host --disable-tls
Thread model: posix
gcc version 4.5.2 (Linaro GCC 4.5-2011.02-0) 
configure:7316: $? = 0
configure:7305: mips-linux-uclibc-g++ -V >&5
mips-linux-uclibc-g++: '-V' option must have argument
configure:7316: $? = 1
configure:7305: mips-linux-uclibc-g++ -qversion >&5
mips-linux-uclibc-g++: unrecognized option '-qversion'
mips-linux-uclibc-g++: no input files
configure:7316: $? = 1
configure:7320: checking whether we are using the GNU C++ compiler
configure:7348: result: yes
configure:7357: checking whether mips-linux-uclibc-g++ accepts -g
configure:7418: result: yes
configure:7443: checking dependency style of mips-linux-uclibc-g++
configure:7553: result: gcc3
configure:7576: checking how to run the C++ preprocessor
configure:7603: mips-linux-uclibc-g++ -E  conftest.cpp
configure:7603: $? = 0
configure:7617: mips-linux-uclibc-g++ -E  conftest.cpp
conftest.cpp:22:28: fatal error: ac_nonexistent.h: No such file or directory
compilation terminated.
configure:7617: $? = 1
configure: failed program was:
| /* confdefs.h */
| #define PACKAGE_NAME "jansson"
| #define PACKAGE_TARNAME "jansson"
| #define PACKAGE_VERSION "1.3"
| #define PACKAGE_STRING "jansson 1.3"
| #define PACKAGE_BUGREPORT "petri@digip.org"
| #define PACKAGE_URL ""
| #define PACKAGE "jansson"
| #define VERSION "1.3"
| #define STDC_HEADERS 1
| #define HAVE_SYS_TYPES_H 1
| #define HAVE_SYS_STAT_H 1
| #define HAVE_STDLIB_H 1
| #define HAVE_STRING_H 1
| #define HAVE_MEMORY_H 1
| #define HAVE_STRINGS_H 1
| #define HAVE_INTTYPES_H 1
| #define HAVE_STDINT_H 1
| #define HAVE_UNISTD_H 1
| #define HAVE_DLFCN_H 1
| /* end confdefs.h.  */
| #include <ac_nonexistent.h>
configure:7642: result: mips-linux-uclibc-g++ -E
configure:7662: mips-linux-uclibc-g++ -E  conftest.cpp
configure:7662: $? = 0
configure:7676: mips-linux-uclibc-g++ -E  conftest.cpp
conftest.cpp:22:28: fatal error: ac_nonexistent.h: No such file or directory
compilation terminated.
configure:7676: $? = 1
configure: failed program was:
| /* confdefs.h */
| #define PACKAGE_NAME "jansson"
| #define PACKAGE_TARNAME "jansson"
| #define PACKAGE_VERSION "1.3"
| #define PACKAGE_STRING "jansson 1.3"
| #define PACKAGE_BUGREPORT "petri@digip.org"
| #define PACKAGE_URL ""
| #define PACKAGE "jansson"
| #define VERSION "1.3"
| #define STDC_HEADERS 1
| #define HAVE_SYS_TYPES_H 1
| #define HAVE_SYS_STAT_H 1
| #define HAVE_STDLIB_H 1
| #define HAVE_STRING_H 1
| #define HAVE_MEMORY_H 1
| #define HAVE_STRINGS_H 1
| #define HAVE_INTTYPES_H 1
| #define HAVE_STDINT_H 1
| #define HAVE_UNISTD_H 1
| #define HAVE_DLFCN_H 1
| /* end confdefs.h.  */
| #include <ac_nonexistent.h>
configure:7882: checking for objdir
configure:7897: result: .libs
configure:8189: checking if mips-linux-uclibc-gcc supports -fno-rtti -fno-exceptions
configure:8207: mips-linux-uclibc-gcc -c -Os -pipe -mips32r2 -mtune=mips32r2 -funit-at-a-time -msoft-float -ffunction-sections -fdata-sections -Wl,--gc-sections  -fno-rtti -fno-exceptions conftest.c >&5
cc1: warning: command line option "-fno-rtti" is valid for C++/ObjC++ but not for C
configure:8211: $? = 0
configure:8224: result: no
configure:8244: checking for mips-linux-uclibc-gcc option to produce PIC
configure:8516: result: -fPIC -DPIC
configure:8528: checking if mips-linux-uclibc-gcc PIC flag -fPIC -DPIC works
configure:8546: mips-linux-uclibc-gcc -c -Os -pipe -mips32r2 -mtune=mips32r2 -funit-at-a-time -msoft-float -ffunction-sections -fdata-sections -Wl,--gc-sections  -fPIC -DPIC -DPIC conftest.c >&5
configure:8550: $? = 0
configure:8563: result: yes
configure:8587: checking if mips-linux-uclibc-gcc static flag -static works
configure:8615: result: yes
configure:8630: checking if mips-linux-uclibc-gcc supports -c -o file.o
configure:8651: mips-linux-uclibc-gcc -c -Os -pipe -mips32r2 -mtune=mips32r2 -funit-at-a-time -msoft-float -ffunction-sections -fdata-sections -Wl,--gc-sections  -o out/conftest2.o conftest.c >&5
configure:8655: $? = 0
configure:8677: result: yes
configure:8685: checking if mips-linux-uclibc-gcc supports -c -o file.o
configure:8732: result: yes
configure:8765: checking whether the mips-linux-uclibc-gcc linker (mips-linux-uclibc-ld) supports shared libraries
configure:9755: result: yes
configure:9792: checking whether -lc should be explicitly linked in
configure:9797: mips-linux-uclibc-gcc -c -Os -pipe -mips32r2 -mtune=mips32r2 -funit-at-a-time -msoft-float -ffunction-sections -fdata-sections -Wl,--gc-sections  conftest.c >&5
configure:9800: $? = 0
configure:9815: mips-linux-uclibc-gcc -shared conftest.o  -v -Wl,-soname -Wl,conftest -o conftest 2\>\&1 \| /usr/bin/grep  -lc  \>/dev/null 2\>\&1
configure:9818: $? = 0
configure:9830: result: no
configure:9994: checking dynamic linker characteristics
configure:10427: mips-linux-uclibc-gcc -o conftest -Os -pipe -mips32r2 -mtune=mips32r2 -funit-at-a-time -msoft-float -ffunction-sections -fdata-sections -Wl,--gc-sections   -Wl,-rpath -Wl,/foo conftest.c  >&5
configure:10427: $? = 0
configure:10657: result: GNU/Linux ld.so
configure:10759: checking how to hardcode library paths into programs
configure:10784: result: immediate
configure:11304: checking whether stripping libraries is possible
configure:11309: result: yes
configure:11344: checking if libtool supports shared libraries
configure:11346: result: yes
configure:11349: checking whether to build shared libraries
configure:11370: result: yes
configure:11373: checking whether to build static libraries
configure:11377: result: yes
configure:11527: checking for ld used by mips-linux-uclibc-g++
configure:11594: result: mips-linux-uclibc-ld
configure:11601: checking if the linker (mips-linux-uclibc-ld) is GNU ld
configure:11616: result: yes
configure:11671: checking whether the mips-linux-uclibc-g++ linker (mips-linux-uclibc-ld) supports shared libraries
configure:12584: result: yes
configure:12612: mips-linux-uclibc-g++ -c -g -O2  conftest.cpp >&5
configure:12615: $? = 0
configure:12797: checking for mips-linux-uclibc-g++ option to produce PIC
configure:13114: result: -fPIC -DPIC
configure:13123: checking if mips-linux-uclibc-g++ PIC flag -fPIC -DPIC works
configure:13141: mips-linux-uclibc-g++ -c -g -O2  -fPIC -DPIC -DPIC conftest.cpp >&5
configure:13145: $? = 0
configure:13158: result: yes
configure:13179: checking if mips-linux-uclibc-g++ static flag -static works
configure:13207: result: yes
configure:13219: checking if mips-linux-uclibc-g++ supports -c -o file.o
configure:13240: mips-linux-uclibc-g++ -c -g -O2  -o out/conftest2.o conftest.cpp >&5
configure:13244: $? = 0
configure:13266: result: yes
configure:13271: checking if mips-linux-uclibc-g++ supports -c -o file.o
configure:13318: result: yes
configure:13348: checking whether the mips-linux-uclibc-g++ linker (mips-linux-uclibc-ld) supports shared libraries
configure:13377: result: yes
configure:13514: checking dynamic linker characteristics
configure:13895: mips-linux-uclibc-g++ -o conftest -g -O2   -Wl,-rpath -Wl,/foo conftest.cpp  >&5
configure:13895: $? = 0
configure:14125: result: GNU/Linux ld.so
configure:14176: checking how to hardcode library paths into programs
configure:14201: result: immediate
configure:14265: checking for int32_t
configure:14265: mips-linux-uclibc-gcc -c -Os -pipe -mips32r2 -mtune=mips32r2 -funit-at-a-time -msoft-float -ffunction-sections -fdata-sections -Wl,--gc-sections  conftest.c >&5
configure:14265: $? = 0
configure:14265: mips-linux-uclibc-gcc -c -Os -pipe -mips32r2 -mtune=mips32r2 -funit-at-a-time -msoft-float -ffunction-sections -fdata-sections -Wl,--gc-sections  conftest.c >&5
conftest.c: In function 'main':
conftest.c:60:53: warning: integer overflow in expression
conftest.c:59:12: error: size of array 'test_array' is negative
conftest.c:59:12: error: storage size of 'test_array' isn't constant
configure:14265: $? = 1
configure: failed program was:
| /* confdefs.h */
| #define PACKAGE_NAME "jansson"
| #define PACKAGE_TARNAME "jansson"
| #define PACKAGE_VERSION "1.3"
| #define PACKAGE_STRING "jansson 1.3"
| #define PACKAGE_BUGREPORT "petri@digip.org"
| #define PACKAGE_URL ""
| #define PACKAGE "jansson"
| #define VERSION "1.3"
| #define STDC_HEADERS 1
| #define HAVE_SYS_TYPES_H 1
| #define HAVE_SYS_STAT_H 1
| #define HAVE_STDLIB_H 1
| #define HAVE_STRING_H 1
| #define HAVE_MEMORY_H 1
| #define HAVE_STRINGS_H 1
| #define HAVE_INTTYPES_H 1
| #define HAVE_STDINT_H 1
| #define HAVE_UNISTD_H 1
| #define HAVE_DLFCN_H 1
| #define LT_OBJDIR ".libs/"
| /* end confdefs.h.  */
| #include <stdio.h>
| #ifdef HAVE_SYS_TYPES_H
| # include <sys/types.h>
| #endif
| #ifdef HAVE_SYS_STAT_H
| # include <sys/stat.h>
| #endif
| #ifdef STDC_HEADERS
| # include <stdlib.h>
| # include <stddef.h>
| #else
| # ifdef HAVE_STDLIB_H
| #  include <stdlib.h>
| # endif
| #endif
| #ifdef HAVE_STRING_H
| # if !defined STDC_HEADERS && defined HAVE_MEMORY_H
| #  include <memory.h>
| # endif
| # include <string.h>
| #endif
| #ifdef HAVE_STRINGS_H
| # include <strings.h>
| #endif
| #ifdef HAVE_INTTYPES_H
| # include <inttypes.h>
| #endif
| #ifdef HAVE_STDINT_H
| # include <stdint.h>
| #endif
| #ifdef HAVE_UNISTD_H
| # include <unistd.h>
| #endif
| int
| main ()
| {
| static int test_array [1 - 2 * !((int32_t) ((((int32_t) 1 << (32 - 2)) - 1) * 2 + 1)
| 		 < (int32_t) ((((int32_t) 1 << (32 - 2)) - 1) * 2 + 2))];
| test_array [0] = 0
| 
|   ;
|   return 0;
| }
configure:14265: result: yes
configure:14277: checking for inline
configure:14293: mips-linux-uclibc-gcc -c -Os -pipe -mips32r2 -mtune=mips32r2 -funit-at-a-time -msoft-float -ffunction-sections -fdata-sections -Wl,--gc-sections  conftest.c >&5
configure:14293: $? = 0
configure:14301: result: inline
configure:14456: creating ./config.status

## ---------------------- ##
## Running config.status. ##
## ---------------------- ##

This file was extended by jansson config.status 1.3, which was
generated by GNU Autoconf 2.64.  Invocation command line was

  CONFIG_FILES    = 
  CONFIG_HEADERS  = 
  CONFIG_LINKS    = 
  CONFIG_COMMANDS = 
  $ ./config.status 

on dd-wrt

config.status:1129: creating jansson.pc
config.status:1129: creating Makefile
config.status:1129: creating doc/Makefile
config.status:1129: creating src/Makefile
config.status:1129: creating src/jansson.h
config.status:1129: creating test/Makefile
config.status:1129: creating test/bin/Makefile
config.status:1129: creating test/suites/Makefile
config.status:1129: creating test/suites/api/Makefile
config.status:1129: creating config.h
config.status:1301: config.h is unchanged
config.status:1349: executing depfiles commands
config.status:1349: executing libtool commands

## ---------------- ##
## Cache variables. ##
## ---------------- ##

ac_cv_build=x86_64-unknown-linux-gnu
ac_cv_c_compiler_gnu=yes
ac_cv_c_inline=inline
ac_cv_c_int32_t=yes
ac_cv_cxx_compiler_gnu=yes
ac_cv_env_CCC_set=
ac_cv_env_CCC_value=
ac_cv_env_CC_set=set
ac_cv_env_CC_value=mips-linux-uclibc-gcc
ac_cv_env_CFLAGS_set=set
ac_cv_env_CFLAGS_value='-Os -pipe -mips32r2 -mtune=mips32r2 -funit-at-a-time -msoft-float -ffunction-sections -fdata-sections -Wl,--gc-sections'
ac_cv_env_CPPFLAGS_set=
ac_cv_env_CPPFLAGS_value=
ac_cv_env_CPP_set=
ac_cv_env_CPP_value=
ac_cv_env_CXXCPP_set=
ac_cv_env_CXXCPP_value=
ac_cv_env_CXXFLAGS_set=
ac_cv_env_CXXFLAGS_value=
ac_cv_env_CXX_set=set
ac_cv_env_CXX_value=mips-linux-uclibc-g++
ac_cv_env_LDFLAGS_set=
ac_cv_env_LDFLAGS_value=
ac_cv_env_LIBS_set=
ac_cv_env_LIBS_value=
ac_cv_env_build_alias_set=
ac_cv_env_build_alias_value=
ac_cv_env_host_alias_set=set
ac_cv_env_host_alias_value=mips-linux
ac_cv_env_target_alias_set=
ac_cv_env_target_alias_value=
ac_cv_func_mmap_fixed_mapped='yes '
ac_cv_func_posix_getgrgid_r=no
ac_cv_func_posix_getpwuid_r=no
ac_cv_header_dlfcn_h=yes
ac_cv_header_inttypes_h=yes
ac_cv_header_memory_h=yes
ac_cv_header_stdc=yes
ac_cv_header_stdint_h=yes
ac_cv_header_stdlib_h=yes
ac_cv_header_string_h=yes
ac_cv_header_strings_h=yes
ac_cv_header_sys_stat_h=yes
ac_cv_header_sys_types_h=yes
ac_cv_header_unistd_h=yes
ac_cv_host=mips-unknown-linux-gnu
ac_cv_objext=o
ac_cv_path_EGREP='/usr/bin/grep -E'
ac_cv_path_FGREP='/usr/bin/grep -F'
ac_cv_path_GLIB_GENMARSHAL='/bin/glib-genmarshal '
ac_cv_path_GREP=/usr/bin/grep
ac_cv_path_SED=/xfs/toolchains/toolchain-mips_r2_gcc-linaro_uClibc-0.9.32/bin/sed
ac_cv_path_install='/usr/bin/install -c'
ac_cv_path_mkdir=/bin/mkdir
ac_cv_prog_AR=mips-linux-uclibc-ar
ac_cv_prog_AWK=gawk
ac_cv_prog_CC=mips-linux-uclibc-gcc
ac_cv_prog_CPP='mips-linux-uclibc-gcc -E'
ac_cv_prog_CXXCPP='mips-linux-uclibc-g++ -E'
ac_cv_prog_OBJDUMP=mips-linux-objdump
ac_cv_prog_RANLIB=mips-linux-uclibc-ranlib
ac_cv_prog_STRIP=mips-linux-uclibc-strip
ac_cv_prog_cc_c89=
ac_cv_prog_cc_g=yes
ac_cv_prog_cxx_g=yes
ac_cv_prog_make_make_set=yes
am_cv_CC_dependencies_compiler_type=gcc3
am_cv_CXX_dependencies_compiler_type=gcc3
glib_cv_stack_grows='no '
glib_cv_uscore='no '
lt_cv_deplibs_check_method=pass_all
lt_cv_file_magic_cmd='$MAGIC_CMD'
lt_cv_file_magic_test_file=
lt_cv_ld_reload_flag=-r
lt_cv_nm_interface='BSD nm'
lt_cv_objdir=.libs
lt_cv_path_LD=mips-linux-uclibc-ld
lt_cv_path_LDCXX=mips-linux-uclibc-ld
lt_cv_path_NM=mips-linux-uclibc-nm
lt_cv_prog_compiler_c_o=yes
lt_cv_prog_compiler_c_o_CXX=yes
lt_cv_prog_compiler_pic_works=yes
lt_cv_prog_compiler_pic_works_CXX=yes
lt_cv_prog_compiler_rtti_exceptions=no
lt_cv_prog_compiler_static_works=yes
lt_cv_prog_compiler_static_works_CXX=yes
lt_cv_prog_gnu_ld=yes
lt_cv_prog_gnu_ldcxx=yes
lt_cv_sys_global_symbol_pipe='sed -n -e '\''s/^.*[	 ]\([ABCDGIRSTW][ABCDGIRSTW]*\)[	 ][	 ]*\([_A-Za-z][_A-Za-z0-9]*\)$/\1 \2 \2/p'\'''
lt_cv_sys_global_symbol_to_c_name_address='sed -n -e '\''s/^: \([^ ]*\) $/  {\"\1\", (void *) 0},/p'\'' -e '\''s/^[ABCDGIRSTW]* \([^ ]*\) \([^ ]*\)$/  {"\2", (void *) \&\2},/p'\'''
lt_cv_sys_global_symbol_to_c_name_address_lib_prefix='sed -n -e '\''s/^: \([^ ]*\) $/  {\"\1\", (void *) 0},/p'\'' -e '\''s/^[ABCDGIRSTW]* \([^ ]*\) \(lib[^ ]*\)$/  {"\2", (void *) \&\2},/p'\'' -e '\''s/^[ABCDGIRSTW]* \([^ ]*\) \([^ ]*\)$/  {"lib\2", (void *) \&\2},/p'\'''
lt_cv_sys_global_symbol_to_cdecl='sed -n -e '\''s/^T .* \(.*\)$/extern int \1();/p'\'' -e '\''s/^[ABCDGIRSTW]* .* \(.*\)$/extern char \1;/p'\'''
lt_cv_sys_max_cmd_len=3458764513820540925

## ----------------- ##
## Output variables. ##
## ----------------- ##

ACLOCAL='${SHELL} /home/seg/peter/pb42/src/router/jansson/missing --run aclocal-1.11'
AMDEPBACKSLASH='\'
AMDEP_FALSE='#'
AMDEP_TRUE=''
AMTAR='${SHELL} /home/seg/peter/pb42/src/router/jansson/missing --run tar'
AR='mips-linux-uclibc-ar'
AUTOCONF='${SHELL} /home/seg/peter/pb42/src/router/jansson/missing --run autoconf'
AUTOHEADER='${SHELL} /home/seg/peter/pb42/src/router/jansson/missing --run autoheader'
AUTOMAKE='${SHELL} /home/seg/peter/pb42/src/router/jansson/missing --run automake-1.11'
AWK='gawk'
CC='mips-linux-uclibc-gcc'
CCDEPMODE='depmode=gcc3'
CFLAGS='-Os -pipe -mips32r2 -mtune=mips32r2 -funit-at-a-time -msoft-float -ffunction-sections -fdata-sections -Wl,--gc-sections'
CPP='mips-linux-uclibc-gcc -E'
CPPFLAGS=''
CXX='mips-linux-uclibc-g++'
CXXCPP='mips-linux-uclibc-g++ -E'
CXXDEPMODE='depmode=gcc3'
CXXFLAGS='-g -O2'
CYGPATH_W='echo'
DEFS='-DHAVE_CONFIG_H'
DEPDIR='.deps'
DSYMUTIL=''
DUMPBIN=''
ECHO_C=''
ECHO_N='-n'
ECHO_T=''
EGREP='/usr/bin/grep -E'
EXEEXT=''
FGREP='/usr/bin/grep -F'
GREP='/usr/bin/grep'
INSTALL_DATA='${INSTALL} -m 644'
INSTALL_PROGRAM='${INSTALL}'
INSTALL_SCRIPT='${INSTALL}'
INSTALL_STRIP_PROGRAM='$(install_sh) -c -s'
LD='mips-linux-uclibc-ld'
LDFLAGS=''
LIBOBJS=''
LIBS=''
LIBTOOL='$(SHELL) $(top_builddir)/libtool'
LIPO=''
LN_S='ln -s'
LTLIBOBJS=''
MAKEINFO='${SHELL} /home/seg/peter/pb42/src/router/jansson/missing --run makeinfo'
MKDIR_P='/bin/mkdir -p'
NM='mips-linux-uclibc-nm'
NMEDIT=''
OBJDUMP='mips-linux-objdump'
OBJEXT='o'
OTOOL64=''
OTOOL=''
PACKAGE='jansson'
PACKAGE_BUGREPORT='petri@digip.org'
PACKAGE_NAME='jansson'
PACKAGE_STRING='jansson 1.3'
PACKAGE_TARNAME='jansson'
PACKAGE_URL=''
PACKAGE_VERSION='1.3'
PATH_SEPARATOR=':'
RANLIB='mips-linux-uclibc-ranlib'
SED='/xfs/toolchains/toolchain-mips_r2_gcc-linaro_uClibc-0.9.32/bin/sed'
SET_MAKE=''
SHELL='/bin/sh'
STRIP='mips-linux-uclibc-strip'
VERSION='1.3'
ac_ct_CC=''
ac_ct_CXX=''
ac_ct_DUMPBIN=''
am__EXEEXT_FALSE=''
am__EXEEXT_TRUE='#'
am__fastdepCC_FALSE='#'
am__fastdepCC_TRUE=''
am__fastdepCXX_FALSE='#'
am__fastdepCXX_TRUE=''
am__include='include'
am__isrc=''
am__leading_dot='.'
am__quote=''
am__tar='${AMTAR} chof - "$$tardir"'
am__untar='${AMTAR} xf -'
bindir='${exec_prefix}/bin'
build='x86_64-unknown-linux-gnu'
build_alias=''
build_cpu='x86_64'
build_os='linux-gnu'
build_vendor='unknown'
datadir='${datarootdir}'
datarootdir='${prefix}/share'
docdir='${datarootdir}/doc/${PACKAGE_TARNAME}'
dvidir='${docdir}'
exec_prefix='${prefix}'
host='mips-unknown-linux-gnu'
host_alias='mips-linux'
host_cpu='mips'
host_os='linux-gnu'
host_vendor='unknown'
htmldir='${docdir}'
includedir='${prefix}/include'
infodir='${datarootdir}/info'
install_sh='${SHELL} /home/seg/peter/pb42/src/router/jansson/install-sh'
json_inline='inline'
libdir='${exec_prefix}/lib'
libexecdir='${exec_prefix}/libexec'
localedir='${datarootdir}/locale'
localstatedir='${prefix}/var'
lt_ECHO='echo'
mandir='${datarootdir}/man'
mkdir_p='/bin/mkdir -p'
oldincludedir='/usr/include'
pdfdir='${docdir}'
prefix='/usr/local'
program_transform_name='s,x,x,'
psdir='${docdir}'
sbindir='${exec_prefix}/sbin'
sharedstatedir='${prefix}/com'
sysconfdir='${prefix}/etc'
target_alias=''

## ----------- ##
## confdefs.h. ##
## ----------- ##

/* confdefs.h */
#define PACKAGE_NAME "jansson"
#define PACKAGE_TARNAME "jansson"
#define PACKAGE_VERSION "1.3"
#define PACKAGE_STRING "jansson 1.3"
#define PACKAGE_BUGREPORT "petri@digip.org"
#define PACKAGE_URL ""
#define PACKAGE "jansson"
#define VERSION "1.3"
#define STDC_HEADERS 1
#define HAVE_SYS_TYPES_H 1
#define HAVE_SYS_STAT_H 1
#define HAVE_STDLIB_H 1
#define HAVE_STRING_H 1
#define HAVE_MEMORY_H 1
#define HAVE_STRINGS_H 1
#define HAVE_INTTYPES_H 1
#define HAVE_STDINT_H 1
#define HAVE_UNISTD_H 1
#define HAVE_DLFCN_H 1
#define LT_OBJDIR ".libs/"

configure: exit 0
